[INFO -- 2018-10-12 14:01:56]
sending 5 signals using command: 'killall -2 fft_nn.out' after 22.7698910495s
[INFO -- 2018-10-12 14:01:56]
sending 5 signals using command: 'killall -2 fft_nn.out' after 23.4682466175s
[INFO -- 2018-10-12 14:01:58]
sending 5 signals using command: 'killall -2 fft_nn.out' after 24.8447296863s
[INFO -- 2018-10-12 14:01:58]
Starting GDB script
[INFO -- 2018-10-12 14:01:58]
initSignal:0.0
[INFO -- 2018-10-12 14:01:58]
endSignal:5.0
[INFO -- 2018-10-12 14:02:00]
sending 5 signals using command: 'killall -2 fft_nn.out' after 2.66816099454s
[INFO -- 2018-10-12 14:02:02]
sending 5 signals using command: 'killall -2 fft_nn.out' after 4.07997839302s
[INFO -- 2018-10-12 14:02:02]
sending 5 signals using command: 'killall -2 fft_nn.out' after 4.39045809069s
[INFO -- 2018-10-12 14:02:19]
Execution finished before waitTime
