[INFO -- 2018-10-10 07:25:15]
Starting flip_value script
version: 1.1
[INFO -- 2018-10-10 07:25:15]
Initialization strings:
[INFO -- 2018-10-10 07:25:15]
(1) file /tmp/fft_nn/fft_nn.out
[INFO -- 2018-10-10 07:25:15]
(2) set args 32768 /tmp/fft_nn/output_falha.data
[INFO -- 2018-10-10 07:25:15]
initSignal:0
[INFO -- 2018-10-10 07:25:15]
endSignal:5
[INFO -- 2018-10-10 07:25:15]
faultModel:0
[INFO -- 2018-10-10 07:25:16]
Backtrace BEGIN:
#0  __mpn_lshift () at ../sysdeps/x86_64/lshift.S:60
#1  0x00007ffff70144eb in __GI_____strtof_l_internal (nptr=<optimized out>, endptr=<optimized out>, group=<optimized out>, loc=<optimized out>) at strtod_l.c:1284
#2  0x00007ffff7011d60 in __GI___strtof_internal (nptr=<optimized out>, endptr=<optimized out>, group=<optimized out>) at strtod.c:54
#3  0x00007ffff702b948 in _IO_vfscanf_internal (s=s@entry=0x6062c0, format=<optimized out>, argptr=argptr@entry=0x7fffffffd408, errp=errp@entry=0x0) at vfscanf.c:2365
#4  0x00007ffff7032162 in __isoc99_fscanf (stream=0x6062c0, format=<optimized out>) at isoc99_fscanf.c:34
#5  0x00007ffff7bceae9 in fann_create_from_fd () from /usr/local/lib/libfann.so.2
#6  0x00007ffff7bcf608 in fann_create_from_file () from /usr/local/lib/libfann.so.2
#7  0x00000000004019b7 in radix2DitCooleyTykeyFft(int, int*, Complex*, Complex*) ()
#8  0x0000000000401631 in main ()

55	../sysdeps/x86_64/lshift.S: Arquivo ou diretório não encontrado.

Backtrace END
Memory content before bitflip:0x000x000x000x000x000x000x000x00
Fault Model: Single bit-flip
base address to flip value: 0x7fffffffcf00
address max offset: 8
Memory content after  bitflip:0x000x000x000x000x000x000x020x00
frame name: __GI_____strtof_l_internal
symbol name: exponent
symbol filename: strtod_l.c
symbol line: 486
value: 562949953421312
value address: 0x7fffffffcf00
Type: The type is an integer type.
Type sizeof: 8

[INFO -- 2018-10-10 07:25:16]
Fault Injection Successful after 1.2554423809051514s
[INFO -- 2018-10-10 07:25:35]
event type: exit
[INFO -- 2018-10-10 07:25:35]
exit code: 0
