[INFO -- 2018-10-11 13:47:40]
Starting flip_value script
version: 1.1
[INFO -- 2018-10-11 13:47:40]
Initialization strings:
[INFO -- 2018-10-11 13:47:40]
(1) file /tmp/fft_nn/fft_nn.out
[INFO -- 2018-10-11 13:47:40]
(2) set args 32768 /tmp/fft_nn/output_falha.data
[INFO -- 2018-10-11 13:47:40]
initSignal:0
[INFO -- 2018-10-11 13:47:40]
endSignal:5
[INFO -- 2018-10-11 13:47:40]
faultModel:0
[INFO -- 2018-10-11 13:47:41]
Backtrace BEGIN:
#0  str_to_mpn (str=str@entry=0x7fffffffd003 "5335960388183593750e+01", digcnt=digcnt@entry=18, n=n@entry=0x7fffffffcf20, nsize=nsize@entry=0x7fffffffcef0, exponent=exponent@entry=0x7fffffffcf00, decimal_len=decimal_len@entry=1, thousands=thousands@entry=0x0, decimal=<optimized out>) at strtod_l.c:385
#1  0x00007ffff7012c2b in __GI_____strtof_l_internal (nptr=<optimized out>, endptr=<optimized out>, group=<optimized out>, loc=<optimized out>) at strtod_l.c:1427
#2  0x00007ffff7011d60 in __GI___strtof_internal (nptr=<optimized out>, endptr=<optimized out>, group=<optimized out>) at strtod.c:54
#3  0x00007ffff702b948 in _IO_vfscanf_internal (s=s@entry=0x6062c0, format=<optimized out>, argptr=argptr@entry=0x7fffffffd408, errp=errp@entry=0x0) at vfscanf.c:2365
#4  0x00007ffff7032162 in __isoc99_fscanf (stream=0x6062c0, format=<optimized out>) at isoc99_fscanf.c:34
#5  0x00007ffff7bcf187 in fann_create_from_fd () from /usr/local/lib/libfann.so.2
#6  0x00007ffff7bcf608 in fann_create_from_file () from /usr/local/lib/libfann.so.2
#7  0x00000000004019b7 in radix2DitCooleyTykeyFft(int, int*, Complex*, Complex*) ()
#8  0x0000000000401631 in main ()

380	strtod_l.c: Arquivo ou diretório não encontrado.

Backtrace END
Memory content before bitflip:0x000x000x000x00
Fault Model: Single bit-flip
base address to flip value: 0x7fffffffd1d0
address max offset: 4
Memory content after  bitflip:0x000x000x000x20
frame name: _IO_vfscanf_internal
symbol name: flags
symbol filename: vfscanf.c
symbol line: 222
value: 536870912
value address: 0x7fffffffd1d0
Type: The type is an integer type.
Type sizeof: 4

[INFO -- 2018-10-11 13:47:41]
Fault Injection Successful after 1.5493485927581787s
[INFO -- 2018-10-11 13:48:00]
event type: exit
[INFO -- 2018-10-11 13:48:00]
exit code: 0
