[INFO -- 2018-10-06 15:22:38]
Starting flip_value script
version: 1.1
[INFO -- 2018-10-06 15:22:38]
Initialization strings:
[INFO -- 2018-10-06 15:22:38]
(1) file /tmp/fft_nn/fft_nn.out
[INFO -- 2018-10-06 15:22:38]
(2) set args 32768 /tmp/fft_nn/output_falha.data
[INFO -- 2018-10-06 15:22:38]
initSignal:10
[INFO -- 2018-10-06 15:22:38]
endSignal:15
[INFO -- 2018-10-06 15:22:38]
faultModel:3
[INFO -- 2018-10-06 15:22:50]
Backtrace BEGIN:
#0  __GI_____strtof_l_internal (nptr=0x7fffffffd4c0 "1.92774093151092529297e+00", endptr=0x7fffffffd6f0, group=<optimized out>, loc=0x7ffff7397060 <_nl_global_locale>) at strtod_l.c:572
#1  0x00007ffff7011d60 in __GI___strtof_internal (nptr=<optimized out>, endptr=<optimized out>, group=<optimized out>) at strtod.c:54
#2  0x00007ffff702b948 in _IO_vfscanf_internal (s=s@entry=0x6062c0, format=<optimized out>, argptr=argptr@entry=0x7fffffffd8c8, errp=errp@entry=0x0) at vfscanf.c:2365
#3  0x00007ffff7032162 in __isoc99_fscanf (stream=0x6062c0, format=<optimized out>) at isoc99_fscanf.c:34
#4  0x00007ffff7bcf187 in fann_create_from_fd () from /usr/local/lib/libfann.so.2
#5  0x00007ffff7bcf608 in fann_create_from_file () from /usr/local/lib/libfann.so.2
#6  0x00000000004019b7 in radix2DitCooleyTykeyFft(int, int*, Complex*, Complex*) ()
#7  0x0000000000401631 in main ()

567	strtod_l.c: Arquivo ou diretório não encontrado.

Backtrace END
Fliping array at pos: 0
Fliping value of field: gp_offset
Memory content before bitflip:0x100x000x000x00
Fault Model: Zero bit-flip
base address to flip value: 0x7fffffffd8c8
address max offset: 4
Memory content after  bitflip:0x000x000x000x00
frame name: __isoc99_fscanf
symbol name: arg
symbol filename: isoc99_fscanf.c
symbol line: 27
value: {{gp_offset = 0, fp_offset = 48, overflow_arg_area = 0x7fffffffd9a0, reg_save_area = 0x7fffffffd8e0}}
value address: 0x7fffffffd8c8
Type: The type is an array.
Type sizeof: 24

[INFO -- 2018-10-06 15:22:50]
Fault Injection Successful after 12.968008041381836s
[INFO -- 2018-10-06 15:22:58]
event type: exit
[INFO -- 2018-10-06 15:22:58]
exit code: 0
