[INFO -- 2018-10-06 04:01:49]
sending 5 signals using command: 'killall -2 fft_nn.out' after 20.8662453254s
[INFO -- 2018-10-06 04:01:49]
sending 5 signals using command: 'killall -2 fft_nn.out' after 20.9025724003s
[INFO -- 2018-10-06 04:01:51]
sending 5 signals using command: 'killall -2 fft_nn.out' after 23.292046694s
[INFO -- 2018-10-06 04:01:51]
Starting GDB script
[INFO -- 2018-10-06 04:01:51]
initSignal:0.0
[INFO -- 2018-10-06 04:01:51]
endSignal:5.0
[INFO -- 2018-10-06 04:01:53]
sending 5 signals using command: 'killall -2 fft_nn.out' after 2.19786659219s
[INFO -- 2018-10-06 04:01:54]
sending 5 signals using command: 'killall -2 fft_nn.out' after 2.80478121418s
[INFO -- 2018-10-06 04:01:54]
sending 5 signals using command: 'killall -2 fft_nn.out' after 3.01767057223s
[INFO -- 2018-10-06 04:02:11]
Execution finished before waitTime
