[INFO -- 2018-10-09 13:26:22]
sending 5 signals using command: 'killall -2 fft_nn.out' after 24.1637885407s
[INFO -- 2018-10-09 13:26:22]
sending 5 signals using command: 'killall -2 fft_nn.out' after 24.3036232776s
[INFO -- 2018-10-09 13:26:22]
sending 5 signals using command: 'killall -2 fft_nn.out' after 24.5338251584s
[INFO -- 2018-10-09 13:26:22]
Starting GDB script
[INFO -- 2018-10-09 13:26:22]
initSignal:0.0
[INFO -- 2018-10-09 13:26:22]
endSignal:5.0
[INFO -- 2018-10-09 13:26:23]
sending 5 signals using command: 'killall -2 fft_nn.out' after 0.408629893382s
[INFO -- 2018-10-09 13:26:24]
sending 5 signals using command: 'killall -2 fft_nn.out' after 1.97721707069s
[INFO -- 2018-10-09 13:26:25]
sending 5 signals using command: 'killall -2 fft_nn.out' after 2.68890655999s
[INFO -- 2018-10-09 13:26:43]
Execution finished before waitTime
