[INFO -- 2018-12-09 15:07:32]
Starting flip_value script
version: 1.1
[INFO -- 2018-12-09 15:07:32]
Initialization strings:
[INFO -- 2018-12-09 15:07:32]
(1) file /home/melkor/ETAPA2/dup_nn/nn-knl-files/nn
[INFO -- 2018-12-09 15:07:32]
(2) set args /home/melkor/ETAPA2/dup_nn/nn-knl-files/filelist 20 5 5 /home/melkor/ETAPA2/dup_nn/nn-knl-files/out20_5_5
[INFO -- 2018-12-09 15:07:32]
initSignal:0
[INFO -- 2018-12-09 15:07:32]
endSignal:1
[INFO -- 2018-12-09 15:07:32]
faultModel:4
[EXCEPTION -- 2018-12-09 15:07:33]
pythonException: invalid frame
[INFO -- 2018-12-09 15:07:33]
Backtrace BEGIN:
#0  0x00007ffff782108e in ?? () from /usr/lib/x86_64-linux-gnu/libgomp.so.1
#1  0x00007ffff781fda9 in ?? () from /usr/lib/x86_64-linux-gnu/libgomp.so.1
#2  0x00005555555555ed in main (argc=6, argv=0x7fffffffdf08) at nn.c:196

68	      fclose(logfile);
69	    }
70		
71		
72		if(file != NULL){	// isso aqui tava dando segfault
73			fclose(file);
74		}
75		
76	}
77	

Backtrace END
Fliping a bit of the value pointed by a pointer
Fliping value of field: dist
Memory content before bitflip:0x000x000x000x200x280xfe0x080x40
Fault Model: LSB bit-flip
base address to flip value: 0x5555557584e8
address max offset: 8
Memory content after  bitflip:0x000x000x000x200x280xfe0x080x44
frame name: main
symbol name: neighbors
symbol filename: nn.c
symbol line: 86
value: 0x5555557584b0
value address: 0x7fffffffdb80
Type: The type is a pointer.
Type sizeof: 8

[INFO -- 2018-12-09 15:07:33]
Fault Injection Successful after 1.0324444770812988s
[INFO -- 2018-12-09 15:07:33]
event type: exit
[INFO -- 2018-12-09 15:07:33]
exit code: 0
