[INFO -- 2018-10-17 16:32:06]
Starting flip_value script
version: 1.1
[INFO -- 2018-10-17 16:32:06]
Initialization strings:
[INFO -- 2018-10-17 16:32:06]
(1) file /home/latansini/Desktop/trabalhoftf/carol-fi/sample-code/inverse_nn/inversek2j_nn.out
[INFO -- 2018-10-17 16:32:06]
(2) set args /home/latansini/Desktop/trabalhoftf/carol-fi/sample-code/inverse_nn/input_250k /home/latansini/Desktop/trabalhoftf/carol-fi/sample-code/inverse_nn/output_falha.data
[INFO -- 2018-10-17 16:32:06]
initSignal:8
[INFO -- 2018-10-17 16:32:06]
endSignal:10
[INFO -- 2018-10-17 16:32:06]
faultModel:4
[EXCEPTION -- 2018-10-17 16:32:14]
gdbException: Tentativo de desreferenciar um ponteiro genérico.
[INFO -- 2018-10-17 16:32:14]
Backtrace BEGIN:
#0  0x00007ffff70138f2 in __GI_____strtof_l_internal (nptr=<optimized out>, endptr=<optimized out>, group=<optimized out>, loc=<optimized out>) at strtod_l.c:1592
#1  0x00007ffff7011d60 in __GI___strtof_internal (nptr=<optimized out>, endptr=<optimized out>, group=<optimized out>) at strtod.c:54
#2  0x00007ffff702b948 in _IO_vfscanf_internal (s=s@entry=0x608610, format=<optimized out>, argptr=argptr@entry=0x7fffffffd0d8, errp=errp@entry=0x0) at vfscanf.c:2365
#3  0x00007ffff7032162 in __isoc99_fscanf (stream=0x608610, format=<optimized out>) at isoc99_fscanf.c:34
#4  0x00007ffff7bcf187 in fann_create_from_fd () from /usr/local/lib/libfann.so.2
#5  0x00007ffff7bcf608 in fann_create_from_file () from /usr/local/lib/libfann.so.2
#6  0x000000000040199e in inversek2j(float, float, float*, float*) ()
#7  0x0000000000401631 in main ()

1587	in strtod_l.c

Backtrace END
Fliping a bit of the pointer
Memory content before bitflip:0x000x000x000x000x000x000x000x00
Fault Model: LSB bit-flip
base address to flip value: 0x7fffffffcb58
address max offset: 8
Memory content after  bitflip:0x000x000x000x000x000x000x000x08
frame name: __GI_____strtof_l_internal
symbol name: thousands
symbol filename: strtod_l.c
symbol line: 528
value: 0x0
value address: 0x7fffffffcb58
Type: The type is a pointer.
Type sizeof: 8

[INFO -- 2018-10-17 16:32:14]
Fault Injection Successful after 8.686136960983276s
[INFO -- 2018-10-17 16:32:16]
event type: exit
[INFO -- 2018-10-17 16:32:16]
exit code: 0
