[INFO -- 2018-12-09 14:55:34]
Starting flip_value script
version: 1.1
[INFO -- 2018-12-09 14:55:34]
Initialization strings:
[INFO -- 2018-12-09 14:55:34]
(1) file /home/melkor/ETAPA2/dup_nn/nn-knl-files/nn
[INFO -- 2018-12-09 14:55:34]
(2) set args /home/melkor/ETAPA2/dup_nn/nn-knl-files/filelist 20 5 5 /home/melkor/ETAPA2/dup_nn/nn-knl-files/out20_5_5
[INFO -- 2018-12-09 14:55:34]
initSignal:0
[INFO -- 2018-12-09 14:55:34]
endSignal:1
[INFO -- 2018-12-09 14:55:34]
faultModel:3
[EXCEPTION -- 2018-12-09 14:55:34]
gdbException: Tentativo de desreferenciar um ponteiro genérico.
[INFO -- 2018-12-09 14:55:34]
Backtrace BEGIN:
#0  dl_main (phdr=<optimized out>, phnum=<optimized out>, user_entry=<optimized out>, auxv=<optimized out>) at rtld.c:2289
#1  0x00007ffff7defdd0 in _dl_sysdep_start (start_argptr=start_argptr@entry=0x7fffffffdf00, dl_main=dl_main@entry=0x7ffff7dd7660 <dl_main>) at ../elf/dl-sysdep.c:253
#2  0x00007ffff7dd7128 in _dl_start_final (arg=0x7fffffffdf00) at rtld.c:414
#3  _dl_start (arg=0x7fffffffdf00) at rtld.c:521
#4  0x00007ffff7dd6098 in _start () from /lib64/ld-linux-x86-64.so.2
#5  0x0000000000000006 in ?? ()
#6  0x00007fffffffe274 in ?? ()
#7  0x00007fffffffe29f in ?? ()
#8  0x00007fffffffe2d0 in ?? ()
#9  0x00007fffffffe2d3 in ?? ()
#10 0x00007fffffffe2d5 in ?? ()
#11 0x00007fffffffe2d7 in ?? ()
#12 0x0000000000000000 in ?? ()

2284	in rtld.c

Backtrace END
Memory content before bitflip:0xb80xb00x040x000x000x000x000x00
Fault Model: Zero bit-flip
base address to flip value: 0x7ffff7ffe000 
address max offset: 8
Memory content after  bitflip:0x000x000x000x000x000x000x000x00
frame name: dl_main
symbol name: relocate_time
symbol filename: rtld.c
symbol line: 306
value: 0
value address: 0x7ffff7ffe000 <relocate_time>
Type: The type is an integer type.
Type sizeof: 8

[INFO -- 2018-12-09 14:55:34]
Fault Injection Successful after 0.5565719604492188s
[INFO -- 2018-12-09 14:55:35]
event type: exit
[INFO -- 2018-12-09 14:55:35]
exit code: 0
