[INFO -- 2018-10-06 07:22:12]
sending 5 signals using command: 'killall -2 fft_nn.out' after 20.4986377889s
[INFO -- 2018-10-06 07:22:13]
sending 5 signals using command: 'killall -2 fft_nn.out' after 22.0259096246s
[INFO -- 2018-10-06 07:22:14]
sending 5 signals using command: 'killall -2 fft_nn.out' after 23.2425299211s
[INFO -- 2018-10-06 07:22:14]
Starting GDB script
[INFO -- 2018-10-06 07:22:14]
initSignal:0.0
[INFO -- 2018-10-06 07:22:14]
endSignal:5.0
[INFO -- 2018-10-06 07:22:17]
sending 5 signals using command: 'killall -2 fft_nn.out' after 2.28000613857s
[INFO -- 2018-10-06 07:22:17]
sending 5 signals using command: 'killall -2 fft_nn.out' after 2.67391801934s
[INFO -- 2018-10-06 07:22:19]
sending 5 signals using command: 'killall -2 fft_nn.out' after 4.6228765326s
[INFO -- 2018-10-06 07:22:35]
Execution finished before waitTime
