[INFO -- 2018-10-12 10:59:22]
sending 5 signals using command: 'killall -2 fft_nn.out' after 23.3805144333s
[INFO -- 2018-10-12 10:59:22]
sending 5 signals using command: 'killall -2 fft_nn.out' after 23.4456159294s
[INFO -- 2018-10-12 10:59:23]
sending 5 signals using command: 'killall -2 fft_nn.out' after 24.4042597917s
[INFO -- 2018-10-12 10:59:23]
Starting GDB script
[INFO -- 2018-10-12 10:59:23]
initSignal:0.0
[INFO -- 2018-10-12 10:59:23]
endSignal:5.0
[INFO -- 2018-10-12 10:59:24]
sending 5 signals using command: 'killall -2 fft_nn.out' after 0.313683495376s
[INFO -- 2018-10-12 10:59:26]
sending 5 signals using command: 'killall -2 fft_nn.out' after 2.69799405946s
[INFO -- 2018-10-12 10:59:28]
sending 5 signals using command: 'killall -2 fft_nn.out' after 4.9370511311s
[INFO -- 2018-10-12 10:59:44]
Execution finished before waitTime
