[INFO -- 2018-12-03 09:16:04]
Starting flip_value script
version: 1.1
[INFO -- 2018-12-03 09:16:04]
Initialization strings:
[INFO -- 2018-12-03 09:16:04]
(1) file /home/latansini/carol-fi/carol-fi/codes/nnfulldup/nn-knl-files/nn
[INFO -- 2018-12-03 09:16:04]
(2) set args /home/latansini/carol-fi/carol-fi/codes/nnfulldup/nn-knl-files/filelist 20 5 5 /home/latansini/carol-fi/carol-fi/codes/nnfulldup/nn-knl-files/out20_5_5
[INFO -- 2018-12-03 09:16:04]
initSignal:0
[INFO -- 2018-12-03 09:16:04]
endSignal:2
[INFO -- 2018-12-03 09:16:04]
faultModel:1
[EXCEPTION -- 2018-12-03 09:16:05]
pythonException: invalid frame
[EXCEPTION -- 2018-12-03 09:16:05]
pythonException: invalid frame
[EXCEPTION -- 2018-12-03 09:16:05]
pythonException: invalid frame
[EXCEPTION -- 2018-12-03 09:16:05]
pythonException: invalid frame
[EXCEPTION -- 2018-12-03 09:16:05]
pythonException: invalid frame
[EXCEPTION -- 2018-12-03 09:16:05]
pythonException: invalid frame
[EXCEPTION -- 2018-12-03 09:16:05]
pythonException: invalid frame
[INFO -- 2018-12-03 09:16:05]
Backtrace BEGIN:
#0  0x000000000040155a in nn_wrapper._omp_fn.0 () at nn.c:99
#1  0x00007ffff78ce7df in GOMP_parallel () from /usr/lib/x86_64-linux-gnu/libgomp.so.1
#2  0x0000000000400f98 in nn_wrapper (filename=0x7fffffffe7d7 "/home/latansini/carol-fi/carol-fi/codes/nnfulldup/nn-knl-files/filelist", k=20, target_lat=5, target_long=5) at nn.c:97
#3  0x000000000040148d in main (argc=6, argv=0x7fffffffe568) at nn.c:195

94	        }
95	
96	
97	        #pragma omp parallel for shared (z, target_lat, target_long) private(i,rec_iter)
98	        for (i = 0; i < rec_count; i++) {
99	            rec_iter = sandbox+(i * REC_LENGTH + LATITUDE_POS - 1);
100	            float tmp_lat = atof(rec_iter);
101	            float tmp_long = atof(rec_iter+5);
102	            z[i] = sqrt(( (tmp_lat-target_lat) * (tmp_lat-target_lat) )+( (tmp_long-target_long) * (tmp_long-target_long) ));
103	        }

Backtrace END
Memory content before bitflip:0x140x000x000x00
Fault Model: Double bit-flip
base address to flip value: 0x7fffffffe428
address max offset: 4
Memory content after  bitflip:0x170x000x000x00
frame name: nn_wrapper
symbol name: j
symbol filename: nn.c
symbol line: 31
value: 23
value address: 0x7fffffffe428
Type: The type is an integer type.
Type sizeof: 4

[INFO -- 2018-12-03 09:16:05]
Fault Injection Successful after 1.08665990829s
[INFO -- 2018-12-03 09:16:07]
event type: exit
[INFO -- 2018-12-03 09:16:07]
exit code: 0
