[INFO -- 2018-12-02 18:08:56]
Starting flip_value script
version: 1.1
[INFO -- 2018-12-02 18:08:56]
Initialization strings:
[INFO -- 2018-12-02 18:08:56]
(1) file /home/latansini/Desktop/CAROL-FI/etapa2/carol-fi/codes/fftfulldup/fft_nn.out
[INFO -- 2018-12-02 18:08:56]
(2) set args 32768 /home/latansini/Desktop/CAROL-FI/etapa2/carol-fi/codes/fftfulldup/output.data
[INFO -- 2018-12-02 18:08:56]
initSignal:0
[INFO -- 2018-12-02 18:08:56]
endSignal:40
[INFO -- 2018-12-02 18:08:56]
faultModel:0
[INFO -- 2018-12-02 18:09:03]
Backtrace BEGIN:
#0  0x00007ffff6fac871 in _IO_vfscanf_internal (s=s@entry=0x618f00, format=<optimized out>, argptr=argptr@entry=0x7fffffffd2a8, errp=errp@entry=0x0) at vfscanf.c:2115
#1  0x00007ffff6fb5162 in __isoc99_fscanf (stream=0x618f00, format=<optimized out>) at isoc99_fscanf.c:34
#2  0x00007ffff7bcf187 in fann_create_from_fd () from /usr/local/lib/libfann.so.2
#3  0x00007ffff7bcf608 in fann_create_from_file () from /usr/local/lib/libfann.so.2
#4  0x0000000000401de7 in radix2DitCooleyTykeyFft(int, int*, Complex*, Complex*) ()
#5  0x0000000000401857 in main ()

2110	vfscanf.c: Arquivo ou diretório não encontrado.

Backtrace END
Fliping array at pos: 0
Fliping value of field: gp_offset
Memory content before bitflip:0x100x000x000x00
Fault Model: Single bit-flip
base address to flip value: 0x7fffffffd2a8
address max offset: 4
Memory content after  bitflip:0x100x000x800x00
frame name: __isoc99_fscanf
symbol name: arg
symbol filename: isoc99_fscanf.c
symbol line: 27
value: {{gp_offset = 8388624, fp_offset = 48, overflow_arg_area = 0x7fffffffd380, reg_save_area = 0x7fffffffd2c0}}
value address: 0x7fffffffd2a8
Type: The type is an array.
Type sizeof: 24

[INFO -- 2018-12-02 18:09:03]
Fault Injection Successful after 7.734375953674316s
[INFO -- 2018-12-02 18:09:36]
event type: exit
[INFO -- 2018-12-02 18:09:36]
exit code: 0
