[INFO -- 2018-10-12 17:07:21]
Starting flip_value script
version: 1.1
[INFO -- 2018-10-12 17:07:21]
Initialization strings:
[INFO -- 2018-10-12 17:07:21]
(1) file /tmp/fft_nn/fft_nn.out
[INFO -- 2018-10-12 17:07:21]
(2) set args 32768 /tmp/fft_nn/output_falha.data
[INFO -- 2018-10-12 17:07:21]
initSignal:10
[INFO -- 2018-10-12 17:07:21]
endSignal:15
[INFO -- 2018-10-12 17:07:21]
faultModel:2
[INFO -- 2018-10-12 17:07:33]
Backtrace BEGIN:
#0  __mpn_lshift () at ../sysdeps/x86_64/lshift.S:32
#1  0x00007ffff7013b4f in __GI_____strtof_l_internal (nptr=<optimized out>, endptr=<optimized out>, group=<optimized out>, loc=<optimized out>) at strtod_l.c:1610
#2  0x00007ffff7011d60 in __GI___strtof_internal (nptr=<optimized out>, endptr=<optimized out>, group=<optimized out>) at strtod.c:54
#3  0x00007ffff702b948 in _IO_vfscanf_internal (s=s@entry=0x6062c0, format=<optimized out>, argptr=argptr@entry=0x7fffffffd408, errp=errp@entry=0x0) at vfscanf.c:2365
#4  0x00007ffff7032162 in __isoc99_fscanf (stream=0x6062c0, format=<optimized out>) at isoc99_fscanf.c:34
#5  0x00007ffff7bcf187 in fann_create_from_fd () from /usr/local/lib/libfann.so.2
#6  0x00007ffff7bcf608 in fann_create_from_file () from /usr/local/lib/libfann.so.2
#7  0x00000000004019b7 in radix2DitCooleyTykeyFft(int, int*, Complex*, Complex*) ()
#8  0x0000000000401631 in main ()

27	../sysdeps/x86_64/lshift.S: Arquivo ou diretório não encontrado.

Backtrace END
Fliping array at pos: 4
Memory content before bitflip:0x000x000x000x000x000x000x000x00
Fault Model: Random bit-flip
base address to flip value: 0x7fffffffcf90
address max offset: 8
Memory content after  bitflip:0x080x0c0xb90x6a0x970x570x180xbf
frame name: __GI_____strtof_l_internal
symbol name: den
symbol filename: strtod_l.c
symbol line: 494
value: {0, 12500000000000000000, 0, 0, 13769852168527481864, 140737488344856, 140737488343600, 5, 18446744073709551615, 4160570904}
value address: 0x7fffffffcf70
Type: The type is an array.
Type sizeof: 80
Field name: None
Field Type: A range type, that is, an integer type with bounds.
Field Type sizeof: 8
Field Type range: (0, 9)

[INFO -- 2018-10-12 17:07:33]
Fault Injection Successful after 12.060593843460083s
[INFO -- 2018-10-12 17:07:40]
event type: exit
[INFO -- 2018-10-12 17:07:40]
exit code: 0
