[INFO -- 2018-10-12 07:27:31]
Starting flip_value script
version: 1.1
[INFO -- 2018-10-12 07:27:31]
Initialization strings:
[INFO -- 2018-10-12 07:27:31]
(1) file /tmp/fft_nn/fft_nn.out
[INFO -- 2018-10-12 07:27:31]
(2) set args 32768 /tmp/fft_nn/output_falha.data
[INFO -- 2018-10-12 07:27:31]
initSignal:10
[INFO -- 2018-10-12 07:27:31]
endSignal:15
[INFO -- 2018-10-12 07:27:31]
faultModel:2
[INFO -- 2018-10-12 07:27:41]
Backtrace BEGIN:
#0  0x00007ffff702ec34 in _IO_vfscanf_internal (s=s@entry=0x6062c0, format=<optimized out>, argptr=argptr@entry=0x7fffffffd408, errp=errp@entry=0x0) at vfscanf.c:1777
#1  0x00007ffff7032162 in __isoc99_fscanf (stream=0x6062c0, format=<optimized out>) at isoc99_fscanf.c:34
#2  0x00007ffff7bcf187 in fann_create_from_fd () from /usr/local/lib/libfann.so.2
#3  0x00007ffff7bcf608 in fann_create_from_file () from /usr/local/lib/libfann.so.2
#4  0x00000000004019b7 in radix2DitCooleyTykeyFft(int, int*, Complex*, Complex*) ()
#5  0x0000000000401631 in main ()

1772	vfscanf.c: Arquivo ou diretório não encontrado.

Backtrace END
Memory content before bitflip:0x000x000x000x00
Fault Model: Random bit-flip
base address to flip value: 0x7fffffffd1d0
address max offset: 4
Memory content after  bitflip:0xa40x970x690xe2
frame name: _IO_vfscanf_internal
symbol name: flags
symbol filename: vfscanf.c
symbol line: 222
value: -496396380
value address: 0x7fffffffd1d0
Type: The type is an integer type.
Type sizeof: 4

[INFO -- 2018-10-12 07:27:41]
Fault Injection Successful after 10.88674545288086s
[INFO -- 2018-10-12 07:27:50]
event type: exit
[INFO -- 2018-10-12 07:27:50]
exit code: 0
