[INFO -- 2018-10-12 01:58:30]
Starting flip_value script
version: 1.1
[INFO -- 2018-10-12 01:58:30]
Initialization strings:
[INFO -- 2018-10-12 01:58:30]
(1) file /tmp/fft_nn/fft_nn.out
[INFO -- 2018-10-12 01:58:30]
(2) set args 32768 /tmp/fft_nn/output_falha.data
[INFO -- 2018-10-12 01:58:30]
initSignal:5
[INFO -- 2018-10-12 01:58:30]
endSignal:10
[INFO -- 2018-10-12 01:58:30]
faultModel:1
[EXCEPTION -- 2018-10-12 01:58:36]
gdbException: Tentativo de desreferenciar um ponteiro genérico.
[INFO -- 2018-10-12 01:58:36]
Backtrace BEGIN:
#0  0x00007ffff7028b32 in _IO_vfscanf_internal (s=s@entry=0x6062c0, format=<optimized out>, argptr=argptr@entry=0x7fffffffd408, errp=errp@entry=0x0) at vfscanf.c:623
#1  0x00007ffff7032162 in __isoc99_fscanf (stream=0x6062c0, format=<optimized out>) at isoc99_fscanf.c:34
#2  0x00007ffff7bcf187 in fann_create_from_fd () from /usr/local/lib/libfann.so.2
#3  0x00007ffff7bcf608 in fann_create_from_file () from /usr/local/lib/libfann.so.2
#4  0x00000000004019b7 in radix2DitCooleyTykeyFft(int, int*, Complex*, Complex*) ()
#5  0x0000000000401631 in main ()

618	in vfscanf.c

Backtrace END
Fliping value of field: __count
Memory content before bitflip:0x000x000x000x00
Fault Model: Double bit-flip
base address to flip value: 0x7fffffffd220
address max offset: 4
Memory content after  bitflip:0x000x000xc00x00
frame name: _IO_vfscanf_internal
symbol name: state
symbol filename: vfscanf.c
symbol line: 252
value: {__count = 12582912, __value = {__wch = 0, __wchb = "\000\000\000"}}
value address: 0x7fffffffd220
Type: The type is a structure.
Type sizeof: 8
Field name: __count
Field Type: The type is an integer type.
Field Type sizeof: 4
Field name: __value
Field Type: The type is a union.
Field Type sizeof: 4

[INFO -- 2018-10-12 01:58:36]
Fault Injection Successful after 6.451631307601929s
[INFO -- 2018-10-12 01:58:49]
event type: exit
[INFO -- 2018-10-12 01:58:49]
exit code: 0
