[INFO -- 2018-10-08 20:33:29]
sending 5 signals using command: 'killall -2 fft_nn.out' after 23.1459780153s
[INFO -- 2018-10-08 20:33:29]
sending 5 signals using command: 'killall -2 fft_nn.out' after 23.6078824179s
[INFO -- 2018-10-08 20:33:30]
sending 5 signals using command: 'killall -2 fft_nn.out' after 24.3373609688s
[INFO -- 2018-10-08 20:33:30]
Starting GDB script
[INFO -- 2018-10-08 20:33:30]
initSignal:0.0
[INFO -- 2018-10-08 20:33:30]
endSignal:5.0
[INFO -- 2018-10-08 20:33:31]
sending 5 signals using command: 'killall -2 fft_nn.out' after 0.760827666245s
[INFO -- 2018-10-08 20:33:34]
sending 5 signals using command: 'killall -2 fft_nn.out' after 4.16130695157s
[INFO -- 2018-10-08 20:33:35]
sending 5 signals using command: 'killall -2 fft_nn.out' after 4.94417044676s
[INFO -- 2018-10-08 20:33:51]
Execution finished before waitTime
