[INFO -- 2018-10-07 23:06:21]
Starting flip_value script
version: 1.1
[INFO -- 2018-10-07 23:06:21]
Initialization strings:
[INFO -- 2018-10-07 23:06:21]
(1) file /tmp/fft_nn/fft_nn.out
[INFO -- 2018-10-07 23:06:21]
(2) set args 32768 /tmp/fft_nn/output_falha.data
[INFO -- 2018-10-07 23:06:21]
initSignal:0
[INFO -- 2018-10-07 23:06:21]
endSignal:5
[INFO -- 2018-10-07 23:06:21]
faultModel:0
[INFO -- 2018-10-07 23:06:22]
Backtrace BEGIN:
#0  __GI_____strtof_l_internal (nptr=0x7fffffffd4c0 "1.16345043182373046875e+01", endptr=0x7fffffffd6f0, group=<optimized out>, loc=0x7ffff7397060 <_nl_global_locale>) at strtod_l.c:556
#1  0x00007ffff7011d60 in __GI___strtof_internal (nptr=<optimized out>, endptr=<optimized out>, group=<optimized out>) at strtod.c:54
#2  0x00007ffff702b948 in _IO_vfscanf_internal (s=s@entry=0x6062c0, format=<optimized out>, argptr=argptr@entry=0x7fffffffd8c8, errp=errp@entry=0x0) at vfscanf.c:2365
#3  0x00007ffff7032162 in __isoc99_fscanf (stream=0x6062c0, format=<optimized out>) at isoc99_fscanf.c:34
#4  0x00007ffff7bcf187 in fann_create_from_fd () from /usr/local/lib/libfann.so.2
#5  0x00007ffff7bcf608 in fann_create_from_file () from /usr/local/lib/libfann.so.2
#6  0x00000000004019b7 in radix2DitCooleyTykeyFft(int, int*, Complex*, Complex*) ()
#7  0x0000000000401631 in main ()

551	strtod_l.c: Arquivo ou diretório não encontrado.

Backtrace END
Fliping array at pos: 21
Memory content before bitflip:0x00
Fault Model: Single bit-flip
base address to flip value: 0x7ffff715cb95  
address max offset: 1
Memory content after  bitflip:0x20
frame name: __GI_____strtof_l_internal
symbol name: __PRETTY_FUNCTION__
symbol filename: strtof_l.c
symbol line: 0
value: "____strtof_l_internal "
value address: 0x7ffff715cb80 <__PRETTY_FUNCTION__.11547>
Type: The type is an array.
Type sizeof: 22
Field name: None
Field Type: A range type, that is, an integer type with bounds.
Field Type sizeof: 8
Field Type range: (0, 21)

[INFO -- 2018-10-07 23:06:22]
Fault Injection Successful after 1.9896092414855957s
[INFO -- 2018-10-07 23:06:41]
event type: exit
[INFO -- 2018-10-07 23:06:41]
exit code: 0
