[INFO -- 2018-10-08 00:20:40]
Starting flip_value script
version: 1.1
[INFO -- 2018-10-08 00:20:40]
Initialization strings:
[INFO -- 2018-10-08 00:20:40]
(1) file /tmp/fft_nn/fft_nn.out
[INFO -- 2018-10-08 00:20:40]
(2) set args 32768 /tmp/fft_nn/output_falha.data
[INFO -- 2018-10-08 00:20:40]
initSignal:0
[INFO -- 2018-10-08 00:20:40]
endSignal:5
[INFO -- 2018-10-08 00:20:40]
faultModel:0
[INFO -- 2018-10-08 00:20:41]
Backtrace BEGIN:
#0  0x00007ffff70118f9 in __GI_____strtoul_l_internal (nptr=nptr@entry=0x7fffffffd4c0 "3", endptr=endptr@entry=0x7fffffffd6f0, base=10, group=group@entry=0, loc=0x7ffff7397060 <_nl_global_locale>) at ../stdlib/strtol_l.c:232
#1  0x00007ffff7011410 in __GI___strtoul_internal (nptr=nptr@entry=0x7fffffffd4c0 "3", endptr=endptr@entry=0x7fffffffd6f0, base=<optimized out>, group=group@entry=0) at ../stdlib/strtol.c:97
#2  0x00007ffff7029f02 in _IO_vfscanf_internal (s=s@entry=0x6062c0, format=<optimized out>, argptr=argptr@entry=0x7fffffffd8c8, errp=errp@entry=0x0) at vfscanf.c:1827
#3  0x00007ffff7032162 in __isoc99_fscanf (stream=0x6062c0, format=<optimized out>) at isoc99_fscanf.c:34
#4  0x00007ffff7bcf0eb in fann_create_from_fd () from /usr/local/lib/libfann.so.2
#5  0x00007ffff7bcf608 in fann_create_from_file () from /usr/local/lib/libfann.so.2
#6  0x00000000004019b7 in radix2DitCooleyTykeyFft(int, int*, Complex*, Complex*) ()
#7  0x0000000000401631 in main ()

227	../stdlib/strtol_l.c: Arquivo ou diretório não encontrado.

Backtrace END
Fliping array at pos: 0
Fliping value of field: gp_offset
Memory content before bitflip:0x100x000x000x00
Fault Model: Single bit-flip
base address to flip value: 0x7fffffffd8c8
address max offset: 4
Memory content after  bitflip:0x900x000x000x00
frame name: __isoc99_fscanf
symbol name: arg
symbol filename: isoc99_fscanf.c
symbol line: 27
value: {{gp_offset = 144, fp_offset = 48, overflow_arg_area = 0x7fffffffd9a0, reg_save_area = 0x7fffffffd8e0}}
value address: 0x7fffffffd8c8
Type: The type is an array.
Type sizeof: 24

[INFO -- 2018-10-08 00:20:41]
Fault Injection Successful after 1.2495434284210205s
[INFO -- 2018-10-08 00:21:00]
event type: exit
[INFO -- 2018-10-08 00:21:00]
exit code: 0
