[INFO -- 2018-10-11 11:42:26]
sending 5 signals using command: 'killall -2 fft_nn.out' after 22.0053120792s
[INFO -- 2018-10-11 11:42:27]
sending 5 signals using command: 'killall -2 fft_nn.out' after 22.9685287023s
[INFO -- 2018-10-11 11:42:28]
sending 5 signals using command: 'killall -2 fft_nn.out' after 24.4070856753s
[INFO -- 2018-10-11 11:42:28]
Starting GDB script
[INFO -- 2018-10-11 11:42:28]
initSignal:0.0
[INFO -- 2018-10-11 11:42:28]
endSignal:5.0
[INFO -- 2018-10-11 11:42:31]
sending 5 signals using command: 'killall -2 fft_nn.out' after 3.10028431028s
[INFO -- 2018-10-11 11:42:31]
sending 5 signals using command: 'killall -2 fft_nn.out' after 3.1467380073s
[INFO -- 2018-10-11 11:42:32]
sending 5 signals using command: 'killall -2 fft_nn.out' after 4.33609238849s
[INFO -- 2018-10-11 11:42:49]
Execution finished before waitTime
