[INFO -- 2018-10-05 20:43:31]
Starting flip_value script
version: 1.1
[INFO -- 2018-10-05 20:43:31]
Initialization strings:
[INFO -- 2018-10-05 20:43:31]
(1) file /tmp/fft_nn/fft_nn.out
[INFO -- 2018-10-05 20:43:31]
(2) set args 32768 /tmp/fft_nn/output_falha.data
[INFO -- 2018-10-05 20:43:31]
initSignal:5
[INFO -- 2018-10-05 20:43:31]
endSignal:10
[INFO -- 2018-10-05 20:43:31]
faultModel:1
[INFO -- 2018-10-05 20:43:36]
Backtrace BEGIN:
#0  __expf_finite () at ../sysdeps/x86_64/fpu/e_expf.S:92
#1  0x00007ffff75e8a42 in __GI___expf (x=-0,572453976) at ../sysdeps/ieee754/flt-32/w_expf.c:26
#2  0x00007ffff7bc5284 in fann_run () from /usr/local/lib/libfann.so.2
#3  0x00000000004019ce in radix2DitCooleyTykeyFft(int, int*, Complex*, Complex*) ()
#4  0x0000000000401631 in main ()

87	../sysdeps/x86_64/fpu/e_expf.S: Arquivo ou diretório não encontrado.

Backtrace END
Memory content before bitflip:0x580x8c0x120xbf
Fault Model: Double bit-flip
base address to flip value: 0x7fffffffda0c
address max offset: 4
Memory content after  bitflip:0x580x1c0x120xbf
frame name: __GI___expf
symbol name: x
symbol filename: ../sysdeps/ieee754/flt-32/w_expf.c
symbol line: 24
value: -0,570744991
value address: 0x7fffffffda0c
Type: A floating point type.
Type sizeof: 4

[INFO -- 2018-10-05 20:43:36]
Fault Injection Successful after 5.8320581912994385s
[INFO -- 2018-10-05 20:43:51]
event type: exit
[INFO -- 2018-10-05 20:43:51]
exit code: 0
