[INFO -- 2018-12-01 14:20:20]
Starting flip_value script
version: 1.1
[INFO -- 2018-12-01 14:20:20]
Initialization strings:
[INFO -- 2018-12-01 14:20:20]
(1) file /home/latansini/Desktop/CAROL-FI/etapa2/carol-fi/codes/fftfulldup/fft_nn.out
[INFO -- 2018-12-01 14:20:20]
(2) set args 32768 /home/latansini/Desktop/CAROL-FI/etapa2/carol-fi/codes/fftfulldup/output.data
[INFO -- 2018-12-01 14:20:20]
initSignal:0
[INFO -- 2018-12-01 14:20:20]
endSignal:40
[INFO -- 2018-12-01 14:20:20]
faultModel:1
[EXCEPTION -- 2018-12-01 14:20:47]
gdbException: Tentativo de desreferenciar um ponteiro genérico.
[EXCEPTION -- 2018-12-01 14:20:47]
gdbException: No symbol "None" in current context.
[INFO -- 2018-12-01 14:20:47]
Backtrace BEGIN:
#0  malloc (n=11) at dl-minimal.c:93
#1  <function called from gdb>
#2  __mpn_add_1 (s2_limb=4834213959369022414, s1_size=1, s1_ptr=0x7fffffffcdc8, res_ptr=0x7fffffffcdc8) at ../stdlib/gmp.h:448
#3  str_to_mpn (str=0x7fffffffceb6 "e-01", str@entry=0x7fffffffcea0 "1.89301654696464538574e-01", digcnt=<optimized out>, digcnt@entry=21, n=n@entry=0x7fffffffcdc0, nsize=nsize@entry=0x7fffffffcd90, exponent=exponent@entry=0x7fffffffcda0, decimal_len=decimal_len@entry=1, thousands=thousands@entry=0x0, decimal=<optimized out>) at strtod_l.c:421
#4  0x00007ffff6f95c2b in __GI_____strtof_l_internal (nptr=<optimized out>, endptr=<optimized out>, group=<optimized out>, loc=<optimized out>) at strtod_l.c:1427
#5  0x00007ffff6f94d60 in __GI___strtof_internal (nptr=<optimized out>, endptr=<optimized out>, group=<optimized out>) at strtod.c:54
#6  0x00007ffff6fae948 in _IO_vfscanf_internal (s=s@entry=0x618f00, format=<optimized out>, argptr=argptr@entry=0x7fffffffd2a8, errp=errp@entry=0x0) at vfscanf.c:2365
#7  0x00007ffff6fb5162 in __isoc99_fscanf (stream=0x618f00, format=<optimized out>) at isoc99_fscanf.c:34
#8  0x00007ffff7bcf187 in fann_create_from_fd () from /usr/local/lib/libfann.so.2
#9  0x00007ffff7bcf608 in fann_create_from_file () from /usr/local/lib/libfann.so.2
#10 0x0000000000401de7 in radix2DitCooleyTykeyFft(int, int*, Complex*, Complex*) ()
#11 0x0000000000401879 in main ()

88	in dl-minimal.c

Backtrace END
Fliping array at pos: 0
Fliping value of field: fp_offset
Memory content before bitflip:0x300x000x000x00
Fault Model: Double bit-flip
base address to flip value: 0x7fffffffd2ac
address max offset: 4
Memory content after  bitflip:0x300x000x600x00
frame name: __isoc99_fscanf
symbol name: arg
symbol filename: isoc99_fscanf.c
symbol line: 27
value: {{gp_offset = 16, fp_offset = 6291504, overflow_arg_area = 0x7fffffffd380, reg_save_area = 0x7fffffffd2c0}}
value address: 0x7fffffffd2a8
Type: The type is an array.
Type sizeof: 24

[INFO -- 2018-12-01 14:20:47]
Fault Injection Successful after 27.282448530197144s
[INFO -- 2018-12-01 14:20:59]
event type: exit
[INFO -- 2018-12-01 14:20:59]
exit code: 0
