[INFO -- 2018-10-11 12:41:28]
sending 5 signals using command: 'killall -2 fft_nn.out' after 21.060529703s
[INFO -- 2018-10-11 12:41:28]
sending 5 signals using command: 'killall -2 fft_nn.out' after 21.0652905635s
[INFO -- 2018-10-11 12:41:31]
sending 5 signals using command: 'killall -2 fft_nn.out' after 23.6301619757s
[INFO -- 2018-10-11 12:41:31]
Starting GDB script
[INFO -- 2018-10-11 12:41:31]
initSignal:0.0
[INFO -- 2018-10-11 12:41:31]
endSignal:5.0
[INFO -- 2018-10-11 12:41:32]
sending 5 signals using command: 'killall -2 fft_nn.out' after 1.25471979653s
[INFO -- 2018-10-11 12:41:34]
sending 5 signals using command: 'killall -2 fft_nn.out' after 2.68716633603s
[INFO -- 2018-10-11 12:41:35]
sending 5 signals using command: 'killall -2 fft_nn.out' after 3.68502936149s
[INFO -- 2018-10-11 12:41:52]
Execution finished before waitTime
