[INFO -- 2018-10-18 22:30:09]
Starting flip_value script
version: 1.1
[INFO -- 2018-10-18 22:30:09]
Initialization strings:
[INFO -- 2018-10-18 22:30:09]
(1) file /home/latansini/Desktop/trabalhoftf/carol-fi/sample-code/knn/nn-knl-files/nn
[INFO -- 2018-10-18 22:30:09]
(2) set args /home/latansini/Desktop/trabalhoftf/carol-fi/sample-code/knn/nn-knl-files/filelist 15 25 25 /home/latansini/Desktop/trabalhoftf/carol-fi/sample-code/knn/nn-knl-files/out15_25_25
[INFO -- 2018-10-18 22:30:09]
initSignal:3
[INFO -- 2018-10-18 22:30:09]
endSignal:4
[INFO -- 2018-10-18 22:30:09]
faultModel:3
[EXCEPTION -- 2018-10-18 22:30:12]
pythonException: invalid frame
[EXCEPTION -- 2018-10-18 22:30:12]
pythonException: invalid frame
[INFO -- 2018-10-18 22:30:12]
Backtrace BEGIN:
#0  0x00007ffff78bddaa in ?? () from /usr/lib/x86_64-linux-gnu/libgomp.so.1
#1  0x00007ffff78bcaf9 in ?? () from /usr/lib/x86_64-linux-gnu/libgomp.so.1
#2  0x0000000000401198 in main (argc=6, argv=0x7fffffffd8b8) at nn.c:115

20	* This program finds the k-nearest neighbors
21	* Usage:	./nn <filelist> <num> <target latitude> <target longitude> <out filename>
22	*			filelist: File with the filenames to the records
23	*			num: Number of nearest neighbors to find
24	*			target lat: Latitude coordinate for distance calculations
25	*			target long: Longitude coordinate for distance calculations
26	* The filelist and data are generated by hurricane_gen.c
27	* REC_WINDOW has been arbitrarily assigned; A larger value would allow more work for the threads
28	*/
29	int main(int argc, char* argv[]) {

Backtrace END
Fliping array at pos: 341
Memory content before bitflip:0x35
Fault Model: Zero bit-flip
base address to flip value: 0x7fffffffd715 
address max offset: 1
Memory content after  bitflip:0x00
frame name: main
symbol name: sandbox
symbol filename: nn.c
symbol line: 32
value: "1955  2 16  6 19 SANDY      21.7 179.8   82  297\n1993  8 18  6  4 KIRK       54.9  42.7   89  585\n1967  5 22  6  9 VALERIE    67.1 263.6  143  703\n1993  5  3  0 22 DEBBY      50.7  20.3   56  177\n1983"...
value address: 0x7fffffffd5c0
Type: The type is an array.
Type sizeof: 490
Field name: None
Field Type: A range type, that is, an integer type with bounds.
Field Type sizeof: 8
Field Type range: (0, 489)

[INFO -- 2018-10-18 22:30:12]
Fault Injection Successful after 3.5848655700683594s
[INFO -- 2018-10-18 22:30:14]
event type: exit
[INFO -- 2018-10-18 22:30:14]
exit code: 0
