[INFO -- 2018-10-18 13:50:23]
Starting flip_value script
version: 1.1
[INFO -- 2018-10-18 13:50:23]
Initialization strings:
[INFO -- 2018-10-18 13:50:23]
(1) file /home/latansini/Desktop/trabalhoftf/carol-fi/sample-code/knn/nn-knl-files/nn
[INFO -- 2018-10-18 13:50:23]
(2) set args /home/latansini/Desktop/trabalhoftf/carol-fi/sample-code/knn/nn-knl-files/filelist 15 25 25 /home/latansini/Desktop/trabalhoftf/carol-fi/sample-code/knn/nn-knl-files/out15_25_25
[INFO -- 2018-10-18 13:50:23]
initSignal:0
[INFO -- 2018-10-18 13:50:23]
endSignal:1
[INFO -- 2018-10-18 13:50:23]
faultModel:0
[EXCEPTION -- 2018-10-18 13:50:23]
gdbException: Tentativo de desreferenciar um ponteiro genérico.
[EXCEPTION -- 2018-10-18 13:50:24]
pythonException: invalid frame
[EXCEPTION -- 2018-10-18 13:50:24]
pythonException: invalid frame
[EXCEPTION -- 2018-10-18 13:50:24]
pythonException: invalid frame
[INFO -- 2018-10-18 13:50:24]
Backtrace BEGIN:
#0  0x00007ffff78bdc2e in ?? () from /usr/lib/x86_64-linux-gnu/libgomp.so.1
#1  0x00007ffff78bc0e2 in ?? () from /usr/lib/x86_64-linux-gnu/libgomp.so.1
#2  0x0000000000401184 in main (argc=6, argv=0x7fffffffd8b8) at nn.c:115

69	in dl-debug.c

Backtrace END
Fliping array at pos: 302
Memory content before bitflip:0x20
Fault Model: Single bit-flip
base address to flip value: 0x7fffffffd6ee 
address max offset: 1
Memory content after  bitflip:0x21
frame name: main
symbol name: sandbox
symbol filename: nn.c
symbol line: 32
value: "1998 10 10 18 22 VALERIE    36.3 321.8  105  166\n2002  1  2 12  8 JOYCE      59.3   0.7   67   41\n1969 10 11 12 25 PATTY      33.4 154.5  140   41\n1950 10  5  6 17 ERNESTO    38.8  27.0   72    7\n1974"...
value address: 0x7fffffffd5c0
Type: The type is an array.
Type sizeof: 490
Field name: None
Field Type: A range type, that is, an integer type with bounds.
Field Type sizeof: 8
Field Type range: (0, 489)

[INFO -- 2018-10-18 13:50:24]
Fault Injection Successful after 1.2926757335662842s
[INFO -- 2018-10-18 13:50:29]
event type: exit
[INFO -- 2018-10-18 13:50:29]
exit code: 0
