[INFO -- 2018-10-17 15:28:28]
Starting flip_value script
version: 1.1
[INFO -- 2018-10-17 15:28:28]
Initialization strings:
[INFO -- 2018-10-17 15:28:28]
(1) file /home/latansini/Desktop/trabalhoftf/carol-fi/sample-code/inverse_nn/inversek2j_nn.out
[INFO -- 2018-10-17 15:28:28]
(2) set args /home/latansini/Desktop/trabalhoftf/carol-fi/sample-code/inverse_nn/input_250k /home/latansini/Desktop/trabalhoftf/carol-fi/sample-code/inverse_nn/output_falha.data
[INFO -- 2018-10-17 15:28:28]
initSignal:4
[INFO -- 2018-10-17 15:28:28]
endSignal:6
[INFO -- 2018-10-17 15:28:28]
faultModel:2
[EXCEPTION -- 2018-10-17 15:28:33]
gdbException: Tentativo de desreferenciar um ponteiro genérico.
[EXCEPTION -- 2018-10-17 15:28:33]
gdbException: Tentativo de desreferenciar um ponteiro genérico.
[INFO -- 2018-10-17 15:28:33]
Backtrace BEGIN:
#0  __GI_____strtof_l_internal (nptr=<optimized out>, endptr=<optimized out>, group=<optimized out>, loc=<optimized out>) at strtod_l.c:1450
#1  0x00007ffff7011d60 in __GI___strtof_internal (nptr=<optimized out>, endptr=<optimized out>, group=<optimized out>) at strtod.c:54
#2  0x00007ffff702b948 in _IO_vfscanf_internal (s=s@entry=0x608610, format=<optimized out>, argptr=argptr@entry=0x7fffffffd0d8, errp=errp@entry=0x0) at vfscanf.c:2365
#3  0x00007ffff7032162 in __isoc99_fscanf (stream=0x608610, format=<optimized out>) at isoc99_fscanf.c:34
#4  0x00007ffff7bcf187 in fann_create_from_fd () from /usr/local/lib/libfann.so.2
#5  0x00007ffff7bcf608 in fann_create_from_file () from /usr/local/lib/libfann.so.2
#6  0x000000000040199e in inversek2j(float, float, float*, float*) ()
#7  0x0000000000401631 in main ()

1445	in strtod_l.c

Backtrace END
Memory content before bitflip:0x000x000x000x00
Fault Model: Random bit-flip
base address to flip value: 0x7fffffffcea0
address max offset: 4
Memory content after  bitflip:0x610x870x0c0x8f
frame name: _IO_vfscanf_internal
symbol name: flags
symbol filename: vfscanf.c
symbol line: 222
value: -1895004319
value address: 0x7fffffffcea0
Type: The type is an integer type.
Type sizeof: 4

[INFO -- 2018-10-17 15:28:33]
Fault Injection Successful after 5.570633172988892s
[INFO -- 2018-10-17 15:28:38]
event type: exit
[INFO -- 2018-10-17 15:28:38]
exit code: 0
