[INFO -- 2018-10-06 15:32:52]
Starting flip_value script
version: 1.1
[INFO -- 2018-10-06 15:32:52]
Initialization strings:
[INFO -- 2018-10-06 15:32:52]
(1) file /tmp/fft_nn/fft_nn.out
[INFO -- 2018-10-06 15:32:52]
(2) set args 32768 /tmp/fft_nn/output_falha.data
[INFO -- 2018-10-06 15:32:52]
initSignal:0
[INFO -- 2018-10-06 15:32:52]
endSignal:5
[INFO -- 2018-10-06 15:32:52]
faultModel:0
[EXCEPTION -- 2018-10-06 15:32:54]
gdbException: Tentativo de desreferenciar um ponteiro genérico.
[INFO -- 2018-10-06 15:32:54]
Backtrace BEGIN:
#0  0x00007ffff7028921 in _IO_vfscanf_internal (s=s@entry=0x6062c0, format=<optimized out>, argptr=argptr@entry=0x7fffffffd8c8, errp=errp@entry=0x0) at vfscanf.c:2938
#1  0x00007ffff7032162 in __isoc99_fscanf (stream=0x6062c0, format=<optimized out>) at isoc99_fscanf.c:34
#2  0x00007ffff7bcf187 in fann_create_from_fd () from /usr/local/lib/libfann.so.2
#3  0x00007ffff7bcf608 in fann_create_from_file () from /usr/local/lib/libfann.so.2
#4  0x00000000004019b7 in radix2DitCooleyTykeyFft(int, int*, Complex*, Complex*) ()
#5  0x0000000000401631 in main ()

2933	in vfscanf.c

Backtrace END
Fliping a bit of the pointer
Memory content before bitflip:0x000x000x000x000x000x000x000x00
Fault Model: Single bit-flip
base address to flip value: 0x7fffffffd648
address max offset: 8
Memory content after  bitflip:0x000x000x000x000x000x000x000x01
frame name: _IO_vfscanf_internal
symbol name: ptrs_to_free
symbol filename: vfscanf.c
symbol line: 250
value: 0x0
value address: 0x7fffffffd648
Type: The type is a pointer.
Type sizeof: 8

[INFO -- 2018-10-06 15:32:54]
Fault Injection Successful after 2.3094844818115234s
[INFO -- 2018-10-06 15:33:12]
event type: exit
[INFO -- 2018-10-06 15:33:12]
exit code: 0
