[INFO -- 2018-10-16 20:02:58]
Starting flip_value script
version: 1.1
[INFO -- 2018-10-16 20:02:58]
Initialization strings:
[INFO -- 2018-10-16 20:02:58]
(1) file /home/latansini/Desktop/trabalhoftf/carol-fi/sample-code/inverse_nn/inversek2j_nn.out
[INFO -- 2018-10-16 20:02:58]
(2) set args /home/latansini/Desktop/trabalhoftf/carol-fi/sample-code/inverse_nn/input_250k /home/latansini/Desktop/trabalhoftf/carol-fi/sample-code/inverse_nn/output_falha.data
[INFO -- 2018-10-16 20:02:58]
initSignal:8
[INFO -- 2018-10-16 20:02:58]
endSignal:10
[INFO -- 2018-10-16 20:02:58]
faultModel:4
[INFO -- 2018-10-16 20:03:06]
Backtrace BEGIN:
#0  __GI__IO_sputbackc (fp=fp@entry=0x608610, c=40) at genops.c:726
#1  0x00007ffff7028926 in _IO_vfscanf_internal (s=s@entry=0x608610, format=<optimized out>, argptr=argptr@entry=0x7fffffffd0d8, errp=errp@entry=0x0) at vfscanf.c:2938
#2  0x00007ffff7032162 in __isoc99_fscanf (stream=0x608610, format=<optimized out>) at isoc99_fscanf.c:34
#3  0x00007ffff7bcf187 in fann_create_from_fd () from /usr/local/lib/libfann.so.2
#4  0x00007ffff7bcf608 in fann_create_from_file () from /usr/local/lib/libfann.so.2
#5  0x000000000040199e in inversek2j(float, float, float*, float*) ()
#6  0x0000000000401631 in main ()

721	genops.c: Arquivo ou diretório não encontrado.

Backtrace END
Memory content before bitflip:0xd70x2e0x010x00
Fault Model: LSB bit-flip
base address to flip value: 0x7ffff73989b0 
address max offset: 4
Memory content after  bitflip:0xd70x2e0x010x40
frame name: __GI__IO_sputbackc
symbol name: _IO_list_all_stamp
symbol filename: genops.c
symbol line: 42
value: 1073819351
value address: 0x7ffff73989b0 <_IO_list_all_stamp>
Type: The type is an integer type.
Type sizeof: 4

[INFO -- 2018-10-16 20:03:06]
Fault Injection Successful after 8.284072637557983s
[INFO -- 2018-10-16 20:03:08]
event type: exit
[INFO -- 2018-10-16 20:03:08]
exit code: 0
