[INFO -- 2018-11-30 18:23:32]
Starting flip_value script
version: 1.1
[INFO -- 2018-11-30 18:23:32]
Initialization strings:
[INFO -- 2018-11-30 18:23:32]
(1) file /home/latansini/Desktop/CAROL-FI/etapa2/carol-fi/codes/fftfulldup/fft_nn.out
[INFO -- 2018-11-30 18:23:32]
(2) set args 32768 /home/latansini/Desktop/CAROL-FI/etapa2/carol-fi/codes/fftfulldup/output.data
[INFO -- 2018-11-30 18:23:32]
initSignal:0
[INFO -- 2018-11-30 18:23:32]
endSignal:40
[INFO -- 2018-11-30 18:23:32]
faultModel:1
[EXCEPTION -- 2018-11-30 18:24:05]
gdbException: Tentativo de desreferenciar um ponteiro genérico.
[INFO -- 2018-11-30 18:24:05]
Backtrace BEGIN:
#0  0x00007ffff6fab6c7 in _IO_vfscanf_internal (s=s@entry=0x618f00, format=0x7ffff7bd4010 "cascade_candidate_change_fraction=%f\n", argptr=argptr@entry=0x7fffffffd2a8, errp=errp@entry=0x0) at vfscanf.c:327
#1  0x00007ffff6fb5162 in __isoc99_fscanf (stream=0x618f00, format=<optimized out>) at isoc99_fscanf.c:34
#2  0x00007ffff7bceb6a in fann_create_from_fd () from /usr/local/lib/libfann.so.2
#3  0x00007ffff7bcf608 in fann_create_from_file () from /usr/local/lib/libfann.so.2
#4  0x0000000000401de7 in radix2DitCooleyTykeyFft(int, int*, Complex*, Complex*) ()
#5  0x0000000000401879 in main ()

322	in vfscanf.c

Backtrace END
Fliping value of field: __value
Fliping value of field name: __wchb
Fliping array at pos: 1
Memory content before bitflip:0x00
Fault Model: Double bit-flip
base address to flip value: 0x7fffffffd0c5 
address max offset: 1
Memory content after  bitflip:0x0c
frame name: _IO_vfscanf_internal
symbol name: state
symbol filename: vfscanf.c
symbol line: 252
value: {__count = 0, __value = {__wch = 3072, __wchb = "\000\f\000"}}
value address: 0x7fffffffd0c0
Type: The type is a structure.
Type sizeof: 8
Field name: __count
Field Type: The type is an integer type.
Field Type sizeof: 4
Field name: __value
Field Type: The type is a union.
Field Type sizeof: 4

[INFO -- 2018-11-30 18:24:05]
Fault Injection Successful after 33.18963098526001s
[INFO -- 2018-11-30 18:24:12]
event type: exit
[INFO -- 2018-11-30 18:24:12]
exit code: 0
