[INFO -- 2018-10-11 12:29:57]
Starting flip_value script
version: 1.1
[INFO -- 2018-10-11 12:29:57]
Initialization strings:
[INFO -- 2018-10-11 12:29:57]
(1) file /tmp/fft_nn/fft_nn.out
[INFO -- 2018-10-11 12:29:57]
(2) set args 32768 /tmp/fft_nn/output_falha.data
[INFO -- 2018-10-11 12:29:57]
initSignal:5
[INFO -- 2018-10-11 12:29:57]
endSignal:10
[INFO -- 2018-10-11 12:29:57]
faultModel:1
[INFO -- 2018-10-11 12:30:06]
Backtrace BEGIN:
#0  round_and_return (retval=0x7fffffffcf10, exponent=-2, negative=negative@entry=0, round_limb=round_limb@entry=7094191958922362879, round_bit=<optimized out>, more_bits=1) at strtod_l.c:303
#1  0x00007ffff7013332 in __GI_____strtof_l_internal (nptr=<optimized out>, endptr=<optimized out>, group=<optimized out>, loc=<optimized out>) at strtod_l.c:1613
#2  0x00007ffff7011d60 in __GI___strtof_internal (nptr=<optimized out>, endptr=<optimized out>, group=<optimized out>) at strtod.c:54
#3  0x00007ffff702b948 in _IO_vfscanf_internal (s=s@entry=0x6062c0, format=<optimized out>, argptr=argptr@entry=0x7fffffffd408, errp=errp@entry=0x0) at vfscanf.c:2365
#4  0x00007ffff7032162 in __isoc99_fscanf (stream=0x6062c0, format=<optimized out>) at isoc99_fscanf.c:34
#5  0x00007ffff7bcf187 in fann_create_from_fd () from /usr/local/lib/libfann.so.2
#6  0x00007ffff7bcf608 in fann_create_from_file () from /usr/local/lib/libfann.so.2
#7  0x00000000004019b7 in radix2DitCooleyTykeyFft(int, int*, Complex*, Complex*) ()
#8  0x0000000000401631 in main ()

298	strtod_l.c: Arquivo ou diretório não encontrado.

Backtrace END
Fliping array at pos: 10
Memory content before bitflip:0x66
Fault Model: Double bit-flip
base address to flip value: 0x7ffff715cc0a  
address max offset: 1
Memory content after  bitflip:0xa6
frame name: _IO_vfscanf_internal
symbol name: __PRETTY_FUNCTION__
symbol filename: vfscanf.c
symbol line: 0
value: "_IO_vfscan\246_internal"
value address: 0x7ffff715cc00 <__PRETTY_FUNCTION__.11925>
Type: The type is an array.
Type sizeof: 21
Field name: None
Field Type: A range type, that is, an integer type with bounds.
Field Type sizeof: 8
Field Type range: (0, 20)

[INFO -- 2018-10-11 12:30:06]
Fault Injection Successful after 9.3079354763031s
[INFO -- 2018-10-11 12:30:17]
event type: exit
[INFO -- 2018-10-11 12:30:17]
exit code: 0
