[INFO -- 2018-12-02 05:33:07]
Starting flip_value script
version: 1.1
[INFO -- 2018-12-02 05:33:07]
Initialization strings:
[INFO -- 2018-12-02 05:33:07]
(1) file /home/latansini/Desktop/CAROL-FI/etapa2/carol-fi/codes/fftfulldup/fft_nn.out
[INFO -- 2018-12-02 05:33:07]
(2) set args 32768 /home/latansini/Desktop/CAROL-FI/etapa2/carol-fi/codes/fftfulldup/output.data
[INFO -- 2018-12-02 05:33:07]
initSignal:0
[INFO -- 2018-12-02 05:33:07]
endSignal:40
[INFO -- 2018-12-02 05:33:07]
faultModel:3
[INFO -- 2018-12-02 05:33:14]
Backtrace BEGIN:
#0  0x00007ffff6fabaf6 in _IO_vfscanf_internal (s=s@entry=0x618f00, format=<optimized out>, argptr=argptr@entry=0x7fffffffd2a8, errp=errp@entry=0x0) at vfscanf.c:614
#1  0x00007ffff6fb5162 in __isoc99_fscanf (stream=0x618f00, format=<optimized out>) at isoc99_fscanf.c:34
#2  0x00007ffff7bcf0eb in fann_create_from_fd () from /usr/local/lib/libfann.so.2
#3  0x00007ffff7bcf608 in fann_create_from_file () from /usr/local/lib/libfann.so.2
#4  0x0000000000401de7 in radix2DitCooleyTykeyFft(int, int*, Complex*, Complex*) ()
#5  0x0000000000401857 in main ()

609	vfscanf.c: Arquivo ou diretório não encontrado.

Backtrace END
Memory content before bitflip:0x000x010x000x000x000x000x000x00
Fault Model: Zero bit-flip
base address to flip value: 0x7fffffffd080
address max offset: 8
Memory content after  bitflip:0x000x000x000x000x000x000x000x00
frame name: _IO_vfscanf_internal
symbol name: wpmax
symbol filename: vfscanf.c
symbol line: 273
value: 0
value address: 0x7fffffffd080
Type: The type is an integer type.
Type sizeof: 8

[INFO -- 2018-12-02 05:33:14]
Fault Injection Successful after 7.589387893676758s
[INFO -- 2018-12-02 05:33:46]
event type: exit
[INFO -- 2018-12-02 05:33:46]
exit code: 0
