[INFO -- 2018-10-16 10:46:07]
Starting flip_value script
version: 1.1
[INFO -- 2018-10-16 10:46:07]
Initialization strings:
[INFO -- 2018-10-16 10:46:07]
(1) file /home/latansini/Desktop/trabalhoftf/carol-fi/sample-code/inverse_nn/inversek2j_nn.out
[INFO -- 2018-10-16 10:46:07]
(2) set args /home/latansini/Desktop/trabalhoftf/carol-fi/sample-code/inverse_nn/input_250k /home/latansini/Desktop/trabalhoftf/carol-fi/sample-code/inverse_nn/output_falha.data
[INFO -- 2018-10-16 10:46:07]
initSignal:0
[INFO -- 2018-10-16 10:46:07]
endSignal:2
[INFO -- 2018-10-16 10:46:07]
faultModel:0
[INFO -- 2018-10-16 10:46:07]
Backtrace BEGIN:
#0  0x00007ffff7012397 in round_and_return (retval=0x7fffffffcbe0, exponent=-3, negative=negative@entry=0, round_limb=round_limb@entry=4176864903769882624, round_bit=<optimized out>, more_bits=1) at strtod_l.c:315
#1  0x00007ffff7013332 in __GI_____strtof_l_internal (nptr=<optimized out>, endptr=<optimized out>, group=<optimized out>, loc=<optimized out>) at strtod_l.c:1613
#2  0x00007ffff7011d60 in __GI___strtof_internal (nptr=<optimized out>, endptr=<optimized out>, group=<optimized out>) at strtod.c:54
#3  0x00007ffff702b948 in _IO_vfscanf_internal (s=s@entry=0x608610, format=<optimized out>, argptr=argptr@entry=0x7fffffffd0d8, errp=errp@entry=0x0) at vfscanf.c:2365
#4  0x00007ffff7032162 in __isoc99_fscanf (stream=0x608610, format=<optimized out>) at isoc99_fscanf.c:34
#5  0x00007ffff7bcf187 in fann_create_from_fd () from /usr/local/lib/libfann.so.2
#6  0x00007ffff7bcf608 in fann_create_from_file () from /usr/local/lib/libfann.so.2
#7  0x000000000040199e in inversek2j(float, float, float*, float*) ()
#8  0x0000000000401631 in main ()

310	strtod_l.c: Arquivo ou diretório não encontrado.

Backtrace END
Memory content before bitflip:0xfe0xff0xff0xff0xff0xff0xff0xff
Fault Model: Single bit-flip
base address to flip value: 0x7fffffffcbd0
address max offset: 8
Memory content after  bitflip:0xfe0xff0xff0xff0xff0xff0xdf0xff
frame name: __GI_____strtof_l_internal
symbol name: exponent
symbol filename: strtod_l.c
symbol line: 486
value: -9007199254740994
value address: 0x7fffffffcbd0
Type: The type is an integer type.
Type sizeof: 8

[INFO -- 2018-10-16 10:46:07]
Fault Injection Successful after 0.5247414112091064s
[INFO -- 2018-10-16 10:46:17]
event type: exit
[INFO -- 2018-10-16 10:46:17]
exit code: 0
