[INFO -- 2018-10-11 23:23:45]
sending 5 signals using command: 'killall -2 fft_nn.out' after 22.0766880939s
[INFO -- 2018-10-11 23:23:45]
sending 5 signals using command: 'killall -2 fft_nn.out' after 22.0819458882s
[INFO -- 2018-10-11 23:23:47]
sending 5 signals using command: 'killall -2 fft_nn.out' after 24.0731200831s
[INFO -- 2018-10-11 23:23:47]
Starting GDB script
[INFO -- 2018-10-11 23:23:47]
initSignal:0.0
[INFO -- 2018-10-11 23:23:47]
endSignal:5.0
[INFO -- 2018-10-11 23:23:48]
sending 5 signals using command: 'killall -2 fft_nn.out' after 1.02811077327s
[INFO -- 2018-10-11 23:23:48]
sending 5 signals using command: 'killall -2 fft_nn.out' after 1.37381517046s
[INFO -- 2018-10-11 23:23:50]
sending 5 signals using command: 'killall -2 fft_nn.out' after 2.87861172184s
[INFO -- 2018-10-11 23:24:08]
Execution finished before waitTime
