[INFO -- 2018-10-05 23:53:34]
sending 5 signals using command: 'killall -2 fft_nn.out' after 22.7276315734s
[INFO -- 2018-10-05 23:53:34]
sending 5 signals using command: 'killall -2 fft_nn.out' after 22.8568012672s
[INFO -- 2018-10-05 23:53:36]
sending 5 signals using command: 'killall -2 fft_nn.out' after 24.8361495161s
[INFO -- 2018-10-05 23:53:36]
Starting GDB script
[INFO -- 2018-10-05 23:53:36]
initSignal:0.0
[INFO -- 2018-10-05 23:53:36]
endSignal:5.0
[INFO -- 2018-10-05 23:53:37]
sending 5 signals using command: 'killall -2 fft_nn.out' after 1.0394968447s
[INFO -- 2018-10-05 23:53:39]
sending 5 signals using command: 'killall -2 fft_nn.out' after 2.79943344767s
[INFO -- 2018-10-05 23:53:40]
sending 5 signals using command: 'killall -2 fft_nn.out' after 4.0692735813s
[INFO -- 2018-10-05 23:53:56]
Execution finished before waitTime
