[INFO -- 2018-10-10 05:11:45]
Starting flip_value script
version: 1.1
[INFO -- 2018-10-10 05:11:45]
Initialization strings:
[INFO -- 2018-10-10 05:11:45]
(1) file /tmp/fft_nn/fft_nn.out
[INFO -- 2018-10-10 05:11:45]
(2) set args 32768 /tmp/fft_nn/output_falha.data
[INFO -- 2018-10-10 05:11:45]
initSignal:0
[INFO -- 2018-10-10 05:11:45]
endSignal:5
[INFO -- 2018-10-10 05:11:45]
faultModel:0
[INFO -- 2018-10-10 05:11:49]
Backtrace BEGIN:
#0  __GI__IO_link_in (fp=fp@entry=0x6062c0) at genops.c:109
#1  0x00007ffff704daf2 in _IO_new_file_init (fp=fp@entry=0x6062c0) at fileops.c:150
#2  0x00007ffff70423c3 in __fopen_internal (filename=0x4025a3 "./fft.nn", mode=0x7ffff7bd3cd1 "r", is32=1) at iofopen.c:86
#3  0x00007ffff7bcf5f5 in fann_create_from_file () from /usr/local/lib/libfann.so.2
#4  0x00000000004019b7 in radix2DitCooleyTykeyFft(int, int*, Complex*, Complex*) ()
#5  0x0000000000401631 in main ()

104	genops.c: Arquivo ou diretório não encontrado.

Backtrace END
Memory content before bitflip:0x00
Fault Model: Single bit-flip
base address to flip value: 0x7ffff7398990 
address max offset: 1
Memory content after  bitflip:0x02
frame name: __GI__IO_link_in
symbol name: dealloc_buffers
symbol filename: genops.c
symbol line: 943
value: 2
value address: 0x7ffff7398990 <dealloc_buffers>
Type: A boolean type.
Type sizeof: 1

[INFO -- 2018-10-10 05:11:49]
Fault Injection Successful after 4.100044250488281s
[INFO -- 2018-10-10 05:12:05]
event type: exit
[INFO -- 2018-10-10 05:12:05]
exit code: 0
