[INFO -- 2018-10-10 19:16:52]
Starting flip_value script
version: 1.1
[INFO -- 2018-10-10 19:16:52]
Initialization strings:
[INFO -- 2018-10-10 19:16:52]
(1) file /tmp/fft_nn/fft_nn.out
[INFO -- 2018-10-10 19:16:52]
(2) set args 32768 /tmp/fft_nn/output_falha.data
[INFO -- 2018-10-10 19:16:52]
initSignal:0
[INFO -- 2018-10-10 19:16:52]
endSignal:5
[INFO -- 2018-10-10 19:16:52]
faultModel:0
[EXCEPTION -- 2018-10-10 19:16:54]
gdbException: Tentativo de desreferenciar um ponteiro genérico.
[EXCEPTION -- 2018-10-10 19:16:54]
gdbException: Tentativo de desreferenciar um ponteiro genérico.
[INFO -- 2018-10-10 19:16:54]
Backtrace BEGIN:
#0  0x00007ffff70289ae in _IO_vfscanf_internal (s=s@entry=0x3129ce0, format=<optimized out>, argptr=argptr@entry=0x7fffffffd408, errp=errp@entry=0x0) at vfscanf.c:435
#1  0x00007ffff7032162 in __isoc99_fscanf (stream=0x3129ce0, format=<optimized out>) at isoc99_fscanf.c:34
#2  0x00007ffff7bcf0a9 in fann_create_from_fd () from /usr/local/lib/libfann.so.2
#3  0x00007ffff7bcf608 in fann_create_from_file () from /usr/local/lib/libfann.so.2
#4  0x00000000004019b7 in radix2DitCooleyTykeyFft(int, int*, Complex*, Complex*) ()
#5  0x0000000000401631 in main ()

430	in vfscanf.c

Backtrace END
Memory content before bitflip:0x000x000x000x000x000x000x000x00
Fault Model: Single bit-flip
base address to flip value: 0x7fffffffd1b0
address max offset: 8
Memory content after  bitflip:0x000x000x000x000x010x000x000x00
frame name: _IO_vfscanf_internal
symbol name: strsize
symbol filename: vfscanf.c
symbol line: 265
value: 4294967296
value address: 0x7fffffffd1b0
Type: The type is an integer type.
Type sizeof: 8

[INFO -- 2018-10-10 19:16:54]
Fault Injection Successful after 2.6789939403533936s
[INFO -- 2018-10-10 19:17:12]
event type: exit
[INFO -- 2018-10-10 19:17:12]
exit code: 0
