[INFO -- 2018-10-11 08:54:40]
sending 5 signals using command: 'killall -2 fft_nn.out' after 21.8310564352s
[INFO -- 2018-10-11 08:54:41]
sending 5 signals using command: 'killall -2 fft_nn.out' after 22.0506017582s
[INFO -- 2018-10-11 08:54:41]
sending 5 signals using command: 'killall -2 fft_nn.out' after 22.6889279283s
[INFO -- 2018-10-11 08:54:41]
Starting GDB script
[INFO -- 2018-10-11 08:54:41]
initSignal:0.0
[INFO -- 2018-10-11 08:54:41]
endSignal:5.0
[INFO -- 2018-10-11 08:54:41]
sending 5 signals using command: 'killall -2 fft_nn.out' after 0.124420009313s
[INFO -- 2018-10-11 08:54:42]
sending 5 signals using command: 'killall -2 fft_nn.out' after 1.18775254107s
[INFO -- 2018-10-11 08:54:44]
sending 5 signals using command: 'killall -2 fft_nn.out' after 2.56120452079s
[INFO -- 2018-10-11 08:55:02]
Execution finished before waitTime
