[INFO -- 2018-12-03 22:46:30]
Starting flip_value script
version: 1.1
[INFO -- 2018-12-03 22:46:30]
Initialization strings:
[INFO -- 2018-12-03 22:46:30]
(1) file /home/latansini/carol-fi/carol-fi/codes/nnfulldup/nn-knl-files/nn
[INFO -- 2018-12-03 22:46:30]
(2) set args /home/latansini/carol-fi/carol-fi/codes/nnfulldup/nn-knl-files/filelist 20 5 5 /home/latansini/carol-fi/carol-fi/codes/nnfulldup/nn-knl-files/out20_5_5
[INFO -- 2018-12-03 22:46:30]
initSignal:0
[INFO -- 2018-12-03 22:46:30]
endSignal:2
[INFO -- 2018-12-03 22:46:30]
faultModel:2
[EXCEPTION -- 2018-12-03 22:46:31]
gdbException: A syntax error in expression, near `...'.
[EXCEPTION -- 2018-12-03 22:46:31]
pythonException: invalid frame
[EXCEPTION -- 2018-12-03 22:46:31]
pythonException: invalid frame
[EXCEPTION -- 2018-12-03 22:46:31]
pythonException: invalid frame
[EXCEPTION -- 2018-12-03 22:46:31]
pythonException: invalid frame
[EXCEPTION -- 2018-12-03 22:46:31]
pythonException: invalid frame
[EXCEPTION -- 2018-12-03 22:46:31]
pythonException: invalid frame
[EXCEPTION -- 2018-12-03 22:46:31]
pythonException: invalid frame
[EXCEPTION -- 2018-12-03 22:46:31]
pythonException: invalid frame
[EXCEPTION -- 2018-12-03 22:46:31]
pythonException: invalid frame
[EXCEPTION -- 2018-12-03 22:46:31]
pythonException: invalid frame
[EXCEPTION -- 2018-12-03 22:46:31]
pythonException: invalid frame
[INFO -- 2018-12-03 22:46:31]
Backtrace BEGIN:
#0  0x00007ffff78d4e49 in ?? () from /usr/lib/x86_64-linux-gnu/libgomp.so.1
#1  0x00007ffff78d2722 in ?? () from /usr/lib/x86_64-linux-gnu/libgomp.so.1
#2  0x00007ffff76b0064 in start_thread (arg=0x7ffff42f6700) at pthread_create.c:309
#3  0x00007ffff73e562d in clone () at ../sysdeps/unix/sysv/linux/x86_64/clone.S:111

178	    float target_lat, target_long;
179	    char * gold_filename, * filename;
180	    struct neighbor *data1 = NULL;
181	    struct neighbor *data2 = NULL;
182	
183	    if(argc < 6) {
184	        fprintf(stderr, "Invalid set of arguments:\n");
185	        fprintf(stderr, "%s <filelist> <num neighbors to find> <target latitude> <target longitude> <out filename>\n",argv[0]);
186	        exit(-1);
187	    }

Backtrace END
Fliping a bit of the value pointed by a pointer
Fliping value of field: _offset
Memory content before bitflip:0xff0xff0xff0xff0xff0xff0xff0xff
Fault Model: Random bit-flip
base address to flip value: 0x6020c0
address max offset: 8
Memory content after  bitflip:0xd00x0c0x940x8b0xb20x420x6f0x5e
frame name: nn_wrapper
symbol name: flist
symbol filename: nn.c
symbol line: 32
value: 0x602030
value address: 0x7fffffffe3e0
Type: The type is a pointer.
Type sizeof: 8

[INFO -- 2018-12-03 22:46:31]
Fault Injection Successful after 1.6531150341s
[INFO -- 2018-12-03 22:46:33]
event type: exit
[INFO -- 2018-12-03 22:46:33]
exit code: 0
