[INFO -- 2018-10-09 18:49:47]
sending 5 signals using command: 'killall -2 fft_nn.out' after 21.9105118491s
[INFO -- 2018-10-09 18:49:47]
sending 5 signals using command: 'killall -2 fft_nn.out' after 22.0881322813s
[INFO -- 2018-10-09 18:49:50]
sending 5 signals using command: 'killall -2 fft_nn.out' after 24.8603069347s
[INFO -- 2018-10-09 18:49:50]
Starting GDB script
[INFO -- 2018-10-09 18:49:50]
initSignal:0.0
[INFO -- 2018-10-09 18:49:50]
endSignal:5.0
[INFO -- 2018-10-09 18:49:50]
sending 5 signals using command: 'killall -2 fft_nn.out' after 0.111274301855s
[INFO -- 2018-10-09 18:49:52]
sending 5 signals using command: 'killall -2 fft_nn.out' after 1.64843040475s
[INFO -- 2018-10-09 18:49:53]
sending 5 signals using command: 'killall -2 fft_nn.out' after 3.5008754417s
[INFO -- 2018-10-09 18:50:11]
Execution finished before waitTime
