[INFO -- 2018-10-09 12:54:12]
sending 5 signals using command: 'killall -2 fft_nn.out' after 21.1734945808s
[INFO -- 2018-10-09 12:54:14]
sending 5 signals using command: 'killall -2 fft_nn.out' after 22.6696707827s
[INFO -- 2018-10-09 12:54:16]
sending 5 signals using command: 'killall -2 fft_nn.out' after 24.9181426327s
[INFO -- 2018-10-09 12:54:16]
Starting GDB script
[INFO -- 2018-10-09 12:54:16]
initSignal:0.0
[INFO -- 2018-10-09 12:54:16]
endSignal:5.0
[INFO -- 2018-10-09 12:54:18]
sending 5 signals using command: 'killall -2 fft_nn.out' after 2.17039749656s
[INFO -- 2018-10-09 12:54:19]
sending 5 signals using command: 'killall -2 fft_nn.out' after 2.31193273682s
[INFO -- 2018-10-09 12:54:19]
sending 5 signals using command: 'killall -2 fft_nn.out' after 3.0991806649s
[INFO -- 2018-10-09 12:54:37]
Execution finished before waitTime
