[INFO -- 2018-10-08 19:51:23]
sending 5 signals using command: 'killall -2 fft_nn.out' after 21.1102354021s
[INFO -- 2018-10-08 19:51:25]
sending 5 signals using command: 'killall -2 fft_nn.out' after 23.0997907332s
[INFO -- 2018-10-08 19:51:27]
sending 5 signals using command: 'killall -2 fft_nn.out' after 24.5452438349s
[INFO -- 2018-10-08 19:51:27]
Starting GDB script
[INFO -- 2018-10-08 19:51:27]
initSignal:0.0
[INFO -- 2018-10-08 19:51:27]
endSignal:5.0
[INFO -- 2018-10-08 19:51:28]
sending 5 signals using command: 'killall -2 fft_nn.out' after 1.17806757765s
[INFO -- 2018-10-08 19:51:30]
sending 5 signals using command: 'killall -2 fft_nn.out' after 2.92718118524s
[INFO -- 2018-10-08 19:51:30]
sending 5 signals using command: 'killall -2 fft_nn.out' after 3.83153359038s
[INFO -- 2018-10-08 19:51:48]
Execution finished before waitTime
