[INFO -- 2018-11-30 21:01:31]
Starting flip_value script
version: 1.1
[INFO -- 2018-11-30 21:01:31]
Initialization strings:
[INFO -- 2018-11-30 21:01:31]
(1) file /home/lignati/carol-fi/codes/inversefulldup/inversek2j.nn.out
[INFO -- 2018-11-30 21:01:31]
(2) set args /home/lignati/carol-fi/codes/inversefulldup/input_250k /home/lignati/carol-fi/codes/inversefulldup/output_falha.data
[INFO -- 2018-11-30 21:01:31]
initSignal:0
[INFO -- 2018-11-30 21:01:31]
endSignal:25
[INFO -- 2018-11-30 21:01:31]
faultModel:1
[INFO -- 2018-11-30 21:01:53]
Backtrace BEGIN:
#0  __memcpy_sse2 () at ../sysdeps/x86_64/multiarch/../memcpy.S:111
#1  0x00007ffff7013b7b in __GI_____strtof_l_internal (nptr=<optimized out>, endptr=<optimized out>, group=<optimized out>, loc=<optimized out>) at strtod_l.c:1403
#2  0x00007ffff7012d60 in __GI___strtof_internal (nptr=<optimized out>, endptr=<optimized out>, group=<optimized out>) at strtod.c:54
#3  0x00007ffff702c948 in _IO_vfscanf_internal (s=s@entry=0x11c818b0, format=<optimized out>, argptr=argptr@entry=0x7fffffffcf38, errp=errp@entry=0x0) at vfscanf.c:2365
#4  0x00007ffff7033162 in __isoc99_fscanf (stream=0x11c818b0, format=<optimized out>) at isoc99_fscanf.c:34
#5  0x00007ffff7bcac42 in fann_create_from_fd () from /usr/local/lib/libfann.so.2
#6  0x00007ffff7bc8073 in fann_create_from_file () from /usr/local/lib/libfann.so.2
#7  0x0000000000402061 in inversek2j(float, float, float*, float*) ()
#8  0x00000000004019dd in main ()

106	../sysdeps/x86_64/multiarch/../memcpy.S: No such file or directory.

Backtrace END
Fliping array at pos: 0
Fliping value of field: fp_offset
Memory content before bitflip:0x300x000x000x00
Fault Model: Double bit-flip
base address to flip value: 0x7fffffffcf3c
address max offset: 4
Memory content after  bitflip:0x300x000x000x11
frame name: __isoc99_fscanf
symbol name: arg
symbol filename: isoc99_fscanf.c
symbol line: 27
value: {{gp_offset = 16, fp_offset = 285212720, overflow_arg_area = 0x7fffffffd010, reg_save_area = 0x7fffffffcf50}}
value address: 0x7fffffffcf38
Type: The type is an array.
Type sizeof: 24

[INFO -- 2018-11-30 21:01:53]
Fault Injection Successful after 22.10229802131653s
[INFO -- 2018-11-30 21:01:57]
event type: exit
[INFO -- 2018-11-30 21:01:57]
exit code: 0
