[INFO -- 2018-10-12 13:13:40]
sending 5 signals using command: 'killall -2 fft_nn.out' after 22.9416250182s
[INFO -- 2018-10-12 13:13:42]
sending 5 signals using command: 'killall -2 fft_nn.out' after 24.5679765941s
[INFO -- 2018-10-12 13:13:42]
sending 5 signals using command: 'killall -2 fft_nn.out' after 24.8242765264s
[INFO -- 2018-10-12 13:13:42]
Starting GDB script
[INFO -- 2018-10-12 13:13:42]
initSignal:0.0
[INFO -- 2018-10-12 13:13:42]
endSignal:5.0
[INFO -- 2018-10-12 13:13:42]
sending 5 signals using command: 'killall -2 fft_nn.out' after 0.191566147292s
[INFO -- 2018-10-12 13:13:44]
sending 5 signals using command: 'killall -2 fft_nn.out' after 1.75188338994s
[INFO -- 2018-10-12 13:13:46]
sending 5 signals using command: 'killall -2 fft_nn.out' after 4.18172825275s
[INFO -- 2018-10-12 13:14:03]
Execution finished before waitTime
