[INFO -- 2018-10-07 13:32:45]
sending 5 signals using command: 'killall -2 fft_nn.out' after 20.1536700659s
[INFO -- 2018-10-07 13:32:49]
sending 5 signals using command: 'killall -2 fft_nn.out' after 23.8506723483s
[INFO -- 2018-10-07 13:32:50]
sending 5 signals using command: 'killall -2 fft_nn.out' after 24.5301300826s
[INFO -- 2018-10-07 13:32:50]
Starting GDB script
[INFO -- 2018-10-07 13:32:50]
initSignal:0.0
[INFO -- 2018-10-07 13:32:50]
endSignal:5.0
[INFO -- 2018-10-07 13:32:52]
sending 5 signals using command: 'killall -2 fft_nn.out' after 2.09267866067s
[INFO -- 2018-10-07 13:32:53]
sending 5 signals using command: 'killall -2 fft_nn.out' after 3.2790348066s
[INFO -- 2018-10-07 13:32:53]
sending 5 signals using command: 'killall -2 fft_nn.out' after 3.61743514467s
[INFO -- 2018-10-07 13:33:10]
Execution finished before waitTime
