[INFO -- 2018-10-08 18:45:01]
sending 5 signals using command: 'killall -2 fft_nn.out' after 21.07729407s
[INFO -- 2018-10-08 18:45:02]
sending 5 signals using command: 'killall -2 fft_nn.out' after 21.5356403517s
[INFO -- 2018-10-08 18:45:03]
sending 5 signals using command: 'killall -2 fft_nn.out' after 22.6642740027s
[INFO -- 2018-10-08 18:45:03]
Starting GDB script
[INFO -- 2018-10-08 18:45:03]
initSignal:0.0
[INFO -- 2018-10-08 18:45:03]
endSignal:5.0
[INFO -- 2018-10-08 18:45:03]
sending 5 signals using command: 'killall -2 fft_nn.out' after 0.527806354334s
[INFO -- 2018-10-08 18:45:06]
sending 5 signals using command: 'killall -2 fft_nn.out' after 3.38826406393s
[INFO -- 2018-10-08 18:45:07]
sending 5 signals using command: 'killall -2 fft_nn.out' after 4.65336741379s
[INFO -- 2018-10-08 18:45:24]
Execution finished before waitTime
