[INFO -- 2018-10-06 00:53:08]
Starting flip_value script
version: 1.1
[INFO -- 2018-10-06 00:53:08]
Initialization strings:
[INFO -- 2018-10-06 00:53:08]
(1) file /tmp/fft_nn/fft_nn.out
[INFO -- 2018-10-06 00:53:08]
(2) set args 32768 /tmp/fft_nn/output_falha.data
[INFO -- 2018-10-06 00:53:08]
initSignal:10
[INFO -- 2018-10-06 00:53:08]
endSignal:15
[INFO -- 2018-10-06 00:53:08]
faultModel:3
[INFO -- 2018-10-06 00:53:18]
Backtrace BEGIN:
#0  0x00007ffff7011f78 in str_to_mpn (str=0x7fffffffd4c1 ".03260159492492675781e+00", str@entry=0x7fffffffd4c0 "1.03260159492492675781e+00", digcnt=<optimized out>, digcnt@entry=1, n=n@entry=0x7fffffffd3e0, nsize=nsize@entry=0x7fffffffd3b0, exponent=exponent@entry=0x7fffffffd3c0, decimal_len=decimal_len@entry=1, thousands=thousands@entry=0x0, decimal=0x7ffff715614b <dot> ".") at strtod_l.c:403
#1  0x00007ffff7013c0a in __GI_____strtof_l_internal (nptr=<optimized out>, endptr=0x7fffffffd6f0, group=<optimized out>, loc=<optimized out>) at strtod_l.c:1176
#2  0x00007ffff7011d60 in __GI___strtof_internal (nptr=<optimized out>, endptr=<optimized out>, group=<optimized out>) at strtod.c:54
#3  0x00007ffff702b948 in _IO_vfscanf_internal (s=s@entry=0x6062c0, format=<optimized out>, argptr=argptr@entry=0x7fffffffd8c8, errp=errp@entry=0x0) at vfscanf.c:2365
#4  0x00007ffff7032162 in __isoc99_fscanf (stream=0x6062c0, format=<optimized out>) at isoc99_fscanf.c:34
#5  0x00007ffff7bcf187 in fann_create_from_fd () from /usr/local/lib/libfann.so.2
#6  0x00007ffff7bcf608 in fann_create_from_file () from /usr/local/lib/libfann.so.2
#7  0x00000000004019b7 in radix2DitCooleyTykeyFft(int, int*, Complex*, Complex*) ()
#8  0x0000000000401631 in main ()

398	strtod_l.c: Arquivo ou diretório não encontrado.

Backtrace END
Fliping value of field: __routine
Fliping a bit of the value pointed by a pointer
Memory content before bitflip:0x48
Fault Model: Zero bit-flip
base address to flip value: 0x7ffff7031cc0 
address max offset: 1
Memory content after  bitflip:0x00
frame name: _IO_vfscanf_internal
symbol name: _buffer
symbol filename: vfscanf.c
symbol line: 358
value: {__routine = 0x7ffff7031cc0 <__funlockfile>, __arg = 0x6062c0, __canceltype = 0, __prev = 0x0}
value address: 0x7fffffffd740
Type: The type is a structure.
Type sizeof: 32
Field name: __routine
Field Type: The type is a pointer.
Field Type sizeof: 8
Field name: __arg
Field Type: The type is a pointer.
Field Type sizeof: 8
Field name: __canceltype
Field Type: The type is an integer type.
Field Type sizeof: 4
Field name: __prev
Field Type: The type is a pointer.
Field Type sizeof: 8

[INFO -- 2018-10-06 00:53:18]
Fault Injection Successful after 10.835798263549805s
[INFO -- 2018-10-06 00:53:28]
event type: exit
[INFO -- 2018-10-06 00:53:28]
exit code: 0
