[INFO -- 2018-10-09 18:19:58]
sending 5 signals using command: 'killall -2 fft_nn.out' after 22.6884407909s
[INFO -- 2018-10-09 18:19:58]
sending 5 signals using command: 'killall -2 fft_nn.out' after 22.7547718915s
[INFO -- 2018-10-09 18:20:01]
sending 5 signals using command: 'killall -2 fft_nn.out' after 24.9808306745s
[INFO -- 2018-10-09 18:20:01]
Starting GDB script
[INFO -- 2018-10-09 18:20:01]
initSignal:0.0
[INFO -- 2018-10-09 18:20:01]
endSignal:5.0
[INFO -- 2018-10-09 18:20:01]
sending 5 signals using command: 'killall -2 fft_nn.out' after 0.287374561016s
[INFO -- 2018-10-09 18:20:04]
sending 5 signals using command: 'killall -2 fft_nn.out' after 2.83334384237s
[INFO -- 2018-10-09 18:20:04]
sending 5 signals using command: 'killall -2 fft_nn.out' after 2.87168285539s
[INFO -- 2018-10-09 18:20:22]
Execution finished before waitTime
