[INFO -- 2018-12-03 10:27:07]
Starting flip_value script
version: 1.1
[INFO -- 2018-12-03 10:27:07]
Initialization strings:
[INFO -- 2018-12-03 10:27:07]
(1) file /home/latansini/carol-fi/carol-fi/codes/nnfulldup/nn-knl-files/nn
[INFO -- 2018-12-03 10:27:07]
(2) set args /home/latansini/carol-fi/carol-fi/codes/nnfulldup/nn-knl-files/filelist 20 5 5 /home/latansini/carol-fi/carol-fi/codes/nnfulldup/nn-knl-files/out20_5_5
[INFO -- 2018-12-03 10:27:07]
initSignal:0
[INFO -- 2018-12-03 10:27:07]
endSignal:2
[INFO -- 2018-12-03 10:27:07]
faultModel:2
[EXCEPTION -- 2018-12-03 10:27:08]
pythonException: invalid frame
[EXCEPTION -- 2018-12-03 10:27:08]
pythonException: invalid frame
[EXCEPTION -- 2018-12-03 10:27:08]
pythonException: invalid frame
[EXCEPTION -- 2018-12-03 10:27:08]
pythonException: invalid frame
[EXCEPTION -- 2018-12-03 10:27:08]
pythonException: invalid frame
[INFO -- 2018-12-03 10:27:08]
Backtrace BEGIN:
#0  0x00007ffff78d4c7e in ?? () from /usr/lib/x86_64-linux-gnu/libgomp.so.1
#1  0x00007ffff78d2d39 in ?? () from /usr/lib/x86_64-linux-gnu/libgomp.so.1
#2  0x00007ffff78ce7da in GOMP_parallel () from /usr/lib/x86_64-linux-gnu/libgomp.so.1
#3  0x0000000000400f98 in nn_wrapper (filename=0x7fffffffe7d7 "/home/latansini/carol-fi/carol-fi/codes/nnfulldup/nn-knl-files/filelist", k=20, target_lat=5, target_long=5) at nn.c:97
#4  0x000000000040148d in main (argc=6, argv=0x7fffffffe568) at nn.c:195

168			fclose(logfile);
169		}
170	
171		if(file!= NULL){
172	    		fclose(file);
173		}
174	}
175	
176	int main(int argc, char* argv[]) {
177	    int    k=0;

Backtrace END
Fliping array at pos: 461
Memory content before bitflip:0x52
Fault Model: Random bit-flip
base address to flip value: 0x7fffffffe39d 
address max offset: 1
Memory content after  bitflip:0x92
frame name: nn_wrapper
symbol name: sandbox
symbol filename: nn.c
symbol line: 30
value: "1951  8  8 12 19 JOYCE      61.1  79.9   44  297\n2002  4 22  6 11 PATTY      27.0 317.4  146  484\n1985  7 23 12 15 HELENE     20.4 329.5   32  543\n1960  1 23 18  5 MICHAEL    25.1 321.8   98   48\n1968"...
value address: 0x7fffffffe1d0
Type: The type is an array.
Type sizeof: 490
Field name: None
Field Type: A range type, that is, an integer type with bounds.
Field Type sizeof: 8
Field Type range: (0L, 489L)

[INFO -- 2018-12-03 10:27:08]
Fault Injection Successful after 1.05346608162s
[INFO -- 2018-12-03 10:27:10]
event type: exit
[INFO -- 2018-12-03 10:27:10]
exit code: 0
