[INFO -- 2018-10-06 06:14:11]
Starting flip_value script
version: 1.1
[INFO -- 2018-10-06 06:14:11]
Initialization strings:
[INFO -- 2018-10-06 06:14:11]
(1) file /tmp/fft_nn/fft_nn.out
[INFO -- 2018-10-06 06:14:11]
(2) set args 32768 /tmp/fft_nn/output_falha.data
[INFO -- 2018-10-06 06:14:11]
initSignal:0
[INFO -- 2018-10-06 06:14:11]
endSignal:5
[INFO -- 2018-10-06 06:14:11]
faultModel:0
[EXCEPTION -- 2018-10-06 06:14:11]
gdbException: Tentativo de desreferenciar um ponteiro genérico.
[INFO -- 2018-10-06 06:14:11]
Backtrace BEGIN:
#0  0x00007ffff7011fea in str_to_mpn (str=0x7fffffffd4d6 "e-01", str@entry=0x7fffffffd4c0 "3.49999994039535522461e-01", digcnt=<optimized out>, digcnt@entry=21, n=n@entry=0x7fffffffd3e0, nsize=nsize@entry=0x7fffffffd3b0, exponent=exponent@entry=0x7fffffffd3c0, decimal_len=decimal_len@entry=1, thousands=thousands@entry=0x0, decimal=<optimized out>) at strtod_l.c:420
#1  0x00007ffff7012c2b in __GI_____strtof_l_internal (nptr=<optimized out>, endptr=<optimized out>, group=<optimized out>, loc=<optimized out>) at strtod_l.c:1427
#2  0x00007ffff7011d60 in __GI___strtof_internal (nptr=<optimized out>, endptr=<optimized out>, group=<optimized out>) at strtod.c:54
#3  0x00007ffff702b948 in _IO_vfscanf_internal (s=s@entry=0x6062c0, format=<optimized out>, argptr=argptr@entry=0x7fffffffd8c8, errp=errp@entry=0x0) at vfscanf.c:2365
#4  0x00007ffff7032162 in __isoc99_fscanf (stream=0x6062c0, format=<optimized out>) at isoc99_fscanf.c:34
#5  0x00007ffff7bcec94 in fann_create_from_fd () from /usr/local/lib/libfann.so.2
#6  0x00007ffff7bcf608 in fann_create_from_file () from /usr/local/lib/libfann.so.2
#7  0x00000000004019b7 in radix2DitCooleyTykeyFft(int, int*, Complex*, Complex*) ()
#8  0x0000000000401631 in main ()

415	in strtod_l.c

Backtrace END
Fliping array at pos: 0
Memory content before bitflip:0x000x000xa00xde0xc50xad0xc90x35
Fault Model: Single bit-flip
base address to flip value: 0x7fffffffd430
address max offset: 8
Memory content after  bitflip:0x080x000xa00xde0xc50xad0xc90x35
frame name: __GI_____strtof_l_internal
symbol name: den
symbol filename: strtod_l.c
symbol line: 494
value: {3875820019684212744, 54, 0, 0, 0, 140737488346072, 140737488344816, 5, 18446744073709551615, 4160570904}
value address: 0x7fffffffd430
Type: The type is an array.
Type sizeof: 80
Field name: None
Field Type: A range type, that is, an integer type with bounds.
Field Type sizeof: 8
Field Type range: (0, 9)

[INFO -- 2018-10-06 06:14:11]
Fault Injection Successful after 0.8048436641693115s
[INFO -- 2018-10-06 06:14:31]
event type: exit
[INFO -- 2018-10-06 06:14:31]
exit code: 0
