[INFO -- 2018-10-09 11:46:28]
sending 5 signals using command: 'killall -2 fft_nn.out' after 21.2400891863s
[INFO -- 2018-10-09 11:46:29]
sending 5 signals using command: 'killall -2 fft_nn.out' after 22.6147724467s
[INFO -- 2018-10-09 11:46:31]
sending 5 signals using command: 'killall -2 fft_nn.out' after 24.2859523034s
[INFO -- 2018-10-09 11:46:31]
Starting GDB script
[INFO -- 2018-10-09 11:46:31]
initSignal:0.0
[INFO -- 2018-10-09 11:46:31]
endSignal:5.0
[INFO -- 2018-10-09 11:46:31]
sending 5 signals using command: 'killall -2 fft_nn.out' after 0.132154799597s
[INFO -- 2018-10-09 11:46:32]
sending 5 signals using command: 'killall -2 fft_nn.out' after 1.34566043613s
[INFO -- 2018-10-09 11:46:34]
sending 5 signals using command: 'killall -2 fft_nn.out' after 3.51923183754s
[INFO -- 2018-10-09 11:46:52]
Execution finished before waitTime
