[INFO -- 2018-10-16 15:31:14]
Starting flip_value script
version: 1.1
[INFO -- 2018-10-16 15:31:14]
Initialization strings:
[INFO -- 2018-10-16 15:31:14]
(1) file /home/latansini/Desktop/trabalhoftf/carol-fi/sample-code/inverse_nn/inversek2j_nn.out
[INFO -- 2018-10-16 15:31:14]
(2) set args /home/latansini/Desktop/trabalhoftf/carol-fi/sample-code/inverse_nn/input_250k /home/latansini/Desktop/trabalhoftf/carol-fi/sample-code/inverse_nn/output_falha.data
[INFO -- 2018-10-16 15:31:14]
initSignal:8
[INFO -- 2018-10-16 15:31:14]
endSignal:10
[INFO -- 2018-10-16 15:31:14]
faultModel:4
[INFO -- 2018-10-16 15:31:22]
Backtrace BEGIN:
#0  __mpn_lshift () at ../sysdeps/x86_64/lshift.S:59
#1  0x00007ffff7014014 in __GI_____strtof_l_internal (nptr=<optimized out>, endptr=<optimized out>, group=<optimized out>, loc=<optimized out>) at strtod_l.c:1516
#2  0x00007ffff7011d60 in __GI___strtof_internal (nptr=<optimized out>, endptr=<optimized out>, group=<optimized out>) at strtod.c:54
#3  0x00007ffff702b948 in _IO_vfscanf_internal (s=s@entry=0x608610, format=<optimized out>, argptr=argptr@entry=0x7fffffffd0d8, errp=errp@entry=0x0) at vfscanf.c:2365
#4  0x00007ffff7032162 in __isoc99_fscanf (stream=0x608610, format=<optimized out>) at isoc99_fscanf.c:34
#5  0x00007ffff7bcf187 in fann_create_from_fd () from /usr/local/lib/libfann.so.2
#6  0x00007ffff7bcf608 in fann_create_from_file () from /usr/local/lib/libfann.so.2
#7  0x000000000040199e in inversek2j(float, float, float*, float*) ()
#8  0x0000000000401631 in main ()

54	../sysdeps/x86_64/lshift.S: Arquivo ou diretório não encontrado.

Backtrace END
Fliping array at pos: 17
Memory content before bitflip:0x6e
Fault Model: LSB bit-flip
base address to flip value: 0x7ffff715cc11  
address max offset: 1
Memory content after  bitflip:0xee
frame name: _IO_vfscanf_internal
symbol name: __PRETTY_FUNCTION__
symbol filename: vfscanf.c
symbol line: 0
value: "_IO_vfscanf_inter\356al"
value address: 0x7ffff715cc00 <__PRETTY_FUNCTION__.11925>
Type: The type is an array.
Type sizeof: 21
Field name: None
Field Type: A range type, that is, an integer type with bounds.
Field Type sizeof: 8
Field Type range: (0, 20)

[INFO -- 2018-10-16 15:31:22]
Fault Injection Successful after 8.993252754211426s
[INFO -- 2018-10-16 15:31:24]
event type: exit
[INFO -- 2018-10-16 15:31:24]
exit code: 0
