[INFO -- 2018-12-09 14:56:57]
Starting flip_value script
version: 1.1
[INFO -- 2018-12-09 14:56:57]
Initialization strings:
[INFO -- 2018-12-09 14:56:57]
(1) file /home/melkor/ETAPA2/dup_nn/nn-knl-files/nn
[INFO -- 2018-12-09 14:56:57]
(2) set args /home/melkor/ETAPA2/dup_nn/nn-knl-files/filelist 20 5 5 /home/melkor/ETAPA2/dup_nn/nn-knl-files/out20_5_5
[INFO -- 2018-12-09 14:56:57]
initSignal:0
[INFO -- 2018-12-09 14:56:57]
endSignal:1
[INFO -- 2018-12-09 14:56:57]
faultModel:1
[EXCEPTION -- 2018-12-09 14:56:58]
pythonException: invalid frame
[INFO -- 2018-12-09 14:56:58]
Backtrace BEGIN:
#0  0x00007ffff7820ee6 in ?? () from /usr/lib/x86_64-linux-gnu/libgomp.so.1
#1  0x00007ffff781f392 in ?? () from /usr/lib/x86_64-linux-gnu/libgomp.so.1
#2  0x00007ffff7815eca in GOMP_parallel () from /usr/lib/x86_64-linux-gnu/libgomp.so.1
#3  0x00005555555555ed in main (argc=6, argv=0x7fffffffdf08) at nn.c:196

78	
79	// onde tem OBS é onde mudei algo pra duplicação
80	
81	
82	int main(int argc, char* argv[]) {
83	    FILE   *flist,*fp;
84	    int    i=0,j=0, k=0, rec_count=0, done=0;
85	    char   sandbox[REC_LENGTH * REC_WINDOW], *rec_iter,*rec_iter2, dbname[64];
86	    struct neighbor *neighbors = NULL;
87	    float target_lat, target_long, tmp_lat=0, tmp_long=0;

Backtrace END
Fliping array at pos: 449
Memory content before bitflip:0x20
Fault Model: Double bit-flip
base address to flip value: 0x7fffffffdde1 
address max offset: 1
Memory content after  bitflip:0x31
frame name: main
symbol name: sandbox
symbol filename: nn.c
symbol line: 85
value: "2002  2 12 12 12 PATTY      55.7 227.9  127  471\n1982  7 16 18  7 RAFAEL     58.1 343.1  131  242\n1994  1  2 18 25 MICHAEL    18.4 128.1  117  541\n1956  2 28 12 15 LESLIE     65.7  66.9   59  763\n1996"...
value address: 0x7fffffffdc20
Type: The type is an array.
Type sizeof: 490
Field name: None
Field Type: A range type, that is, an integer type with bounds.
Field Type sizeof: 8
Field Type range: (0, 489)

[INFO -- 2018-12-09 14:56:58]
Fault Injection Successful after 1.3283319473266602s
[INFO -- 2018-12-09 14:56:58]
event type: exit
[INFO -- 2018-12-09 14:56:58]
exit code: 0
