[INFO -- 2018-10-12 09:14:01]
Starting flip_value script
version: 1.1
[INFO -- 2018-10-12 09:14:01]
Initialization strings:
[INFO -- 2018-10-12 09:14:01]
(1) file /tmp/fft_nn/fft_nn.out
[INFO -- 2018-10-12 09:14:01]
(2) set args 32768 /tmp/fft_nn/output_falha.data
[INFO -- 2018-10-12 09:14:01]
initSignal:5
[INFO -- 2018-10-12 09:14:01]
endSignal:10
[INFO -- 2018-10-12 09:14:01]
faultModel:1
[INFO -- 2018-10-12 09:14:07]
Backtrace BEGIN:
#0  0x00007ffff705723b in __GI___libc_realloc (oldmem=0x9aff760, bytes=40) at malloc.c:2961
#1  0x00007ffff7bced34 in fann_create_from_fd () from /usr/local/lib/libfann.so.2
#2  0x00007ffff7bcf608 in fann_create_from_file () from /usr/local/lib/libfann.so.2
#3  0x00000000004019b7 in radix2DitCooleyTykeyFft(int, int*, Complex*, Complex*) ()
#4  0x0000000000401631 in main ()

2956	malloc.c: Arquivo ou diretório não encontrado.

Backtrace END
Memory content before bitflip:0x000x000x000x00
Fault Model: Double bit-flip
base address to flip value: 0x7ffff7398a60 
address max offset: 4
Memory content after  bitflip:0x810x000x000x00
frame name: __GI___libc_realloc
symbol name: using_malloc_checking
symbol filename: hooks.c
symbol line: 53
value: 129
value address: 0x7ffff7398a60 <using_malloc_checking>
Type: The type is an integer type.
Type sizeof: 4

[INFO -- 2018-10-12 09:14:07]
Fault Injection Successful after 6.017702579498291s
[INFO -- 2018-10-12 09:14:21]
event type: exit
[INFO -- 2018-10-12 09:14:21]
exit code: 0
