[INFO -- 2018-12-01 14:39:31]
Starting flip_value script
version: 1.1
[INFO -- 2018-12-01 14:39:31]
Initialization strings:
[INFO -- 2018-12-01 14:39:31]
(1) file /home/latansini/Desktop/CAROL-FI/etapa2/carol-fi/codes/fftfulldup/fft_nn.out
[INFO -- 2018-12-01 14:39:31]
(2) set args 32768 /home/latansini/Desktop/CAROL-FI/etapa2/carol-fi/codes/fftfulldup/output.data
[INFO -- 2018-12-01 14:39:31]
initSignal:0
[INFO -- 2018-12-01 14:39:31]
endSignal:40
[INFO -- 2018-12-01 14:39:31]
faultModel:0
[INFO -- 2018-12-01 14:40:03]
Backtrace BEGIN:
#0  str_to_mpn (str=0x7fffffffceac "1393432617e-01", str@entry=0x7fffffffcea0 "2.99609392881393432617e-01", digcnt=11, digcnt@entry=21, n=n@entry=0x7fffffffcdc0, nsize=nsize@entry=0x7fffffffcd90, exponent=exponent@entry=0x7fffffffcda0, decimal_len=decimal_len@entry=1, thousands=thousands@entry=0x0, decimal=<optimized out>) at strtod_l.c:399
#1  0x00007ffff6f95c2b in __GI_____strtof_l_internal (nptr=<optimized out>, endptr=<optimized out>, group=<optimized out>, loc=<optimized out>) at strtod_l.c:1427
#2  0x00007ffff6f94d60 in __GI___strtof_internal (nptr=<optimized out>, endptr=<optimized out>, group=<optimized out>) at strtod.c:54
#3  0x00007ffff6fae948 in _IO_vfscanf_internal (s=s@entry=0x618f00, format=<optimized out>, argptr=argptr@entry=0x7fffffffd2a8, errp=errp@entry=0x0) at vfscanf.c:2365
#4  0x00007ffff6fb5162 in __isoc99_fscanf (stream=0x618f00, format=<optimized out>) at isoc99_fscanf.c:34
#5  0x00007ffff7bcf187 in fann_create_from_fd () from /usr/local/lib/libfann.so.2
#6  0x00007ffff7bcf608 in fann_create_from_file () from /usr/local/lib/libfann.so.2
#7  0x0000000000401de7 in radix2DitCooleyTykeyFft(int, int*, Complex*, Complex*) ()
#8  0x0000000000401879 in main ()

394	strtod_l.c: Arquivo ou diretório não encontrado.

Backtrace END
Fliping array at pos: 1
Memory content before bitflip:0x5f
Fault Model: Single bit-flip
base address to flip value: 0x7ffff70dfb81  
address max offset: 1
Memory content after  bitflip:0xdf
frame name: __GI_____strtof_l_internal
symbol name: __PRETTY_FUNCTION__
symbol filename: strtof_l.c
symbol line: 0
value: "_\337__strtof_l_internal"
value address: 0x7ffff70dfb80 <__PRETTY_FUNCTION__.11547>
Type: The type is an array.
Type sizeof: 22
Field name: None
Field Type: A range type, that is, an integer type with bounds.
Field Type sizeof: 8
Field Type range: (0, 21)

[INFO -- 2018-12-01 14:40:03]
Fault Injection Successful after 32.92682385444641s
[INFO -- 2018-12-01 14:40:10]
event type: exit
[INFO -- 2018-12-01 14:40:10]
exit code: 0
