[INFO -- 2018-12-09 14:35:26]
Starting flip_value script
version: 1.1
[INFO -- 2018-12-09 14:35:26]
Initialization strings:
[INFO -- 2018-12-09 14:35:26]
(1) file /home/melkor/ETAPA2/dup_nn/nn-knl-files/nn
[INFO -- 2018-12-09 14:35:26]
(2) set args /home/melkor/ETAPA2/dup_nn/nn-knl-files/filelist 20 5 5 /home/melkor/ETAPA2/dup_nn/nn-knl-files/out20_5_5
[INFO -- 2018-12-09 14:35:26]
initSignal:0
[INFO -- 2018-12-09 14:35:26]
endSignal:1
[INFO -- 2018-12-09 14:35:26]
faultModel:1
[EXCEPTION -- 2018-12-09 14:35:26]
pythonException: invalid frame
[EXCEPTION -- 2018-12-09 14:35:26]
pythonException: invalid frame
[INFO -- 2018-12-09 14:35:26]
Backtrace BEGIN:
#0  0x00007ffff782108e in ?? () from /usr/lib/x86_64-linux-gnu/libgomp.so.1
#1  0x00007ffff781fda9 in ?? () from /usr/lib/x86_64-linux-gnu/libgomp.so.1
#2  0x00005555555555ed in main (argc=6, argv=0x7fffffffdf08) at nn.c:196

78	
79	// onde tem OBS é onde mudei algo pra duplicação
80	
81	
82	int main(int argc, char* argv[]) {
83	    FILE   *flist,*fp;
84	    int    i=0,j=0, k=0, rec_count=0, done=0;
85	    char   sandbox[REC_LENGTH * REC_WINDOW], *rec_iter,*rec_iter2, dbname[64];
86	    struct neighbor *neighbors = NULL;
87	    float target_lat, target_long, tmp_lat=0, tmp_long=0;

Backtrace END
Fliping array at pos: 32
Memory content before bitflip:0x6c
Fault Model: Double bit-flip
base address to flip value: 0x7fffffffdc00 
address max offset: 1
Memory content after  bitflip:0xed
frame name: main
symbol name: dbname
symbol filename: nn.c
symbol line: 85
value: "/home/melkor/ETAPA2/dup_nn/nn-kn\355-files/cane4_1.db", '\000' <repete 13 vezes>
value address: 0x7fffffffdbe0
Type: The type is an array.
Type sizeof: 64
Field name: None
Field Type: A range type, that is, an integer type with bounds.
Field Type sizeof: 8
Field Type range: (0, 63)

[INFO -- 2018-12-09 14:35:26]
Fault Injection Successful after 0.8953821659088135s
[INFO -- 2018-12-09 14:35:27]
event type: exit
[INFO -- 2018-12-09 14:35:27]
exit code: 0
