[INFO -- 2018-10-11 14:33:37]
sending 5 signals using command: 'killall -2 fft_nn.out' after 22.3037401357s
[INFO -- 2018-10-11 14:33:38]
sending 5 signals using command: 'killall -2 fft_nn.out' after 22.9601024818s
[INFO -- 2018-10-11 14:33:38]
sending 5 signals using command: 'killall -2 fft_nn.out' after 23.2945255391s
[INFO -- 2018-10-11 14:33:38]
Starting GDB script
[INFO -- 2018-10-11 14:33:38]
initSignal:0.0
[INFO -- 2018-10-11 14:33:38]
endSignal:5.0
[INFO -- 2018-10-11 14:33:40]
sending 5 signals using command: 'killall -2 fft_nn.out' after 1.78014617619s
[INFO -- 2018-10-11 14:33:41]
sending 5 signals using command: 'killall -2 fft_nn.out' after 3.1947684265s
[INFO -- 2018-10-11 14:33:42]
sending 5 signals using command: 'killall -2 fft_nn.out' after 4.09720665596s
[INFO -- 2018-10-11 14:33:59]
Execution finished before waitTime
