[INFO -- 2018-10-19 00:36:31]
Starting flip_value script
version: 1.1
[INFO -- 2018-10-19 00:36:31]
Initialization strings:
[INFO -- 2018-10-19 00:36:31]
(1) file /home/latansini/Desktop/trabalhoftf/carol-fi/sample-code/knn/nn-knl-files/nn
[INFO -- 2018-10-19 00:36:31]
(2) set args /home/latansini/Desktop/trabalhoftf/carol-fi/sample-code/knn/nn-knl-files/filelist 15 25 25 /home/latansini/Desktop/trabalhoftf/carol-fi/sample-code/knn/nn-knl-files/out15_25_25
[INFO -- 2018-10-19 00:36:31]
initSignal:4
[INFO -- 2018-10-19 00:36:31]
endSignal:5
[INFO -- 2018-10-19 00:36:31]
faultModel:4
[INFO -- 2018-10-19 00:36:35]
Backtrace BEGIN:
#0  0x00007ffff78bdc06 in ?? () from /usr/lib/x86_64-linux-gnu/libgomp.so.1
#1  0x00007ffff78bc0e2 in ?? () from /usr/lib/x86_64-linux-gnu/libgomp.so.1
#2  0x0000000000401184 in main (argc=6, argv=0x7fffffffd8b8) at nn.c:115

20	* This program finds the k-nearest neighbors
21	* Usage:	./nn <filelist> <num> <target latitude> <target longitude> <out filename>
22	*			filelist: File with the filenames to the records
23	*			num: Number of nearest neighbors to find
24	*			target lat: Latitude coordinate for distance calculations
25	*			target long: Longitude coordinate for distance calculations
26	* The filelist and data are generated by hurricane_gen.c
27	* REC_WINDOW has been arbitrarily assigned; A larger value would allow more work for the threads
28	*/
29	int main(int argc, char* argv[]) {

Backtrace END
Fliping a bit of the value pointed by a pointer
Fliping value of field: _shortbuf
Fliping array at pos: 0
Memory content before bitflip:0x74
Fault Model: LSB bit-flip
base address to flip value: 0x7ffff78a9b61 
address max offset: 1
Memory content after  bitflip:0x64
frame name: main
symbol name: file
symbol filename: nn.c
symbol line: 145
value: 0x7ffff78a9ade
value address: 0x7fffffffd558
Type: The type is a pointer.
Type sizeof: 8

[INFO -- 2018-10-19 00:36:35]
Fault Injection Successful after 4.85260534286499s
[INFO -- 2018-10-19 00:36:37]
event type: exit
[INFO -- 2018-10-19 00:36:37]
exit code: 0
