[INFO -- 2018-10-12 06:28:47]
sending 5 signals using command: 'killall -2 fft_nn.out' after 21.5199440373s
[INFO -- 2018-10-12 06:28:48]
sending 5 signals using command: 'killall -2 fft_nn.out' after 21.8391298747s
[INFO -- 2018-10-12 06:28:49]
sending 5 signals using command: 'killall -2 fft_nn.out' after 23.2156728954s
[INFO -- 2018-10-12 06:28:49]
Starting GDB script
[INFO -- 2018-10-12 06:28:49]
initSignal:0.0
[INFO -- 2018-10-12 06:28:49]
endSignal:5.0
[INFO -- 2018-10-12 06:28:49]
sending 5 signals using command: 'killall -2 fft_nn.out' after 0.210247725501s
[INFO -- 2018-10-12 06:28:50]
sending 5 signals using command: 'killall -2 fft_nn.out' after 0.896358439763s
[INFO -- 2018-10-12 06:28:53]
sending 5 signals using command: 'killall -2 fft_nn.out' after 4.24528696221s
[INFO -- 2018-10-12 06:29:10]
Execution finished before waitTime
