[INFO -- 2018-10-19 14:09:34]
Starting flip_value script
version: 1.1
[INFO -- 2018-10-19 14:09:34]
Initialization strings:
[INFO -- 2018-10-19 14:09:34]
(1) file /home/latansini/Desktop/trabalhoftf/carol-fi/sample-code/knn/nn-knl-files/nn
[INFO -- 2018-10-19 14:09:34]
(2) set args /home/latansini/Desktop/trabalhoftf/carol-fi/sample-code/knn/nn-knl-files/filelist 15 25 25 /home/latansini/Desktop/trabalhoftf/carol-fi/sample-code/knn/nn-knl-files/out15_25_25
[INFO -- 2018-10-19 14:09:34]
initSignal:0
[INFO -- 2018-10-19 14:09:34]
endSignal:1
[INFO -- 2018-10-19 14:09:34]
faultModel:0
[INFO -- 2018-10-19 14:09:34]
Backtrace BEGIN:
#0  0x00007ffff78bddaa in ?? () from /usr/lib/x86_64-linux-gnu/libgomp.so.1
#1  0x00007ffff78bcaf9 in ?? () from /usr/lib/x86_64-linux-gnu/libgomp.so.1
#2  0x0000000000401198 in main (argc=6, argv=0x7fffffffd8b8) at nn.c:115

20	* This program finds the k-nearest neighbors
21	* Usage:	./nn <filelist> <num> <target latitude> <target longitude> <out filename>
22	*			filelist: File with the filenames to the records
23	*			num: Number of nearest neighbors to find
24	*			target lat: Latitude coordinate for distance calculations
25	*			target long: Longitude coordinate for distance calculations
26	* The filelist and data are generated by hurricane_gen.c
27	* REC_WINDOW has been arbitrarily assigned; A larger value would allow more work for the threads
28	*/
29	int main(int argc, char* argv[]) {

Backtrace END
Fliping array at pos: 480
Memory content before bitflip:0x20
Fault Model: Single bit-flip
base address to flip value: 0x7fffffffd7a0 
address max offset: 1
Memory content after  bitflip:0x22
frame name: main
symbol name: sandbox
symbol filename: nn.c
symbol line: 32
value: "1973 12  9  0 19 GORDON     42.3 164.8  144  683\n1956  4 18 18  6 WILLIAM     9.6 279.6  133  571\n1956  8 23 12 10 ERNESTO    48.3 355.6   46  263\n1957  5 13  0 12 CHRIS      35.9 254.7   76  679\n1970"...
value address: 0x7fffffffd5c0
Type: The type is an array.
Type sizeof: 490
Field name: None
Field Type: A range type, that is, an integer type with bounds.
Field Type sizeof: 8
Field Type range: (0, 489)

[INFO -- 2018-10-19 14:09:34]
Fault Injection Successful after 0.4479341506958008s
[INFO -- 2018-10-19 14:09:39]
event type: exit
[INFO -- 2018-10-19 14:09:39]
exit code: 0
