[INFO -- 2018-10-19 06:16:57]
Starting flip_value script
version: 1.1
[INFO -- 2018-10-19 06:16:57]
Initialization strings:
[INFO -- 2018-10-19 06:16:57]
(1) file /home/latansini/Desktop/trabalhoftf/carol-fi/sample-code/knn/nn-knl-files/nn
[INFO -- 2018-10-19 06:16:57]
(2) set args /home/latansini/Desktop/trabalhoftf/carol-fi/sample-code/knn/nn-knl-files/filelist 15 25 25 /home/latansini/Desktop/trabalhoftf/carol-fi/sample-code/knn/nn-knl-files/out15_25_25
[INFO -- 2018-10-19 06:16:57]
initSignal:0
[INFO -- 2018-10-19 06:16:57]
endSignal:1
[INFO -- 2018-10-19 06:16:57]
faultModel:0
[INFO -- 2018-10-19 06:16:57]
Backtrace BEGIN:
#0  0x00007ffff78bdc2e in ?? () from /usr/lib/x86_64-linux-gnu/libgomp.so.1
#1  0x00007ffff78bb69b in ?? () from /usr/lib/x86_64-linux-gnu/libgomp.so.1
#2  0x00007ffff768f184 in start_thread (arg=0x7ffff70b9700) at pthread_create.c:312
#3  0x00007ffff73bc03d in clone () at ../sysdeps/unix/sysv/linux/x86_64/clone.S:111

20	* This program finds the k-nearest neighbors
21	* Usage:	./nn <filelist> <num> <target latitude> <target longitude> <out filename>
22	*			filelist: File with the filenames to the records
23	*			num: Number of nearest neighbors to find
24	*			target lat: Latitude coordinate for distance calculations
25	*			target long: Longitude coordinate for distance calculations
26	* The filelist and data are generated by hurricane_gen.c
27	* REC_WINDOW has been arbitrarily assigned; A larger value would allow more work for the threads
28	*/
29	int main(int argc, char* argv[]) {

Backtrace END
Fliping array at pos: 0
Memory content before bitflip:0x400x000x000x00
Fault Model: Single bit-flip
base address to flip value: 0x7ffff7699824 
address max offset: 4
Memory content after  bitflip:0x400x080x000x00
frame name: do_clone
symbol name: _thread_db_dtv_t_pointer_val
symbol filename: ../nptl_db/structs.def
symbol line: 76
value: {2112, 1, 0}
value address: 0x7ffff7699824 <_thread_db_dtv_t_pointer_val>
Type: The type is an array.
Type sizeof: 12
Field name: None
Field Type: A range type, that is, an integer type with bounds.
Field Type sizeof: 8
Field Type range: (0, 2)

[INFO -- 2018-10-19 06:16:57]
Fault Injection Successful after 0.6055424213409424s
[INFO -- 2018-10-19 06:17:03]
event type: exit
[INFO -- 2018-10-19 06:17:03]
exit code: 0
