[INFO -- 2018-10-07 04:35:04]
Starting flip_value script
version: 1.1
[INFO -- 2018-10-07 04:35:04]
Initialization strings:
[INFO -- 2018-10-07 04:35:04]
(1) file /tmp/fft_nn/fft_nn.out
[INFO -- 2018-10-07 04:35:04]
(2) set args 32768 /tmp/fft_nn/output_falha.data
[INFO -- 2018-10-07 04:35:04]
initSignal:15
[INFO -- 2018-10-07 04:35:04]
endSignal:25
[INFO -- 2018-10-07 04:35:04]
faultModel:4
[INFO -- 2018-10-07 04:35:19]
Backtrace BEGIN:
#0  0x00007ffff7012806 in __GI_____strtof_l_internal (nptr=<optimized out>, endptr=0x7fffffffd6f0, group=<optimized out>, loc=<optimized out>) at strtod_l.c:882
#1  0x00007ffff7011d60 in __GI___strtof_internal (nptr=<optimized out>, endptr=<optimized out>, group=<optimized out>) at strtod.c:54
#2  0x00007ffff702b948 in _IO_vfscanf_internal (s=s@entry=0x6062c0, format=<optimized out>, argptr=argptr@entry=0x7fffffffd8c8, errp=errp@entry=0x0) at vfscanf.c:2365
#3  0x00007ffff7032162 in __isoc99_fscanf (stream=0x6062c0, format=<optimized out>) at isoc99_fscanf.c:34
#4  0x00007ffff7bcec94 in fann_create_from_fd () from /usr/local/lib/libfann.so.2
#5  0x00007ffff7bcf608 in fann_create_from_file () from /usr/local/lib/libfann.so.2
#6  0x00000000004019b7 in radix2DitCooleyTykeyFft(int, int*, Complex*, Complex*) ()
#7  0x0000000000401631 in main ()

877	strtod_l.c: Arquivo ou diretório não encontrado.

Backtrace END
Fliping value of field: __canceltype
Memory content before bitflip:0x000x000x000x00
Fault Model: LSB bit-flip
base address to flip value: 0x7fffffffd750
address max offset: 4
Memory content after  bitflip:0x000x000x000x08
frame name: _IO_vfscanf_internal
symbol name: _buffer
symbol filename: vfscanf.c
symbol line: 358
value: {__routine = 0x7ffff7031cc0 <__funlockfile>, __arg = 0x6062c0, __canceltype = 134217728, __prev = 0x0}
value address: 0x7fffffffd740
Type: The type is a structure.
Type sizeof: 32
Field name: __routine
Field Type: The type is a pointer.
Field Type sizeof: 8
Field name: __arg
Field Type: The type is a pointer.
Field Type sizeof: 8
Field name: __canceltype
Field Type: The type is an integer type.
Field Type sizeof: 4
Field name: __prev
Field Type: The type is a pointer.
Field Type sizeof: 8

[INFO -- 2018-10-07 04:35:19]
Fault Injection Successful after 15.618136167526245s
[INFO -- 2018-10-07 04:35:23]
event type: exit
[INFO -- 2018-10-07 04:35:23]
exit code: 0
