[INFO -- 2018-12-03 20:02:54]
Starting flip_value script
version: 1.1
[INFO -- 2018-12-03 20:02:54]
Initialization strings:
[INFO -- 2018-12-03 20:02:54]
(1) file /home/latansini/carol-fi/carol-fi/codes/nnfulldup/nn-knl-files/nn
[INFO -- 2018-12-03 20:02:54]
(2) set args /home/latansini/carol-fi/carol-fi/codes/nnfulldup/nn-knl-files/filelist 20 5 5 /home/latansini/carol-fi/carol-fi/codes/nnfulldup/nn-knl-files/out20_5_5
[INFO -- 2018-12-03 20:02:54]
initSignal:0
[INFO -- 2018-12-03 20:02:54]
endSignal:2
[INFO -- 2018-12-03 20:02:54]
faultModel:2
[INFO -- 2018-12-03 20:02:54]
Backtrace BEGIN:
#0  __GI__dl_debug_state () at dl-debug.c:74
#1  0x00007ffff7ddf4ef in dl_main (phdr=<optimized out>, phdr@entry=0x400040, phnum=<optimized out>, phnum@entry=8, user_entry=user_entry@entry=0x7fffffffe4a8, auxv=<optimized out>) at rtld.c:1723
#2  0x00007ffff7df14a5 in _dl_sysdep_start (start_argptr=start_argptr@entry=0x7fffffffe560, dl_main=dl_main@entry=0x7ffff7ddde20 <dl_main>) at ../elf/dl-sysdep.c:249
#3  0x00007ffff7ddd976 in _dl_start_final (arg=0x7fffffffe560) at rtld.c:424
#4  _dl_start (arg=0x7fffffffe560) at rtld.c:650
#5  0x00007ffff7ddd138 in _start () from /lib64/ld-linux-x86-64.so.2
#6  0x0000000000000006 in ?? ()
#7  0x00007fffffffe795 in ?? ()
#8  0x00007fffffffe7d7 in ?? ()
#9  0x00007fffffffe81f in ?? ()
#10 0x00007fffffffe822 in ?? ()
#11 0x00007fffffffe824 in ?? ()
#12 0x00007fffffffe826 in ?? ()
#13 0x0000000000000000 in ?? ()

69	dl-debug.c: No such file or directory.

Backtrace END
Memory content before bitflip:0x000x000x000x00
Fault Model: Random bit-flip
base address to flip value: 0x7ffff7ffe0f8 
address max offset: 4
Memory content after  bitflip:0x7a0xdf0x6a0xe9
frame name: _dl_sysdep_start
symbol name: __libc_multiple_libcs
symbol filename: ../elf/dl-sysdep.c
symbol line: 58
value: -378871942
value address: 0x7ffff7ffe0f8 <__libc_multiple_libcs>
Type: The type is an integer type.
Type sizeof: 4

[INFO -- 2018-12-03 20:02:54]
Fault Injection Successful after 0.195972919464s
[INFO -- 2018-12-03 20:02:56]
event type: exit
[INFO -- 2018-12-03 20:02:56]
exit code: 0
