[INFO -- 2018-10-09 03:39:48]
sending 5 signals using command: 'killall -2 fft_nn.out' after 22.2484049467s
[INFO -- 2018-10-09 03:39:49]
sending 5 signals using command: 'killall -2 fft_nn.out' after 23.3089114691s
[INFO -- 2018-10-09 03:39:50]
sending 5 signals using command: 'killall -2 fft_nn.out' after 24.2593844121s
[INFO -- 2018-10-09 03:39:51]
Starting GDB script
[INFO -- 2018-10-09 03:39:51]
initSignal:0.0
[INFO -- 2018-10-09 03:39:51]
endSignal:5.0
[INFO -- 2018-10-09 03:39:51]
sending 5 signals using command: 'killall -2 fft_nn.out' after 0.667356484619s
[INFO -- 2018-10-09 03:39:52]
sending 5 signals using command: 'killall -2 fft_nn.out' after 1.41285016051s
[INFO -- 2018-10-09 03:39:53]
sending 5 signals using command: 'killall -2 fft_nn.out' after 2.1290998587s
[INFO -- 2018-10-09 03:40:11]
Execution finished before waitTime
