[INFO -- 2018-10-12 16:01:19]
sending 5 signals using command: 'killall -2 fft_nn.out' after 21.2629278116s
[INFO -- 2018-10-12 16:01:21]
sending 5 signals using command: 'killall -2 fft_nn.out' after 23.7709691243s
[INFO -- 2018-10-12 16:01:22]
sending 5 signals using command: 'killall -2 fft_nn.out' after 24.3571131355s
[INFO -- 2018-10-12 16:01:22]
Starting GDB script
[INFO -- 2018-10-12 16:01:22]
initSignal:0.0
[INFO -- 2018-10-12 16:01:22]
endSignal:5.0
[INFO -- 2018-10-12 16:01:24]
sending 5 signals using command: 'killall -2 fft_nn.out' after 1.463704665s
[INFO -- 2018-10-12 16:01:24]
sending 5 signals using command: 'killall -2 fft_nn.out' after 1.99469179645s
[INFO -- 2018-10-12 16:01:27]
sending 5 signals using command: 'killall -2 fft_nn.out' after 4.96230218721s
[INFO -- 2018-10-12 16:01:43]
Execution finished before waitTime
