[INFO -- 2018-10-12 16:46:10]
Starting flip_value script
version: 1.1
[INFO -- 2018-10-12 16:46:10]
Initialization strings:
[INFO -- 2018-10-12 16:46:10]
(1) file /tmp/fft_nn/fft_nn.out
[INFO -- 2018-10-12 16:46:10]
(2) set args 32768 /tmp/fft_nn/output_falha.data
[INFO -- 2018-10-12 16:46:10]
initSignal:5
[INFO -- 2018-10-12 16:46:10]
endSignal:10
[INFO -- 2018-10-12 16:46:10]
faultModel:1
[EXCEPTION -- 2018-10-12 16:46:15]
gdbException: Tentativo de desreferenciar um ponteiro genérico.
[INFO -- 2018-10-12 16:46:15]
Backtrace BEGIN:
#0  _IO_vfscanf_internal (s=s@entry=0x6062c0, format=<optimized out>, argptr=argptr@entry=0x7fffffffd408, errp=errp@entry=0x0) at vfscanf.c:624
#1  0x00007ffff7032162 in __isoc99_fscanf (stream=0x6062c0, format=<optimized out>) at isoc99_fscanf.c:34
#2  0x00007ffff7bcf187 in fann_create_from_fd () from /usr/local/lib/libfann.so.2
#3  0x00007ffff7bcf608 in fann_create_from_file () from /usr/local/lib/libfann.so.2
#4  0x00000000004019b7 in radix2DitCooleyTykeyFft(int, int*, Complex*, Complex*) ()
#5  0x0000000000401631 in main ()

619	vfscanf.c: Arquivo ou diretório não encontrado.

Backtrace END
Fliping a bit of the value pointed by a pointer
Memory content before bitflip:0x00
Fault Model: Double bit-flip
base address to flip value: 0x7fffffffd002 
address max offset: 1
Memory content after  bitflip:0x14
frame name: _IO_vfscanf_internal
symbol name: tw
symbol filename: vfscanf.c
symbol line: 271
value: 0x7fffffffd002 "\024\066\065\067\064\060\063\062\063\060\066\066\067\061\061\064\062\065\067\070e+00"
value address: 0x7fffffffd230
Type: The type is a pointer.
Type sizeof: 8

[INFO -- 2018-10-12 16:46:15]
Fault Injection Successful after 5.427900552749634s
[INFO -- 2018-10-12 16:46:30]
event type: exit
[INFO -- 2018-10-12 16:46:30]
exit code: 0
