[INFO -- 2018-10-10 11:06:49]
sending 5 signals using command: 'killall -2 fft_nn.out' after 21.0596350566s
[INFO -- 2018-10-10 11:06:50]
sending 5 signals using command: 'killall -2 fft_nn.out' after 22.459989445s
[INFO -- 2018-10-10 11:06:50]
sending 5 signals using command: 'killall -2 fft_nn.out' after 22.5001756879s
[INFO -- 2018-10-10 11:06:50]
Starting GDB script
[INFO -- 2018-10-10 11:06:50]
initSignal:0.0
[INFO -- 2018-10-10 11:06:50]
endSignal:5.0
[INFO -- 2018-10-10 11:06:50]
sending 5 signals using command: 'killall -2 fft_nn.out' after 0.00275673046717s
[INFO -- 2018-10-10 11:06:52]
sending 5 signals using command: 'killall -2 fft_nn.out' after 1.86833477441s
[INFO -- 2018-10-10 11:06:55]
sending 5 signals using command: 'killall -2 fft_nn.out' after 4.26931800066s
[INFO -- 2018-10-10 11:07:11]
Execution finished before waitTime
