[INFO -- 2018-10-15 21:12:08]
Starting flip_value script
version: 1.1
[INFO -- 2018-10-15 21:12:08]
Initialization strings:
[INFO -- 2018-10-15 21:12:08]
(1) file /home/latansini/Desktop/trabalhoftf/carol-fi/sample-code/inverse_nn/inversek2j_nn.out
[INFO -- 2018-10-15 21:12:08]
(2) set args /home/latansini/Desktop/trabalhoftf/carol-fi/sample-code/inverse_nn/input_250k /home/latansini/Desktop/trabalhoftf/carol-fi/sample-code/inverse_nn/output_falha.data
[INFO -- 2018-10-15 21:12:08]
initSignal:8
[INFO -- 2018-10-15 21:12:08]
endSignal:10
[INFO -- 2018-10-15 21:12:08]
faultModel:4
[INFO -- 2018-10-15 21:12:16]
Backtrace BEGIN:
#0  0x00007ffff7029871 in _IO_vfscanf_internal (s=s@entry=0x608610, format=<optimized out>, argptr=argptr@entry=0x7fffffffd0d8, errp=errp@entry=0x0) at vfscanf.c:2115
#1  0x00007ffff7032162 in __isoc99_fscanf (stream=0x608610, format=<optimized out>) at isoc99_fscanf.c:34
#2  0x00007ffff7bcf187 in fann_create_from_fd () from /usr/local/lib/libfann.so.2
#3  0x00007ffff7bcf608 in fann_create_from_file () from /usr/local/lib/libfann.so.2
#4  0x000000000040199e in inversek2j(float, float, float*, float*) ()
#5  0x0000000000401631 in main ()

2110	vfscanf.c: Arquivo ou diretório não encontrado.

Backtrace END
Fliping array at pos: 4
Memory content before bitflip:0x76
Fault Model: LSB bit-flip
base address to flip value: 0x7ffff715cc04  
address max offset: 1
Memory content after  bitflip:0x77
frame name: _IO_vfscanf_internal
symbol name: __PRETTY_FUNCTION__
symbol filename: vfscanf.c
symbol line: 0
value: "_IO_wfscanf_internal"
value address: 0x7ffff715cc00 <__PRETTY_FUNCTION__.11925>
Type: The type is an array.
Type sizeof: 21
Field name: None
Field Type: A range type, that is, an integer type with bounds.
Field Type sizeof: 8
Field Type range: (0, 20)

[INFO -- 2018-10-15 21:12:16]
Fault Injection Successful after 8.613658428192139s
[INFO -- 2018-10-15 21:12:18]
event type: exit
[INFO -- 2018-10-15 21:12:18]
exit code: 0
