[INFO -- 2018-10-08 00:26:16]
Starting flip_value script
version: 1.1
[INFO -- 2018-10-08 00:26:16]
Initialization strings:
[INFO -- 2018-10-08 00:26:16]
(1) file /tmp/fft_nn/fft_nn.out
[INFO -- 2018-10-08 00:26:16]
(2) set args 32768 /tmp/fft_nn/output_falha.data
[INFO -- 2018-10-08 00:26:16]
initSignal:10
[INFO -- 2018-10-08 00:26:16]
endSignal:15
[INFO -- 2018-10-08 00:26:16]
faultModel:3
[EXCEPTION -- 2018-10-08 00:26:27]
gdbException: Tentativo de desreferenciar um ponteiro genérico.
[INFO -- 2018-10-08 00:26:27]
Backtrace BEGIN:
#0  strlen () at ../sysdeps/x86_64/strlen.S:111
#1  0x00007ffff701259b in __GI_____strtof_l_internal (nptr=0x7fffffffd4c0 "1.31698086857795715332e-01", endptr=0x7fffffffd6f0, group=<optimized out>, loc=0x7ffff7397060 <_nl_global_locale>) at strtod_l.c:572
#2  0x00007ffff7011d60 in __GI___strtof_internal (nptr=<optimized out>, endptr=<optimized out>, group=<optimized out>) at strtod.c:54
#3  0x00007ffff702b948 in _IO_vfscanf_internal (s=s@entry=0x6062c0, format=<optimized out>, argptr=argptr@entry=0x7fffffffd8c8, errp=errp@entry=0x0) at vfscanf.c:2365
#4  0x00007ffff7032162 in __isoc99_fscanf (stream=0x6062c0, format=<optimized out>) at isoc99_fscanf.c:34
#5  0x00007ffff7bcf187 in fann_create_from_fd () from /usr/local/lib/libfann.so.2
#6  0x00007ffff7bcf608 in fann_create_from_file () from /usr/local/lib/libfann.so.2
#7  0x00000000004019b7 in radix2DitCooleyTykeyFft(int, int*, Complex*, Complex*) ()
#8  0x0000000000401631 in main ()

106	in ../sysdeps/x86_64/strlen.S

Backtrace END
Fliping a bit of the value pointed by a pointer
Fliping a bit of the pointer
Memory content before bitflip:0xc10xd40xff0xff0xff0x7f0x000x00
Fault Model: Zero bit-flip
base address to flip value: 0x7fffffffd6f0
address max offset: 8
Memory content after  bitflip:0x000x000x000x000x000x000x000x00
frame name: __GI_____strtof_l_internal
symbol name: endptr
symbol filename: strtod_l.c
symbol line: 480
value: 0x7fffffffd6f0
value address: 0x7fffffffd338
Type: The type is a pointer.
Type sizeof: 8

[INFO -- 2018-10-08 00:26:27]
Fault Injection Successful after 11.240543127059937s
[INFO -- 2018-10-08 00:26:35]
event type: exit
[INFO -- 2018-10-08 00:26:35]
exit code: 0
