[INFO -- 2018-12-03 23:33:54]
Starting flip_value script
version: 1.1
[INFO -- 2018-12-03 23:33:54]
Initialization strings:
[INFO -- 2018-12-03 23:33:54]
(1) file /home/latansini/carol-fi/carol-fi/codes/nnfulldup/nn-knl-files/nn
[INFO -- 2018-12-03 23:33:54]
(2) set args /home/latansini/carol-fi/carol-fi/codes/nnfulldup/nn-knl-files/filelist 20 5 5 /home/latansini/carol-fi/carol-fi/codes/nnfulldup/nn-knl-files/out20_5_5
[INFO -- 2018-12-03 23:33:54]
initSignal:0
[INFO -- 2018-12-03 23:33:54]
endSignal:2
[INFO -- 2018-12-03 23:33:54]
faultModel:1
[EXCEPTION -- 2018-12-03 23:33:54]
pythonException: invalid frame
[INFO -- 2018-12-03 23:33:54]
Backtrace BEGIN:
#0  __lll_lock_wait_private () at ../nptl/sysdeps/unix/sysv/linux/x86_64/lowlevellock.S:95
#1  0x00007ffff76b1119 in _L_lock_3133 () from /lib/x86_64-linux-gnu/libpthread.so.0
#2  0x00007ffff76b0241 in start_thread (arg=0x7ffff72fc700) at pthread_create.c:298
#3  0x00007ffff73e562d in clone () at ../sysdeps/unix/sysv/linux/x86_64/clone.S:111

90	../nptl/sysdeps/unix/sysv/linux/x86_64/lowlevellock.S: No such file or directory.

Backtrace END
Memory content before bitflip:0x000x000x000x000x000x000x000x00
Fault Model: Double bit-flip
base address to flip value: 0x7ffff78c4300 
address max offset: 8
Memory content after  bitflip:0x500x000x000x000x000x000x000x00
frame name: allocate_stack
symbol name: in_flight_stack
symbol filename: allocatestack.c
symbol line: 119
value: 80
value address: 0x7ffff78c4300 <in_flight_stack>
Type: The type is an integer type.
Type sizeof: 8

[INFO -- 2018-12-03 23:33:54]
Fault Injection Successful after 0.86234998703s
[INFO -- 2018-12-03 23:33:57]
event type: exit
[INFO -- 2018-12-03 23:33:57]
exit code: 0
