[INFO -- 2018-10-12 13:09:34]
Starting flip_value script
version: 1.1
[INFO -- 2018-10-12 13:09:34]
Initialization strings:
[INFO -- 2018-10-12 13:09:34]
(1) file /tmp/fft_nn/fft_nn.out
[INFO -- 2018-10-12 13:09:34]
(2) set args 32768 /tmp/fft_nn/output_falha.data
[INFO -- 2018-10-12 13:09:34]
initSignal:0
[INFO -- 2018-10-12 13:09:34]
endSignal:5
[INFO -- 2018-10-12 13:09:34]
faultModel:0
[EXCEPTION -- 2018-10-12 13:09:35]
gdbException: Tentativo de desreferenciar um ponteiro genérico.
[INFO -- 2018-10-12 13:09:35]
Backtrace BEGIN:
#0  0x00007ffff704fd9c in __GI__IO_sputbackc (fp=fp@entry=0x6062c0, c=c@entry=53) at genops.c:732
#1  0x00007ffff7028b63 in _IO_vfscanf_internal (s=s@entry=0x6062c0, format=<optimized out>, argptr=argptr@entry=0x7fffffffd408, errp=errp@entry=0x0) at vfscanf.c:625
#2  0x00007ffff7032162 in __isoc99_fscanf (stream=0x6062c0, format=<optimized out>) at isoc99_fscanf.c:34
#3  0x00007ffff7bcf0eb in fann_create_from_fd () from /usr/local/lib/libfann.so.2
#4  0x00007ffff7bcf608 in fann_create_from_file () from /usr/local/lib/libfann.so.2
#5  0x00000000004019b7 in radix2DitCooleyTykeyFft(int, int*, Complex*, Complex*) ()
#6  0x0000000000401631 in main ()

727	in genops.c

Backtrace END
Memory content before bitflip:0xaa0x4f0x000x00
Fault Model: Single bit-flip
base address to flip value: 0x7ffff73989b0 
address max offset: 4
Memory content after  bitflip:0xaa0x0f0x000x00
frame name: __GI__IO_sputbackc
symbol name: _IO_list_all_stamp
symbol filename: genops.c
symbol line: 42
value: 4010
value address: 0x7ffff73989b0 <_IO_list_all_stamp>
Type: The type is an integer type.
Type sizeof: 4

[INFO -- 2018-10-12 13:09:35]
Fault Injection Successful after 1.7971651554107666s
[INFO -- 2018-10-12 13:09:54]
event type: exit
[INFO -- 2018-10-12 13:09:54]
exit code: 0
