[INFO -- 2018-10-06 15:10:58]
sending 5 signals using command: 'killall -2 fft_nn.out' after 22.1118981769s
[INFO -- 2018-10-06 15:10:58]
sending 5 signals using command: 'killall -2 fft_nn.out' after 22.6569982697s
[INFO -- 2018-10-06 15:10:58]
sending 5 signals using command: 'killall -2 fft_nn.out' after 22.7314814875s
[INFO -- 2018-10-06 15:10:58]
Starting GDB script
[INFO -- 2018-10-06 15:10:58]
initSignal:0.0
[INFO -- 2018-10-06 15:10:58]
endSignal:5.0
[INFO -- 2018-10-06 15:10:59]
sending 5 signals using command: 'killall -2 fft_nn.out' after 0.273444019711s
[INFO -- 2018-10-06 15:11:00]
sending 5 signals using command: 'killall -2 fft_nn.out' after 1.87870586922s
[INFO -- 2018-10-06 15:11:03]
sending 5 signals using command: 'killall -2 fft_nn.out' after 4.26994088064s
[INFO -- 2018-10-06 15:11:18]
Execution finished before waitTime
