[INFO -- 2018-12-03 10:18:44]
Starting flip_value script
version: 1.1
[INFO -- 2018-12-03 10:18:44]
Initialization strings:
[INFO -- 2018-12-03 10:18:44]
(1) file /home/latansini/carol-fi/carol-fi/codes/nnfulldup/nn-knl-files/nn
[INFO -- 2018-12-03 10:18:44]
(2) set args /home/latansini/carol-fi/carol-fi/codes/nnfulldup/nn-knl-files/filelist 20 5 5 /home/latansini/carol-fi/carol-fi/codes/nnfulldup/nn-knl-files/out20_5_5
[INFO -- 2018-12-03 10:18:44]
initSignal:0
[INFO -- 2018-12-03 10:18:44]
endSignal:2
[INFO -- 2018-12-03 10:18:44]
faultModel:2
[EXCEPTION -- 2018-12-03 10:18:45]
pythonException: invalid frame
[EXCEPTION -- 2018-12-03 10:18:45]
pythonException: invalid frame
[EXCEPTION -- 2018-12-03 10:18:45]
pythonException: invalid frame
[EXCEPTION -- 2018-12-03 10:18:45]
pythonException: invalid frame
[INFO -- 2018-12-03 10:18:45]
Backtrace BEGIN:
#0  0x00007ffff78d4e84 in ?? () from /usr/lib/x86_64-linux-gnu/libgomp.so.1
#1  0x00007ffff78d3ae9 in ?? () from /usr/lib/x86_64-linux-gnu/libgomp.so.1
#2  0x0000000000400f98 in nn_wrapper (filename=0x7fffffffe7d7 "/home/latansini/carol-fi/carol-fi/codes/nnfulldup/nn-knl-files/filelist", k=20, target_lat=5, target_long=5) at nn.c:97
#3  0x00000000004014b8 in main (argc=6, argv=0x7fffffffe568) at nn.c:196

168			fclose(logfile);
169		}
170	
171		if(file!= NULL){
172	    		fclose(file);
173		}
174	}
175	
176	int main(int argc, char* argv[]) {
177	    int    k=0;

Backtrace END
Fliping a bit of the value pointed by a pointer
Fliping value of field: dist
Memory content before bitflip:0x000x000x000x000x000x000x040x40
Fault Model: Random bit-flip
base address to flip value: 0x602a28
address max offset: 8
Memory content after  bitflip:0x960x530xef0x130xa10x8b0xd60xe5
frame name: nn_wrapper
symbol name: neighbors
symbol filename: nn.c
symbol line: 34
value: 0x6029f0
value address: 0x7fffffffe3e8
Type: The type is a pointer.
Type sizeof: 8

[INFO -- 2018-12-03 10:18:45]
Fault Injection Successful after 1.71874189377s
[INFO -- 2018-12-03 10:18:46]
event type: exit
[INFO -- 2018-12-03 10:18:46]
exit code: 0
