[INFO -- 2018-12-03 11:54:58]
Starting flip_value script
version: 1.1
[INFO -- 2018-12-03 11:54:58]
Initialization strings:
[INFO -- 2018-12-03 11:54:58]
(1) file /home/latansini/carol-fi/carol-fi/codes/nnfulldup/nn-knl-files/nn
[INFO -- 2018-12-03 11:54:58]
(2) set args /home/latansini/carol-fi/carol-fi/codes/nnfulldup/nn-knl-files/filelist 20 5 5 /home/latansini/carol-fi/carol-fi/codes/nnfulldup/nn-knl-files/out20_5_5
[INFO -- 2018-12-03 11:54:58]
initSignal:0
[INFO -- 2018-12-03 11:54:58]
endSignal:2
[INFO -- 2018-12-03 11:54:58]
faultModel:3
[EXCEPTION -- 2018-12-03 11:54:59]
pythonException: invalid frame
[EXCEPTION -- 2018-12-03 11:54:59]
pythonException: invalid frame
[INFO -- 2018-12-03 11:54:59]
Backtrace BEGIN:
#0  0x00007ffff78d4e49 in ?? () from /usr/lib/x86_64-linux-gnu/libgomp.so.1
#1  0x00007ffff78d3ae9 in ?? () from /usr/lib/x86_64-linux-gnu/libgomp.so.1
#2  0x0000000000400f98 in nn_wrapper (filename=0x7fffffffe7d7 "/home/latansini/carol-fi/carol-fi/codes/nnfulldup/nn-knl-files/filelist", k=20, target_lat=5, target_long=5) at nn.c:97
#3  0x000000000040148d in main (argc=6, argv=0x7fffffffe568) at nn.c:195

178	    float target_lat, target_long;
179	    char * gold_filename, * filename;
180	    struct neighbor *data1 = NULL;
181	    struct neighbor *data2 = NULL;
182	
183	    if(argc < 6) {
184	        fprintf(stderr, "Invalid set of arguments:\n");
185	        fprintf(stderr, "%s <filelist> <num neighbors to find> <target latitude> <target longitude> <out filename>\n",argv[0]);
186	        exit(-1);
187	    }

Backtrace END
Memory content before bitflip:0x000x000xa00x40
Fault Model: Zero bit-flip
base address to flip value: 0x7fffffffe180
address max offset: 4
Memory content after  bitflip:0x000x000x000x00
frame name: nn_wrapper
symbol name: target_lat
symbol filename: nn.c
symbol line: 28
value: 0
value address: 0x7fffffffe180
Type: A floating point type.
Type sizeof: 4

[INFO -- 2018-12-03 11:54:59]
Fault Injection Successful after 1.94172596931s
[INFO -- 2018-12-03 11:55:01]
event type: exit
[INFO -- 2018-12-03 11:55:01]
exit code: 0
