[INFO -- 2018-10-10 08:37:30]
sending 5 signals using command: 'killall -2 fft_nn.out' after 20.9849707981s
[INFO -- 2018-10-10 08:37:31]
sending 5 signals using command: 'killall -2 fft_nn.out' after 21.6491802761s
[INFO -- 2018-10-10 08:37:33]
sending 5 signals using command: 'killall -2 fft_nn.out' after 24.1469827418s
[INFO -- 2018-10-10 08:37:34]
Starting GDB script
[INFO -- 2018-10-10 08:37:34]
initSignal:0.0
[INFO -- 2018-10-10 08:37:34]
endSignal:5.0
[INFO -- 2018-10-10 08:37:35]
sending 5 signals using command: 'killall -2 fft_nn.out' after 1.65564000223s
[INFO -- 2018-10-10 08:37:36]
sending 5 signals using command: 'killall -2 fft_nn.out' after 2.70606570745s
[INFO -- 2018-10-10 08:37:38]
sending 5 signals using command: 'killall -2 fft_nn.out' after 4.36349087357s
[INFO -- 2018-10-10 08:37:54]
Execution finished before waitTime
