[INFO -- 2018-10-06 21:36:54]
Starting flip_value script
version: 1.1
[INFO -- 2018-10-06 21:36:54]
Initialization strings:
[INFO -- 2018-10-06 21:36:54]
(1) file /tmp/fft_nn/fft_nn.out
[INFO -- 2018-10-06 21:36:54]
(2) set args 32768 /tmp/fft_nn/output_falha.data
[INFO -- 2018-10-06 21:36:54]
initSignal:10
[INFO -- 2018-10-06 21:36:54]
endSignal:15
[INFO -- 2018-10-06 21:36:54]
faultModel:3
[INFO -- 2018-10-06 21:37:08]
Backtrace BEGIN:
#0  0x00007ffff7056a81 in __GI___libc_malloc (bytes=4203939) at malloc.c:2878
#1  0x00007ffff704237d in __fopen_internal (filename=0x4025a3 "./fft.nn", mode=0x7ffff7bd3cd1 "r", is32=1) at iofopen.c:73
#2  0x00007ffff7bcf5f5 in fann_create_from_file () from /usr/local/lib/libfann.so.2
#3  0x00000000004019b7 in radix2DitCooleyTykeyFft(int, int*, Complex*, Complex*) ()
#4  0x0000000000401631 in main ()

2873	malloc.c: Arquivo ou diretório não encontrado.

Backtrace END
Fliping a bit of the pointer
Memory content before bitflip:0x000x000x000x000x000x000x000x00
Fault Model: Zero bit-flip
base address to flip value: 0x7ffff7398a00 
address max offset: 8
Memory content after  bitflip:0x000x000x000x000x000x000x000x00
frame name: __GI___libc_malloc
symbol name: __after_morecore_hook
symbol filename: malloc.c
symbol line: 1842
value: 0x0
value address: 0x7ffff7398a00 <__after_morecore_hook>
Type: The type is a pointer.
Type sizeof: 8

[INFO -- 2018-10-06 21:37:08]
Fault Injection Successful after 14.244980812072754s
[INFO -- 2018-10-06 21:37:14]
event type: exit
[INFO -- 2018-10-06 21:37:14]
exit code: 0
