[INFO -- 2018-10-09 23:11:00]
sending 5 signals using command: 'killall -2 fft_nn.out' after 21.9228571883s
[INFO -- 2018-10-09 23:11:02]
sending 5 signals using command: 'killall -2 fft_nn.out' after 24.5046226789s
[INFO -- 2018-10-09 23:11:03]
sending 5 signals using command: 'killall -2 fft_nn.out' after 24.9558074845s
[INFO -- 2018-10-09 23:11:03]
Starting GDB script
[INFO -- 2018-10-09 23:11:03]
initSignal:0.0
[INFO -- 2018-10-09 23:11:03]
endSignal:5.0
[INFO -- 2018-10-09 23:11:04]
sending 5 signals using command: 'killall -2 fft_nn.out' after 1.07579378238s
[INFO -- 2018-10-09 23:11:06]
sending 5 signals using command: 'killall -2 fft_nn.out' after 3.38840170016s
[INFO -- 2018-10-09 23:11:06]
sending 5 signals using command: 'killall -2 fft_nn.out' after 3.57729436438s
[INFO -- 2018-10-09 23:11:24]
Execution finished before waitTime
