[INFO -- 2018-12-09 15:02:58]
Starting flip_value script
version: 1.1
[INFO -- 2018-12-09 15:02:58]
Initialization strings:
[INFO -- 2018-12-09 15:02:58]
(1) file /home/melkor/ETAPA2/dup_nn/nn-knl-files/nn
[INFO -- 2018-12-09 15:02:58]
(2) set args /home/melkor/ETAPA2/dup_nn/nn-knl-files/filelist 20 5 5 /home/melkor/ETAPA2/dup_nn/nn-knl-files/out20_5_5
[INFO -- 2018-12-09 15:02:58]
initSignal:0
[INFO -- 2018-12-09 15:02:58]
endSignal:1
[INFO -- 2018-12-09 15:02:58]
faultModel:2
[EXCEPTION -- 2018-12-09 15:02:59]
pythonException: invalid frame
[EXCEPTION -- 2018-12-09 15:02:59]
pythonException: invalid frame
[EXCEPTION -- 2018-12-09 15:02:59]
pythonException: invalid frame
[INFO -- 2018-12-09 15:02:59]
Backtrace BEGIN:
#0  0x00007ffff7820ee2 in ?? () from /usr/lib/x86_64-linux-gnu/libgomp.so.1
#1  0x00007ffff781f392 in ?? () from /usr/lib/x86_64-linux-gnu/libgomp.so.1
#2  0x00007ffff7815eca in GOMP_parallel () from /usr/lib/x86_64-linux-gnu/libgomp.so.1
#3  0x00005555555555ed in main (argc=6, argv=0x7fffffffdf08) at nn.c:196

68	      fclose(logfile);
69	    }
70		
71		
72		if(file != NULL){	// isso aqui tava dando segfault
73			fclose(file);
74		}
75		
76	}
77	

Backtrace END
Fliping array at pos: 14
Memory content before bitflip:0x54
Fault Model: Random bit-flip
base address to flip value: 0x7fffffffdbee 
address max offset: 1
Memory content after  bitflip:0x94
frame name: main
symbol name: dbname
symbol filename: nn.c
symbol line: 85
value: "/home/melkor/E\224APA2/dup_nn/nn-knl-files/cane4_2.db", '\000' <repete 13 vezes>
value address: 0x7fffffffdbe0
Type: The type is an array.
Type sizeof: 64
Field name: None
Field Type: A range type, that is, an integer type with bounds.
Field Type sizeof: 8
Field Type range: (0, 63)

[INFO -- 2018-12-09 15:02:59]
Fault Injection Successful after 1.5269148349761963s
[INFO -- 2018-12-09 15:02:59]
event type: exit
[INFO -- 2018-12-09 15:02:59]
exit code: 0
