[INFO -- 2018-10-09 14:03:43]
Starting flip_value script
version: 1.1
[INFO -- 2018-10-09 14:03:43]
Initialization strings:
[INFO -- 2018-10-09 14:03:43]
(1) file /tmp/fft_nn/fft_nn.out
[INFO -- 2018-10-09 14:03:43]
(2) set args 32768 /tmp/fft_nn/output_falha.data
[INFO -- 2018-10-09 14:03:43]
initSignal:5
[INFO -- 2018-10-09 14:03:43]
endSignal:10
[INFO -- 2018-10-09 14:03:43]
faultModel:1
[INFO -- 2018-10-09 14:03:51]
Backtrace BEGIN:
#0  0x00007ffff7011e46 in str_to_mpn (str=0x7fffffffd007 "657421112060547e-01", str@entry=0x7fffffffd000 "4.07094657421112060547e-01", digcnt=15, digcnt@entry=21, n=n@entry=0x7fffffffcf20, nsize=nsize@entry=0x7fffffffcef0, exponent=exponent@entry=0x7fffffffcf00, decimal_len=decimal_len@entry=1, thousands=thousands@entry=0x0, decimal=<optimized out>) at strtod_l.c:398
#1  0x00007ffff7012c2b in __GI_____strtof_l_internal (nptr=<optimized out>, endptr=<optimized out>, group=<optimized out>, loc=<optimized out>) at strtod_l.c:1427
#2  0x00007ffff7011d60 in __GI___strtof_internal (nptr=<optimized out>, endptr=<optimized out>, group=<optimized out>) at strtod.c:54
#3  0x00007ffff702b948 in _IO_vfscanf_internal (s=s@entry=0x6062c0, format=<optimized out>, argptr=argptr@entry=0x7fffffffd408, errp=errp@entry=0x0) at vfscanf.c:2365
#4  0x00007ffff7032162 in __isoc99_fscanf (stream=0x6062c0, format=<optimized out>) at isoc99_fscanf.c:34
#5  0x00007ffff7bcf187 in fann_create_from_fd () from /usr/local/lib/libfann.so.2
#6  0x00007ffff7bcf608 in fann_create_from_file () from /usr/local/lib/libfann.so.2
#7  0x00000000004019b7 in radix2DitCooleyTykeyFft(int, int*, Complex*, Complex*) ()
#8  0x0000000000401631 in main ()

393	strtod_l.c: Arquivo ou diretório não encontrado.

Backtrace END
Memory content before bitflip:0x000x000x000x00
Fault Model: Double bit-flip
base address to flip value: 0x7fffffffd1d0
address max offset: 4
Memory content after  bitflip:0x000x880x000x00
frame name: _IO_vfscanf_internal
symbol name: flags
symbol filename: vfscanf.c
symbol line: 222
value: 34816
value address: 0x7fffffffd1d0
Type: The type is an integer type.
Type sizeof: 4

[INFO -- 2018-10-09 14:03:51]
Fault Injection Successful after 8.21013331413269s
[INFO -- 2018-10-09 14:04:03]
event type: exit
[INFO -- 2018-10-09 14:04:03]
exit code: 0
