[INFO -- 2018-10-11 19:00:03]
Starting flip_value script
version: 1.1
[INFO -- 2018-10-11 19:00:03]
Initialization strings:
[INFO -- 2018-10-11 19:00:03]
(1) file /tmp/fft_nn/fft_nn.out
[INFO -- 2018-10-11 19:00:03]
(2) set args 32768 /tmp/fft_nn/output_falha.data
[INFO -- 2018-10-11 19:00:03]
initSignal:0
[INFO -- 2018-10-11 19:00:03]
endSignal:5
[INFO -- 2018-10-11 19:00:03]
faultModel:0
[INFO -- 2018-10-11 19:00:06]
Backtrace BEGIN:
#0  0x00007ffff6b95ab5 in _pthread_cleanup_push_defer (buffer=0x7fffffffd280, routine=0x7ffff7031cc0 <__funlockfile>, arg=0x6062c0) at cleanup_defer_compat.c:54
#1  0x00007ffff7029fd5 in _IO_vfscanf_internal (s=s@entry=0x6062c0, format=0x7ffff7bd3da5 "(%u, %f) ", argptr=argptr@entry=0x7fffffffd408, errp=errp@entry=0x0) at vfscanf.c:358
#2  0x00007ffff7032162 in __isoc99_fscanf (stream=0x6062c0, format=<optimized out>) at isoc99_fscanf.c:34
#3  0x00007ffff7bcf187 in fann_create_from_fd () from /usr/local/lib/libfann.so.2
#4  0x00007ffff7bcf608 in fann_create_from_file () from /usr/local/lib/libfann.so.2
#5  0x00000000004019b7 in radix2DitCooleyTykeyFft(int, int*, Complex*, Complex*) ()
#6  0x0000000000401631 in main ()

49	cleanup_defer_compat.c: Arquivo ou diretório não encontrado.

Backtrace END
Fliping a bit of the pointer
Memory content before bitflip:0x080xd40xff0xff0xff0x7f0x000x00
Fault Model: Single bit-flip
base address to flip value: 0x7fffffffd190
address max offset: 8
Memory content after  bitflip:0x080xd40xff0xff0xff0xff0x000x00
frame name: _IO_vfscanf_internal
symbol name: argptr
symbol filename: vfscanf.c
symbol line: 211
value: 0x7fffffffd408
value address: 0x7fffffffd190
Type: The type is a pointer.
Type sizeof: 8

[INFO -- 2018-10-11 19:00:06]
Fault Injection Successful after 3.1712594032287598s
[INFO -- 2018-10-11 19:00:22]
event type: exit
[INFO -- 2018-10-11 19:00:22]
exit code: 0
