[INFO -- 2018-10-11 18:59:59]
sending 5 signals using command: 'killall -2 fft_nn.out' after 20.9508683582s
[INFO -- 2018-10-11 18:59:59]
sending 5 signals using command: 'killall -2 fft_nn.out' after 21.413147915s
[INFO -- 2018-10-11 19:00:02]
sending 5 signals using command: 'killall -2 fft_nn.out' after 24.3753180229s
[INFO -- 2018-10-11 19:00:03]
Starting GDB script
[INFO -- 2018-10-11 19:00:03]
initSignal:0.0
[INFO -- 2018-10-11 19:00:03]
endSignal:5.0
[INFO -- 2018-10-11 19:00:06]
sending 5 signals using command: 'killall -2 fft_nn.out' after 3.08879241782s
[INFO -- 2018-10-11 19:00:06]
sending 5 signals using command: 'killall -2 fft_nn.out' after 3.72075842576s
[INFO -- 2018-10-11 19:00:07]
sending 5 signals using command: 'killall -2 fft_nn.out' after 4.884557554s
[INFO -- 2018-10-11 19:00:23]
Execution finished before waitTime
