[INFO -- 2018-10-10 04:44:22]
Starting flip_value script
version: 1.1
[INFO -- 2018-10-10 04:44:22]
Initialization strings:
[INFO -- 2018-10-10 04:44:22]
(1) file /tmp/fft_nn/fft_nn.out
[INFO -- 2018-10-10 04:44:22]
(2) set args 32768 /tmp/fft_nn/output_falha.data
[INFO -- 2018-10-10 04:44:22]
initSignal:5
[INFO -- 2018-10-10 04:44:22]
endSignal:10
[INFO -- 2018-10-10 04:44:22]
faultModel:1
[INFO -- 2018-10-10 04:44:29]
Backtrace BEGIN:
#0  0x00007ffff70299f9 in _IO_vfscanf_internal (s=s@entry=0x6062c0, format=<optimized out>, argptr=argptr@entry=0x7fffffffd408, errp=errp@entry=0x0) at vfscanf.c:1724
#1  0x00007ffff7032162 in __isoc99_fscanf (stream=0x6062c0, format=<optimized out>) at isoc99_fscanf.c:34
#2  0x00007ffff7bceda6 in fann_create_from_fd () from /usr/local/lib/libfann.so.2
#3  0x00007ffff7bcf608 in fann_create_from_file () from /usr/local/lib/libfann.so.2
#4  0x00000000004019b7 in radix2DitCooleyTykeyFft(int, int*, Complex*, Complex*) ()
#5  0x0000000000401631 in main ()

1719	vfscanf.c: Arquivo ou diretório não encontrado.

Backtrace END
Fliping array at pos: 0
Fliping value of field: gp_offset
Memory content before bitflip:0x100x000x000x00
Fault Model: Double bit-flip
base address to flip value: 0x7fffffffd408
address max offset: 4
Memory content after  bitflip:0x100x000x000x09
frame name: __isoc99_fscanf
symbol name: arg
symbol filename: isoc99_fscanf.c
symbol line: 27
value: {{gp_offset = 150994960, fp_offset = 48, overflow_arg_area = 0x7fffffffd4e0, reg_save_area = 0x7fffffffd420}}
value address: 0x7fffffffd408
Type: The type is an array.
Type sizeof: 24

[INFO -- 2018-10-10 04:44:29]
Fault Injection Successful after 7.0257728099823s
[INFO -- 2018-10-10 04:44:42]
event type: exit
[INFO -- 2018-10-10 04:44:42]
exit code: 0
