[INFO -- 2018-10-06 05:49:22]
Starting flip_value script
version: 1.1
[INFO -- 2018-10-06 05:49:22]
Initialization strings:
[INFO -- 2018-10-06 05:49:22]
(1) file /tmp/fft_nn/fft_nn.out
[INFO -- 2018-10-06 05:49:22]
(2) set args 32768 /tmp/fft_nn/output_falha.data
[INFO -- 2018-10-06 05:49:22]
initSignal:5
[INFO -- 2018-10-06 05:49:22]
endSignal:10
[INFO -- 2018-10-06 05:49:22]
faultModel:1
[INFO -- 2018-10-06 05:49:30]
Backtrace BEGIN:
#0  0x00007ffff7029133 in _IO_vfscanf_internal (s=s@entry=0x6062c0, format=<optimized out>, argptr=argptr@entry=0x7fffffffd8c8, errp=errp@entry=0x0) at vfscanf.c:1408
#1  0x00007ffff7032162 in __isoc99_fscanf (stream=0x6062c0, format=<optimized out>) at isoc99_fscanf.c:34
#2  0x00007ffff7bcf187 in fann_create_from_fd () from /usr/local/lib/libfann.so.2
#3  0x00007ffff7bcf608 in fann_create_from_file () from /usr/local/lib/libfann.so.2
#4  0x00000000004019b7 in radix2DitCooleyTykeyFft(int, int*, Complex*, Complex*) ()
#5  0x0000000000401631 in main ()

1403	vfscanf.c: Arquivo ou diretório não encontrado.

Backtrace END
Fliping a bit of the value pointed by a pointer
Memory content before bitflip:0x00
Fault Model: Double bit-flip
base address to flip value: 0x7fffffffd4da 
address max offset: 1
Memory content after  bitflip:0x0a
frame name: _IO_vfscanf_internal
symbol name: tw
symbol filename: vfscanf.c
symbol line: 271
value: 0x7fffffffd4da "\n\377\377\177"
value address: 0x7fffffffd6f0
Type: The type is a pointer.
Type sizeof: 8

[INFO -- 2018-10-06 05:49:30]
Fault Injection Successful after 8.598544597625732s
[INFO -- 2018-10-06 05:49:42]
event type: exit
[INFO -- 2018-10-06 05:49:42]
exit code: 0
