[INFO -- 2018-10-09 07:34:53]
Starting flip_value script
version: 1.1
[INFO -- 2018-10-09 07:34:53]
Initialization strings:
[INFO -- 2018-10-09 07:34:53]
(1) file /tmp/fft_nn/fft_nn.out
[INFO -- 2018-10-09 07:34:53]
(2) set args 32768 /tmp/fft_nn/output_falha.data
[INFO -- 2018-10-09 07:34:53]
initSignal:0
[INFO -- 2018-10-09 07:34:53]
endSignal:5
[INFO -- 2018-10-09 07:34:53]
faultModel:0
[INFO -- 2018-10-09 07:34:54]
Backtrace BEGIN:
#0  __mpn_mul_1 () at ../sysdeps/x86_64/mul_1.S:127
#1  0x00007ffff7011fef in str_to_mpn (str=0x7fffffffd015 "0e-02", str@entry=0x7fffffffd000 "9.86697897315025329590e-02", digcnt=<optimized out>, digcnt@entry=20, n=n@entry=0x7fffffffcf20, nsize=nsize@entry=0x7fffffffcef0, exponent=exponent@entry=0x7fffffffcf00, decimal_len=decimal_len@entry=1, thousands=thousands@entry=0x0, decimal=<optimized out>) at strtod_l.c:420
#2  0x00007ffff7012c2b in __GI_____strtof_l_internal (nptr=<optimized out>, endptr=<optimized out>, group=<optimized out>, loc=<optimized out>) at strtod_l.c:1427
#3  0x00007ffff7011d60 in __GI___strtof_internal (nptr=<optimized out>, endptr=<optimized out>, group=<optimized out>) at strtod.c:54
#4  0x00007ffff702b948 in _IO_vfscanf_internal (s=s@entry=0x6062c0, format=<optimized out>, argptr=argptr@entry=0x7fffffffd408, errp=errp@entry=0x0) at vfscanf.c:2365
#5  0x00007ffff7032162 in __isoc99_fscanf (stream=0x6062c0, format=<optimized out>) at isoc99_fscanf.c:34
#6  0x00007ffff7bcf187 in fann_create_from_fd () from /usr/local/lib/libfann.so.2
#7  0x00007ffff7bcf608 in fann_create_from_file () from /usr/local/lib/libfann.so.2
#8  0x00000000004019b7 in radix2DitCooleyTykeyFft(int, int*, Complex*, Complex*) ()
#9  0x0000000000401631 in main ()

122	../sysdeps/x86_64/mul_1.S: Arquivo ou diretório não encontrado.

Backtrace END
Fliping array at pos: 6
Memory content before bitflip:0x300xd20xff0xff0xff0x7f0x000x00
Fault Model: Single bit-flip
base address to flip value: 0x7fffffffcfa0
address max offset: 8
Memory content after  bitflip:0x300xd20xff0xff0xff0x7d0x000x00
frame name: __GI_____strtof_l_internal
symbol name: den
symbol filename: strtod_l.c
symbol line: 494
value: {3875820019684212736, 54, 0, 0, 0, 140737488344856, 138538465088048, 5, 18446744073709551615, 4160570904}
value address: 0x7fffffffcf70
Type: The type is an array.
Type sizeof: 80
Field name: None
Field Type: A range type, that is, an integer type with bounds.
Field Type sizeof: 8
Field Type range: (0, 9)

[INFO -- 2018-10-09 07:34:54]
Fault Injection Successful after 1.1211798191070557s
[INFO -- 2018-10-09 07:35:13]
event type: exit
[INFO -- 2018-10-09 07:35:13]
exit code: 0
