[INFO -- 2018-10-19 06:08:27]
Starting flip_value script
version: 1.1
[INFO -- 2018-10-19 06:08:27]
Initialization strings:
[INFO -- 2018-10-19 06:08:27]
(1) file /home/latansini/Desktop/trabalhoftf/carol-fi/sample-code/knn/nn-knl-files/nn
[INFO -- 2018-10-19 06:08:27]
(2) set args /home/latansini/Desktop/trabalhoftf/carol-fi/sample-code/knn/nn-knl-files/filelist 15 25 25 /home/latansini/Desktop/trabalhoftf/carol-fi/sample-code/knn/nn-knl-files/out15_25_25
[INFO -- 2018-10-19 06:08:27]
initSignal:2
[INFO -- 2018-10-19 06:08:27]
endSignal:3
[INFO -- 2018-10-19 06:08:27]
faultModel:2
[EXCEPTION -- 2018-10-19 06:08:29]
pythonException: invalid frame
[INFO -- 2018-10-19 06:08:29]
Backtrace BEGIN:
#0  __sqrt (x=<optimized out>) at w_sqrt.c:31
#1  0x00000000004015b7 in main._omp_fn.0 () at nn.c:120
#2  0x0000000000401193 in main (argc=6, argv=0x7fffffffd8b8) at nn.c:115

26	w_sqrt.c: Arquivo ou diretório não encontrado.

Backtrace END
Memory content before bitflip:0x020x000x000x00
Fault Model: Random bit-flip
base address to flip value: 0x7fffffffd4ac
address max offset: 4
Memory content after  bitflip:0x240x7e0x360x60
frame name: main._omp_fn.0
symbol name: i
symbol filename: nn.c
symbol line: 31
value: 1614183972
value address: 0x7fffffffd4ac
Type: The type is an integer type.
Type sizeof: 4

[INFO -- 2018-10-19 06:08:29]
Fault Injection Successful after 2.4645004272460938s
[INFO -- 2018-10-19 06:08:33]
event type: exit
[INFO -- 2018-10-19 06:08:33]
exit code: 0
