[INFO -- 2018-12-01 10:23:26]
Starting flip_value script
version: 1.1
[INFO -- 2018-12-01 10:23:26]
Initialization strings:
[INFO -- 2018-12-01 10:23:26]
(1) file /home/lignati/carol-fi/codes/inversefulldup/inversek2j.nn.out
[INFO -- 2018-12-01 10:23:26]
(2) set args /home/lignati/carol-fi/codes/inversefulldup/input_250k /home/lignati/carol-fi/codes/inversefulldup/output_falha.data
[INFO -- 2018-12-01 10:23:26]
initSignal:0
[INFO -- 2018-12-01 10:23:26]
endSignal:25
[INFO -- 2018-12-01 10:23:26]
faultModel:0
[EXCEPTION -- 2018-12-01 10:23:31]
gdbException: Attempt to dereference a generic pointer.
[INFO -- 2018-12-01 10:23:31]
Backtrace BEGIN:
#0  _IO_vfscanf_internal (s=s@entry=0x6085c0, format=<optimized out>, argptr=argptr@entry=0x7fffffffcf38, errp=errp@entry=0x0) at vfscanf.c:2367
#1  0x00007ffff7033162 in __isoc99_fscanf (stream=0x6085c0, format=<optimized out>) at isoc99_fscanf.c:34
#2  0x00007ffff7bcac42 in fann_create_from_fd () from /usr/local/lib/libfann.so.2
#3  0x00007ffff7bc8073 in fann_create_from_file () from /usr/local/lib/libfann.so.2
#4  0x0000000000402061 in inversek2j(float, float, float*, float*) ()
#5  0x000000000040179a in main ()

2362	in vfscanf.c

Backtrace END
Fliping a bit of the value pointed by a pointer
Memory content before bitflip:0x00
Fault Model: Single bit-flip
base address to flip value: 0x7fffffffcb4a 
address max offset: 1
Memory content after  bitflip:0x80
frame name: _IO_vfscanf_internal
symbol name: tw
symbol filename: vfscanf.c
symbol line: 271
value: 0x7fffffffcb4a "\200"
value address: 0x7fffffffcd60
Type: The type is a pointer.
Type sizeof: 8

[INFO -- 2018-12-01 10:23:31]
Fault Injection Successful after 5.014221906661987s
[INFO -- 2018-12-01 10:23:51]
event type: exit
[INFO -- 2018-12-01 10:23:51]
exit code: 0
