[INFO -- 2018-12-03 06:37:42]
Starting flip_value script
version: 1.1
[INFO -- 2018-12-03 06:37:42]
Initialization strings:
[INFO -- 2018-12-03 06:37:42]
(1) file /home/latansini/carol-fi/carol-fi/codes/nnfulldup/nn-knl-files/nn
[INFO -- 2018-12-03 06:37:42]
(2) set args /home/latansini/carol-fi/carol-fi/codes/nnfulldup/nn-knl-files/filelist 20 5 5 /home/latansini/carol-fi/carol-fi/codes/nnfulldup/nn-knl-files/out20_5_5
[INFO -- 2018-12-03 06:37:42]
initSignal:0
[INFO -- 2018-12-03 06:37:42]
endSignal:2
[INFO -- 2018-12-03 06:37:42]
faultModel:3
[INFO -- 2018-12-03 06:37:42]
Backtrace BEGIN:
#0  __lll_lock_wait_private () at ../nptl/sysdeps/unix/sysv/linux/x86_64/lowlevellock.S:95
#1  0x00007ffff76b1119 in _L_lock_3133 () from /lib/x86_64-linux-gnu/libpthread.so.0
#2  0x00007ffff76b0241 in start_thread (arg=0x7ffff72fc700) at pthread_create.c:298
#3  0x00007ffff73e562d in clone () at ../sysdeps/unix/sysv/linux/x86_64/clone.S:111

90	../nptl/sysdeps/unix/sysv/linux/x86_64/lowlevellock.S: No such file or directory.

Backtrace END
Fliping a bit of the pointer
Memory content before bitflip:0xd70xe70xff0xff0xff0x7f0x000x00
Fault Model: Zero bit-flip
base address to flip value: 0x7fffffffe188
address max offset: 8
Memory content after  bitflip:0x000x000x000x000x000x000x000x00
frame name: nn_wrapper
symbol name: filename
symbol filename: nn.c
symbol line: 28
value: 0x7fffffffe7d7 "/home/latansini/carol-fi/carol-fi/codes/nnfulldup/nn-knl-files/filelist"
value address: 0x7fffffffe188
Type: The type is a pointer.
Type sizeof: 8

[INFO -- 2018-12-03 06:37:42]
Fault Injection Successful after 0.918970108032s
[INFO -- 2018-12-03 06:37:45]
event type: exit
[INFO -- 2018-12-03 06:37:45]
exit code: 0
