[INFO -- 2018-10-16 12:58:33]
Starting flip_value script
version: 1.1
[INFO -- 2018-10-16 12:58:33]
Initialization strings:
[INFO -- 2018-10-16 12:58:33]
(1) file /home/latansini/Desktop/trabalhoftf/carol-fi/sample-code/inverse_nn/inversek2j_nn.out
[INFO -- 2018-10-16 12:58:33]
(2) set args /home/latansini/Desktop/trabalhoftf/carol-fi/sample-code/inverse_nn/input_250k /home/latansini/Desktop/trabalhoftf/carol-fi/sample-code/inverse_nn/output_falha.data
[INFO -- 2018-10-16 12:58:33]
initSignal:4
[INFO -- 2018-10-16 12:58:33]
endSignal:6
[INFO -- 2018-10-16 12:58:33]
faultModel:2
[EXCEPTION -- 2018-10-16 12:58:37]
gdbException: Tentativo de desreferenciar um ponteiro genérico.
[EXCEPTION -- 2018-10-16 12:58:37]
gdbException: Não é possível acessar a memória no endereço 0x7fff00000001
[EXCEPTION -- 2018-10-16 12:58:37]
gdbException: No symbol "None" in current context.
[INFO -- 2018-10-16 12:58:37]
Backtrace BEGIN:
#0  0x00007ffff7011e13 in str_to_mpn (str=str@entry=0x7fffffffccd0 "9.96629297733306884766e-02", digcnt=digcnt@entry=21, n=n@entry=0x7fffffffcbf0, nsize=nsize@entry=0x7fffffffcbc0, exponent=exponent@entry=0x7fffffffcbd0, decimal_len=decimal_len@entry=1, thousands=thousands@entry=0x0, decimal=<optimized out>) at strtod_l.c:351
#1  0x00007ffff7012c2b in __GI_____strtof_l_internal (nptr=<optimized out>, endptr=<optimized out>, group=<optimized out>, loc=<optimized out>) at strtod_l.c:1427
#2  0x00007ffff7011d60 in __GI___strtof_internal (nptr=<optimized out>, endptr=<optimized out>, group=<optimized out>) at strtod.c:54
#3  0x00007ffff702b948 in _IO_vfscanf_internal (s=s@entry=0x608610, format=<optimized out>, argptr=argptr@entry=0x7fffffffd0d8, errp=errp@entry=0x0) at vfscanf.c:2365
#4  0x00007ffff7032162 in __isoc99_fscanf (stream=0x608610, format=<optimized out>) at isoc99_fscanf.c:34
#5  0x00007ffff7bcf187 in fann_create_from_fd () from /usr/local/lib/libfann.so.2
#6  0x00007ffff7bcf608 in fann_create_from_file () from /usr/local/lib/libfann.so.2
#7  0x000000000040199e in inversek2j(float, float, float*, float*) ()
#8  0x0000000000401631 in main ()

346	in strtod_l.c

Backtrace END
Fliping array at pos: 10
Memory content before bitflip:0x66
Fault Model: Random bit-flip
base address to flip value: 0x7ffff715cc0a  
address max offset: 1
Memory content after  bitflip:0xc2
frame name: _IO_vfscanf_internal
symbol name: __PRETTY_FUNCTION__
symbol filename: vfscanf.c
symbol line: 0
value: "_IO_vfscan\302_internal"
value address: 0x7ffff715cc00 <__PRETTY_FUNCTION__.11925>
Type: The type is an array.
Type sizeof: 21
Field name: None
Field Type: A range type, that is, an integer type with bounds.
Field Type sizeof: 8
Field Type range: (0, 20)

[INFO -- 2018-10-16 12:58:37]
Fault Injection Successful after 4.753648519515991s
[INFO -- 2018-10-16 12:58:44]
event type: exit
[INFO -- 2018-10-16 12:58:44]
exit code: 0
