[INFO -- 2018-10-15 10:33:43]
Starting flip_value script
version: 1.1
[INFO -- 2018-10-15 10:33:43]
Initialization strings:
[INFO -- 2018-10-15 10:33:43]
(1) file /home/latansini/Desktop/trabalhoftf/carol-fi/sample-code/inverse_nn/inversek2j_nn.out
[INFO -- 2018-10-15 10:33:43]
(2) set args /home/latansini/Desktop/trabalhoftf/carol-fi/sample-code/inverse_nn/input_250k /home/latansini/Desktop/trabalhoftf/carol-fi/sample-code/inverse_nn/output_falha.data
[INFO -- 2018-10-15 10:33:43]
initSignal:20
[INFO -- 2018-10-15 10:33:43]
endSignal:30
[INFO -- 2018-10-15 10:33:43]
faultModel:2
[INFO -- 2018-10-15 10:34:03]
Backtrace BEGIN:
#0  str_to_mpn (str=0x7fffffffd234 "88e-01", str@entry=0x7fffffffd220 "5.72134733200073242188e-01", digcnt=2, digcnt@entry=21, n=n@entry=0x7fffffffd140, nsize=nsize@entry=0x7fffffffd110, exponent=exponent@entry=0x7fffffffd120, decimal_len=decimal_len@entry=1, thousands=thousands@entry=0x0, decimal=<optimized out>) at strtod_l.c:374
#1  0x00007ffff7012c2b in __GI_____strtof_l_internal (nptr=<optimized out>, endptr=<optimized out>, group=<optimized out>, loc=<optimized out>) at strtod_l.c:1427
#2  0x00007ffff7011d60 in __GI___strtof_internal (nptr=<optimized out>, endptr=<optimized out>, group=<optimized out>) at strtod.c:54
#3  0x00007ffff702b948 in _IO_vfscanf_internal (s=s@entry=0x608610, format=<optimized out>, argptr=argptr@entry=0x7fffffffd628, errp=errp@entry=0x0) at vfscanf.c:2365
#4  0x00007ffff7032162 in __isoc99_fscanf (stream=0x608610, format=<optimized out>) at isoc99_fscanf.c:34
#5  0x00007ffff7bcf187 in fann_create_from_fd () from /usr/local/lib/libfann.so.2
#6  0x00007ffff7bcf608 in fann_create_from_file () from /usr/local/lib/libfann.so.2
#7  0x000000000040199e in inversek2j(float, float, float*, float*) ()
#8  0x0000000000401631 in main ()

369	strtod_l.c: Arquivo ou diretório não encontrado.

Backtrace END
Fliping array at pos: 14
Memory content before bitflip:0x6e
Fault Model: Random bit-flip
base address to flip value: 0x7ffff715cb8e  
address max offset: 1
Memory content after  bitflip:0x51
frame name: __GI_____strtof_l_internal
symbol name: __PRETTY_FUNCTION__
symbol filename: strtof_l.c
symbol line: 0
value: "____strtof_l_iQternal"
value address: 0x7ffff715cb80 <__PRETTY_FUNCTION__.11547>
Type: The type is an array.
Type sizeof: 22
Field name: None
Field Type: A range type, that is, an integer type with bounds.
Field Type sizeof: 8
Field Type range: (0, 21)

[INFO -- 2018-10-15 10:34:03]
Fault Injection Successful after 20.328136682510376s
[INFO -- 2018-10-15 10:34:03]
event type: exit
[INFO -- 2018-10-15 10:34:03]
exit code: 0
