[INFO -- 2018-10-19 14:42:01]
Starting flip_value script
version: 1.1
[INFO -- 2018-10-19 14:42:01]
Initialization strings:
[INFO -- 2018-10-19 14:42:01]
(1) file /home/latansini/Desktop/trabalhoftf/carol-fi/sample-code/knn/nn-knl-files/nn
[INFO -- 2018-10-19 14:42:01]
(2) set args /home/latansini/Desktop/trabalhoftf/carol-fi/sample-code/knn/nn-knl-files/filelist 15 25 25 /home/latansini/Desktop/trabalhoftf/carol-fi/sample-code/knn/nn-knl-files/out15_25_25
[INFO -- 2018-10-19 14:42:01]
initSignal:2
[INFO -- 2018-10-19 14:42:01]
endSignal:3
[INFO -- 2018-10-19 14:42:01]
faultModel:2
[EXCEPTION -- 2018-10-19 14:42:03]
pythonException: invalid frame
[EXCEPTION -- 2018-10-19 14:42:03]
pythonException: invalid frame
[INFO -- 2018-10-19 14:42:03]
Backtrace BEGIN:
#0  0x00007ffff78bdc06 in ?? () from /usr/lib/x86_64-linux-gnu/libgomp.so.1
#1  0x00007ffff78bc0e2 in ?? () from /usr/lib/x86_64-linux-gnu/libgomp.so.1
#2  0x0000000000401184 in main (argc=6, argv=0x7fffffffd8b8) at nn.c:115

20	* This program finds the k-nearest neighbors
21	* Usage:	./nn <filelist> <num> <target latitude> <target longitude> <out filename>
22	*			filelist: File with the filenames to the records
23	*			num: Number of nearest neighbors to find
24	*			target lat: Latitude coordinate for distance calculations
25	*			target long: Longitude coordinate for distance calculations
26	* The filelist and data are generated by hurricane_gen.c
27	* REC_WINDOW has been arbitrarily assigned; A larger value would allow more work for the threads
28	*/
29	int main(int argc, char* argv[]) {

Backtrace END
Fliping array at pos: 417
Memory content before bitflip:0x20
Fault Model: Random bit-flip
base address to flip value: 0x7fffffffd761 
address max offset: 1
Memory content after  bitflip:0x13
frame name: main
symbol name: sandbox
symbol filename: nn.c
symbol line: 32
value: "1979  2 17  6 22 GORDON     14.4  63.0  118  445\n1999 11 18 12 17 VALERIE    36.2 248.8  163  379\n1975  7 13  6  8 BERYL      47.6 137.2  118  396\n1952 11 12  0 14 HELENE     55.0 183.0   57  383\n1992"...
value address: 0x7fffffffd5c0
Type: The type is an array.
Type sizeof: 490
Field name: None
Field Type: A range type, that is, an integer type with bounds.
Field Type sizeof: 8
Field Type range: (0, 489)

[INFO -- 2018-10-19 14:42:03]
Fault Injection Successful after 2.676715612411499s
[INFO -- 2018-10-19 14:42:06]
event type: exit
[INFO -- 2018-10-19 14:42:06]
exit code: 0
