[INFO -- 2018-12-03 19:40:26]
Starting flip_value script
version: 1.1
[INFO -- 2018-12-03 19:40:26]
Initialization strings:
[INFO -- 2018-12-03 19:40:26]
(1) file /home/latansini/carol-fi/carol-fi/codes/nnfulldup/nn-knl-files/nn
[INFO -- 2018-12-03 19:40:26]
(2) set args /home/latansini/carol-fi/carol-fi/codes/nnfulldup/nn-knl-files/filelist 20 5 5 /home/latansini/carol-fi/carol-fi/codes/nnfulldup/nn-knl-files/out20_5_5
[INFO -- 2018-12-03 19:40:26]
initSignal:0
[INFO -- 2018-12-03 19:40:26]
endSignal:2
[INFO -- 2018-12-03 19:40:26]
faultModel:2
[EXCEPTION -- 2018-12-03 19:40:27]
pythonException: invalid frame
[EXCEPTION -- 2018-12-03 19:40:27]
pythonException: invalid frame
[EXCEPTION -- 2018-12-03 19:40:27]
pythonException: invalid frame
[EXCEPTION -- 2018-12-03 19:40:27]
pythonException: invalid frame
[EXCEPTION -- 2018-12-03 19:40:27]
pythonException: invalid literal for int() with base 16: '0x7ffff7f57000 ...'
[EXCEPTION -- 2018-12-03 19:40:27]
pythonException: invalid frame
[EXCEPTION -- 2018-12-03 19:40:27]
pythonException: invalid frame
[EXCEPTION -- 2018-12-03 19:40:27]
pythonException: invalid frame
[INFO -- 2018-12-03 19:40:27]
Backtrace BEGIN:
#0  0x00007ffff78d4c79 in ?? () from /usr/lib/x86_64-linux-gnu/libgomp.so.1
#1  0x00007ffff78d26f0 in ?? () from /usr/lib/x86_64-linux-gnu/libgomp.so.1
#2  0x00007ffff76b0064 in start_thread (arg=0x7ffff42f6700) at pthread_create.c:309
#3  0x00007ffff73e562d in clone () at ../sysdeps/unix/sysv/linux/x86_64/clone.S:111

178	    float target_lat, target_long;
179	    char * gold_filename, * filename;
180	    struct neighbor *data1 = NULL;
181	    struct neighbor *data2 = NULL;
182	
183	    if(argc < 6) {
184	        fprintf(stderr, "Invalid set of arguments:\n");
185	        fprintf(stderr, "%s <filelist> <num neighbors to find> <target latitude> <target longitude> <out filename>\n",argv[0]);
186	        exit(-1);
187	    }

Backtrace END
Memory content before bitflip:0x140x000x000x00
Fault Model: Random bit-flip
base address to flip value: 0x7fffffffe47c
address max offset: 4
Memory content after  bitflip:0xce0xa30x6d0xc3
frame name: main
symbol name: k
symbol filename: nn.c
symbol line: 177
value: -1016224818
value address: 0x7fffffffe47c
Type: The type is an integer type.
Type sizeof: 4

[INFO -- 2018-12-03 19:40:27]
Fault Injection Successful after 1.27562403679s
[INFO -- 2018-12-03 19:40:28]
event type: exit
[INFO -- 2018-12-03 19:40:28]
exit code: 0
