[INFO -- 2018-10-09 03:09:06]
sending 5 signals using command: 'killall -2 fft_nn.out' after 21.468999344s
[INFO -- 2018-10-09 03:09:09]
sending 5 signals using command: 'killall -2 fft_nn.out' after 24.081056042s
[INFO -- 2018-10-09 03:09:09]
sending 5 signals using command: 'killall -2 fft_nn.out' after 24.3623570473s
[INFO -- 2018-10-09 03:09:09]
Starting GDB script
[INFO -- 2018-10-09 03:09:09]
initSignal:0.0
[INFO -- 2018-10-09 03:09:09]
endSignal:5.0
[INFO -- 2018-10-09 03:09:09]
sending 5 signals using command: 'killall -2 fft_nn.out' after 0.0109808494496s
[INFO -- 2018-10-09 03:09:10]
sending 5 signals using command: 'killall -2 fft_nn.out' after 1.00396251778s
[INFO -- 2018-10-09 03:09:12]
sending 5 signals using command: 'killall -2 fft_nn.out' after 2.64694488283s
[INFO -- 2018-10-09 03:09:30]
Execution finished before waitTime
