[INFO -- 2018-12-03 21:28:06]
Starting flip_value script
version: 1.1
[INFO -- 2018-12-03 21:28:06]
Initialization strings:
[INFO -- 2018-12-03 21:28:06]
(1) file /home/latansini/carol-fi/carol-fi/codes/nnfulldup/nn-knl-files/nn
[INFO -- 2018-12-03 21:28:06]
(2) set args /home/latansini/carol-fi/carol-fi/codes/nnfulldup/nn-knl-files/filelist 20 5 5 /home/latansini/carol-fi/carol-fi/codes/nnfulldup/nn-knl-files/out20_5_5
[INFO -- 2018-12-03 21:28:06]
initSignal:0
[INFO -- 2018-12-03 21:28:06]
endSignal:2
[INFO -- 2018-12-03 21:28:06]
faultModel:2
[EXCEPTION -- 2018-12-03 21:28:07]
pythonException: invalid frame
[EXCEPTION -- 2018-12-03 21:28:07]
pythonException: invalid frame
[EXCEPTION -- 2018-12-03 21:28:07]
pythonException: invalid frame
[EXCEPTION -- 2018-12-03 21:28:07]
pythonException: invalid frame
[INFO -- 2018-12-03 21:28:07]
Backtrace BEGIN:
#0  0x00007ffff78d4e84 in ?? () from /usr/lib/x86_64-linux-gnu/libgomp.so.1
#1  0x00007ffff78d3ae9 in ?? () from /usr/lib/x86_64-linux-gnu/libgomp.so.1
#2  0x0000000000400f98 in nn_wrapper (filename=0x7fffffffe7d7 "/home/latansini/carol-fi/carol-fi/codes/nnfulldup/nn-knl-files/filelist", k=20, target_lat=5, target_long=5) at nn.c:97
#3  0x000000000040148d in main (argc=6, argv=0x7fffffffe568) at nn.c:195

168			fclose(logfile);
169		}
170	
171		if(file!= NULL){
172	    		fclose(file);
173		}
174	}
175	
176	int main(int argc, char* argv[]) {
177	    int    k=0;

Backtrace END
Fliping array at pos: 408
Memory content before bitflip:0x20
Fault Model: Random bit-flip
base address to flip value: 0x7fffffffe368 
address max offset: 1
Memory content after  bitflip:0xc0
frame name: nn_wrapper
symbol name: sandbox
symbol filename: nn.c
symbol line: 30
value: "1985 10 20 12 26 ISAAC      52.0  78.8   29  409\n1954  9 25  6 16 ERNESTO    27.5 283.8   30  883\n1992  8 14 12  2 WILLIAM    61.5 273.1   72  494\n1973  3 18 12 26 NADINE     10.2  41.1  153  454\n1959"...
value address: 0x7fffffffe1d0
Type: The type is an array.
Type sizeof: 490
Field name: None
Field Type: A range type, that is, an integer type with bounds.
Field Type sizeof: 8
Field Type range: (0L, 489L)

[INFO -- 2018-12-03 21:28:07]
Fault Injection Successful after 1.19798994064s
[INFO -- 2018-12-03 21:28:09]
event type: exit
[INFO -- 2018-12-03 21:28:09]
exit code: 0
