[INFO -- 2018-10-11 23:58:43]
Starting flip_value script
version: 1.1
[INFO -- 2018-10-11 23:58:43]
Initialization strings:
[INFO -- 2018-10-11 23:58:43]
(1) file /tmp/fft_nn/fft_nn.out
[INFO -- 2018-10-11 23:58:43]
(2) set args 32768 /tmp/fft_nn/output_falha.data
[INFO -- 2018-10-11 23:58:43]
initSignal:0
[INFO -- 2018-10-11 23:58:43]
endSignal:5
[INFO -- 2018-10-11 23:58:43]
faultModel:0
[INFO -- 2018-10-11 23:58:46]
Backtrace BEGIN:
#0  round_and_return (retval=0x7fffffffcf10, exponent=exponent@entry=5, negative=negative@entry=0, round_limb=round_limb@entry=0, round_bit=round_bit@entry=0, more_bits=more_bits@entry=0) at strtod_l.c:293
#1  0x00007ffff70141fd in __GI_____strtof_l_internal (nptr=<optimized out>, endptr=<optimized out>, group=<optimized out>, loc=<optimized out>) at strtod_l.c:1303
#2  0x00007ffff7011d60 in __GI___strtof_internal (nptr=<optimized out>, endptr=<optimized out>, group=<optimized out>) at strtod.c:54
#3  0x00007ffff702b948 in _IO_vfscanf_internal (s=s@entry=0x6062c0, format=<optimized out>, argptr=argptr@entry=0x7fffffffd408, errp=errp@entry=0x0) at vfscanf.c:2365
#4  0x00007ffff7032162 in __isoc99_fscanf (stream=0x6062c0, format=<optimized out>) at isoc99_fscanf.c:34
#5  0x00007ffff7bceae9 in fann_create_from_fd () from /usr/local/lib/libfann.so.2
#6  0x00007ffff7bcf608 in fann_create_from_file () from /usr/local/lib/libfann.so.2
#7  0x00000000004019b7 in radix2DitCooleyTykeyFft(int, int*, Complex*, Complex*) ()
#8  0x0000000000401631 in main ()

288	strtod_l.c: Arquivo ou diretório não encontrado.

Backtrace END
Memory content before bitflip:0x000x000x000x00
Fault Model: Single bit-flip
base address to flip value: 0x7fffffffd1d0
address max offset: 4
Memory content after  bitflip:0x020x000x000x00
frame name: _IO_vfscanf_internal
symbol name: flags
symbol filename: vfscanf.c
symbol line: 222
value: 2
value address: 0x7fffffffd1d0
Type: The type is an integer type.
Type sizeof: 4

[INFO -- 2018-10-11 23:58:46]
Fault Injection Successful after 3.479856014251709s
[INFO -- 2018-10-11 23:59:03]
event type: exit
[INFO -- 2018-10-11 23:59:03]
exit code: 0
