[INFO -- 2018-10-06 22:19:04]
Starting flip_value script
version: 1.1
[INFO -- 2018-10-06 22:19:04]
Initialization strings:
[INFO -- 2018-10-06 22:19:04]
(1) file /tmp/fft_nn/fft_nn.out
[INFO -- 2018-10-06 22:19:04]
(2) set args 32768 /tmp/fft_nn/output_falha.data
[INFO -- 2018-10-06 22:19:04]
initSignal:10
[INFO -- 2018-10-06 22:19:04]
endSignal:15
[INFO -- 2018-10-06 22:19:04]
faultModel:3
[EXCEPTION -- 2018-10-06 22:19:16]
gdbException: Tentativo de desreferenciar um ponteiro genérico.
[INFO -- 2018-10-06 22:19:16]
Backtrace BEGIN:
#0  0x00007ffff703218c in _IO_acquire_lock_clear_flags2_fct (p=<synthetic pointer>) at ../libio/libioP.h:915
#1  __isoc99_fscanf (stream=0x6062c0, format=<optimized out>) at isoc99_fscanf.c:30
#2  0x00007ffff7bcf187 in fann_create_from_fd () from /usr/local/lib/libfann.so.2
#3  0x00007ffff7bcf608 in fann_create_from_file () from /usr/local/lib/libfann.so.2
#4  0x00000000004019b7 in radix2DitCooleyTykeyFft(int, int*, Complex*, Complex*) ()
#5  0x0000000000401631 in main ()

910	../libio/libioP.h: Arquivo ou diretório não encontrado.

Backtrace END
Fliping array at pos: 0
Fliping value of field: gp_offset
Memory content before bitflip:0x100x000x000x00
Fault Model: Zero bit-flip
base address to flip value: 0x7fffffffd8c8
address max offset: 4
Memory content after  bitflip:0x000x000x000x00
frame name: __isoc99_fscanf
symbol name: arg
symbol filename: isoc99_fscanf.c
symbol line: 27
value: {{gp_offset = 0, fp_offset = 48, overflow_arg_area = 0x7fffffffd9a0, reg_save_area = 0x7fffffffd8e0}}
value address: 0x7fffffffd8c8
Type: The type is an array.
Type sizeof: 24

[INFO -- 2018-10-06 22:19:16]
Fault Injection Successful after 12.073183298110962s
[INFO -- 2018-10-06 22:19:24]
event type: exit
[INFO -- 2018-10-06 22:19:24]
exit code: 0
