[INFO -- 2018-10-08 21:54:56]
sending 5 signals using command: 'killall -2 fft_nn.out' after 21.9851863694s
[INFO -- 2018-10-08 21:54:56]
sending 5 signals using command: 'killall -2 fft_nn.out' after 22.0202440484s
[INFO -- 2018-10-08 21:54:59]
sending 5 signals using command: 'killall -2 fft_nn.out' after 24.9449570078s
[INFO -- 2018-10-08 21:54:59]
Starting GDB script
[INFO -- 2018-10-08 21:54:59]
initSignal:0.0
[INFO -- 2018-10-08 21:54:59]
endSignal:5.0
[INFO -- 2018-10-08 21:55:02]
sending 5 signals using command: 'killall -2 fft_nn.out' after 3.04622044739s
[INFO -- 2018-10-08 21:55:03]
sending 5 signals using command: 'killall -2 fft_nn.out' after 3.94733105995s
[INFO -- 2018-10-08 21:55:03]
sending 5 signals using command: 'killall -2 fft_nn.out' after 3.94990990459s
[INFO -- 2018-10-08 21:55:20]
Execution finished before waitTime
