[INFO -- 2018-10-08 15:13:50]
sending 5 signals using command: 'killall -2 fft_nn.out' after 23.4406912476s
[INFO -- 2018-10-08 15:13:51]
sending 5 signals using command: 'killall -2 fft_nn.out' after 23.9381189923s
[INFO -- 2018-10-08 15:13:52]
sending 5 signals using command: 'killall -2 fft_nn.out' after 24.6092719915s
[INFO -- 2018-10-08 15:13:52]
Starting GDB script
[INFO -- 2018-10-08 15:13:52]
initSignal:0.0
[INFO -- 2018-10-08 15:13:52]
endSignal:5.0
[INFO -- 2018-10-08 15:13:53]
sending 5 signals using command: 'killall -2 fft_nn.out' after 1.84793857165s
[INFO -- 2018-10-08 15:13:54]
sending 5 signals using command: 'killall -2 fft_nn.out' after 2.70502908618s
[INFO -- 2018-10-08 15:13:55]
sending 5 signals using command: 'killall -2 fft_nn.out' after 3.65875112337s
[INFO -- 2018-10-08 15:14:13]
Execution finished before waitTime
