[INFO -- 2018-12-02 04:32:09]
Starting flip_value script
version: 1.1
[INFO -- 2018-12-02 04:32:09]
Initialization strings:
[INFO -- 2018-12-02 04:32:09]
(1) file /home/latansini/Desktop/CAROL-FI/etapa2/carol-fi/codes/fftfulldup/fft_nn.out
[INFO -- 2018-12-02 04:32:09]
(2) set args 32768 /home/latansini/Desktop/CAROL-FI/etapa2/carol-fi/codes/fftfulldup/output.data
[INFO -- 2018-12-02 04:32:09]
initSignal:0
[INFO -- 2018-12-02 04:32:09]
endSignal:40
[INFO -- 2018-12-02 04:32:09]
faultModel:4
[EXCEPTION -- 2018-12-02 04:32:29]
gdbException: Tentativo de desreferenciar um ponteiro genérico.
[INFO -- 2018-12-02 04:32:29]
Backtrace BEGIN:
#0  round_and_return (retval=0x7fffffffcdb0, exponent=-1, negative=negative@entry=0, round_limb=round_limb@entry=16719515760078094335, round_bit=39, more_bits=1) at strtod_l.c:202
#1  0x00007ffff6f96332 in __GI_____strtof_l_internal (nptr=<optimized out>, endptr=<optimized out>, group=<optimized out>, loc=<optimized out>) at strtod_l.c:1613
#2  0x00007ffff6f94d60 in __GI___strtof_internal (nptr=<optimized out>, endptr=<optimized out>, group=<optimized out>) at strtod.c:54
#3  0x00007ffff6fae948 in _IO_vfscanf_internal (s=s@entry=0x618f00, format=<optimized out>, argptr=argptr@entry=0x7fffffffd2a8, errp=errp@entry=0x0) at vfscanf.c:2365
#4  0x00007ffff6fb5162 in __isoc99_fscanf (stream=0x618f00, format=<optimized out>) at isoc99_fscanf.c:34
#5  0x00007ffff7bcf187 in fann_create_from_fd () from /usr/local/lib/libfann.so.2
#6  0x00007ffff7bcf608 in fann_create_from_file () from /usr/local/lib/libfann.so.2
#7  0x0000000000401de7 in radix2DitCooleyTykeyFft(int, int*, Complex*, Complex*) ()
#8  0x0000000000401879 in main ()

197	strtod_l.c: Arquivo ou diretório não encontrado.

Backtrace END
Memory content before bitflip:0x000x000x000x000x000x000x000x00
Fault Model: LSB bit-flip
base address to flip value: 0x7fffffffcda0
address max offset: 8
Memory content after  bitflip:0x000x000x000x000x000x000x000x04
frame name: __GI_____strtof_l_internal
symbol name: exponent
symbol filename: strtod_l.c
symbol line: 486
value: 288230376151711744
value address: 0x7fffffffcda0
Type: The type is an integer type.
Type sizeof: 8

[INFO -- 2018-12-02 04:32:29]
Fault Injection Successful after 20.919290781021118s
[INFO -- 2018-12-02 04:32:48]
event type: exit
[INFO -- 2018-12-02 04:32:48]
exit code: 0
