[INFO -- 2018-12-03 14:43:29]
Starting flip_value script
version: 1.1
[INFO -- 2018-12-03 14:43:29]
Initialization strings:
[INFO -- 2018-12-03 14:43:29]
(1) file /home/latansini/carol-fi/carol-fi/codes/nnfulldup/nn-knl-files/nn
[INFO -- 2018-12-03 14:43:29]
(2) set args /home/latansini/carol-fi/carol-fi/codes/nnfulldup/nn-knl-files/filelist 20 5 5 /home/latansini/carol-fi/carol-fi/codes/nnfulldup/nn-knl-files/out20_5_5
[INFO -- 2018-12-03 14:43:29]
initSignal:0
[INFO -- 2018-12-03 14:43:29]
endSignal:2
[INFO -- 2018-12-03 14:43:29]
faultModel:2
[EXCEPTION -- 2018-12-03 14:43:30]
pythonException: invalid frame
[EXCEPTION -- 2018-12-03 14:43:30]
pythonException: invalid frame
[EXCEPTION -- 2018-12-03 14:43:30]
pythonException: invalid frame
[EXCEPTION -- 2018-12-03 14:43:30]
pythonException: invalid frame
[EXCEPTION -- 2018-12-03 14:43:30]
pythonException: invalid frame
[EXCEPTION -- 2018-12-03 14:43:30]
pythonException: invalid frame
[EXCEPTION -- 2018-12-03 14:43:30]
pythonException: invalid frame
[INFO -- 2018-12-03 14:43:30]
Backtrace BEGIN:
#0  0x00007ffff78d4e84 in ?? () from /usr/lib/x86_64-linux-gnu/libgomp.so.1
#1  0x00007ffff78d3ae9 in ?? () from /usr/lib/x86_64-linux-gnu/libgomp.so.1
#2  0x0000000000400f98 in nn_wrapper (filename=0x7fffffffe7d7 "/home/latansini/carol-fi/carol-fi/codes/nnfulldup/nn-knl-files/filelist", k=20, target_lat=5, target_long=5) at nn.c:97
#3  0x000000000040148d in main (argc=6, argv=0x7fffffffe568) at nn.c:195

188	
189	    filename = argv[1];
190	    k = atoi(argv[2]);
191	    target_lat = atof(argv[3]);
192	    target_long = atof(argv[4]);
193	    gold_filename = argv[5];
194	
195	    data1 = nn_wrapper(filename, k, target_lat, target_long);
196	    data2 = nn_wrapper(filename, k, target_lat, target_long);
197	

Backtrace END
Memory content before bitflip:0x000x000xa00x40
Fault Model: Random bit-flip
base address to flip value: 0x7fffffffe458
address max offset: 4
Memory content after  bitflip:0x1f0x380xc00x38
frame name: main
symbol name: target_long
symbol filename: nn.c
symbol line: 178
value: 9.16572681e-05
value address: 0x7fffffffe458
Type: A floating point type.
Type sizeof: 4

[INFO -- 2018-12-03 14:43:30]
Fault Injection Successful after 1.53667211533s
[INFO -- 2018-12-03 14:43:32]
event type: exit
[INFO -- 2018-12-03 14:43:32]
exit code: 0
