[INFO -- 2018-10-11 19:32:43]
sending 5 signals using command: 'killall -2 fft_nn.out' after 20.976322014s
[INFO -- 2018-10-11 19:32:43]
sending 5 signals using command: 'killall -2 fft_nn.out' after 21.1045923821s
[INFO -- 2018-10-11 19:32:44]
sending 5 signals using command: 'killall -2 fft_nn.out' after 22.5485327538s
[INFO -- 2018-10-11 19:32:44]
Starting GDB script
[INFO -- 2018-10-11 19:32:44]
initSignal:0.0
[INFO -- 2018-10-11 19:32:44]
endSignal:5.0
[INFO -- 2018-10-11 19:32:45]
sending 5 signals using command: 'killall -2 fft_nn.out' after 0.775335930702s
[INFO -- 2018-10-11 19:32:46]
sending 5 signals using command: 'killall -2 fft_nn.out' after 1.63143756897s
[INFO -- 2018-10-11 19:32:46]
sending 5 signals using command: 'killall -2 fft_nn.out' after 1.75919677427s
[INFO -- 2018-10-11 19:33:05]
Execution finished before waitTime
