[INFO -- 2018-10-10 16:24:18]
sending 5 signals using command: 'killall -2 fft_nn.out' after 21.834996816s
[INFO -- 2018-10-10 16:24:19]
sending 5 signals using command: 'killall -2 fft_nn.out' after 22.7149702379s
[INFO -- 2018-10-10 16:24:20]
sending 5 signals using command: 'killall -2 fft_nn.out' after 23.2717350553s
[INFO -- 2018-10-10 16:24:20]
Starting GDB script
[INFO -- 2018-10-10 16:24:20]
initSignal:0.0
[INFO -- 2018-10-10 16:24:20]
endSignal:5.0
[INFO -- 2018-10-10 16:24:23]
sending 5 signals using command: 'killall -2 fft_nn.out' after 3.32918750067s
[INFO -- 2018-10-10 16:24:24]
sending 5 signals using command: 'killall -2 fft_nn.out' after 4.61845139877s
[INFO -- 2018-10-10 16:24:24]
sending 5 signals using command: 'killall -2 fft_nn.out' after 4.65973435593s
[INFO -- 2018-10-10 16:24:41]
Execution finished before waitTime
