[INFO -- 2018-10-07 14:37:29]
sending 5 signals using command: 'killall -2 fft_nn.out' after 20.7010667116s
[INFO -- 2018-10-07 14:37:32]
sending 5 signals using command: 'killall -2 fft_nn.out' after 23.3049543021s
[INFO -- 2018-10-07 14:37:33]
sending 5 signals using command: 'killall -2 fft_nn.out' after 24.5659255101s
[INFO -- 2018-10-07 14:37:33]
Starting GDB script
[INFO -- 2018-10-07 14:37:33]
initSignal:0.0
[INFO -- 2018-10-07 14:37:33]
endSignal:5.0
[INFO -- 2018-10-07 14:37:34]
sending 5 signals using command: 'killall -2 fft_nn.out' after 0.295798837382s
[INFO -- 2018-10-07 14:37:35]
sending 5 signals using command: 'killall -2 fft_nn.out' after 1.18864006399s
[INFO -- 2018-10-07 14:37:35]
sending 5 signals using command: 'killall -2 fft_nn.out' after 2.00376865792s
[INFO -- 2018-10-07 14:37:53]
Execution finished before waitTime
