[INFO -- 2018-10-09 06:41:16]
sending 5 signals using command: 'killall -2 fft_nn.out' after 21.6557348986s
[INFO -- 2018-10-09 06:41:17]
sending 5 signals using command: 'killall -2 fft_nn.out' after 22.721726755s
[INFO -- 2018-10-09 06:41:17]
sending 5 signals using command: 'killall -2 fft_nn.out' after 23.4275051263s
[INFO -- 2018-10-09 06:41:17]
Starting GDB script
[INFO -- 2018-10-09 06:41:17]
initSignal:0.0
[INFO -- 2018-10-09 06:41:17]
endSignal:5.0
[INFO -- 2018-10-09 06:41:18]
sending 5 signals using command: 'killall -2 fft_nn.out' after 0.151888688833s
[INFO -- 2018-10-09 06:41:18]
sending 5 signals using command: 'killall -2 fft_nn.out' after 0.771381437952s
[INFO -- 2018-10-09 06:41:19]
sending 5 signals using command: 'killall -2 fft_nn.out' after 1.94730842227s
[INFO -- 2018-10-09 06:41:38]
Execution finished before waitTime
