[INFO -- 2018-10-09 00:42:32]
sending 5 signals using command: 'killall -2 fft_nn.out' after 22.31844729s
[INFO -- 2018-10-09 00:42:33]
sending 5 signals using command: 'killall -2 fft_nn.out' after 22.7777148723s
[INFO -- 2018-10-09 00:42:35]
sending 5 signals using command: 'killall -2 fft_nn.out' after 24.526681104s
[INFO -- 2018-10-09 00:42:35]
Starting GDB script
[INFO -- 2018-10-09 00:42:35]
initSignal:0.0
[INFO -- 2018-10-09 00:42:35]
endSignal:5.0
[INFO -- 2018-10-09 00:42:35]
sending 5 signals using command: 'killall -2 fft_nn.out' after 0.612357031059s
[INFO -- 2018-10-09 00:42:36]
sending 5 signals using command: 'killall -2 fft_nn.out' after 0.918878984332s
[INFO -- 2018-10-09 00:42:40]
sending 5 signals using command: 'killall -2 fft_nn.out' after 4.89969101058s
[INFO -- 2018-10-09 00:42:56]
Execution finished before waitTime
