[INFO -- 2018-10-08 14:12:30]
sending 5 signals using command: 'killall -2 fft_nn.out' after 22.3324826974s
[INFO -- 2018-10-08 14:12:31]
sending 5 signals using command: 'killall -2 fft_nn.out' after 22.8749859171s
[INFO -- 2018-10-08 14:12:32]
sending 5 signals using command: 'killall -2 fft_nn.out' after 24.6028741096s
[INFO -- 2018-10-08 14:12:32]
Starting GDB script
[INFO -- 2018-10-08 14:12:32]
initSignal:0.0
[INFO -- 2018-10-08 14:12:32]
endSignal:5.0
[INFO -- 2018-10-08 14:12:33]
sending 5 signals using command: 'killall -2 fft_nn.out' after 0.656402882s
[INFO -- 2018-10-08 14:12:35]
sending 5 signals using command: 'killall -2 fft_nn.out' after 2.28377643535s
[INFO -- 2018-10-08 14:12:35]
sending 5 signals using command: 'killall -2 fft_nn.out' after 2.3056784426s
[INFO -- 2018-10-08 14:12:53]
Execution finished before waitTime
