[INFO -- 2018-12-03 18:07:52]
Starting flip_value script
version: 1.1
[INFO -- 2018-12-03 18:07:52]
Initialization strings:
[INFO -- 2018-12-03 18:07:52]
(1) file /home/latansini/carol-fi/carol-fi/codes/nnfulldup/nn-knl-files/nn
[INFO -- 2018-12-03 18:07:52]
(2) set args /home/latansini/carol-fi/carol-fi/codes/nnfulldup/nn-knl-files/filelist 20 5 5 /home/latansini/carol-fi/carol-fi/codes/nnfulldup/nn-knl-files/out20_5_5
[INFO -- 2018-12-03 18:07:52]
initSignal:0
[INFO -- 2018-12-03 18:07:52]
endSignal:2
[INFO -- 2018-12-03 18:07:52]
faultModel:4
[EXCEPTION -- 2018-12-03 18:07:52]
pythonException: invalid frame
[INFO -- 2018-12-03 18:07:52]
Backtrace BEGIN:
#0  0x00007ffff78d4c7e in ?? () from /usr/lib/x86_64-linux-gnu/libgomp.so.1
#1  0x00007ffff78d2d39 in ?? () from /usr/lib/x86_64-linux-gnu/libgomp.so.1
#2  0x00007ffff78ce7da in GOMP_parallel () from /usr/lib/x86_64-linux-gnu/libgomp.so.1
#3  0x0000000000400f98 in nn_wrapper (filename=0x7fffffffe7d7 "/home/latansini/carol-fi/carol-fi/codes/nnfulldup/nn-knl-files/filelist", k=20, target_lat=5, target_long=5) at nn.c:97
#4  0x000000000040148d in main (argc=6, argv=0x7fffffffe568) at nn.c:195

168			fclose(logfile);
169		}
170	
171		if(file!= NULL){
172	    		fclose(file);
173		}
174	}
175	
176	int main(int argc, char* argv[]) {
177	    int    k=0;

Backtrace END
Fliping array at pos: 302
Memory content before bitflip:0x31
Fault Model: LSB bit-flip
base address to flip value: 0x7fffffffe2fe 
address max offset: 1
Memory content after  bitflip:0x35
frame name: nn_wrapper
symbol name: sandbox
symbol filename: nn.c
symbol line: 30
value: "1973  4 20  0  2 ALBERTO    62.4 198.0  134  483\n1988 12 10 12 24 OSCAR      57.7 199.5  144  356\n1981  2  6  6 17 PATTY      21.8  94.8  120  329\n1987  6 19 18 28 MICHAEL    23.8 263.0   95  340\n1984"...
value address: 0x7fffffffe1d0
Type: The type is an array.
Type sizeof: 490
Field name: None
Field Type: A range type, that is, an integer type with bounds.
Field Type sizeof: 8
Field Type range: (0L, 489L)

[INFO -- 2018-12-03 18:07:52]
Fault Injection Successful after 0.662404060364s
[INFO -- 2018-12-03 18:07:55]
event type: exit
[INFO -- 2018-12-03 18:07:55]
exit code: 0
