[INFO -- 2018-10-09 06:14:33]
Starting flip_value script
version: 1.1
[INFO -- 2018-10-09 06:14:33]
Initialization strings:
[INFO -- 2018-10-09 06:14:33]
(1) file /tmp/fft_nn/fft_nn.out
[INFO -- 2018-10-09 06:14:33]
(2) set args 32768 /tmp/fft_nn/output_falha.data
[INFO -- 2018-10-09 06:14:33]
initSignal:10
[INFO -- 2018-10-09 06:14:33]
endSignal:15
[INFO -- 2018-10-09 06:14:33]
faultModel:2
[INFO -- 2018-10-09 06:14:44]
Backtrace BEGIN:
#0  0x00007ffff7012364 in round_away (mode=0, more_bits=true, half_bit=<optimized out>, last_digit_odd=true, negative=false) at ../include/rounding-mode.h:52
#1  round_and_return (retval=0x7fffffffcf10, exponent=-3, negative=negative@entry=0, round_limb=round_limb@entry=2395083221214691327, round_bit=<optimized out>, more_bits=1) at strtod_l.c:296
#2  0x00007ffff7013332 in __GI_____strtof_l_internal (nptr=<optimized out>, endptr=<optimized out>, group=<optimized out>, loc=<optimized out>) at strtod_l.c:1613
#3  0x00007ffff7011d60 in __GI___strtof_internal (nptr=<optimized out>, endptr=<optimized out>, group=<optimized out>) at strtod.c:54
#4  0x00007ffff702b948 in _IO_vfscanf_internal (s=s@entry=0x6062c0, format=<optimized out>, argptr=argptr@entry=0x7fffffffd408, errp=errp@entry=0x0) at vfscanf.c:2365
#5  0x00007ffff7032162 in __isoc99_fscanf (stream=0x6062c0, format=<optimized out>) at isoc99_fscanf.c:34
#6  0x00007ffff7bcf187 in fann_create_from_fd () from /usr/local/lib/libfann.so.2
#7  0x00007ffff7bcf608 in fann_create_from_file () from /usr/local/lib/libfann.so.2
#8  0x00000000004019b7 in radix2DitCooleyTykeyFft(int, int*, Complex*, Complex*) ()
#9  0x0000000000401631 in main ()

47	../include/rounding-mode.h: Arquivo ou diretório não encontrado.

Backtrace END
Fliping a bit of the pointer
Memory content before bitflip:0x700xcf0xff0xff0xff0x7f0x000x00
Fault Model: Random bit-flip
base address to flip value: 0x7fffffffce98
address max offset: 8
Memory content after  bitflip:0x060x200x5a0x1c0xc70xb30x400x01
frame name: __GI_____strtof_l_internal
symbol name: start_of_digits
symbol filename: strtod_l.c
symbol line: 504
value: 0x7fffffffcf70 ""
value address: 0x7fffffffce98
Type: The type is a pointer.
Type sizeof: 8

[INFO -- 2018-10-09 06:14:44]
Fault Injection Successful after 11.225743293762207s
[INFO -- 2018-10-09 06:14:54]
event type: exit
[INFO -- 2018-10-09 06:14:54]
exit code: 0
