[INFO -- 2018-10-09 03:21:59]
Starting flip_value script
version: 1.1
[INFO -- 2018-10-09 03:21:59]
Initialization strings:
[INFO -- 2018-10-09 03:21:59]
(1) file /tmp/fft_nn/fft_nn.out
[INFO -- 2018-10-09 03:21:59]
(2) set args 32768 /tmp/fft_nn/output_falha.data
[INFO -- 2018-10-09 03:21:59]
initSignal:5
[INFO -- 2018-10-09 03:21:59]
endSignal:10
[INFO -- 2018-10-09 03:21:59]
faultModel:1
[INFO -- 2018-10-09 03:22:05]
Backtrace BEGIN:
#0  0x00007ffff701193d in __GI_____strtoul_l_internal (nptr=nptr@entry=0x7fffffffd000 "9", endptr=endptr@entry=0x7fffffffd230, base=10, group=group@entry=0, loc=0x7ffff7397060 <_nl_global_locale>) at ../stdlib/strtol_l.c:298
#1  0x00007ffff7011410 in __GI___strtoul_internal (nptr=nptr@entry=0x7fffffffd000 "9", endptr=endptr@entry=0x7fffffffd230, base=<optimized out>, group=group@entry=0) at ../stdlib/strtol.c:97
#2  0x00007ffff7029f02 in _IO_vfscanf_internal (s=s@entry=0x6062c0, format=<optimized out>, argptr=argptr@entry=0x7fffffffd408, errp=errp@entry=0x0) at vfscanf.c:1827
#3  0x00007ffff7032162 in __isoc99_fscanf (stream=0x6062c0, format=<optimized out>) at isoc99_fscanf.c:34
#4  0x00007ffff7bcf0eb in fann_create_from_fd () from /usr/local/lib/libfann.so.2
#5  0x00007ffff7bcf608 in fann_create_from_file () from /usr/local/lib/libfann.so.2
#6  0x00000000004019b7 in radix2DitCooleyTykeyFft(int, int*, Complex*, Complex*) ()
#7  0x0000000000401631 in main ()

293	../stdlib/strtol_l.c: Arquivo ou diretório não encontrado.

Backtrace END
Memory content before bitflip:0x000x000x000x00
Fault Model: Double bit-flip
base address to flip value: 0x7fffffffd1d0
address max offset: 4
Memory content after  bitflip:0x000x000x000x41
frame name: _IO_vfscanf_internal
symbol name: flags
symbol filename: vfscanf.c
symbol line: 222
value: 1090519040
value address: 0x7fffffffd1d0
Type: The type is an integer type.
Type sizeof: 4

[INFO -- 2018-10-09 03:22:05]
Fault Injection Successful after 6.266602277755737s
[INFO -- 2018-10-09 03:22:19]
event type: exit
[INFO -- 2018-10-09 03:22:19]
exit code: 0
