[INFO -- 2018-10-09 13:16:31]
Starting flip_value script
version: 1.1
[INFO -- 2018-10-09 13:16:31]
Initialization strings:
[INFO -- 2018-10-09 13:16:31]
(1) file /tmp/fft_nn/fft_nn.out
[INFO -- 2018-10-09 13:16:31]
(2) set args 32768 /tmp/fft_nn/output_falha.data
[INFO -- 2018-10-09 13:16:31]
initSignal:0
[INFO -- 2018-10-09 13:16:31]
endSignal:5
[INFO -- 2018-10-09 13:16:31]
faultModel:0
[INFO -- 2018-10-09 13:16:33]
Backtrace BEGIN:
#0  0x00007ffff70287fe in _IO_vfscanf_internal (s=s@entry=0x6062c0, format=<optimized out>, argptr=argptr@entry=0x7fffffffd408, errp=errp@entry=0x0) at vfscanf.c:433
#1  0x00007ffff7032162 in __isoc99_fscanf (stream=0x6062c0, format=<optimized out>) at isoc99_fscanf.c:34
#2  0x00007ffff7bcec41 in fann_create_from_fd () from /usr/local/lib/libfann.so.2
#3  0x00007ffff7bcf608 in fann_create_from_file () from /usr/local/lib/libfann.so.2
#4  0x00000000004019b7 in radix2DitCooleyTykeyFft(int, int*, Complex*, Complex*) ()
#5  0x0000000000401631 in main ()

428	vfscanf.c: Arquivo ou diretório não encontrado.

Backtrace END
Fliping a bit of the pointer
Memory content before bitflip:0x000x000x000x000x000x000x000x00
Fault Model: Single bit-flip
base address to flip value: 0x7fffffffd198
address max offset: 8
Memory content after  bitflip:0x100x000x000x000x000x000x000x00
frame name: _IO_vfscanf_internal
symbol name: str
symbol filename: vfscanf.c
symbol line: 262
value: 0x0
value address: 0x7fffffffd198
Type: The type is a pointer.
Type sizeof: 8

[INFO -- 2018-10-09 13:16:33]
Fault Injection Successful after 2.015906810760498s
[INFO -- 2018-10-09 13:16:51]
event type: exit
[INFO -- 2018-10-09 13:16:51]
exit code: 0
