[19]: 1989  2  9  0  1 GORDON      7.1   4.6   83  398 1975 10 25  6 23 WILLIAM     7.3   5.3  107  232
[18]: 2004  7  4  0 13 WILLIAM     7.1   5.8   46  355 1982 10 22 18 25 HELENE      7.4   5.1   78  281
[17]: 1996 11 23  6 22 DEBBY       7.0   5.9   76   11 1989  2  9  0  1 GORDON      7.1   4.6   83  398
[16]: 1987  8  9 18  7 HELENE      7.0   5.1   38  562 1987  7 22 12 26 ISAAC       7.1   5.7  137  580
[15]: 1987  7 22 12 26 ISAAC       7.1   5.7  137  580 1964  2 13  0 22 KIRK        7.1   4.8  119  506
[14]: 1984  8 17  6 26 NADINE      7.1   4.5   38   58 1974  6  6  0 23 KIRK        7.3   4.5   94  159
[13]: 1979  7  3  6 24 BERYL       7.3   4.8  143   77 1993  5 11  6 15 RAFAEL      7.2   4.5   41  322
[12]: 1977  8 24  0 16 SANDY       7.1   4.1  153  341 2004  7  4  0 13 WILLIAM     7.1   5.8   46  355
[11]: 1988  2 14 18 24 GORDON      7.0   6.1   37  617 1985  2  4 18 20 GORDON      7.3   5.4  151  417
[10]: 1991  7 24  0 22 RAFAEL      7.2   4.8   79  482 1984  8 17  6 26 NADINE      7.1   4.5   38   58
[9]: 1981 10 16 18 28 KIRK        7.2   5.6   81  406 1981  2 28 18 11 RAFAEL      7.1   5.3   37  100
[8]: 1993  5 11  6 15 RAFAEL      7.2   4.5   41  322 1981 10 16 18 28 KIRK        7.2   5.6   81  406
[7]: 1998  9  5 12  5 PATTY       7.0   6.0   39   51 1996 11 23  6 22 DEBBY       7.0   5.9   76   11
[6]: 2003  5 11  0 17 NADINE      7.0   5.9   83  638 1991  7 24  0 22 RAFAEL      7.2   4.8   79  482
[5]: 1991 12 27  6  3 ISAAC       7.0   4.1  118  263 1961  9  9 18 17 OSCAR       7.1   5.6   15   79
[4]: 1964  2 13  0 22 KIRK        7.1   4.8  119  506 1987  8  9 18  7 HELENE      7.0   5.1   38  562
[3]: 1971 10  4 12  8 KIRK        7.1   5.9   54   36 1994  7  6  6 21 DEBBY       7.3   4.6   35  472
[2]: 1990 11 27  6  6 WILLIAM     7.1   5.9  132  577 2003  5 11  0 17 NADINE      7.0   5.9   83  638
[1]: 1981  2 28 18 11 RAFAEL      7.1   5.3   37  100 1979  7  3  6 24 BERYL       7.3   4.8  143   77
[0]: 1961  9  9 18 17 OSCAR       7.1   5.6   15   79 1991 12 27  6  3 ISAAC       7.0   4.1  118  263
