[INFO -- 2018-10-06 12:57:42]
sending 5 signals using command: 'killall -2 fft_nn.out' after 22.2329841421s
[INFO -- 2018-10-06 12:57:43]
sending 5 signals using command: 'killall -2 fft_nn.out' after 22.6759935972s
[INFO -- 2018-10-06 12:57:44]
sending 5 signals using command: 'killall -2 fft_nn.out' after 23.3942954093s
[INFO -- 2018-10-06 12:57:44]
Starting GDB script
[INFO -- 2018-10-06 12:57:44]
initSignal:0.0
[INFO -- 2018-10-06 12:57:44]
endSignal:5.0
[INFO -- 2018-10-06 12:57:46]
sending 5 signals using command: 'killall -2 fft_nn.out' after 2.30158944464s
[INFO -- 2018-10-06 12:57:46]
sending 5 signals using command: 'killall -2 fft_nn.out' after 2.4798334399s
[INFO -- 2018-10-06 12:57:47]
sending 5 signals using command: 'killall -2 fft_nn.out' after 3.49352030519s
[INFO -- 2018-10-06 12:58:04]
Execution finished before waitTime
