[INFO -- 2018-10-09 03:36:11]
sending 5 signals using command: 'killall -2 fft_nn.out' after 21.2261863755s
[INFO -- 2018-10-09 03:36:12]
sending 5 signals using command: 'killall -2 fft_nn.out' after 21.8011345218s
[INFO -- 2018-10-09 03:36:14]
sending 5 signals using command: 'killall -2 fft_nn.out' after 24.1265476966s
[INFO -- 2018-10-09 03:36:14]
Starting GDB script
[INFO -- 2018-10-09 03:36:14]
initSignal:0.0
[INFO -- 2018-10-09 03:36:14]
endSignal:5.0
[INFO -- 2018-10-09 03:36:16]
sending 5 signals using command: 'killall -2 fft_nn.out' after 1.80977257457s
[INFO -- 2018-10-09 03:36:18]
sending 5 signals using command: 'killall -2 fft_nn.out' after 3.46795660982s
[INFO -- 2018-10-09 03:36:19]
sending 5 signals using command: 'killall -2 fft_nn.out' after 4.77836764379s
[INFO -- 2018-10-09 03:36:35]
Execution finished before waitTime
