[INFO -- 2018-10-05 19:58:47]
Starting flip_value script
version: 1.1
[INFO -- 2018-10-05 19:58:47]
Initialization strings:
[INFO -- 2018-10-05 19:58:47]
(1) file /tmp/fft_nn/fft_nn.out
[INFO -- 2018-10-05 19:58:47]
(2) set args 32768 /tmp/fft_nn/output_falha.data
[INFO -- 2018-10-05 19:58:47]
initSignal:15
[INFO -- 2018-10-05 19:58:47]
endSignal:25
[INFO -- 2018-10-05 19:58:47]
faultModel:4
[EXCEPTION -- 2018-10-05 19:59:05]
gdbException: Tentativo de desreferenciar um ponteiro genérico.
[INFO -- 2018-10-05 19:59:05]
Backtrace BEGIN:
#0  _IO_vfscanf_internal (s=s@entry=0x6062c0, format=<optimized out>, argptr=argptr@entry=0x7fffffffd8c8, errp=errp@entry=0x0) at vfscanf.c:1824
#1  0x00007ffff7032162 in __isoc99_fscanf (stream=0x6062c0, format=<optimized out>) at isoc99_fscanf.c:34
#2  0x00007ffff7bcf187 in fann_create_from_fd () from /usr/local/lib/libfann.so.2
#3  0x00007ffff7bcf608 in fann_create_from_file () from /usr/local/lib/libfann.so.2
#4  0x00000000004019b7 in radix2DitCooleyTykeyFft(int, int*, Complex*, Complex*) ()
#5  0x0000000000401631 in main ()

1819	in vfscanf.c

Backtrace END
Memory content before bitflip:0x000x000x000x00
Fault Model: LSB bit-flip
base address to flip value: 0x7fffffffd690
address max offset: 4
Memory content after  bitflip:0x000x000x000x80
frame name: _IO_vfscanf_internal
symbol name: flags
symbol filename: vfscanf.c
symbol line: 222
value: -2147483648
value address: 0x7fffffffd690
Type: The type is an integer type.
Type sizeof: 4

[INFO -- 2018-10-05 19:59:05]
Fault Injection Successful after 18.08425998687744s
[INFO -- 2018-10-05 19:59:07]
event type: exit
[INFO -- 2018-10-05 19:59:07]
exit code: 0
