[INFO -- 2018-10-17 10:57:19]
Starting flip_value script
version: 1.1
[INFO -- 2018-10-17 10:57:19]
Initialization strings:
[INFO -- 2018-10-17 10:57:19]
(1) file /home/latansini/Desktop/trabalhoftf/carol-fi/sample-code/inverse_nn/inversek2j_nn.out
[INFO -- 2018-10-17 10:57:19]
(2) set args /home/latansini/Desktop/trabalhoftf/carol-fi/sample-code/inverse_nn/input_250k /home/latansini/Desktop/trabalhoftf/carol-fi/sample-code/inverse_nn/output_falha.data
[INFO -- 2018-10-17 10:57:19]
initSignal:8
[INFO -- 2018-10-17 10:57:19]
endSignal:10
[INFO -- 2018-10-17 10:57:19]
faultModel:4
[EXCEPTION -- 2018-10-17 10:57:28]
gdbException: No symbol "None" in current context.
[INFO -- 2018-10-17 10:57:28]
Backtrace BEGIN:
#0  str_to_mpn (str=0x7fffffffcce5 "1e+00", str@entry=0x7fffffffccd1 ".12097668647766113281e+00", digcnt=1, digcnt@entry=20, n=n@entry=0x7fffffffcbf0, nsize=nsize@entry=0x7fffffffcbc0, exponent=exponent@entry=0x7fffffffcbd0, decimal_len=decimal_len@entry=1, thousands=thousands@entry=0x0, decimal=<optimized out>) at strtod_l.c:374
#1  0x00007ffff7012c2b in __GI_____strtof_l_internal (nptr=<optimized out>, endptr=<optimized out>, group=<optimized out>, loc=<optimized out>) at strtod_l.c:1427
#2  0x00007ffff7011d60 in __GI___strtof_internal (nptr=<optimized out>, endptr=<optimized out>, group=<optimized out>) at strtod.c:54
#3  0x00007ffff702b948 in _IO_vfscanf_internal (s=s@entry=0x608610, format=<optimized out>, argptr=argptr@entry=0x7fffffffd0d8, errp=errp@entry=0x0) at vfscanf.c:2365
#4  0x00007ffff7032162 in __isoc99_fscanf (stream=0x608610, format=<optimized out>) at isoc99_fscanf.c:34
#5  0x00007ffff7bcf187 in fann_create_from_fd () from /usr/local/lib/libfann.so.2
#6  0x00007ffff7bcf608 in fann_create_from_file () from /usr/local/lib/libfann.so.2
#7  0x000000000040199e in inversek2j(float, float, float*, float*) ()
#8  0x0000000000401631 in main ()

369	in strtod_l.c

Backtrace END
Fliping array at pos: 0
Fliping value of field: gp_offset
Memory content before bitflip:0x100x000x000x00
Fault Model: LSB bit-flip
base address to flip value: 0x7fffffffd0d8
address max offset: 4
Memory content after  bitflip:0x100x000x000x40
frame name: __isoc99_fscanf
symbol name: arg
symbol filename: isoc99_fscanf.c
symbol line: 27
value: {{gp_offset = 1073741840, fp_offset = 48, overflow_arg_area = 0x7fffffffd1b0, reg_save_area = 0x7fffffffd0f0}}
value address: 0x7fffffffd0d8
Type: The type is an array.
Type sizeof: 24

[INFO -- 2018-10-17 10:57:28]
Fault Injection Successful after 9.682729482650757s
[INFO -- 2018-10-17 10:57:29]
event type: exit
[INFO -- 2018-10-17 10:57:29]
exit code: 0
