[INFO -- 2018-12-04 02:34:52]
Starting flip_value script
version: 1.1
[INFO -- 2018-12-04 02:34:52]
Initialization strings:
[INFO -- 2018-12-04 02:34:52]
(1) file /home/latansini/carol-fi/carol-fi/codes/nnfulldup/nn-knl-files/nn
[INFO -- 2018-12-04 02:34:52]
(2) set args /home/latansini/carol-fi/carol-fi/codes/nnfulldup/nn-knl-files/filelist 20 5 5 /home/latansini/carol-fi/carol-fi/codes/nnfulldup/nn-knl-files/out20_5_5
[INFO -- 2018-12-04 02:34:52]
initSignal:0
[INFO -- 2018-12-04 02:34:52]
endSignal:2
[INFO -- 2018-12-04 02:34:52]
faultModel:1
[INFO -- 2018-12-04 02:34:52]
Backtrace BEGIN:
#0  0x0000000000401030 in nn_wrapper (filename=0x7fffffffe7d7 "/home/latansini/carol-fi/carol-fi/codes/nnfulldup/nn-knl-files/filelist", k=20, target_lat=5, target_long=5) at nn.c:112
#1  0x000000000040148d in main (argc=6, argv=0x7fffffffe568) at nn.c:195

107	
108	        for( i = 0 ; i < rec_count ; i++ ) {
109	            float max_dist = -1;
110	            int max_idx = 0;
111	            // find a neighbor with greatest dist and take his spot if allowed!
112	            for( j = 0 ; j < k ; j++ ) {
113	                if( neighbors[j].dist > max_dist ) {
114	                    max_dist = neighbors[j].dist;
115	                    max_idx = j;
116	                }

Backtrace END
Memory content before bitflip:0x000x000xa00x40
Fault Model: Double bit-flip
base address to flip value: 0x7fffffffe45c
address max offset: 4
Memory content after  bitflip:0x210x000xa00x40
frame name: main
symbol name: target_lat
symbol filename: nn.c
symbol line: 178
value: 5.00001574
value address: 0x7fffffffe45c
Type: A floating point type.
Type sizeof: 4

[INFO -- 2018-12-04 02:34:52]
Fault Injection Successful after 0.892740011215s
[INFO -- 2018-12-04 02:34:55]
event type: exit
[INFO -- 2018-12-04 02:34:55]
exit code: 0
