[INFO -- 2018-12-09 17:12:11]
Starting flip_value script
version: 1.1
[INFO -- 2018-12-09 17:12:11]
Initialization strings:
[INFO -- 2018-12-09 17:12:11]
(1) file /home/melkor/ETAPA2/dup_nn/nn-knl-files/nn
[INFO -- 2018-12-09 17:12:11]
(2) set args /home/melkor/ETAPA2/dup_nn/nn-knl-files/filelist 20 5 5 /home/melkor/ETAPA2/dup_nn/nn-knl-files/out20_5_5
[INFO -- 2018-12-09 17:12:11]
initSignal:0
[INFO -- 2018-12-09 17:12:11]
endSignal:1
[INFO -- 2018-12-09 17:12:11]
faultModel:1
[EXCEPTION -- 2018-12-09 17:12:11]
pythonException: invalid frame
[EXCEPTION -- 2018-12-09 17:12:11]
pythonException: invalid frame
[INFO -- 2018-12-09 17:12:11]
Backtrace BEGIN:
#0  0x00007ffff78210d3 in ?? () from /usr/lib/x86_64-linux-gnu/libgomp.so.1
#1  0x00007ffff781fda9 in ?? () from /usr/lib/x86_64-linux-gnu/libgomp.so.1
#2  0x00005555555555ed in main (argc=6, argv=0x7fffffffded8) at nn.c:196

68	      fclose(logfile);
69	    }
70		
71		
72		if(file != NULL){	// isso aqui tava dando segfault
73			fclose(file);
74		}
75		
76	}
77	

Backtrace END
Fliping array at pos: 428
Memory content before bitflip:0x2e
Fault Model: Double bit-flip
base address to flip value: 0x7fffffffdd9c 
address max offset: 1
Memory content after  bitflip:0x1e
frame name: main
symbol name: sandbox
symbol filename: nn.c
symbol line: 85
value: "1968  3  6  0 17 CHRIS      57.0 296.1   90  369\n1999  3 11 12 22 FLORENCE   31.0   8.7   35   46\n1956  1 12 18  3 PATTY      68.2  47.1  158  256\n2002  5 11  0  3 NADINE     57.9 194.8   70  734\n1986"...
value address: 0x7fffffffdbf0
Type: The type is an array.
Type sizeof: 490
Field name: None
Field Type: A range type, that is, an integer type with bounds.
Field Type sizeof: 8
Field Type range: (0, 489)

[INFO -- 2018-12-09 17:12:11]
Fault Injection Successful after 0.5395057201385498s
[INFO -- 2018-12-09 17:12:12]
event type: exit
[INFO -- 2018-12-09 17:12:12]
exit code: 0
