[INFO -- 2018-10-19 06:12:41]
Starting flip_value script
version: 1.1
[INFO -- 2018-10-19 06:12:41]
Initialization strings:
[INFO -- 2018-10-19 06:12:41]
(1) file /home/latansini/Desktop/trabalhoftf/carol-fi/sample-code/knn/nn-knl-files/nn
[INFO -- 2018-10-19 06:12:41]
(2) set args /home/latansini/Desktop/trabalhoftf/carol-fi/sample-code/knn/nn-knl-files/filelist 15 25 25 /home/latansini/Desktop/trabalhoftf/carol-fi/sample-code/knn/nn-knl-files/out15_25_25
[INFO -- 2018-10-19 06:12:41]
initSignal:2
[INFO -- 2018-10-19 06:12:41]
endSignal:3
[INFO -- 2018-10-19 06:12:41]
faultModel:2
[INFO -- 2018-10-19 06:12:43]
Backtrace BEGIN:
#0  0x00007ffff78bddf3 in ?? () from /usr/lib/x86_64-linux-gnu/libgomp.so.1
#1  0x00007ffff78bcaf9 in ?? () from /usr/lib/x86_64-linux-gnu/libgomp.so.1
#2  0x0000000000401198 in main (argc=6, argv=0x7fffffffd8b8) at nn.c:115

20	* This program finds the k-nearest neighbors
21	* Usage:	./nn <filelist> <num> <target latitude> <target longitude> <out filename>
22	*			filelist: File with the filenames to the records
23	*			num: Number of nearest neighbors to find
24	*			target lat: Latitude coordinate for distance calculations
25	*			target long: Longitude coordinate for distance calculations
26	* The filelist and data are generated by hurricane_gen.c
27	* REC_WINDOW has been arbitrarily assigned; A larger value would allow more work for the threads
28	*/
29	int main(int argc, char* argv[]) {

Backtrace END
Memory content before bitflip:0x000x000xc80x41
Fault Model: Random bit-flip
base address to flip value: 0x7fffffffd508
address max offset: 4
Memory content after  bitflip:0x9a0x780xe10x57
frame name: main
symbol name: target_lat
symbol filename: nn.c
symbol line: 34
value: 4,95816192e+14
value address: 0x7fffffffd508
Type: A floating point type.
Type sizeof: 4

[INFO -- 2018-10-19 06:12:43]
Fault Injection Successful after 2.336408853530884s
[INFO -- 2018-10-19 06:12:46]
event type: exit
[INFO -- 2018-10-19 06:12:46]
exit code: 0
