[INFO -- 2018-10-10 14:57:24]
Starting flip_value script
version: 1.1
[INFO -- 2018-10-10 14:57:24]
Initialization strings:
[INFO -- 2018-10-10 14:57:24]
(1) file /tmp/fft_nn/fft_nn.out
[INFO -- 2018-10-10 14:57:24]
(2) set args 32768 /tmp/fft_nn/output_falha.data
[INFO -- 2018-10-10 14:57:24]
initSignal:10
[INFO -- 2018-10-10 14:57:24]
endSignal:15
[INFO -- 2018-10-10 14:57:24]
faultModel:2
[INFO -- 2018-10-10 14:57:34]
Backtrace BEGIN:
#0  0x00007ffff7028825 in _IO_vfscanf_internal (s=s@entry=0x6062c0, format=<optimized out>, argptr=argptr@entry=0x7fffffffd408, errp=errp@entry=0x0) at vfscanf.c:440
#1  0x00007ffff7032162 in __isoc99_fscanf (stream=0x6062c0, format=<optimized out>) at isoc99_fscanf.c:34
#2  0x00007ffff7bceebc in fann_create_from_fd () from /usr/local/lib/libfann.so.2
#3  0x00007ffff7bcf608 in fann_create_from_file () from /usr/local/lib/libfann.so.2
#4  0x00000000004019b7 in radix2DitCooleyTykeyFft(int, int*, Complex*, Complex*) ()
#5  0x0000000000401631 in main ()

435	vfscanf.c: Arquivo ou diretório não encontrado.

Backtrace END
Fliping a bit of the pointer
Memory content before bitflip:0x020xd00xff0xff0xff0x7f0x000x00
Fault Model: Random bit-flip
base address to flip value: 0x7fffffffd230
address max offset: 8
Memory content after  bitflip:0x880x320x010x970x140xb40x060xcf
frame name: _IO_vfscanf_internal
symbol name: tw
symbol filename: vfscanf.c
symbol line: 271
value: 0x7fffffffd002 ""
value address: 0x7fffffffd230
Type: The type is a pointer.
Type sizeof: 8

[INFO -- 2018-10-10 14:57:34]
Fault Injection Successful after 10.288387537002563s
[INFO -- 2018-10-10 14:57:43]
event type: exit
[INFO -- 2018-10-10 14:57:43]
exit code: 0
