[INFO -- 2018-10-12 03:51:43]
sending 5 signals using command: 'killall -2 fft_nn.out' after 21.0936823605s
[INFO -- 2018-10-12 03:51:44]
sending 5 signals using command: 'killall -2 fft_nn.out' after 21.2995988997s
[INFO -- 2018-10-12 03:51:46]
sending 5 signals using command: 'killall -2 fft_nn.out' after 23.5831896716s
[INFO -- 2018-10-12 03:51:46]
Starting GDB script
[INFO -- 2018-10-12 03:51:46]
initSignal:0.0
[INFO -- 2018-10-12 03:51:46]
endSignal:5.0
[INFO -- 2018-10-12 03:51:47]
sending 5 signals using command: 'killall -2 fft_nn.out' after 0.44824514476s
[INFO -- 2018-10-12 03:51:48]
sending 5 signals using command: 'killall -2 fft_nn.out' after 2.30412159387s
[INFO -- 2018-10-12 03:51:50]
sending 5 signals using command: 'killall -2 fft_nn.out' after 3.63795450488s
[INFO -- 2018-10-12 03:52:07]
Execution finished before waitTime
