[INFO -- 2018-12-01 09:34:26]
Starting flip_value script
version: 1.1
[INFO -- 2018-12-01 09:34:26]
Initialization strings:
[INFO -- 2018-12-01 09:34:26]
(1) file /home/lignati/carol-fi/codes/inversefulldup/inversek2j.nn.out
[INFO -- 2018-12-01 09:34:26]
(2) set args /home/lignati/carol-fi/codes/inversefulldup/input_250k /home/lignati/carol-fi/codes/inversefulldup/output_falha.data
[INFO -- 2018-12-01 09:34:26]
initSignal:0
[INFO -- 2018-12-01 09:34:26]
endSignal:25
[INFO -- 2018-12-01 09:34:26]
faultModel:0
[INFO -- 2018-12-01 09:34:27]
Backtrace BEGIN:
#0  0x00007ffff702c682 in _IO_vfscanf_internal (s=s@entry=0x6085c0, format=<optimized out>, argptr=argptr@entry=0x7fffffffcf38, errp=errp@entry=0x0) at vfscanf.c:1857
#1  0x00007ffff7033162 in __isoc99_fscanf (stream=0x6085c0, format=<optimized out>) at isoc99_fscanf.c:34
#2  0x00007ffff7bcac42 in fann_create_from_fd () from /usr/local/lib/libfann.so.2
#3  0x00007ffff7bc8073 in fann_create_from_file () from /usr/local/lib/libfann.so.2
#4  0x0000000000402061 in inversek2j(float, float, float*, float*) ()
#5  0x000000000040179a in main ()

1852	vfscanf.c: No such file or directory.

Backtrace END
Fliping a bit of the value pointed by a pointer
Memory content before bitflip:0x00
Fault Model: Single bit-flip
base address to flip value: 0x7fffffffcb32 
address max offset: 1
Memory content after  bitflip:0x08
frame name: _IO_vfscanf_internal
symbol name: tw
symbol filename: vfscanf.c
symbol line: 271
value: 0x7fffffffcb32 "\b4806826114654541016e-01"
value address: 0x7fffffffcd60
Type: The type is a pointer.
Type sizeof: 8

[INFO -- 2018-12-01 09:34:27]
Fault Injection Successful after 1.562041997909546s
[INFO -- 2018-12-01 09:34:51]
event type: exit
[INFO -- 2018-12-01 09:34:51]
exit code: 0
