[INFO -- 2018-10-19 02:06:50]
Starting flip_value script
version: 1.1
[INFO -- 2018-10-19 02:06:50]
Initialization strings:
[INFO -- 2018-10-19 02:06:50]
(1) file /home/latansini/Desktop/trabalhoftf/carol-fi/sample-code/knn/nn-knl-files/nn
[INFO -- 2018-10-19 02:06:50]
(2) set args /home/latansini/Desktop/trabalhoftf/carol-fi/sample-code/knn/nn-knl-files/filelist 15 25 25 /home/latansini/Desktop/trabalhoftf/carol-fi/sample-code/knn/nn-knl-files/out15_25_25
[INFO -- 2018-10-19 02:06:50]
initSignal:3
[INFO -- 2018-10-19 02:06:50]
endSignal:4
[INFO -- 2018-10-19 02:06:50]
faultModel:3
[EXCEPTION -- 2018-10-19 02:06:53]
gdbException: A syntax error in expression, near `...'.
[EXCEPTION -- 2018-10-19 02:06:53]
pythonException: invalid frame
[EXCEPTION -- 2018-10-19 02:06:53]
pythonException: invalid frame
[EXCEPTION -- 2018-10-19 02:06:53]
pythonException: invalid frame
[EXCEPTION -- 2018-10-19 02:06:53]
pythonException: invalid frame
[INFO -- 2018-10-19 02:06:53]
Backtrace BEGIN:
#0  0x00007ffff78bdc2e in ?? () from /usr/lib/x86_64-linux-gnu/libgomp.so.1
#1  0x00007ffff78bc0e2 in ?? () from /usr/lib/x86_64-linux-gnu/libgomp.so.1
#2  0x0000000000401184 in main (argc=6, argv=0x7fffffffd8b8) at nn.c:115

120	            z[i] = sqrt(( (tmp_lat-target_lat) * (tmp_lat-target_lat) )+( (tmp_long-target_long) * (tmp_long-target_long) ));
121	        }
122	        #pragma omp barrier
123	        // end of Lingjie Zhang's modification
124	
125	
126	        for( i = 0 ; i < rec_count ; i++ ) {
127	            float max_dist = -1;
128	            int max_idx = 0;
129	            // find a neighbor with greatest dist and take his spot if allowed!

Backtrace END
Fliping array at pos: 353
Memory content before bitflip:0x20
Fault Model: Zero bit-flip
base address to flip value: 0x7fffffffd721 
address max offset: 1
Memory content after  bitflip:0x00
frame name: main
symbol name: sandbox
symbol filename: nn.c
symbol line: 32
value: "1981  9 20  0  5 ISAAC      39.3 322.4   16  100\n1981  7 13  6 21 VALERIE    32.4 281.1  128  633\n1996  3  5 18  6 NADINE     57.7  56.2  139  201\n1972 10  6  0  8 RAFAEL     53.8 316.5   96    8\n1959"...
value address: 0x7fffffffd5c0
Type: The type is an array.
Type sizeof: 490
Field name: None
Field Type: A range type, that is, an integer type with bounds.
Field Type sizeof: 8
Field Type range: (0, 489)

[INFO -- 2018-10-19 02:06:53]
Fault Injection Successful after 3.304780960083008s
[INFO -- 2018-10-19 02:06:55]
event type: exit
[INFO -- 2018-10-19 02:06:55]
exit code: 0
