[INFO -- 2018-10-19 09:59:16]
Starting flip_value script
version: 1.1
[INFO -- 2018-10-19 09:59:16]
Initialization strings:
[INFO -- 2018-10-19 09:59:16]
(1) file /home/latansini/Desktop/trabalhoftf/carol-fi/sample-code/knn/nn-knl-files/nn
[INFO -- 2018-10-19 09:59:16]
(2) set args /home/latansini/Desktop/trabalhoftf/carol-fi/sample-code/knn/nn-knl-files/filelist 15 25 25 /home/latansini/Desktop/trabalhoftf/carol-fi/sample-code/knn/nn-knl-files/out15_25_25
[INFO -- 2018-10-19 09:59:16]
initSignal:4
[INFO -- 2018-10-19 09:59:16]
endSignal:5
[INFO -- 2018-10-19 09:59:16]
faultModel:4
[EXCEPTION -- 2018-10-19 09:59:20]
pythonException: invalid frame
[EXCEPTION -- 2018-10-19 09:59:20]
pythonException: invalid frame
[EXCEPTION -- 2018-10-19 09:59:20]
pythonException: invalid frame
[INFO -- 2018-10-19 09:59:20]
Backtrace BEGIN:
#0  0x00007ffff78bdc2e in ?? () from /usr/lib/x86_64-linux-gnu/libgomp.so.1
#1  0x00007ffff78bc0e2 in ?? () from /usr/lib/x86_64-linux-gnu/libgomp.so.1
#2  0x0000000000401184 in main (argc=6, argv=0x7fffffffd8b8) at nn.c:115

20	* This program finds the k-nearest neighbors
21	* Usage:	./nn <filelist> <num> <target latitude> <target longitude> <out filename>
22	*			filelist: File with the filenames to the records
23	*			num: Number of nearest neighbors to find
24	*			target lat: Latitude coordinate for distance calculations
25	*			target long: Longitude coordinate for distance calculations
26	* The filelist and data are generated by hurricane_gen.c
27	* REC_WINDOW has been arbitrarily assigned; A larger value would allow more work for the threads
28	*/
29	int main(int argc, char* argv[]) {

Backtrace END
Fliping array at pos: 297
Memory content before bitflip:0x35
Fault Model: LSB bit-flip
base address to flip value: 0x7fffffffd6e9 
address max offset: 1
Memory content after  bitflip:0x37
frame name: main
symbol name: sandbox
symbol filename: nn.c
symbol line: 32
value: "1981  8  1  6 12 OSCAR       9.9 230.8  148  177\n2004  1  9 12  1 OSCAR       8.7  37.2   98  473\n1996  1  4 18  9 NADINE     39.2  10.7   96  259\n1996  6  8 12 24 ERNESTO    59.1 153.0   63  442\n1963"...
value address: 0x7fffffffd5c0
Type: The type is an array.
Type sizeof: 490
Field name: None
Field Type: A range type, that is, an integer type with bounds.
Field Type sizeof: 8
Field Type range: (0, 489)

[INFO -- 2018-10-19 09:59:20]
Fault Injection Successful after 4.376194715499878s
[INFO -- 2018-10-19 09:59:21]
event type: exit
[INFO -- 2018-10-19 09:59:21]
exit code: 0
