[INFO -- 2018-10-19 13:53:51]
Starting flip_value script
version: 1.1
[INFO -- 2018-10-19 13:53:51]
Initialization strings:
[INFO -- 2018-10-19 13:53:51]
(1) file /home/latansini/Desktop/trabalhoftf/carol-fi/sample-code/knn/nn-knl-files/nn
[INFO -- 2018-10-19 13:53:51]
(2) set args /home/latansini/Desktop/trabalhoftf/carol-fi/sample-code/knn/nn-knl-files/filelist 15 25 25 /home/latansini/Desktop/trabalhoftf/carol-fi/sample-code/knn/nn-knl-files/out15_25_25
[INFO -- 2018-10-19 13:53:51]
initSignal:3
[INFO -- 2018-10-19 13:53:51]
endSignal:4
[INFO -- 2018-10-19 13:53:51]
faultModel:3
[EXCEPTION -- 2018-10-19 13:53:54]
pythonException: invalid frame
[INFO -- 2018-10-19 13:53:54]
Backtrace BEGIN:
#0  0x00007ffff72fef00 in get_rounding_mode () at ../sysdeps/generic/get-rounding-mode.h:94
#1  round_and_return (retval=retval@entry=0x7fffffffd080, exponent=5, negative=negative@entry=0, round_limb=round_limb@entry=9223372036854775808, round_bit=16, more_bits=0) at strtod_l.c:202
#2  0x00007ffff72ffc7d in __GI_____strtod_l_internal (nptr=<optimized out>, endptr=<optimized out>, group=<optimized out>, loc=<optimized out>) at strtod_l.c:1613
#3  0x000000000040152c in main._omp_fn.0 () at nn.c:119
#4  0x0000000000401193 in main (argc=6, argv=0x7fffffffd8b8) at nn.c:115

89	../sysdeps/generic/get-rounding-mode.h: Arquivo ou diretório não encontrado.

Backtrace END
Memory content before bitflip:0x7f0x03
Fault Model: Zero bit-flip
base address to flip value: 0x7fffffffcfa0
address max offset: 2
Memory content after  bitflip:0x000x00
frame name: get_rounding_mode
symbol name: fc
symbol filename: ../sysdeps/generic/get-rounding-mode.h
symbol line: 77
value: 0
value address: 0x7fffffffcfa0
Type: The type is an integer type.
Type sizeof: 2

[INFO -- 2018-10-19 13:53:54]
Fault Injection Successful after 3.353457450866699s
[INFO -- 2018-10-19 13:53:56]
event type: exit
[INFO -- 2018-10-19 13:53:56]
exit code: 0
