[INFO -- 2018-10-06 20:22:06]
sending 5 signals using command: 'killall -2 fft_nn.out' after 21.9298916465s
[INFO -- 2018-10-06 20:22:07]
sending 5 signals using command: 'killall -2 fft_nn.out' after 22.3274189235s
[INFO -- 2018-10-06 20:22:08]
sending 5 signals using command: 'killall -2 fft_nn.out' after 23.0959428792s
[INFO -- 2018-10-06 20:22:08]
Starting GDB script
[INFO -- 2018-10-06 20:22:08]
initSignal:0.0
[INFO -- 2018-10-06 20:22:08]
endSignal:5.0
[INFO -- 2018-10-06 20:22:09]
sending 5 signals using command: 'killall -2 fft_nn.out' after 0.903282651475s
[INFO -- 2018-10-06 20:22:10]
sending 5 signals using command: 'killall -2 fft_nn.out' after 2.14626133942s
[INFO -- 2018-10-06 20:22:11]
sending 5 signals using command: 'killall -2 fft_nn.out' after 3.69258515507s
[INFO -- 2018-10-06 20:22:28]
Execution finished before waitTime
