[INFO -- 2018-12-04 00:22:53]
Starting flip_value script
version: 1.1
[INFO -- 2018-12-04 00:22:53]
Initialization strings:
[INFO -- 2018-12-04 00:22:53]
(1) file /home/latansini/carol-fi/carol-fi/codes/nnfulldup/nn-knl-files/nn
[INFO -- 2018-12-04 00:22:53]
(2) set args /home/latansini/carol-fi/carol-fi/codes/nnfulldup/nn-knl-files/filelist 20 5 5 /home/latansini/carol-fi/carol-fi/codes/nnfulldup/nn-knl-files/out20_5_5
[INFO -- 2018-12-04 00:22:53]
initSignal:0
[INFO -- 2018-12-04 00:22:53]
endSignal:2
[INFO -- 2018-12-04 00:22:53]
faultModel:1
[EXCEPTION -- 2018-12-04 00:22:54]
pythonException: invalid frame
[INFO -- 2018-12-04 00:22:54]
Backtrace BEGIN:
#0  0x00007ffff78d4e40 in ?? () from /usr/lib/x86_64-linux-gnu/libgomp.so.1
#1  0x00007ffff78d3ae9 in ?? () from /usr/lib/x86_64-linux-gnu/libgomp.so.1
#2  0x0000000000400f98 in nn_wrapper (filename=0x7fffffffe7d7 "/home/latansini/carol-fi/carol-fi/codes/nnfulldup/nn-knl-files/filelist", k=20, target_lat=5, target_long=5) at nn.c:97
#3  0x000000000040148d in main (argc=6, argv=0x7fffffffe568) at nn.c:195

168			fclose(logfile);
169		}
170	
171		if(file!= NULL){
172	    		fclose(file);
173		}
174	}
175	
176	int main(int argc, char* argv[]) {
177	    int    k=0;

Backtrace END
Fliping array at pos: 388
Memory content before bitflip:0x31
Fault Model: Double bit-flip
base address to flip value: 0x7fffffffe354 
address max offset: 1
Memory content after  bitflip:0x29
frame name: nn_wrapper
symbol name: sandbox
symbol filename: nn.c
symbol line: 30
value: "1979 11  1 18  7 ALBERTO    61.2 164.4   13  420\n1953  1 18 12 25 NADINE     53.6 131.2  136  611\n2001  9 16  0 28 RAFAEL     15.3 223.4   62  307\n1993  5 17 12 13 HELENE      7.7 133.5  111  695\n1981"...
value address: 0x7fffffffe1d0
Type: The type is an array.
Type sizeof: 490
Field name: None
Field Type: A range type, that is, an integer type with bounds.
Field Type sizeof: 8
Field Type range: (0L, 489L)

[INFO -- 2018-12-04 00:22:54]
Fault Injection Successful after 1.0911450386s
[INFO -- 2018-12-04 00:22:56]
event type: exit
[INFO -- 2018-12-04 00:22:56]
exit code: 0
