[INFO -- 2018-12-01 13:55:54]
Starting flip_value script
version: 1.1
[INFO -- 2018-12-01 13:55:54]
Initialization strings:
[INFO -- 2018-12-01 13:55:54]
(1) file /home/lignati/carol-fi/codes/inversefulldup/inversek2j.nn.out
[INFO -- 2018-12-01 13:55:54]
(2) set args /home/lignati/carol-fi/codes/inversefulldup/input_250k /home/lignati/carol-fi/codes/inversefulldup/output_falha.data
[INFO -- 2018-12-01 13:55:54]
initSignal:0
[INFO -- 2018-12-01 13:55:54]
endSignal:25
[INFO -- 2018-12-01 13:55:54]
faultModel:4
[EXCEPTION -- 2018-12-01 13:55:58]
gdbException: Attempt to dereference a generic pointer.
[INFO -- 2018-12-01 13:55:58]
Backtrace BEGIN:
#0  round_and_return (retval=0x7fffffffca40, exponent=1, negative=negative@entry=0, round_limb=round_limb@entry=11046256762591117312, round_bit=41, more_bits=0) at strtod_l.c:293
#1  0x00007ffff7014332 in __GI_____strtof_l_internal (nptr=<optimized out>, endptr=<optimized out>, group=<optimized out>, loc=<optimized out>) at strtod_l.c:1613
#2  0x00007ffff7012d60 in __GI___strtof_internal (nptr=<optimized out>, endptr=<optimized out>, group=<optimized out>) at strtod.c:54
#3  0x00007ffff702c948 in _IO_vfscanf_internal (s=s@entry=0x6085c0, format=<optimized out>, argptr=argptr@entry=0x7fffffffcf38, errp=errp@entry=0x0) at vfscanf.c:2365
#4  0x00007ffff7033162 in __isoc99_fscanf (stream=0x6085c0, format=<optimized out>) at isoc99_fscanf.c:34
#5  0x00007ffff7bcac42 in fann_create_from_fd () from /usr/local/lib/libfann.so.2
#6  0x00007ffff7bc8073 in fann_create_from_file () from /usr/local/lib/libfann.so.2
#7  0x0000000000402061 in inversek2j(float, float, float*, float*) ()
#8  0x000000000040179a in main ()

288	in strtod_l.c

Backtrace END
Fliping array at pos: 0
Fliping value of field: fp_offset
Memory content before bitflip:0x300x000x000x00
Fault Model: LSB bit-flip
base address to flip value: 0x7fffffffcf3c
address max offset: 4
Memory content after  bitflip:0x300x000x000x80
frame name: __isoc99_fscanf
symbol name: arg
symbol filename: isoc99_fscanf.c
symbol line: 27
value: {{gp_offset = 16, fp_offset = 2147483696, overflow_arg_area = 0x7fffffffd010, reg_save_area = 0x7fffffffcf50}}
value address: 0x7fffffffcf38
Type: The type is an array.
Type sizeof: 24

[INFO -- 2018-12-01 13:55:58]
Fault Injection Successful after 4.897429704666138s
[INFO -- 2018-12-01 13:56:19]
event type: exit
[INFO -- 2018-12-01 13:56:19]
exit code: 0
