[INFO -- 2018-10-18 21:45:03]
Starting flip_value script
version: 1.1
[INFO -- 2018-10-18 21:45:03]
Initialization strings:
[INFO -- 2018-10-18 21:45:03]
(1) file /home/latansini/Desktop/trabalhoftf/carol-fi/sample-code/knn/nn-knl-files/nn
[INFO -- 2018-10-18 21:45:03]
(2) set args /home/latansini/Desktop/trabalhoftf/carol-fi/sample-code/knn/nn-knl-files/filelist 15 25 25 /home/latansini/Desktop/trabalhoftf/carol-fi/sample-code/knn/nn-knl-files/out15_25_25
[INFO -- 2018-10-18 21:45:03]
initSignal:2
[INFO -- 2018-10-18 21:45:03]
endSignal:3
[INFO -- 2018-10-18 21:45:03]
faultModel:2
[EXCEPTION -- 2018-10-18 21:45:05]
pythonException: invalid frame
[EXCEPTION -- 2018-10-18 21:45:05]
pythonException: invalid frame
[INFO -- 2018-10-18 21:45:05]
Backtrace BEGIN:
#0  0x00007ffff72feed2 in round_and_return (retval=retval@entry=0x7fffffffd080, exponent=4, negative=negative@entry=0, round_limb=round_limb@entry=16602069666338596454, round_bit=15, more_bits=1) at strtod_l.c:201
#1  0x00007ffff72ffc7d in __GI_____strtod_l_internal (nptr=<optimized out>, endptr=<optimized out>, group=<optimized out>, loc=<optimized out>) at strtod_l.c:1613
#2  0x000000000040150f in main._omp_fn.0 () at nn.c:118
#3  0x0000000000401193 in main (argc=6, argv=0x7fffffffd8b8) at nn.c:115

196	strtod_l.c: Arquivo ou diretório não encontrado.

Backtrace END
Memory content before bitflip:0x000x000x000x00
Fault Model: Random bit-flip
base address to flip value: 0x7fffffffd524
address max offset: 4
Memory content after  bitflip:0x400x130x7f0x92
frame name: main
symbol name: tmp_long
symbol filename: nn.c
symbol line: 34
value: -8,04875398e-28
value address: 0x7fffffffd524
Type: A floating point type.
Type sizeof: 4

[INFO -- 2018-10-18 21:45:05]
Fault Injection Successful after 2.271615982055664s
[INFO -- 2018-10-18 21:45:08]
event type: exit
[INFO -- 2018-10-18 21:45:08]
exit code: 0
