[INFO -- 2018-10-15 18:39:32]
Starting flip_value script
version: 1.1
[INFO -- 2018-10-15 18:39:32]
Initialization strings:
[INFO -- 2018-10-15 18:39:32]
(1) file /home/latansini/Desktop/trabalhoftf/carol-fi/sample-code/inverse_nn/inversek2j_nn.out
[INFO -- 2018-10-15 18:39:32]
(2) set args /home/latansini/Desktop/trabalhoftf/carol-fi/sample-code/inverse_nn/input_250k /home/latansini/Desktop/trabalhoftf/carol-fi/sample-code/inverse_nn/output_falha.data
[INFO -- 2018-10-15 18:39:32]
initSignal:0
[INFO -- 2018-10-15 18:39:32]
endSignal:2
[INFO -- 2018-10-15 18:39:32]
faultModel:0
[INFO -- 2018-10-15 18:39:34]
Backtrace BEGIN:
#0  _IO_vfscanf_internal (s=s@entry=0x608610, format=<optimized out>, argptr=argptr@entry=0x7fffffffd0d8, errp=errp@entry=0x0) at vfscanf.c:2006
#1  0x00007ffff7032162 in __isoc99_fscanf (stream=0x608610, format=<optimized out>) at isoc99_fscanf.c:34
#2  0x00007ffff7bcf187 in fann_create_from_fd () from /usr/local/lib/libfann.so.2
#3  0x00007ffff7bcf608 in fann_create_from_file () from /usr/local/lib/libfann.so.2
#4  0x000000000040199e in inversek2j(float, float, float*, float*) ()
#5  0x0000000000401631 in main ()

2001	vfscanf.c: Arquivo ou diretório não encontrado.

Backtrace END
Memory content before bitflip:0x01
Fault Model: Single bit-flip
base address to flip value: 0x7fffffffce40 
address max offset: 1
Memory content after  bitflip:0x11
frame name: _IO_vfscanf_internal
symbol name: got_digit
symbol filename: vfscanf.c
symbol line: 232
value: 17 '\021'
value address: 0x7fffffffce40 "\021"
Type: The type is an integer type.
Type sizeof: 1

[INFO -- 2018-10-15 18:39:34]
Fault Injection Successful after 2.2825310230255127s
[INFO -- 2018-10-15 18:39:43]
event type: exit
[INFO -- 2018-10-15 18:39:43]
exit code: 0
