[INFO -- 2018-10-16 04:20:36]
Starting flip_value script
version: 1.1
[INFO -- 2018-10-16 04:20:36]
Initialization strings:
[INFO -- 2018-10-16 04:20:36]
(1) file /home/latansini/Desktop/trabalhoftf/carol-fi/sample-code/inverse_nn/inversek2j_nn.out
[INFO -- 2018-10-16 04:20:36]
(2) set args /home/latansini/Desktop/trabalhoftf/carol-fi/sample-code/inverse_nn/input_250k /home/latansini/Desktop/trabalhoftf/carol-fi/sample-code/inverse_nn/output_falha.data
[INFO -- 2018-10-16 04:20:36]
initSignal:8
[INFO -- 2018-10-16 04:20:36]
endSignal:10
[INFO -- 2018-10-16 04:20:36]
faultModel:4
[EXCEPTION -- 2018-10-16 04:20:44]
gdbException: Tentativo de desreferenciar um ponteiro genérico.
[INFO -- 2018-10-16 04:20:44]
Backtrace BEGIN:
#0  0x00007ffff702ba39 in _IO_vfscanf_internal (s=s@entry=0x608610, format=<optimized out>, argptr=argptr@entry=0x7fffffffd0d8, errp=errp@entry=0x0) at vfscanf.c:2367
#1  0x00007ffff7032162 in __isoc99_fscanf (stream=0x608610, format=<optimized out>) at isoc99_fscanf.c:34
#2  0x00007ffff7bcf187 in fann_create_from_fd () from /usr/local/lib/libfann.so.2
#3  0x00007ffff7bcf608 in fann_create_from_file () from /usr/local/lib/libfann.so.2
#4  0x000000000040199e in inversek2j(float, float, float*, float*) ()
#5  0x0000000000401631 in main ()

2362	in vfscanf.c

Backtrace END
Memory content before bitflip:0x000x000x000x00
Fault Model: LSB bit-flip
base address to flip value: 0x7fffffffcea0
address max offset: 4
Memory content after  bitflip:0x000x000x000x80
frame name: _IO_vfscanf_internal
symbol name: flags
symbol filename: vfscanf.c
symbol line: 222
value: -2147483648
value address: 0x7fffffffcea0
Type: The type is an integer type.
Type sizeof: 4

[INFO -- 2018-10-16 04:20:44]
Fault Injection Successful after 8.167640447616577s
[INFO -- 2018-10-16 04:20:46]
event type: exit
[INFO -- 2018-10-16 04:20:46]
exit code: 0
