[INFO -- 2018-10-09 07:44:04]
Starting flip_value script
version: 1.1
[INFO -- 2018-10-09 07:44:04]
Initialization strings:
[INFO -- 2018-10-09 07:44:04]
(1) file /tmp/fft_nn/fft_nn.out
[INFO -- 2018-10-09 07:44:04]
(2) set args 32768 /tmp/fft_nn/output_falha.data
[INFO -- 2018-10-09 07:44:04]
initSignal:10
[INFO -- 2018-10-09 07:44:04]
endSignal:15
[INFO -- 2018-10-09 07:44:04]
faultModel:2
[INFO -- 2018-10-09 07:44:14]
Backtrace BEGIN:
#0  0x00007ffff70120e2 in get_rounding_mode () at ../sysdeps/generic/get-rounding-mode.h:94
#1  round_and_return (retval=0x7fffffffcf10, exponent=-1, negative=negative@entry=0, round_limb=round_limb@entry=13835058055282163712, round_bit=39, more_bits=0) at strtod_l.c:202
#2  0x00007ffff7013332 in __GI_____strtof_l_internal (nptr=<optimized out>, endptr=<optimized out>, group=<optimized out>, loc=<optimized out>) at strtod_l.c:1613
#3  0x00007ffff7011d60 in __GI___strtof_internal (nptr=<optimized out>, endptr=<optimized out>, group=<optimized out>) at strtod.c:54
#4  0x00007ffff702b948 in _IO_vfscanf_internal (s=s@entry=0x6062c0, format=<optimized out>, argptr=argptr@entry=0x7fffffffd408, errp=errp@entry=0x0) at vfscanf.c:2365
#5  0x00007ffff7032162 in __isoc99_fscanf (stream=0x6062c0, format=<optimized out>) at isoc99_fscanf.c:34
#6  0x00007ffff7bcef44 in fann_create_from_fd () from /usr/local/lib/libfann.so.2
#7  0x00007ffff7bcf608 in fann_create_from_file () from /usr/local/lib/libfann.so.2
#8  0x00000000004019b7 in radix2DitCooleyTykeyFft(int, int*, Complex*, Complex*) ()
#9  0x0000000000401631 in main ()

89	../sysdeps/generic/get-rounding-mode.h: Arquivo ou diretório não encontrado.

Backtrace END
Fliping value of field: __value
Fliping value of field name: __wchb
Fliping array at pos: 1
Memory content before bitflip:0x00
Fault Model: Random bit-flip
base address to flip value: 0x7fffffffd225 
address max offset: 1
Memory content after  bitflip:0xf8
frame name: _IO_vfscanf_internal
symbol name: state
symbol filename: vfscanf.c
symbol line: 252
value: {__count = 0, __value = {__wch = 63488, __wchb = "\000\370\000"}}
value address: 0x7fffffffd220
Type: The type is a structure.
Type sizeof: 8
Field name: __count
Field Type: The type is an integer type.
Field Type sizeof: 4
Field name: __value
Field Type: The type is a union.
Field Type sizeof: 4

[INFO -- 2018-10-09 07:44:14]
Fault Injection Successful after 10.554564237594604s
[INFO -- 2018-10-09 07:44:24]
event type: exit
[INFO -- 2018-10-09 07:44:24]
exit code: 0
