[INFO -- 2018-10-11 21:01:11]
sending 5 signals using command: 'killall -2 fft_nn.out' after 21.7374701499s
[INFO -- 2018-10-11 21:01:13]
sending 5 signals using command: 'killall -2 fft_nn.out' after 23.1771284426s
[INFO -- 2018-10-11 21:01:14]
sending 5 signals using command: 'killall -2 fft_nn.out' after 24.3930670811s
[INFO -- 2018-10-11 21:01:14]
Starting GDB script
[INFO -- 2018-10-11 21:01:14]
initSignal:0.0
[INFO -- 2018-10-11 21:01:14]
endSignal:5.0
[INFO -- 2018-10-11 21:01:15]
sending 5 signals using command: 'killall -2 fft_nn.out' after 1.11461582147s
[INFO -- 2018-10-11 21:01:16]
sending 5 signals using command: 'killall -2 fft_nn.out' after 2.08778855808s
[INFO -- 2018-10-11 21:01:17]
sending 5 signals using command: 'killall -2 fft_nn.out' after 3.03441295625s
[INFO -- 2018-10-11 21:01:35]
Execution finished before waitTime
