[INFO -- 2018-10-08 16:14:09]
sending 5 signals using command: 'killall -2 fft_nn.out' after 22.1431929297s
[INFO -- 2018-10-08 16:14:09]
sending 5 signals using command: 'killall -2 fft_nn.out' after 22.2452372036s
[INFO -- 2018-10-08 16:14:12]
sending 5 signals using command: 'killall -2 fft_nn.out' after 24.7723189737s
[INFO -- 2018-10-08 16:14:12]
Starting GDB script
[INFO -- 2018-10-08 16:14:12]
initSignal:0.0
[INFO -- 2018-10-08 16:14:12]
endSignal:5.0
[INFO -- 2018-10-08 16:14:12]
sending 5 signals using command: 'killall -2 fft_nn.out' after 0.480194203915s
[INFO -- 2018-10-08 16:14:13]
sending 5 signals using command: 'killall -2 fft_nn.out' after 0.984456168102s
[INFO -- 2018-10-08 16:14:13]
sending 5 signals using command: 'killall -2 fft_nn.out' after 1.36811981247s
[INFO -- 2018-10-08 16:14:33]
Execution finished before waitTime
