[INFO -- 2018-10-16 18:55:59]
Starting flip_value script
version: 1.1
[INFO -- 2018-10-16 18:55:59]
Initialization strings:
[INFO -- 2018-10-16 18:55:59]
(1) file /home/latansini/Desktop/trabalhoftf/carol-fi/sample-code/inverse_nn/inversek2j_nn.out
[INFO -- 2018-10-16 18:55:59]
(2) set args /home/latansini/Desktop/trabalhoftf/carol-fi/sample-code/inverse_nn/input_250k /home/latansini/Desktop/trabalhoftf/carol-fi/sample-code/inverse_nn/output_falha.data
[INFO -- 2018-10-16 18:55:59]
initSignal:8
[INFO -- 2018-10-16 18:55:59]
endSignal:10
[INFO -- 2018-10-16 18:55:59]
faultModel:4
[INFO -- 2018-10-16 18:56:07]
Backtrace BEGIN:
#0  0x00007ffff7011d5b in __GI___strtof_internal (nptr=0x7fffffffccd0 "1.90694975852966308594e+00", endptr=0x7fffffffcf00, group=0) at strtod.c:54
#1  0x00007ffff702b948 in _IO_vfscanf_internal (s=s@entry=0x608610, format=<optimized out>, argptr=argptr@entry=0x7fffffffd0d8, errp=errp@entry=0x0) at vfscanf.c:2365
#2  0x00007ffff7032162 in __isoc99_fscanf (stream=0x608610, format=<optimized out>) at isoc99_fscanf.c:34
#3  0x00007ffff7bcf187 in fann_create_from_fd () from /usr/local/lib/libfann.so.2
#4  0x00007ffff7bcf608 in fann_create_from_file () from /usr/local/lib/libfann.so.2
#5  0x000000000040199e in inversek2j(float, float, float*, float*) ()
#6  0x0000000000401631 in main ()

49	strtod.c: Arquivo ou diretório não encontrado.

Backtrace END
Fliping a bit of the value pointed by a pointer
Memory content before bitflip:0x2e
Fault Model: LSB bit-flip
base address to flip value: 0x7fffffffccd1 
address max offset: 1
Memory content after  bitflip:0x2c
frame name: _IO_vfscanf_internal
symbol name: tw
symbol filename: vfscanf.c
symbol line: 271
value: 0x7fffffffccd1 ",90694975852966308594e+00"
value address: 0x7fffffffcf00
Type: The type is a pointer.
Type sizeof: 8

[INFO -- 2018-10-16 18:56:07]
Fault Injection Successful after 8.898046016693115s
[INFO -- 2018-10-16 18:56:09]
event type: exit
[INFO -- 2018-10-16 18:56:09]
exit code: 0
