[INFO -- 2018-10-09 23:28:14]
sending 5 signals using command: 'killall -2 fft_nn.out' after 21.1618393078s
[INFO -- 2018-10-09 23:28:15]
sending 5 signals using command: 'killall -2 fft_nn.out' after 21.8939578139s
[INFO -- 2018-10-09 23:28:18]
sending 5 signals using command: 'killall -2 fft_nn.out' after 24.4574774049s
[INFO -- 2018-10-09 23:28:18]
Starting GDB script
[INFO -- 2018-10-09 23:28:18]
initSignal:0.0
[INFO -- 2018-10-09 23:28:18]
endSignal:5.0
[INFO -- 2018-10-09 23:28:20]
sending 5 signals using command: 'killall -2 fft_nn.out' after 2.36190955294s
[INFO -- 2018-10-09 23:28:22]
sending 5 signals using command: 'killall -2 fft_nn.out' after 4.25649760026s
[INFO -- 2018-10-09 23:28:22]
sending 5 signals using command: 'killall -2 fft_nn.out' after 4.51707457708s
[INFO -- 2018-10-09 23:28:39]
Execution finished before waitTime
