[INFO -- 2018-10-10 01:06:41]
sending 5 signals using command: 'killall -2 fft_nn.out' after 21.5625705797s
[INFO -- 2018-10-10 01:06:43]
sending 5 signals using command: 'killall -2 fft_nn.out' after 24.0925548916s
[INFO -- 2018-10-10 01:06:44]
sending 5 signals using command: 'killall -2 fft_nn.out' after 24.2918926159s
[INFO -- 2018-10-10 01:06:44]
Starting GDB script
[INFO -- 2018-10-10 01:06:44]
initSignal:0.0
[INFO -- 2018-10-10 01:06:44]
endSignal:5.0
[INFO -- 2018-10-10 01:06:45]
sending 5 signals using command: 'killall -2 fft_nn.out' after 1.0251355418s
[INFO -- 2018-10-10 01:06:47]
sending 5 signals using command: 'killall -2 fft_nn.out' after 3.11391141132s
[INFO -- 2018-10-10 01:06:48]
sending 5 signals using command: 'killall -2 fft_nn.out' after 4.06294921699s
[INFO -- 2018-10-10 01:07:05]
Execution finished before waitTime
