[INFO -- 2018-12-02 16:58:38]
Starting flip_value script
version: 1.1
[INFO -- 2018-12-02 16:58:38]
Initialization strings:
[INFO -- 2018-12-02 16:58:38]
(1) file /home/latansini/Desktop/CAROL-FI/etapa2/carol-fi/codes/fftfulldup/fft_nn.out
[INFO -- 2018-12-02 16:58:38]
(2) set args 32768 /home/latansini/Desktop/CAROL-FI/etapa2/carol-fi/codes/fftfulldup/output.data
[INFO -- 2018-12-02 16:58:38]
initSignal:0
[INFO -- 2018-12-02 16:58:38]
endSignal:40
[INFO -- 2018-12-02 16:58:38]
faultModel:4
[INFO -- 2018-12-02 16:58:48]
Backtrace BEGIN:
#0  0x00007ffff6fab7d2 in _IO_vfscanf_internal (s=s@entry=0x618f00, format=<optimized out>, argptr=argptr@entry=0x7fffffffd2a8, errp=errp@entry=0x0) at vfscanf.c:404
#1  0x00007ffff6fb5162 in __isoc99_fscanf (stream=0x618f00, format=<optimized out>) at isoc99_fscanf.c:34
#2  0x00007ffff7bcf187 in fann_create_from_fd () from /usr/local/lib/libfann.so.2
#3  0x00007ffff7bcf608 in fann_create_from_file () from /usr/local/lib/libfann.so.2
#4  0x0000000000401de7 in radix2DitCooleyTykeyFft(int, int*, Complex*, Complex*) ()
#5  0x0000000000401857 in main ()

399	vfscanf.c: Arquivo ou diretório não encontrado.

Backtrace END
Fliping value of field: __prev
Fliping a bit of the pointer
Memory content before bitflip:0x000x000x000x000x000x000x000x00
Fault Model: LSB bit-flip
base address to flip value: 0x7fffffffd138
address max offset: 8
Memory content after  bitflip:0x000x000x000x000x000x000x000x80
frame name: _IO_vfscanf_internal
symbol name: _buffer
symbol filename: vfscanf.c
symbol line: 358
value: {__routine = 0x7ffff6fb4cc0 <__funlockfile>, __arg = 0x618f00, __canceltype = 0, __prev = 0x8000000000000000}
value address: 0x7fffffffd120
Type: The type is a structure.
Type sizeof: 32
Field name: __routine
Field Type: The type is a pointer.
Field Type sizeof: 8
Field name: __arg
Field Type: The type is a pointer.
Field Type sizeof: 8
Field name: __canceltype
Field Type: The type is an integer type.
Field Type sizeof: 4
Field name: __prev
Field Type: The type is a pointer.
Field Type sizeof: 8

[INFO -- 2018-12-02 16:58:48]
Fault Injection Successful after 10.665040254592896s
[INFO -- 2018-12-02 16:59:17]
event type: exit
[INFO -- 2018-12-02 16:59:17]
exit code: 0
