[INFO -- 2018-12-09 15:10:34]
Starting flip_value script
version: 1.1
[INFO -- 2018-12-09 15:10:34]
Initialization strings:
[INFO -- 2018-12-09 15:10:34]
(1) file /home/melkor/ETAPA2/dup_nn/nn-knl-files/nn
[INFO -- 2018-12-09 15:10:34]
(2) set args /home/melkor/ETAPA2/dup_nn/nn-knl-files/filelist 20 5 5 /home/melkor/ETAPA2/dup_nn/nn-knl-files/out20_5_5
[INFO -- 2018-12-09 15:10:34]
initSignal:0
[INFO -- 2018-12-09 15:10:34]
endSignal:1
[INFO -- 2018-12-09 15:10:34]
faultModel:4
[EXCEPTION -- 2018-12-09 15:10:35]
gdbException: Tentativo de desreferenciar um ponteiro genérico.
[INFO -- 2018-12-09 15:10:35]
Backtrace BEGIN:
#0  0x00007ffff782116f in ?? () from /usr/lib/x86_64-linux-gnu/libgomp.so.1
#1  0x00007ffff781fda9 in ?? () from /usr/lib/x86_64-linux-gnu/libgomp.so.1
#2  0x00005555555555ed in main (argc=6, argv=0x7fffffffdf08) at nn.c:196

2284	in rtld.c

Backtrace END
Memory content before bitflip:0x000x000xa00x40
Fault Model: LSB bit-flip
base address to flip value: 0x7fffffffdb68
address max offset: 4
Memory content after  bitflip:0x000x000xa00x50
frame name: main
symbol name: target_lat_dup
symbol filename: nn.c
symbol line: 92
value: 2.14748365e+10
value address: 0x7fffffffdb68
Type: A floating point type.
Type sizeof: 4

[INFO -- 2018-12-09 15:10:35]
Fault Injection Successful after 1.5647239685058594s
[INFO -- 2018-12-09 15:10:35]
event type: exit
[INFO -- 2018-12-09 15:10:35]
exit code: 0
