[INFO -- 2018-10-11 18:06:09]
Starting flip_value script
version: 1.1
[INFO -- 2018-10-11 18:06:09]
Initialization strings:
[INFO -- 2018-10-11 18:06:09]
(1) file /tmp/fft_nn/fft_nn.out
[INFO -- 2018-10-11 18:06:09]
(2) set args 32768 /tmp/fft_nn/output_falha.data
[INFO -- 2018-10-11 18:06:09]
initSignal:5
[INFO -- 2018-10-11 18:06:09]
endSignal:10
[INFO -- 2018-10-11 18:06:09]
faultModel:1
[EXCEPTION -- 2018-10-11 18:06:16]
gdbException: Tentativo de desreferenciar um ponteiro genérico.
[EXCEPTION -- 2018-10-11 18:06:16]
gdbException: Tentativo de desreferenciar um ponteiro genérico.
[EXCEPTION -- 2018-10-11 18:06:16]
gdbException: Tentativo de desreferenciar um ponteiro genérico.
[INFO -- 2018-10-11 18:06:16]
Backtrace BEGIN:
#0  0x00007ffff70138f2 in __GI_____strtof_l_internal (nptr=<optimized out>, endptr=<optimized out>, group=<optimized out>, loc=<optimized out>) at strtod_l.c:1592
#1  0x00007ffff7011d60 in __GI___strtof_internal (nptr=<optimized out>, endptr=<optimized out>, group=<optimized out>) at strtod.c:54
#2  0x00007ffff702b948 in _IO_vfscanf_internal (s=s@entry=0x6062c0, format=<optimized out>, argptr=argptr@entry=0x7fffffffd408, errp=errp@entry=0x0) at vfscanf.c:2365
#3  0x00007ffff7032162 in __isoc99_fscanf (stream=0x6062c0, format=<optimized out>) at isoc99_fscanf.c:34
#4  0x00007ffff7bcf187 in fann_create_from_fd () from /usr/local/lib/libfann.so.2
#5  0x00007ffff7bcf608 in fann_create_from_file () from /usr/local/lib/libfann.so.2
#6  0x00000000004019b7 in radix2DitCooleyTykeyFft(int, int*, Complex*, Complex*) ()
#7  0x0000000000401631 in main ()

1587	strtod_l.c: Arquivo ou diretório não encontrado.

Backtrace END
Fliping array at pos: 6
Memory content before bitflip:0x9c0x1a0x000x000x000x000x000x00
Fault Model: Double bit-flip
base address to flip value: 0x7fffffffcf50
address max offset: 8
Memory content after  bitflip:0x9c0x1a0x000x000x000x000x180x00
frame name: __GI_____strtof_l_internal
symbol name: num
symbol filename: strtod_l.c
symbol line: 485
value: {4611686018427387904, 2707841992378234863, 68, 4, 18865251664, 6812, 6755399441062556, 6812, 188, 188}
value address: 0x7fffffffcf20
Type: The type is an array.
Type sizeof: 80
Field name: None
Field Type: A range type, that is, an integer type with bounds.
Field Type sizeof: 8
Field Type range: (0, 9)

[INFO -- 2018-10-11 18:06:16]
Fault Injection Successful after 7.256048202514648s
[INFO -- 2018-10-11 18:06:28]
event type: exit
[INFO -- 2018-10-11 18:06:28]
exit code: 0
