[INFO -- 2018-11-30 20:40:30]
Starting flip_value script
version: 1.1
[INFO -- 2018-11-30 20:40:30]
Initialization strings:
[INFO -- 2018-11-30 20:40:30]
(1) file /home/lignati/carol-fi/codes/inversefulldup/inversek2j.nn.out
[INFO -- 2018-11-30 20:40:30]
(2) set args /home/lignati/carol-fi/codes/inversefulldup/input_250k /home/lignati/carol-fi/codes/inversefulldup/output_falha.data
[INFO -- 2018-11-30 20:40:30]
initSignal:0
[INFO -- 2018-11-30 20:40:30]
endSignal:25
[INFO -- 2018-11-30 20:40:30]
faultModel:2
[INFO -- 2018-11-30 20:40:32]
Backtrace BEGIN:
#0  __mpn_construct_float (frac_ptr=frac_ptr@entry=0x7fffffffca40, expt=<optimized out>, sign=sign@entry=0) at ../sysdeps/ieee754/flt-32/mpn2flt.c:41
#1  0x00007ffff7013346 in round_and_return (retval=0x7fffffffca40, exponent=<optimized out>, negative=negative@entry=0, round_limb=round_limb@entry=9651499874478194687, round_bit=<optimized out>, more_bits=<optimized out>) at strtod_l.c:327
#2  0x00007ffff7014332 in __GI_____strtof_l_internal (nptr=<optimized out>, endptr=<optimized out>, group=<optimized out>, loc=<optimized out>) at strtod_l.c:1613
#3  0x00007ffff7012d60 in __GI___strtof_internal (nptr=<optimized out>, endptr=<optimized out>, group=<optimized out>) at strtod.c:54
#4  0x00007ffff702c948 in _IO_vfscanf_internal (s=s@entry=0x6085c0, format=<optimized out>, argptr=argptr@entry=0x7fffffffcf38, errp=errp@entry=0x0) at vfscanf.c:2365
#5  0x00007ffff7033162 in __isoc99_fscanf (stream=0x6085c0, format=<optimized out>) at isoc99_fscanf.c:34
#6  0x00007ffff7bcac42 in fann_create_from_fd () from /usr/local/lib/libfann.so.2
#7  0x00007ffff7bc8073 in fann_create_from_file () from /usr/local/lib/libfann.so.2
#8  0x0000000000402061 in inversek2j(float, float, float*, float*) ()
#9  0x000000000040179a in main ()

36	../sysdeps/ieee754/flt-32/mpn2flt.c: No such file or directory.

Backtrace END
Memory content before bitflip:0x000x000x000x00
Fault Model: Random bit-flip
base address to flip value: 0x7fffffffcd00
address max offset: 4
Memory content after  bitflip:0x820x860x950x17
frame name: _IO_vfscanf_internal
symbol name: flags
symbol filename: vfscanf.c
symbol line: 222
value: 395675266
value address: 0x7fffffffcd00
Type: The type is an integer type.
Type sizeof: 4

[INFO -- 2018-11-30 20:40:32]
Fault Injection Successful after 2.3232860565185547s
[INFO -- 2018-11-30 20:40:55]
event type: exit
[INFO -- 2018-11-30 20:40:55]
exit code: 0
