[INFO -- 2018-10-06 09:11:12]
Starting flip_value script
version: 1.1
[INFO -- 2018-10-06 09:11:12]
Initialization strings:
[INFO -- 2018-10-06 09:11:12]
(1) file /tmp/fft_nn/fft_nn.out
[INFO -- 2018-10-06 09:11:12]
(2) set args 32768 /tmp/fft_nn/output_falha.data
[INFO -- 2018-10-06 09:11:12]
initSignal:15
[INFO -- 2018-10-06 09:11:12]
endSignal:25
[INFO -- 2018-10-06 09:11:12]
faultModel:4
[EXCEPTION -- 2018-10-06 09:11:27]
gdbException: Tentativo de desreferenciar um ponteiro genérico.
[EXCEPTION -- 2018-10-06 09:11:28]
gdbException: Tentativo de desreferenciar um ponteiro genérico.
[EXCEPTION -- 2018-10-06 09:11:28]
gdbException: Tentativo de desreferenciar um ponteiro genérico.
[EXCEPTION -- 2018-10-06 09:11:28]
gdbException: Tentativo de desreferenciar um ponteiro genérico.
[INFO -- 2018-10-06 09:11:28]
Backtrace BEGIN:
#0  0x00007ffff7028921 in _IO_vfscanf_internal (s=s@entry=0x6062c0, format=<optimized out>, argptr=argptr@entry=0x7fffffffd8c8, errp=errp@entry=0x0) at vfscanf.c:2938
#1  0x00007ffff7032162 in __isoc99_fscanf (stream=0x6062c0, format=<optimized out>) at isoc99_fscanf.c:34
#2  0x00007ffff7bcf187 in fann_create_from_fd () from /usr/local/lib/libfann.so.2
#3  0x00007ffff7bcf608 in fann_create_from_file () from /usr/local/lib/libfann.so.2
#4  0x00000000004019b7 in radix2DitCooleyTykeyFft(int, int*, Complex*, Complex*) ()
#5  0x0000000000401631 in main ()

2933	in vfscanf.c

Backtrace END
Fliping a bit of the pointer
Memory content before bitflip:0x000x000x000x000x000x000x000x00
Fault Model: LSB bit-flip
base address to flip value: 0x7fffffffd658
address max offset: 8
Memory content after  bitflip:0x000x000x000x000x000x000x000x01
frame name: _IO_vfscanf_internal
symbol name: str
symbol filename: vfscanf.c
symbol line: 262
value: 0x0
value address: 0x7fffffffd658
Type: The type is a pointer.
Type sizeof: 8

[INFO -- 2018-10-06 09:11:28]
Fault Injection Successful after 16.057185649871826s
[INFO -- 2018-10-06 09:11:32]
event type: exit
[INFO -- 2018-10-06 09:11:32]
exit code: 0
