[INFO -- 2018-12-09 15:00:16]
Starting flip_value script
version: 1.1
[INFO -- 2018-12-09 15:00:16]
Initialization strings:
[INFO -- 2018-12-09 15:00:16]
(1) file /home/melkor/ETAPA2/dup_nn/nn-knl-files/nn
[INFO -- 2018-12-09 15:00:16]
(2) set args /home/melkor/ETAPA2/dup_nn/nn-knl-files/filelist 20 5 5 /home/melkor/ETAPA2/dup_nn/nn-knl-files/out20_5_5
[INFO -- 2018-12-09 15:00:16]
initSignal:0
[INFO -- 2018-12-09 15:00:16]
endSignal:1
[INFO -- 2018-12-09 15:00:16]
faultModel:1
[EXCEPTION -- 2018-12-09 15:00:16]
gdbException: Tentativo de desreferenciar um ponteiro genérico.
[EXCEPTION -- 2018-12-09 15:00:16]
pythonException: invalid frame
[EXCEPTION -- 2018-12-09 15:00:16]
pythonException: invalid frame
[INFO -- 2018-12-09 15:00:16]
Backtrace BEGIN:
#0  0x00007ffff7820ee2 in ?? () from /usr/lib/x86_64-linux-gnu/libgomp.so.1
#1  0x00007ffff781f392 in ?? () from /usr/lib/x86_64-linux-gnu/libgomp.so.1
#2  0x00007ffff7815eca in GOMP_parallel () from /usr/lib/x86_64-linux-gnu/libgomp.so.1
#3  0x00005555555555ed in main (argc=6, argv=0x7fffffffdf08) at nn.c:196

2284	in rtld.c

Backtrace END
Memory content before bitflip:0x000x000x000x00
Fault Model: Double bit-flip
base address to flip value: 0x7fffffffdb3c
address max offset: 4
Memory content after  bitflip:0x280x000x000x00
frame name: main
symbol name: done
symbol filename: nn.c
symbol line: 84
value: 40
value address: 0x7fffffffdb3c
Type: The type is an integer type.
Type sizeof: 4

[INFO -- 2018-12-09 15:00:16]
Fault Injection Successful after 0.9760012626647949s
[INFO -- 2018-12-09 15:00:17]
event type: exit
[INFO -- 2018-12-09 15:00:17]
exit code: 0
