[INFO -- 2018-10-10 16:13:34]
sending 5 signals using command: 'killall -2 fft_nn.out' after 21.2833673062s
[INFO -- 2018-10-10 16:13:37]
sending 5 signals using command: 'killall -2 fft_nn.out' after 24.0183955509s
[INFO -- 2018-10-10 16:13:37]
sending 5 signals using command: 'killall -2 fft_nn.out' after 24.0272196738s
[INFO -- 2018-10-10 16:13:37]
Starting GDB script
[INFO -- 2018-10-10 16:13:37]
initSignal:0.0
[INFO -- 2018-10-10 16:13:37]
endSignal:5.0
[INFO -- 2018-10-10 16:13:37]
sending 5 signals using command: 'killall -2 fft_nn.out' after 0.5770279244s
[INFO -- 2018-10-10 16:13:39]
sending 5 signals using command: 'killall -2 fft_nn.out' after 2.53829917135s
[INFO -- 2018-10-10 16:13:40]
sending 5 signals using command: 'killall -2 fft_nn.out' after 3.01901531757s
[INFO -- 2018-10-10 16:13:58]
Execution finished before waitTime
