[INFO -- 2018-12-03 07:18:30]
Starting flip_value script
version: 1.1
[INFO -- 2018-12-03 07:18:30]
Initialization strings:
[INFO -- 2018-12-03 07:18:30]
(1) file /home/latansini/carol-fi/carol-fi/codes/nnfulldup/nn-knl-files/nn
[INFO -- 2018-12-03 07:18:30]
(2) set args /home/latansini/carol-fi/carol-fi/codes/nnfulldup/nn-knl-files/filelist 20 5 5 /home/latansini/carol-fi/carol-fi/codes/nnfulldup/nn-knl-files/out20_5_5
[INFO -- 2018-12-03 07:18:30]
initSignal:0
[INFO -- 2018-12-03 07:18:30]
endSignal:2
[INFO -- 2018-12-03 07:18:30]
faultModel:3
[EXCEPTION -- 2018-12-03 07:18:31]
pythonException: invalid frame
[EXCEPTION -- 2018-12-03 07:18:31]
pythonException: invalid frame
[EXCEPTION -- 2018-12-03 07:18:31]
pythonException: invalid frame
[EXCEPTION -- 2018-12-03 07:18:31]
pythonException: invalid frame
[INFO -- 2018-12-03 07:18:31]
Backtrace BEGIN:
#0  0x00007ffff78d4e49 in ?? () from /usr/lib/x86_64-linux-gnu/libgomp.so.1
#1  0x00007ffff78d3ae9 in ?? () from /usr/lib/x86_64-linux-gnu/libgomp.so.1
#2  0x0000000000400f98 in nn_wrapper (filename=0x7fffffffe7d7 "/home/latansini/carol-fi/carol-fi/codes/nnfulldup/nn-knl-files/filelist", k=20, target_lat=5, target_long=5) at nn.c:97
#3  0x000000000040148d in main (argc=6, argv=0x7fffffffe568) at nn.c:195

168			fclose(logfile);
169		}
170	
171		if(file!= NULL){
172	    		fclose(file);
173		}
174	}
175	
176	int main(int argc, char* argv[]) {
177	    int    k=0;

Backtrace END
Fliping array at pos: 458
Memory content before bitflip:0x56
Fault Model: Zero bit-flip
base address to flip value: 0x7fffffffe39a 
address max offset: 1
Memory content after  bitflip:0x00
frame name: nn_wrapper
symbol name: sandbox
symbol filename: nn.c
symbol line: 30
value: "1966  6 12  6 21 CHRIS      28.8 302.6   52  757\n1952 11 23 12  8 CHRIS      69.1 155.6   37  292\n1974  5  7 12 26 BERYL      68.5 190.9   58  854\n1962  7 14 18 24 ISAAC      48.5 120.9  126  271\n1959"...
value address: 0x7fffffffe1d0
Type: The type is an array.
Type sizeof: 490
Field name: None
Field Type: A range type, that is, an integer type with bounds.
Field Type sizeof: 8
Field Type range: (0L, 489L)

[INFO -- 2018-12-03 07:18:31]
Fault Injection Successful after 1.15614390373s
[INFO -- 2018-12-03 07:18:33]
event type: exit
[INFO -- 2018-12-03 07:18:33]
exit code: 0
