[INFO -- 2018-10-07 19:20:41]
Starting flip_value script
version: 1.1
[INFO -- 2018-10-07 19:20:41]
Initialization strings:
[INFO -- 2018-10-07 19:20:41]
(1) file /tmp/fft_nn/fft_nn.out
[INFO -- 2018-10-07 19:20:41]
(2) set args 32768 /tmp/fft_nn/output_falha.data
[INFO -- 2018-10-07 19:20:41]
initSignal:0
[INFO -- 2018-10-07 19:20:41]
endSignal:5
[INFO -- 2018-10-07 19:20:41]
faultModel:0
[INFO -- 2018-10-07 19:20:42]
Backtrace BEGIN:
#0  _IO_vfscanf_internal (s=s@entry=0x6062c0, format=<optimized out>, argptr=argptr@entry=0x7fffffffd8c8, errp=errp@entry=0x0) at vfscanf.c:456
#1  0x00007ffff7032162 in __isoc99_fscanf (stream=0x6062c0, format=<optimized out>) at isoc99_fscanf.c:34
#2  0x00007ffff7bceb6a in fann_create_from_fd () from /usr/local/lib/libfann.so.2
#3  0x00007ffff7bcf608 in fann_create_from_file () from /usr/local/lib/libfann.so.2
#4  0x00000000004019b7 in radix2DitCooleyTykeyFft(int, int*, Complex*, Complex*) ()
#5  0x0000000000401631 in main ()

451	vfscanf.c: Arquivo ou diretório não encontrado.

Backtrace END
Fliping array at pos: 0
Fliping value of field: fp_offset
Memory content before bitflip:0x300x000x000x00
Fault Model: Single bit-flip
base address to flip value: 0x7fffffffd8cc
address max offset: 4
Memory content after  bitflip:0x300x000x200x00
frame name: __isoc99_fscanf
symbol name: arg
symbol filename: isoc99_fscanf.c
symbol line: 27
value: {{gp_offset = 16, fp_offset = 2097200, overflow_arg_area = 0x7fffffffd9a0, reg_save_area = 0x7fffffffd8e0}}
value address: 0x7fffffffd8c8
Type: The type is an array.
Type sizeof: 24

[INFO -- 2018-10-07 19:20:42]
Fault Injection Successful after 1.279296636581421s
[INFO -- 2018-10-07 19:21:01]
event type: exit
[INFO -- 2018-10-07 19:21:01]
exit code: 0
