[INFO -- 2018-12-09 16:59:07]
Starting flip_value script
version: 1.1
[INFO -- 2018-12-09 16:59:07]
Initialization strings:
[INFO -- 2018-12-09 16:59:07]
(1) file /home/melkor/ETAPA2/dup_nn/nn-knl-files/nn
[INFO -- 2018-12-09 16:59:07]
(2) set args /home/melkor/ETAPA2/dup_nn/nn-knl-files/filelist 20 5 5 /home/melkor/ETAPA2/dup_nn/nn-knl-files/out20_5_5
[INFO -- 2018-12-09 16:59:07]
initSignal:0
[INFO -- 2018-12-09 16:59:07]
endSignal:1
[INFO -- 2018-12-09 16:59:07]
faultModel:2
[EXCEPTION -- 2018-12-09 16:59:07]
pythonException: invalid frame
[EXCEPTION -- 2018-12-09 16:59:07]
pythonException: invalid frame
[INFO -- 2018-12-09 16:59:07]
Backtrace BEGIN:
#0  0x00007ffff78210d3 in ?? () from /usr/lib/x86_64-linux-gnu/libgomp.so.1
#1  0x00007ffff781fda9 in ?? () from /usr/lib/x86_64-linux-gnu/libgomp.so.1
#2  0x00005555555555ed in main (argc=6, argv=0x7fffffffded8) at nn.c:196

68	      fclose(logfile);
69	    }
70		
71		
72		if(file != NULL){	// isso aqui tava dando segfault
73			fclose(file);
74		}
75		
76	}
77	

Backtrace END
Memory content before bitflip:0x140x000x000x00
Fault Model: Random bit-flip
base address to flip value: 0x7fffffffdb08
address max offset: 4
Memory content after  bitflip:0x200x980x4a0x98
frame name: main
symbol name: j
symbol filename: nn.c
symbol line: 84
value: -1739941856
value address: 0x7fffffffdb08
Type: The type is an integer type.
Type sizeof: 4

[INFO -- 2018-12-09 16:59:07]
Fault Injection Successful after 0.5701673030853271s
[INFO -- 2018-12-09 16:59:08]
event type: exit
[INFO -- 2018-12-09 16:59:08]
exit code: 0
