[INFO -- 2018-10-08 16:10:33]
sending 5 signals using command: 'killall -2 fft_nn.out' after 21.1754132792s
[INFO -- 2018-10-08 16:10:36]
sending 5 signals using command: 'killall -2 fft_nn.out' after 23.9360614162s
[INFO -- 2018-10-08 16:10:37]
sending 5 signals using command: 'killall -2 fft_nn.out' after 24.8877249397s
[INFO -- 2018-10-08 16:10:37]
Starting GDB script
[INFO -- 2018-10-08 16:10:37]
initSignal:0.0
[INFO -- 2018-10-08 16:10:37]
endSignal:5.0
[INFO -- 2018-10-08 16:10:39]
sending 5 signals using command: 'killall -2 fft_nn.out' after 2.04536423644s
[INFO -- 2018-10-08 16:10:39]
sending 5 signals using command: 'killall -2 fft_nn.out' after 2.1766529704s
[INFO -- 2018-10-08 16:10:42]
sending 5 signals using command: 'killall -2 fft_nn.out' after 4.88594397095s
[INFO -- 2018-10-08 16:10:58]
Execution finished before waitTime
