[INFO -- 2018-10-16 08:35:35]
Starting flip_value script
version: 1.1
[INFO -- 2018-10-16 08:35:35]
Initialization strings:
[INFO -- 2018-10-16 08:35:35]
(1) file /home/latansini/Desktop/trabalhoftf/carol-fi/sample-code/inverse_nn/inversek2j_nn.out
[INFO -- 2018-10-16 08:35:35]
(2) set args /home/latansini/Desktop/trabalhoftf/carol-fi/sample-code/inverse_nn/input_250k /home/latansini/Desktop/trabalhoftf/carol-fi/sample-code/inverse_nn/output_falha.data
[INFO -- 2018-10-16 08:35:35]
initSignal:8
[INFO -- 2018-10-16 08:35:35]
endSignal:10
[INFO -- 2018-10-16 08:35:35]
faultModel:4
[INFO -- 2018-10-16 08:35:43]
Backtrace BEGIN:
#0  0x00007ffff70c2d44 in __GI___fxstat (vers=<optimized out>, fd=6, buf=0x7fffffffd080) at ../sysdeps/unix/sysv/linux/wordsize-64/fxstat.c:35
#1  0x00007ffff70417d5 in __GI__IO_file_doallocate (fp=0x608610) at filedoalloc.c:111
#2  0x00007ffff704f4b5 in __GI__IO_doallocbuf (fp=fp@entry=0x608610) at genops.c:418
#3  0x00007ffff704d3ec in __GI__IO_file_xsgetn (fp=0x608610, data=0xef120a0, n=13) at fileops.c:1379
#4  0x00007ffff704286f in __GI__IO_fread (buf=<optimized out>, size=1, count=13, fp=0x608610) at iofread.c:42
#5  0x00007ffff7bce817 in fann_create_from_fd () from /usr/local/lib/libfann.so.2
#6  0x00007ffff7bcf608 in fann_create_from_file () from /usr/local/lib/libfann.so.2
#7  0x000000000040199e in inversek2j(float, float, float*, float*) ()
#8  0x0000000000401631 in main ()

30	../sysdeps/unix/sysv/linux/wordsize-64/fxstat.c: Arquivo ou diretório não encontrado.

Backtrace END
Fliping a bit of the pointer
Memory content before bitflip:0x000x000x000x000x000x000x000x00
Fault Model: LSB bit-flip
base address to flip value: 0x7ffff73989a0 
address max offset: 8
Memory content after  bitflip:0x000x000x000x000x000x000x000x04
frame name: __GI__IO_doallocbuf
symbol name: run_fp
symbol filename: genops.c
symbol line: 45
value: 0x0
value address: 0x7ffff73989a0 <run_fp>
Type: The type is a pointer.
Type sizeof: 8

[INFO -- 2018-10-16 08:35:43]
Fault Injection Successful after 8.740140676498413s
[INFO -- 2018-10-16 08:35:45]
event type: exit
[INFO -- 2018-10-16 08:35:45]
exit code: 0
