[INFO -- 2018-12-03 04:35:31]
Starting flip_value script
version: 1.1
[INFO -- 2018-12-03 04:35:31]
Initialization strings:
[INFO -- 2018-12-03 04:35:31]
(1) file /home/latansini/carol-fi/carol-fi/codes/nnfulldup/nn-knl-files/nn
[INFO -- 2018-12-03 04:35:31]
(2) set args /home/latansini/carol-fi/carol-fi/codes/nnfulldup/nn-knl-files/filelist 20 5 5 /home/latansini/carol-fi/carol-fi/codes/nnfulldup/nn-knl-files/out20_5_5
[INFO -- 2018-12-03 04:35:31]
initSignal:0
[INFO -- 2018-12-03 04:35:31]
endSignal:2
[INFO -- 2018-12-03 04:35:31]
faultModel:2
[EXCEPTION -- 2018-12-03 04:35:32]
pythonException: invalid frame
[EXCEPTION -- 2018-12-03 04:35:32]
pythonException: invalid frame
[EXCEPTION -- 2018-12-03 04:35:32]
pythonException: invalid frame
[EXCEPTION -- 2018-12-03 04:35:32]
gdbException: A syntax error in expression, near `...'.
[EXCEPTION -- 2018-12-03 04:35:32]
pythonException: invalid frame
[EXCEPTION -- 2018-12-03 04:35:32]
pythonException: invalid frame
[EXCEPTION -- 2018-12-03 04:35:32]
pythonException: invalid frame
[EXCEPTION -- 2018-12-03 04:35:32]
pythonException: invalid frame
[EXCEPTION -- 2018-12-03 04:35:32]
pythonException: invalid frame
[EXCEPTION -- 2018-12-03 04:35:32]
pythonException: invalid frame
[EXCEPTION -- 2018-12-03 04:35:32]
pythonException: invalid frame
[EXCEPTION -- 2018-12-03 04:35:32]
pythonException: invalid frame
[EXCEPTION -- 2018-12-03 04:35:32]
pythonException: invalid frame
[EXCEPTION -- 2018-12-03 04:35:32]
pythonException: invalid frame
[INFO -- 2018-12-03 04:35:32]
Backtrace BEGIN:
#0  0x00007ffff78d4e84 in ?? () from /usr/lib/x86_64-linux-gnu/libgomp.so.1
#1  0x00007ffff78d2722 in ?? () from /usr/lib/x86_64-linux-gnu/libgomp.so.1
#2  0x00007ffff76b0064 in start_thread (arg=0x7ffff42f6700) at pthread_create.c:309
#3  0x00007ffff73e562d in clone () at ../sysdeps/unix/sysv/linux/x86_64/clone.S:111

178	    float target_lat, target_long;
179	    char * gold_filename, * filename;
180	    struct neighbor *data1 = NULL;
181	    struct neighbor *data2 = NULL;
182	
183	    if(argc < 6) {
184	        fprintf(stderr, "Invalid set of arguments:\n");
185	        fprintf(stderr, "%s <filelist> <num neighbors to find> <target latitude> <target longitude> <out filename>\n",argv[0]);
186	        exit(-1);
187	    }

Backtrace END
Memory content before bitflip:0x000x000x000x00
Fault Model: Random bit-flip
base address to flip value: 0x7fffffffe3f8
address max offset: 4
Memory content after  bitflip:0x6f0xa00xb20x58
frame name: nn_wrapper
symbol name: tmp_long
symbol filename: nn.c
symbol line: 29
value: 1.57121701e+15
value address: 0x7fffffffe3f8
Type: A floating point type.
Type sizeof: 4

[INFO -- 2018-12-03 04:35:32]
Fault Injection Successful after 1.74340391159s
[INFO -- 2018-12-03 04:35:34]
event type: exit
[INFO -- 2018-12-03 04:35:34]
exit code: 0
