[INFO -- 2018-12-09 17:58:10]
Starting flip_value script
version: 1.1
[INFO -- 2018-12-09 17:58:10]
Initialization strings:
[INFO -- 2018-12-09 17:58:10]
(1) file /home/melkor/ETAPA2/dup_nn/nn-knl-files/nn
[INFO -- 2018-12-09 17:58:10]
(2) set args /home/melkor/ETAPA2/dup_nn/nn-knl-files/filelist 20 5 5 /home/melkor/ETAPA2/dup_nn/nn-knl-files/out20_5_5
[INFO -- 2018-12-09 17:58:10]
initSignal:0
[INFO -- 2018-12-09 17:58:10]
endSignal:1
[INFO -- 2018-12-09 17:58:10]
faultModel:2
[INFO -- 2018-12-09 17:58:10]
Backtrace BEGIN:
#0  0x00007ffff7820ee6 in ?? () from /usr/lib/x86_64-linux-gnu/libgomp.so.1
#1  0x00007ffff781f392 in ?? () from /usr/lib/x86_64-linux-gnu/libgomp.so.1
#2  0x00007ffff7815eca in GOMP_parallel () from /usr/lib/x86_64-linux-gnu/libgomp.so.1
#3  0x00005555555555ed in main (argc=6, argv=0x7fffffffded8) at nn.c:196

68	      fclose(logfile);
69	    }
70		
71		
72		if(file != NULL){	// isso aqui tava dando segfault
73			fclose(file);
74		}
75		
76	}
77	

Backtrace END
Fliping a bit of the value pointed by a pointer
Fliping a bit of the pointer
Memory content before bitflip:0x510xe20xff0xff0xff0x7f0x000x00
Fault Model: Random bit-flip
base address to flip value: 0x7fffffffded8
address max offset: 8
Memory content after  bitflip:0xa40xdf0x5c0x8e0x4f0xbe0xb40x8a
frame name: main
symbol name: argv
symbol filename: nn.c
symbol line: 82
value: 0x7fffffffded8
value address: 0x7fffffffdaf0
Type: The type is a pointer.
Type sizeof: 8

[INFO -- 2018-12-09 17:58:10]
Fault Injection Successful after 0.8807690143585205s
[INFO -- 2018-12-09 17:58:12]
event type: exit
[INFO -- 2018-12-09 17:58:12]
exit code: 0
