[INFO -- 2018-12-01 08:36:26]
Starting flip_value script
version: 1.1
[INFO -- 2018-12-01 08:36:26]
Initialization strings:
[INFO -- 2018-12-01 08:36:26]
(1) file /home/lignati/carol-fi/codes/inversefulldup/inversek2j.nn.out
[INFO -- 2018-12-01 08:36:26]
(2) set args /home/lignati/carol-fi/codes/inversefulldup/input_250k /home/lignati/carol-fi/codes/inversefulldup/output_falha.data
[INFO -- 2018-12-01 08:36:26]
initSignal:0
[INFO -- 2018-12-01 08:36:26]
endSignal:25
[INFO -- 2018-12-01 08:36:26]
faultModel:1
[INFO -- 2018-12-01 08:36:27]
Backtrace BEGIN:
#0  0x00007ffff70c3d44 in __GI___fxstat (vers=<optimized out>, fd=6, buf=0x7fffffffcee0) at ../sysdeps/unix/sysv/linux/wordsize-64/fxstat.c:35
#1  0x00007ffff70427d5 in __GI__IO_file_doallocate (fp=0x6085c0) at filedoalloc.c:111
#2  0x00007ffff70504b5 in __GI__IO_doallocbuf (fp=fp@entry=0x6085c0) at genops.c:418
#3  0x00007ffff704e3ec in __GI__IO_file_xsgetn (fp=0x6085c0, data=0x13279f0, n=13) at fileops.c:1379
#4  0x00007ffff704386f in __GI__IO_fread (buf=<optimized out>, size=1, count=13, fp=0x6085c0) at iofread.c:42
#5  0x00007ffff7bc92b0 in fann_create_from_fd () from /usr/local/lib/libfann.so.2
#6  0x00007ffff7bc8073 in fann_create_from_file () from /usr/local/lib/libfann.so.2
#7  0x0000000000402061 in inversek2j(float, float, float*, float*) ()
#8  0x000000000040179a in main ()

30	../sysdeps/unix/sysv/linux/wordsize-64/fxstat.c: No such file or directory.

Backtrace END
Fliping value of field: __setbuf
Fliping a bit of the value pointed by a pointer
Memory content before bitflip:0x53
Fault Model: Double bit-flip
base address to flip value: 0x7ffff704d7e0 
address max offset: 1
Memory content after  bitflip:0x7b
frame name: __GI__IO_file_xsgetn
symbol name: __GI__IO_file_jumps
symbol filename: fileops.c
symbol line: 1549
value: {__dummy = 0, __dummy2 = 0, __finish = 0x7ffff704ec80 <_IO_new_file_finish>, __overflow = 0x7ffff704f6d0 <_IO_new_file_overflow>, __underflow = 0x7ffff704f480 <_IO_new_file_underflow>, __uflow = 0x7ffff7050530 <__GI__IO_default_uflow>, __pbackfail = 0x7ffff70516e0 <__GI__IO_default_pbackfail>, __xsputn = 0x7ffff704e500 <_IO_new_file_xsputn>, __xsgetn = 0x7ffff704e210 <__GI__IO_file_xsgetn>, __seekoff = 0x7ffff704d870 <_IO_new_file_seekoff>, __seekpos = 0x7ffff7050aa0 <_IO_default_seekpos>, __setbuf = 0x7ffff704d7e0 <_IO_new_file_setbuf>, __sync = 0x7ffff704d710 <_IO_new_file_sync>, __doallocate = 0x7ffff70427b0 <__GI__IO_file_doallocate>, __read = 0x7ffff704e4e0 <__GI__IO_file_read>, __write = 0x7ffff704ded0 <_IO_new_file_write>, __seek = 0x7ffff704dcd0 <__GI__IO_file_seek>, __close = 0x7ffff704d7d0 <__GI__IO_file_close>, __stat = 0x7ffff704dec0 <__GI__IO_file_stat>, __showmanyc = 0x7ffff7051840 <_IO_default_showmanyc>, __imbue = 0x7ffff7051850 <_IO_default_imbue>}
value address: 0x7ffff73966a0 <_IO_file_jumps>
Type: The type is a structure.
Type sizeof: 168
Field name: __dummy
Field Type: The type is an integer type.
Field Type sizeof: 8
Field name: __dummy2
Field Type: The type is an integer type.
Field Type sizeof: 8
Field name: __finish
Field Type: The type is a pointer.
Field Type sizeof: 8
Field name: __overflow
Field Type: The type is a pointer.
Field Type sizeof: 8
Field name: __underflow
Field Type: The type is a pointer.
Field Type sizeof: 8
Field name: __uflow
Field Type: The type is a pointer.
Field Type sizeof: 8
Field name: __pbackfail
Field Type: The type is a pointer.
Field Type sizeof: 8
Field name: __xsputn
Field Type: The type is a pointer.
Field Type sizeof: 8
Field name: __xsgetn
Field Type: The type is a pointer.
Field Type sizeof: 8
Field name: __seekoff
Field Type: The type is a pointer.
Field Type sizeof: 8
Field name: __seekpos
Field Type: The type is a pointer.
Field Type sizeof: 8
Field name: __setbuf
Field Type: The type is a pointer.
Field Type sizeof: 8
Field name: __sync
Field Type: The type is a pointer.
Field Type sizeof: 8
Field name: __doallocate
Field Type: The type is a pointer.
Field Type sizeof: 8
Field name: __read
Field Type: The type is a pointer.
Field Type sizeof: 8
Field name: __write
Field Type: The type is a pointer.
Field Type sizeof: 8
Field name: __seek
Field Type: The type is a pointer.
Field Type sizeof: 8
Field name: __close
Field Type: The type is a pointer.
Field Type sizeof: 8
Field name: __stat
Field Type: The type is a pointer.
Field Type sizeof: 8
Field name: __showmanyc
Field Type: The type is a pointer.
Field Type sizeof: 8
Field name: __imbue
Field Type: The type is a pointer.
Field Type sizeof: 8

[INFO -- 2018-12-01 08:36:27]
Fault Injection Successful after 1.3686127662658691s
[INFO -- 2018-12-01 08:36:51]
event type: exit
[INFO -- 2018-12-01 08:36:51]
exit code: 0
