[INFO -- 2018-12-04 03:27:18]
Starting flip_value script
version: 1.1
[INFO -- 2018-12-04 03:27:18]
Initialization strings:
[INFO -- 2018-12-04 03:27:18]
(1) file /home/latansini/carol-fi/carol-fi/codes/nnfulldup/nn-knl-files/nn
[INFO -- 2018-12-04 03:27:18]
(2) set args /home/latansini/carol-fi/carol-fi/codes/nnfulldup/nn-knl-files/filelist 20 5 5 /home/latansini/carol-fi/carol-fi/codes/nnfulldup/nn-knl-files/out20_5_5
[INFO -- 2018-12-04 03:27:18]
initSignal:0
[INFO -- 2018-12-04 03:27:18]
endSignal:2
[INFO -- 2018-12-04 03:27:18]
faultModel:1
[EXCEPTION -- 2018-12-04 03:27:18]
pythonException: invalid frame
[INFO -- 2018-12-04 03:27:18]
Backtrace BEGIN:
#0  __lll_lock_wait_private () at ../nptl/sysdeps/unix/sysv/linux/x86_64/lowlevellock.S:95
#1  0x00007ffff76b1119 in _L_lock_3133 () from /lib/x86_64-linux-gnu/libpthread.so.0
#2  0x00007ffff76b0241 in start_thread (arg=0x7ffff72fc700) at pthread_create.c:298
#3  0x00007ffff73e562d in clone () at ../sysdeps/unix/sysv/linux/x86_64/clone.S:111

90	../nptl/sysdeps/unix/sysv/linux/x86_64/lowlevellock.S: No such file or directory.

Backtrace END
Fliping a bit of the value pointed by a pointer
Memory content before bitflip:0x000x000x000x00
Fault Model: Double bit-flip
base address to flip value: 0x6029c0
address max offset: 4
Memory content after  bitflip:0x000x880x000x00
frame name: nn_wrapper
symbol name: z
symbol filename: nn.c
symbol line: 64
value: 0x6029c0
value address: 0x7fffffffe408
Type: The type is a pointer.
Type sizeof: 8

[INFO -- 2018-12-04 03:27:18]
Fault Injection Successful after 0.742861032486s
[INFO -- 2018-12-04 03:27:21]
event type: exit
[INFO -- 2018-12-04 03:27:21]
exit code: 0
