[INFO -- 2018-10-12 16:32:59]
sending 5 signals using command: 'killall -2 fft_nn.out' after 22.9212256024s
[INFO -- 2018-10-12 16:33:00]
sending 5 signals using command: 'killall -2 fft_nn.out' after 24.1879193886s
[INFO -- 2018-10-12 16:33:00]
sending 5 signals using command: 'killall -2 fft_nn.out' after 24.3254626293s
[INFO -- 2018-10-12 16:33:00]
Starting GDB script
[INFO -- 2018-10-12 16:33:00]
initSignal:0.0
[INFO -- 2018-10-12 16:33:00]
endSignal:5.0
[INFO -- 2018-10-12 16:33:03]
sending 5 signals using command: 'killall -2 fft_nn.out' after 2.63327505111s
[INFO -- 2018-10-12 16:33:04]
sending 5 signals using command: 'killall -2 fft_nn.out' after 3.31454730445s
[INFO -- 2018-10-12 16:33:05]
sending 5 signals using command: 'killall -2 fft_nn.out' after 4.75982571479s
[INFO -- 2018-10-12 16:33:21]
Execution finished before waitTime
