[INFO -- 2018-10-10 01:49:11]
sending 5 signals using command: 'killall -2 fft_nn.out' after 22.8242818951s
[INFO -- 2018-10-10 01:49:11]
sending 5 signals using command: 'killall -2 fft_nn.out' after 23.1561170855s
[INFO -- 2018-10-10 01:49:13]
sending 5 signals using command: 'killall -2 fft_nn.out' after 24.6007491753s
[INFO -- 2018-10-10 01:49:13]
Starting GDB script
[INFO -- 2018-10-10 01:49:13]
initSignal:0.0
[INFO -- 2018-10-10 01:49:13]
endSignal:5.0
[INFO -- 2018-10-10 01:49:16]
sending 5 signals using command: 'killall -2 fft_nn.out' after 3.06203438239s
[INFO -- 2018-10-10 01:49:16]
sending 5 signals using command: 'killall -2 fft_nn.out' after 3.26428653414s
[INFO -- 2018-10-10 01:49:16]
sending 5 signals using command: 'killall -2 fft_nn.out' after 3.33451067996s
[INFO -- 2018-10-10 01:49:34]
Execution finished before waitTime
