[INFO -- 2018-10-10 01:47:23]
sending 5 signals using command: 'killall -2 fft_nn.out' after 23.6524429598s
[INFO -- 2018-10-10 01:47:23]
sending 5 signals using command: 'killall -2 fft_nn.out' after 23.6939588687s
[INFO -- 2018-10-10 01:47:24]
sending 5 signals using command: 'killall -2 fft_nn.out' after 24.7889864772s
[INFO -- 2018-10-10 01:47:24]
Starting GDB script
[INFO -- 2018-10-10 01:47:24]
initSignal:0.0
[INFO -- 2018-10-10 01:47:24]
endSignal:5.0
[INFO -- 2018-10-10 01:47:25]
sending 5 signals using command: 'killall -2 fft_nn.out' after 0.985137891731s
[INFO -- 2018-10-10 01:47:26]
sending 5 signals using command: 'killall -2 fft_nn.out' after 1.964440341s
[INFO -- 2018-10-10 01:47:29]
sending 5 signals using command: 'killall -2 fft_nn.out' after 4.65815810787s
[INFO -- 2018-10-10 01:47:45]
Execution finished before waitTime
