[INFO -- 2018-10-08 17:51:26]
Starting flip_value script
version: 1.1
[INFO -- 2018-10-08 17:51:26]
Initialization strings:
[INFO -- 2018-10-08 17:51:26]
(1) file /tmp/fft_nn/fft_nn.out
[INFO -- 2018-10-08 17:51:26]
(2) set args 32768 /tmp/fft_nn/output_falha.data
[INFO -- 2018-10-08 17:51:26]
initSignal:5
[INFO -- 2018-10-08 17:51:26]
endSignal:10
[INFO -- 2018-10-08 17:51:26]
faultModel:1
[INFO -- 2018-10-08 17:51:33]
Backtrace BEGIN:
#0  _IO_vfscanf_internal (s=s@entry=0x6062c0, format=<optimized out>, argptr=argptr@entry=0x7fffffffd408, errp=errp@entry=0x0) at vfscanf.c:2006
#1  0x00007ffff7032162 in __isoc99_fscanf (stream=0x6062c0, format=<optimized out>) at isoc99_fscanf.c:34
#2  0x00007ffff7bcef44 in fann_create_from_fd () from /usr/local/lib/libfann.so.2
#3  0x00007ffff7bcf608 in fann_create_from_file () from /usr/local/lib/libfann.so.2
#4  0x00000000004019b7 in radix2DitCooleyTykeyFft(int, int*, Complex*, Complex*) ()
#5  0x0000000000401631 in main ()

2001	vfscanf.c: Arquivo ou diretório não encontrado.

Backtrace END
Memory content before bitflip:0x01
Fault Model: Double bit-flip
base address to flip value: 0x7fffffffd170 
address max offset: 1
Memory content after  bitflip:0x19
frame name: _IO_vfscanf_internal
symbol name: got_digit
symbol filename: vfscanf.c
symbol line: 232
value: 25 '\031'
value address: 0x7fffffffd170 "\031\321\377\377\377\177"
Type: The type is an integer type.
Type sizeof: 1

[INFO -- 2018-10-08 17:51:33]
Fault Injection Successful after 7.050029754638672s
[INFO -- 2018-10-08 17:51:46]
event type: exit
[INFO -- 2018-10-08 17:51:46]
exit code: 0
