[INFO -- 2018-10-08 22:52:38]
sending 5 signals using command: 'killall -2 fft_nn.out' after 22.4123461935s
[INFO -- 2018-10-08 22:52:38]
sending 5 signals using command: 'killall -2 fft_nn.out' after 22.4455771023s
[INFO -- 2018-10-08 22:52:39]
sending 5 signals using command: 'killall -2 fft_nn.out' after 22.9471758649s
[INFO -- 2018-10-08 22:52:39]
Starting GDB script
[INFO -- 2018-10-08 22:52:39]
initSignal:0.0
[INFO -- 2018-10-08 22:52:39]
endSignal:5.0
[INFO -- 2018-10-08 22:52:43]
sending 5 signals using command: 'killall -2 fft_nn.out' after 4.0800846224s
[INFO -- 2018-10-08 22:52:44]
sending 5 signals using command: 'killall -2 fft_nn.out' after 4.87868033646s
[INFO -- 2018-10-08 22:52:44]
sending 5 signals using command: 'killall -2 fft_nn.out' after 4.93288262438s
[INFO -- 2018-10-08 22:53:00]
Execution finished before waitTime
