[INFO -- 2018-12-02 08:48:15]
Starting flip_value script
version: 1.1
[INFO -- 2018-12-02 08:48:15]
Initialization strings:
[INFO -- 2018-12-02 08:48:15]
(1) file /home/latansini/Desktop/CAROL-FI/etapa2/carol-fi/codes/fftfulldup/fft_nn.out
[INFO -- 2018-12-02 08:48:15]
(2) set args 32768 /home/latansini/Desktop/CAROL-FI/etapa2/carol-fi/codes/fftfulldup/output.data
[INFO -- 2018-12-02 08:48:15]
initSignal:0
[INFO -- 2018-12-02 08:48:15]
endSignal:40
[INFO -- 2018-12-02 08:48:15]
faultModel:1
[INFO -- 2018-12-02 08:48:21]
Backtrace BEGIN:
#0  __GI__IO_sputbackc (fp=fp@entry=0x618f00, c=c@entry=10) at genops.c:732
#1  0x00007ffff6faf948 in _IO_vfscanf_internal (s=s@entry=0x618f00, format=<optimized out>, argptr=argptr@entry=0x7fffffffd2a8, errp=errp@entry=0x0) at vfscanf.c:2108
#2  0x00007ffff6fb5162 in __isoc99_fscanf (stream=0x618f00, format=<optimized out>) at isoc99_fscanf.c:34
#3  0x00007ffff7bce8b3 in fann_create_from_fd () from /usr/local/lib/libfann.so.2
#4  0x00007ffff7bcf608 in fann_create_from_file () from /usr/local/lib/libfann.so.2
#5  0x0000000000401de7 in radix2DitCooleyTykeyFft(int, int*, Complex*, Complex*) ()
#6  0x0000000000401857 in main ()

727	genops.c: Arquivo ou diretório não encontrado.

Backtrace END
Fliping value of field: cnt
Memory content before bitflip:0x000x000x000x00
Fault Model: Double bit-flip
base address to flip value: 0x7ffff731b9c4 
address max offset: 4
Memory content after  bitflip:0x000x000xc00x00
frame name: __GI__IO_sputbackc
symbol name: list_all_lock
symbol filename: genops.c
symbol line: 38
value: {lock = 0, cnt = 12582912, owner = 0x0}
value address: 0x7ffff731b9c0 <list_all_lock>
Type: The type is a structure.
Type sizeof: 16
Field name: lock
Field Type: The type is an integer type.
Field Type sizeof: 4
Field name: cnt
Field Type: The type is an integer type.
Field Type sizeof: 4
Field name: owner
Field Type: The type is a pointer.
Field Type sizeof: 8

[INFO -- 2018-12-02 08:48:21]
Fault Injection Successful after 6.053210258483887s
[INFO -- 2018-12-02 08:48:54]
event type: exit
[INFO -- 2018-12-02 08:48:54]
exit code: 0
