[INFO -- 2018-12-02 17:32:44]
Starting flip_value script
version: 1.1
[INFO -- 2018-12-02 17:32:44]
Initialization strings:
[INFO -- 2018-12-02 17:32:44]
(1) file /home/latansini/Desktop/CAROL-FI/etapa2/carol-fi/codes/fftfulldup/fft_nn.out
[INFO -- 2018-12-02 17:32:44]
(2) set args 32768 /home/latansini/Desktop/CAROL-FI/etapa2/carol-fi/codes/fftfulldup/output.data
[INFO -- 2018-12-02 17:32:44]
initSignal:0
[INFO -- 2018-12-02 17:32:44]
endSignal:40
[INFO -- 2018-12-02 17:32:44]
faultModel:4
[INFO -- 2018-12-02 17:32:46]
Backtrace BEGIN:
#0  0x00007ffff6f94e63 in str_to_mpn (str=0x7fffffffceb1 "17578e-01", str@entry=0x7fffffffcea0 "8.80331814289093017578e-01", digcnt=5, digcnt@entry=21, n=n@entry=0x7fffffffcdc0, nsize=nsize@entry=0x7fffffffcd90, exponent=exponent@entry=0x7fffffffcda0, decimal_len=decimal_len@entry=1, thousands=thousands@entry=0x0, decimal=<optimized out>) at strtod_l.c:373
#1  0x00007ffff6f95c2b in __GI_____strtof_l_internal (nptr=<optimized out>, endptr=<optimized out>, group=<optimized out>, loc=<optimized out>) at strtod_l.c:1427
#2  0x00007ffff6f94d60 in __GI___strtof_internal (nptr=<optimized out>, endptr=<optimized out>, group=<optimized out>) at strtod.c:54
#3  0x00007ffff6fae948 in _IO_vfscanf_internal (s=s@entry=0x618f00, format=<optimized out>, argptr=argptr@entry=0x7fffffffd2a8, errp=errp@entry=0x0) at vfscanf.c:2365
#4  0x00007ffff6fb5162 in __isoc99_fscanf (stream=0x618f00, format=<optimized out>) at isoc99_fscanf.c:34
#5  0x00007ffff7bcf187 in fann_create_from_fd () from /usr/local/lib/libfann.so.2
#6  0x00007ffff7bcf608 in fann_create_from_file () from /usr/local/lib/libfann.so.2
#7  0x0000000000401de7 in radix2DitCooleyTykeyFft(int, int*, Complex*, Complex*) ()
#8  0x0000000000401857 in main ()

368	strtod_l.c: Arquivo ou diretório não encontrado.

Backtrace END
Fliping array at pos: 12
Memory content before bitflip:0x69
Fault Model: LSB bit-flip
base address to flip value: 0x7ffff70dfc0c  
address max offset: 1
Memory content after  bitflip:0x68
frame name: _IO_vfscanf_internal
symbol name: __PRETTY_FUNCTION__
symbol filename: vfscanf.c
symbol line: 0
value: "_IO_vfscanf_hnternal"
value address: 0x7ffff70dfc00 <__PRETTY_FUNCTION__.11925>
Type: The type is an array.
Type sizeof: 21
Field name: None
Field Type: A range type, that is, an integer type with bounds.
Field Type sizeof: 8
Field Type range: (0, 20)

[INFO -- 2018-12-02 17:32:46]
Fault Injection Successful after 2.2397634983062744s
[INFO -- 2018-12-02 17:33:23]
event type: exit
[INFO -- 2018-12-02 17:33:23]
exit code: 0
