[INFO -- 2018-10-16 23:31:09]
Starting flip_value script
version: 1.1
[INFO -- 2018-10-16 23:31:09]
Initialization strings:
[INFO -- 2018-10-16 23:31:09]
(1) file /home/latansini/Desktop/trabalhoftf/carol-fi/sample-code/inverse_nn/inversek2j_nn.out
[INFO -- 2018-10-16 23:31:09]
(2) set args /home/latansini/Desktop/trabalhoftf/carol-fi/sample-code/inverse_nn/input_250k /home/latansini/Desktop/trabalhoftf/carol-fi/sample-code/inverse_nn/output_falha.data
[INFO -- 2018-10-16 23:31:09]
initSignal:6
[INFO -- 2018-10-16 23:31:09]
endSignal:8
[INFO -- 2018-10-16 23:31:09]
faultModel:3
[INFO -- 2018-10-16 23:31:15]
Backtrace BEGIN:
#0  0x00007ffff7029a30 in _IO_vfscanf_internal (s=s@entry=0x608610, format=<optimized out>, argptr=argptr@entry=0x7fffffffd0d8, errp=errp@entry=0x0) at vfscanf.c:1781
#1  0x00007ffff7032162 in __isoc99_fscanf (stream=0x608610, format=<optimized out>) at isoc99_fscanf.c:34
#2  0x00007ffff7bcf187 in fann_create_from_fd () from /usr/local/lib/libfann.so.2
#3  0x00007ffff7bcf608 in fann_create_from_file () from /usr/local/lib/libfann.so.2
#4  0x000000000040199e in inversek2j(float, float, float*, float*) ()
#5  0x0000000000401631 in main ()

1776	vfscanf.c: Arquivo ou diretório não encontrado.

Backtrace END
Memory content before bitflip:0x00
Fault Model: Zero bit-flip
base address to flip value: 0x7fffffffce78
address max offset: 1
Memory content after  bitflip:0x00
frame name: _IO_vfscanf_internal
symbol name: use_malloc
symbol filename: vfscanf.c
symbol line: 275
value: false
value address: 0x7fffffffce78
Type: A boolean type.
Type sizeof: 1

[INFO -- 2018-10-16 23:31:15]
Fault Injection Successful after 6.943405628204346s
[INFO -- 2018-10-16 23:31:20]
event type: exit
[INFO -- 2018-10-16 23:31:20]
exit code: 0
