[INFO -- 2018-12-01 23:38:11]
Starting flip_value script
version: 1.1
[INFO -- 2018-12-01 23:38:11]
Initialization strings:
[INFO -- 2018-12-01 23:38:11]
(1) file /home/latansini/Desktop/CAROL-FI/etapa2/carol-fi/codes/fftfulldup/fft_nn.out
[INFO -- 2018-12-01 23:38:11]
(2) set args 32768 /home/latansini/Desktop/CAROL-FI/etapa2/carol-fi/codes/fftfulldup/output.data
[INFO -- 2018-12-01 23:38:11]
initSignal:0
[INFO -- 2018-12-01 23:38:11]
endSignal:40
[INFO -- 2018-12-01 23:38:11]
faultModel:0
[INFO -- 2018-12-01 23:38:11]
Backtrace BEGIN:
#0  __GI__dl_debug_state () at dl-debug.c:74
#1  0x00007ffff7dde483 in dl_main (phdr=<optimized out>, phdr@entry=0x400040, phnum=<optimized out>, phnum@entry=9, user_entry=user_entry@entry=0x7fffffffd768, auxv=<optimized out>) at rtld.c:2338
#2  0x00007ffff7df15f5 in _dl_sysdep_start (start_argptr=start_argptr@entry=0x7fffffffd850, dl_main=dl_main@entry=0x7ffff7ddc260 <dl_main>) at ../elf/dl-sysdep.c:249
#3  0x00007ffff7ddbbb8 in _dl_start_final (arg=0x7fffffffd850) at rtld.c:347
#4  _dl_start (arg=0x7fffffffd850) at rtld.c:573
#5  0x00007ffff7ddb268 in _start () from /lib64/ld-linux-x86-64.so.2
#6  0x0000000000000003 in ?? ()
#7  0x00007fffffffdbf2 in ?? ()
#8  0x00007fffffffdc3f in ?? ()
#9  0x00007fffffffdc45 in ?? ()
#10 0x0000000000000000 in ?? ()

69	dl-debug.c: Arquivo ou diretório não encontrado.

Backtrace END
Memory content before bitflip:0x01
Fault Model: Single bit-flip
base address to flip value: 0x7ffff7ffe028 
address max offset: 1
Memory content after  bitflip:0x11
frame name: _dl_start_final
symbol name: tls_init_tp_called
symbol filename: rtld.c
symbol line: 728
value: 17
value address: 0x7ffff7ffe028 <tls_init_tp_called>
Type: A boolean type.
Type sizeof: 1

[INFO -- 2018-12-01 23:38:11]
Fault Injection Successful after 0.24186944961547852s
[INFO -- 2018-12-01 23:38:50]
event type: exit
[INFO -- 2018-12-01 23:38:50]
exit code: 0
