[INFO -- 2018-10-16 11:52:36]
Starting flip_value script
version: 1.1
[INFO -- 2018-10-16 11:52:36]
Initialization strings:
[INFO -- 2018-10-16 11:52:36]
(1) file /home/latansini/Desktop/trabalhoftf/carol-fi/sample-code/inverse_nn/inversek2j_nn.out
[INFO -- 2018-10-16 11:52:36]
(2) set args /home/latansini/Desktop/trabalhoftf/carol-fi/sample-code/inverse_nn/input_250k /home/latansini/Desktop/trabalhoftf/carol-fi/sample-code/inverse_nn/output_falha.data
[INFO -- 2018-10-16 11:52:36]
initSignal:0
[INFO -- 2018-10-16 11:52:36]
endSignal:2
[INFO -- 2018-10-16 11:52:36]
faultModel:0
[INFO -- 2018-10-16 11:52:36]
Backtrace BEGIN:
#0  __GI_____strtof_l_internal (nptr=0x6085d8 "0.930067", endptr=0x7fffffffd208, group=<optimized out>, loc=<optimized out>) at strtod_l.c:842
#1  0x00007ffff7936d5e in void std::__convert_to_v<float>(char const*, float&, std::_Ios_Iostate&, __locale_struct* const&) () from /usr/lib/x86_64-linux-gnu/libstdc++.so.6
#2  0x00007ffff794a706 in std::num_get<char, std::istreambuf_iterator<char, std::char_traits<char> > >::do_get(std::istreambuf_iterator<char, std::char_traits<char> >, std::istreambuf_iterator<char, std::char_traits<char> >, std::ios_base&, std::_Ios_Iostate&, float&) const () from /usr/lib/x86_64-linux-gnu/libstdc++.so.6
#3  0x00007ffff793b0d5 in std::istream& std::istream::_M_extract<float>(float&) () from /usr/lib/x86_64-linux-gnu/libstdc++.so.6
#4  0x0000000000401470 in main ()

837	strtod_l.c: Arquivo ou diretório não encontrado.

Backtrace END
Fliping a bit of the pointer
Memory content before bitflip:0xd80x850x600x000x000x000x000x00
Fault Model: Single bit-flip
base address to flip value: 0x7fffffffd098
address max offset: 8
Memory content after  bitflip:0xd80x850x600x000x000x020x000x00
frame name: __GI_____strtof_l_internal
symbol name: startp
symbol filename: strtod_l.c
symbol line: 504
value: 0x6085d8 "0.930067"
value address: 0x7fffffffd098
Type: The type is a pointer.
Type sizeof: 8

[INFO -- 2018-10-16 11:52:36]
Fault Injection Successful after 0.21445107460021973s
[INFO -- 2018-10-16 11:52:46]
event type: exit
[INFO -- 2018-10-16 11:52:46]
exit code: 0
