[INFO -- 2018-12-09 14:48:59]
Starting flip_value script
version: 1.1
[INFO -- 2018-12-09 14:48:59]
Initialization strings:
[INFO -- 2018-12-09 14:48:59]
(1) file /home/melkor/ETAPA2/dup_nn/nn-knl-files/nn
[INFO -- 2018-12-09 14:48:59]
(2) set args /home/melkor/ETAPA2/dup_nn/nn-knl-files/filelist 20 5 5 /home/melkor/ETAPA2/dup_nn/nn-knl-files/out20_5_5
[INFO -- 2018-12-09 14:48:59]
initSignal:0
[INFO -- 2018-12-09 14:48:59]
endSignal:1
[INFO -- 2018-12-09 14:48:59]
faultModel:4
[INFO -- 2018-12-09 14:49:00]
Backtrace BEGIN:
#0  0x00007ffff781f17e in ?? () from /usr/lib/x86_64-linux-gnu/libgomp.so.1
#1  0x00007ffff7815eca in GOMP_parallel () from /usr/lib/x86_64-linux-gnu/libgomp.so.1
#2  0x00005555555555ed in main (argc=6, argv=0x7fffffffdf08) at nn.c:196

68	      fclose(logfile);
69	    }
70		
71		
72		if(file != NULL){	// isso aqui tava dando segfault
73			fclose(file);
74		}
75		
76	}
77	

Backtrace END
Memory content before bitflip:0x000x000x000x00
Fault Model: LSB bit-flip
base address to flip value: 0x7fffffffdb3c
address max offset: 4
Memory content after  bitflip:0x000x000x000x01
frame name: main
symbol name: done
symbol filename: nn.c
symbol line: 84
value: 16777216
value address: 0x7fffffffdb3c
Type: The type is an integer type.
Type sizeof: 4

[INFO -- 2018-12-09 14:49:00]
Fault Injection Successful after 1.2602729797363281s
[INFO -- 2018-12-09 14:49:00]
event type: exit
[INFO -- 2018-12-09 14:49:00]
exit code: 0
