[INFO -- 2018-10-10 23:34:26]
sending 5 signals using command: 'killall -2 fft_nn.out' after 21.598248814s
[INFO -- 2018-10-10 23:34:27]
sending 5 signals using command: 'killall -2 fft_nn.out' after 22.6930764079s
[INFO -- 2018-10-10 23:34:28]
sending 5 signals using command: 'killall -2 fft_nn.out' after 23.5603351577s
[INFO -- 2018-10-10 23:34:28]
Starting GDB script
[INFO -- 2018-10-10 23:34:28]
initSignal:0.0
[INFO -- 2018-10-10 23:34:28]
endSignal:5.0
[INFO -- 2018-10-10 23:34:28]
sending 5 signals using command: 'killall -2 fft_nn.out' after 0.235455442191s
[INFO -- 2018-10-10 23:34:29]
sending 5 signals using command: 'killall -2 fft_nn.out' after 1.4325069088s
[INFO -- 2018-10-10 23:34:33]
sending 5 signals using command: 'killall -2 fft_nn.out' after 4.50310252851s
[INFO -- 2018-10-10 23:34:49]
Execution finished before waitTime
