[INFO -- 2018-12-09 14:57:24]
Starting flip_value script
version: 1.1
[INFO -- 2018-12-09 14:57:24]
Initialization strings:
[INFO -- 2018-12-09 14:57:24]
(1) file /home/melkor/ETAPA2/dup_nn/nn-knl-files/nn
[INFO -- 2018-12-09 14:57:24]
(2) set args /home/melkor/ETAPA2/dup_nn/nn-knl-files/filelist 20 5 5 /home/melkor/ETAPA2/dup_nn/nn-knl-files/out20_5_5
[INFO -- 2018-12-09 14:57:24]
initSignal:0
[INFO -- 2018-12-09 14:57:24]
endSignal:1
[INFO -- 2018-12-09 14:57:24]
faultModel:2
[INFO -- 2018-12-09 14:57:24]
Backtrace BEGIN:
#0  0x00007ffff78210d3 in ?? () from /usr/lib/x86_64-linux-gnu/libgomp.so.1
#1  0x00007ffff781fda9 in ?? () from /usr/lib/x86_64-linux-gnu/libgomp.so.1
#2  0x00005555555555ed in main (argc=6, argv=0x7fffffffdf08) at nn.c:196

68	      fclose(logfile);
69	    }
70		
71		
72		if(file != NULL){	// isso aqui tava dando segfault
73			fclose(file);
74		}
75		
76	}
77	

Backtrace END
Memory content before bitflip:0x000x000xa00x40
Fault Model: Random bit-flip
base address to flip value: 0x7fffffffdb60
address max offset: 4
Memory content after  bitflip:0x150x670x830x35
frame name: main
symbol name: target_lat
symbol filename: nn.c
symbol line: 87
value: 9.7902614e-07
value address: 0x7fffffffdb60
Type: A floating point type.
Type sizeof: 4

[INFO -- 2018-12-09 14:57:24]
Fault Injection Successful after 0.7110679149627686s
[INFO -- 2018-12-09 14:57:24]
event type: exit
[INFO -- 2018-12-09 14:57:24]
exit code: 0
