[INFO -- 2018-10-11 05:37:01]
sending 5 signals using command: 'killall -2 fft_nn.out' after 21.8218683469s
[INFO -- 2018-10-11 05:37:01]
sending 5 signals using command: 'killall -2 fft_nn.out' after 22.6211641381s
[INFO -- 2018-10-11 05:37:02]
sending 5 signals using command: 'killall -2 fft_nn.out' after 22.7667502321s
[INFO -- 2018-10-11 05:37:02]
Starting GDB script
[INFO -- 2018-10-11 05:37:02]
initSignal:0.0
[INFO -- 2018-10-11 05:37:02]
endSignal:5.0
[INFO -- 2018-10-11 05:37:02]
sending 5 signals using command: 'killall -2 fft_nn.out' after 0.0585877767253s
[INFO -- 2018-10-11 05:37:04]
sending 5 signals using command: 'killall -2 fft_nn.out' after 2.53316136269s
[INFO -- 2018-10-11 05:37:04]
sending 5 signals using command: 'killall -2 fft_nn.out' after 2.68512227924s
[INFO -- 2018-10-11 05:37:23]
Execution finished before waitTime
