[INFO -- 2018-12-03 23:01:23]
Starting flip_value script
version: 1.1
[INFO -- 2018-12-03 23:01:23]
Initialization strings:
[INFO -- 2018-12-03 23:01:24]
(1) file /home/latansini/carol-fi/carol-fi/codes/nnfulldup/nn-knl-files/nn
[INFO -- 2018-12-03 23:01:24]
(2) set args /home/latansini/carol-fi/carol-fi/codes/nnfulldup/nn-knl-files/filelist 20 5 5 /home/latansini/carol-fi/carol-fi/codes/nnfulldup/nn-knl-files/out20_5_5
[INFO -- 2018-12-03 23:01:24]
initSignal:0
[INFO -- 2018-12-03 23:01:24]
endSignal:2
[INFO -- 2018-12-03 23:01:24]
faultModel:1
[EXCEPTION -- 2018-12-03 23:01:24]
pythonException: invalid frame
[EXCEPTION -- 2018-12-03 23:01:24]
pythonException: invalid frame
[EXCEPTION -- 2018-12-03 23:01:24]
pythonException: invalid frame
[EXCEPTION -- 2018-12-03 23:01:24]
pythonException: invalid frame
[INFO -- 2018-12-03 23:01:24]
Backtrace BEGIN:
#0  0x00007ffff78d4c79 in ?? () from /usr/lib/x86_64-linux-gnu/libgomp.so.1
#1  0x00007ffff78d2d39 in ?? () from /usr/lib/x86_64-linux-gnu/libgomp.so.1
#2  0x00007ffff78ce7da in GOMP_parallel () from /usr/lib/x86_64-linux-gnu/libgomp.so.1
#3  0x0000000000400f98 in nn_wrapper (filename=0x7fffffffe7d7 "/home/latansini/carol-fi/carol-fi/codes/nnfulldup/nn-knl-files/filelist", k=20, target_lat=5, target_long=5) at nn.c:97
#4  0x000000000040148d in main (argc=6, argv=0x7fffffffe568) at nn.c:195

168			fclose(logfile);
169		}
170	
171		if(file!= NULL){
172	    		fclose(file);
173		}
174	}
175	
176	int main(int argc, char* argv[]) {
177	    int    k=0;

Backtrace END
Fliping array at pos: 482
Memory content before bitflip:0x34
Fault Model: Double bit-flip
base address to flip value: 0x7fffffffe3b2 
address max offset: 1
Memory content after  bitflip:0x04
frame name: nn_wrapper
symbol name: sandbox
symbol filename: nn.c
symbol line: 30
value: "1987  6  2  0 14 ISAAC      68.5  98.4  114  159\n1998  2 24 18 16 RAFAEL     47.5 186.3  136  843\n1953 12  8  0  5 GORDON     28.5  65.1  113  264\n1966  6 11 18 17 JOYCE      31.4 113.4   99  496\n1979"...
value address: 0x7fffffffe1d0
Type: The type is an array.
Type sizeof: 490
Field name: None
Field Type: A range type, that is, an integer type with bounds.
Field Type sizeof: 8
Field Type range: (0L, 489L)

[INFO -- 2018-12-03 23:01:24]
Fault Injection Successful after 0.788414955139s
[INFO -- 2018-12-03 23:01:26]
event type: exit
[INFO -- 2018-12-03 23:01:26]
exit code: 0
