[INFO -- 2018-10-06 13:03:47]
Starting flip_value script
version: 1.1
[INFO -- 2018-10-06 13:03:47]
Initialization strings:
[INFO -- 2018-10-06 13:03:47]
(1) file /tmp/fft_nn/fft_nn.out
[INFO -- 2018-10-06 13:03:47]
(2) set args 32768 /tmp/fft_nn/output_falha.data
[INFO -- 2018-10-06 13:03:47]
initSignal:0
[INFO -- 2018-10-06 13:03:47]
endSignal:5
[INFO -- 2018-10-06 13:03:47]
faultModel:0
[INFO -- 2018-10-06 13:03:49]
Backtrace BEGIN:
#0  _IO_vfscanf_internal (s=s@entry=0x6062c0, format=0x7ffff7bd3d97 "(%u, %u, %f) ", argptr=argptr@entry=0x7fffffffd8c8, errp=errp@entry=0x0) at vfscanf.c:273
#1  0x00007ffff7032162 in __isoc99_fscanf (stream=0x6062c0, format=<optimized out>) at isoc99_fscanf.c:34
#2  0x00007ffff7bcf0eb in fann_create_from_fd () from /usr/local/lib/libfann.so.2
#3  0x00007ffff7bcf608 in fann_create_from_file () from /usr/local/lib/libfann.so.2
#4  0x00000000004019b7 in radix2DitCooleyTykeyFft(int, int*, Complex*, Complex*) ()
#5  0x0000000000401631 in main ()

268	vfscanf.c: Arquivo ou diretório não encontrado.

Backtrace END
Fliping a bit of the pointer
Memory content before bitflip:0x600x700x390xf70xff0x7f0x000x00
Fault Model: Single bit-flip
base address to flip value: 0x7fffffffd698
address max offset: 8
Memory content after  bitflip:0xe00x700x390xf70xff0x7f0x000x00
frame name: _IO_vfscanf_internal
symbol name: loc
symbol filename: vfscanf.c
symbol line: 225
value: 0x7ffff7397060 <_nl_global_locale>
value address: 0x7fffffffd698
Type: The type is a pointer.
Type sizeof: 8

[INFO -- 2018-10-06 13:03:49]
Fault Injection Successful after 2.487940549850464s
[INFO -- 2018-10-06 13:04:07]
event type: exit
[INFO -- 2018-10-06 13:04:07]
exit code: 0
