[INFO -- 2018-10-15 21:00:07]
Starting flip_value script
version: 1.1
[INFO -- 2018-10-15 21:00:07]
Initialization strings:
[INFO -- 2018-10-15 21:00:07]
(1) file /home/latansini/Desktop/trabalhoftf/carol-fi/sample-code/inverse_nn/inversek2j_nn.out
[INFO -- 2018-10-15 21:00:07]
(2) set args /home/latansini/Desktop/trabalhoftf/carol-fi/sample-code/inverse_nn/input_250k /home/latansini/Desktop/trabalhoftf/carol-fi/sample-code/inverse_nn/output_falha.data
[INFO -- 2018-10-15 21:00:07]
initSignal:0
[INFO -- 2018-10-15 21:00:07]
endSignal:2
[INFO -- 2018-10-15 21:00:07]
faultModel:0
[INFO -- 2018-10-15 21:00:07]
Backtrace BEGIN:
#0  do_lookup_x (new_hash=new_hash@entry=2493285067, old_hash=old_hash@entry=0x7fffffffd450, result=result@entry=0x7fffffffd460, scope=<optimized out>, i=3, i@entry=0, flags=flags@entry=1, skip=skip@entry=0x0, undef_map=undef_map@entry=0x7ffff7fd69e0) at dl-lookup.c:105
#1  0x00007ffff7de4a31 in _dl_lookup_symbol_x (undef_name=0x7ffff75b8fb6 "signgam", undef_map=undef_map@entry=0x7ffff7fd69e0, ref=0x7fffffffd5b0, symbol_scope=0x7ffff7fd6d38, version=0x7ffff7fd3450, type_class=0, flags=flags@entry=1, skip_map=skip_map@entry=0x0) at dl-lookup.c:737
#2  0x00007ffff7de665d in elf_machine_rela (reloc=0x7ffff75ba0a0, reloc=0x7ffff75ba0a0, skip_ifunc=<optimized out>, reloc_addr_arg=0x7ffff78b9fd0, version=<optimized out>, sym=0x7ffff75b8070, map=0x7ffff7fd69e0) at ../sysdeps/x86_64/dl-machine.h:276
#3  elf_dynamic_do_Rela (skip_ifunc=<optimized out>, lazy=<optimized out>, nrelative=<optimized out>, relsize=<optimized out>, reladdr=<optimized out>, map=0x7ffff7fd69e0) at do-rel.h:137
#4  _dl_relocate_object (scope=<optimized out>, reloc_mode=<optimized out>, consider_profiling=<optimized out>, consider_profiling@entry=0) at dl-reloc.c:264
#5  0x00007ffff7dde3a2 in dl_main (phdr=<optimized out>, phdr@entry=0x400040, phnum=<optimized out>, phnum@entry=9, user_entry=user_entry@entry=0x7fffffffd768, auxv=<optimized out>) at rtld.c:2237
#6  0x00007ffff7df15f5 in _dl_sysdep_start (start_argptr=start_argptr@entry=0x7fffffffd850, dl_main=dl_main@entry=0x7ffff7ddc260 <dl_main>) at ../elf/dl-sysdep.c:249
#7  0x00007ffff7ddbbb8 in _dl_start_final (arg=0x7fffffffd850) at rtld.c:347
#8  _dl_start (arg=0x7fffffffd850) at rtld.c:573
#9  0x00007ffff7ddb268 in _start () from /lib64/ld-linux-x86-64.so.2
#10 0x0000000000000003 in ?? ()
#11 0x00007fffffffdbe5 in ?? ()
#12 0x00007fffffffdc3b in ?? ()
#13 0x00007fffffffdc8a in ?? ()
#14 0x0000000000000000 in ?? ()

100	dl-lookup.c: Arquivo ou diretório não encontrado.

Backtrace END
Fliping value of field: name
Fliping a bit of the pointer
Memory content before bitflip:0x000x000x000x000x000x000x000x00
Fault Model: Single bit-flip
base address to flip value: 0x7ffff7ffe040 
address max offset: 8
Memory content after  bitflip:0x000x000x000x000x000x000x100x00
frame name: _dl_start_final
symbol name: _dl_rtld_libname2
symbol filename: rtld.c
symbol line: 212
value: {name = 0x10000000000000 <error: Não é possível acessar a memória no endereço 0x10000000000000>, next = 0x0, dont_free = 0}
value address: 0x7ffff7ffe040 <_dl_rtld_libname2>
Type: The type is a structure.
Type sizeof: 24
Field name: name
Field Type: The type is a pointer.
Field Type sizeof: 8
Field name: next
Field Type: The type is a pointer.
Field Type sizeof: 8
Field name: dont_free
Field Type: The type is an integer type.
Field Type sizeof: 4

[INFO -- 2018-10-15 21:00:07]
Fault Injection Successful after 0.6207551956176758s
[INFO -- 2018-10-15 21:00:17]
event type: exit
[INFO -- 2018-10-15 21:00:17]
exit code: 0
