[INFO -- 2018-10-08 01:55:35]
Starting flip_value script
version: 1.1
[INFO -- 2018-10-08 01:55:35]
Initialization strings:
[INFO -- 2018-10-08 01:55:35]
(1) file /tmp/fft_nn/fft_nn.out
[INFO -- 2018-10-08 01:55:35]
(2) set args 32768 /tmp/fft_nn/output_falha.data
[INFO -- 2018-10-08 01:55:35]
initSignal:5
[INFO -- 2018-10-08 01:55:35]
endSignal:10
[INFO -- 2018-10-08 01:55:35]
faultModel:1
[EXCEPTION -- 2018-10-08 01:55:40]
gdbException: Tentativo de desreferenciar um ponteiro genérico.
[EXCEPTION -- 2018-10-08 01:55:40]
gdbException: Tentativo de desreferenciar um ponteiro genérico.
[INFO -- 2018-10-08 01:55:40]
Backtrace BEGIN:
#0  0x00007ffff7013959 in __GI_____strtof_l_internal (nptr=<optimized out>, endptr=<optimized out>, group=<optimized out>, loc=<optimized out>) at strtod_l.c:1610
#1  0x00007ffff7011d60 in __GI___strtof_internal (nptr=<optimized out>, endptr=<optimized out>, group=<optimized out>) at strtod.c:54
#2  0x00007ffff702b948 in _IO_vfscanf_internal (s=s@entry=0x6062c0, format=<optimized out>, argptr=argptr@entry=0x7fffffffd8c8, errp=errp@entry=0x0) at vfscanf.c:2365
#3  0x00007ffff7032162 in __isoc99_fscanf (stream=0x6062c0, format=<optimized out>) at isoc99_fscanf.c:34
#4  0x00007ffff7bcf187 in fann_create_from_fd () from /usr/local/lib/libfann.so.2
#5  0x00007ffff7bcf608 in fann_create_from_file () from /usr/local/lib/libfann.so.2
#6  0x00000000004019b7 in radix2DitCooleyTykeyFft(int, int*, Complex*, Complex*) ()
#7  0x0000000000401631 in main ()

1605	strtod_l.c: Arquivo ou diretório não encontrado.

Backtrace END
Fliping value of field: __value
Fliping value of field name: __wchb
Fliping array at pos: 2
Memory content before bitflip:0x00
Fault Model: Double bit-flip
base address to flip value: 0x7fffffffd6e6 
address max offset: 1
Memory content after  bitflip:0x82
frame name: _IO_vfscanf_internal
symbol name: state
symbol filename: vfscanf.c
symbol line: 252
value: {__count = 0, __value = {__wch = 8519680, __wchb = "\000\000\202"}}
value address: 0x7fffffffd6e0
Type: The type is a structure.
Type sizeof: 8
Field name: __count
Field Type: The type is an integer type.
Field Type sizeof: 4
Field name: __value
Field Type: The type is a union.
Field Type sizeof: 4

[INFO -- 2018-10-08 01:55:40]
Fault Injection Successful after 5.841496467590332s
[INFO -- 2018-10-08 01:55:55]
event type: exit
[INFO -- 2018-10-08 01:55:55]
exit code: 0
