[INFO -- 2018-10-09 15:16:31]
sending 5 signals using command: 'killall -2 fft_nn.out' after 22.7027232328s
[INFO -- 2018-10-09 15:16:33]
sending 5 signals using command: 'killall -2 fft_nn.out' after 24.3760088556s
[INFO -- 2018-10-09 15:16:33]
sending 5 signals using command: 'killall -2 fft_nn.out' after 24.4691631013s
[INFO -- 2018-10-09 15:16:33]
Starting GDB script
[INFO -- 2018-10-09 15:16:33]
initSignal:0.0
[INFO -- 2018-10-09 15:16:33]
endSignal:5.0
[INFO -- 2018-10-09 15:16:36]
sending 5 signals using command: 'killall -2 fft_nn.out' after 2.38647805979s
[INFO -- 2018-10-09 15:16:36]
sending 5 signals using command: 'killall -2 fft_nn.out' after 3.16209923069s
[INFO -- 2018-10-09 15:16:37]
sending 5 signals using command: 'killall -2 fft_nn.out' after 3.58007287412s
[INFO -- 2018-10-09 15:16:54]
Execution finished before waitTime
