[INFO -- 2018-10-17 11:13:35]
Starting flip_value script
version: 1.1
[INFO -- 2018-10-17 11:13:35]
Initialization strings:
[INFO -- 2018-10-17 11:13:35]
(1) file /home/latansini/Desktop/trabalhoftf/carol-fi/sample-code/inverse_nn/inversek2j_nn.out
[INFO -- 2018-10-17 11:13:35]
(2) set args /home/latansini/Desktop/trabalhoftf/carol-fi/sample-code/inverse_nn/input_250k /home/latansini/Desktop/trabalhoftf/carol-fi/sample-code/inverse_nn/output_falha.data
[INFO -- 2018-10-17 11:13:35]
initSignal:4
[INFO -- 2018-10-17 11:13:35]
endSignal:6
[INFO -- 2018-10-17 11:13:35]
faultModel:2
[EXCEPTION -- 2018-10-17 11:13:39]
gdbException: Tentativo de desreferenciar um ponteiro genérico.
[INFO -- 2018-10-17 11:13:39]
Backtrace BEGIN:
#0  __mpn_mul (prodp=prodp@entry=0x7fffffffcc40, up=0x7ffff714b068 <__tens+40>, usize=1, vp=vp@entry=0x7fffffffcbf0, vsize=vsize@entry=1) at mul.c:63
#1  0x00007ffff7012bb9 in __GI_____strtof_l_internal (nptr=<optimized out>, endptr=<optimized out>, group=<optimized out>, loc=<optimized out>) at strtod_l.c:1408
#2  0x00007ffff7011d60 in __GI___strtof_internal (nptr=<optimized out>, endptr=<optimized out>, group=<optimized out>) at strtod.c:54
#3  0x00007ffff702b948 in _IO_vfscanf_internal (s=s@entry=0x608610, format=<optimized out>, argptr=argptr@entry=0x7fffffffd0d8, errp=errp@entry=0x0) at vfscanf.c:2365
#4  0x00007ffff7032162 in __isoc99_fscanf (stream=0x608610, format=<optimized out>) at isoc99_fscanf.c:34
#5  0x00007ffff7bcf187 in fann_create_from_fd () from /usr/local/lib/libfann.so.2
#6  0x00007ffff7bcf608 in fann_create_from_file () from /usr/local/lib/libfann.so.2
#7  0x000000000040199e in inversek2j(float, float, float*, float*) ()
#8  0x0000000000401631 in main ()

58	in mul.c

Backtrace END
Fliping array at pos: 0
Memory content before bitflip:0xe80x030x000x000x000x000x000x00
Fault Model: Random bit-flip
base address to flip value: 0x7fffffffcbf0
address max offset: 8
Memory content after  bitflip:0xf30x9f0xdf0x210x290x360x330xd1
frame name: __GI_____strtof_l_internal
symbol name: num
symbol filename: strtod_l.c
symbol line: 485
value: {15074451928029044723, 0, 0, 1, 11, 140737488342017, 140737354076069, 140733193388032, 33, 4}
value address: 0x7fffffffcbf0
Type: The type is an array.
Type sizeof: 80
Field name: None
Field Type: A range type, that is, an integer type with bounds.
Field Type sizeof: 8
Field Type range: (0, 9)

[INFO -- 2018-10-17 11:13:39]
Fault Injection Successful after 4.1485700607299805s
[INFO -- 2018-10-17 11:13:45]
event type: exit
[INFO -- 2018-10-17 11:13:45]
exit code: 0
