[INFO -- 2018-10-08 12:42:40]
sending 5 signals using command: 'killall -2 fft_nn.out' after 21.196901655s
[INFO -- 2018-10-08 12:42:40]
sending 5 signals using command: 'killall -2 fft_nn.out' after 21.8355516768s
[INFO -- 2018-10-08 12:42:43]
sending 5 signals using command: 'killall -2 fft_nn.out' after 24.7653080282s
[INFO -- 2018-10-08 12:42:43]
Starting GDB script
[INFO -- 2018-10-08 12:42:43]
initSignal:0.0
[INFO -- 2018-10-08 12:42:43]
endSignal:5.0
[INFO -- 2018-10-08 12:42:44]
sending 5 signals using command: 'killall -2 fft_nn.out' after 0.524743265851s
[INFO -- 2018-10-08 12:42:45]
sending 5 signals using command: 'killall -2 fft_nn.out' after 1.20613333823s
[INFO -- 2018-10-08 12:42:46]
sending 5 signals using command: 'killall -2 fft_nn.out' after 2.71732098141s
[INFO -- 2018-10-08 12:43:04]
Execution finished before waitTime
