[INFO -- 2018-12-09 17:40:22]
Starting flip_value script
version: 1.1
[INFO -- 2018-12-09 17:40:22]
Initialization strings:
[INFO -- 2018-12-09 17:40:22]
(1) file /home/melkor/ETAPA2/dup_nn/nn-knl-files/nn
[INFO -- 2018-12-09 17:40:22]
(2) set args /home/melkor/ETAPA2/dup_nn/nn-knl-files/filelist 20 5 5 /home/melkor/ETAPA2/dup_nn/nn-knl-files/out20_5_5
[INFO -- 2018-12-09 17:40:22]
initSignal:0
[INFO -- 2018-12-09 17:40:22]
endSignal:1
[INFO -- 2018-12-09 17:40:22]
faultModel:1
[INFO -- 2018-12-09 17:40:22]
Backtrace BEGIN:
#0  0x00007ffff7820ee6 in ?? () from /usr/lib/x86_64-linux-gnu/libgomp.so.1
#1  0x00007ffff781f392 in ?? () from /usr/lib/x86_64-linux-gnu/libgomp.so.1
#2  0x00007ffff7815eca in GOMP_parallel () from /usr/lib/x86_64-linux-gnu/libgomp.so.1
#3  0x00005555555555ed in main (argc=6, argv=0x7fffffffded8) at nn.c:196

68	      fclose(logfile);
69	    }
70		
71		
72		if(file != NULL){	// isso aqui tava dando segfault
73			fclose(file);
74		}
75		
76	}
77	

Backtrace END
Fliping array at pos: 488
Memory content before bitflip:0x31
Fault Model: Double bit-flip
base address to flip value: 0x7fffffffddd8 
address max offset: 1
Memory content after  bitflip:0x37
frame name: main
symbol name: sandbox
symbol filename: nn.c
symbol line: 85
value: "1972 11 20 12  8 ISAAC      22.4  54.1  139   39\n2003  3  3  0 28 CHRIS      44.2 103.1   24  365\n1968 12 20 18 19 KIRK       25.2 107.1   66  367\n1970  5 19  0 16 NADINE     20.9 100.6  115  743\n1963"...
value address: 0x7fffffffdbf0
Type: The type is an array.
Type sizeof: 490
Field name: None
Field Type: A range type, that is, an integer type with bounds.
Field Type sizeof: 8
Field Type range: (0, 489)

[INFO -- 2018-12-09 17:40:22]
Fault Injection Successful after 0.7993569374084473s
[INFO -- 2018-12-09 17:40:24]
event type: exit
[INFO -- 2018-12-09 17:40:24]
exit code: 0
