[INFO -- 2018-10-19 05:53:03]
Starting flip_value script
version: 1.1
[INFO -- 2018-10-19 05:53:03]
Initialization strings:
[INFO -- 2018-10-19 05:53:03]
(1) file /home/latansini/Desktop/trabalhoftf/carol-fi/sample-code/knn/nn-knl-files/nn
[INFO -- 2018-10-19 05:53:03]
(2) set args /home/latansini/Desktop/trabalhoftf/carol-fi/sample-code/knn/nn-knl-files/filelist 15 25 25 /home/latansini/Desktop/trabalhoftf/carol-fi/sample-code/knn/nn-knl-files/out15_25_25
[INFO -- 2018-10-19 05:53:03]
initSignal:3
[INFO -- 2018-10-19 05:53:03]
endSignal:4
[INFO -- 2018-10-19 05:53:03]
faultModel:3
[EXCEPTION -- 2018-10-19 05:53:06]
pythonException: invalid frame
[EXCEPTION -- 2018-10-19 05:53:06]
gdbException: A syntax error in expression, near `...'.
[EXCEPTION -- 2018-10-19 05:53:06]
pythonException: invalid frame
[EXCEPTION -- 2018-10-19 05:53:06]
pythonException: invalid frame
[EXCEPTION -- 2018-10-19 05:53:06]
pythonException: invalid frame
[EXCEPTION -- 2018-10-19 05:53:06]
pythonException: invalid frame
[EXCEPTION -- 2018-10-19 05:53:06]
pythonException: invalid frame
[INFO -- 2018-10-19 05:53:06]
Backtrace BEGIN:
#0  0x00007ffff78bddaa in ?? () from /usr/lib/x86_64-linux-gnu/libgomp.so.1
#1  0x00007ffff78bcaf9 in ?? () from /usr/lib/x86_64-linux-gnu/libgomp.so.1
#2  0x0000000000401198 in main (argc=6, argv=0x7fffffffd8b8) at nn.c:115

40	        fprintf(stderr, "%s <filelist> <num neighbors to find> <target latitude> <target longitude> <out filename>\n",argv[0]);
41	        exit(-1);
42	    }
43	
44	    flist = fopen(argv[1], "r");
45	    if(!flist) {
46	        printf("error opening flist\n");
47	        exit(1);
48	    }
49	

Backtrace END
Memory content before bitflip:0x0a0x000x000x00
Fault Model: Zero bit-flip
base address to flip value: 0x7fffffffd51c
address max offset: 4
Memory content after  bitflip:0x000x000x000x00
frame name: main
symbol name: rec_count
symbol filename: nn.c
symbol line: 31
value: 0
value address: 0x7fffffffd51c
Type: The type is an integer type.
Type sizeof: 4

[INFO -- 2018-10-19 05:53:06]
Fault Injection Successful after 3.5806002616882324s
[EXCEPTION -- 2018-10-19 05:53:06]
pythonException: invalid frame
[EXCEPTION -- 2018-10-19 05:53:06]
pythonException: invalid frame
[INFO -- 2018-10-19 05:53:06]
Backtrace BEGIN:
#0  0x00007ffff78bddaa in ?? () from /usr/lib/x86_64-linux-gnu/libgomp.so.1
#1  0x00007ffff78bcaf9 in ?? () from /usr/lib/x86_64-linux-gnu/libgomp.so.1
#2  0x0000000000401198 in main (argc=6, argv=0x7fffffffd8b8) at nn.c:115

30	    FILE   *flist,*fp;
31	    int    i=0,j=0, k=0, rec_count=0, done=0;
32	    char   sandbox[REC_LENGTH * REC_WINDOW], *rec_iter,*rec_iter2, dbname[64];
33	    struct neighbor *neighbors = NULL;
34	    float target_lat, target_long, tmp_lat=0, tmp_long=0;
35	    char * gold_filename;
36	    long rec_sum = 0;
37	
38	    if(argc < 6) {
39	        fprintf(stderr, "Invalid set of arguments:\n");

Backtrace END
Memory content before bitflip:0x000x000xc80x41
Fault Model: Zero bit-flip
base address to flip value: 0x7fffffffd508
address max offset: 4
Memory content after  bitflip:0x000x000x000x00
frame name: main
symbol name: target_lat
symbol filename: nn.c
symbol line: 34
value: 0
value address: 0x7fffffffd508
Type: A floating point type.
Type sizeof: 4

[INFO -- 2018-10-19 05:53:06]
Fault Injection Successful after 3.6011288166046143s
[INFO -- 2018-10-19 05:53:08]
event type: exit
[INFO -- 2018-10-19 05:53:08]
exit code: 0
