[INFO -- 2018-10-12 14:35:37]
Starting flip_value script
version: 1.1
[INFO -- 2018-10-12 14:35:37]
Initialization strings:
[INFO -- 2018-10-12 14:35:37]
(1) file /tmp/fft_nn/fft_nn.out
[INFO -- 2018-10-12 14:35:37]
(2) set args 32768 /tmp/fft_nn/output_falha.data
[INFO -- 2018-10-12 14:35:37]
initSignal:15
[INFO -- 2018-10-12 14:35:37]
endSignal:20
[INFO -- 2018-10-12 14:35:37]
faultModel:3
[EXCEPTION -- 2018-10-12 14:35:53]
gdbException: Tentativo de desreferenciar um ponteiro genérico.
[INFO -- 2018-10-12 14:35:53]
Backtrace BEGIN:
#0  0x00007ffff7011e63 in str_to_mpn (str=0x7fffffffd00d "385986328e-02", str@entry=0x7fffffffd000 "2.98021137714385986328e-02", digcnt=9, digcnt@entry=21, n=n@entry=0x7fffffffcf20, nsize=nsize@entry=0x7fffffffcef0, exponent=exponent@entry=0x7fffffffcf00, decimal_len=decimal_len@entry=1, thousands=thousands@entry=0x0, decimal=<optimized out>) at strtod_l.c:373
#1  0x00007ffff7012c2b in __GI_____strtof_l_internal (nptr=<optimized out>, endptr=<optimized out>, group=<optimized out>, loc=<optimized out>) at strtod_l.c:1427
#2  0x00007ffff7011d60 in __GI___strtof_internal (nptr=<optimized out>, endptr=<optimized out>, group=<optimized out>) at strtod.c:54
#3  0x00007ffff702b948 in _IO_vfscanf_internal (s=s@entry=0x6062c0, format=<optimized out>, argptr=argptr@entry=0x7fffffffd408, errp=errp@entry=0x0) at vfscanf.c:2365
#4  0x00007ffff7032162 in __isoc99_fscanf (stream=0x6062c0, format=<optimized out>) at isoc99_fscanf.c:34
#5  0x00007ffff7bcf187 in fann_create_from_fd () from /usr/local/lib/libfann.so.2
#6  0x00007ffff7bcf608 in fann_create_from_file () from /usr/local/lib/libfann.so.2
#7  0x00000000004019b7 in radix2DitCooleyTykeyFft(int, int*, Complex*, Complex*) ()
#8  0x0000000000401631 in main ()

368	strtod_l.c: Arquivo ou diretório não encontrado.

Backtrace END
Fliping a bit of the value pointed by a pointer
Memory content before bitflip:0x32
Fault Model: Zero bit-flip
base address to flip value: 0x7fffffffd000 
address max offset: 1
Memory content after  bitflip:0x00
frame name: __GI_____strtof_l_internal
symbol name: startp
symbol filename: strtod_l.c
symbol line: 504
value: 0x7fffffffd000 ""
value address: 0x7fffffffcea8
Type: The type is a pointer.
Type sizeof: 8

[INFO -- 2018-10-12 14:35:53]
Fault Injection Successful after 16.20879864692688s
[INFO -- 2018-10-12 14:35:57]
event type: exit
[INFO -- 2018-10-12 14:35:57]
exit code: 0
