[INFO -- 2018-10-12 18:02:19]
sending 5 signals using command: 'killall -2 fft_nn.out' after 21.2496204944s
[INFO -- 2018-10-12 18:02:21]
sending 5 signals using command: 'killall -2 fft_nn.out' after 23.1445243368s
[INFO -- 2018-10-12 18:02:21]
sending 5 signals using command: 'killall -2 fft_nn.out' after 23.5761877498s
[INFO -- 2018-10-12 18:02:21]
Starting GDB script
[INFO -- 2018-10-12 18:02:21]
initSignal:0.0
[INFO -- 2018-10-12 18:02:21]
endSignal:5.0
[INFO -- 2018-10-12 18:02:23]
sending 5 signals using command: 'killall -2 fft_nn.out' after 1.90929935821s
[INFO -- 2018-10-12 18:02:24]
sending 5 signals using command: 'killall -2 fft_nn.out' after 2.40877103757s
[INFO -- 2018-10-12 18:02:25]
sending 5 signals using command: 'killall -2 fft_nn.out' after 4.1970567682s
[INFO -- 2018-10-12 18:02:42]
Execution finished before waitTime
