[INFO -- 2018-10-11 17:01:47]
sending 5 signals using command: 'killall -2 fft_nn.out' after 23.5926515634s
[INFO -- 2018-10-11 17:01:47]
sending 5 signals using command: 'killall -2 fft_nn.out' after 23.6428895456s
[INFO -- 2018-10-11 17:01:48]
sending 5 signals using command: 'killall -2 fft_nn.out' after 24.9540095707s
[INFO -- 2018-10-11 17:01:48]
Starting GDB script
[INFO -- 2018-10-11 17:01:48]
initSignal:0.0
[INFO -- 2018-10-11 17:01:48]
endSignal:5.0
[INFO -- 2018-10-11 17:01:49]
sending 5 signals using command: 'killall -2 fft_nn.out' after 0.756864150874s
[INFO -- 2018-10-11 17:01:49]
sending 5 signals using command: 'killall -2 fft_nn.out' after 0.77795270964s
[INFO -- 2018-10-11 17:01:52]
sending 5 signals using command: 'killall -2 fft_nn.out' after 4.01857647199s
[INFO -- 2018-10-11 17:02:09]
Execution finished before waitTime
