[INFO -- 2018-10-10 20:10:52]
sending 5 signals using command: 'killall -2 fft_nn.out' after 22.8486091284s
[INFO -- 2018-10-10 20:10:53]
sending 5 signals using command: 'killall -2 fft_nn.out' after 23.7400534686s
[INFO -- 2018-10-10 20:10:54]
sending 5 signals using command: 'killall -2 fft_nn.out' after 24.7672709641s
[INFO -- 2018-10-10 20:10:54]
Starting GDB script
[INFO -- 2018-10-10 20:10:54]
initSignal:0.0
[INFO -- 2018-10-10 20:10:54]
endSignal:5.0
[INFO -- 2018-10-10 20:10:54]
sending 5 signals using command: 'killall -2 fft_nn.out' after 0.0181984020796s
[INFO -- 2018-10-10 20:10:55]
sending 5 signals using command: 'killall -2 fft_nn.out' after 0.61886328349s
[INFO -- 2018-10-10 20:10:56]
sending 5 signals using command: 'killall -2 fft_nn.out' after 1.82741321466s
[INFO -- 2018-10-10 20:11:15]
Execution finished before waitTime
