[INFO -- 2018-11-30 22:25:33]
Starting flip_value script
version: 1.1
[INFO -- 2018-11-30 22:25:33]
Initialization strings:
[INFO -- 2018-11-30 22:25:33]
(1) file /home/lignati/carol-fi/codes/inversefulldup/inversek2j.nn.out
[INFO -- 2018-11-30 22:25:33]
(2) set args /home/lignati/carol-fi/codes/inversefulldup/input_250k /home/lignati/carol-fi/codes/inversefulldup/output_falha.data
[INFO -- 2018-11-30 22:25:33]
initSignal:0
[INFO -- 2018-11-30 22:25:33]
endSignal:25
[INFO -- 2018-11-30 22:25:33]
faultModel:3
[INFO -- 2018-11-30 22:25:42]
Backtrace BEGIN:
#0  0x00007ffff70331a2 in __isoc99_fscanf (stream=0x6085c0, format=<optimized out>) at isoc99_fscanf.c:39
#1  0x00007ffff7bcaadf in fann_create_from_fd () from /usr/local/lib/libfann.so.2
#2  0x00007ffff7bc8073 in fann_create_from_file () from /usr/local/lib/libfann.so.2
#3  0x0000000000402061 in inversek2j(float, float, float*, float*) ()
#4  0x000000000040179a in main ()

34	isoc99_fscanf.c: No such file or directory.

Backtrace END
Fliping array at pos: 0
Fliping value of field: fp_offset
Memory content before bitflip:0x300x000x000x00
Fault Model: Zero bit-flip
base address to flip value: 0x7fffffffcf3c
address max offset: 4
Memory content after  bitflip:0x000x000x000x00
frame name: __isoc99_fscanf
symbol name: arg
symbol filename: isoc99_fscanf.c
symbol line: 27
value: {{gp_offset = 16, fp_offset = 0, overflow_arg_area = 0x7fffffffd010, reg_save_area = 0x7fffffffcf50}}
value address: 0x7fffffffcf38
Type: The type is an array.
Type sizeof: 24

[INFO -- 2018-11-30 22:25:42]
Fault Injection Successful after 9.104695558547974s
[INFO -- 2018-11-30 22:25:58]
event type: exit
[INFO -- 2018-11-30 22:25:58]
exit code: 0
