[INFO -- 2018-10-08 10:24:44]
sending 5 signals using command: 'killall -2 fft_nn.out' after 20.3660401328s
[INFO -- 2018-10-08 10:24:47]
sending 5 signals using command: 'killall -2 fft_nn.out' after 23.1255572733s
[INFO -- 2018-10-08 10:24:47]
sending 5 signals using command: 'killall -2 fft_nn.out' after 23.1493696901s
[INFO -- 2018-10-08 10:24:47]
Starting GDB script
[INFO -- 2018-10-08 10:24:47]
initSignal:0.0
[INFO -- 2018-10-08 10:24:47]
endSignal:5.0
[INFO -- 2018-10-08 10:24:49]
sending 5 signals using command: 'killall -2 fft_nn.out' after 1.93813583064s
[INFO -- 2018-10-08 10:24:49]
sending 5 signals using command: 'killall -2 fft_nn.out' after 2.05013824395s
[INFO -- 2018-10-08 10:24:51]
sending 5 signals using command: 'killall -2 fft_nn.out' after 4.48172760461s
[INFO -- 2018-10-08 10:25:07]
Execution finished before waitTime
