[INFO -- 2018-10-16 09:00:59]
Starting flip_value script
version: 1.1
[INFO -- 2018-10-16 09:00:59]
Initialization strings:
[INFO -- 2018-10-16 09:00:59]
(1) file /home/latansini/Desktop/trabalhoftf/carol-fi/sample-code/inverse_nn/inversek2j_nn.out
[INFO -- 2018-10-16 09:00:59]
(2) set args /home/latansini/Desktop/trabalhoftf/carol-fi/sample-code/inverse_nn/input_250k /home/latansini/Desktop/trabalhoftf/carol-fi/sample-code/inverse_nn/output_falha.data
[INFO -- 2018-10-16 09:00:59]
initSignal:4
[INFO -- 2018-10-16 09:00:59]
endSignal:6
[INFO -- 2018-10-16 09:00:59]
faultModel:2
[EXCEPTION -- 2018-10-16 09:01:03]
gdbException: Tentativo de desreferenciar um ponteiro genérico.
[INFO -- 2018-10-16 09:01:03]
Backtrace BEGIN:
#0  0x00007ffff7011e13 in str_to_mpn (str=str@entry=0x7fffffffccd1 ".17667424678802490234e+00", digcnt=digcnt@entry=20, n=n@entry=0x7fffffffcbf0, nsize=nsize@entry=0x7fffffffcbc0, exponent=exponent@entry=0x7fffffffcbd0, decimal_len=decimal_len@entry=1, thousands=thousands@entry=0x0, decimal=<optimized out>) at strtod_l.c:351
#1  0x00007ffff7012c2b in __GI_____strtof_l_internal (nptr=<optimized out>, endptr=<optimized out>, group=<optimized out>, loc=<optimized out>) at strtod_l.c:1427
#2  0x00007ffff7011d60 in __GI___strtof_internal (nptr=<optimized out>, endptr=<optimized out>, group=<optimized out>) at strtod.c:54
#3  0x00007ffff702b948 in _IO_vfscanf_internal (s=s@entry=0x608610, format=<optimized out>, argptr=argptr@entry=0x7fffffffd0d8, errp=errp@entry=0x0) at vfscanf.c:2365
#4  0x00007ffff7032162 in __isoc99_fscanf (stream=0x608610, format=<optimized out>) at isoc99_fscanf.c:34
#5  0x00007ffff7bcf187 in fann_create_from_fd () from /usr/local/lib/libfann.so.2
#6  0x00007ffff7bcf608 in fann_create_from_file () from /usr/local/lib/libfann.so.2
#7  0x000000000040199e in inversek2j(float, float, float*, float*) ()
#8  0x0000000000401631 in main ()

346	in strtod_l.c

Backtrace END
Fliping a bit of the pointer
Memory content before bitflip:0x000x000x000x000x000x000x000x00
Fault Model: Random bit-flip
base address to flip value: 0x7fffffffcb30
address max offset: 8
Memory content after  bitflip:0xe10xc10x1a0x6c0x3b0x800xe30x40
frame name: str_to_mpn
symbol name: thousands
symbol filename: strtod_l.c
symbol line: 340
value: 0x0
value address: 0x7fffffffcb30
Type: The type is a pointer.
Type sizeof: 8

[INFO -- 2018-10-16 09:01:03]
Fault Injection Successful after 4.2511186599731445s
[INFO -- 2018-10-16 09:01:09]
event type: exit
[INFO -- 2018-10-16 09:01:09]
exit code: 0
