[INFO -- 2018-10-07 16:16:39]
sending 5 signals using command: 'killall -2 fft_nn.out' after 20.7670559891s
[INFO -- 2018-10-07 16:16:40]
sending 5 signals using command: 'killall -2 fft_nn.out' after 21.4677577625s
[INFO -- 2018-10-07 16:16:43]
sending 5 signals using command: 'killall -2 fft_nn.out' after 23.8747099406s
[INFO -- 2018-10-07 16:16:43]
Starting GDB script
[INFO -- 2018-10-07 16:16:43]
initSignal:0.0
[INFO -- 2018-10-07 16:16:43]
endSignal:5.0
[INFO -- 2018-10-07 16:16:44]
sending 5 signals using command: 'killall -2 fft_nn.out' after 1.77733825533s
[INFO -- 2018-10-07 16:16:46]
sending 5 signals using command: 'killall -2 fft_nn.out' after 3.80776822169s
[INFO -- 2018-10-07 16:16:47]
sending 5 signals using command: 'killall -2 fft_nn.out' after 3.99155042666s
[INFO -- 2018-10-07 16:17:03]
Execution finished before waitTime
