[INFO -- 2018-10-09 18:15:54]
Starting flip_value script
version: 1.1
[INFO -- 2018-10-09 18:15:54]
Initialization strings:
[INFO -- 2018-10-09 18:15:54]
(1) file /tmp/fft_nn/fft_nn.out
[INFO -- 2018-10-09 18:15:54]
(2) set args 32768 /tmp/fft_nn/output_falha.data
[INFO -- 2018-10-09 18:15:54]
initSignal:0
[INFO -- 2018-10-09 18:15:54]
endSignal:5
[INFO -- 2018-10-09 18:15:54]
faultModel:0
[INFO -- 2018-10-09 18:15:56]
Backtrace BEGIN:
#0  __mpn_mul_1 () at ../sysdeps/x86_64/mul_1.S:44
#1  0x00007ffff700ccd1 in __mpn_mul (prodp=prodp@entry=0x7fffffffcf20, up=0x7ffff714b068 <__tens+40>, usize=1, vp=vp@entry=0x7fffffffcf70, vsize=vsize@entry=1) at mul.c:90
#2  0x00007ffff7012bb9 in __GI_____strtof_l_internal (nptr=<optimized out>, endptr=<optimized out>, group=<optimized out>, loc=<optimized out>) at strtod_l.c:1408
#3  0x00007ffff7011d60 in __GI___strtof_internal (nptr=<optimized out>, endptr=<optimized out>, group=<optimized out>) at strtod.c:54
#4  0x00007ffff702b948 in _IO_vfscanf_internal (s=s@entry=0x6062c0, format=<optimized out>, argptr=argptr@entry=0x7fffffffd408, errp=errp@entry=0x0) at vfscanf.c:2365
#5  0x00007ffff7032162 in __isoc99_fscanf (stream=0x6062c0, format=<optimized out>) at isoc99_fscanf.c:34
#6  0x00007ffff7bcf187 in fann_create_from_fd () from /usr/local/lib/libfann.so.2
#7  0x00007ffff7bcf608 in fann_create_from_file () from /usr/local/lib/libfann.so.2
#8  0x00000000004019b7 in radix2DitCooleyTykeyFft(int, int*, Complex*, Complex*) ()
#9  0x0000000000401631 in main ()

39	../sysdeps/x86_64/mul_1.S: Arquivo ou diretório não encontrado.

Backtrace END
Fliping array at pos: 0
Fliping value of field: gp_offset
Memory content before bitflip:0x100x000x000x00
Fault Model: Single bit-flip
base address to flip value: 0x7fffffffd408
address max offset: 4
Memory content after  bitflip:0x120x000x000x00
frame name: __isoc99_fscanf
symbol name: arg
symbol filename: isoc99_fscanf.c
symbol line: 27
value: {{gp_offset = 18, fp_offset = 48, overflow_arg_area = 0x7fffffffd4e0, reg_save_area = 0x7fffffffd420}}
value address: 0x7fffffffd408
Type: The type is an array.
Type sizeof: 24

[INFO -- 2018-10-09 18:15:56]
Fault Injection Successful after 2.15875244140625s
[INFO -- 2018-10-09 18:16:15]
event type: exit
[INFO -- 2018-10-09 18:16:15]
exit code: 0
