[INFO -- 2018-10-11 08:32:27]
sending 5 signals using command: 'killall -2 fft_nn.out' after 22.0058087288s
[INFO -- 2018-10-11 08:32:28]
sending 5 signals using command: 'killall -2 fft_nn.out' after 22.7181179298s
[INFO -- 2018-10-11 08:32:29]
sending 5 signals using command: 'killall -2 fft_nn.out' after 23.59349585s
[INFO -- 2018-10-11 08:32:29]
Starting GDB script
[INFO -- 2018-10-11 08:32:29]
initSignal:0.0
[INFO -- 2018-10-11 08:32:29]
endSignal:5.0
[INFO -- 2018-10-11 08:32:29]
sending 5 signals using command: 'killall -2 fft_nn.out' after 0.370249039575s
[INFO -- 2018-10-11 08:32:29]
sending 5 signals using command: 'killall -2 fft_nn.out' after 0.403527080918s
[INFO -- 2018-10-11 08:32:33]
sending 5 signals using command: 'killall -2 fft_nn.out' after 4.39847460484s
[INFO -- 2018-10-11 08:32:50]
Execution finished before waitTime
