[INFO -- 2018-10-12 09:28:00]
Starting flip_value script
version: 1.1
[INFO -- 2018-10-12 09:28:00]
Initialization strings:
[INFO -- 2018-10-12 09:28:00]
(1) file /tmp/fft_nn/fft_nn.out
[INFO -- 2018-10-12 09:28:00]
(2) set args 32768 /tmp/fft_nn/output_falha.data
[INFO -- 2018-10-12 09:28:00]
initSignal:10
[INFO -- 2018-10-12 09:28:00]
endSignal:15
[INFO -- 2018-10-12 09:28:00]
faultModel:2
[INFO -- 2018-10-12 09:28:10]
Backtrace BEGIN:
#0  get_rounding_mode () at ../sysdeps/generic/get-rounding-mode.h:94
#1  round_and_return (retval=0x7fffffffcf10, exponent=3, negative=negative@entry=0, round_limb=round_limb@entry=5152381856502513664, round_bit=43, more_bits=1) at strtod_l.c:202
#2  0x00007ffff7013332 in __GI_____strtof_l_internal (nptr=<optimized out>, endptr=<optimized out>, group=<optimized out>, loc=<optimized out>) at strtod_l.c:1613
#3  0x00007ffff7011d60 in __GI___strtof_internal (nptr=<optimized out>, endptr=<optimized out>, group=<optimized out>) at strtod.c:54
#4  0x00007ffff702b948 in _IO_vfscanf_internal (s=s@entry=0x6062c0, format=<optimized out>, argptr=argptr@entry=0x7fffffffd408, errp=errp@entry=0x0) at vfscanf.c:2365
#5  0x00007ffff7032162 in __isoc99_fscanf (stream=0x6062c0, format=<optimized out>) at isoc99_fscanf.c:34
#6  0x00007ffff7bcf187 in fann_create_from_fd () from /usr/local/lib/libfann.so.2
#7  0x00007ffff7bcf608 in fann_create_from_file () from /usr/local/lib/libfann.so.2
#8  0x00000000004019b7 in radix2DitCooleyTykeyFft(int, int*, Complex*, Complex*) ()
#9  0x0000000000401631 in main ()

89	../sysdeps/generic/get-rounding-mode.h: Arquivo ou diretório não encontrado.

Backtrace END
Fliping array at pos: 11
Memory content before bitflip:0x6c
Fault Model: Random bit-flip
base address to flip value: 0x7ffff715cb8b  
address max offset: 1
Memory content after  bitflip:0x4c
frame name: __GI_____strtof_l_internal
symbol name: __PRETTY_FUNCTION__
symbol filename: strtof_l.c
symbol line: 0
value: "____strtof_L_internal"
value address: 0x7ffff715cb80 <__PRETTY_FUNCTION__.11547>
Type: The type is an array.
Type sizeof: 22
Field name: None
Field Type: A range type, that is, an integer type with bounds.
Field Type sizeof: 8
Field Type range: (0, 21)

[INFO -- 2018-10-12 09:28:10]
Fault Injection Successful after 10.986103534698486s
[INFO -- 2018-10-12 09:28:20]
event type: exit
[INFO -- 2018-10-12 09:28:20]
exit code: 0
