[INFO -- 2018-10-09 10:00:28]
sending 5 signals using command: 'killall -2 fft_nn.out' after 23.1439345371s
[INFO -- 2018-10-09 10:00:29]
sending 5 signals using command: 'killall -2 fft_nn.out' after 23.816796544s
[INFO -- 2018-10-09 10:00:30]
sending 5 signals using command: 'killall -2 fft_nn.out' after 24.710407696s
[INFO -- 2018-10-09 10:00:30]
Starting GDB script
[INFO -- 2018-10-09 10:00:30]
initSignal:0.0
[INFO -- 2018-10-09 10:00:30]
endSignal:5.0
[INFO -- 2018-10-09 10:00:30]
sending 5 signals using command: 'killall -2 fft_nn.out' after 0.295749036855s
[INFO -- 2018-10-09 10:00:31]
sending 5 signals using command: 'killall -2 fft_nn.out' after 1.0779390678s
[INFO -- 2018-10-09 10:00:34]
sending 5 signals using command: 'killall -2 fft_nn.out' after 3.61596485876s
[INFO -- 2018-10-09 10:00:51]
Execution finished before waitTime
