[INFO -- 2018-12-09 14:59:39]
Starting flip_value script
version: 1.1
[INFO -- 2018-12-09 14:59:39]
Initialization strings:
[INFO -- 2018-12-09 14:59:39]
(1) file /home/melkor/ETAPA2/dup_nn/nn-knl-files/nn
[INFO -- 2018-12-09 14:59:39]
(2) set args /home/melkor/ETAPA2/dup_nn/nn-knl-files/filelist 20 5 5 /home/melkor/ETAPA2/dup_nn/nn-knl-files/out20_5_5
[INFO -- 2018-12-09 14:59:39]
initSignal:0
[INFO -- 2018-12-09 14:59:39]
endSignal:1
[INFO -- 2018-12-09 14:59:39]
faultModel:3
[EXCEPTION -- 2018-12-09 14:59:39]
gdbException: Tentativo de desreferenciar um ponteiro genérico.
[EXCEPTION -- 2018-12-09 14:59:39]
pythonException: invalid frame
[EXCEPTION -- 2018-12-09 14:59:39]
pythonException: invalid frame
[INFO -- 2018-12-09 14:59:39]
Backtrace BEGIN:
#0  0x00007ffff7820eed in ?? () from /usr/lib/x86_64-linux-gnu/libgomp.so.1
#1  0x00007ffff781f392 in ?? () from /usr/lib/x86_64-linux-gnu/libgomp.so.1
#2  0x00007ffff7815eca in GOMP_parallel () from /usr/lib/x86_64-linux-gnu/libgomp.so.1
#3  0x00005555555555ed in main (argc=6, argv=0x7fffffffdf08) at nn.c:196

2284	in rtld.c

Backtrace END
Memory content before bitflip:0x060x000x000x00
Fault Model: Zero bit-flip
base address to flip value: 0x7fffffffdb2c
address max offset: 4
Memory content after  bitflip:0x000x000x000x00
frame name: main
symbol name: argc
symbol filename: nn.c
symbol line: 82
value: 0
value address: 0x7fffffffdb2c
Type: The type is an integer type.
Type sizeof: 4

[INFO -- 2018-12-09 14:59:39]
Fault Injection Successful after 0.8851273059844971s
[INFO -- 2018-12-09 14:59:40]
event type: exit
[INFO -- 2018-12-09 14:59:40]
exit code: 0
