[INFO -- 2018-10-07 04:43:30]
Starting flip_value script
version: 1.1
[INFO -- 2018-10-07 04:43:30]
Initialization strings:
[INFO -- 2018-10-07 04:43:30]
(1) file /tmp/fft_nn/fft_nn.out
[INFO -- 2018-10-07 04:43:30]
(2) set args 32768 /tmp/fft_nn/output_falha.data
[INFO -- 2018-10-07 04:43:30]
initSignal:0
[INFO -- 2018-10-07 04:43:30]
endSignal:5
[INFO -- 2018-10-07 04:43:30]
faultModel:0
[INFO -- 2018-10-07 04:43:33]
Backtrace BEGIN:
#0  0x00007ffff70c3ac0 in __close_nocancel () at ../sysdeps/unix/syscall-template.S:81
#1  0x00007ffff704dc20 in _IO_new_file_close_it (fp=fp@entry=0x6062c0) at fileops.c:172
#2  0x00007ffff7041a50 in _IO_new_fclose (fp=0x6062c0) at iofclose.c:59
#3  0x00007ffff7bcf613 in fann_create_from_file () from /usr/local/lib/libfann.so.2
#4  0x00000000004019b7 in radix2DitCooleyTykeyFft(int, int*, Complex*, Complex*) ()
#5  0x0000000000401631 in main ()

76	../sysdeps/unix/syscall-template.S: Arquivo ou diretório não encontrado.

Backtrace END
Fliping value of field: __write
Fliping a bit of the pointer
Memory content before bitflip:0xd00xce0x040xf70xff0x7f0x000x00
Fault Model: Single bit-flip
base address to flip value: 0x7ffff7395658 
address max offset: 8
Memory content after  bitflip:0xd00xce0x060xf70xff0x7f0x000x00
frame name: _IO_new_file_close_it
symbol name: _IO_file_jumps_mmap
symbol filename: fileops.c
symbol line: 1574
value: {__dummy = 0, __dummy2 = 0, __finish = 0x7ffff704dc80 <_IO_new_file_finish>, __overflow = 0x7ffff704e6d0 <_IO_new_file_overflow>, __underflow = 0x7ffff704d8c0 <_IO_file_underflow_mmap>, __uflow = 0x7ffff704f530 <__GI__IO_default_uflow>, __pbackfail = 0x7ffff70506e0 <__GI__IO_default_pbackfail>, __xsputn = 0x7ffff704d500 <_IO_new_file_xsputn>, __xsgetn = 0x7ffff704cf70 <_IO_file_xsgetn_mmap>, __seekoff = 0x7ffff704d400 <_IO_file_seekoff_mmap>, __seekpos = 0x7ffff704faa0 <_IO_default_seekpos>, __setbuf = 0x7ffff704c810 <_IO_file_setbuf_mmap>, __sync = 0x7ffff704cce0 <_IO_file_sync_mmap>, __doallocate = 0x7ffff70417b0 <__GI__IO_file_doallocate>, __read = 0x7ffff704d4e0 <__GI__IO_file_read>, __write = 0x7ffff706ced0 <__GI___strxfrm_l+12512>, __seek = 0x7ffff704ccd0 <__GI__IO_file_seek>, __close = 0x7ffff704cca0 <_IO_file_close_mmap>, __stat = 0x7ffff704cec0 <__GI__IO_file_stat>, __showmanyc = 0x7ffff7050840 <_IO_default_showmanyc>, __imbue = 0x7ffff7050850 <_IO_default_imbue>}
value address: 0x7ffff73955e0 <_IO_file_jumps_mmap>
Type: The type is a structure.
Type sizeof: 168
Field name: __dummy
Field Type: The type is an integer type.
Field Type sizeof: 8
Field name: __dummy2
Field Type: The type is an integer type.
Field Type sizeof: 8
Field name: __finish
Field Type: The type is a pointer.
Field Type sizeof: 8
Field name: __overflow
Field Type: The type is a pointer.
Field Type sizeof: 8
Field name: __underflow
Field Type: The type is a pointer.
Field Type sizeof: 8
Field name: __uflow
Field Type: The type is a pointer.
Field Type sizeof: 8
Field name: __pbackfail
Field Type: The type is a pointer.
Field Type sizeof: 8
Field name: __xsputn
Field Type: The type is a pointer.
Field Type sizeof: 8
Field name: __xsgetn
Field Type: The type is a pointer.
Field Type sizeof: 8
Field name: __seekoff
Field Type: The type is a pointer.
Field Type sizeof: 8
Field name: __seekpos
Field Type: The type is a pointer.
Field Type sizeof: 8
Field name: __setbuf
Field Type: The type is a pointer.
Field Type sizeof: 8
Field name: __sync
Field Type: The type is a pointer.
Field Type sizeof: 8
Field name: __doallocate
Field Type: The type is a pointer.
Field Type sizeof: 8
Field name: __read
Field Type: The type is a pointer.
Field Type sizeof: 8
Field name: __write
Field Type: The type is a pointer.
Field Type sizeof: 8
Field name: __seek
Field Type: The type is a pointer.
Field Type sizeof: 8
Field name: __close
Field Type: The type is a pointer.
Field Type sizeof: 8
Field name: __stat
Field Type: The type is a pointer.
Field Type sizeof: 8
Field name: __showmanyc
Field Type: The type is a pointer.
Field Type sizeof: 8
Field name: __imbue
Field Type: The type is a pointer.
Field Type sizeof: 8

[INFO -- 2018-10-07 04:43:33]
Fault Injection Successful after 3.0536255836486816s
[INFO -- 2018-10-07 04:43:49]
event type: exit
[INFO -- 2018-10-07 04:43:49]
exit code: 0
