[INFO -- 2018-10-16 02:11:40]
Starting flip_value script
version: 1.1
[INFO -- 2018-10-16 02:11:40]
Initialization strings:
[INFO -- 2018-10-16 02:11:40]
(1) file /home/latansini/Desktop/trabalhoftf/carol-fi/sample-code/inverse_nn/inversek2j_nn.out
[INFO -- 2018-10-16 02:11:40]
(2) set args /home/latansini/Desktop/trabalhoftf/carol-fi/sample-code/inverse_nn/input_250k /home/latansini/Desktop/trabalhoftf/carol-fi/sample-code/inverse_nn/output_falha.data
[INFO -- 2018-10-16 02:11:40]
initSignal:0
[INFO -- 2018-10-16 02:11:40]
endSignal:2
[INFO -- 2018-10-16 02:11:40]
faultModel:0
[EXCEPTION -- 2018-10-16 02:11:40]
gdbException: Tentativo de desreferenciar um ponteiro genérico.
[INFO -- 2018-10-16 02:11:40]
Backtrace BEGIN:
#0  0x00007ffff70119b9 in __GI_____strtoul_l_internal (nptr=nptr@entry=0x7fffffffccd0 "0", endptr=endptr@entry=0x7fffffffcf00, base=<optimized out>, group=group@entry=0, loc=<optimized out>) at ../stdlib/strtol_l.c:380
#1  0x00007ffff7011410 in __GI___strtoul_internal (nptr=nptr@entry=0x7fffffffccd0 "0", endptr=endptr@entry=0x7fffffffcf00, base=<optimized out>, group=group@entry=0) at ../stdlib/strtol.c:97
#2  0x00007ffff7029f02 in _IO_vfscanf_internal (s=s@entry=0x608610, format=<optimized out>, argptr=argptr@entry=0x7fffffffd0d8, errp=errp@entry=0x0) at vfscanf.c:1827
#3  0x00007ffff7032162 in __isoc99_fscanf (stream=0x608610, format=<optimized out>) at isoc99_fscanf.c:34
#4  0x00007ffff7bcf0eb in fann_create_from_fd () from /usr/local/lib/libfann.so.2
#5  0x00007ffff7bcf608 in fann_create_from_file () from /usr/local/lib/libfann.so.2
#6  0x000000000040199e in inversek2j(float, float, float*, float*) ()
#7  0x0000000000401631 in main ()

375	in ../stdlib/strtol_l.c

Backtrace END
Fliping value of field: __count
Memory content before bitflip:0x000x000x000x00
Fault Model: Single bit-flip
base address to flip value: 0x7fffffffcef0
address max offset: 4
Memory content after  bitflip:0x000x800x000x00
frame name: _IO_vfscanf_internal
symbol name: state
symbol filename: vfscanf.c
symbol line: 252
value: {__count = 32768, __value = {__wch = 0, __wchb = "\000\000\000"}}
value address: 0x7fffffffcef0
Type: The type is a structure.
Type sizeof: 8
Field name: __count
Field Type: The type is an integer type.
Field Type sizeof: 4
Field name: __value
Field Type: The type is a union.
Field Type sizeof: 4

[INFO -- 2018-10-16 02:11:40]
Fault Injection Successful after 0.827122688293457s
[INFO -- 2018-10-16 02:11:50]
event type: exit
[INFO -- 2018-10-16 02:11:50]
exit code: 0
