[INFO -- 2018-12-04 03:43:01]
Starting flip_value script
version: 1.1
[INFO -- 2018-12-04 03:43:01]
Initialization strings:
[INFO -- 2018-12-04 03:43:01]
(1) file /home/latansini/carol-fi/carol-fi/codes/nnfulldup/nn-knl-files/nn
[INFO -- 2018-12-04 03:43:01]
(2) set args /home/latansini/carol-fi/carol-fi/codes/nnfulldup/nn-knl-files/filelist 20 5 5 /home/latansini/carol-fi/carol-fi/codes/nnfulldup/nn-knl-files/out20_5_5
[INFO -- 2018-12-04 03:43:01]
initSignal:0
[INFO -- 2018-12-04 03:43:01]
endSignal:2
[INFO -- 2018-12-04 03:43:01]
faultModel:3
[EXCEPTION -- 2018-12-04 03:43:01]
pythonException: invalid frame
[EXCEPTION -- 2018-12-04 03:43:01]
pythonException: invalid frame
[EXCEPTION -- 2018-12-04 03:43:01]
pythonException: invalid frame
[EXCEPTION -- 2018-12-04 03:43:01]
pythonException: invalid frame
[EXCEPTION -- 2018-12-04 03:43:01]
pythonException: invalid frame
[EXCEPTION -- 2018-12-04 03:43:01]
pythonException: invalid frame
[EXCEPTION -- 2018-12-04 03:43:01]
pythonException: invalid frame
[INFO -- 2018-12-04 03:43:01]
Backtrace BEGIN:
#0  0x00007ffff78d4e40 in ?? () from /usr/lib/x86_64-linux-gnu/libgomp.so.1
#1  0x00007ffff78d3ae9 in ?? () from /usr/lib/x86_64-linux-gnu/libgomp.so.1
#2  0x0000000000400f98 in nn_wrapper (filename=0x7fffffffe7d7 "/home/latansini/carol-fi/carol-fi/codes/nnfulldup/nn-knl-files/filelist", k=20, target_lat=5, target_long=5) at nn.c:97
#3  0x000000000040148d in main (argc=6, argv=0x7fffffffe568) at nn.c:195

168			fclose(logfile);
169		}
170	
171		if(file!= NULL){
172	    		fclose(file);
173		}
174	}
175	
176	int main(int argc, char* argv[]) {
177	    int    k=0;

Backtrace END
Fliping array at pos: 470
Memory content before bitflip:0x33
Fault Model: Zero bit-flip
base address to flip value: 0x7fffffffe3a6 
address max offset: 1
Memory content after  bitflip:0x00
frame name: nn_wrapper
symbol name: sandbox
symbol filename: nn.c
symbol line: 30
value: "1959  5  2 12 15 JOYCE      47.9 283.1   48  191\n1973 12 17 12 15 BERYL      43.0 226.5  111   13\n1953  4  6 12  9 ERNESTO    53.3 266.6  114  496\n1998  3 27 18 13 ALBERTO    29.0 292.4   28  852\n1954"...
value address: 0x7fffffffe1d0
Type: The type is an array.
Type sizeof: 490
Field name: None
Field Type: A range type, that is, an integer type with bounds.
Field Type sizeof: 8
Field Type range: (0L, 489L)

[INFO -- 2018-12-04 03:43:01]
Fault Injection Successful after 0.493426084518s
[INFO -- 2018-12-04 03:43:03]
event type: exit
[INFO -- 2018-12-04 03:43:03]
exit code: 0
