[INFO -- 2018-10-09 20:13:39]
Starting flip_value script
version: 1.1
[INFO -- 2018-10-09 20:13:39]
Initialization strings:
[INFO -- 2018-10-09 20:13:39]
(1) file /tmp/fft_nn/fft_nn.out
[INFO -- 2018-10-09 20:13:39]
(2) set args 32768 /tmp/fft_nn/output_falha.data
[INFO -- 2018-10-09 20:13:39]
initSignal:0
[INFO -- 2018-10-09 20:13:39]
endSignal:5
[INFO -- 2018-10-09 20:13:39]
faultModel:0
[INFO -- 2018-10-09 20:13:42]
Backtrace BEGIN:
#0  __GI_____strtof_l_internal (nptr=<optimized out>, endptr=0x7fffffffd230, group=<optimized out>, loc=<optimized out>) at strtod_l.c:858
#1  0x00007ffff7011d60 in __GI___strtof_internal (nptr=<optimized out>, endptr=<optimized out>, group=<optimized out>) at strtod.c:54
#2  0x00007ffff702b948 in _IO_vfscanf_internal (s=s@entry=0x6062c0, format=<optimized out>, argptr=argptr@entry=0x7fffffffd408, errp=errp@entry=0x0) at vfscanf.c:2365
#3  0x00007ffff7032162 in __isoc99_fscanf (stream=0x6062c0, format=<optimized out>) at isoc99_fscanf.c:34
#4  0x00007ffff7bcf187 in fann_create_from_fd () from /usr/local/lib/libfann.so.2
#5  0x00007ffff7bcf608 in fann_create_from_file () from /usr/local/lib/libfann.so.2
#6  0x00000000004019b7 in radix2DitCooleyTykeyFft(int, int*, Complex*, Complex*) ()
#7  0x0000000000401631 in main ()

853	strtod_l.c: Arquivo ou diretório não encontrado.

Backtrace END
Fliping a bit of the value pointed by a pointer
Memory content before bitflip:0x37
Fault Model: Single bit-flip
base address to flip value: 0x7fffffffd000 
address max offset: 1
Memory content after  bitflip:0xb7
frame name: __GI_____strtof_l_internal
symbol name: startp
symbol filename: strtod_l.c
symbol line: 504
value: 0x7fffffffd000 "\267.53539860248565673828e-01"
value address: 0x7fffffffce98
Type: The type is a pointer.
Type sizeof: 8

[INFO -- 2018-10-09 20:13:42]
Fault Injection Successful after 3.091209650039673s
[INFO -- 2018-10-09 20:14:00]
event type: exit
[INFO -- 2018-10-09 20:14:00]
exit code: 0
