[INFO -- 2018-10-12 05:37:18]
sending 5 signals using command: 'killall -2 fft_nn.out' after 21.0946644194s
[INFO -- 2018-10-12 05:37:19]
sending 5 signals using command: 'killall -2 fft_nn.out' after 22.104814095s
[INFO -- 2018-10-12 05:37:20]
sending 5 signals using command: 'killall -2 fft_nn.out' after 23.4798943046s
[INFO -- 2018-10-12 05:37:20]
Starting GDB script
[INFO -- 2018-10-12 05:37:20]
initSignal:0.0
[INFO -- 2018-10-12 05:37:20]
endSignal:5.0
[INFO -- 2018-10-12 05:37:20]
sending 5 signals using command: 'killall -2 fft_nn.out' after 0.398210062027s
[INFO -- 2018-10-12 05:37:25]
sending 5 signals using command: 'killall -2 fft_nn.out' after 4.47123804776s
[INFO -- 2018-10-12 05:37:25]
sending 5 signals using command: 'killall -2 fft_nn.out' after 4.56876374401s
[INFO -- 2018-10-12 05:37:41]
Execution finished before waitTime
