[INFO -- 2018-10-10 13:08:08]
sending 5 signals using command: 'killall -2 fft_nn.out' after 22.1318301786s
[INFO -- 2018-10-10 13:08:08]
sending 5 signals using command: 'killall -2 fft_nn.out' after 22.6694235324s
[INFO -- 2018-10-10 13:08:10]
sending 5 signals using command: 'killall -2 fft_nn.out' after 24.2220914868s
[INFO -- 2018-10-10 13:08:10]
Starting GDB script
[INFO -- 2018-10-10 13:08:10]
initSignal:0.0
[INFO -- 2018-10-10 13:08:10]
endSignal:5.0
[INFO -- 2018-10-10 13:08:11]
sending 5 signals using command: 'killall -2 fft_nn.out' after 1.34361409375s
[INFO -- 2018-10-10 13:08:15]
sending 5 signals using command: 'killall -2 fft_nn.out' after 4.69471186551s
[INFO -- 2018-10-10 13:08:15]
sending 5 signals using command: 'killall -2 fft_nn.out' after 4.7779868521s
[INFO -- 2018-10-10 13:08:31]
Execution finished before waitTime
