[INFO -- 2018-10-19 00:24:26]
Starting flip_value script
version: 1.1
[INFO -- 2018-10-19 00:24:26]
Initialization strings:
[INFO -- 2018-10-19 00:24:26]
(1) file /home/latansini/Desktop/trabalhoftf/carol-fi/sample-code/knn/nn-knl-files/nn
[INFO -- 2018-10-19 00:24:26]
(2) set args /home/latansini/Desktop/trabalhoftf/carol-fi/sample-code/knn/nn-knl-files/filelist 15 25 25 /home/latansini/Desktop/trabalhoftf/carol-fi/sample-code/knn/nn-knl-files/out15_25_25
[INFO -- 2018-10-19 00:24:26]
initSignal:4
[INFO -- 2018-10-19 00:24:26]
endSignal:5
[INFO -- 2018-10-19 00:24:26]
faultModel:4
[EXCEPTION -- 2018-10-19 00:24:30]
pythonException: invalid frame
[EXCEPTION -- 2018-10-19 00:24:30]
pythonException: invalid frame
[EXCEPTION -- 2018-10-19 00:24:30]
pythonException: invalid frame
[INFO -- 2018-10-19 00:24:30]
Backtrace BEGIN:
#0  0x00007ffff78bddf3 in ?? () from /usr/lib/x86_64-linux-gnu/libgomp.so.1
#1  0x00007ffff78bcaf9 in ?? () from /usr/lib/x86_64-linux-gnu/libgomp.so.1
#2  0x0000000000401198 in main (argc=6, argv=0x7fffffffd8b8) at nn.c:115

20	* This program finds the k-nearest neighbors
21	* Usage:	./nn <filelist> <num> <target latitude> <target longitude> <out filename>
22	*			filelist: File with the filenames to the records
23	*			num: Number of nearest neighbors to find
24	*			target lat: Latitude coordinate for distance calculations
25	*			target long: Longitude coordinate for distance calculations
26	* The filelist and data are generated by hurricane_gen.c
27	* REC_WINDOW has been arbitrarily assigned; A larger value would allow more work for the threads
28	*/
29	int main(int argc, char* argv[]) {

Backtrace END
Fliping array at pos: 364
Memory content before bitflip:0x4e
Fault Model: LSB bit-flip
base address to flip value: 0x7fffffffd72c 
address max offset: 1
Memory content after  bitflip:0x5e
frame name: main
symbol name: sandbox
symbol filename: nn.c
symbol line: 32
value: "1978  4 27  0 18 BERYL      10.0 350.1  127  376\n1968  9 16  0 20 MICHAEL    12.4 124.2  131  361\n1971  3 10 12 11 JOYCE      25.4 273.5  155  790\n1985 11 11  6 17 OSCAR      15.1 156.2   98  105\n1959"...
value address: 0x7fffffffd5c0
Type: The type is an array.
Type sizeof: 490
Field name: None
Field Type: A range type, that is, an integer type with bounds.
Field Type sizeof: 8
Field Type range: (0, 489)

[INFO -- 2018-10-19 00:24:30]
Fault Injection Successful after 4.437285900115967s
[INFO -- 2018-10-19 00:24:31]
event type: exit
[INFO -- 2018-10-19 00:24:31]
exit code: 0
