[INFO -- 2018-10-18 17:47:15]
Starting flip_value script
version: 1.1
[INFO -- 2018-10-18 17:47:15]
Initialization strings:
[INFO -- 2018-10-18 17:47:15]
(1) file /home/latansini/Desktop/trabalhoftf/carol-fi/sample-code/knn/nn-knl-files/nn
[INFO -- 2018-10-18 17:47:15]
(2) set args /home/latansini/Desktop/trabalhoftf/carol-fi/sample-code/knn/nn-knl-files/filelist 15 25 25 /home/latansini/Desktop/trabalhoftf/carol-fi/sample-code/knn/nn-knl-files/out15_25_25
[INFO -- 2018-10-18 17:47:15]
initSignal:0
[INFO -- 2018-10-18 17:47:15]
endSignal:1
[INFO -- 2018-10-18 17:47:15]
faultModel:0
[EXCEPTION -- 2018-10-18 17:47:15]
pythonException: invalid frame
[INFO -- 2018-10-18 17:47:15]
Backtrace BEGIN:
#0  0x00007ffff78bdc0b in ?? () from /usr/lib/x86_64-linux-gnu/libgomp.so.1
#1  0x00007ffff78bb69b in ?? () from /usr/lib/x86_64-linux-gnu/libgomp.so.1
#2  0x00007ffff768f184 in start_thread (arg=0x7ffff70b9700) at pthread_create.c:312
#3  0x00007ffff73bc03d in clone () at ../sysdeps/unix/sysv/linux/x86_64/clone.S:111

20	* This program finds the k-nearest neighbors
21	* Usage:	./nn <filelist> <num> <target latitude> <target longitude> <out filename>
22	*			filelist: File with the filenames to the records
23	*			num: Number of nearest neighbors to find
24	*			target lat: Latitude coordinate for distance calculations
25	*			target long: Longitude coordinate for distance calculations
26	* The filelist and data are generated by hurricane_gen.c
27	* REC_WINDOW has been arbitrarily assigned; A larger value would allow more work for the threads
28	*/
29	int main(int argc, char* argv[]) {

Backtrace END
Memory content before bitflip:0x0f0x000x000x00
Fault Model: Single bit-flip
base address to flip value: 0x7fffffffd500
address max offset: 4
Memory content after  bitflip:0x0f0x400x000x00
frame name: main
symbol name: j
symbol filename: nn.c
symbol line: 31
value: 16399
value address: 0x7fffffffd500
Type: The type is an integer type.
Type sizeof: 4

[INFO -- 2018-10-18 17:47:15]
Fault Injection Successful after 0.18458199501037598s
[INFO -- 2018-10-18 17:47:20]
event type: exit
[INFO -- 2018-10-18 17:47:20]
exit code: 0
