[INFO -- 2018-10-19 05:28:56]
Starting flip_value script
version: 1.1
[INFO -- 2018-10-19 05:28:56]
Initialization strings:
[INFO -- 2018-10-19 05:28:56]
(1) file /home/latansini/Desktop/trabalhoftf/carol-fi/sample-code/knn/nn-knl-files/nn
[INFO -- 2018-10-19 05:28:56]
(2) set args /home/latansini/Desktop/trabalhoftf/carol-fi/sample-code/knn/nn-knl-files/filelist 15 25 25 /home/latansini/Desktop/trabalhoftf/carol-fi/sample-code/knn/nn-knl-files/out15_25_25
[INFO -- 2018-10-19 05:28:56]
initSignal:3
[INFO -- 2018-10-19 05:28:56]
endSignal:4
[INFO -- 2018-10-19 05:28:56]
faultModel:3
[INFO -- 2018-10-19 05:28:59]
Backtrace BEGIN:
#0  0x00007ffff78bddf3 in ?? () from /usr/lib/x86_64-linux-gnu/libgomp.so.1
#1  0x00007ffff78bcaf9 in ?? () from /usr/lib/x86_64-linux-gnu/libgomp.so.1
#2  0x0000000000401198 in main (argc=6, argv=0x7fffffffd8b8) at nn.c:115

20	* This program finds the k-nearest neighbors
21	* Usage:	./nn <filelist> <num> <target latitude> <target longitude> <out filename>
22	*			filelist: File with the filenames to the records
23	*			num: Number of nearest neighbors to find
24	*			target lat: Latitude coordinate for distance calculations
25	*			target long: Longitude coordinate for distance calculations
26	* The filelist and data are generated by hurricane_gen.c
27	* REC_WINDOW has been arbitrarily assigned; A larger value would allow more work for the threads
28	*/
29	int main(int argc, char* argv[]) {

Backtrace END
Fliping array at pos: 293
Memory content before bitflip:0x0a
Fault Model: Zero bit-flip
base address to flip value: 0x7fffffffd6e5 
address max offset: 1
Memory content after  bitflip:0x00
frame name: main
symbol name: sandbox
symbol filename: nn.c
symbol line: 32
value: "1975  2 18 12 21 SANDY      14.2  97.0   65   86\n1966 12  3  6 13 JOYCE      69.6 323.7   46  599\n2002  2 10 12 11 NADINE     65.2   5.8  121  849\n1979  8 21 12  4 NADINE     18.4 261.6  111  171\n1991"...
value address: 0x7fffffffd5c0
Type: The type is an array.
Type sizeof: 490
Field name: None
Field Type: A range type, that is, an integer type with bounds.
Field Type sizeof: 8
Field Type range: (0, 489)

[INFO -- 2018-10-19 05:28:59]
Fault Injection Successful after 3.681058883666992s
[INFO -- 2018-10-19 05:29:02]
event type: exit
[INFO -- 2018-10-19 05:29:02]
exit code: 0
