[INFO -- 2018-12-03 05:33:15]
Starting flip_value script
version: 1.1
[INFO -- 2018-12-03 05:33:15]
Initialization strings:
[INFO -- 2018-12-03 05:33:15]
(1) file /home/latansini/carol-fi/carol-fi/codes/nnfulldup/nn-knl-files/nn
[INFO -- 2018-12-03 05:33:15]
(2) set args /home/latansini/carol-fi/carol-fi/codes/nnfulldup/nn-knl-files/filelist 20 5 5 /home/latansini/carol-fi/carol-fi/codes/nnfulldup/nn-knl-files/out20_5_5
[INFO -- 2018-12-03 05:33:15]
initSignal:0
[INFO -- 2018-12-03 05:33:15]
endSignal:2
[INFO -- 2018-12-03 05:33:15]
faultModel:1
[INFO -- 2018-12-03 05:33:16]
Backtrace BEGIN:
#0  0x00007ffff78d4e84 in ?? () from /usr/lib/x86_64-linux-gnu/libgomp.so.1
#1  0x00007ffff78d3ae9 in ?? () from /usr/lib/x86_64-linux-gnu/libgomp.so.1
#2  0x0000000000400f98 in nn_wrapper (filename=0x7fffffffe7d7 "/home/latansini/carol-fi/carol-fi/codes/nnfulldup/nn-knl-files/filelist", k=20, target_lat=5, target_long=5) at nn.c:97
#3  0x000000000040148d in main (argc=6, argv=0x7fffffffe568) at nn.c:195

168			fclose(logfile);
169		}
170	
171		if(file!= NULL){
172	    		fclose(file);
173		}
174	}
175	
176	int main(int argc, char* argv[]) {
177	    int    k=0;

Backtrace END
Fliping array at pos: 475
Memory content before bitflip:0x33
Fault Model: Double bit-flip
base address to flip value: 0x7fffffffe3ab 
address max offset: 1
Memory content after  bitflip:0x21
frame name: nn_wrapper
symbol name: sandbox
symbol filename: nn.c
symbol line: 30
value: "2002 10  6  0  7 PATTY      32.9 180.7   79  839\n1995  4 26  6 25 JOYCE      49.0 278.7  111  721\n1981 11 13 18  6 OSCAR      48.7  56.5   61  576\n1988 10 26  6  3 ALBERTO    29.2  95.6   68  241\n1968"...
value address: 0x7fffffffe1d0
Type: The type is an array.
Type sizeof: 490
Field name: None
Field Type: A range type, that is, an integer type with bounds.
Field Type sizeof: 8
Field Type range: (0L, 489L)

[INFO -- 2018-12-03 05:33:16]
Fault Injection Successful after 1.04963707924s
[INFO -- 2018-12-03 05:33:18]
event type: exit
[INFO -- 2018-12-03 05:33:18]
exit code: 0
