[INFO -- 2018-10-06 18:38:23]
sending 5 signals using command: 'killall -2 fft_nn.out' after 21.3493883229s
[INFO -- 2018-10-06 18:38:23]
sending 5 signals using command: 'killall -2 fft_nn.out' after 21.7512504167s
[INFO -- 2018-10-06 18:38:24]
sending 5 signals using command: 'killall -2 fft_nn.out' after 23.0649442225s
[INFO -- 2018-10-06 18:38:24]
Starting GDB script
[INFO -- 2018-10-06 18:38:24]
initSignal:0.0
[INFO -- 2018-10-06 18:38:24]
endSignal:5.0
[INFO -- 2018-10-06 18:38:25]
sending 5 signals using command: 'killall -2 fft_nn.out' after 0.571054084631s
[INFO -- 2018-10-06 18:38:25]
sending 5 signals using command: 'killall -2 fft_nn.out' after 0.972701861843s
[INFO -- 2018-10-06 18:38:29]
sending 5 signals using command: 'killall -2 fft_nn.out' after 4.40922785408s
[INFO -- 2018-10-06 18:38:44]
Execution finished before waitTime
