[INFO -- 2018-10-11 11:00:14]
Starting flip_value script
version: 1.1
[INFO -- 2018-10-11 11:00:14]
Initialization strings:
[INFO -- 2018-10-11 11:00:14]
(1) file /tmp/fft_nn/fft_nn.out
[INFO -- 2018-10-11 11:00:14]
(2) set args 32768 /tmp/fft_nn/output_falha.data
[INFO -- 2018-10-11 11:00:14]
initSignal:0
[INFO -- 2018-10-11 11:00:14]
endSignal:5
[INFO -- 2018-10-11 11:00:14]
faultModel:0
[INFO -- 2018-10-11 11:00:14]
Backtrace BEGIN:
#0  0x00007ffff7011a5a in __GI_____strtoul_l_internal (nptr=nptr@entry=0x7fffffffd000 "10", endptr=endptr@entry=0x7fffffffd230, base=<optimized out>, group=group@entry=0, loc=<optimized out>) at ../stdlib/strtol_l.c:470
#1  0x00007ffff7011410 in __GI___strtoul_internal (nptr=nptr@entry=0x7fffffffd000 "10", endptr=endptr@entry=0x7fffffffd230, base=<optimized out>, group=group@entry=0) at ../stdlib/strtol.c:97
#2  0x00007ffff7029f02 in _IO_vfscanf_internal (s=s@entry=0x6062c0, format=<optimized out>, argptr=argptr@entry=0x7fffffffd408, errp=errp@entry=0x0) at vfscanf.c:1827
#3  0x00007ffff7032162 in __isoc99_fscanf (stream=0x6062c0, format=<optimized out>) at isoc99_fscanf.c:34
#4  0x00007ffff7bcf187 in fann_create_from_fd () from /usr/local/lib/libfann.so.2
#5  0x00007ffff7bcf608 in fann_create_from_file () from /usr/local/lib/libfann.so.2
#6  0x00000000004019b7 in radix2DitCooleyTykeyFft(int, int*, Complex*, Complex*) ()
#7  0x0000000000401631 in main ()

465	../stdlib/strtol_l.c: Arquivo ou diretório não encontrado.

Backtrace END
Memory content before bitflip:0x000x000x000x00
Fault Model: Single bit-flip
base address to flip value: 0x7fffffffcfbc
address max offset: 4
Memory content after  bitflip:0x000x000x040x00
frame name: __GI_____strtoul_l_internal
symbol name: negative
symbol filename: ../stdlib/strtol_l.c
symbol line: 233
value: 262144
value address: 0x7fffffffcfbc
Type: The type is an integer type.
Type sizeof: 4

[INFO -- 2018-10-11 11:00:14]
Fault Injection Successful after 0.520510196685791s
[INFO -- 2018-10-11 11:00:34]
event type: exit
[INFO -- 2018-10-11 11:00:34]
exit code: 0
