[INFO -- 2018-10-08 11:14:19]
Starting flip_value script
version: 1.1
[INFO -- 2018-10-08 11:14:19]
Initialization strings:
[INFO -- 2018-10-08 11:14:19]
(1) file /tmp/fft_nn/fft_nn.out
[INFO -- 2018-10-08 11:14:19]
(2) set args 32768 /tmp/fft_nn/output_falha.data
[INFO -- 2018-10-08 11:14:19]
initSignal:5
[INFO -- 2018-10-08 11:14:19]
endSignal:10
[INFO -- 2018-10-08 11:14:19]
faultModel:1
[EXCEPTION -- 2018-10-08 11:14:25]
gdbException: Tentativo de desreferenciar um ponteiro genérico.
[EXCEPTION -- 2018-10-08 11:14:25]
gdbException: Tentativo de desreferenciar um ponteiro genérico.
[INFO -- 2018-10-08 11:14:25]
Backtrace BEGIN:
#0  round_and_return (retval=0x7fffffffd3d0, exponent=2, negative=negative@entry=0, round_limb=round_limb@entry=14877834883064922112, round_bit=42, more_bits=0) at strtod_l.c:293
#1  0x00007ffff7013332 in __GI_____strtof_l_internal (nptr=<optimized out>, endptr=<optimized out>, group=<optimized out>, loc=<optimized out>) at strtod_l.c:1613
#2  0x00007ffff7011d60 in __GI___strtof_internal (nptr=<optimized out>, endptr=<optimized out>, group=<optimized out>) at strtod.c:54
#3  0x00007ffff702b948 in _IO_vfscanf_internal (s=s@entry=0x6062c0, format=<optimized out>, argptr=argptr@entry=0x7fffffffd8c8, errp=errp@entry=0x0) at vfscanf.c:2365
#4  0x00007ffff7032162 in __isoc99_fscanf (stream=0x6062c0, format=<optimized out>) at isoc99_fscanf.c:34
#5  0x00007ffff7bcf187 in fann_create_from_fd () from /usr/local/lib/libfann.so.2
#6  0x00007ffff7bcf608 in fann_create_from_file () from /usr/local/lib/libfann.so.2
#7  0x00000000004019b7 in radix2DitCooleyTykeyFft(int, int*, Complex*, Complex*) ()
#8  0x0000000000401631 in main ()

288	in strtod_l.c

Backtrace END
Memory content before bitflip:0x030x000x000x000x000x000x000x00
Fault Model: Double bit-flip
base address to flip value: 0x7fffffffd3c0
address max offset: 8
Memory content after  bitflip:0x030x140x000x000x000x000x000x00
frame name: __GI_____strtof_l_internal
symbol name: exponent
symbol filename: strtod_l.c
symbol line: 486
value: 5123
value address: 0x7fffffffd3c0
Type: The type is an integer type.
Type sizeof: 8

[INFO -- 2018-10-08 11:14:25]
Fault Injection Successful after 6.681804418563843s
[INFO -- 2018-10-08 11:14:39]
event type: exit
[INFO -- 2018-10-08 11:14:39]
exit code: 0
