[INFO -- 2018-10-17 01:13:45]
Starting flip_value script
version: 1.1
[INFO -- 2018-10-17 01:13:45]
Initialization strings:
[INFO -- 2018-10-17 01:13:45]
(1) file /home/latansini/Desktop/trabalhoftf/carol-fi/sample-code/inverse_nn/inversek2j_nn.out
[INFO -- 2018-10-17 01:13:45]
(2) set args /home/latansini/Desktop/trabalhoftf/carol-fi/sample-code/inverse_nn/input_250k /home/latansini/Desktop/trabalhoftf/carol-fi/sample-code/inverse_nn/output_falha.data
[INFO -- 2018-10-17 01:13:45]
initSignal:0
[INFO -- 2018-10-17 01:13:45]
endSignal:2
[INFO -- 2018-10-17 01:13:45]
faultModel:0
[EXCEPTION -- 2018-10-17 01:13:46]
gdbException: Tentativo de desreferenciar um ponteiro genérico.
[INFO -- 2018-10-17 01:13:46]
Backtrace BEGIN:
#0  0x00007ffff7011e63 in str_to_mpn (str=0x7fffffffcce3 "258e-02", str@entry=0x7fffffffccd0 "8.34015160799026489258e-02", digcnt=3, digcnt@entry=21, n=n@entry=0x7fffffffcbf0, nsize=nsize@entry=0x7fffffffcbc0, exponent=exponent@entry=0x7fffffffcbd0, decimal_len=decimal_len@entry=1, thousands=thousands@entry=0x0, decimal=<optimized out>) at strtod_l.c:373
#1  0x00007ffff7012c2b in __GI_____strtof_l_internal (nptr=<optimized out>, endptr=<optimized out>, group=<optimized out>, loc=<optimized out>) at strtod_l.c:1427
#2  0x00007ffff7011d60 in __GI___strtof_internal (nptr=<optimized out>, endptr=<optimized out>, group=<optimized out>) at strtod.c:54
#3  0x00007ffff702b948 in _IO_vfscanf_internal (s=s@entry=0x608610, format=<optimized out>, argptr=argptr@entry=0x7fffffffd0d8, errp=errp@entry=0x0) at vfscanf.c:2365
#4  0x00007ffff7032162 in __isoc99_fscanf (stream=0x608610, format=<optimized out>) at isoc99_fscanf.c:34
#5  0x00007ffff7bcf187 in fann_create_from_fd () from /usr/local/lib/libfann.so.2
#6  0x00007ffff7bcf608 in fann_create_from_file () from /usr/local/lib/libfann.so.2
#7  0x000000000040199e in inversek2j(float, float, float*, float*) ()
#8  0x0000000000401631 in main ()

368	in strtod_l.c

Backtrace END
Fliping a bit of the value pointed by a pointer
Memory content before bitflip:0xff0xff0xff0xff0xff0xff0xff0xff
Fault Model: Single bit-flip
base address to flip value: 0x7fffffffcbd0
address max offset: 8
Memory content after  bitflip:0xff0xff0xff0xef0xff0xff0xff0xff
frame name: str_to_mpn
symbol name: exponent
symbol filename: strtod_l.c
symbol line: 338
value: 0x7fffffffcbd0
value address: 0x7fffffffcae8
Type: The type is a pointer.
Type sizeof: 8

[INFO -- 2018-10-17 01:13:46]
Fault Injection Successful after 1.333315134048462s
[INFO -- 2018-10-17 01:13:56]
event type: exit
[INFO -- 2018-10-17 01:13:56]
exit code: 0
