[INFO -- 2018-10-12 08:04:50]
sending 5 signals using command: 'killall -2 fft_nn.out' after 23.7116324387s
[INFO -- 2018-10-12 08:04:50]
sending 5 signals using command: 'killall -2 fft_nn.out' after 23.7727079869s
[INFO -- 2018-10-12 08:04:51]
sending 5 signals using command: 'killall -2 fft_nn.out' after 24.2691415943s
[INFO -- 2018-10-12 08:04:51]
Starting GDB script
[INFO -- 2018-10-12 08:04:51]
initSignal:0.0
[INFO -- 2018-10-12 08:04:51]
endSignal:5.0
[INFO -- 2018-10-12 08:04:51]
sending 5 signals using command: 'killall -2 fft_nn.out' after 0.108693811365s
[INFO -- 2018-10-12 08:04:54]
sending 5 signals using command: 'killall -2 fft_nn.out' after 2.87446876756s
[INFO -- 2018-10-12 08:04:56]
sending 5 signals using command: 'killall -2 fft_nn.out' after 4.96323785134s
[INFO -- 2018-10-12 08:05:12]
Execution finished before waitTime
