[INFO -- 2018-10-19 03:13:56]
Starting flip_value script
version: 1.1
[INFO -- 2018-10-19 03:13:56]
Initialization strings:
[INFO -- 2018-10-19 03:13:56]
(1) file /home/latansini/Desktop/trabalhoftf/carol-fi/sample-code/knn/nn-knl-files/nn
[INFO -- 2018-10-19 03:13:56]
(2) set args /home/latansini/Desktop/trabalhoftf/carol-fi/sample-code/knn/nn-knl-files/filelist 15 25 25 /home/latansini/Desktop/trabalhoftf/carol-fi/sample-code/knn/nn-knl-files/out15_25_25
[INFO -- 2018-10-19 03:13:56]
initSignal:2
[INFO -- 2018-10-19 03:13:56]
endSignal:3
[INFO -- 2018-10-19 03:13:56]
faultModel:2
[INFO -- 2018-10-19 03:13:59]
Backtrace BEGIN:
#0  0x00007ffff78bddae in ?? () from /usr/lib/x86_64-linux-gnu/libgomp.so.1
#1  0x00007ffff78bcaf9 in ?? () from /usr/lib/x86_64-linux-gnu/libgomp.so.1
#2  0x0000000000401198 in main (argc=6, argv=0x7fffffffd8b8) at nn.c:115

20	* This program finds the k-nearest neighbors
21	* Usage:	./nn <filelist> <num> <target latitude> <target longitude> <out filename>
22	*			filelist: File with the filenames to the records
23	*			num: Number of nearest neighbors to find
24	*			target lat: Latitude coordinate for distance calculations
25	*			target long: Longitude coordinate for distance calculations
26	* The filelist and data are generated by hurricane_gen.c
27	* REC_WINDOW has been arbitrarily assigned; A larger value would allow more work for the threads
28	*/
29	int main(int argc, char* argv[]) {

Backtrace END
Fliping array at pos: 424
Memory content before bitflip:0x20
Fault Model: Random bit-flip
base address to flip value: 0x7fffffffd768 
address max offset: 1
Memory content after  bitflip:0x56
frame name: main
symbol name: sandbox
symbol filename: nn.c
symbol line: 32
value: "1967  1 26  0  8 LESLIE     11.3 188.8   35  611\n2001  1  3  6  4 ISAAC      66.1 256.3   16  374\n1966  3  6  0  1 ISAAC       8.7  71.0  153  270\n1989  7 18 18  5 ISAAC      14.6 294.4  102  181\n1968"...
value address: 0x7fffffffd5c0
Type: The type is an array.
Type sizeof: 490
Field name: None
Field Type: A range type, that is, an integer type with bounds.
Field Type sizeof: 8
Field Type range: (0, 489)

[INFO -- 2018-10-19 03:13:59]
Fault Injection Successful after 3.0260672569274902s
[INFO -- 2018-10-19 03:14:02]
event type: exit
[INFO -- 2018-10-19 03:14:02]
exit code: 0
