[INFO -- 2018-10-12 08:30:40]
sending 5 signals using command: 'killall -2 fft_nn.out' after 21.3314011391s
[INFO -- 2018-10-12 08:30:43]
sending 5 signals using command: 'killall -2 fft_nn.out' after 23.6875296429s
[INFO -- 2018-10-12 08:30:44]
sending 5 signals using command: 'killall -2 fft_nn.out' after 24.9575311529s
[INFO -- 2018-10-12 08:30:44]
Starting GDB script
[INFO -- 2018-10-12 08:30:44]
initSignal:0.0
[INFO -- 2018-10-12 08:30:44]
endSignal:5.0
[INFO -- 2018-10-12 08:30:44]
sending 5 signals using command: 'killall -2 fft_nn.out' after 0.226773307432s
[INFO -- 2018-10-12 08:30:46]
sending 5 signals using command: 'killall -2 fft_nn.out' after 2.31594202233s
[INFO -- 2018-10-12 08:30:48]
sending 5 signals using command: 'killall -2 fft_nn.out' after 4.18301556602s
[INFO -- 2018-10-12 08:31:05]
Execution finished before waitTime
