[INFO -- 2018-10-10 10:52:39]
sending 5 signals using command: 'killall -2 fft_nn.out' after 21.7525934545s
[INFO -- 2018-10-10 10:52:40]
sending 5 signals using command: 'killall -2 fft_nn.out' after 22.7559696288s
[INFO -- 2018-10-10 10:52:41]
sending 5 signals using command: 'killall -2 fft_nn.out' after 23.8481475986s
[INFO -- 2018-10-10 10:52:41]
Starting GDB script
[INFO -- 2018-10-10 10:52:41]
initSignal:0.0
[INFO -- 2018-10-10 10:52:41]
endSignal:5.0
[INFO -- 2018-10-10 10:52:42]
sending 5 signals using command: 'killall -2 fft_nn.out' after 0.676230698361s
[INFO -- 2018-10-10 10:52:44]
sending 5 signals using command: 'killall -2 fft_nn.out' after 2.34045557048s
[INFO -- 2018-10-10 10:52:45]
sending 5 signals using command: 'killall -2 fft_nn.out' after 3.24188409843s
[INFO -- 2018-10-10 10:53:02]
Execution finished before waitTime
