[INFO -- 2018-12-03 14:24:24]
Starting flip_value script
version: 1.1
[INFO -- 2018-12-03 14:24:24]
Initialization strings:
[INFO -- 2018-12-03 14:24:24]
(1) file /home/latansini/carol-fi/carol-fi/codes/nnfulldup/nn-knl-files/nn
[INFO -- 2018-12-03 14:24:24]
(2) set args /home/latansini/carol-fi/carol-fi/codes/nnfulldup/nn-knl-files/filelist 20 5 5 /home/latansini/carol-fi/carol-fi/codes/nnfulldup/nn-knl-files/out20_5_5
[INFO -- 2018-12-03 14:24:24]
initSignal:0
[INFO -- 2018-12-03 14:24:24]
endSignal:2
[INFO -- 2018-12-03 14:24:24]
faultModel:1
[EXCEPTION -- 2018-12-03 14:24:24]
pythonException: invalid frame
[EXCEPTION -- 2018-12-03 14:24:24]
pythonException: invalid frame
[EXCEPTION -- 2018-12-03 14:24:24]
pythonException: invalid frame
[EXCEPTION -- 2018-12-03 14:24:24]
pythonException: invalid frame
[INFO -- 2018-12-03 14:24:24]
Backtrace BEGIN:
#0  0x00007ffff78d4e84 in ?? () from /usr/lib/x86_64-linux-gnu/libgomp.so.1
#1  0x00007ffff78d3ae9 in ?? () from /usr/lib/x86_64-linux-gnu/libgomp.so.1
#2  0x0000000000400f98 in nn_wrapper (filename=0x7fffffffe7d7 "/home/latansini/carol-fi/carol-fi/codes/nnfulldup/nn-knl-files/filelist", k=20, target_lat=5, target_long=5) at nn.c:97
#3  0x000000000040148d in main (argc=6, argv=0x7fffffffe568) at nn.c:195

168			fclose(logfile);
169		}
170	
171		if(file!= NULL){
172	    		fclose(file);
173		}
174	}
175	
176	int main(int argc, char* argv[]) {
177	    int    k=0;

Backtrace END
Fliping array at pos: 363
Memory content before bitflip:0x59
Fault Model: Double bit-flip
base address to flip value: 0x7fffffffe33b 
address max offset: 1
Memory content after  bitflip:0x71
frame name: nn_wrapper
symbol name: sandbox
symbol filename: nn.c
symbol line: 30
value: "1963  2  1 18 13 BERYL      65.1 335.1  124   46\n1971 11 12 18 24 WILLIAM    17.7  18.7  124   98\n1986 10 11  0  7 VALERIE    41.8 155.1  125  485\n1950 12 13  6 12 DEBBY      44.1 179.0   41  405\n1993"...
value address: 0x7fffffffe1d0
Type: The type is an array.
Type sizeof: 490
Field name: None
Field Type: A range type, that is, an integer type with bounds.
Field Type sizeof: 8
Field Type range: (0L, 489L)

[INFO -- 2018-12-03 14:24:24]
Fault Injection Successful after 0.88204908371s
[INFO -- 2018-12-03 14:24:27]
event type: exit
[INFO -- 2018-12-03 14:24:27]
exit code: 0
