[INFO -- 2018-12-09 15:21:14]
Starting flip_value script
version: 1.1
[INFO -- 2018-12-09 15:21:14]
Initialization strings:
[INFO -- 2018-12-09 15:21:14]
(1) file /home/melkor/ETAPA2/dup_nn/nn-knl-files/nn
[INFO -- 2018-12-09 15:21:14]
(2) set args /home/melkor/ETAPA2/dup_nn/nn-knl-files/filelist 20 5 5 /home/melkor/ETAPA2/dup_nn/nn-knl-files/out20_5_5
[INFO -- 2018-12-09 15:21:14]
initSignal:0
[INFO -- 2018-12-09 15:21:14]
endSignal:1
[INFO -- 2018-12-09 15:21:14]
faultModel:1
[EXCEPTION -- 2018-12-09 15:21:15]
gdbException: Tentativo de desreferenciar um ponteiro genérico.
[EXCEPTION -- 2018-12-09 15:21:15]
gdbException: Tentativo de desreferenciar um ponteiro genérico.
[INFO -- 2018-12-09 15:21:15]
Backtrace BEGIN:
#0  0x00007ffff7820ee6 in ?? () from /usr/lib/x86_64-linux-gnu/libgomp.so.1
#1  0x00007ffff781f392 in ?? () from /usr/lib/x86_64-linux-gnu/libgomp.so.1
#2  0x00007ffff7815eca in GOMP_parallel () from /usr/lib/x86_64-linux-gnu/libgomp.so.1
#3  0x00005555555555ed in main (argc=6, argv=0x7fffffffdf08) at nn.c:196

2284	in rtld.c

Backtrace END
Memory content before bitflip:0x060x000x000x00
Fault Model: Double bit-flip
base address to flip value: 0x7fffffffdb2c
address max offset: 4
Memory content after  bitflip:0x060x000x220x00
frame name: main
symbol name: argc
symbol filename: nn.c
symbol line: 82
value: 2228230
value address: 0x7fffffffdb2c
Type: The type is an integer type.
Type sizeof: 4

[INFO -- 2018-12-09 15:21:15]
Fault Injection Successful after 1.5776488780975342s
[INFO -- 2018-12-09 15:21:15]
event type: exit
[INFO -- 2018-12-09 15:21:15]
exit code: 0
