[INFO -- 2018-10-08 14:25:06]
sending 5 signals using command: 'killall -2 fft_nn.out' after 20.9584671126s
[INFO -- 2018-10-08 14:25:06]
sending 5 signals using command: 'killall -2 fft_nn.out' after 21.6003150213s
[INFO -- 2018-10-08 14:25:09]
sending 5 signals using command: 'killall -2 fft_nn.out' after 24.6413491174s
[INFO -- 2018-10-08 14:25:09]
Starting GDB script
[INFO -- 2018-10-08 14:25:09]
initSignal:0.0
[INFO -- 2018-10-08 14:25:09]
endSignal:5.0
[INFO -- 2018-10-08 14:25:09]
sending 5 signals using command: 'killall -2 fft_nn.out' after 0.0601333061331s
[INFO -- 2018-10-08 14:25:12]
sending 5 signals using command: 'killall -2 fft_nn.out' after 2.89291917109s
[INFO -- 2018-10-08 14:25:13]
sending 5 signals using command: 'killall -2 fft_nn.out' after 3.60308752933s
[INFO -- 2018-10-08 14:25:30]
Execution finished before waitTime
