[INFO -- 2018-10-08 05:02:41]
Starting flip_value script
version: 1.1
[INFO -- 2018-10-08 05:02:41]
Initialization strings:
[INFO -- 2018-10-08 05:02:41]
(1) file /tmp/fft_nn/fft_nn.out
[INFO -- 2018-10-08 05:02:41]
(2) set args 32768 /tmp/fft_nn/output_falha.data
[INFO -- 2018-10-08 05:02:41]
initSignal:0
[INFO -- 2018-10-08 05:02:41]
endSignal:5
[INFO -- 2018-10-08 05:02:41]
faultModel:0
[INFO -- 2018-10-08 05:02:42]
Backtrace BEGIN:
#0  __GI__IO_sputbackc (fp=fp@entry=0x6062c0, c=c@entry=44) at genops.c:732
#1  0x00007ffff702927b in _IO_vfscanf_internal (s=s@entry=0x6062c0, format=<optimized out>, argptr=argptr@entry=0x7fffffffd8c8, errp=errp@entry=0x0) at vfscanf.c:1811
#2  0x00007ffff7032162 in __isoc99_fscanf (stream=0x6062c0, format=<optimized out>) at isoc99_fscanf.c:34
#3  0x00007ffff7bcf187 in fann_create_from_fd () from /usr/local/lib/libfann.so.2
#4  0x00007ffff7bcf608 in fann_create_from_file () from /usr/local/lib/libfann.so.2
#5  0x00000000004019b7 in radix2DitCooleyTykeyFft(int, int*, Complex*, Complex*) ()
#6  0x0000000000401631 in main ()

727	genops.c: Arquivo ou diretório não encontrado.

Backtrace END
Fliping a bit of the pointer
Memory content before bitflip:0x000x000x000x000x000x000x000x00
Fault Model: Single bit-flip
base address to flip value: 0x7ffff7398980 
address max offset: 8
Memory content after  bitflip:0x000x000x000x080x000x000x000x00
frame name: __GI__IO_sputbackc
symbol name: freeres_list
symbol filename: genops.c
symbol line: 944
value: 0x0
value address: 0x7ffff7398980 <freeres_list>
Type: The type is a pointer.
Type sizeof: 8

[INFO -- 2018-10-08 05:02:42]
Fault Injection Successful after 1.8435759544372559s
[INFO -- 2018-10-08 05:03:00]
event type: exit
[INFO -- 2018-10-08 05:03:00]
exit code: 0
