[INFO -- 2018-10-09 03:55:41]
Starting flip_value script
version: 1.1
[INFO -- 2018-10-09 03:55:41]
Initialization strings:
[INFO -- 2018-10-09 03:55:41]
(1) file /tmp/fft_nn/fft_nn.out
[INFO -- 2018-10-09 03:55:41]
(2) set args 32768 /tmp/fft_nn/output_falha.data
[INFO -- 2018-10-09 03:55:41]
initSignal:10
[INFO -- 2018-10-09 03:55:41]
endSignal:15
[INFO -- 2018-10-09 03:55:41]
faultModel:2
[INFO -- 2018-10-09 03:55:52]
Backtrace BEGIN:
#0  0x00007ffff7028825 in _IO_vfscanf_internal (s=s@entry=0x6062c0, format=<optimized out>, argptr=argptr@entry=0x7fffffffd408, errp=errp@entry=0x0) at vfscanf.c:440
#1  0x00007ffff7032162 in __isoc99_fscanf (stream=0x6062c0, format=<optimized out>) at isoc99_fscanf.c:34
#2  0x00007ffff7bcecea in fann_create_from_fd () from /usr/local/lib/libfann.so.2
#3  0x00007ffff7bcf608 in fann_create_from_file () from /usr/local/lib/libfann.so.2
#4  0x00000000004019b7 in radix2DitCooleyTykeyFft(int, int*, Complex*, Complex*) ()
#5  0x0000000000401631 in main ()

435	vfscanf.c: Arquivo ou diretório não encontrado.

Backtrace END
Fliping value of field: __prev
Fliping a bit of the pointer
Memory content before bitflip:0x000x000x000x000x000x000x000x00
Fault Model: Random bit-flip
base address to flip value: 0x7fffffffd298
address max offset: 8
Memory content after  bitflip:0x050x0e0x6f0x440x640x8d0xde0x1c
frame name: _IO_vfscanf_internal
symbol name: _buffer
symbol filename: vfscanf.c
symbol line: 358
value: {__routine = 0x7ffff7031cc0 <__funlockfile>, __arg = 0x6062c0, __canceltype = 0, __prev = 0x1cde8d64446f0e05}
value address: 0x7fffffffd280
Type: The type is a structure.
Type sizeof: 32
Field name: __routine
Field Type: The type is a pointer.
Field Type sizeof: 8
Field name: __arg
Field Type: The type is a pointer.
Field Type sizeof: 8
Field name: __canceltype
Field Type: The type is an integer type.
Field Type sizeof: 4
Field name: __prev
Field Type: The type is a pointer.
Field Type sizeof: 8

[INFO -- 2018-10-09 03:55:52]
Fault Injection Successful after 11.309788942337036s
[INFO -- 2018-10-09 03:56:01]
event type: exit
[INFO -- 2018-10-09 03:56:01]
exit code: 0
