[INFO -- 2018-10-05 16:52:43]
sending 5 signals using command: 'killall -2 fft_nn.out' after 20.501453195s
[INFO -- 2018-10-05 16:52:45]
sending 5 signals using command: 'killall -2 fft_nn.out' after 21.7990905732s
[INFO -- 2018-10-05 16:52:47]
sending 5 signals using command: 'killall -2 fft_nn.out' after 24.4146334341s
[INFO -- 2018-10-05 16:52:47]
Starting GDB script
[INFO -- 2018-10-05 16:52:47]
initSignal:0.0
[INFO -- 2018-10-05 16:52:47]
endSignal:5.0
[INFO -- 2018-10-05 16:52:48]
sending 5 signals using command: 'killall -2 fft_nn.out' after 0.0643471367619s
[INFO -- 2018-10-05 16:52:48]
sending 5 signals using command: 'killall -2 fft_nn.out' after 0.49265258452s
[INFO -- 2018-10-05 16:52:48]
sending 5 signals using command: 'killall -2 fft_nn.out' after 0.83501523835s
[INFO -- 2018-10-05 16:53:08]
Execution finished before waitTime
