[INFO -- 2018-10-04 17:34:28]
sending 5 signals using command: 'killall -2 inversek2j.out' after 5.17024571155s
[INFO -- 2018-10-04 17:34:34]
sending 5 signals using command: 'killall -2 inversek2j.out' after 10.3253237463s
[INFO -- 2018-10-04 17:34:40]
sending 5 signals using command: 'killall -2 inversek2j.out' after 16.5154349869s
[INFO -- 2018-10-04 17:34:40]
Starting GDB script
[INFO -- 2018-10-04 17:34:40]
initSignal:0.0
[INFO -- 2018-10-04 17:34:40]
endSignal:17.0
[INFO -- 2018-10-04 17:34:41]
sending 5 signals using command: 'killall -2 inversek2j.out' after 1.05878725307s
[INFO -- 2018-10-04 17:34:43]
sending 5 signals using command: 'killall -2 inversek2j.out' after 3.05920300525s
[INFO -- 2018-10-04 17:34:44]
sending 5 signals using command: 'killall -2 inversek2j.out' after 4.05211211785s
[INFO -- 2018-10-04 17:34:45]
Execution finished before waitTime
