[INFO -- 2018-10-11 21:43:51]
sending 5 signals using command: 'killall -2 fft_nn.out' after 23.582052752s
[INFO -- 2018-10-11 21:43:51]
sending 5 signals using command: 'killall -2 fft_nn.out' after 23.863209741s
[INFO -- 2018-10-11 21:43:51]
sending 5 signals using command: 'killall -2 fft_nn.out' after 24.0773810507s
[INFO -- 2018-10-11 21:43:51]
Starting GDB script
[INFO -- 2018-10-11 21:43:51]
initSignal:0.0
[INFO -- 2018-10-11 21:43:51]
endSignal:5.0
[INFO -- 2018-10-11 21:43:52]
sending 5 signals using command: 'killall -2 fft_nn.out' after 0.362139964136s
[INFO -- 2018-10-11 21:43:53]
sending 5 signals using command: 'killall -2 fft_nn.out' after 1.84676758881s
[INFO -- 2018-10-11 21:43:55]
sending 5 signals using command: 'killall -2 fft_nn.out' after 4.10742219907s
[INFO -- 2018-10-11 21:44:12]
Execution finished before waitTime
