[INFO -- 2018-12-03 22:37:09]
Starting flip_value script
version: 1.1
[INFO -- 2018-12-03 22:37:09]
Initialization strings:
[INFO -- 2018-12-03 22:37:09]
(1) file /home/latansini/carol-fi/carol-fi/codes/nnfulldup/nn-knl-files/nn
[INFO -- 2018-12-03 22:37:09]
(2) set args /home/latansini/carol-fi/carol-fi/codes/nnfulldup/nn-knl-files/filelist 20 5 5 /home/latansini/carol-fi/carol-fi/codes/nnfulldup/nn-knl-files/out20_5_5
[INFO -- 2018-12-03 22:37:09]
initSignal:0
[INFO -- 2018-12-03 22:37:09]
endSignal:2
[INFO -- 2018-12-03 22:37:09]
faultModel:2
[INFO -- 2018-12-03 22:37:09]
Backtrace BEGIN:
#0  0x00007ffff78d4e49 in ?? () from /usr/lib/x86_64-linux-gnu/libgomp.so.1
#1  0x00007ffff78d3ae9 in ?? () from /usr/lib/x86_64-linux-gnu/libgomp.so.1
#2  0x0000000000400f98 in nn_wrapper (filename=0x7fffffffe7d7 "/home/latansini/carol-fi/carol-fi/codes/nnfulldup/nn-knl-files/filelist", k=20, target_lat=5, target_long=5) at nn.c:97
#3  0x000000000040148d in main (argc=6, argv=0x7fffffffe568) at nn.c:195

168			fclose(logfile);
169		}
170	
171		if(file!= NULL){
172	    		fclose(file);
173		}
174	}
175	
176	int main(int argc, char* argv[]) {
177	    int    k=0;

Backtrace END
Fliping array at pos: 409
Memory content before bitflip:0x47
Fault Model: Random bit-flip
base address to flip value: 0x7fffffffe369 
address max offset: 1
Memory content after  bitflip:0x73
frame name: nn_wrapper
symbol name: sandbox
symbol filename: nn.c
symbol line: 30
value: "1982 12 16  0 15 VALERIE    59.4  42.0  138  449\n1960  9  8  6 28 LESLIE     26.8 134.3   34  432\n1984  5 22  0 15 HELENE     64.6 190.3   78  536\n1988  9 24  0 10 MICHAEL    17.2  95.1   47  478\n2004"...
value address: 0x7fffffffe1d0
Type: The type is an array.
Type sizeof: 490
Field name: None
Field Type: A range type, that is, an integer type with bounds.
Field Type sizeof: 8
Field Type range: (0L, 489L)

[INFO -- 2018-12-03 22:37:09]
Fault Injection Successful after 0.929388999939s
[INFO -- 2018-12-03 22:37:12]
event type: exit
[INFO -- 2018-12-03 22:37:12]
exit code: 0
