[INFO -- 2018-10-11 00:56:04]
sending 5 signals using command: 'killall -2 fft_nn.out' after 21.2748175835s
[INFO -- 2018-10-11 00:56:05]
sending 5 signals using command: 'killall -2 fft_nn.out' after 21.965635376s
[INFO -- 2018-10-11 00:56:07]
sending 5 signals using command: 'killall -2 fft_nn.out' after 24.6400371455s
[INFO -- 2018-10-11 00:56:08]
Starting GDB script
[INFO -- 2018-10-11 00:56:08]
initSignal:0.0
[INFO -- 2018-10-11 00:56:08]
endSignal:5.0
[INFO -- 2018-10-11 00:56:10]
sending 5 signals using command: 'killall -2 fft_nn.out' after 2.19181862254s
[INFO -- 2018-10-11 00:56:10]
sending 5 signals using command: 'killall -2 fft_nn.out' after 2.88094321954s
[INFO -- 2018-10-11 00:56:11]
sending 5 signals using command: 'killall -2 fft_nn.out' after 3.29709962201s
[INFO -- 2018-10-11 00:56:28]
Execution finished before waitTime
