[INFO -- 2018-12-03 13:44:52]
Starting flip_value script
version: 1.1
[INFO -- 2018-12-03 13:44:52]
Initialization strings:
[INFO -- 2018-12-03 13:44:52]
(1) file /home/latansini/carol-fi/carol-fi/codes/nnfulldup/nn-knl-files/nn
[INFO -- 2018-12-03 13:44:52]
(2) set args /home/latansini/carol-fi/carol-fi/codes/nnfulldup/nn-knl-files/filelist 20 5 5 /home/latansini/carol-fi/carol-fi/codes/nnfulldup/nn-knl-files/out20_5_5
[INFO -- 2018-12-03 13:44:52]
initSignal:0
[INFO -- 2018-12-03 13:44:52]
endSignal:2
[INFO -- 2018-12-03 13:44:52]
faultModel:2
[EXCEPTION -- 2018-12-03 13:44:52]
pythonException: invalid frame
[EXCEPTION -- 2018-12-03 13:44:52]
pythonException: invalid frame
[EXCEPTION -- 2018-12-03 13:44:52]
gdbException: No symbol "None" in current context.
