[INFO -- 2018-10-12 02:59:37]
sending 5 signals using command: 'killall -2 fft_nn.out' after 22.1986869759s
[INFO -- 2018-10-12 02:59:38]
sending 5 signals using command: 'killall -2 fft_nn.out' after 22.8203698831s
[INFO -- 2018-10-12 02:59:38]
sending 5 signals using command: 'killall -2 fft_nn.out' after 23.5542266153s
[INFO -- 2018-10-12 02:59:38]
Starting GDB script
[INFO -- 2018-10-12 02:59:38]
initSignal:0.0
[INFO -- 2018-10-12 02:59:38]
endSignal:5.0
[INFO -- 2018-10-12 02:59:39]
sending 5 signals using command: 'killall -2 fft_nn.out' after 0.431330649542s
[INFO -- 2018-10-12 02:59:40]
sending 5 signals using command: 'killall -2 fft_nn.out' after 1.65033183104s
[INFO -- 2018-10-12 02:59:42]
sending 5 signals using command: 'killall -2 fft_nn.out' after 3.57424286974s
[INFO -- 2018-10-12 02:59:59]
Execution finished before waitTime
