[INFO -- 2018-10-06 06:27:33]
Starting flip_value script
version: 1.1
[INFO -- 2018-10-06 06:27:33]
Initialization strings:
[INFO -- 2018-10-06 06:27:33]
(1) file /tmp/fft_nn/fft_nn.out
[INFO -- 2018-10-06 06:27:33]
(2) set args 32768 /tmp/fft_nn/output_falha.data
[INFO -- 2018-10-06 06:27:33]
initSignal:5
[INFO -- 2018-10-06 06:27:33]
endSignal:10
[INFO -- 2018-10-06 06:27:33]
faultModel:1
[EXCEPTION -- 2018-10-06 06:27:38]
gdbException: Não é possível acessar a memória no endereço 0x7fff00000001
[INFO -- 2018-10-06 06:27:38]
Backtrace BEGIN:
#0  0x00007ffff7013675 in __GI_____strtof_l_internal (nptr=<optimized out>, endptr=0x7fffffffd6f0, group=<optimized out>, loc=<optimized out>) at strtod_l.c:1013
#1  0x00007ffff7011d60 in __GI___strtof_internal (nptr=<optimized out>, endptr=<optimized out>, group=<optimized out>) at strtod.c:54
#2  0x00007ffff702b948 in _IO_vfscanf_internal (s=s@entry=0x6062c0, format=<optimized out>, argptr=argptr@entry=0x7fffffffd8c8, errp=errp@entry=0x0) at vfscanf.c:2365
#3  0x00007ffff7032162 in __isoc99_fscanf (stream=0x6062c0, format=<optimized out>) at isoc99_fscanf.c:34
#4  0x00007ffff7bcef44 in fann_create_from_fd () from /usr/local/lib/libfann.so.2
#5  0x00007ffff7bcf608 in fann_create_from_file () from /usr/local/lib/libfann.so.2
#6  0x00000000004019b7 in radix2DitCooleyTykeyFft(int, int*, Complex*, Complex*) ()
#7  0x0000000000401631 in main ()

1008	in strtod_l.c

Backtrace END
Fliping array at pos: 9
Memory content before bitflip:0xbc0x000x000x000x000x000x000x00
Fault Model: Double bit-flip
base address to flip value: 0x7fffffffd428
address max offset: 8
Memory content after  bitflip:0xbc0x000x000x000x000x000x000x90
frame name: __GI_____strtof_l_internal
symbol name: num
symbol filename: strtod_l.c
symbol line: 485
value: {3602879701896396800, 6250000093132257461, 68, 4, 18865251664, 6812, 6812, 6812, 188, 10376293541461622972}
value address: 0x7fffffffd3e0
Type: The type is an array.
Type sizeof: 80
Field name: None
Field Type: A range type, that is, an integer type with bounds.
Field Type sizeof: 8
Field Type range: (0, 9)

[INFO -- 2018-10-06 06:27:38]
Fault Injection Successful after 5.786425828933716s
[INFO -- 2018-10-06 06:27:53]
event type: exit
[INFO -- 2018-10-06 06:27:53]
exit code: 0
