[INFO -- 2018-10-10 09:16:44]
Starting flip_value script
version: 1.1
[INFO -- 2018-10-10 09:16:44]
Initialization strings:
[INFO -- 2018-10-10 09:16:44]
(1) file /tmp/fft_nn/fft_nn.out
[INFO -- 2018-10-10 09:16:44]
(2) set args 32768 /tmp/fft_nn/output_falha.data
[INFO -- 2018-10-10 09:16:44]
initSignal:5
[INFO -- 2018-10-10 09:16:44]
endSignal:10
[INFO -- 2018-10-10 09:16:44]
faultModel:1
[EXCEPTION -- 2018-10-10 09:16:50]
gdbException: No symbol "None" in current context.
[INFO -- 2018-10-10 09:16:50]
Backtrace BEGIN:
#0  0x00007ffff7011e2a in str_to_mpn (str=0x7fffffffd013 "906e+00", str@entry=0x7fffffffd001 ".21662735939025878906e+00", digcnt=3, digcnt@entry=20, n=n@entry=0x7fffffffcf20, nsize=nsize@entry=0x7fffffffcef0, exponent=exponent@entry=0x7fffffffcf00, decimal_len=decimal_len@entry=1, thousands=thousands@entry=0x0, decimal=<optimized out>) at strtod_l.c:385
#1  0x00007ffff7012c2b in __GI_____strtof_l_internal (nptr=<optimized out>, endptr=<optimized out>, group=<optimized out>, loc=<optimized out>) at strtod_l.c:1427
#2  0x00007ffff7011d60 in __GI___strtof_internal (nptr=<optimized out>, endptr=<optimized out>, group=<optimized out>) at strtod.c:54
#3  0x00007ffff702b948 in _IO_vfscanf_internal (s=s@entry=0x6062c0, format=<optimized out>, argptr=argptr@entry=0x7fffffffd408, errp=errp@entry=0x0) at vfscanf.c:2365
#4  0x00007ffff7032162 in __isoc99_fscanf (stream=0x6062c0, format=<optimized out>) at isoc99_fscanf.c:34
#5  0x00007ffff7bcf187 in fann_create_from_fd () from /usr/local/lib/libfann.so.2
#6  0x00007ffff7bcf608 in fann_create_from_file () from /usr/local/lib/libfann.so.2
#7  0x00000000004019b7 in radix2DitCooleyTykeyFft(int, int*, Complex*, Complex*) ()
#8  0x0000000000401631 in main ()

380	in strtod_l.c

Backtrace END
Fliping a bit of the pointer
Memory content before bitflip:0x000x000x000x000x000x000x000x00
Fault Model: Double bit-flip
base address to flip value: 0x7fffffffce60
address max offset: 8
Memory content after  bitflip:0x000x000x000x000x000x000x840x00
frame name: str_to_mpn
symbol name: thousands
symbol filename: strtod_l.c
symbol line: 340
value: 0x0
value address: 0x7fffffffce60
Type: The type is a pointer.
Type sizeof: 8

[INFO -- 2018-10-10 09:16:50]
Fault Injection Successful after 6.998342990875244s
[INFO -- 2018-10-10 09:17:04]
event type: exit
[INFO -- 2018-10-10 09:17:04]
exit code: 0
