 32693  -2283005.000000   -2283765.250000 
 32565  -846712.375000   -846721.375000 
 32437  -516880.937500   -515318.906250 
 32309  -365748.500000   -366695.562500 
 32181  -290099.812500   -289080.125000 
 32053  -240475.140625   -240838.734375 
 31925  -201305.281250   -202239.390625 
 31797  -172150.125000   -171535.062500 
 31669  -154441.734375   -155081.921875 
 31541  -138399.687500   -138437.750000 
 31413  -126557.640625   -125414.906250 
 31285  -113079.390625   -113683.250000 
 31157  -105741.437500   -105350.828125 
 31029  -97837.187500   -97908.257812 
 30901  -88410.359375   -88863.031250 
 30773  -83467.906250   -83141.531250 
 30645  -79986.335938   -79955.992188 
 30517  -75076.023438   -75096.640625 
 30389  -69954.054688   -70135.796875 
 30261  -65686.148438   -65583.281250 
 30133  -62538.335938   -63108.265625 
 30005  -61618.421875   -61263.929688 
 29877  -57981.769531   -57949.828125 
 29749  -54686.281250   -54568.964844 
 29621  -54043.984375   -53274.597656 
 29493  -50751.878906   -50780.250000 
 29365  -47549.710938   -48487.093750 
 29237  -46084.609375   -45928.097656 
 29109  -42806.343750   -44103.582031 
 28981  -43580.050781   -42790.410156 
 28853  -40464.906250   -40837.699219 
 28725  -40213.007812   -39820.468750 
 28597  -40537.402344   -39226.769531 
 28469  -37937.351562   -37933.171875 
 28341  -33672.125000   -36331.671875 
 28213  -36087.703125   -34545.378906 
 28085  -31603.888672   -33685.531250 
 27957  -33972.585938   -33083.484375 
 27829  -33167.179688   -31791.162109 
 27701  -29438.265625   -30217.441406 
 27573  -31813.896484   -30111.292969 
 27445  -29274.900391   -29244.197266 
 27317  -25815.537109   -28529.851562 
 27189  -28762.990234   -27622.783203 
 27061  -25131.562500   -27097.933594 
 26933  -27440.521484   -26491.531250 
 26805  -25623.757812   -25261.820312 
 26677  -24670.607422   -24765.173828 
 26549  -26056.755859   -24578.835938 
 26421  -23907.626953   -23885.705078 
 26293  -20337.263672   -22948.539062 
 26165  -23406.945312   -22075.085938 
 26037  -19959.316406   -21695.763672 
 25909  -22238.533203   -21500.835938 
 25781  -21398.560547   -20680.187500 
 25653  -19609.248047   -19896.082031 
 25525  -20800.849609   -19666.720703 
 25397  -19049.875000   -19049.035156 
 25269  -17041.726562   -18540.632812 
 25141  -18535.949219   -17971.921875 
 25013  -16481.902344   -17642.759766 
 24885  -18015.531250   -17466.582031 
 24757  -17221.130859   -16929.636719 
 24629  -16514.316406   -16702.929688 
 24501  -16554.968750   -15717.224609 
 24373  -16019.539062   -15978.136719 
 24245  -13629.838867   -15537.603516 
 24117  -16165.273438   -14951.252930 
 23989  -13720.025391   -14662.865234 
 23861  -14743.634766   -14478.181641 
 23733  -15167.621094   -13941.535156 
 23605  -12421.052734   -13278.123047 
 23477  -13789.909180   -13206.070312 
 23349  -12869.630859   -12811.277344 
 23221  -11148.066406   -12492.787109 
 23093  -12922.882812   -12095.900391 
 22965  -11462.175781   -11874.734375 
 22837  -11673.146484   -11622.433594 
 22709  -11877.740234   -11079.783203 
 22581  -10244.654297   -10845.132812 
 22453  -10949.625000   -10797.177734 
 22325  -10542.509766   -10497.220703 
 22197  -9537.314453   -10105.699219 
 22069  -10163.640625   -9729.306641 
 21941  -9695.886719   -9600.279297 
 21813  -9377.789062   -9545.060547 
 21685  -9768.167969   -9219.658203 
 21557  -8374.638672   -8859.476562 
 21429  -8571.568359   -8775.992188 
 21301  -8517.441406   -8471.408203 
 21173  -8009.775391   -8178.421875 
 21045  -8196.883789   -7829.623047 
 20917  -8029.138672   -7597.679688 
 20789  -7090.232422   -7449.353516 
 20661  -7868.063477   -7171.317383 
 20533  -6421.751953   -7013.037109 
 20405  -6313.761719   -6763.541016 
 20277  -6660.787109   -6628.386719 
 20149  -6898.052734   -6311.078125 
 20021  -5737.125000   -5968.806641 
 19893  -6551.720703   -5752.121094 
 19765  -5174.279297   -5596.205078 
 19637  -5245.189453   -5306.113281 
 19509  -4910.814453   -4995.318359 
 19381  -4199.677734   -4868.734375 
 19253  -4648.072266   -4627.396484 
 19125  -5126.531250   -4416.285156 
 18997  -4080.003906   -4181.218750 
 18869  -4839.390625   -3992.398438 
 18741  -3291.078125   -3793.875000 
 18613  -3909.117188   -3528.296875 
 18485  -2974.281250   -3372.160156 
 18357  -2539.753906   -3220.269531 
 18229  -3052.089844   -3028.074219 
 18101  -3705.664062   -2806.351562 
 17973  -2285.914062   -2608.355469 
 17845  -3410.003906   -2465.562500 
 17717  -1848.609375   -2348.335938 
 17589  -2272.828125   -2160.585938 
 17461  -1719.437500   -1984.476562 
 17333  -1150.156250   -1848.640625 
 17205  -1708.093750   -1671.906250 
 17077  -2077.570312   -1498.664062 
 16949  -1313.421875   -1312.953125 
 16821  -2012.296875   -1131.796875 
 16693  -417.031250   -941.312500 
 16565  -987.250000   -700.187500 
 16437  -44.250000   -291.625000 
 16309  4671.000000   3911.625000 
 16181  1101.031250   1093.281250 
 16053  -824.156250   715.937500 
 15925  1538.812500   615.125000 
 15797  -223.125000   813.828125 
 15669  1335.304688   950.382812 
 15541  2050.593750   1155.125000 
 15413  593.257812   1170.726562 
 15285  2252.882812   1555.156250 
 15157  1850.062500   1816.046875 
 15029  804.378906   2028.898438 
 14901  2801.433594   2183.984375 
 14773  1895.195312   2444.398438 
 14645  2868.824219   2693.519531 
 14517  3159.093750   2754.371094 
 14389  2606.558594   2874.058594 
 14261  3510.382812   3327.164062 
 14133  3570.128906   3551.535156 
 14005  3528.812500   3769.144531 
 13877  4023.693359   3910.505859 
 13749  4349.488281   4192.304688 
 13621  4326.398438   4468.423828 
 13493  4691.812500   4637.605469 
 13365  4639.466797   4734.332031 
 13237  4712.025391   5087.216797 
 13109  5325.777344   5309.429688 
 12981  6006.232422   5522.906250 
 12853  5573.845703   5650.587891 
 12725  6543.150391   5818.156250 
 12597  5563.625000   6013.277344 
 12469  6330.035156   6113.835938 
 12341  6187.238281   6416.421875 
 12213  6380.292969   7152.707031 
 12085  7165.630859   7168.027344 
 11957  8973.350586   7384.845703 
 11829  6574.398438   7498.239258 
 11701  9110.230469   7850.800781 
 11573  7656.486328   8199.175781 
 11445  7566.832031   8386.691406 
 11317  8858.751953   8403.011719 
 11189  7887.906250   8933.435547 
 11061  9190.130859   9206.205078 
 10933  11133.835938   9497.253906 
 10805  9039.720703   9700.570312 
 10677  11283.580078   10057.169922 
 10549  9772.628906   10381.613281 
 10421  10289.974609   10411.123047 
 10293  10690.890625   10729.859375 
 10165  10349.039062   11285.480469 
 10037  11564.449219   11568.609375 
 9909  13291.460938   11733.216797 
 9781  11149.693359   11889.066406 
 9653  13469.552734   12316.451172 
 9525  12306.533203   12839.720703 
 9397  12742.810547   12978.978516 
 9269  13056.382812   13087.007812 
 9141  12771.029297   13564.607422 
 9013  13774.488281   13752.343750 
 8885  14805.965820   13996.239258 
 8757  14042.231445   14178.637695 
 8629  15472.550781   14555.503906 
 8501  14566.929688   15088.789062 
 8373  15583.841797   15352.310547 
 8245  15788.312500   16022.750000 
 8117  16839.730469   17599.667969 
 7989  17288.316406   17296.082031 
 7861  19077.900391   17512.267578 
 7733  16662.638672   17615.716797 
 7605  19364.087891   18270.634766 
 7477  18539.546875   18957.062500 
 7349  18255.183594   19247.917969 
 7221  19800.218750   19139.972656 
 7093  19343.083984   20192.501953 
 6965  20631.197266   20672.923828 
 6837  22860.171875   21210.718750 
 6709  20694.171875   21567.281250 
 6581  23226.875000   22320.585938 
 6453  22679.310547   23029.416016 
 6325  22358.027344   23028.291016 
 6197  24097.839844   23643.351562 
 6069  24365.000000   25012.162109 
 5941  25628.169922   25669.064453 
 5813  27559.996094   26130.617188 
 5685  25684.154297   26533.574219 
 5557  28330.359375   27677.689453 
 5429  28853.458984   29050.294922 
 5301  28973.320312   29661.587891 
 5173  30544.056641   30093.742188 
 5045  31260.277344   31631.003906 
 4917  32387.517578   32416.886719 
 4789  34010.968750   33244.335938 
 4661  33328.015625   33795.179688 
 4533  35066.109375   34815.718750 
 4405  36212.867188   36239.281250 
 4277  36579.824219   37107.550781 
 4149  39227.984375   38804.535156 
 4021  40750.148438   40826.718750 
 3893  42423.906250   42457.968750 
 3765  43957.804688   43596.511719 
 3637  44194.144531   44483.179688 
 3509  46370.554688   46512.261719 
 3381  49227.910156   49069.234375 
 3253  50313.730469   50653.890625 
 3125  52169.531250   51863.886719 
 2997  55770.386719   55526.804688 
 2869  58020.734375   58050.375000 
 2741  60987.554688   61074.296875 
 2613  63746.445312   63906.761719 
 2485  67339.687500   67806.632812 
 2357  72202.500000   71863.765625 
 2229  74162.640625   74652.343750 
 2101  80482.718750   80028.390625 
 1973  87176.078125   86708.875000 
 1845  92653.187500   92683.695312 
 1717  97821.328125   98364.406250 
 1589  105450.562500   105312.562500 
 1461  115039.859375   115818.156250 
 1333  130053.992188   129607.179688 
 1205  141766.906250   141991.515625 
 1077  158065.515625   157734.562500 
 949  182425.921875   181789.593750 
 821  209017.250000   209057.046875 
 693  246864.781250   247352.140625 
 565  301603.500000   301650.218750 
 437  391005.312500   391865.406250 
 309  561711.500000   561188.812500 
 181  948900.750000   949205.875000 
 53  3255876.250000   3255624.500000 
