[INFO -- 2018-10-15 21:05:15]
Starting flip_value script
version: 1.1
[INFO -- 2018-10-15 21:05:15]
Initialization strings:
[INFO -- 2018-10-15 21:05:15]
(1) file /home/latansini/Desktop/trabalhoftf/carol-fi/sample-code/inverse_nn/inversek2j_nn.out
[INFO -- 2018-10-15 21:05:15]
(2) set args /home/latansini/Desktop/trabalhoftf/carol-fi/sample-code/inverse_nn/input_250k /home/latansini/Desktop/trabalhoftf/carol-fi/sample-code/inverse_nn/output_falha.data
[INFO -- 2018-10-15 21:05:15]
initSignal:8
[INFO -- 2018-10-15 21:05:15]
endSignal:10
[INFO -- 2018-10-15 21:05:15]
faultModel:4
[EXCEPTION -- 2018-10-15 21:05:24]
gdbException: Tentativo de desreferenciar um ponteiro genérico.
[INFO -- 2018-10-15 21:05:24]
Backtrace BEGIN:
#0  0x00007ffff7012948 in __GI_____strtof_l_internal (nptr=<optimized out>, endptr=0x7fffffffcf00, group=<optimized out>, loc=<optimized out>) at strtod_l.c:1002
#1  0x00007ffff7011d60 in __GI___strtof_internal (nptr=<optimized out>, endptr=<optimized out>, group=<optimized out>) at strtod.c:54
#2  0x00007ffff702b948 in _IO_vfscanf_internal (s=s@entry=0x608610, format=<optimized out>, argptr=argptr@entry=0x7fffffffd0d8, errp=errp@entry=0x0) at vfscanf.c:2365
#3  0x00007ffff7032162 in __isoc99_fscanf (stream=0x608610, format=<optimized out>) at isoc99_fscanf.c:34
#4  0x00007ffff7bcf0eb in fann_create_from_fd () from /usr/local/lib/libfann.so.2
#5  0x00007ffff7bcf608 in fann_create_from_file () from /usr/local/lib/libfann.so.2
#6  0x000000000040199e in inversek2j(float, float, float*, float*) ()
#7  0x0000000000401631 in main ()

997	in strtod_l.c

Backtrace END
Fliping a bit of the pointer
Memory content before bitflip:0x010x000x000x000xff0x7f0x000x00
Fault Model: LSB bit-flip
base address to flip value: 0x7fffffffcb68
address max offset: 8
Memory content after  bitflip:0x010x000x000x000xff0x7f0x000x80
frame name: __GI_____strtof_l_internal
symbol name: startp
symbol filename: strtod_l.c
symbol line: 504
value: 0x7fff00000001 <error: Não é possível acessar a memória no endereço 0x7fff00000001>
value address: 0x7fffffffcb68
Type: The type is a pointer.
Type sizeof: 8

[INFO -- 2018-10-15 21:05:24]
Fault Injection Successful after 9.236932039260864s
[INFO -- 2018-10-15 21:05:25]
event type: exit
[INFO -- 2018-10-15 21:05:25]
exit code: 0
