[INFO -- 2018-10-12 09:50:01]
sending 5 signals using command: 'killall -2 fft_nn.out' after 22.9556638663s
[INFO -- 2018-10-12 09:50:02]
sending 5 signals using command: 'killall -2 fft_nn.out' after 23.2116993331s
[INFO -- 2018-10-12 09:50:02]
sending 5 signals using command: 'killall -2 fft_nn.out' after 23.3844487409s
[INFO -- 2018-10-12 09:50:02]
Starting GDB script
[INFO -- 2018-10-12 09:50:02]
initSignal:0.0
[INFO -- 2018-10-12 09:50:02]
endSignal:5.0
[INFO -- 2018-10-12 09:50:04]
sending 5 signals using command: 'killall -2 fft_nn.out' after 2.2581473039s
[INFO -- 2018-10-12 09:50:04]
sending 5 signals using command: 'killall -2 fft_nn.out' after 2.41127460812s
[INFO -- 2018-10-12 09:50:07]
sending 5 signals using command: 'killall -2 fft_nn.out' after 4.82619832622s
[INFO -- 2018-10-12 09:50:23]
Execution finished before waitTime
