[INFO -- 2018-12-03 21:05:36]
Starting flip_value script
version: 1.1
[INFO -- 2018-12-03 21:05:36]
Initialization strings:
[INFO -- 2018-12-03 21:05:36]
(1) file /home/latansini/carol-fi/carol-fi/codes/nnfulldup/nn-knl-files/nn
[INFO -- 2018-12-03 21:05:36]
(2) set args /home/latansini/carol-fi/carol-fi/codes/nnfulldup/nn-knl-files/filelist 20 5 5 /home/latansini/carol-fi/carol-fi/codes/nnfulldup/nn-knl-files/out20_5_5
[INFO -- 2018-12-03 21:05:36]
initSignal:0
[INFO -- 2018-12-03 21:05:36]
endSignal:2
[INFO -- 2018-12-03 21:05:36]
faultModel:3
[EXCEPTION -- 2018-12-03 21:05:36]
pythonException: invalid frame
[EXCEPTION -- 2018-12-03 21:05:36]
pythonException: invalid frame
[EXCEPTION -- 2018-12-03 21:05:36]
pythonException: invalid frame
[EXCEPTION -- 2018-12-03 21:05:36]
pythonException: invalid frame
[EXCEPTION -- 2018-12-03 21:05:36]
pythonException: invalid frame
[EXCEPTION -- 2018-12-03 21:05:36]
pythonException: invalid frame
[INFO -- 2018-12-03 21:05:36]
Backtrace BEGIN:
#0  0x00007ffff78d4c79 in ?? () from /usr/lib/x86_64-linux-gnu/libgomp.so.1
#1  0x00007ffff78d2d39 in ?? () from /usr/lib/x86_64-linux-gnu/libgomp.so.1
#2  0x00007ffff78ce7da in GOMP_parallel () from /usr/lib/x86_64-linux-gnu/libgomp.so.1
#3  0x0000000000400f98 in nn_wrapper (filename=0x7fffffffe7d7 "/home/latansini/carol-fi/carol-fi/codes/nnfulldup/nn-knl-files/filelist", k=20, target_lat=5, target_long=5) at nn.c:97
#4  0x000000000040148d in main (argc=6, argv=0x7fffffffe568) at nn.c:195

168			fclose(logfile);
169		}
170	
171		if(file!= NULL){
172	    		fclose(file);
173		}
174	}
175	
176	int main(int argc, char* argv[]) {
177	    int    k=0;

Backtrace END
Fliping array at pos: 291
Memory content before bitflip:0x33
Fault Model: Zero bit-flip
base address to flip value: 0x7fffffffe2f3 
address max offset: 1
Memory content after  bitflip:0x00
frame name: nn_wrapper
symbol name: sandbox
symbol filename: nn.c
symbol line: 30
value: "2000  7 12 12  7 RAFAEL     43.9 327.2   16  272\n1960  5 22  0 27 VALERIE    21.8 228.4   65  382\n1963  9  6 12 14 JOYCE      46.1  68.5  139  628\n1969  5 15  0  1 JOYCE      47.4  62.7  139  818\n1980"...
value address: 0x7fffffffe1d0
Type: The type is an array.
Type sizeof: 490
Field name: None
Field Type: A range type, that is, an integer type with bounds.
Field Type sizeof: 8
Field Type range: (0L, 489L)

[INFO -- 2018-12-03 21:05:36]
Fault Injection Successful after 0.80194401741s
[INFO -- 2018-12-03 21:05:39]
event type: exit
[INFO -- 2018-12-03 21:05:39]
exit code: 0
