[INFO -- 2018-10-09 22:41:11]
sending 5 signals using command: 'killall -2 fft_nn.out' after 21.2112384868s
[INFO -- 2018-10-09 22:41:11]
sending 5 signals using command: 'killall -2 fft_nn.out' after 21.3496758066s
[INFO -- 2018-10-09 22:41:14]
sending 5 signals using command: 'killall -2 fft_nn.out' after 24.7236812174s
[INFO -- 2018-10-09 22:41:14]
Starting GDB script
[INFO -- 2018-10-09 22:41:14]
initSignal:0.0
[INFO -- 2018-10-09 22:41:14]
endSignal:5.0
[INFO -- 2018-10-09 22:41:16]
sending 5 signals using command: 'killall -2 fft_nn.out' after 1.66331327565s
[INFO -- 2018-10-09 22:41:17]
sending 5 signals using command: 'killall -2 fft_nn.out' after 2.86708873166s
[INFO -- 2018-10-09 22:41:18]
sending 5 signals using command: 'killall -2 fft_nn.out' after 3.75799759156s
[INFO -- 2018-10-09 22:41:35]
Execution finished before waitTime
