[INFO -- 2018-12-02 07:24:33]
Starting flip_value script
version: 1.1
[INFO -- 2018-12-02 07:24:33]
Initialization strings:
[INFO -- 2018-12-02 07:24:33]
(1) file /home/latansini/Desktop/CAROL-FI/etapa2/carol-fi/codes/fftfulldup/fft_nn.out
[INFO -- 2018-12-02 07:24:33]
(2) set args 32768 /home/latansini/Desktop/CAROL-FI/etapa2/carol-fi/codes/fftfulldup/output.data
[INFO -- 2018-12-02 07:24:33]
initSignal:0
[INFO -- 2018-12-02 07:24:33]
endSignal:40
[INFO -- 2018-12-02 07:24:33]
faultModel:3
[INFO -- 2018-12-02 07:24:33]
Backtrace BEGIN:
#0  dl_main (phdr=<optimized out>, phdr@entry=0x400040, phnum=<optimized out>, phnum@entry=9, user_entry=user_entry@entry=0x7fffffffd768, auxv=<optimized out>) at rtld.c:1645
#1  0x00007ffff7df15f5 in _dl_sysdep_start (start_argptr=start_argptr@entry=0x7fffffffd850, dl_main=dl_main@entry=0x7ffff7ddc260 <dl_main>) at ../elf/dl-sysdep.c:249
#2  0x00007ffff7ddbbb8 in _dl_start_final (arg=0x7fffffffd850) at rtld.c:347
#3  _dl_start (arg=0x7fffffffd850) at rtld.c:573
#4  0x00007ffff7ddb268 in _start () from /lib64/ld-linux-x86-64.so.2
#5  0x0000000000000003 in ?? ()
#6  0x00007fffffffdbf2 in ?? ()
#7  0x00007fffffffdc3f in ?? ()
#8  0x00007fffffffdc45 in ?? ()
#9  0x0000000000000000 in ?? ()

1640	rtld.c: Arquivo ou diretório não encontrado.

Backtrace END
Memory content before bitflip:0x000x000x000x00
Fault Model: Zero bit-flip
base address to flip value: 0x7ffff7ffce68 
address max offset: 4
Memory content after  bitflip:0x000x000x000x00
frame name: _dl_sysdep_start
symbol name: __libc_enable_secure_internal
symbol filename: ../elf/dl-sysdep.c
symbol line: 57
value: 0
value address: 0x7ffff7ffce68 <__libc_enable_secure>
Type: The type is an integer type.
Type sizeof: 4

[INFO -- 2018-12-02 07:24:33]
Fault Injection Successful after 0.8718504905700684s
[INFO -- 2018-12-02 07:25:12]
event type: exit
[INFO -- 2018-12-02 07:25:12]
exit code: 0
