[INFO -- 2018-12-03 09:06:02]
Starting flip_value script
version: 1.1
[INFO -- 2018-12-03 09:06:02]
Initialization strings:
[INFO -- 2018-12-03 09:06:02]
(1) file /home/latansini/carol-fi/carol-fi/codes/nnfulldup/nn-knl-files/nn
[INFO -- 2018-12-03 09:06:02]
(2) set args /home/latansini/carol-fi/carol-fi/codes/nnfulldup/nn-knl-files/filelist 20 5 5 /home/latansini/carol-fi/carol-fi/codes/nnfulldup/nn-knl-files/out20_5_5
[INFO -- 2018-12-03 09:06:02]
initSignal:0
[INFO -- 2018-12-03 09:06:02]
endSignal:2
[INFO -- 2018-12-03 09:06:02]
faultModel:4
[EXCEPTION -- 2018-12-03 09:06:02]
pythonException: invalid frame
[EXCEPTION -- 2018-12-03 09:06:02]
pythonException: invalid frame
[EXCEPTION -- 2018-12-03 09:06:02]
pythonException: invalid frame
[EXCEPTION -- 2018-12-03 09:06:02]
pythonException: invalid frame
[EXCEPTION -- 2018-12-03 09:06:02]
gdbException: A syntax error in expression, near `...'.
[EXCEPTION -- 2018-12-03 09:06:02]
pythonException: invalid frame
[EXCEPTION -- 2018-12-03 09:06:02]
pythonException: invalid frame
[EXCEPTION -- 2018-12-03 09:06:02]
pythonException: invalid frame
[EXCEPTION -- 2018-12-03 09:06:02]
pythonException: invalid frame
[EXCEPTION -- 2018-12-03 09:06:02]
pythonException: invalid frame
[EXCEPTION -- 2018-12-03 09:06:02]
pythonException: invalid frame
[EXCEPTION -- 2018-12-03 09:06:02]
gdbException: A syntax error in expression, near `...'.
[EXCEPTION -- 2018-12-03 09:06:02]
pythonException: invalid frame
[EXCEPTION -- 2018-12-03 09:06:02]
pythonException: invalid frame
[EXCEPTION -- 2018-12-03 09:06:02]
pythonException: invalid frame
[EXCEPTION -- 2018-12-03 09:06:02]
pythonException: invalid frame
[EXCEPTION -- 2018-12-03 09:06:02]
pythonException: invalid frame
[EXCEPTION -- 2018-12-03 09:06:02]
pythonException: invalid frame
[EXCEPTION -- 2018-12-03 09:06:02]
pythonException: invalid frame
[EXCEPTION -- 2018-12-03 09:06:02]
pythonException: invalid frame
[INFO -- 2018-12-03 09:06:02]
Backtrace BEGIN:
#0  0x00007ffff78d4e84 in ?? () from /usr/lib/x86_64-linux-gnu/libgomp.so.1
#1  0x00007ffff78d2722 in ?? () from /usr/lib/x86_64-linux-gnu/libgomp.so.1
#2  0x00007ffff76b0064 in start_thread (arg=0x7ffff42f6700) at pthread_create.c:309
#3  0x00007ffff73e562d in clone () at ../sysdeps/unix/sysv/linux/x86_64/clone.S:111

188	
189	    filename = argv[1];
190	    k = atoi(argv[2]);
191	    target_lat = atof(argv[3]);
192	    target_long = atof(argv[4]);
193	    gold_filename = argv[5];
194	
195	    data1 = nn_wrapper(filename, k, target_lat, target_long);
196	    data2 = nn_wrapper(filename, k, target_lat, target_long);
197	

Backtrace END
Fliping a bit of the pointer
Memory content before bitflip:0xd70xe70xff0xff0xff0x7f0x000x00
Fault Model: LSB bit-flip
base address to flip value: 0x7fffffffe188
address max offset: 8
Memory content after  bitflip:0xd70xe70xff0xff0xff0x7f0x000x10
frame name: nn_wrapper
symbol name: filename
symbol filename: nn.c
symbol line: 28
value: 0x7fffffffe7d7 "/home/latansini/carol-fi/carol-fi/codes/nnfulldup/nn-knl-files/filelist"
value address: 0x7fffffffe188
Type: The type is a pointer.
Type sizeof: 8

[INFO -- 2018-12-03 09:06:02]
Fault Injection Successful after 0.520735025406s
[INFO -- 2018-12-03 09:06:05]
event type: exit
[INFO -- 2018-12-03 09:06:05]
exit code: 0
