[INFO -- 2018-10-08 22:31:46]
Starting flip_value script
version: 1.1
[INFO -- 2018-10-08 22:31:46]
Initialization strings:
[INFO -- 2018-10-08 22:31:46]
(1) file /tmp/fft_nn/fft_nn.out
[INFO -- 2018-10-08 22:31:46]
(2) set args 32768 /tmp/fft_nn/output_falha.data
[INFO -- 2018-10-08 22:31:46]
initSignal:10
[INFO -- 2018-10-08 22:31:46]
endSignal:15
[INFO -- 2018-10-08 22:31:46]
faultModel:2
[EXCEPTION -- 2018-10-08 22:31:59]
gdbException: Tentativo de desreferenciar um ponteiro genérico.
[INFO -- 2018-10-08 22:31:59]
Backtrace BEGIN:
#0  0x00007ffff70cc567 in munmap () at ../sysdeps/unix/syscall-template.S:81
#1  0x00007ffff704f472 in __GI__IO_setb (f=f@entry=0x6062c0, b=b@entry=0x0, eb=eb@entry=0x0, a=a@entry=0) at genops.c:401
#2  0x00007ffff704dbb0 in _IO_new_file_close_it (fp=fp@entry=0x6062c0) at fileops.c:185
#3  0x00007ffff7041a50 in _IO_new_fclose (fp=0x6062c0) at iofclose.c:59
#4  0x00007ffff7bcf613 in fann_create_from_file () from /usr/local/lib/libfann.so.2
#5  0x00000000004019b7 in radix2DitCooleyTykeyFft(int, int*, Complex*, Complex*) ()
#6  0x0000000000401631 in main ()

76	../sysdeps/unix/syscall-template.S: Arquivo ou diretório não encontrado.

Backtrace END
Fliping a bit of the pointer
Memory content before bitflip:0x000x000x000x000x000x000x000x00
Fault Model: Random bit-flip
base address to flip value: 0x7ffff73989a0 
address max offset: 8
Memory content after  bitflip:0x2d0x350xa30xa40xd30xea0x430x2e
frame name: __GI__IO_setb
symbol name: run_fp
symbol filename: genops.c
symbol line: 45
value: 0x0
value address: 0x7ffff73989a0 <run_fp>
Type: The type is a pointer.
Type sizeof: 8

[INFO -- 2018-10-08 22:31:59]
Fault Injection Successful after 13.351432085037231s
[INFO -- 2018-10-08 22:32:06]
event type: exit
[INFO -- 2018-10-08 22:32:06]
exit code: 0
