[INFO -- 2018-10-09 22:23:12]
sending 5 signals using command: 'killall -2 fft_nn.out' after 21.1167177895s
[INFO -- 2018-10-09 22:23:13]
sending 5 signals using command: 'killall -2 fft_nn.out' after 21.8956468033s
[INFO -- 2018-10-09 22:23:13]
sending 5 signals using command: 'killall -2 fft_nn.out' after 22.3976174204s
[INFO -- 2018-10-09 22:23:13]
Starting GDB script
[INFO -- 2018-10-09 22:23:13]
initSignal:0.0
[INFO -- 2018-10-09 22:23:13]
endSignal:5.0
[INFO -- 2018-10-09 22:23:15]
sending 5 signals using command: 'killall -2 fft_nn.out' after 2.2057959388s
[INFO -- 2018-10-09 22:23:17]
sending 5 signals using command: 'killall -2 fft_nn.out' after 3.75472797218s
[INFO -- 2018-10-09 22:23:18]
sending 5 signals using command: 'killall -2 fft_nn.out' after 4.29032682321s
[INFO -- 2018-10-09 22:23:34]
Execution finished before waitTime
