[INFO -- 2018-10-08 10:43:35]
Starting flip_value script
version: 1.1
[INFO -- 2018-10-08 10:43:35]
Initialization strings:
[INFO -- 2018-10-08 10:43:35]
(1) file /tmp/fft_nn/fft_nn.out
[INFO -- 2018-10-08 10:43:35]
(2) set args 32768 /tmp/fft_nn/output_falha.data
[INFO -- 2018-10-08 10:43:35]
initSignal:15
[INFO -- 2018-10-08 10:43:35]
endSignal:25
[INFO -- 2018-10-08 10:43:35]
faultModel:4
[EXCEPTION -- 2018-10-08 10:43:50]
gdbException: Tentativo de desreferenciar um ponteiro genérico.
[EXCEPTION -- 2018-10-08 10:43:50]
gdbException: Tentativo de desreferenciar um ponteiro genérico.
[EXCEPTION -- 2018-10-08 10:43:50]
gdbException: Tentativo de desreferenciar um ponteiro genérico.
[EXCEPTION -- 2018-10-08 10:43:50]
gdbException: Tentativo de desreferenciar um ponteiro genérico.
[EXCEPTION -- 2018-10-08 10:43:50]
gdbException: Tentativo de desreferenciar um ponteiro genérico.
[INFO -- 2018-10-08 10:43:55]
event type: exit
[INFO -- 2018-10-08 10:43:55]
exit code: 0
