[INFO -- 2018-12-01 14:25:06]
Starting flip_value script
version: 1.1
[INFO -- 2018-12-01 14:25:06]
Initialization strings:
[INFO -- 2018-12-01 14:25:06]
(1) file /home/latansini/Desktop/CAROL-FI/etapa2/carol-fi/codes/fftfulldup/fft_nn.out
[INFO -- 2018-12-01 14:25:06]
(2) set args 32768 /home/latansini/Desktop/CAROL-FI/etapa2/carol-fi/codes/fftfulldup/output.data
[INFO -- 2018-12-01 14:25:06]
initSignal:0
[INFO -- 2018-12-01 14:25:06]
endSignal:40
[INFO -- 2018-12-01 14:25:06]
faultModel:3
[INFO -- 2018-12-01 14:25:09]
Backtrace BEGIN:
#0  0x00007ffff6f950e2 in get_rounding_mode () at ../sysdeps/generic/get-rounding-mode.h:94
#1  round_and_return (retval=0x7fffffffcdb0, exponent=4, negative=negative@entry=0, round_limb=round_limb@entry=12809750268241510400, round_bit=44, more_bits=0) at strtod_l.c:202
#2  0x00007ffff6f96332 in __GI_____strtof_l_internal (nptr=<optimized out>, endptr=<optimized out>, group=<optimized out>, loc=<optimized out>) at strtod_l.c:1613
#3  0x00007ffff6f94d60 in __GI___strtof_internal (nptr=<optimized out>, endptr=<optimized out>, group=<optimized out>) at strtod.c:54
#4  0x00007ffff6fae948 in _IO_vfscanf_internal (s=s@entry=0x618f00, format=<optimized out>, argptr=argptr@entry=0x7fffffffd2a8, errp=errp@entry=0x0) at vfscanf.c:2365
#5  0x00007ffff6fb5162 in __isoc99_fscanf (stream=0x618f00, format=<optimized out>) at isoc99_fscanf.c:34
#6  0x00007ffff7bcf187 in fann_create_from_fd () from /usr/local/lib/libfann.so.2
#7  0x00007ffff7bcf608 in fann_create_from_file () from /usr/local/lib/libfann.so.2
#8  0x0000000000401de7 in radix2DitCooleyTykeyFft(int, int*, Complex*, Complex*) ()
#9  0x0000000000401857 in main ()

89	../sysdeps/generic/get-rounding-mode.h: Arquivo ou diretório não encontrado.

Backtrace END
Fliping array at pos: 14
Memory content before bitflip:0x6e
Fault Model: Zero bit-flip
base address to flip value: 0x7ffff70dfb8e  
address max offset: 1
Memory content after  bitflip:0x00
frame name: __GI_____strtof_l_internal
symbol name: __PRETTY_FUNCTION__
symbol filename: strtof_l.c
symbol line: 0
value: "____strtof_l_i\000ternal"
value address: 0x7ffff70dfb80 <__PRETTY_FUNCTION__.11547>
Type: The type is an array.
Type sizeof: 22
Field name: None
Field Type: A range type, that is, an integer type with bounds.
Field Type sizeof: 8
Field Type range: (0, 21)

[INFO -- 2018-12-01 14:25:09]
Fault Injection Successful after 3.2461726665496826s
[INFO -- 2018-12-01 14:25:45]
event type: exit
[INFO -- 2018-12-01 14:25:45]
exit code: 0
