[INFO -- 2018-10-12 08:45:45]
sending 5 signals using command: 'killall -2 fft_nn.out' after 21.2026486313s
[INFO -- 2018-10-12 08:45:45]
sending 5 signals using command: 'killall -2 fft_nn.out' after 21.2031792903s
[INFO -- 2018-10-12 08:45:47]
sending 5 signals using command: 'killall -2 fft_nn.out' after 22.800932524s
[INFO -- 2018-10-12 08:45:47]
Starting GDB script
[INFO -- 2018-10-12 08:45:47]
initSignal:0.0
[INFO -- 2018-10-12 08:45:47]
endSignal:5.0
[INFO -- 2018-10-12 08:45:47]
sending 5 signals using command: 'killall -2 fft_nn.out' after 0.523017679725s
[INFO -- 2018-10-12 08:45:51]
sending 5 signals using command: 'killall -2 fft_nn.out' after 4.01058410942s
[INFO -- 2018-10-12 08:45:51]
sending 5 signals using command: 'killall -2 fft_nn.out' after 4.48889922047s
[INFO -- 2018-10-12 08:46:08]
Execution finished before waitTime
