[INFO -- 2018-10-12 02:50:23]
sending 5 signals using command: 'killall -2 fft_nn.out' after 22.5328310425s
[INFO -- 2018-10-12 02:50:23]
sending 5 signals using command: 'killall -2 fft_nn.out' after 23.0838405601s
[INFO -- 2018-10-12 02:50:25]
sending 5 signals using command: 'killall -2 fft_nn.out' after 24.8722597684s
[INFO -- 2018-10-12 02:50:25]
Starting GDB script
[INFO -- 2018-10-12 02:50:25]
initSignal:0.0
[INFO -- 2018-10-12 02:50:25]
endSignal:5.0
[INFO -- 2018-10-12 02:50:27]
sending 5 signals using command: 'killall -2 fft_nn.out' after 1.52513569261s
[INFO -- 2018-10-12 02:50:27]
sending 5 signals using command: 'killall -2 fft_nn.out' after 2.11553129512s
[INFO -- 2018-10-12 02:50:29]
sending 5 signals using command: 'killall -2 fft_nn.out' after 3.51552572211s
[INFO -- 2018-10-12 02:50:46]
Execution finished before waitTime
