[INFO -- 2018-10-08 17:33:27]
sending 5 signals using command: 'killall -2 fft_nn.out' after 21.9714171928s
[INFO -- 2018-10-08 17:33:27]
sending 5 signals using command: 'killall -2 fft_nn.out' after 22.1254107003s
[INFO -- 2018-10-08 17:33:28]
sending 5 signals using command: 'killall -2 fft_nn.out' after 22.485923925s
[INFO -- 2018-10-08 17:33:28]
Starting GDB script
[INFO -- 2018-10-08 17:33:28]
initSignal:0.0
[INFO -- 2018-10-08 17:33:28]
endSignal:5.0
[INFO -- 2018-10-08 17:33:29]
sending 5 signals using command: 'killall -2 fft_nn.out' after 0.975606277176s
[INFO -- 2018-10-08 17:33:29]
sending 5 signals using command: 'killall -2 fft_nn.out' after 1.25758262559s
[INFO -- 2018-10-08 17:33:30]
sending 5 signals using command: 'killall -2 fft_nn.out' after 1.62470125085s
[INFO -- 2018-10-08 17:33:49]
Execution finished before waitTime
