[INFO -- 2018-10-15 10:46:40]
Starting flip_value script
version: 1.1
[INFO -- 2018-10-15 10:46:40]
Initialization strings:
[INFO -- 2018-10-15 10:46:40]
(1) file /home/latansini/Desktop/trabalhoftf/carol-fi/sample-code/inverse_nn/inversek2j_nn.out
[INFO -- 2018-10-15 10:46:40]
(2) set args /home/latansini/Desktop/trabalhoftf/carol-fi/sample-code/inverse_nn/input_250k /home/latansini/Desktop/trabalhoftf/carol-fi/sample-code/inverse_nn/output_falha.data
[INFO -- 2018-10-15 10:46:40]
initSignal:10
[INFO -- 2018-10-15 10:46:40]
endSignal:20
[INFO -- 2018-10-15 10:46:40]
faultModel:1
[INFO -- 2018-10-15 10:46:51]
Backtrace BEGIN:
#0  _IO_vfscanf_internal (s=s@entry=0x608610, format=<optimized out>, argptr=argptr@entry=0x7fffffffd628, errp=errp@entry=0x0) at vfscanf.c:1856
#1  0x00007ffff7032162 in __isoc99_fscanf (stream=0x608610, format=<optimized out>) at isoc99_fscanf.c:34
#2  0x00007ffff7bcf187 in fann_create_from_fd () from /usr/local/lib/libfann.so.2
#3  0x00007ffff7bcf608 in fann_create_from_file () from /usr/local/lib/libfann.so.2
#4  0x000000000040199e in inversek2j(float, float, float*, float*) ()
#5  0x0000000000401631 in main ()

1851	vfscanf.c: Arquivo ou diretório não encontrado.

Backtrace END
Fliping array at pos: 0
Fliping value of field: gp_offset
Memory content before bitflip:0x100x000x000x00
Fault Model: Double bit-flip
base address to flip value: 0x7fffffffd628
address max offset: 4
Memory content after  bitflip:0x100x000x300x00
frame name: __isoc99_fscanf
symbol name: arg
symbol filename: isoc99_fscanf.c
symbol line: 27
value: {{gp_offset = 3145744, fp_offset = 48, overflow_arg_area = 0x7fffffffd700, reg_save_area = 0x7fffffffd640}}
value address: 0x7fffffffd628
Type: The type is an array.
Type sizeof: 24

[INFO -- 2018-10-15 10:46:51]
Fault Injection Successful after 11.264599800109863s
[INFO -- 2018-10-15 10:47:00]
event type: exit
[INFO -- 2018-10-15 10:47:00]
exit code: 0
