[INFO -- 2018-10-07 11:59:21]
Starting flip_value script
version: 1.1
[INFO -- 2018-10-07 11:59:21]
Initialization strings:
[INFO -- 2018-10-07 11:59:21]
(1) file /tmp/fft_nn/fft_nn.out
[INFO -- 2018-10-07 11:59:21]
(2) set args 32768 /tmp/fft_nn/output_falha.data
[INFO -- 2018-10-07 11:59:21]
initSignal:5
[INFO -- 2018-10-07 11:59:21]
endSignal:10
[INFO -- 2018-10-07 11:59:21]
faultModel:1
[INFO -- 2018-10-07 11:59:26]
Backtrace BEGIN:
#0  0x00007ffff701140b in __GI___strtoul_internal (nptr=nptr@entry=0x7fffffffd4c0 "3", endptr=endptr@entry=0x7fffffffd6f0, base=10, group=group@entry=0) at ../stdlib/strtol.c:97
#1  0x00007ffff7029f02 in _IO_vfscanf_internal (s=s@entry=0x6062c0, format=<optimized out>, argptr=argptr@entry=0x7fffffffd8c8, errp=errp@entry=0x0) at vfscanf.c:1827
#2  0x00007ffff7032162 in __isoc99_fscanf (stream=0x6062c0, format=<optimized out>) at isoc99_fscanf.c:34
#3  0x00007ffff7bcf0eb in fann_create_from_fd () from /usr/local/lib/libfann.so.2
#4  0x00007ffff7bcf608 in fann_create_from_file () from /usr/local/lib/libfann.so.2
#5  0x00000000004019b7 in radix2DitCooleyTykeyFft(int, int*, Complex*, Complex*) ()
#6  0x0000000000401631 in main ()

92	../stdlib/strtol.c: Arquivo ou diretório não encontrado.

Backtrace END
Fliping value of field: __count
Memory content before bitflip:0x000x000x000x00
Fault Model: Double bit-flip
base address to flip value: 0x7fffffffd6e0
address max offset: 4
Memory content after  bitflip:0x840x000x000x00
frame name: _IO_vfscanf_internal
symbol name: state
symbol filename: vfscanf.c
symbol line: 252
value: {__count = 132, __value = {__wch = 0, __wchb = "\000\000\000"}}
value address: 0x7fffffffd6e0
Type: The type is a structure.
Type sizeof: 8
Field name: __count
Field Type: The type is an integer type.
Field Type sizeof: 4
Field name: __value
Field Type: The type is a union.
Field Type sizeof: 4

[INFO -- 2018-10-07 11:59:26]
Fault Injection Successful after 5.490798473358154s
[INFO -- 2018-10-07 11:59:41]
event type: exit
[INFO -- 2018-10-07 11:59:41]
exit code: 0
