[INFO -- 2018-10-19 09:47:01]
Starting flip_value script
version: 1.1
[INFO -- 2018-10-19 09:47:01]
Initialization strings:
[INFO -- 2018-10-19 09:47:01]
(1) file /home/latansini/Desktop/trabalhoftf/carol-fi/sample-code/knn/nn-knl-files/nn
[INFO -- 2018-10-19 09:47:01]
(2) set args /home/latansini/Desktop/trabalhoftf/carol-fi/sample-code/knn/nn-knl-files/filelist 15 25 25 /home/latansini/Desktop/trabalhoftf/carol-fi/sample-code/knn/nn-knl-files/out15_25_25
[INFO -- 2018-10-19 09:47:01]
initSignal:3
[INFO -- 2018-10-19 09:47:01]
endSignal:4
[INFO -- 2018-10-19 09:47:01]
faultModel:3
[EXCEPTION -- 2018-10-19 09:47:05]
pythonException: invalid frame
[EXCEPTION -- 2018-10-19 09:47:05]
pythonException: invalid frame
[INFO -- 2018-10-19 09:47:05]
Backtrace BEGIN:
#0  0x00007ffff78bddae in ?? () from /usr/lib/x86_64-linux-gnu/libgomp.so.1
#1  0x00007ffff78bcaf9 in ?? () from /usr/lib/x86_64-linux-gnu/libgomp.so.1
#2  0x0000000000401198 in main (argc=6, argv=0x7fffffffd8b8) at nn.c:115

20	* This program finds the k-nearest neighbors
21	* Usage:	./nn <filelist> <num> <target latitude> <target longitude> <out filename>
22	*			filelist: File with the filenames to the records
23	*			num: Number of nearest neighbors to find
24	*			target lat: Latitude coordinate for distance calculations
25	*			target long: Longitude coordinate for distance calculations
26	* The filelist and data are generated by hurricane_gen.c
27	* REC_WINDOW has been arbitrarily assigned; A larger value would allow more work for the threads
28	*/
29	int main(int argc, char* argv[]) {

Backtrace END
Fliping array at pos: 335
Memory content before bitflip:0x32
Fault Model: Zero bit-flip
base address to flip value: 0x7fffffffd70f 
address max offset: 1
Memory content after  bitflip:0x00
frame name: main
symbol name: sandbox
symbol filename: nn.c
symbol line: 32
value: "1971  8 19 18 26 OSCAR      67.8  30.1   64  756\n1989  5 20  6 24 SANDY      69.0  12.2   66  643\n1984  9 12 12 18 CHRIS      51.0 296.5   16  726\n1982  4  2 18  3 DEBBY      18.5  45.6  100  551\n1991"...
value address: 0x7fffffffd5c0
Type: The type is an array.
Type sizeof: 490
Field name: None
Field Type: A range type, that is, an integer type with bounds.
Field Type sizeof: 8
Field Type range: (0, 489)

[INFO -- 2018-10-19 09:47:05]
Fault Injection Successful after 4.3046441078186035s
[INFO -- 2018-10-19 09:47:07]
event type: exit
[INFO -- 2018-10-19 09:47:07]
exit code: 0
