[INFO -- 2018-10-06 14:29:22]
sending 5 signals using command: 'killall -2 fft_nn.out' after 20.2700646913s
[INFO -- 2018-10-06 14:29:22]
sending 5 signals using command: 'killall -2 fft_nn.out' after 20.4792911315s
[INFO -- 2018-10-06 14:29:25]
sending 5 signals using command: 'killall -2 fft_nn.out' after 23.1601157483s
[INFO -- 2018-10-06 14:29:25]
Starting GDB script
[INFO -- 2018-10-06 14:29:25]
initSignal:0.0
[INFO -- 2018-10-06 14:29:25]
endSignal:5.0
[INFO -- 2018-10-06 14:29:25]
sending 5 signals using command: 'killall -2 fft_nn.out' after 0.296986247562s
[INFO -- 2018-10-06 14:29:28]
sending 5 signals using command: 'killall -2 fft_nn.out' after 3.36013678407s
[INFO -- 2018-10-06 14:29:29]
sending 5 signals using command: 'killall -2 fft_nn.out' after 4.26015471759s
[INFO -- 2018-10-06 14:29:45]
Execution finished before waitTime
