[INFO -- 2018-12-09 15:19:26]
Starting flip_value script
version: 1.1
[INFO -- 2018-12-09 15:19:26]
Initialization strings:
[INFO -- 2018-12-09 15:19:26]
(1) file /home/melkor/ETAPA2/dup_nn/nn-knl-files/nn
[INFO -- 2018-12-09 15:19:26]
(2) set args /home/melkor/ETAPA2/dup_nn/nn-knl-files/filelist 20 5 5 /home/melkor/ETAPA2/dup_nn/nn-knl-files/out20_5_5
[INFO -- 2018-12-09 15:19:26]
initSignal:0
[INFO -- 2018-12-09 15:19:26]
endSignal:1
[INFO -- 2018-12-09 15:19:26]
faultModel:4
[EXCEPTION -- 2018-12-09 15:19:26]
pythonException: invalid frame
[EXCEPTION -- 2018-12-09 15:19:26]
pythonException: invalid frame
[INFO -- 2018-12-09 15:19:26]
Backtrace BEGIN:
#0  0x00007ffff7820ee2 in ?? () from /usr/lib/x86_64-linux-gnu/libgomp.so.1
#1  0x00007ffff781f392 in ?? () from /usr/lib/x86_64-linux-gnu/libgomp.so.1
#2  0x00007ffff7815eca in GOMP_parallel () from /usr/lib/x86_64-linux-gnu/libgomp.so.1
#3  0x00005555555555ed in main (argc=6, argv=0x7fffffffdf08) at nn.c:196

68	      fclose(logfile);
69	    }
70		
71		
72		if(file != NULL){	// isso aqui tava dando segfault
73			fclose(file);
74		}
75		
76	}
77	

Backtrace END
Fliping array at pos: 408
Memory content before bitflip:0x20
Fault Model: LSB bit-flip
base address to flip value: 0x7fffffffddb8 
address max offset: 1
Memory content after  bitflip:0x30
frame name: main
symbol name: sandbox
symbol filename: nn.c
symbol line: 85
value: "1967  7 19  6 24 ALBERTO    42.0 237.1  126  663\n1955 11 24 18 28 ALBERTO    31.3  97.8   87  277\n1956 11  8 12 19 OSCAR      18.2 207.6   73  858\n2004  6 18  6  4 VALERIE    66.2 262.9   89  227\n1981"...
value address: 0x7fffffffdc20
Type: The type is an array.
Type sizeof: 490
Field name: None
Field Type: A range type, that is, an integer type with bounds.
Field Type sizeof: 8
Field Type range: (0, 489)

[INFO -- 2018-12-09 15:19:26]
Fault Injection Successful after 0.52671217918396s
[INFO -- 2018-12-09 15:19:26]
event type: exit
[INFO -- 2018-12-09 15:19:26]
exit code: 0
