[INFO -- 2018-10-06 19:24:41]
sending 5 signals using command: 'killall -2 fft_nn.out' after 20.8609189161s
[INFO -- 2018-10-06 19:24:42]
sending 5 signals using command: 'killall -2 fft_nn.out' after 21.40827272s
[INFO -- 2018-10-06 19:24:44]
sending 5 signals using command: 'killall -2 fft_nn.out' after 23.920735764s
[INFO -- 2018-10-06 19:24:44]
Starting GDB script
[INFO -- 2018-10-06 19:24:44]
initSignal:0.0
[INFO -- 2018-10-06 19:24:44]
endSignal:5.0
[INFO -- 2018-10-06 19:24:45]
sending 5 signals using command: 'killall -2 fft_nn.out' after 1.15342380251s
[INFO -- 2018-10-06 19:24:46]
sending 5 signals using command: 'killall -2 fft_nn.out' after 1.541681895s
[INFO -- 2018-10-06 19:24:47]
sending 5 signals using command: 'killall -2 fft_nn.out' after 2.71643845384s
[INFO -- 2018-10-06 19:25:04]
Execution finished before waitTime
