[INFO -- 2018-10-06 17:48:26]
Starting flip_value script
version: 1.1
[INFO -- 2018-10-06 17:48:26]
Initialization strings:
[INFO -- 2018-10-06 17:48:26]
(1) file /tmp/fft_nn/fft_nn.out
[INFO -- 2018-10-06 17:48:26]
(2) set args 32768 /tmp/fft_nn/output_falha.data
[INFO -- 2018-10-06 17:48:26]
initSignal:10
[INFO -- 2018-10-06 17:48:26]
endSignal:15
[INFO -- 2018-10-06 17:48:26]
faultModel:3
[INFO -- 2018-10-06 17:48:36]
Backtrace BEGIN:
#0  _pthread_cleanup_pop_restore (buffer=0x7fffffffd740, execute=0) at cleanup_defer_compat.c:68
#1  0x00007ffff7028dac in _IO_vfscanf_internal (s=s@entry=0x6062c0, format=<optimized out>, argptr=argptr@entry=0x7fffffffd8c8, errp=errp@entry=0x0) at vfscanf.c:2943
#2  0x00007ffff7032162 in __isoc99_fscanf (stream=0x6062c0, format=<optimized out>) at isoc99_fscanf.c:34
#3  0x00007ffff7bcf187 in fann_create_from_fd () from /usr/local/lib/libfann.so.2
#4  0x00007ffff7bcf608 in fann_create_from_file () from /usr/local/lib/libfann.so.2
#5  0x00000000004019b7 in radix2DitCooleyTykeyFft(int, int*, Complex*, Complex*) ()
#6  0x0000000000401631 in main ()

63	cleanup_defer_compat.c: Arquivo ou diretório não encontrado.

Backtrace END
Fliping a bit of the value pointed by a pointer
Memory content before bitflip:0x00
Fault Model: Zero bit-flip
base address to flip value: 0x7fffffffd4da 
address max offset: 1
Memory content after  bitflip:0x00
frame name: _IO_vfscanf_internal
symbol name: tw
symbol filename: vfscanf.c
symbol line: 271
value: 0x7fffffffd4da ""
value address: 0x7fffffffd6f0
Type: The type is a pointer.
Type sizeof: 8

[INFO -- 2018-10-06 17:48:36]
Fault Injection Successful after 10.895244598388672s
[INFO -- 2018-10-06 17:48:46]
event type: exit
[INFO -- 2018-10-06 17:48:46]
exit code: 0
