[INFO -- 2018-10-06 10:10:55]
sending 5 signals using command: 'killall -2 fft_nn.out' after 21.1916868955s
[INFO -- 2018-10-06 10:10:57]
sending 5 signals using command: 'killall -2 fft_nn.out' after 23.2968067825s
[INFO -- 2018-10-06 10:10:58]
sending 5 signals using command: 'killall -2 fft_nn.out' after 23.7410406313s
[INFO -- 2018-10-06 10:10:58]
Starting GDB script
[INFO -- 2018-10-06 10:10:58]
initSignal:0.0
[INFO -- 2018-10-06 10:10:58]
endSignal:5.0
[INFO -- 2018-10-06 10:11:01]
sending 5 signals using command: 'killall -2 fft_nn.out' after 3.12576164778s
[INFO -- 2018-10-06 10:11:01]
sending 5 signals using command: 'killall -2 fft_nn.out' after 3.3200257455s
[INFO -- 2018-10-06 10:11:02]
sending 5 signals using command: 'killall -2 fft_nn.out' after 4.1284570746s
[INFO -- 2018-10-06 10:11:18]
Execution finished before waitTime
