[INFO -- 2018-12-02 08:47:34]
Starting flip_value script
version: 1.1
[INFO -- 2018-12-02 08:47:34]
Initialization strings:
[INFO -- 2018-12-02 08:47:34]
(1) file /home/latansini/Desktop/CAROL-FI/etapa2/carol-fi/codes/fftfulldup/fft_nn.out
[INFO -- 2018-12-02 08:47:34]
(2) set args 32768 /home/latansini/Desktop/CAROL-FI/etapa2/carol-fi/codes/fftfulldup/output.data
[INFO -- 2018-12-02 08:47:34]
initSignal:0
[INFO -- 2018-12-02 08:47:34]
endSignal:40
[INFO -- 2018-12-02 08:47:34]
faultModel:0
[INFO -- 2018-12-02 08:47:59]
Backtrace BEGIN:
#0  0x00007ffff6f94a98 in __GI_____strtoul_l_internal (nptr=nptr@entry=0x7fffffffcea0 "2", endptr=endptr@entry=0x7fffffffd0d0, base=<optimized out>, group=group@entry=0, loc=<optimized out>) at ../stdlib/strtol_l.c:489
#1  0x00007ffff6f94410 in __GI___strtoul_internal (nptr=nptr@entry=0x7fffffffcea0 "2", endptr=endptr@entry=0x7fffffffd0d0, base=<optimized out>, group=group@entry=0) at ../stdlib/strtol.c:97
#2  0x00007ffff6facf02 in _IO_vfscanf_internal (s=s@entry=0x618f00, format=<optimized out>, argptr=argptr@entry=0x7fffffffd2a8, errp=errp@entry=0x0) at vfscanf.c:1827
#3  0x00007ffff6fb5162 in __isoc99_fscanf (stream=0x618f00, format=<optimized out>) at isoc99_fscanf.c:34
#4  0x00007ffff7bcf187 in fann_create_from_fd () from /usr/local/lib/libfann.so.2
#5  0x00007ffff7bcf608 in fann_create_from_file () from /usr/local/lib/libfann.so.2
#6  0x0000000000401de7 in radix2DitCooleyTykeyFft(int, int*, Complex*, Complex*) ()
#7  0x0000000000401879 in main ()

484	../stdlib/strtol_l.c: Arquivo ou diretório não encontrado.

Backtrace END
Fliping a bit of the pointer
Memory content before bitflip:0x000x000x000x000x000x000x000x00
Fault Model: Single bit-flip
base address to flip value: 0x7fffffffd038
address max offset: 8
Memory content after  bitflip:0x000x000x000x000x800x000x000x00
frame name: _IO_vfscanf_internal
symbol name: str
symbol filename: vfscanf.c
symbol line: 262
value: 0x0
value address: 0x7fffffffd038
Type: The type is a pointer.
Type sizeof: 8

[INFO -- 2018-12-02 08:47:59]
Fault Injection Successful after 25.648151636123657s
[INFO -- 2018-12-02 08:48:13]
event type: exit
[INFO -- 2018-12-02 08:48:13]
exit code: 0
