[INFO -- 2018-10-15 22:21:48]
Starting flip_value script
version: 1.1
[INFO -- 2018-10-15 22:21:48]
Initialization strings:
[INFO -- 2018-10-15 22:21:48]
(1) file /home/latansini/Desktop/trabalhoftf/carol-fi/sample-code/inverse_nn/inversek2j_nn.out
[INFO -- 2018-10-15 22:21:48]
(2) set args /home/latansini/Desktop/trabalhoftf/carol-fi/sample-code/inverse_nn/input_250k /home/latansini/Desktop/trabalhoftf/carol-fi/sample-code/inverse_nn/output_falha.data
[INFO -- 2018-10-15 22:21:48]
initSignal:2
[INFO -- 2018-10-15 22:21:48]
endSignal:4
[INFO -- 2018-10-15 22:21:48]
faultModel:1
[EXCEPTION -- 2018-10-15 22:21:51]
gdbException: Tentativo de desreferenciar um ponteiro genérico.
[INFO -- 2018-10-15 22:21:51]
Backtrace BEGIN:
#0  0x00007ffff701255f in __GI_____strtof_l_internal (nptr=0x7fffffffccd0 "5.55095863342285156250e+00", endptr=0x7fffffffcf00, group=0, loc=0x7ffff7397060 <_nl_global_locale>) at strtod_l.c:483
#1  0x00007ffff7011d60 in __GI___strtof_internal (nptr=<optimized out>, endptr=<optimized out>, group=<optimized out>) at strtod.c:54
#2  0x00007ffff702b948 in _IO_vfscanf_internal (s=s@entry=0x608610, format=<optimized out>, argptr=argptr@entry=0x7fffffffd0d8, errp=errp@entry=0x0) at vfscanf.c:2365
#3  0x00007ffff7032162 in __isoc99_fscanf (stream=0x608610, format=<optimized out>) at isoc99_fscanf.c:34
#4  0x00007ffff7bcf187 in fann_create_from_fd () from /usr/local/lib/libfann.so.2
#5  0x00007ffff7bcf608 in fann_create_from_file () from /usr/local/lib/libfann.so.2
#6  0x000000000040199e in inversek2j(float, float, float*, float*) ()
#7  0x0000000000401631 in main ()

478	strtod_l.c: Arquivo ou diretório não encontrado.

Backtrace END
Memory content before bitflip:0x000x000x000x00
Fault Model: Double bit-flip
base address to flip value: 0x7fffffffcea0
address max offset: 4
Memory content after  bitflip:0x050x000x000x00
frame name: _IO_vfscanf_internal
symbol name: flags
symbol filename: vfscanf.c
symbol line: 222
value: 5
value address: 0x7fffffffcea0
Type: The type is an integer type.
Type sizeof: 4

[INFO -- 2018-10-15 22:21:51]
Fault Injection Successful after 3.7266664505004883s
[INFO -- 2018-10-15 22:21:59]
event type: exit
[INFO -- 2018-10-15 22:21:59]
exit code: 0
