[INFO -- 2018-12-03 20:46:17]
Starting flip_value script
version: 1.1
[INFO -- 2018-12-03 20:46:17]
Initialization strings:
[INFO -- 2018-12-03 20:46:17]
(1) file /home/latansini/carol-fi/carol-fi/codes/nnfulldup/nn-knl-files/nn
[INFO -- 2018-12-03 20:46:17]
(2) set args /home/latansini/carol-fi/carol-fi/codes/nnfulldup/nn-knl-files/filelist 20 5 5 /home/latansini/carol-fi/carol-fi/codes/nnfulldup/nn-knl-files/out20_5_5
[INFO -- 2018-12-03 20:46:17]
initSignal:0
[INFO -- 2018-12-03 20:46:17]
endSignal:2
[INFO -- 2018-12-03 20:46:17]
faultModel:1
[EXCEPTION -- 2018-12-03 20:46:17]
pythonException: invalid frame
[EXCEPTION -- 2018-12-03 20:46:17]
pythonException: invalid frame
[EXCEPTION -- 2018-12-03 20:46:17]
pythonException: invalid frame
[EXCEPTION -- 2018-12-03 20:46:17]
pythonException: invalid frame
[INFO -- 2018-12-03 20:46:17]
Backtrace BEGIN:
#0  0x00007ffff736751b in _IO_acquire_lock_fct (p=<synthetic pointer>) at libioP.h:889
#1  __GI__IO_fread (buf=<optimized out>, size=49, count=10, fp=0x602780) at iofread.c:41
#2  0x0000000000400e6f in nn_wrapper (filename=0x7fffffffe7d7 "/home/latansini/carol-fi/carol-fi/codes/nnfulldup/nn-knl-files/filelist", k=20, target_lat=5, target_long=5) at nn.c:69
#3  0x000000000040148d in main (argc=6, argv=0x7fffffffe568) at nn.c:195

884	libioP.h: No such file or directory.

Backtrace END
Memory content before bitflip:0x000x000xa00x40
Fault Model: Double bit-flip
base address to flip value: 0x7fffffffe45c
address max offset: 4
Memory content after  bitflip:0x000x820xa00x40
frame name: main
symbol name: target_lat
symbol filename: nn.c
symbol line: 178
value: 5.01586914
value address: 0x7fffffffe45c
Type: A floating point type.
Type sizeof: 4

[INFO -- 2018-12-03 20:46:17]
Fault Injection Successful after 0.845701932907s
[INFO -- 2018-12-03 20:46:20]
event type: exit
[INFO -- 2018-12-03 20:46:20]
exit code: 0
