[INFO -- 2018-10-15 20:03:38]
Starting flip_value script
version: 1.1
[INFO -- 2018-10-15 20:03:38]
Initialization strings:
[INFO -- 2018-10-15 20:03:38]
(1) file /home/latansini/Desktop/trabalhoftf/carol-fi/sample-code/inverse_nn/inversek2j_nn.out
[INFO -- 2018-10-15 20:03:38]
(2) set args /home/latansini/Desktop/trabalhoftf/carol-fi/sample-code/inverse_nn/input_250k /home/latansini/Desktop/trabalhoftf/carol-fi/sample-code/inverse_nn/output_falha.data
[INFO -- 2018-10-15 20:03:38]
initSignal:6
[INFO -- 2018-10-15 20:03:38]
endSignal:8
[INFO -- 2018-10-15 20:03:38]
faultModel:3
[INFO -- 2018-10-15 20:03:44]
Backtrace BEGIN:
#0  __GI_____strtof_l_internal (nptr=<optimized out>, endptr=<optimized out>, group=<optimized out>, loc=<optimized out>) at strtod_l.c:1516
#1  0x00007ffff7011d60 in __GI___strtof_internal (nptr=<optimized out>, endptr=<optimized out>, group=<optimized out>) at strtod.c:54
#2  0x00007ffff702b948 in _IO_vfscanf_internal (s=s@entry=0x608610, format=<optimized out>, argptr=argptr@entry=0x7fffffffd0d8, errp=errp@entry=0x0) at vfscanf.c:2365
#3  0x00007ffff7032162 in __isoc99_fscanf (stream=0x608610, format=<optimized out>) at isoc99_fscanf.c:34
#4  0x00007ffff7bcf0eb in fann_create_from_fd () from /usr/local/lib/libfann.so.2
#5  0x00007ffff7bcf608 in fann_create_from_file () from /usr/local/lib/libfann.so.2
#6  0x000000000040199e in inversek2j(float, float, float*, float*) ()
#7  0x0000000000401631 in main ()

1511	strtod_l.c: Arquivo ou diretório não encontrado.

Backtrace END
Memory content before bitflip:0x010x000x000x000x000x000x000x00
Fault Model: Zero bit-flip
base address to flip value: 0x7fffffffcb60
address max offset: 8
Memory content after  bitflip:0x000x000x000x000x000x000x000x00
frame name: __GI_____strtof_l_internal
symbol name: decimal_len
symbol filename: strtod_l.c
symbol line: 522
value: 0
value address: 0x7fffffffcb60
Type: The type is an integer type.
Type sizeof: 8

[INFO -- 2018-10-15 20:03:44]
Fault Injection Successful after 6.733008146286011s
[INFO -- 2018-10-15 20:03:48]
event type: exit
[INFO -- 2018-10-15 20:03:48]
exit code: 0
