[INFO -- 2018-10-11 15:49:51]
sending 5 signals using command: 'killall -2 fft_nn.out' after 22.1719157146s
[INFO -- 2018-10-11 15:49:51]
sending 5 signals using command: 'killall -2 fft_nn.out' after 22.5284518547s
[INFO -- 2018-10-11 15:49:53]
sending 5 signals using command: 'killall -2 fft_nn.out' after 24.6323310552s
[INFO -- 2018-10-11 15:49:54]
Starting GDB script
[INFO -- 2018-10-11 15:49:54]
initSignal:0.0
[INFO -- 2018-10-11 15:49:54]
endSignal:5.0
[INFO -- 2018-10-11 15:49:54]
sending 5 signals using command: 'killall -2 fft_nn.out' after 0.0382794065345s
[INFO -- 2018-10-11 15:49:55]
sending 5 signals using command: 'killall -2 fft_nn.out' after 0.931539144954s
[INFO -- 2018-10-11 15:49:57]
sending 5 signals using command: 'killall -2 fft_nn.out' after 3.06969899124s
[INFO -- 2018-10-11 15:50:15]
Execution finished before waitTime
