[INFO -- 2018-12-09 16:37:44]
sending 5 signals using command: 'killall -2 nn' after 0.477098875217s
[INFO -- 2018-12-09 16:37:45]
sending 5 signals using command: 'killall -2 nn' after 0.719661571359s
[INFO -- 2018-12-09 16:37:45]
sending 5 signals using command: 'killall -2 nn' after 0.861548403219s
[INFO -- 2018-12-09 16:37:45]
Starting GDB script
[INFO -- 2018-12-09 16:37:45]
initSignal:0.0
[INFO -- 2018-12-09 16:37:45]
endSignal:1.0
[INFO -- 2018-12-09 16:37:45]
sending 5 signals using command: 'killall -2 nn' after 0.00914162857794s
[INFO -- 2018-12-09 16:37:45]
sending 5 signals using command: 'killall -2 nn' after 0.530193243279s
[INFO -- 2018-12-09 16:37:45]
sending 5 signals using command: 'killall -2 nn' after 0.57041594667s
[INFO -- 2018-12-09 16:37:46]
Execution finished before waitTime
