[INFO -- 2018-12-09 15:07:31]
Starting flip_value script
version: 1.1
[INFO -- 2018-12-09 15:07:31]
Initialization strings:
[INFO -- 2018-12-09 15:07:31]
(1) file /home/melkor/ETAPA2/dup_nn/nn-knl-files/nn
[INFO -- 2018-12-09 15:07:31]
(2) set args /home/melkor/ETAPA2/dup_nn/nn-knl-files/filelist 20 5 5 /home/melkor/ETAPA2/dup_nn/nn-knl-files/out20_5_5
[INFO -- 2018-12-09 15:07:31]
initSignal:0
[INFO -- 2018-12-09 15:07:31]
endSignal:1
[INFO -- 2018-12-09 15:07:31]
faultModel:3
[EXCEPTION -- 2018-12-09 15:07:31]
gdbException: Tentativo de desreferenciar um ponteiro genérico.
[EXCEPTION -- 2018-12-09 15:07:31]
pythonException: invalid frame
[EXCEPTION -- 2018-12-09 15:07:31]
pythonException: invalid frame
[INFO -- 2018-12-09 15:07:31]
Backtrace BEGIN:
#0  0x00007ffff782108e in ?? () from /usr/lib/x86_64-linux-gnu/libgomp.so.1
#1  0x00007ffff781fda9 in ?? () from /usr/lib/x86_64-linux-gnu/libgomp.so.1
#2  0x00005555555555ed in main (argc=6, argv=0x7fffffffdf08) at nn.c:196

2284	in rtld.c

Backtrace END
Fliping array at pos: 413
Memory content before bitflip:0x53
Fault Model: Zero bit-flip
base address to flip value: 0x7fffffffddbd 
address max offset: 1
Memory content after  bitflip:0x00
frame name: main
symbol name: sandbox
symbol filename: nn.c
symbol line: 85
value: "1992  5 28 12  3 BERYL      22.2 304.1   85  381\n1956  7  1  0  7 SANDY      10.4 141.8   92  228\n1979  5 28 12 15 JOYCE      30.1 290.2  144   22\n1984  7  7  6  5 TONY       53.9 190.3   85  888\n2000"...
value address: 0x7fffffffdc20
Type: The type is an array.
Type sizeof: 490
Field name: None
Field Type: A range type, that is, an integer type with bounds.
Field Type sizeof: 8
Field Type range: (0, 489)

[INFO -- 2018-12-09 15:07:31]
Fault Injection Successful after 0.8086161613464355s
[INFO -- 2018-12-09 15:07:32]
event type: exit
[INFO -- 2018-12-09 15:07:32]
exit code: 0
