[INFO -- 2018-12-01 05:51:36]
Starting flip_value script
version: 1.1
[INFO -- 2018-12-01 05:51:36]
Initialization strings:
[INFO -- 2018-12-01 05:51:36]
(1) file /home/lignati/carol-fi/codes/inversefulldup/inversek2j.nn.out
[INFO -- 2018-12-01 05:51:36]
(2) set args /home/lignati/carol-fi/codes/inversefulldup/input_250k /home/lignati/carol-fi/codes/inversefulldup/output_falha.data
[INFO -- 2018-12-01 05:51:36]
initSignal:0
[INFO -- 2018-12-01 05:51:36]
endSignal:25
[INFO -- 2018-12-01 05:51:36]
faultModel:0
[INFO -- 2018-12-01 05:51:46]
Backtrace BEGIN:
#0  0x00007ffff70c4360 in __read_nocancel () at ../sysdeps/unix/syscall-template.S:81
#1  0x00007ffff704f5b0 in _IO_new_file_underflow (fp=0x6085c0) at fileops.c:613
#2  0x00007ffff705053e in __GI__IO_default_uflow (fp=0x6085c0) at genops.c:435
#3  0x00007ffff70317a7 in _IO_vfscanf_internal (s=s@entry=0x6085c0, format=<optimized out>, argptr=argptr@entry=0x7fffffffcf38, errp=errp@entry=0x0) at vfscanf.c:2115
#4  0x00007ffff7033162 in __isoc99_fscanf (stream=0x6085c0, format=<optimized out>) at isoc99_fscanf.c:34
#5  0x00007ffff7bcac42 in fann_create_from_fd () from /usr/local/lib/libfann.so.2
#6  0x00007ffff7bc8073 in fann_create_from_file () from /usr/local/lib/libfann.so.2
#7  0x0000000000402061 in inversek2j(float, float, float*, float*) ()
#8  0x000000000040179a in main ()

76	../sysdeps/unix/syscall-template.S: No such file or directory.

Backtrace END
Memory content before bitflip:0x6b0x290x010x00
Fault Model: Single bit-flip
base address to flip value: 0x7ffff73999b0 
address max offset: 4
Memory content after  bitflip:0x6b0x280x010x00
frame name: __GI__IO_default_uflow
symbol name: _IO_list_all_stamp
symbol filename: genops.c
symbol line: 42
value: 75883
value address: 0x7ffff73999b0 <_IO_list_all_stamp>
Type: The type is an integer type.
Type sizeof: 4

[INFO -- 2018-12-01 05:51:46]
Fault Injection Successful after 10.370301008224487s
[INFO -- 2018-12-01 05:52:01]
event type: exit
[INFO -- 2018-12-01 05:52:01]
exit code: 0
