[INFO -- 2018-10-18 13:54:16]
Starting flip_value script
version: 1.1
[INFO -- 2018-10-18 13:54:16]
Initialization strings:
[INFO -- 2018-10-18 13:54:16]
(1) file /home/latansini/Desktop/trabalhoftf/carol-fi/sample-code/knn/nn-knl-files/nn
[INFO -- 2018-10-18 13:54:16]
(2) set args /home/latansini/Desktop/trabalhoftf/carol-fi/sample-code/knn/nn-knl-files/filelist 15 25 25 /home/latansini/Desktop/trabalhoftf/carol-fi/sample-code/knn/nn-knl-files/out15_25_25
[INFO -- 2018-10-18 13:54:16]
initSignal:0
[INFO -- 2018-10-18 13:54:16]
endSignal:1
[INFO -- 2018-10-18 13:54:16]
faultModel:0
[EXCEPTION -- 2018-10-18 13:54:16]
pythonException: invalid frame
[EXCEPTION -- 2018-10-18 13:54:16]
pythonException: invalid frame
[EXCEPTION -- 2018-10-18 13:54:16]
pythonException: invalid frame
[INFO -- 2018-10-18 13:54:16]
Backtrace BEGIN:
#0  0x000000000040158f in main._omp_fn.0 () at nn.c:120
#1  0x0000000000401193 in main (argc=6, argv=0x7fffffffd8b8) at nn.c:115

115	        #pragma omp parallel for shared (z, target_lat, target_long) private(i,rec_iter)
116	        for (i = 0; i < rec_count; i++) {
117	            rec_iter = sandbox+(i * REC_LENGTH + LATITUDE_POS - 1);
118	            float tmp_lat = atof(rec_iter);
119	            float tmp_long = atof(rec_iter+5);
120	            z[i] = sqrt(( (tmp_lat-target_lat) * (tmp_lat-target_lat) )+( (tmp_long-target_long) * (tmp_long-target_long) ));
121	        }
122	        #pragma omp barrier
123	        // end of Lingjie Zhang's modification
124	

Backtrace END
Memory content before bitflip:0x000x000x000x00
Fault Model: Single bit-flip
base address to flip value: 0x7fffffffd520
address max offset: 4
Memory content after  bitflip:0x000x000x200x00
frame name: main
symbol name: tmp_lat
symbol filename: nn.c
symbol line: 34
value: 2,93873588e-39
value address: 0x7fffffffd520
Type: A floating point type.
Type sizeof: 4

[INFO -- 2018-10-18 13:54:16]
Fault Injection Successful after 0.7963409423828125s
[INFO -- 2018-10-18 13:54:22]
event type: exit
[INFO -- 2018-10-18 13:54:22]
exit code: 0
