[19]: 1989  2  9  0  1 GORDON      7.1   4.6   83  398 1999  7 18  0  4 ALBERTO    12.4   0.0   39  591
[18]: 2004  7  4  0 13 WILLIAM     7.1   5.8   46  355 1951  8 13 18 15 MICHAEL    10.9   0.0  111  581
[17]: 1996 11 23  6 22 DEBBY       7.0   5.9   76   11 2001  3  2 12 23 PATTY      10.4   0.0  138  657
[16]: 1987  8  9 18  7 HELENE      7.0   5.1   38  562 1951  4 18 18  9 VALERIE    12.9   0.0  111  404
[15]: 1987  7 22 12 26 ISAAC       7.1   5.7  137  580 1952  6  8 18 13 BERYL      11.2   0.0   59  841
[14]: 1984  8 17  6 26 NADINE      7.1   4.5   38   58 2003  4 22  6 25 CHRIS      13.4   0.0   52  788
[13]: 1979  7  3  6 24 BERYL       7.3   4.8  143   77 1980  5  9 12 23 ALBERTO    12.7   0.0  159  263
[12]: 1977  8 24  0 16 SANDY       7.1   4.1  153  341 1994 11  6 12  4 PATTY       9.3   0.0   43  143
[11]: 1988  2 14 18 24 GORDON      7.0   6.1   37  617 1983  4 17 12 24 SANDY      13.6   0.0  101  831
[10]: 1991  7 24  0 22 RAFAEL      7.2   4.8   79  482 1992  9  2 12  6 MICHAEL     7.5   0.0  143  586
[9]: 1981 10 16 18 28 KIRK        7.2   5.6   81  406 1993  3  4  6 11 GORDON     10.0   0.0   82  539
[8]: 1993  5 11  6 15 RAFAEL      7.2   4.5   41  322 1966  7  6  6  7 ALBERTO     7.8   0.0   85  564
[7]: 1998  9  5 12  5 PATTY       7.0   6.0   39   51 1969  5  3  6 25 KIRK       11.9   0.0  119  162
[6]: 2003  5 11  0 17 NADINE      7.0   5.9   83  638 1976  1 10 12 27 CHRIS      14.3   0.0   33  620
[5]: 1991 12 27  6  3 ISAAC       7.0   4.1  118  263 1982  3  9 12  8 TONY       12.2   0.0  145  808
[4]: 1964  2 13  0 22 KIRK        7.1   4.8  119  506 1951  7 22 18 17 TONY       12.9   0.0   82  379
[3]: 1971 10  4 12  8 KIRK        7.1   5.9   54   36 1975  5  1 12  1 OSCAR      10.5   0.0  133  760
[2]: 1990 11 27  6  6 WILLIAM     7.1   5.9  132  577 1968  5  5 12 12 FLORENCE   13.7   0.0   45  244
[1]: 1981  2 28 18 11 RAFAEL      7.1   5.3   37  100 1950  4 18  0 20 GORDON     12.1   0.0   83  438
[0]: 1961  9  9 18 17 OSCAR       7.1   5.6   15   79 2002  6 22  6  4 VALERIE    10.3   0.0   53  244
