[INFO -- 2018-10-08 19:12:53]
Starting flip_value script
version: 1.1
[INFO -- 2018-10-08 19:12:53]
Initialization strings:
[INFO -- 2018-10-08 19:12:53]
(1) file /tmp/fft_nn/fft_nn.out
[INFO -- 2018-10-08 19:12:53]
(2) set args 32768 /tmp/fft_nn/output_falha.data
[INFO -- 2018-10-08 19:12:53]
initSignal:10
[INFO -- 2018-10-08 19:12:53]
endSignal:15
[INFO -- 2018-10-08 19:12:53]
faultModel:2
[INFO -- 2018-10-08 19:13:04]
Backtrace BEGIN:
#0  0x00007ffff7013bfe in __GI_____strtof_l_internal (nptr=<optimized out>, endptr=0x7fffffffd230, group=<optimized out>, loc=<optimized out>) at strtod_l.c:1176
#1  0x00007ffff7011d60 in __GI___strtof_internal (nptr=<optimized out>, endptr=<optimized out>, group=<optimized out>) at strtod.c:54
#2  0x00007ffff702b948 in _IO_vfscanf_internal (s=s@entry=0x6062c0, format=<optimized out>, argptr=argptr@entry=0x7fffffffd408, errp=errp@entry=0x0) at vfscanf.c:2365
#3  0x00007ffff7032162 in __isoc99_fscanf (stream=0x6062c0, format=<optimized out>) at isoc99_fscanf.c:34
#4  0x00007ffff7bcf187 in fann_create_from_fd () from /usr/local/lib/libfann.so.2
#5  0x00007ffff7bcf608 in fann_create_from_file () from /usr/local/lib/libfann.so.2
#6  0x00000000004019b7 in radix2DitCooleyTykeyFft(int, int*, Complex*, Complex*) ()
#7  0x0000000000401631 in main ()

1171	strtod_l.c: Arquivo ou diretório não encontrado.

Backtrace END
Fliping array at pos: 0
Memory content before bitflip:0x440xe70xc40x000x000x000x000x00
Fault Model: Random bit-flip
base address to flip value: 0x7fffffffcf10
address max offset: 8
Memory content after  bitflip:0x650xd70x7b0x610x360x040xf40x48
frame name: __GI_____strtof_l_internal
symbol name: retval
symbol filename: strtod_l.c
symbol line: 497
value: {5256831296658462565}
value address: 0x7fffffffcf10
Type: The type is an array.
Type sizeof: 8
Field name: None
Field Type: A range type, that is, an integer type with bounds.
Field Type sizeof: 8
Field Type range: (0, 0)

[INFO -- 2018-10-08 19:13:04]
Fault Injection Successful after 11.732521772384644s
[INFO -- 2018-10-08 19:13:13]
event type: exit
[INFO -- 2018-10-08 19:13:13]
exit code: 0
