[INFO -- 2018-10-11 04:57:21]
sending 5 signals using command: 'killall -2 fft_nn.out' after 22.6448766907s
[INFO -- 2018-10-11 04:57:21]
sending 5 signals using command: 'killall -2 fft_nn.out' after 23.4569910498s
[INFO -- 2018-10-11 04:57:22]
sending 5 signals using command: 'killall -2 fft_nn.out' after 24.2626288764s
[INFO -- 2018-10-11 04:57:22]
Starting GDB script
[INFO -- 2018-10-11 04:57:22]
initSignal:0.0
[INFO -- 2018-10-11 04:57:22]
endSignal:5.0
[INFO -- 2018-10-11 04:57:22]
sending 5 signals using command: 'killall -2 fft_nn.out' after 0.127008980069s
[INFO -- 2018-10-11 04:57:25]
sending 5 signals using command: 'killall -2 fft_nn.out' after 2.49630857128s
[INFO -- 2018-10-11 04:57:25]
sending 5 signals using command: 'killall -2 fft_nn.out' after 2.93102266712s
[INFO -- 2018-10-11 04:57:43]
Execution finished before waitTime
