[INFO -- 2018-11-30 21:20:27]
Starting flip_value script
version: 1.1
[INFO -- 2018-11-30 21:20:27]
Initialization strings:
[INFO -- 2018-11-30 21:20:27]
(1) file /home/lignati/carol-fi/codes/inversefulldup/inversek2j.nn.out
[INFO -- 2018-11-30 21:20:27]
(2) set args /home/lignati/carol-fi/codes/inversefulldup/input_250k /home/lignati/carol-fi/codes/inversefulldup/output_falha.data
[INFO -- 2018-11-30 21:20:27]
initSignal:0
[INFO -- 2018-11-30 21:20:27]
endSignal:25
[INFO -- 2018-11-30 21:20:27]
faultModel:1
[EXCEPTION -- 2018-11-30 21:20:50]
gdbException: Attempt to dereference a generic pointer.
[INFO -- 2018-11-30 21:20:50]
Backtrace BEGIN:
#0  0x00007ffff70296e2 in _IO_vfscanf_internal (s=s@entry=0x11c818b0, format=0x7ffff7bd55ac "(%u, %f) ", argptr=argptr@entry=0x7fffffffcf38, errp=errp@entry=0x0) at vfscanf.c:343
#1  0x00007ffff7033162 in __isoc99_fscanf (stream=0x11c818b0, format=<optimized out>) at isoc99_fscanf.c:34
#2  0x00007ffff7bcac42 in fann_create_from_fd () from /usr/local/lib/libfann.so.2
#3  0x00007ffff7bc8073 in fann_create_from_file () from /usr/local/lib/libfann.so.2
#4  0x0000000000402061 in inversek2j(float, float, float*, float*) ()
#5  0x00000000004019dd in main ()

338	in vfscanf.c

Backtrace END
Fliping a bit of the value pointed by a pointer
Fliping value of field: alloc
Memory content before bitflip:0x000x000x000x00
Fault Model: Double bit-flip
base address to flip value: 0x7ffff7395758 
address max offset: 4
Memory content after  bitflip:0x000x090x000x00
frame name: _IO_vfscanf_internal
symbol name: curnumeric
symbol filename: vfscanf.c
symbol line: 327
value: 0x7ffff7395740 <_nl_C_LC_NUMERIC>
value address: 0x7ffff7398068 <_nl_global_locale+8>
Type: The type is a pointer.
Type sizeof: 8

[INFO -- 2018-11-30 21:20:50]
Fault Injection Successful after 23.360833406448364s
[INFO -- 2018-11-30 21:20:52]
event type: exit
[INFO -- 2018-11-30 21:20:52]
exit code: 0
