[INFO -- 2018-10-18 15:03:58]
Starting flip_value script
version: 1.1
[INFO -- 2018-10-18 15:03:58]
Initialization strings:
[INFO -- 2018-10-18 15:03:58]
(1) file /home/latansini/Desktop/trabalhoftf/carol-fi/sample-code/knn/nn-knl-files/nn
[INFO -- 2018-10-18 15:03:58]
(2) set args /home/latansini/Desktop/trabalhoftf/carol-fi/sample-code/knn/nn-knl-files/filelist 15 25 25 /home/latansini/Desktop/trabalhoftf/carol-fi/sample-code/knn/nn-knl-files/out15_25_25
[INFO -- 2018-10-18 15:03:58]
initSignal:2
[INFO -- 2018-10-18 15:03:58]
endSignal:3
[INFO -- 2018-10-18 15:03:58]
faultModel:2
[EXCEPTION -- 2018-10-18 15:04:00]
pythonException: invalid frame
[EXCEPTION -- 2018-10-18 15:04:00]
pythonException: invalid frame
[INFO -- 2018-10-18 15:04:00]
Backtrace BEGIN:
#0  0x00007ffff72f7e3b in __mpn_construct_double (frac_ptr=frac_ptr@entry=0x7fffffffd080, expt=<optimized out>, negative=negative@entry=0) at ../sysdeps/ieee754/dbl-64/mpn2dbl.c:40
#1  0x00007ffff72ff16a in round_and_return (retval=retval@entry=0x7fffffffd080, exponent=<optimized out>, negative=negative@entry=0, round_limb=round_limb@entry=7378697629483820646, round_bit=<optimized out>, more_bits=<optimized out>) at strtod_l.c:327
#2  0x00007ffff72ffc7d in __GI_____strtod_l_internal (nptr=<optimized out>, endptr=<optimized out>, group=<optimized out>, loc=<optimized out>) at strtod_l.c:1613
#3  0x000000000040150f in main._omp_fn.0 () at nn.c:118
#4  0x0000000000401193 in main (argc=6, argv=0x7fffffffd8b8) at nn.c:115

35	../sysdeps/ieee754/dbl-64/mpn2dbl.c: Arquivo ou diretório não encontrado.

Backtrace END
Memory content before bitflip:0x000x000xc80x41
Fault Model: Random bit-flip
base address to flip value: 0x7fffffffd578
address max offset: 4
Memory content after  bitflip:0x4e0xa30xa80xcc
frame name: main._omp_fn.0
symbol name: target_lat
symbol filename: nn.c
symbol line: 34
value: -88414832
value address: 0x7fffffffd578
Type: A floating point type.
Type sizeof: 4

[INFO -- 2018-10-18 15:04:00]
Fault Injection Successful after 2.5808029174804688s
[INFO -- 2018-10-18 15:04:04]
event type: exit
[INFO -- 2018-10-18 15:04:04]
exit code: 0
