[INFO -- 2018-12-01 22:37:27]
Starting flip_value script
version: 1.1
[INFO -- 2018-12-01 22:37:27]
Initialization strings:
[INFO -- 2018-12-01 22:37:27]
(1) file /home/latansini/Desktop/CAROL-FI/etapa2/carol-fi/codes/fftfulldup/fft_nn.out
[INFO -- 2018-12-01 22:37:27]
(2) set args 32768 /home/latansini/Desktop/CAROL-FI/etapa2/carol-fi/codes/fftfulldup/output.data
[INFO -- 2018-12-01 22:37:27]
initSignal:0
[INFO -- 2018-12-01 22:37:27]
endSignal:40
[INFO -- 2018-12-01 22:37:27]
faultModel:0
[INFO -- 2018-12-01 22:37:38]
Backtrace BEGIN:
#0  __GI_____strtof_l_internal (nptr=<optimized out>, endptr=0x7fffffffd0d0, group=<optimized out>, loc=<optimized out>) at strtod_l.c:858
#1  0x00007ffff6f94d60 in __GI___strtof_internal (nptr=<optimized out>, endptr=<optimized out>, group=<optimized out>) at strtod.c:54
#2  0x00007ffff6fae948 in _IO_vfscanf_internal (s=s@entry=0x618f00, format=<optimized out>, argptr=argptr@entry=0x7fffffffd2a8, errp=errp@entry=0x0) at vfscanf.c:2365
#3  0x00007ffff6fb5162 in __isoc99_fscanf (stream=0x618f00, format=<optimized out>) at isoc99_fscanf.c:34
#4  0x00007ffff7bcf187 in fann_create_from_fd () from /usr/local/lib/libfann.so.2
#5  0x00007ffff7bcf608 in fann_create_from_file () from /usr/local/lib/libfann.so.2
#6  0x0000000000401de7 in radix2DitCooleyTykeyFft(int, int*, Complex*, Complex*) ()
#7  0x0000000000401857 in main ()

853	strtod_l.c: Arquivo ou diretório não encontrado.

Backtrace END
Fliping a bit of the value pointed by a pointer
Memory content before bitflip:0x2e
Fault Model: Single bit-flip
base address to flip value: 0x7fffffffcea1 
address max offset: 1
Memory content after  bitflip:0x3e
frame name: _IO_vfscanf_internal
symbol name: tw
symbol filename: vfscanf.c
symbol line: 271
value: 0x7fffffffcea1 ">04246759414672851562e+00"
value address: 0x7fffffffd0d0
Type: The type is a pointer.
Type sizeof: 8

[INFO -- 2018-12-01 22:37:38]
Fault Injection Successful after 11.195158958435059s
[INFO -- 2018-12-01 22:38:06]
event type: exit
[INFO -- 2018-12-01 22:38:06]
exit code: 0
