[INFO -- 2018-10-11 01:09:38]
Starting flip_value script
version: 1.1
[INFO -- 2018-10-11 01:09:38]
Initialization strings:
[INFO -- 2018-10-11 01:09:38]
(1) file /tmp/fft_nn/fft_nn.out
[INFO -- 2018-10-11 01:09:38]
(2) set args 32768 /tmp/fft_nn/output_falha.data
[INFO -- 2018-10-11 01:09:38]
initSignal:0
[INFO -- 2018-10-11 01:09:38]
endSignal:5
[INFO -- 2018-10-11 01:09:38]
faultModel:0
[INFO -- 2018-10-11 01:09:40]
Backtrace BEGIN:
#0  0x00007ffff70cc567 in munmap () at ../sysdeps/unix/syscall-template.S:81
#1  0x00007ffff704f472 in __GI__IO_setb (f=f@entry=0x6062c0, b=b@entry=0x0, eb=eb@entry=0x0, a=a@entry=0) at genops.c:401
#2  0x00007ffff704dbb0 in _IO_new_file_close_it (fp=fp@entry=0x6062c0) at fileops.c:185
#3  0x00007ffff7041a50 in _IO_new_fclose (fp=0x6062c0) at iofclose.c:59
#4  0x00007ffff7bcf613 in fann_create_from_file () from /usr/local/lib/libfann.so.2
#5  0x00000000004019b7 in radix2DitCooleyTykeyFft(int, int*, Complex*, Complex*) ()
#6  0x0000000000401631 in main ()

76	../sysdeps/unix/syscall-template.S: Arquivo ou diretório não encontrado.

Backtrace END
Memory content before bitflip:0x000x000x000x00
Fault Model: Single bit-flip
base address to flip value: 0x7fffffffd53c
address max offset: 4
Memory content after  bitflip:0x000x000x200x00
frame name: __GI__IO_setb
symbol name: a
symbol filename: genops.c
symbol line: 398
value: 2097152
value address: 0x7fffffffd53c
Type: The type is an integer type.
Type sizeof: 4

[INFO -- 2018-10-11 01:09:40]
Fault Injection Successful after 2.625020742416382s
[INFO -- 2018-10-11 01:09:57]
event type: exit
[INFO -- 2018-10-11 01:09:57]
exit code: 0
