[INFO -- 2018-10-17 03:28:45]
Starting flip_value script
version: 1.1
[INFO -- 2018-10-17 03:28:45]
Initialization strings:
[INFO -- 2018-10-17 03:28:45]
(1) file /home/latansini/Desktop/trabalhoftf/carol-fi/sample-code/inverse_nn/inversek2j_nn.out
[INFO -- 2018-10-17 03:28:45]
(2) set args /home/latansini/Desktop/trabalhoftf/carol-fi/sample-code/inverse_nn/input_250k /home/latansini/Desktop/trabalhoftf/carol-fi/sample-code/inverse_nn/output_falha.data
[INFO -- 2018-10-17 03:28:45]
initSignal:6
[INFO -- 2018-10-17 03:28:45]
endSignal:8
[INFO -- 2018-10-17 03:28:45]
faultModel:3
[INFO -- 2018-10-17 03:28:51]
Backtrace BEGIN:
#0  0x00007ffff7012712 in __GI_____strtof_l_internal (nptr=0x7fffffffccd0 "1.86294987797737121582e-01", endptr=0x7fffffffcf00, group=<optimized out>, loc=<optimized out>) at strtod_l.c:833
#1  0x00007ffff7011d60 in __GI___strtof_internal (nptr=<optimized out>, endptr=<optimized out>, group=<optimized out>) at strtod.c:54
#2  0x00007ffff702b948 in _IO_vfscanf_internal (s=s@entry=0x608610, format=<optimized out>, argptr=argptr@entry=0x7fffffffd0d8, errp=errp@entry=0x0) at vfscanf.c:2365
#3  0x00007ffff7032162 in __isoc99_fscanf (stream=0x608610, format=<optimized out>) at isoc99_fscanf.c:34
#4  0x00007ffff7bcf187 in fann_create_from_fd () from /usr/local/lib/libfann.so.2
#5  0x00007ffff7bcf608 in fann_create_from_file () from /usr/local/lib/libfann.so.2
#6  0x000000000040199e in inversek2j(float, float, float*, float*) ()
#7  0x0000000000401631 in main ()

828	strtod_l.c: Arquivo ou diretório não encontrado.

Backtrace END
Fliping array at pos: 15
Memory content before bitflip:0x65
Fault Model: Zero bit-flip
base address to flip value: 0x7ffff715cc0f  
address max offset: 1
Memory content after  bitflip:0x00
frame name: _IO_vfscanf_internal
symbol name: __PRETTY_FUNCTION__
symbol filename: vfscanf.c
symbol line: 0
value: "_IO_vfscanf_int\000rnal"
value address: 0x7ffff715cc00 <__PRETTY_FUNCTION__.11925>
Type: The type is an array.
Type sizeof: 21
Field name: None
Field Type: A range type, that is, an integer type with bounds.
Field Type sizeof: 8
Field Type range: (0, 20)

[INFO -- 2018-10-17 03:28:51]
Fault Injection Successful after 6.429612398147583s
[INFO -- 2018-10-17 03:28:55]
event type: exit
[INFO -- 2018-10-17 03:28:55]
exit code: 0
