[INFO -- 2018-10-16 07:05:16]
Starting flip_value script
version: 1.1
[INFO -- 2018-10-16 07:05:16]
Initialization strings:
[INFO -- 2018-10-16 07:05:16]
(1) file /home/latansini/Desktop/trabalhoftf/carol-fi/sample-code/inverse_nn/inversek2j_nn.out
[INFO -- 2018-10-16 07:05:16]
(2) set args /home/latansini/Desktop/trabalhoftf/carol-fi/sample-code/inverse_nn/input_250k /home/latansini/Desktop/trabalhoftf/carol-fi/sample-code/inverse_nn/output_falha.data
[INFO -- 2018-10-16 07:05:16]
initSignal:8
[INFO -- 2018-10-16 07:05:16]
endSignal:10
[INFO -- 2018-10-16 07:05:16]
faultModel:4
[INFO -- 2018-10-16 07:05:25]
Backtrace BEGIN:
#0  __mpn_mul (prodp=prodp@entry=0x7fffffffcc40, up=0x7ffff714b088 <__tens+72>, usize=1, vp=vp@entry=0x7fffffffcbf0, vsize=vsize@entry=1) at mul.c:93
#1  0x00007ffff7012bb9 in __GI_____strtof_l_internal (nptr=<optimized out>, endptr=<optimized out>, group=<optimized out>, loc=<optimized out>) at strtod_l.c:1408
#2  0x00007ffff7011d60 in __GI___strtof_internal (nptr=<optimized out>, endptr=<optimized out>, group=<optimized out>) at strtod.c:54
#3  0x00007ffff702b948 in _IO_vfscanf_internal (s=s@entry=0x608610, format=<optimized out>, argptr=argptr@entry=0x7fffffffd0d8, errp=errp@entry=0x0) at vfscanf.c:2365
#4  0x00007ffff7032162 in __isoc99_fscanf (stream=0x608610, format=<optimized out>) at isoc99_fscanf.c:34
#5  0x00007ffff7bcf187 in fann_create_from_fd () from /usr/local/lib/libfann.so.2
#6  0x00007ffff7bcf608 in fann_create_from_file () from /usr/local/lib/libfann.so.2
#7  0x000000000040199e in inversek2j(float, float, float*, float*) ()
#8  0x0000000000401631 in main ()

88	mul.c: Arquivo ou diretório não encontrado.

Backtrace END
Fliping a bit of the pointer
Memory content before bitflip:0x400xcc0xff0xff0xff0x7f0x000x00
Fault Model: LSB bit-flip
base address to flip value: 0x7fffffffcae0
address max offset: 8
Memory content after  bitflip:0x400xcc0xff0xff0xff0x7f0x000x02
frame name: __mpn_mul
symbol name: prodp
symbol filename: mul.c
symbol line: 46
value: 0x7fffffffcc40
value address: 0x7fffffffcae0
Type: The type is a pointer.
Type sizeof: 8

[INFO -- 2018-10-16 07:05:25]
Fault Injection Successful after 9.947110176086426s
[INFO -- 2018-10-16 07:05:26]
event type: exit
[INFO -- 2018-10-16 07:05:26]
exit code: 0
