[INFO -- 2018-10-07 18:01:38]
sending 5 signals using command: 'killall -2 fft_nn.out' after 20.7858015382s
[INFO -- 2018-10-07 18:01:38]
sending 5 signals using command: 'killall -2 fft_nn.out' after 20.8072737775s
[INFO -- 2018-10-07 18:01:42]
sending 5 signals using command: 'killall -2 fft_nn.out' after 24.7077171241s
[INFO -- 2018-10-07 18:01:42]
Starting GDB script
[INFO -- 2018-10-07 18:01:42]
initSignal:0.0
[INFO -- 2018-10-07 18:01:42]
endSignal:5.0
[INFO -- 2018-10-07 18:01:44]
sending 5 signals using command: 'killall -2 fft_nn.out' after 1.18749390155s
[INFO -- 2018-10-07 18:01:44]
sending 5 signals using command: 'killall -2 fft_nn.out' after 1.38237651152s
[INFO -- 2018-10-07 18:01:46]
sending 5 signals using command: 'killall -2 fft_nn.out' after 3.76953610706s
[INFO -- 2018-10-07 18:02:03]
Execution finished before waitTime
