[INFO -- 2018-10-12 00:38:06]
sending 5 signals using command: 'killall -2 fft_nn.out' after 20.9466613369s
[INFO -- 2018-10-12 00:38:07]
sending 5 signals using command: 'killall -2 fft_nn.out' after 21.8959120338s
[INFO -- 2018-10-12 00:38:10]
sending 5 signals using command: 'killall -2 fft_nn.out' after 24.4481653954s
[INFO -- 2018-10-12 00:38:10]
Starting GDB script
[INFO -- 2018-10-12 00:38:10]
initSignal:0.0
[INFO -- 2018-10-12 00:38:10]
endSignal:5.0
[INFO -- 2018-10-12 00:38:11]
sending 5 signals using command: 'killall -2 fft_nn.out' after 0.909598700308s
[INFO -- 2018-10-12 00:38:12]
sending 5 signals using command: 'killall -2 fft_nn.out' after 2.39253666694s
[INFO -- 2018-10-12 00:38:13]
sending 5 signals using command: 'killall -2 fft_nn.out' after 3.48334642075s
[INFO -- 2018-10-12 00:38:31]
Execution finished before waitTime
