[INFO -- 2018-11-30 13:35:04]
Starting flip_value script
version: 1.1
[INFO -- 2018-11-30 13:35:04]
Initialization strings:
[INFO -- 2018-11-30 13:35:04]
(1) file /home/lignati/carol-fi/codes/inversefulldup/inversek2j.nn.out
[INFO -- 2018-11-30 13:35:04]
(2) set args /home/lignati/carol-fi/codes/inversefulldup/input_250k /home/lignati/carol-fi/codes/inversefulldup/output_falha.data
[INFO -- 2018-11-30 13:35:04]
initSignal:0
[INFO -- 2018-11-30 13:35:04]
endSignal:25
[INFO -- 2018-11-30 13:35:04]
faultModel:1
[EXCEPTION -- 2018-11-30 13:35:12]
gdbException: Attempt to dereference a generic pointer.
[INFO -- 2018-11-30 13:35:12]
Backtrace BEGIN:
#0  0x00007ffff701355e in __GI_____strtof_l_internal (nptr=0x7fffffffcb30 "2.12097668647766113281e+00", endptr=0x7fffffffcd60, group=0, loc=0x7ffff7398060 <_nl_global_locale>) at strtod_l.c:483
#1  0x00007ffff7012d60 in __GI___strtof_internal (nptr=<optimized out>, endptr=<optimized out>, group=<optimized out>) at strtod.c:54
#2  0x00007ffff702c948 in _IO_vfscanf_internal (s=s@entry=0x6085c0, format=<optimized out>, argptr=argptr@entry=0x7fffffffcf38, errp=errp@entry=0x0) at vfscanf.c:2365
#3  0x00007ffff7033162 in __isoc99_fscanf (stream=0x6085c0, format=<optimized out>) at isoc99_fscanf.c:34
#4  0x00007ffff7bcac42 in fann_create_from_fd () from /usr/local/lib/libfann.so.2
#5  0x00007ffff7bc8073 in fann_create_from_file () from /usr/local/lib/libfann.so.2
#6  0x0000000000402061 in inversek2j(float, float, float*, float*) ()
#7  0x000000000040179a in main ()

478	in strtod_l.c

Backtrace END
Fliping array at pos: 10
Memory content before bitflip:0x66
Fault Model: Double bit-flip
base address to flip value: 0x7ffff715dc0a  
address max offset: 1
Memory content after  bitflip:0xee
frame name: _IO_vfscanf_internal
symbol name: __PRETTY_FUNCTION__
symbol filename: vfscanf.c
symbol line: 0
value: "_IO_vfscan\356_internal"
value address: 0x7ffff715dc00 <__PRETTY_FUNCTION__.11925>
Type: The type is an array.
Type sizeof: 21
Field name: None
Field Type: A range type, that is, an integer type with bounds.
Field Type sizeof: 8
Field Type range: (0, 20)

[INFO -- 2018-11-30 13:35:12]
Fault Injection Successful after 8.669581651687622s
[INFO -- 2018-11-30 13:35:29]
event type: exit
[INFO -- 2018-11-30 13:35:29]
exit code: 0
