[INFO -- 2018-10-10 12:17:35]
sending 5 signals using command: 'killall -2 fft_nn.out' after 21.3290975846s
[INFO -- 2018-10-10 12:17:38]
sending 5 signals using command: 'killall -2 fft_nn.out' after 24.3830967151s
[INFO -- 2018-10-10 12:17:39]
sending 5 signals using command: 'killall -2 fft_nn.out' after 24.5789761195s
[INFO -- 2018-10-10 12:17:39]
Starting GDB script
[INFO -- 2018-10-10 12:17:39]
initSignal:0.0
[INFO -- 2018-10-10 12:17:39]
endSignal:5.0
[INFO -- 2018-10-10 12:17:41]
sending 5 signals using command: 'killall -2 fft_nn.out' after 2.55997834543s
[INFO -- 2018-10-10 12:17:42]
sending 5 signals using command: 'killall -2 fft_nn.out' after 3.43793212261s
[INFO -- 2018-10-10 12:17:43]
sending 5 signals using command: 'killall -2 fft_nn.out' after 4.02556282127s
[INFO -- 2018-10-10 12:18:00]
Execution finished before waitTime
