[INFO -- 2018-10-11 15:46:17]
sending 5 signals using command: 'killall -2 fft_nn.out' after 23.2561655613s
[INFO -- 2018-10-11 15:46:17]
sending 5 signals using command: 'killall -2 fft_nn.out' after 23.86256173s
[INFO -- 2018-10-11 15:46:18]
sending 5 signals using command: 'killall -2 fft_nn.out' after 24.8700958475s
[INFO -- 2018-10-11 15:46:18]
Starting GDB script
[INFO -- 2018-10-11 15:46:18]
initSignal:0.0
[INFO -- 2018-10-11 15:46:18]
endSignal:5.0
[INFO -- 2018-10-11 15:46:20]
sending 5 signals using command: 'killall -2 fft_nn.out' after 1.68457438203s
[INFO -- 2018-10-11 15:46:21]
sending 5 signals using command: 'killall -2 fft_nn.out' after 3.03115817613s
[INFO -- 2018-10-11 15:46:22]
sending 5 signals using command: 'killall -2 fft_nn.out' after 4.07030113548s
[INFO -- 2018-10-11 15:46:39]
Execution finished before waitTime
