[INFO -- 2018-11-30 20:47:22]
Starting flip_value script
version: 1.1
[INFO -- 2018-11-30 20:47:22]
Initialization strings:
[INFO -- 2018-11-30 20:47:22]
(1) file /home/latansini/Desktop/CAROL-FI/etapa2/carol-fi/codes/fftfulldup/fft_nn.out
[INFO -- 2018-11-30 20:47:22]
(2) set args 32768 /home/latansini/Desktop/CAROL-FI/etapa2/carol-fi/codes/fftfulldup/output.data
[INFO -- 2018-11-30 20:47:22]
initSignal:0
[INFO -- 2018-11-30 20:47:22]
endSignal:40
[INFO -- 2018-11-30 20:47:22]
faultModel:2
[EXCEPTION -- 2018-11-30 20:47:54]
gdbException: Tentativo de desreferenciar um ponteiro genérico.
[EXCEPTION -- 2018-11-30 20:47:54]
gdbException: Tentativo de desreferenciar um ponteiro genérico.
[INFO -- 2018-11-30 20:47:54]
Backtrace BEGIN:
#0  __GI_____strtof_l_internal (nptr=<optimized out>, endptr=0x7fffffffd0d0, group=<optimized out>, loc=<optimized out>) at strtod_l.c:988
#1  0x00007ffff6f94d60 in __GI___strtof_internal (nptr=<optimized out>, endptr=<optimized out>, group=<optimized out>) at strtod.c:54
#2  0x00007ffff6fae948 in _IO_vfscanf_internal (s=s@entry=0x618f00, format=<optimized out>, argptr=argptr@entry=0x7fffffffd2a8, errp=errp@entry=0x0) at vfscanf.c:2365
#3  0x00007ffff6fb5162 in __isoc99_fscanf (stream=0x618f00, format=<optimized out>) at isoc99_fscanf.c:34
#4  0x00007ffff7bcf0eb in fann_create_from_fd () from /usr/local/lib/libfann.so.2
#5  0x00007ffff7bcf608 in fann_create_from_file () from /usr/local/lib/libfann.so.2
#6  0x0000000000401de7 in radix2DitCooleyTykeyFft(int, int*, Complex*, Complex*) ()
#7  0x0000000000401879 in main ()

983	in strtod_l.c

Backtrace END
Memory content before bitflip:0x010x000x000x000x000x000x000x00
Fault Model: Random bit-flip
base address to flip value: 0x7fffffffcda0
address max offset: 8
Memory content after  bitflip:0x510x260xbc0xd10xcf0x1e0x610x6d
frame name: __GI_____strtof_l_internal
symbol name: exponent
symbol filename: strtod_l.c
symbol line: 486
value: 7881614700800910929
value address: 0x7fffffffcda0
Type: The type is an integer type.
Type sizeof: 8

[INFO -- 2018-11-30 20:47:54]
Fault Injection Successful after 32.47053599357605s
[INFO -- 2018-11-30 20:48:01]
event type: exit
[INFO -- 2018-11-30 20:48:01]
exit code: 0
