[INFO -- 2018-10-15 18:56:01]
Starting flip_value script
version: 1.1
[INFO -- 2018-10-15 18:56:01]
Initialization strings:
[INFO -- 2018-10-15 18:56:01]
(1) file /home/latansini/Desktop/trabalhoftf/carol-fi/sample-code/inverse_nn/inversek2j_nn.out
[INFO -- 2018-10-15 18:56:01]
(2) set args /home/latansini/Desktop/trabalhoftf/carol-fi/sample-code/inverse_nn/input_250k /home/latansini/Desktop/trabalhoftf/carol-fi/sample-code/inverse_nn/output_falha.data
[INFO -- 2018-10-15 18:56:01]
initSignal:2
[INFO -- 2018-10-15 18:56:01]
endSignal:4
[INFO -- 2018-10-15 18:56:01]
faultModel:1
[INFO -- 2018-10-15 18:56:04]
Backtrace BEGIN:
#0  0x00007ffff7011e2a in str_to_mpn (str=0x7fffffffcce3 "500e-01", str@entry=0x7fffffffccd0 "3.74776840209960937500e-01", digcnt=1, digcnt@entry=19, n=n@entry=0x7fffffffcbf0, nsize=nsize@entry=0x7fffffffcbc0, exponent=exponent@entry=0x7fffffffcbd0, decimal_len=decimal_len@entry=1, thousands=thousands@entry=0x0, decimal=<optimized out>) at strtod_l.c:385
#1  0x00007ffff7012c2b in __GI_____strtof_l_internal (nptr=<optimized out>, endptr=<optimized out>, group=<optimized out>, loc=<optimized out>) at strtod_l.c:1427
#2  0x00007ffff7011d60 in __GI___strtof_internal (nptr=<optimized out>, endptr=<optimized out>, group=<optimized out>) at strtod.c:54
#3  0x00007ffff702b948 in _IO_vfscanf_internal (s=s@entry=0x608610, format=<optimized out>, argptr=argptr@entry=0x7fffffffd0d8, errp=errp@entry=0x0) at vfscanf.c:2365
#4  0x00007ffff7032162 in __isoc99_fscanf (stream=0x608610, format=<optimized out>) at isoc99_fscanf.c:34
#5  0x00007ffff7bcf187 in fann_create_from_fd () from /usr/local/lib/libfann.so.2
#6  0x00007ffff7bcf608 in fann_create_from_file () from /usr/local/lib/libfann.so.2
#7  0x000000000040199e in inversek2j(float, float, float*, float*) ()
#8  0x0000000000401631 in main ()

380	strtod_l.c: Arquivo ou diretório não encontrado.

Backtrace END
Fliping a bit of the pointer
Memory content before bitflip:0x400xcc0xff0xff0xff0x7f0x000x00
Fault Model: Double bit-flip
base address to flip value: 0x7fffffffcb68
address max offset: 8
Memory content after  bitflip:0xd00xcc0xff0xff0xff0x7f0x000x00
frame name: __GI_____strtof_l_internal
symbol name: start_of_digits
symbol filename: strtod_l.c
symbol line: 504
value: 0x7fffffffcc40 ""
value address: 0x7fffffffcb68
Type: The type is a pointer.
Type sizeof: 8

[INFO -- 2018-10-15 18:56:04]
Fault Injection Successful after 3.4420554637908936s
[INFO -- 2018-10-15 18:56:12]
event type: exit
[INFO -- 2018-10-15 18:56:12]
exit code: 0
