[INFO -- 2018-10-09 02:00:23]
sending 5 signals using command: 'killall -2 fft_nn.out' after 20.9300234137s
[INFO -- 2018-10-09 02:00:23]
sending 5 signals using command: 'killall -2 fft_nn.out' after 20.9602761712s
[INFO -- 2018-10-09 02:00:27]
sending 5 signals using command: 'killall -2 fft_nn.out' after 24.6143341403s
[INFO -- 2018-10-09 02:00:27]
Starting GDB script
[INFO -- 2018-10-09 02:00:27]
initSignal:0.0
[INFO -- 2018-10-09 02:00:27]
endSignal:5.0
[INFO -- 2018-10-09 02:00:27]
sending 5 signals using command: 'killall -2 fft_nn.out' after 0.107790441927s
[INFO -- 2018-10-09 02:00:30]
sending 5 signals using command: 'killall -2 fft_nn.out' after 3.1581984674s
[INFO -- 2018-10-09 02:00:31]
sending 5 signals using command: 'killall -2 fft_nn.out' after 4.22474612899s
[INFO -- 2018-10-09 02:00:48]
Execution finished before waitTime
