[INFO -- 2018-12-03 20:26:25]
Starting flip_value script
version: 1.1
[INFO -- 2018-12-03 20:26:25]
Initialization strings:
[INFO -- 2018-12-03 20:26:25]
(1) file /home/latansini/carol-fi/carol-fi/codes/nnfulldup/nn-knl-files/nn
[INFO -- 2018-12-03 20:26:25]
(2) set args /home/latansini/carol-fi/carol-fi/codes/nnfulldup/nn-knl-files/filelist 20 5 5 /home/latansini/carol-fi/carol-fi/codes/nnfulldup/nn-knl-files/out20_5_5
[INFO -- 2018-12-03 20:26:25]
initSignal:0
[INFO -- 2018-12-03 20:26:25]
endSignal:2
[INFO -- 2018-12-03 20:26:25]
faultModel:3
[INFO -- 2018-12-03 20:26:25]
Backtrace BEGIN:
#0  __mpn_lshift () at ../sysdeps/x86_64/lshift.S:58
#1  0x00007ffff7339f33 in __GI_____strtod_l_internal (nptr=<optimized out>, endptr=<optimized out>, group=<optimized out>, loc=<optimized out>) at strtod_l.c:1472
#2  0x0000000000401583 in nn_wrapper._omp_fn.0 () at nn.c:101
#3  0x00007ffff78ce7df in GOMP_parallel () from /usr/lib/x86_64-linux-gnu/libgomp.so.1
#4  0x0000000000400f98 in nn_wrapper (filename=0x7fffffffe7d7 "/home/latansini/carol-fi/carol-fi/codes/nnfulldup/nn-knl-files/filelist", k=20, target_lat=5, target_long=5) at nn.c:97
#5  0x000000000040148d in main (argc=6, argv=0x7fffffffe568) at nn.c:195

53	../sysdeps/x86_64/lshift.S: No such file or directory.

Backtrace END
Memory content before bitflip:0x000x000x000x00
Fault Model: Zero bit-flip
base address to flip value: 0x7fffffffdccc
address max offset: 4
Memory content after  bitflip:0x000x000x000x00
frame name: __GI_____strtod_l_internal
symbol name: more_bits
symbol filename: strtod_l.c
symbol line: 1350
value: 0
value address: 0x7fffffffdccc
Type: The type is an integer type.
Type sizeof: 4

[INFO -- 2018-12-03 20:26:25]
Fault Injection Successful after 0.582598924637s
[INFO -- 2018-12-03 20:26:27]
event type: exit
[INFO -- 2018-12-03 20:26:27]
exit code: 0
