[INFO -- 2018-10-09 20:04:52]
sending 5 signals using command: 'killall -2 fft_nn.out' after 21.3865352129s
[INFO -- 2018-10-09 20:04:54]
sending 5 signals using command: 'killall -2 fft_nn.out' after 23.8571491502s
[INFO -- 2018-10-09 20:04:54]
sending 5 signals using command: 'killall -2 fft_nn.out' after 24.1515397136s
[INFO -- 2018-10-09 20:04:54]
Starting GDB script
[INFO -- 2018-10-09 20:04:54]
initSignal:0.0
[INFO -- 2018-10-09 20:04:54]
endSignal:5.0
[INFO -- 2018-10-09 20:04:55]
sending 5 signals using command: 'killall -2 fft_nn.out' after 0.269352270711s
[INFO -- 2018-10-09 20:04:57]
sending 5 signals using command: 'killall -2 fft_nn.out' after 2.38195472549s
[INFO -- 2018-10-09 20:04:57]
sending 5 signals using command: 'killall -2 fft_nn.out' after 2.77546420473s
[INFO -- 2018-10-09 20:05:15]
Execution finished before waitTime
