[INFO -- 2018-10-09 16:19:40]
Starting flip_value script
version: 1.1
[INFO -- 2018-10-09 16:19:40]
Initialization strings:
[INFO -- 2018-10-09 16:19:40]
(1) file /tmp/fft_nn/fft_nn.out
[INFO -- 2018-10-09 16:19:40]
(2) set args 32768 /tmp/fft_nn/output_falha.data
[INFO -- 2018-10-09 16:19:40]
initSignal:10
[INFO -- 2018-10-09 16:19:40]
endSignal:15
[INFO -- 2018-10-09 16:19:40]
faultModel:2
[INFO -- 2018-10-09 16:19:52]
Backtrace BEGIN:
#0  _IO_vfscanf_internal (s=s@entry=0x6062c0, format=<optimized out>, argptr=argptr@entry=0x7fffffffd408, errp=errp@entry=0x0) at vfscanf.c:1722
#1  0x00007ffff7032162 in __isoc99_fscanf (stream=0x6062c0, format=<optimized out>) at isoc99_fscanf.c:34
#2  0x00007ffff7bcf187 in fann_create_from_fd () from /usr/local/lib/libfann.so.2
#3  0x00007ffff7bcf608 in fann_create_from_file () from /usr/local/lib/libfann.so.2
#4  0x00000000004019b7 in radix2DitCooleyTykeyFft(int, int*, Complex*, Complex*) ()
#5  0x0000000000401631 in main ()

1717	vfscanf.c: Arquivo ou diretório não encontrado.

Backtrace END
Memory content before bitflip:0x000x000x000x000x000x000x000x00
Fault Model: Random bit-flip
base address to flip value: 0x7fffffffd1b0
address max offset: 8
Memory content after  bitflip:0x770x120x940x930xa30xb70xb30xde
frame name: _IO_vfscanf_internal
symbol name: strsize
symbol filename: vfscanf.c
symbol line: 265
value: -2399372263274835337
value address: 0x7fffffffd1b0
Type: The type is an integer type.
Type sizeof: 8

[INFO -- 2018-10-09 16:19:52]
Fault Injection Successful after 12.201458930969238s
[INFO -- 2018-10-09 16:20:01]
event type: exit
[INFO -- 2018-10-09 16:20:01]
exit code: 0
