[INFO -- 2018-10-15 14:12:04]
Starting flip_value script
version: 1.1
[INFO -- 2018-10-15 14:12:04]
Initialization strings:
[INFO -- 2018-10-15 14:12:04]
(1) file /home/latansini/Desktop/trabalhoftf/carol-fi/sample-code/inverse_nn/inversek2j_nn.out
[INFO -- 2018-10-15 14:12:04]
(2) set args /home/latansini/Desktop/trabalhoftf/carol-fi/sample-code/inverse_nn/input_250k /home/latansini/Desktop/trabalhoftf/carol-fi/sample-code/inverse_nn/output_falha.data
[INFO -- 2018-10-15 14:12:04]
initSignal:8
[INFO -- 2018-10-15 14:12:04]
endSignal:10
[INFO -- 2018-10-15 14:12:04]
faultModel:4
[INFO -- 2018-10-15 14:12:12]
Backtrace BEGIN:
#0  _IO_vfscanf_internal (s=s@entry=0x608610, format=0x7ffff7bd3da5 "(%u, %f) ", argptr=argptr@entry=0x7fffffffd0d8, errp=errp@entry=0x0) at vfscanf.c:314
#1  0x00007ffff7032162 in __isoc99_fscanf (stream=0x608610, format=<optimized out>) at isoc99_fscanf.c:34
#2  0x00007ffff7bcf187 in fann_create_from_fd () from /usr/local/lib/libfann.so.2
#3  0x00007ffff7bcf608 in fann_create_from_file () from /usr/local/lib/libfann.so.2
#4  0x000000000040199e in inversek2j(float, float, float*, float*) ()
#5  0x0000000000401631 in main ()

309	vfscanf.c: Arquivo ou diretório não encontrado.

Backtrace END
Fliping array at pos: 0
Fliping value of field: gp_offset
Memory content before bitflip:0x200x000x000x00
Fault Model: LSB bit-flip
base address to flip value: 0x7fffffffcf30
address max offset: 4
Memory content after  bitflip:0x200x000x000x08
frame name: _IO_vfscanf_internal
symbol name: arg
symbol filename: vfscanf.c
symbol line: 215
value: {{gp_offset = 134217760, fp_offset = 48, overflow_arg_area = 0x7fffffffd1b0, reg_save_area = 0x7fffffffd0f0}}
value address: 0x7fffffffcf30
Type: The type is an array.
Type sizeof: 24

[INFO -- 2018-10-15 14:12:12]
Fault Injection Successful after 8.485140085220337s
[INFO -- 2018-10-15 14:12:14]
event type: exit
[INFO -- 2018-10-15 14:12:14]
exit code: 0
