[INFO -- 2018-10-07 14:12:44]
Starting flip_value script
version: 1.1
[INFO -- 2018-10-07 14:12:44]
Initialization strings:
[INFO -- 2018-10-07 14:12:44]
(1) file /tmp/fft_nn/fft_nn.out
[INFO -- 2018-10-07 14:12:44]
(2) set args 32768 /tmp/fft_nn/output_falha.data
[INFO -- 2018-10-07 14:12:44]
initSignal:15
[INFO -- 2018-10-07 14:12:44]
endSignal:25
[INFO -- 2018-10-07 14:12:44]
faultModel:4
[INFO -- 2018-10-07 14:13:00]
Backtrace BEGIN:
#0  0x00007ffff702989a in _IO_vfscanf_internal (s=s@entry=0x6062c0, format=<optimized out>, argptr=argptr@entry=0x7fffffffd8c8, errp=errp@entry=0x0) at vfscanf.c:2115
#1  0x00007ffff7032162 in __isoc99_fscanf (stream=0x6062c0, format=<optimized out>) at isoc99_fscanf.c:34
#2  0x00007ffff7bcf187 in fann_create_from_fd () from /usr/local/lib/libfann.so.2
#3  0x00007ffff7bcf608 in fann_create_from_file () from /usr/local/lib/libfann.so.2
#4  0x00000000004019b7 in radix2DitCooleyTykeyFft(int, int*, Complex*, Complex*) ()
#5  0x0000000000401631 in main ()

2110	vfscanf.c: Arquivo ou diretório não encontrado.

Backtrace END
Fliping a bit of the value pointed by a pointer
Memory content before bitflip:0x2e
Fault Model: LSB bit-flip
base address to flip value: 0x7fffffffd4c1 
address max offset: 1
Memory content after  bitflip:0x6e
frame name: _IO_vfscanf_internal
symbol name: tw
symbol filename: vfscanf.c
symbol line: 271
value: 0x7fffffffd4c1 "n65934875607490539551e-01"
value address: 0x7fffffffd6f0
Type: The type is a pointer.
Type sizeof: 8

[INFO -- 2018-10-07 14:13:00]
Fault Injection Successful after 16.095921277999878s
[INFO -- 2018-10-07 14:13:04]
event type: exit
[INFO -- 2018-10-07 14:13:04]
exit code: 0
