[INFO -- 2018-10-12 05:55:47]
sending 5 signals using command: 'killall -2 fft_nn.out' after 21.1954416739s
[INFO -- 2018-10-12 05:55:49]
sending 5 signals using command: 'killall -2 fft_nn.out' after 23.1158500121s
[INFO -- 2018-10-12 05:55:50]
sending 5 signals using command: 'killall -2 fft_nn.out' after 24.4241202997s
[INFO -- 2018-10-12 05:55:50]
Starting GDB script
[INFO -- 2018-10-12 05:55:50]
initSignal:0.0
[INFO -- 2018-10-12 05:55:50]
endSignal:5.0
[INFO -- 2018-10-12 05:55:50]
sending 5 signals using command: 'killall -2 fft_nn.out' after 0.0199250456809s
[INFO -- 2018-10-12 05:55:52]
sending 5 signals using command: 'killall -2 fft_nn.out' after 1.71068871554s
[INFO -- 2018-10-12 05:55:53]
sending 5 signals using command: 'killall -2 fft_nn.out' after 2.63124976713s
[INFO -- 2018-10-12 05:56:11]
Execution finished before waitTime
