[INFO -- 2018-10-19 02:45:08]
Starting flip_value script
version: 1.1
[INFO -- 2018-10-19 02:45:08]
Initialization strings:
[INFO -- 2018-10-19 02:45:08]
(1) file /home/latansini/Desktop/trabalhoftf/carol-fi/sample-code/knn/nn-knl-files/nn
[INFO -- 2018-10-19 02:45:08]
(2) set args /home/latansini/Desktop/trabalhoftf/carol-fi/sample-code/knn/nn-knl-files/filelist 15 25 25 /home/latansini/Desktop/trabalhoftf/carol-fi/sample-code/knn/nn-knl-files/out15_25_25
[INFO -- 2018-10-19 02:45:08]
initSignal:4
[INFO -- 2018-10-19 02:45:08]
endSignal:5
[INFO -- 2018-10-19 02:45:08]
faultModel:4
[EXCEPTION -- 2018-10-19 02:45:12]
pythonException: invalid frame
[EXCEPTION -- 2018-10-19 02:45:12]
pythonException: invalid frame
[EXCEPTION -- 2018-10-19 02:45:12]
pythonException: invalid frame
[INFO -- 2018-10-19 02:45:12]
Backtrace BEGIN:
#0  __mpn_lshift () at ../sysdeps/x86_64/lshift.S:46
#1  0x00007ffff72ffab8 in __GI_____strtod_l_internal (nptr=<optimized out>, endptr=<optimized out>, group=<optimized out>, loc=<optimized out>) at strtod_l.c:1450
#2  0x000000000040152c in main._omp_fn.0 () at nn.c:119
#3  0x0000000000401193 in main (argc=6, argv=0x7fffffffd8b8) at nn.c:115

41	../sysdeps/x86_64/lshift.S: Arquivo ou diretório não encontrado.

Backtrace END
Fliping a bit of the value pointed by a pointer
Memory content before bitflip:0xd60x1b0x2e0x43
Fault Model: LSB bit-flip
base address to flip value: 0x603880
address max offset: 4
Memory content after  bitflip:0xd60x1b0x2e0xc3
frame name: main
symbol name: z
symbol filename: nn.c
symbol line: 80
value: 0x603880
value address: 0x7fffffffd538
Type: The type is a pointer.
Type sizeof: 8

[INFO -- 2018-10-19 02:45:12]
Fault Injection Successful after 4.933464527130127s
[INFO -- 2018-10-19 02:45:14]
event type: exit
[INFO -- 2018-10-19 02:45:14]
exit code: 0
