[INFO -- 2018-12-09 15:59:24]
sending 5 signals using command: 'killall -2 nn' after 0.587391942885s
[INFO -- 2018-12-09 15:59:24]
sending 5 signals using command: 'killall -2 nn' after 0.665383337231s
[INFO -- 2018-12-09 15:59:24]
sending 5 signals using command: 'killall -2 nn' after 0.907982960476s
[INFO -- 2018-12-09 15:59:24]
Starting GDB script
[INFO -- 2018-12-09 15:59:24]
initSignal:0.0
[INFO -- 2018-12-09 15:59:24]
endSignal:1.0
[INFO -- 2018-12-09 15:59:24]
sending 5 signals using command: 'killall -2 nn' after 0.00970747305518s
[INFO -- 2018-12-09 15:59:25]
sending 5 signals using command: 'killall -2 nn' after 0.292242964744s
[INFO -- 2018-12-09 15:59:25]
sending 5 signals using command: 'killall -2 nn' after 0.347502300552s
[INFO -- 2018-12-09 15:59:25]
Execution finished before waitTime
