[INFO -- 2018-10-08 07:51:44]
sending 5 signals using command: 'killall -2 fft_nn.out' after 21.0245948043s
[INFO -- 2018-10-08 07:51:47]
sending 5 signals using command: 'killall -2 fft_nn.out' after 23.4733930325s
[INFO -- 2018-10-08 07:51:48]
sending 5 signals using command: 'killall -2 fft_nn.out' after 24.9944979153s
[INFO -- 2018-10-08 07:51:48]
Starting GDB script
[INFO -- 2018-10-08 07:51:48]
initSignal:0.0
[INFO -- 2018-10-08 07:51:48]
endSignal:5.0
[INFO -- 2018-10-08 07:51:52]
sending 5 signals using command: 'killall -2 fft_nn.out' after 3.14283683913s
[INFO -- 2018-10-08 07:51:52]
sending 5 signals using command: 'killall -2 fft_nn.out' after 3.2639239736s
[INFO -- 2018-10-08 07:51:53]
sending 5 signals using command: 'killall -2 fft_nn.out' after 4.31572551776s
[INFO -- 2018-10-08 07:52:08]
Execution finished before waitTime
