[INFO -- 2018-10-09 18:02:15]
sending 5 signals using command: 'killall -2 fft_nn.out' after 23.6509583801s
[INFO -- 2018-10-09 18:02:15]
sending 5 signals using command: 'killall -2 fft_nn.out' after 24.3309341175s
[INFO -- 2018-10-09 18:02:16]
sending 5 signals using command: 'killall -2 fft_nn.out' after 24.7023388643s
[INFO -- 2018-10-09 18:02:16]
Starting GDB script
[INFO -- 2018-10-09 18:02:16]
initSignal:0.0
[INFO -- 2018-10-09 18:02:16]
endSignal:5.0
[INFO -- 2018-10-09 18:02:18]
sending 5 signals using command: 'killall -2 fft_nn.out' after 2.31173910456s
[INFO -- 2018-10-09 18:02:19]
sending 5 signals using command: 'killall -2 fft_nn.out' after 3.17945257808s
[INFO -- 2018-10-09 18:02:20]
sending 5 signals using command: 'killall -2 fft_nn.out' after 3.86955526849s
[INFO -- 2018-10-09 18:02:37]
Execution finished before waitTime
