[INFO -- 2018-10-18 17:02:52]
Starting flip_value script
version: 1.1
[INFO -- 2018-10-18 17:02:52]
Initialization strings:
[INFO -- 2018-10-18 17:02:52]
(1) file /home/latansini/Desktop/trabalhoftf/carol-fi/sample-code/knn/nn-knl-files/nn
[INFO -- 2018-10-18 17:02:52]
(2) set args /home/latansini/Desktop/trabalhoftf/carol-fi/sample-code/knn/nn-knl-files/filelist 15 25 25 /home/latansini/Desktop/trabalhoftf/carol-fi/sample-code/knn/nn-knl-files/out15_25_25
[INFO -- 2018-10-18 17:02:52]
initSignal:3
[INFO -- 2018-10-18 17:02:52]
endSignal:4
[INFO -- 2018-10-18 17:02:52]
faultModel:3
[EXCEPTION -- 2018-10-18 17:02:55]
pythonException: invalid frame
[EXCEPTION -- 2018-10-18 17:02:55]
pythonException: invalid frame
[INFO -- 2018-10-18 17:02:55]
Backtrace BEGIN:
#0  main (argc=6, argv=0x7fffffffd8b8) at nn.c:131

126	        for( i = 0 ; i < rec_count ; i++ ) {
127	            float max_dist = -1;
128	            int max_idx = 0;
129	            // find a neighbor with greatest dist and take his spot if allowed!
130	            for( j = 0 ; j < k ; j++ ) {
131	                if( neighbors[j].dist > max_dist ) {
132	                    max_dist = neighbors[j].dist;
133	                    max_idx = j;
134	                }
135	            }

Backtrace END
Fliping a bit of the value pointed by a pointer
Fliping value of field: entry
Fliping array at pos: 17
Memory content before bitflip:0x56
Fault Model: Zero bit-flip
base address to flip value: 0x603281 
address max offset: 1
Memory content after  bitflip:0x00
frame name: main
symbol name: neighbors
symbol filename: nn.c
symbol line: 33
value: 0x603270
value address: 0x7fffffffd540
Type: The type is a pointer.
Type sizeof: 8

[INFO -- 2018-10-18 17:02:55]
Fault Injection Successful after 3.412022829055786s
[INFO -- 2018-10-18 17:02:58]
event type: exit
[INFO -- 2018-10-18 17:02:58]
exit code: 0
