[INFO -- 2018-10-12 06:47:17]
Starting flip_value script
version: 1.1
[INFO -- 2018-10-12 06:47:17]
Initialization strings:
[INFO -- 2018-10-12 06:47:17]
(1) file /tmp/fft_nn/fft_nn.out
[INFO -- 2018-10-12 06:47:17]
(2) set args 32768 /tmp/fft_nn/output_falha.data
[INFO -- 2018-10-12 06:47:17]
initSignal:15
[INFO -- 2018-10-12 06:47:17]
endSignal:20
[INFO -- 2018-10-12 06:47:17]
faultModel:3
[INFO -- 2018-10-12 06:47:34]
Backtrace BEGIN:
#0  0x00007ffff7011407 in __GI___strtoul_internal (nptr=nptr@entry=0x7fffffffd000 "4", endptr=endptr@entry=0x7fffffffd230, base=10, group=group@entry=0) at ../stdlib/strtol.c:97
#1  0x00007ffff7029f02 in _IO_vfscanf_internal (s=s@entry=0x6062c0, format=<optimized out>, argptr=argptr@entry=0x7fffffffd408, errp=errp@entry=0x0) at vfscanf.c:1827
#2  0x00007ffff7032162 in __isoc99_fscanf (stream=0x6062c0, format=<optimized out>) at isoc99_fscanf.c:34
#3  0x00007ffff7bce880 in fann_create_from_fd () from /usr/local/lib/libfann.so.2
#4  0x00007ffff7bcf608 in fann_create_from_file () from /usr/local/lib/libfann.so.2
#5  0x00000000004019b7 in radix2DitCooleyTykeyFft(int, int*, Complex*, Complex*) ()
#6  0x0000000000401631 in main ()

92	../stdlib/strtol.c: Arquivo ou diretório não encontrado.

Backtrace END
Fliping a bit of the pointer
Memory content before bitflip:0x1a0xd00xff0xff0xff0x7f0x000x00
Fault Model: Zero bit-flip
base address to flip value: 0x7fffffffd230
address max offset: 8
Memory content after  bitflip:0x000x000x000x000x000x000x000x00
frame name: _IO_vfscanf_internal
symbol name: tw
symbol filename: vfscanf.c
symbol line: 271
value: 0x7fffffffd01a ""
value address: 0x7fffffffd230
Type: The type is a pointer.
Type sizeof: 8

[INFO -- 2018-10-12 06:47:34]
Fault Injection Successful after 17.374478340148926s
[INFO -- 2018-10-12 06:47:37]
event type: exit
[INFO -- 2018-10-12 06:47:37]
exit code: 0
