[INFO -- 2018-12-01 07:11:02]
Starting flip_value script
version: 1.1
[INFO -- 2018-12-01 07:11:02]
Initialization strings:
[INFO -- 2018-12-01 07:11:02]
(1) file /home/latansini/Desktop/CAROL-FI/etapa2/carol-fi/codes/fftfulldup/fft_nn.out
[INFO -- 2018-12-01 07:11:02]
(2) set args 32768 /home/latansini/Desktop/CAROL-FI/etapa2/carol-fi/codes/fftfulldup/output.data
[INFO -- 2018-12-01 07:11:02]
initSignal:0
[INFO -- 2018-12-01 07:11:02]
endSignal:40
[INFO -- 2018-12-01 07:11:02]
faultModel:4
[INFO -- 2018-12-01 07:11:04]
Backtrace BEGIN:
#0  __GI___expf (x=2,54049635) at ../sysdeps/ieee754/flt-32/w_expf.c:27
#1  0x00007ffff7bc5284 in fann_run () from /usr/local/lib/libfann.so.2
#2  0x0000000000401dfe in radix2DitCooleyTykeyFft(int, int*, Complex*, Complex*) ()
#3  0x0000000000401857 in main ()

22	../sysdeps/ieee754/flt-32/w_expf.c: Arquivo ou diretório não encontrado.

Backtrace END
Memory content before bitflip:0x7e0x970x220x40
Fault Model: LSB bit-flip
base address to flip value: 0x7fffffffd3ec
address max offset: 4
Memory content after  bitflip:0x7e0x970x220x42
frame name: __GI___expf
symbol name: x
symbol filename: ../sysdeps/ieee754/flt-32/w_expf.c
symbol line: 24
value: 40,6479416
value address: 0x7fffffffd3ec
Type: A floating point type.
Type sizeof: 4

[INFO -- 2018-12-01 07:11:04]
Fault Injection Successful after 2.524013042449951s
[INFO -- 2018-12-01 07:11:41]
event type: exit
[INFO -- 2018-12-01 07:11:41]
exit code: 0
