[INFO -- 2018-10-10 12:00:26]
sending 5 signals using command: 'killall -2 fft_nn.out' after 20.9874337963s
[INFO -- 2018-10-10 12:00:27]
sending 5 signals using command: 'killall -2 fft_nn.out' after 21.2688923319s
[INFO -- 2018-10-10 12:00:29]
sending 5 signals using command: 'killall -2 fft_nn.out' after 23.2489656557s
[INFO -- 2018-10-10 12:00:29]
Starting GDB script
[INFO -- 2018-10-10 12:00:29]
initSignal:0.0
[INFO -- 2018-10-10 12:00:29]
endSignal:5.0
[INFO -- 2018-10-10 12:00:30]
sending 5 signals using command: 'killall -2 fft_nn.out' after 1.34366169855s
[INFO -- 2018-10-10 12:00:31]
sending 5 signals using command: 'killall -2 fft_nn.out' after 2.30386939587s
[INFO -- 2018-10-10 12:00:33]
sending 5 signals using command: 'killall -2 fft_nn.out' after 3.78601386283s
[INFO -- 2018-10-10 12:00:50]
Execution finished before waitTime
