[INFO -- 2018-10-07 18:12:15]
Starting flip_value script
version: 1.1
[INFO -- 2018-10-07 18:12:15]
Initialization strings:
[INFO -- 2018-10-07 18:12:15]
(1) file /tmp/fft_nn/fft_nn.out
[INFO -- 2018-10-07 18:12:15]
(2) set args 32768 /tmp/fft_nn/output_falha.data
[INFO -- 2018-10-07 18:12:15]
initSignal:0
[INFO -- 2018-10-07 18:12:15]
endSignal:5
[INFO -- 2018-10-07 18:12:15]
faultModel:0
[INFO -- 2018-10-07 18:12:16]
Backtrace BEGIN:
#0  __GI__IO_sputbackc (fp=fp@entry=0x6062c0, c=c@entry=41) at genops.c:742
#1  0x00007ffff702c948 in _IO_vfscanf_internal (s=s@entry=0x6062c0, format=<optimized out>, argptr=argptr@entry=0x7fffffffd8c8, errp=errp@entry=0x0) at vfscanf.c:2108
#2  0x00007ffff7032162 in __isoc99_fscanf (stream=0x6062c0, format=<optimized out>) at isoc99_fscanf.c:34
#3  0x00007ffff7bcf0eb in fann_create_from_fd () from /usr/local/lib/libfann.so.2
#4  0x00007ffff7bcf608 in fann_create_from_file () from /usr/local/lib/libfann.so.2
#5  0x00000000004019b7 in radix2DitCooleyTykeyFft(int, int*, Complex*, Complex*) ()
#6  0x0000000000401631 in main ()

737	genops.c: Arquivo ou diretório não encontrado.

Backtrace END
Memory content before bitflip:0x01
Fault Model: Single bit-flip
base address to flip value: 0x7fffffffd628 
address max offset: 1
Memory content after  bitflip:0x05
frame name: _IO_vfscanf_internal
symbol name: got_e
symbol filename: vfscanf.c
symbol line: 232
value: 5 '\005'
value address: 0x7fffffffd628 "\005\333\377\377\377\177"
Type: The type is an integer type.
Type sizeof: 1

[INFO -- 2018-10-07 18:12:16]
Fault Injection Successful after 1.8058478832244873s
[INFO -- 2018-10-07 18:12:35]
event type: exit
[INFO -- 2018-10-07 18:12:35]
exit code: 0
