[INFO -- 2018-12-01 08:08:44]
Starting flip_value script
version: 1.1
[INFO -- 2018-12-01 08:08:44]
Initialization strings:
[INFO -- 2018-12-01 08:08:44]
(1) file /home/latansini/Desktop/CAROL-FI/etapa2/carol-fi/codes/fftfulldup/fft_nn.out
[INFO -- 2018-12-01 08:08:44]
(2) set args 32768 /home/latansini/Desktop/CAROL-FI/etapa2/carol-fi/codes/fftfulldup/output.data
[INFO -- 2018-12-01 08:08:44]
initSignal:0
[INFO -- 2018-12-01 08:08:44]
endSignal:40
[INFO -- 2018-12-01 08:08:44]
faultModel:4
[INFO -- 2018-12-01 08:09:08]
Backtrace BEGIN:
#0  _IO_vfscanf_internal (s=s@entry=0x618f00, format=<optimized out>, argptr=argptr@entry=0x7fffffffd2a8, errp=errp@entry=0x0) at vfscanf.c:1824
#1  0x00007ffff6fb5162 in __isoc99_fscanf (stream=0x618f00, format=<optimized out>) at isoc99_fscanf.c:34
#2  0x00007ffff7bcf187 in fann_create_from_fd () from /usr/local/lib/libfann.so.2
#3  0x00007ffff7bcf608 in fann_create_from_file () from /usr/local/lib/libfann.so.2
#4  0x0000000000401de7 in radix2DitCooleyTykeyFft(int, int*, Complex*, Complex*) ()
#5  0x0000000000401879 in main ()

1819	vfscanf.c: Arquivo ou diretório não encontrado.

Backtrace END
Memory content before bitflip:0x000x000x000x00
Fault Model: LSB bit-flip
base address to flip value: 0x7fffffffd070
address max offset: 4
Memory content after  bitflip:0x000x000x000x80
frame name: _IO_vfscanf_internal
symbol name: flags
symbol filename: vfscanf.c
symbol line: 222
value: -2147483648
value address: 0x7fffffffd070
Type: The type is an integer type.
Type sizeof: 4

[INFO -- 2018-12-01 08:09:08]
Fault Injection Successful after 24.34580945968628s
[INFO -- 2018-12-01 08:09:23]
event type: exit
[INFO -- 2018-12-01 08:09:23]
exit code: 0
