[INFO -- 2018-10-10 03:28:00]
Starting flip_value script
version: 1.1
[INFO -- 2018-10-10 03:28:00]
Initialization strings:
[INFO -- 2018-10-10 03:28:00]
(1) file /tmp/fft_nn/fft_nn.out
[INFO -- 2018-10-10 03:28:00]
(2) set args 32768 /tmp/fft_nn/output_falha.data
[INFO -- 2018-10-10 03:28:00]
initSignal:15
[INFO -- 2018-10-10 03:28:00]
endSignal:20
[INFO -- 2018-10-10 03:28:00]
faultModel:3
[INFO -- 2018-10-10 03:28:16]
Backtrace BEGIN:
#0  _IO_vfscanf_internal (s=s@entry=0x6062c0, format=<optimized out>, argptr=argptr@entry=0x7fffffffd408, errp=errp@entry=0x0) at vfscanf.c:2370
#1  0x00007ffff7032162 in __isoc99_fscanf (stream=0x6062c0, format=<optimized out>) at isoc99_fscanf.c:34
#2  0x00007ffff7bcf187 in fann_create_from_fd () from /usr/local/lib/libfann.so.2
#3  0x00007ffff7bcf608 in fann_create_from_file () from /usr/local/lib/libfann.so.2
#4  0x00000000004019b7 in radix2DitCooleyTykeyFft(int, int*, Complex*, Complex*) ()
#5  0x0000000000401631 in main ()

2365	vfscanf.c: Arquivo ou diretório não encontrado.

Backtrace END
Fliping value of field: __value
Fliping value of field name: __wchb
Fliping array at pos: 3
Memory content before bitflip:0x00
Fault Model: Zero bit-flip
base address to flip value: 0x7fffffffd227 
address max offset: 1
Memory content after  bitflip:0x00
frame name: _IO_vfscanf_internal
symbol name: state
symbol filename: vfscanf.c
symbol line: 252
value: {__count = 0, __value = {__wch = 0, __wchb = "\000\000\000"}}
value address: 0x7fffffffd220
Type: The type is a structure.
Type sizeof: 8
Field name: __count
Field Type: The type is an integer type.
Field Type sizeof: 4
Field name: __value
Field Type: The type is a union.
Field Type sizeof: 4

[INFO -- 2018-10-10 03:28:16]
Fault Injection Successful after 16.965269804000854s
[INFO -- 2018-10-10 03:28:20]
event type: exit
[INFO -- 2018-10-10 03:28:20]
exit code: 0
