[INFO -- 2018-10-18 18:26:56]
Starting flip_value script
version: 1.1
[INFO -- 2018-10-18 18:26:56]
Initialization strings:
[INFO -- 2018-10-18 18:26:56]
(1) file /home/latansini/Desktop/trabalhoftf/carol-fi/sample-code/knn/nn-knl-files/nn
[INFO -- 2018-10-18 18:26:56]
(2) set args /home/latansini/Desktop/trabalhoftf/carol-fi/sample-code/knn/nn-knl-files/filelist 15 25 25 /home/latansini/Desktop/trabalhoftf/carol-fi/sample-code/knn/nn-knl-files/out15_25_25
[INFO -- 2018-10-18 18:26:56]
initSignal:2
[INFO -- 2018-10-18 18:26:56]
endSignal:3
[INFO -- 2018-10-18 18:26:56]
faultModel:2
[INFO -- 2018-10-18 18:26:58]
Backtrace BEGIN:
#0  __mpn_lshift () at ../sysdeps/x86_64/lshift.S:59
#1  0x00007ffff7300b7a in __GI_____strtod_l_internal (nptr=<optimized out>, endptr=<optimized out>, group=<optimized out>, loc=<optimized out>) at strtod_l.c:1516
#2  0x000000000040150f in main._omp_fn.0 () at nn.c:118
#3  0x0000000000401193 in main (argc=6, argv=0x7fffffffd8b8) at nn.c:115

54	../sysdeps/x86_64/lshift.S: Arquivo ou diretório não encontrado.

Backtrace END
Memory content before bitflip:0x000x000xc80x41
Fault Model: Random bit-flip
base address to flip value: 0x7fffffffd578
address max offset: 4
Memory content after  bitflip:0x400xfd0x4c0xb1
frame name: main._omp_fn.0
symbol name: target_lat
symbol filename: nn.c
symbol line: 34
value: -2,9829863e-09
value address: 0x7fffffffd578
Type: A floating point type.
Type sizeof: 4

[INFO -- 2018-10-18 18:26:58]
Fault Injection Successful after 2.9015870094299316s
[INFO -- 2018-10-18 18:27:02]
event type: exit
[INFO -- 2018-10-18 18:27:02]
exit code: 0
