[INFO -- 2018-12-03 05:30:19]
Starting flip_value script
version: 1.1
[INFO -- 2018-12-03 05:30:19]
Initialization strings:
[INFO -- 2018-12-03 05:30:19]
(1) file /home/latansini/carol-fi/carol-fi/codes/nnfulldup/nn-knl-files/nn
[INFO -- 2018-12-03 05:30:19]
(2) set args /home/latansini/carol-fi/carol-fi/codes/nnfulldup/nn-knl-files/filelist 20 5 5 /home/latansini/carol-fi/carol-fi/codes/nnfulldup/nn-knl-files/out20_5_5
[INFO -- 2018-12-03 05:30:19]
initSignal:0
[INFO -- 2018-12-03 05:30:19]
endSignal:2
[INFO -- 2018-12-03 05:30:19]
faultModel:3
[EXCEPTION -- 2018-12-03 05:30:19]
gdbException: A syntax error in expression, near `...'.
[EXCEPTION -- 2018-12-03 05:30:19]
pythonException: invalid frame
[EXCEPTION -- 2018-12-03 05:30:19]
pythonException: invalid frame
[EXCEPTION -- 2018-12-03 05:30:19]
pythonException: invalid frame
[EXCEPTION -- 2018-12-03 05:30:19]
pythonException: invalid frame
[EXCEPTION -- 2018-12-03 05:30:19]
pythonException: invalid frame
[EXCEPTION -- 2018-12-03 05:30:19]
pythonException: invalid frame
[EXCEPTION -- 2018-12-03 05:30:19]
pythonException: invalid frame
[EXCEPTION -- 2018-12-03 05:30:19]
pythonException: invalid frame
[EXCEPTION -- 2018-12-03 05:30:19]
pythonException: invalid frame
[EXCEPTION -- 2018-12-03 05:30:19]
pythonException: invalid frame
[EXCEPTION -- 2018-12-03 05:30:19]
pythonException: invalid frame
[EXCEPTION -- 2018-12-03 05:30:19]
pythonException: invalid frame
[EXCEPTION -- 2018-12-03 05:30:19]
pythonException: invalid frame
[EXCEPTION -- 2018-12-03 05:30:19]
pythonException: invalid frame
[INFO -- 2018-12-03 05:30:19]
Backtrace BEGIN:
#0  0x00007ffff78d4e84 in ?? () from /usr/lib/x86_64-linux-gnu/libgomp.so.1
#1  0x00007ffff78d2722 in ?? () from /usr/lib/x86_64-linux-gnu/libgomp.so.1
#2  0x00007ffff76b0064 in start_thread (arg=0x7ffff42f6700) at pthread_create.c:309
#3  0x00007ffff73e562d in clone () at ../sysdeps/unix/sysv/linux/x86_64/clone.S:111

596	in strtod_l.c

Backtrace END
Memory content before bitflip:0x140x000x000x00
Fault Model: Zero bit-flip
base address to flip value: 0x7fffffffe184
address max offset: 4
Memory content after  bitflip:0x000x000x000x00
frame name: nn_wrapper
symbol name: k
symbol filename: nn.c
symbol line: 28
value: 0
value address: 0x7fffffffe184
Type: The type is an integer type.
Type sizeof: 4

[INFO -- 2018-12-03 05:30:19]
Fault Injection Successful after 0.874861955643s
[INFO -- 2018-12-03 05:30:21]
event type: exit
[INFO -- 2018-12-03 05:30:21]
exit code: 0
