[INFO -- 2018-10-11 05:28:26]
sending 5 signals using command: 'killall -2 fft_nn.out' after 22.0605141423s
[INFO -- 2018-10-11 05:28:26]
sending 5 signals using command: 'killall -2 fft_nn.out' after 22.2067291755s
[INFO -- 2018-10-11 05:28:27]
sending 5 signals using command: 'killall -2 fft_nn.out' after 23.563969011s
[INFO -- 2018-10-11 05:28:27]
Starting GDB script
[INFO -- 2018-10-11 05:28:27]
initSignal:0.0
[INFO -- 2018-10-11 05:28:27]
endSignal:5.0
[INFO -- 2018-10-11 05:28:28]
sending 5 signals using command: 'killall -2 fft_nn.out' after 0.274637259624s
[INFO -- 2018-10-11 05:28:29]
sending 5 signals using command: 'killall -2 fft_nn.out' after 1.18800057843s
[INFO -- 2018-10-11 05:28:30]
sending 5 signals using command: 'killall -2 fft_nn.out' after 2.82335466385s
[INFO -- 2018-10-11 05:28:48]
Execution finished before waitTime
