[INFO -- 2018-10-09 13:45:32]
sending 5 signals using command: 'killall -2 fft_nn.out' after 21.2843923026s
[INFO -- 2018-10-09 13:45:34]
sending 5 signals using command: 'killall -2 fft_nn.out' after 23.8745136689s
[INFO -- 2018-10-09 13:45:36]
sending 5 signals using command: 'killall -2 fft_nn.out' after 24.9644116947s
[INFO -- 2018-10-09 13:45:36]
Starting GDB script
[INFO -- 2018-10-09 13:45:36]
initSignal:0.0
[INFO -- 2018-10-09 13:45:36]
endSignal:5.0
[INFO -- 2018-10-09 13:45:37]
sending 5 signals using command: 'killall -2 fft_nn.out' after 1.38484022462s
[INFO -- 2018-10-09 13:45:37]
sending 5 signals using command: 'killall -2 fft_nn.out' after 1.49583112398s
[INFO -- 2018-10-09 13:45:40]
sending 5 signals using command: 'killall -2 fft_nn.out' after 4.25668479656s
[INFO -- 2018-10-09 13:45:57]
Execution finished before waitTime
