[INFO -- 2018-10-07 00:38:33]
sending 5 signals using command: 'killall -2 fft_nn.out' after 22.2075294288s
[INFO -- 2018-10-07 00:38:33]
sending 5 signals using command: 'killall -2 fft_nn.out' after 22.3393331267s
[INFO -- 2018-10-07 00:38:33]
sending 5 signals using command: 'killall -2 fft_nn.out' after 22.6320615233s
[INFO -- 2018-10-07 00:38:33]
Starting GDB script
[INFO -- 2018-10-07 00:38:33]
initSignal:0.0
[INFO -- 2018-10-07 00:38:33]
endSignal:5.0
[INFO -- 2018-10-07 00:38:35]
sending 5 signals using command: 'killall -2 fft_nn.out' after 1.52764155719s
[INFO -- 2018-10-07 00:38:35]
sending 5 signals using command: 'killall -2 fft_nn.out' after 1.86118541262s
[INFO -- 2018-10-07 00:38:36]
sending 5 signals using command: 'killall -2 fft_nn.out' after 2.36033843895s
[INFO -- 2018-10-07 00:38:54]
Execution finished before waitTime
