[INFO -- 2018-11-30 18:34:41]
Starting flip_value script
version: 1.1
[INFO -- 2018-11-30 18:34:41]
Initialization strings:
[INFO -- 2018-11-30 18:34:41]
(1) file /home/latansini/Desktop/CAROL-FI/etapa2/carol-fi/codes/fftfulldup/fft_nn.out
[INFO -- 2018-11-30 18:34:41]
(2) set args 32768 /home/latansini/Desktop/CAROL-FI/etapa2/carol-fi/codes/fftfulldup/output.data
[INFO -- 2018-11-30 18:34:41]
initSignal:0
[INFO -- 2018-11-30 18:34:41]
endSignal:40
[INFO -- 2018-11-30 18:34:41]
faultModel:3
[EXCEPTION -- 2018-11-30 18:35:05]
gdbException: Tentativo de desreferenciar um ponteiro genérico.
[INFO -- 2018-11-30 18:35:05]
Backtrace BEGIN:
#0  __GI__IO_sputbackc (fp=fp@entry=0x618f00, c=c@entry=44) at genops.c:732
#1  0x00007ffff6fac27b in _IO_vfscanf_internal (s=s@entry=0x618f00, format=<optimized out>, argptr=argptr@entry=0x7fffffffd2a8, errp=errp@entry=0x0) at vfscanf.c:1811
#2  0x00007ffff6fb5162 in __isoc99_fscanf (stream=0x618f00, format=<optimized out>) at isoc99_fscanf.c:34
#3  0x00007ffff7bcf0eb in fann_create_from_fd () from /usr/local/lib/libfann.so.2
#4  0x00007ffff7bcf608 in fann_create_from_file () from /usr/local/lib/libfann.so.2
#5  0x0000000000401de7 in radix2DitCooleyTykeyFft(int, int*, Complex*, Complex*) ()
#6  0x0000000000401879 in main ()

727	in genops.c

Backtrace END
Memory content before bitflip:0xae0x200x090x00
Fault Model: Zero bit-flip
base address to flip value: 0x7ffff731b9b0 
address max offset: 4
Memory content after  bitflip:0x000x000x000x00
frame name: __GI__IO_sputbackc
symbol name: _IO_list_all_stamp
symbol filename: genops.c
symbol line: 42
value: 0
value address: 0x7ffff731b9b0 <_IO_list_all_stamp>
Type: The type is an integer type.
Type sizeof: 4

[INFO -- 2018-11-30 18:35:05]
Fault Injection Successful after 24.39622211456299s
[INFO -- 2018-11-30 18:35:20]
event type: exit
[INFO -- 2018-11-30 18:35:20]
exit code: 0
