[INFO -- 2018-12-02 16:12:14]
Starting flip_value script
version: 1.1
[INFO -- 2018-12-02 16:12:14]
Initialization strings:
[INFO -- 2018-12-02 16:12:14]
(1) file /home/latansini/Desktop/CAROL-FI/etapa2/carol-fi/codes/fftfulldup/fft_nn.out
[INFO -- 2018-12-02 16:12:14]
(2) set args 32768 /home/latansini/Desktop/CAROL-FI/etapa2/carol-fi/codes/fftfulldup/output.data
[INFO -- 2018-12-02 16:12:14]
initSignal:0
[INFO -- 2018-12-02 16:12:14]
endSignal:40
[INFO -- 2018-12-02 16:12:14]
faultModel:4
[INFO -- 2018-12-02 16:12:18]
Backtrace BEGIN:
#0  0x00007ffff6fb517b in _IO_acquire_lock_clear_flags2_fct (p=<synthetic pointer>) at ../libio/libioP.h:915
#1  __isoc99_fscanf (stream=0x618f00, format=<optimized out>) at isoc99_fscanf.c:30
#2  0x00007ffff7bcf187 in fann_create_from_fd () from /usr/local/lib/libfann.so.2
#3  0x00007ffff7bcf608 in fann_create_from_file () from /usr/local/lib/libfann.so.2
#4  0x0000000000401de7 in radix2DitCooleyTykeyFft(int, int*, Complex*, Complex*) ()
#5  0x0000000000401857 in main ()

910	../libio/libioP.h: Arquivo ou diretório não encontrado.

Backtrace END
Fliping array at pos: 0
Fliping value of field: gp_offset
Memory content before bitflip:0x100x000x000x00
Fault Model: LSB bit-flip
base address to flip value: 0x7fffffffd2a8
address max offset: 4
Memory content after  bitflip:0x100x000x000x10
frame name: _IO_acquire_lock_clear_flags2_fct
symbol name: arg
symbol filename: isoc99_fscanf.c
symbol line: 27
value: {{gp_offset = 268435472, fp_offset = 48, overflow_arg_area = 0x7fffffffd380, reg_save_area = 0x7fffffffd2c0}}
value address: 0x7fffffffd2a8
Type: The type is an array.
Type sizeof: 24

[INFO -- 2018-12-02 16:12:18]
Fault Injection Successful after 4.446234464645386s
[INFO -- 2018-12-02 16:12:53]
event type: exit
[INFO -- 2018-12-02 16:12:53]
exit code: 0
