[INFO -- 2018-10-16 23:03:51]
Starting flip_value script
version: 1.1
[INFO -- 2018-10-16 23:03:51]
Initialization strings:
[INFO -- 2018-10-16 23:03:51]
(1) file /home/latansini/Desktop/trabalhoftf/carol-fi/sample-code/inverse_nn/inversek2j_nn.out
[INFO -- 2018-10-16 23:03:51]
(2) set args /home/latansini/Desktop/trabalhoftf/carol-fi/sample-code/inverse_nn/input_250k /home/latansini/Desktop/trabalhoftf/carol-fi/sample-code/inverse_nn/output_falha.data
[INFO -- 2018-10-16 23:03:51]
initSignal:4
[INFO -- 2018-10-16 23:03:51]
endSignal:6
[INFO -- 2018-10-16 23:03:51]
faultModel:2
[EXCEPTION -- 2018-10-16 23:03:55]
gdbException: Tentativo de desreferenciar um ponteiro genérico.
[INFO -- 2018-10-16 23:03:55]
Backtrace BEGIN:
#0  __mpn_construct_float (frac_ptr=frac_ptr@entry=0x7fffffffcbe0, expt=-3, sign=sign@entry=0) at ../sysdeps/ieee754/flt-32/mpn2flt.c:33
#1  0x00007ffff7012346 in round_and_return (retval=0x7fffffffcbe0, exponent=<optimized out>, negative=negative@entry=0, round_limb=round_limb@entry=2451664639335858176, round_bit=<optimized out>, more_bits=<optimized out>) at strtod_l.c:327
#2  0x00007ffff7013332 in __GI_____strtof_l_internal (nptr=<optimized out>, endptr=<optimized out>, group=<optimized out>, loc=<optimized out>) at strtod_l.c:1613
#3  0x00007ffff7011d60 in __GI___strtof_internal (nptr=<optimized out>, endptr=<optimized out>, group=<optimized out>) at strtod.c:54
#4  0x00007ffff702b948 in _IO_vfscanf_internal (s=s@entry=0x608610, format=<optimized out>, argptr=argptr@entry=0x7fffffffd0d8, errp=errp@entry=0x0) at vfscanf.c:2365
#5  0x00007ffff7032162 in __isoc99_fscanf (stream=0x608610, format=<optimized out>) at isoc99_fscanf.c:34
#6  0x00007ffff7bcf187 in fann_create_from_fd () from /usr/local/lib/libfann.so.2
#7  0x00007ffff7bcf608 in fann_create_from_file () from /usr/local/lib/libfann.so.2
#8  0x000000000040199e in inversek2j(float, float, float*, float*) ()
#9  0x0000000000401631 in main ()

28	in ../sysdeps/ieee754/flt-32/mpn2flt.c

Backtrace END
Memory content before bitflip:0x000x000x000x00
Fault Model: Random bit-flip
base address to flip value: 0x7fffffffcb50
address max offset: 4
Memory content after  bitflip:0x7d0x6d0xd80xb9
frame name: __GI_____strtof_l_internal
symbol name: negative
symbol filename: strtod_l.c
symbol line: 484
value: -1176998531
value address: 0x7fffffffcb50
Type: The type is an integer type.
Type sizeof: 4

[INFO -- 2018-10-16 23:03:55]
Fault Injection Successful after 4.600648641586304s
[INFO -- 2018-10-16 23:04:01]
event type: exit
[INFO -- 2018-10-16 23:04:01]
exit code: 0
