[INFO -- 2018-12-03 15:01:33]
Starting flip_value script
version: 1.1
[INFO -- 2018-12-03 15:01:33]
Initialization strings:
[INFO -- 2018-12-03 15:01:33]
(1) file /home/latansini/carol-fi/carol-fi/codes/nnfulldup/nn-knl-files/nn
[INFO -- 2018-12-03 15:01:33]
(2) set args /home/latansini/carol-fi/carol-fi/codes/nnfulldup/nn-knl-files/filelist 20 5 5 /home/latansini/carol-fi/carol-fi/codes/nnfulldup/nn-knl-files/out20_5_5
[INFO -- 2018-12-03 15:01:33]
initSignal:0
[INFO -- 2018-12-03 15:01:33]
endSignal:2
[INFO -- 2018-12-03 15:01:33]
faultModel:3
[EXCEPTION -- 2018-12-03 15:01:34]
pythonException: invalid frame
[EXCEPTION -- 2018-12-03 15:01:34]
pythonException: invalid frame
[EXCEPTION -- 2018-12-03 15:01:34]
pythonException: invalid frame
[EXCEPTION -- 2018-12-03 15:01:34]
pythonException: invalid frame
[EXCEPTION -- 2018-12-03 15:01:34]
pythonException: invalid frame
[EXCEPTION -- 2018-12-03 15:01:34]
pythonException: invalid frame
[EXCEPTION -- 2018-12-03 15:01:34]
pythonException: invalid frame
[INFO -- 2018-12-03 15:01:34]
Backtrace BEGIN:
#0  __mpn_construct_double (frac_ptr=frac_ptr@entry=0x7fffffffdcd0, expt=8, negative=negative@entry=0) at ../sysdeps/ieee754/dbl-64/mpn2dbl.c:33
#1  0x00007ffff73393e1 in round_and_return (retval=retval@entry=0x7fffffffdcd0, exponent=<optimized out>, negative=negative@entry=0, round_limb=round_limb@entry=7378697629483820646, round_bit=<optimized out>, more_bits=<optimized out>) at strtod_l.c:342
#2  0x00007ffff733a0dd in __GI_____strtod_l_internal (nptr=<optimized out>, endptr=<optimized out>, group=<optimized out>, loc=<optimized out>) at strtod_l.c:1635
#3  0x0000000000401583 in nn_wrapper._omp_fn.0 () at nn.c:101
#4  0x00007ffff78ce7df in GOMP_parallel () from /usr/lib/x86_64-linux-gnu/libgomp.so.1
#5  0x0000000000400f98 in nn_wrapper (filename=0x7fffffffe7d7 "/home/latansini/carol-fi/carol-fi/codes/nnfulldup/nn-knl-files/filelist", k=20, target_lat=5, target_long=5) at nn.c:97
#6  0x000000000040148d in main (argc=6, argv=0x7fffffffe568) at nn.c:195

28	../sysdeps/ieee754/dbl-64/mpn2dbl.c: No such file or directory.

Backtrace END
Memory content before bitflip:0x060x000x000x00
Fault Model: Zero bit-flip
base address to flip value: 0x7fffffffe44c
address max offset: 4
Memory content after  bitflip:0x000x000x000x00
frame name: main
symbol name: argc
symbol filename: nn.c
symbol line: 176
value: 0
value address: 0x7fffffffe44c
Type: The type is an integer type.
Type sizeof: 4

[INFO -- 2018-12-03 15:01:34]
Fault Injection Successful after 1.28764510155s
[INFO -- 2018-12-03 15:01:36]
event type: exit
[INFO -- 2018-12-03 15:01:36]
exit code: 0
