[INFO -- 2018-10-15 18:41:04]
Starting flip_value script
version: 1.1
[INFO -- 2018-10-15 18:41:04]
Initialization strings:
[INFO -- 2018-10-15 18:41:04]
(1) file /home/latansini/Desktop/trabalhoftf/carol-fi/sample-code/inverse_nn/inversek2j_nn.out
[INFO -- 2018-10-15 18:41:04]
(2) set args /home/latansini/Desktop/trabalhoftf/carol-fi/sample-code/inverse_nn/input_250k /home/latansini/Desktop/trabalhoftf/carol-fi/sample-code/inverse_nn/output_falha.data
[INFO -- 2018-10-15 18:41:04]
initSignal:8
[INFO -- 2018-10-15 18:41:04]
endSignal:10
[INFO -- 2018-10-15 18:41:04]
faultModel:4
[EXCEPTION -- 2018-10-15 18:41:12]
gdbException: Tentativo de desreferenciar um ponteiro genérico.
[INFO -- 2018-10-15 18:41:12]
Backtrace BEGIN:
#0  __GI__IO_sputbackc (fp=fp@entry=0x608610, c=<optimized out>) at genops.c:742
#1  0x00007ffff7028926 in _IO_vfscanf_internal (s=s@entry=0x608610, format=<optimized out>, argptr=argptr@entry=0x7fffffffd0d8, errp=errp@entry=0x0) at vfscanf.c:2938
#2  0x00007ffff7032162 in __isoc99_fscanf (stream=0x608610, format=<optimized out>) at isoc99_fscanf.c:34
#3  0x00007ffff7bcf187 in fann_create_from_fd () from /usr/local/lib/libfann.so.2
#4  0x00007ffff7bcf608 in fann_create_from_file () from /usr/local/lib/libfann.so.2
#5  0x000000000040199e in inversek2j(float, float, float*, float*) ()
#6  0x0000000000401631 in main ()

737	in genops.c

Backtrace END
Memory content before bitflip:0xef0x430x010x00
Fault Model: LSB bit-flip
base address to flip value: 0x7ffff73989b0 
address max offset: 4
Memory content after  bitflip:0xef0x430x010x04
frame name: __GI__IO_sputbackc
symbol name: _IO_list_all_stamp
symbol filename: genops.c
symbol line: 42
value: 67191791
value address: 0x7ffff73989b0 <_IO_list_all_stamp>
Type: The type is an integer type.
Type sizeof: 4

[INFO -- 2018-10-15 18:41:12]
Fault Injection Successful after 8.579021215438843s
[INFO -- 2018-10-15 18:41:14]
event type: exit
[INFO -- 2018-10-15 18:41:14]
exit code: 0
