[INFO -- 2018-10-11 16:40:50]
sending 5 signals using command: 'killall -2 fft_nn.out' after 21.2060027753s
[INFO -- 2018-10-11 16:40:51]
sending 5 signals using command: 'killall -2 fft_nn.out' after 22.0023647978s
[INFO -- 2018-10-11 16:40:51]
sending 5 signals using command: 'killall -2 fft_nn.out' after 22.0257967615s
[INFO -- 2018-10-11 16:40:51]
Starting GDB script
[INFO -- 2018-10-11 16:40:51]
initSignal:0.0
[INFO -- 2018-10-11 16:40:51]
endSignal:5.0
[INFO -- 2018-10-11 16:40:53]
sending 5 signals using command: 'killall -2 fft_nn.out' after 1.52745329366s
[INFO -- 2018-10-11 16:40:53]
sending 5 signals using command: 'killall -2 fft_nn.out' after 1.74745518927s
[INFO -- 2018-10-11 16:40:54]
sending 5 signals using command: 'killall -2 fft_nn.out' after 2.64341244606s
[INFO -- 2018-10-11 16:41:12]
Execution finished before waitTime
