[INFO -- 2018-12-01 16:10:10]
Starting flip_value script
version: 1.1
[INFO -- 2018-12-01 16:10:10]
Initialization strings:
[INFO -- 2018-12-01 16:10:10]
(1) file /home/latansini/Desktop/CAROL-FI/etapa2/carol-fi/codes/fftfulldup/fft_nn.out
[INFO -- 2018-12-01 16:10:10]
(2) set args 32768 /home/latansini/Desktop/CAROL-FI/etapa2/carol-fi/codes/fftfulldup/output.data
[INFO -- 2018-12-01 16:10:10]
initSignal:0
[INFO -- 2018-12-01 16:10:10]
endSignal:40
[INFO -- 2018-12-01 16:10:10]
faultModel:2
[INFO -- 2018-12-01 16:10:19]
Backtrace BEGIN:
#0  str_to_mpn (str=0x7fffffffcea8 "23516082763672e-02", str@entry=0x7fffffffcea0 "7.84246623516082763672e-02", digcnt=15, digcnt@entry=21, n=n@entry=0x7fffffffcdc0, nsize=nsize@entry=0x7fffffffcd90, exponent=exponent@entry=0x7fffffffcda0, decimal_len=decimal_len@entry=1, thousands=thousands@entry=0x0, decimal=<optimized out>) at strtod_l.c:399
#1  0x00007ffff6f95c2b in __GI_____strtof_l_internal (nptr=<optimized out>, endptr=<optimized out>, group=<optimized out>, loc=<optimized out>) at strtod_l.c:1427
#2  0x00007ffff6f94d60 in __GI___strtof_internal (nptr=<optimized out>, endptr=<optimized out>, group=<optimized out>) at strtod.c:54
#3  0x00007ffff6fae948 in _IO_vfscanf_internal (s=s@entry=0x618f00, format=<optimized out>, argptr=argptr@entry=0x7fffffffd2a8, errp=errp@entry=0x0) at vfscanf.c:2365
#4  0x00007ffff6fb5162 in __isoc99_fscanf (stream=0x618f00, format=<optimized out>) at isoc99_fscanf.c:34
#5  0x00007ffff7bcf187 in fann_create_from_fd () from /usr/local/lib/libfann.so.2
#6  0x00007ffff7bcf608 in fann_create_from_file () from /usr/local/lib/libfann.so.2
#7  0x0000000000401de7 in radix2DitCooleyTykeyFft(int, int*, Complex*, Complex*) ()
#8  0x0000000000401857 in main ()

394	strtod_l.c: Arquivo ou diretório não encontrado.

Backtrace END
Fliping array at pos: 0
Fliping value of field: fp_offset
Memory content before bitflip:0x300x000x000x00
Fault Model: Random bit-flip
base address to flip value: 0x7fffffffd104
address max offset: 4
Memory content after  bitflip:0xcf0x6f0x9b0xec
frame name: _IO_vfscanf_internal
symbol name: arg
symbol filename: vfscanf.c
symbol line: 215
value: {{gp_offset = 24, fp_offset = 3969609679, overflow_arg_area = 0x7fffffffd380, reg_save_area = 0x7fffffffd2c0}}
value address: 0x7fffffffd100
Type: The type is an array.
Type sizeof: 24

[INFO -- 2018-12-01 16:10:19]
Fault Injection Successful after 9.33706545829773s
[INFO -- 2018-12-01 16:10:49]
event type: exit
[INFO -- 2018-12-01 16:10:49]
exit code: 0
