[INFO -- 2018-12-09 14:44:44]
Starting flip_value script
version: 1.1
[INFO -- 2018-12-09 14:44:44]
Initialization strings:
[INFO -- 2018-12-09 14:44:44]
(1) file /home/melkor/ETAPA2/dup_nn/nn-knl-files/nn
[INFO -- 2018-12-09 14:44:44]
(2) set args /home/melkor/ETAPA2/dup_nn/nn-knl-files/filelist 20 5 5 /home/melkor/ETAPA2/dup_nn/nn-knl-files/out20_5_5
[INFO -- 2018-12-09 14:44:44]
initSignal:0
[INFO -- 2018-12-09 14:44:44]
endSignal:1
[INFO -- 2018-12-09 14:44:44]
faultModel:2
[EXCEPTION -- 2018-12-09 14:44:44]
pythonException: invalid frame
[INFO -- 2018-12-09 14:44:44]
Backtrace BEGIN:
#0  0x00007ffff7820ee2 in ?? () from /usr/lib/x86_64-linux-gnu/libgomp.so.1
#1  0x00007ffff781f392 in ?? () from /usr/lib/x86_64-linux-gnu/libgomp.so.1
#2  0x00007ffff7815eca in GOMP_parallel () from /usr/lib/x86_64-linux-gnu/libgomp.so.1
#3  0x00005555555555ed in main (argc=6, argv=0x7fffffffdf08) at nn.c:196

68	      fclose(logfile);
69	    }
70		
71		
72		if(file != NULL){	// isso aqui tava dando segfault
73			fclose(file);
74		}
75		
76	}
77	

Backtrace END
Memory content before bitflip:0x9e0xf10x010x000x000x000x000x00
Fault Model: Random bit-flip
base address to flip value: 0x7fffffffdb78
address max offset: 8
Memory content after  bitflip:0xfb0xc30xae0xc90x180x340xc70xa1
frame name: main
symbol name: rec_sum
symbol filename: nn.c
symbol line: 89
value: -6789400632170200069
value address: 0x7fffffffdb78
Type: The type is an integer type.
Type sizeof: 8

[INFO -- 2018-12-09 14:44:44]
Fault Injection Successful after 0.5202562808990479s
[INFO -- 2018-12-09 14:44:45]
event type: exit
[INFO -- 2018-12-09 14:44:45]
exit code: 0
