[INFO -- 2018-10-08 17:30:07]
sending 5 signals using command: 'killall -2 fft_nn.out' after 21.4347915156s
[INFO -- 2018-10-08 17:30:09]
sending 5 signals using command: 'killall -2 fft_nn.out' after 23.1992968135s
[INFO -- 2018-10-08 17:30:10]
sending 5 signals using command: 'killall -2 fft_nn.out' after 24.184835166s
[INFO -- 2018-10-08 17:30:10]
Starting GDB script
[INFO -- 2018-10-08 17:30:10]
initSignal:0.0
[INFO -- 2018-10-08 17:30:10]
endSignal:5.0
[INFO -- 2018-10-08 17:30:12]
sending 5 signals using command: 'killall -2 fft_nn.out' after 1.90230445971s
[INFO -- 2018-10-08 17:30:13]
sending 5 signals using command: 'killall -2 fft_nn.out' after 3.13301200335s
[INFO -- 2018-10-08 17:30:13]
sending 5 signals using command: 'killall -2 fft_nn.out' after 3.50962574564s
[INFO -- 2018-10-08 17:30:31]
Execution finished before waitTime
