[INFO -- 2018-12-03 08:54:50]
Starting flip_value script
version: 1.1
[INFO -- 2018-12-03 08:54:50]
Initialization strings:
[INFO -- 2018-12-03 08:54:50]
(1) file /home/latansini/carol-fi/carol-fi/codes/nnfulldup/nn-knl-files/nn
[INFO -- 2018-12-03 08:54:50]
(2) set args /home/latansini/carol-fi/carol-fi/codes/nnfulldup/nn-knl-files/filelist 20 5 5 /home/latansini/carol-fi/carol-fi/codes/nnfulldup/nn-knl-files/out20_5_5
[INFO -- 2018-12-03 08:54:50]
initSignal:0
[INFO -- 2018-12-03 08:54:50]
endSignal:2
[INFO -- 2018-12-03 08:54:50]
faultModel:1
[EXCEPTION -- 2018-12-03 08:54:50]
pythonException: invalid frame
[EXCEPTION -- 2018-12-03 08:54:50]
pythonException: invalid frame
[EXCEPTION -- 2018-12-03 08:54:50]
pythonException: invalid frame
[EXCEPTION -- 2018-12-03 08:54:50]
pythonException: invalid frame
[EXCEPTION -- 2018-12-03 08:54:50]
pythonException: invalid frame
[INFO -- 2018-12-03 08:54:50]
Backtrace BEGIN:
#0  0x00000000004015e5 in nn_wrapper._omp_fn.0 () at nn.c:102
#1  0x00007ffff78ce7df in GOMP_parallel () from /usr/lib/x86_64-linux-gnu/libgomp.so.1
#2  0x0000000000400f98 in nn_wrapper (filename=0x7fffffffe7d7 "/home/latansini/carol-fi/carol-fi/codes/nnfulldup/nn-knl-files/filelist", k=20, target_lat=5, target_long=5) at nn.c:97
#3  0x000000000040148d in main (argc=6, argv=0x7fffffffe568) at nn.c:195

97	        #pragma omp parallel for shared (z, target_lat, target_long) private(i,rec_iter)
98	        for (i = 0; i < rec_count; i++) {
99	            rec_iter = sandbox+(i * REC_LENGTH + LATITUDE_POS - 1);
100	            float tmp_lat = atof(rec_iter);
101	            float tmp_long = atof(rec_iter+5);
102	            z[i] = sqrt(( (tmp_lat-target_lat) * (tmp_lat-target_lat) )+( (tmp_long-target_long) * (tmp_long-target_long) ));
103	        }
104	        #pragma omp barrier
105	        // end of Lingjie Zhang's modification
106	

Backtrace END
Memory content before bitflip:0x000x000xa00x40
Fault Model: Double bit-flip
base address to flip value: 0x7fffffffe458
address max offset: 4
Memory content after  bitflip:0x000x0c0xa00x40
frame name: main
symbol name: target_long
symbol filename: nn.c
symbol line: 178
value: 5.00146484
value address: 0x7fffffffe458
Type: A floating point type.
Type sizeof: 4

[INFO -- 2018-12-03 08:54:50]
Fault Injection Successful after 0.760548114777s
[INFO -- 2018-12-03 08:54:53]
event type: exit
[INFO -- 2018-12-03 08:54:53]
exit code: 0
