[INFO -- 2018-10-10 02:31:38]
sending 5 signals using command: 'killall -2 fft_nn.out' after 20.9657528882s
[INFO -- 2018-10-10 02:31:38]
sending 5 signals using command: 'killall -2 fft_nn.out' after 21.0279446975s
[INFO -- 2018-10-10 02:31:41]
sending 5 signals using command: 'killall -2 fft_nn.out' after 23.6178021938s
[INFO -- 2018-10-10 02:31:41]
Starting GDB script
[INFO -- 2018-10-10 02:31:41]
initSignal:0.0
[INFO -- 2018-10-10 02:31:41]
endSignal:5.0
[INFO -- 2018-10-10 02:31:43]
sending 5 signals using command: 'killall -2 fft_nn.out' after 2.63924112684s
[INFO -- 2018-10-10 02:31:45]
sending 5 signals using command: 'killall -2 fft_nn.out' after 4.16741944915s
[INFO -- 2018-10-10 02:31:45]
sending 5 signals using command: 'killall -2 fft_nn.out' after 4.42789453348s
[INFO -- 2018-10-10 02:32:02]
Execution finished before waitTime
