[INFO -- 2018-10-12 11:48:33]
sending 5 signals using command: 'killall -2 fft_nn.out' after 21.0346124483s
[INFO -- 2018-10-12 11:48:33]
sending 5 signals using command: 'killall -2 fft_nn.out' after 21.5489412279s
[INFO -- 2018-10-12 11:48:35]
sending 5 signals using command: 'killall -2 fft_nn.out' after 23.5328400647s
[INFO -- 2018-10-12 11:48:35]
Starting GDB script
[INFO -- 2018-10-12 11:48:35]
initSignal:0.0
[INFO -- 2018-10-12 11:48:35]
endSignal:5.0
[INFO -- 2018-10-12 11:48:37]
sending 5 signals using command: 'killall -2 fft_nn.out' after 1.72544408634s
[INFO -- 2018-10-12 11:48:38]
sending 5 signals using command: 'killall -2 fft_nn.out' after 2.36307091389s
[INFO -- 2018-10-12 11:48:39]
sending 5 signals using command: 'killall -2 fft_nn.out' after 3.9413878354s
[INFO -- 2018-10-12 11:48:56]
Execution finished before waitTime
