[INFO -- 2018-10-12 00:31:07]
sending 5 signals using command: 'killall -2 fft_nn.out' after 21.7458485316s
[INFO -- 2018-10-12 00:31:07]
sending 5 signals using command: 'killall -2 fft_nn.out' after 22.0518622617s
[INFO -- 2018-10-12 00:31:08]
sending 5 signals using command: 'killall -2 fft_nn.out' after 23.4361850267s
[INFO -- 2018-10-12 00:31:08]
Starting GDB script
[INFO -- 2018-10-12 00:31:08]
initSignal:0.0
[INFO -- 2018-10-12 00:31:08]
endSignal:5.0
[INFO -- 2018-10-12 00:31:09]
sending 5 signals using command: 'killall -2 fft_nn.out' after 0.19871695113s
[INFO -- 2018-10-12 00:31:10]
sending 5 signals using command: 'killall -2 fft_nn.out' after 2.18780036231s
[INFO -- 2018-10-12 00:31:11]
sending 5 signals using command: 'killall -2 fft_nn.out' after 2.29894978336s
[INFO -- 2018-10-12 00:31:29]
Execution finished before waitTime
