[INFO -- 2018-10-17 03:20:00]
Starting flip_value script
version: 1.1
[INFO -- 2018-10-17 03:20:00]
Initialization strings:
[INFO -- 2018-10-17 03:20:00]
(1) file /home/latansini/Desktop/trabalhoftf/carol-fi/sample-code/inverse_nn/inversek2j_nn.out
[INFO -- 2018-10-17 03:20:00]
(2) set args /home/latansini/Desktop/trabalhoftf/carol-fi/sample-code/inverse_nn/input_250k /home/latansini/Desktop/trabalhoftf/carol-fi/sample-code/inverse_nn/output_falha.data
[INFO -- 2018-10-17 03:20:00]
initSignal:2
[INFO -- 2018-10-17 03:20:00]
endSignal:4
[INFO -- 2018-10-17 03:20:00]
faultModel:1
[INFO -- 2018-10-17 03:20:03]
Backtrace BEGIN:
#0  _IO_vfscanf_internal (s=s@entry=0x608610, format=<optimized out>, argptr=argptr@entry=0x7fffffffd0d8, errp=errp@entry=0x0) at vfscanf.c:223
#1  0x00007ffff7032162 in __isoc99_fscanf (stream=0x608610, format=<optimized out>) at isoc99_fscanf.c:34
#2  0x00007ffff7bcf0eb in fann_create_from_fd () from /usr/local/lib/libfann.so.2
#3  0x00007ffff7bcf608 in fann_create_from_file () from /usr/local/lib/libfann.so.2
#4  0x000000000040199e in inversek2j(float, float, float*, float*) ()
#5  0x0000000000401631 in main ()

218	vfscanf.c: Arquivo ou diretório não encontrado.

Backtrace END
Fliping a bit of the value pointed by a pointer
Memory content before bitflip:0x00
Fault Model: Double bit-flip
base address to flip value: 0x7fffffffccea 
address max offset: 1
Memory content after  bitflip:0x06
frame name: _IO_vfscanf_internal
symbol name: tw
symbol filename: vfscanf.c
symbol line: 271
value: 0x7fffffffccea "\006"
value address: 0x7fffffffcf00
Type: The type is a pointer.
Type sizeof: 8

[INFO -- 2018-10-17 03:20:03]
Fault Injection Successful after 3.4158058166503906s
[INFO -- 2018-10-17 03:20:11]
event type: exit
[INFO -- 2018-10-17 03:20:11]
exit code: 0
