[INFO -- 2018-10-16 03:14:22]
Starting flip_value script
version: 1.1
[INFO -- 2018-10-16 03:14:22]
Initialization strings:
[INFO -- 2018-10-16 03:14:22]
(1) file /home/latansini/Desktop/trabalhoftf/carol-fi/sample-code/inverse_nn/inversek2j_nn.out
[INFO -- 2018-10-16 03:14:22]
(2) set args /home/latansini/Desktop/trabalhoftf/carol-fi/sample-code/inverse_nn/input_250k /home/latansini/Desktop/trabalhoftf/carol-fi/sample-code/inverse_nn/output_falha.data
[INFO -- 2018-10-16 03:14:22]
initSignal:4
[INFO -- 2018-10-16 03:14:22]
endSignal:6
[INFO -- 2018-10-16 03:14:22]
faultModel:2
[INFO -- 2018-10-16 03:14:26]
Backtrace BEGIN:
#0  0x00007ffff70118f6 in __GI_____strtoul_l_internal (nptr=nptr@entry=0x7fffffffccd0 "18", endptr=endptr@entry=0x7fffffffcf00, base=10, group=group@entry=0, loc=0x7ffff7397060 <_nl_global_locale>) at ../stdlib/strtol_l.c:232
#1  0x00007ffff7011410 in __GI___strtoul_internal (nptr=nptr@entry=0x7fffffffccd0 "18", endptr=endptr@entry=0x7fffffffcf00, base=<optimized out>, group=group@entry=0) at ../stdlib/strtol.c:97
#2  0x00007ffff7029f02 in _IO_vfscanf_internal (s=s@entry=0x608610, format=<optimized out>, argptr=argptr@entry=0x7fffffffd0d8, errp=errp@entry=0x0) at vfscanf.c:1827
#3  0x00007ffff7032162 in __isoc99_fscanf (stream=0x608610, format=<optimized out>) at isoc99_fscanf.c:34
#4  0x00007ffff7bcf187 in fann_create_from_fd () from /usr/local/lib/libfann.so.2
#5  0x00007ffff7bcf608 in fann_create_from_file () from /usr/local/lib/libfann.so.2
#6  0x000000000040199e in inversek2j(float, float, float*, float*) ()
#7  0x0000000000401631 in main ()

227	../stdlib/strtol_l.c: Arquivo ou diretório não encontrado.

Backtrace END
Fliping value of field: __count
Memory content before bitflip:0x000x000x000x00
Fault Model: Random bit-flip
base address to flip value: 0x7fffffffcef0
address max offset: 4
Memory content after  bitflip:0x660xed0x250x1b
frame name: _IO_vfscanf_internal
symbol name: state
symbol filename: vfscanf.c
symbol line: 252
value: {__count = 455470438, __value = {__wch = 0, __wchb = "\000\000\000"}}
value address: 0x7fffffffcef0
Type: The type is a structure.
Type sizeof: 8
Field name: __count
Field Type: The type is an integer type.
Field Type sizeof: 4
Field name: __value
Field Type: The type is a union.
Field Type sizeof: 4

[INFO -- 2018-10-16 03:14:26]
Fault Injection Successful after 4.407468318939209s
[INFO -- 2018-10-16 03:14:32]
event type: exit
[INFO -- 2018-10-16 03:14:32]
exit code: 0
