[INFO -- 2018-10-07 13:20:35]
Starting flip_value script
version: 1.1
[INFO -- 2018-10-07 13:20:35]
Initialization strings:
[INFO -- 2018-10-07 13:20:35]
(1) file /tmp/fft_nn/fft_nn.out
[INFO -- 2018-10-07 13:20:35]
(2) set args 32768 /tmp/fft_nn/output_falha.data
[INFO -- 2018-10-07 13:20:35]
initSignal:15
[INFO -- 2018-10-07 13:20:35]
endSignal:25
[INFO -- 2018-10-07 13:20:35]
faultModel:4
[INFO -- 2018-10-07 13:20:51]
Backtrace BEGIN:
#0  __GI__IO_sputbackc (fp=fp@entry=0x6062c0, c=c@entry=44) at genops.c:739
#1  0x00007ffff702927b in _IO_vfscanf_internal (s=s@entry=0x6062c0, format=<optimized out>, argptr=argptr@entry=0x7fffffffd8c8, errp=errp@entry=0x0) at vfscanf.c:1811
#2  0x00007ffff7032162 in __isoc99_fscanf (stream=0x6062c0, format=<optimized out>) at isoc99_fscanf.c:34
#3  0x00007ffff7bcf0eb in fann_create_from_fd () from /usr/local/lib/libfann.so.2
#4  0x00007ffff7bcf608 in fann_create_from_file () from /usr/local/lib/libfann.so.2
#5  0x00000000004019b7 in radix2DitCooleyTykeyFft(int, int*, Complex*, Complex*) ()
#6  0x0000000000401631 in main ()

734	genops.c: Arquivo ou diretório não encontrado.

Backtrace END
Memory content before bitflip:0xc80x280x060x00
Fault Model: LSB bit-flip
base address to flip value: 0x7ffff73989b0 
address max offset: 4
Memory content after  bitflip:0xc80x280x060x40
frame name: __GI__IO_sputbackc
symbol name: _IO_list_all_stamp
symbol filename: genops.c
symbol line: 42
value: 1074145480
value address: 0x7ffff73989b0 <_IO_list_all_stamp>
Type: The type is an integer type.
Type sizeof: 4

[INFO -- 2018-10-07 13:20:51]
Fault Injection Successful after 16.72540855407715s
[INFO -- 2018-10-07 13:20:55]
event type: exit
[INFO -- 2018-10-07 13:20:55]
exit code: 0
