[INFO -- 2018-10-11 02:46:10]
sending 5 signals using command: 'killall -2 fft_nn.out' after 21.920934316s
[INFO -- 2018-10-11 02:46:11]
sending 5 signals using command: 'killall -2 fft_nn.out' after 22.6308491637s
[INFO -- 2018-10-11 02:46:12]
sending 5 signals using command: 'killall -2 fft_nn.out' after 23.2931644372s
[INFO -- 2018-10-11 02:46:12]
Starting GDB script
[INFO -- 2018-10-11 02:46:12]
initSignal:0.0
[INFO -- 2018-10-11 02:46:12]
endSignal:5.0
[INFO -- 2018-10-11 02:46:13]
sending 5 signals using command: 'killall -2 fft_nn.out' after 1.51990203914s
[INFO -- 2018-10-11 02:46:13]
sending 5 signals using command: 'killall -2 fft_nn.out' after 1.80364971961s
[INFO -- 2018-10-11 02:46:16]
sending 5 signals using command: 'killall -2 fft_nn.out' after 4.13395747824s
[INFO -- 2018-10-11 02:46:33]
Execution finished before waitTime
