[INFO -- 2018-10-09 01:55:31]
Starting flip_value script
version: 1.1
[INFO -- 2018-10-09 01:55:31]
Initialization strings:
[INFO -- 2018-10-09 01:55:31]
(1) file /tmp/fft_nn/fft_nn.out
[INFO -- 2018-10-09 01:55:31]
(2) set args 32768 /tmp/fft_nn/output_falha.data
[INFO -- 2018-10-09 01:55:31]
initSignal:5
[INFO -- 2018-10-09 01:55:31]
endSignal:10
[INFO -- 2018-10-09 01:55:31]
faultModel:1
[INFO -- 2018-10-09 01:55:39]
Backtrace BEGIN:
#0  0x00007ffff700ddfd in __mpn_construct_float (frac_ptr=frac_ptr@entry=0x7fffffffcf10, expt=<optimized out>, sign=sign@entry=0) at ../sysdeps/ieee754/flt-32/mpn2flt.c:40
#1  0x00007ffff7012346 in round_and_return (retval=0x7fffffffcf10, exponent=<optimized out>, negative=negative@entry=0, round_limb=round_limb@entry=3760786064319447039, round_bit=<optimized out>, more_bits=<optimized out>) at strtod_l.c:327
#2  0x00007ffff7013332 in __GI_____strtof_l_internal (nptr=<optimized out>, endptr=<optimized out>, group=<optimized out>, loc=<optimized out>) at strtod_l.c:1613
#3  0x00007ffff7011d60 in __GI___strtof_internal (nptr=<optimized out>, endptr=<optimized out>, group=<optimized out>) at strtod.c:54
#4  0x00007ffff702b948 in _IO_vfscanf_internal (s=s@entry=0x6062c0, format=<optimized out>, argptr=argptr@entry=0x7fffffffd408, errp=errp@entry=0x0) at vfscanf.c:2365
#5  0x00007ffff7032162 in __isoc99_fscanf (stream=0x6062c0, format=<optimized out>) at isoc99_fscanf.c:34
#6  0x00007ffff7bcf187 in fann_create_from_fd () from /usr/local/lib/libfann.so.2
#7  0x00007ffff7bcf608 in fann_create_from_file () from /usr/local/lib/libfann.so.2
#8  0x00000000004019b7 in radix2DitCooleyTykeyFft(int, int*, Complex*, Complex*) ()
#9  0x0000000000401631 in main ()

35	../sysdeps/ieee754/flt-32/mpn2flt.c: Arquivo ou diretório não encontrado.

Backtrace END
Memory content before bitflip:0xfe0xff0xff0xff0xff0xff0xff0xff
Fault Model: Double bit-flip
base address to flip value: 0x7fffffffcf00
address max offset: 8
Memory content after  bitflip:0xfe0xff0xff0xff0xff0xff0xe70xff
frame name: __GI_____strtof_l_internal
symbol name: exponent
symbol filename: strtod_l.c
symbol line: 486
value: -6755399441055746
value address: 0x7fffffffcf00
Type: The type is an integer type.
Type sizeof: 8

[INFO -- 2018-10-09 01:55:39]
Fault Injection Successful after 8.221757411956787s
[INFO -- 2018-10-09 01:55:51]
event type: exit
[INFO -- 2018-10-09 01:55:51]
exit code: 0
