[INFO -- 2018-10-17 01:42:10]
Starting flip_value script
version: 1.1
[INFO -- 2018-10-17 01:42:10]
Initialization strings:
[INFO -- 2018-10-17 01:42:10]
(1) file /home/latansini/Desktop/trabalhoftf/carol-fi/sample-code/inverse_nn/inversek2j_nn.out
[INFO -- 2018-10-17 01:42:10]
(2) set args /home/latansini/Desktop/trabalhoftf/carol-fi/sample-code/inverse_nn/input_250k /home/latansini/Desktop/trabalhoftf/carol-fi/sample-code/inverse_nn/output_falha.data
[INFO -- 2018-10-17 01:42:10]
initSignal:2
[INFO -- 2018-10-17 01:42:10]
endSignal:4
[INFO -- 2018-10-17 01:42:10]
faultModel:1
[EXCEPTION -- 2018-10-17 01:42:13]
gdbException: Tentativo de desreferenciar um ponteiro genérico.
[INFO -- 2018-10-17 01:42:13]
Backtrace BEGIN:
#0  __GI_____strtof_l_internal (nptr=<optimized out>, endptr=0x7fffffffcf00, group=<optimized out>, loc=<optimized out>) at strtod_l.c:861
#1  0x00007ffff7011d60 in __GI___strtof_internal (nptr=<optimized out>, endptr=<optimized out>, group=<optimized out>) at strtod.c:54
#2  0x00007ffff702b948 in _IO_vfscanf_internal (s=s@entry=0x608610, format=<optimized out>, argptr=argptr@entry=0x7fffffffd0d8, errp=errp@entry=0x0) at vfscanf.c:2365
#3  0x00007ffff7032162 in __isoc99_fscanf (stream=0x608610, format=<optimized out>) at isoc99_fscanf.c:34
#4  0x00007ffff7bcf187 in fann_create_from_fd () from /usr/local/lib/libfann.so.2
#5  0x00007ffff7bcf608 in fann_create_from_file () from /usr/local/lib/libfann.so.2
#6  0x000000000040199e in inversek2j(float, float, float*, float*) ()
#7  0x0000000000401631 in main ()

856	in strtod_l.c

Backtrace END
Fliping array at pos: 0
Fliping value of field: gp_offset
Memory content before bitflip:0x100x000x000x00
Fault Model: Double bit-flip
base address to flip value: 0x7fffffffd0d8
address max offset: 4
Memory content after  bitflip:0x100x000x880x00
frame name: __isoc99_fscanf
symbol name: arg
symbol filename: isoc99_fscanf.c
symbol line: 27
value: {{gp_offset = 8912912, fp_offset = 48, overflow_arg_area = 0x7fffffffd1b0, reg_save_area = 0x7fffffffd0f0}}
value address: 0x7fffffffd0d8
Type: The type is an array.
Type sizeof: 24

[INFO -- 2018-10-17 01:42:13]
Fault Injection Successful after 3.204850196838379s
[INFO -- 2018-10-17 01:42:21]
event type: exit
[INFO -- 2018-10-17 01:42:21]
exit code: 0
