[INFO -- 2018-12-03 14:09:42]
Starting flip_value script
version: 1.1
[INFO -- 2018-12-03 14:09:42]
Initialization strings:
[INFO -- 2018-12-03 14:09:42]
(1) file /home/latansini/carol-fi/carol-fi/codes/nnfulldup/nn-knl-files/nn
[INFO -- 2018-12-03 14:09:42]
(2) set args /home/latansini/carol-fi/carol-fi/codes/nnfulldup/nn-knl-files/filelist 20 5 5 /home/latansini/carol-fi/carol-fi/codes/nnfulldup/nn-knl-files/out20_5_5
[INFO -- 2018-12-03 14:09:42]
initSignal:0
[INFO -- 2018-12-03 14:09:42]
endSignal:2
[INFO -- 2018-12-03 14:09:42]
faultModel:2
[EXCEPTION -- 2018-12-03 14:09:43]
pythonException: invalid frame
[EXCEPTION -- 2018-12-03 14:09:43]
pythonException: invalid frame
[EXCEPTION -- 2018-12-03 14:09:43]
pythonException: invalid frame
[EXCEPTION -- 2018-12-03 14:09:43]
pythonException: invalid frame
[INFO -- 2018-12-03 14:09:43]
Backtrace BEGIN:
#0  0x00007ffff78d4e84 in ?? () from /usr/lib/x86_64-linux-gnu/libgomp.so.1
#1  0x00007ffff78d3ae9 in ?? () from /usr/lib/x86_64-linux-gnu/libgomp.so.1
#2  0x0000000000400f98 in nn_wrapper (filename=0x7fffffffe7d7 "/home/latansini/carol-fi/carol-fi/codes/nnfulldup/nn-knl-files/filelist", k=20, target_lat=5, target_long=5) at nn.c:97
#3  0x000000000040148d in main (argc=6, argv=0x7fffffffe568) at nn.c:195

168			fclose(logfile);
169		}
170	
171		if(file!= NULL){
172	    		fclose(file);
173		}
174	}
175	
176	int main(int argc, char* argv[]) {
177	    int    k=0;

Backtrace END
Memory content before bitflip:0x140x000x000x00
Fault Model: Random bit-flip
base address to flip value: 0x7fffffffe428
address max offset: 4
Memory content after  bitflip:0x160x310x1a0xab
frame name: nn_wrapper
symbol name: j
symbol filename: nn.c
symbol line: 31
value: -1424346858
value address: 0x7fffffffe428
Type: The type is an integer type.
Type sizeof: 4

[INFO -- 2018-12-03 14:09:43]
Fault Injection Successful after 1.41126799583s
[INFO -- 2018-12-03 14:09:45]
event type: exit
[INFO -- 2018-12-03 14:09:45]
exit code: 0
