[INFO -- 2018-10-07 06:17:34]
sending 5 signals using command: 'killall -2 fft_nn.out' after 20.7347454885s
[INFO -- 2018-10-07 06:17:35]
sending 5 signals using command: 'killall -2 fft_nn.out' after 22.0035245676s
[INFO -- 2018-10-07 06:17:36]
sending 5 signals using command: 'killall -2 fft_nn.out' after 23.0769138758s
[INFO -- 2018-10-07 06:17:37]
Starting GDB script
[INFO -- 2018-10-07 06:17:37]
initSignal:0.0
[INFO -- 2018-10-07 06:17:37]
endSignal:5.0
[INFO -- 2018-10-07 06:17:37]
sending 5 signals using command: 'killall -2 fft_nn.out' after 0.127027419593s
[INFO -- 2018-10-07 06:17:39]
sending 5 signals using command: 'killall -2 fft_nn.out' after 1.99811650081s
[INFO -- 2018-10-07 06:17:40]
sending 5 signals using command: 'killall -2 fft_nn.out' after 2.95993862846s
[INFO -- 2018-10-07 06:17:57]
Execution finished before waitTime
