[INFO -- 2018-12-01 09:51:08]
Starting flip_value script
version: 1.1
[INFO -- 2018-12-01 09:51:08]
Initialization strings:
[INFO -- 2018-12-01 09:51:08]
(1) file /home/lignati/carol-fi/codes/inversefulldup/inversek2j.nn.out
[INFO -- 2018-12-01 09:51:08]
(2) set args /home/lignati/carol-fi/codes/inversefulldup/input_250k /home/lignati/carol-fi/codes/inversefulldup/output_falha.data
[INFO -- 2018-12-01 09:51:08]
initSignal:0
[INFO -- 2018-12-01 09:51:08]
endSignal:25
[INFO -- 2018-12-01 09:51:08]
faultModel:1
[INFO -- 2018-12-01 09:51:16]
Backtrace BEGIN:
#0  0x00007ffff70c3d44 in __GI___fxstat (vers=<optimized out>, fd=6, buf=0x7fffffffcee0) at ../sysdeps/unix/sysv/linux/wordsize-64/fxstat.c:35
#1  0x00007ffff70427d5 in __GI__IO_file_doallocate (fp=0x6085c0) at filedoalloc.c:111
#2  0x00007ffff70504b5 in __GI__IO_doallocbuf (fp=fp@entry=0x6085c0) at genops.c:418
#3  0x00007ffff704e3ec in __GI__IO_file_xsgetn (fp=0x6085c0, data=0xa39ef60, n=13) at fileops.c:1379
#4  0x00007ffff704386f in __GI__IO_fread (buf=<optimized out>, size=1, count=13, fp=0x6085c0) at iofread.c:42
#5  0x00007ffff7bc92b0 in fann_create_from_fd () from /usr/local/lib/libfann.so.2
#6  0x00007ffff7bc8073 in fann_create_from_file () from /usr/local/lib/libfann.so.2
#7  0x0000000000402061 in inversek2j(float, float, float*, float*) ()
#8  0x000000000040179a in main ()

30	../sysdeps/unix/sysv/linux/wordsize-64/fxstat.c: No such file or directory.

Backtrace END
Fliping value of field: st_dev
Memory content before bitflip:0x010x080x000x000x000x000x000x00
Fault Model: Double bit-flip
base address to flip value: 0x7fffffffcee0
address max offset: 8
Memory content after  bitflip:0x010x680x000x000x000x000x000x00
frame name: __GI__IO_file_doallocate
symbol name: st
symbol filename: filedoalloc.c
symbol line: 99
value: {st_dev = 26625, st_ino = 3164430, st_nlink = 1, st_mode = 33188, st_uid = 1000, st_gid = 1000, __pad0 = 0, st_rdev = 0, st_size = 14302, st_blksize = 4096, st_blocks = 32, st_atim = {tv_sec = 1543587848, tv_nsec = 516005437}, st_mtim = {tv_sec = 1543583700, tv_nsec = 0}, st_ctim = {tv_sec = 1543587848, tv_nsec = 408005434}, __glibc_reserved = {0, 0, 0}}
value address: 0x7fffffffcee0
Type: The type is a structure.
Type sizeof: 144
Field name: st_dev
Field Type: The type is an integer type.
Field Type sizeof: 8
Field name: st_ino
Field Type: The type is an integer type.
Field Type sizeof: 8
Field name: st_nlink
Field Type: The type is an integer type.
Field Type sizeof: 8
Field name: st_mode
Field Type: The type is an integer type.
Field Type sizeof: 4
Field name: st_uid
Field Type: The type is an integer type.
Field Type sizeof: 4
Field name: st_gid
Field Type: The type is an integer type.
Field Type sizeof: 4
Field name: __pad0
Field Type: The type is an integer type.
Field Type sizeof: 4
Field name: st_rdev
Field Type: The type is an integer type.
Field Type sizeof: 8
Field name: st_size
Field Type: The type is an integer type.
Field Type sizeof: 8
Field name: st_blksize
Field Type: The type is an integer type.
Field Type sizeof: 8
Field name: st_blocks
Field Type: The type is an integer type.
Field Type sizeof: 8
Field name: st_atim
Field Type: The type is a structure.
Field Type sizeof: 16
Field name: st_mtim
Field Type: The type is a structure.
Field Type sizeof: 16
Field name: st_ctim
Field Type: The type is a structure.
Field Type sizeof: 16
Field name: __glibc_reserved
Field Type: The type is an array.
Field Type sizeof: 24

[INFO -- 2018-12-01 09:51:16]
Fault Injection Successful after 8.476817846298218s
[INFO -- 2018-12-01 09:51:34]
event type: exit
[INFO -- 2018-12-01 09:51:34]
exit code: 0
