[INFO -- 2018-12-01 06:20:39]
Starting flip_value script
version: 1.1
[INFO -- 2018-12-01 06:20:39]
Initialization strings:
[INFO -- 2018-12-01 06:20:39]
(1) file /home/latansini/Desktop/CAROL-FI/etapa2/carol-fi/codes/fftfulldup/fft_nn.out
[INFO -- 2018-12-01 06:20:39]
(2) set args 32768 /home/latansini/Desktop/CAROL-FI/etapa2/carol-fi/codes/fftfulldup/output.data
[INFO -- 2018-12-01 06:20:39]
initSignal:0
[INFO -- 2018-12-01 06:20:39]
endSignal:40
[INFO -- 2018-12-01 06:20:39]
faultModel:2
[INFO -- 2018-12-01 06:20:40]
Backtrace BEGIN:
#0  _pthread_cleanup_push_defer (buffer=0x7fffffffd120, routine=0x7ffff6fb4cc0 <__funlockfile>, arg=0x618f00) at cleanup_defer_compat.c:30
#1  0x00007ffff6facfd5 in _IO_vfscanf_internal (s=s@entry=0x618f00, format=0x7ffff7bd4060 "cascade_num_candidate_groups=%u\n", argptr=argptr@entry=0x7fffffffd2a8, errp=errp@entry=0x0) at vfscanf.c:358
#2  0x00007ffff6fb5162 in __isoc99_fscanf (stream=0x618f00, format=<optimized out>) at isoc99_fscanf.c:34
#3  0x00007ffff7bcec6c in fann_create_from_fd () from /usr/local/lib/libfann.so.2
#4  0x00007ffff7bcf608 in fann_create_from_file () from /usr/local/lib/libfann.so.2
#5  0x0000000000401de7 in radix2DitCooleyTykeyFft(int, int*, Complex*, Complex*) ()
#6  0x0000000000401857 in main ()

25	cleanup_defer_compat.c: Arquivo ou diretório não encontrado.

Backtrace END
Fliping a bit of the pointer
Memory content before bitflip:0xa20xce0xff0xff0xff0x7f0x000x00
Fault Model: Random bit-flip
base address to flip value: 0x7fffffffd0d0
address max offset: 8
Memory content after  bitflip:0x880x8c0xf00x700x900xa70x480xf4
frame name: _IO_vfscanf_internal
symbol name: tw
symbol filename: vfscanf.c
symbol line: 271
value: 0x7fffffffcea2 ""
value address: 0x7fffffffd0d0
Type: The type is a pointer.
Type sizeof: 8

[INFO -- 2018-12-01 06:20:40]
Fault Injection Successful after 1.8192439079284668s
[INFO -- 2018-12-01 06:21:18]
event type: exit
[INFO -- 2018-12-01 06:21:18]
exit code: 0
