[INFO -- 2018-12-01 14:23:36]
Starting flip_value script
version: 1.1
[INFO -- 2018-12-01 14:23:36]
Initialization strings:
[INFO -- 2018-12-01 14:23:36]
(1) file /home/lignati/carol-fi/codes/inversefulldup/inversek2j.nn.out
[INFO -- 2018-12-01 14:23:36]
(2) set args /home/lignati/carol-fi/codes/inversefulldup/input_250k /home/lignati/carol-fi/codes/inversefulldup/output_falha.data
[INFO -- 2018-12-01 14:23:36]
initSignal:0
[INFO -- 2018-12-01 14:23:36]
endSignal:25
[INFO -- 2018-12-01 14:23:36]
faultModel:0
[INFO -- 2018-12-01 14:23:43]
Backtrace BEGIN:
#0  __mpn_mul (prodp=prodp@entry=0x7fffffffca50, up=0x7ffff714c088 <__tens+72>, usize=1, vp=vp@entry=0x7fffffffcaa0, vsize=vsize@entry=1) at mul.c:57
#1  0x00007ffff7013bb9 in __GI_____strtof_l_internal (nptr=<optimized out>, endptr=<optimized out>, group=<optimized out>, loc=<optimized out>) at strtod_l.c:1408
#2  0x00007ffff7012d60 in __GI___strtof_internal (nptr=<optimized out>, endptr=<optimized out>, group=<optimized out>) at strtod.c:54
#3  0x00007ffff702c948 in _IO_vfscanf_internal (s=s@entry=0x6085c0, format=<optimized out>, argptr=argptr@entry=0x7fffffffcf38, errp=errp@entry=0x0) at vfscanf.c:2365
#4  0x00007ffff7033162 in __isoc99_fscanf (stream=0x6085c0, format=<optimized out>) at isoc99_fscanf.c:34
#5  0x00007ffff7bcac42 in fann_create_from_fd () from /usr/local/lib/libfann.so.2
#6  0x00007ffff7bc8073 in fann_create_from_file () from /usr/local/lib/libfann.so.2
#7  0x0000000000402061 in inversek2j(float, float, float*, float*) ()
#8  0x000000000040179a in main ()

52	mul.c: No such file or directory.

Backtrace END
Fliping value of field: __count
Memory content before bitflip:0x000x000x000x00
Fault Model: Single bit-flip
base address to flip value: 0x7fffffffcd50
address max offset: 4
Memory content after  bitflip:0x000x000x040x00
frame name: _IO_vfscanf_internal
symbol name: state
symbol filename: vfscanf.c
symbol line: 252
value: {__count = 262144, __value = {__wch = 0, __wchb = "\000\000\000"}}
value address: 0x7fffffffcd50
Type: The type is a structure.
Type sizeof: 8
Field name: __count
Field Type: The type is an integer type.
Field Type sizeof: 4
Field name: __value
Field Type: The type is a union.
Field Type sizeof: 4

[INFO -- 2018-12-01 14:23:43]
Fault Injection Successful after 7.520389795303345s
[INFO -- 2018-12-01 14:24:01]
event type: exit
[INFO -- 2018-12-01 14:24:01]
exit code: 0
