[INFO -- 2018-11-30 15:45:28]
Starting flip_value script
version: 1.1
[INFO -- 2018-11-30 15:45:28]
Initialization strings:
[INFO -- 2018-11-30 15:45:28]
(1) file /home/lignati/carol-fi/codes/inversefulldup/inversek2j.nn.out
[INFO -- 2018-11-30 15:45:28]
(2) set args /home/lignati/carol-fi/codes/inversefulldup/input_250k /home/lignati/carol-fi/codes/inversefulldup/output_falha.data
[INFO -- 2018-11-30 15:45:28]
initSignal:0
[INFO -- 2018-11-30 15:45:28]
endSignal:25
[INFO -- 2018-11-30 15:45:28]
faultModel:1
[INFO -- 2018-11-30 15:45:32]
Backtrace BEGIN:
#0  __mpn_mul_1 () at ../sysdeps/x86_64/mul_1.S:32
#1  0x00007ffff7012fef in str_to_mpn (str=0x7fffffffcb45 "0e-01", str@entry=0x7fffffffcb30 "2.59653598070144653320e-01", digcnt=<optimized out>, digcnt@entry=20, n=n@entry=0x7fffffffca50, nsize=nsize@entry=0x7fffffffca20, exponent=exponent@entry=0x7fffffffca30, decimal_len=decimal_len@entry=1, thousands=thousands@entry=0x0, decimal=<optimized out>) at strtod_l.c:420
#2  0x00007ffff7013c2b in __GI_____strtof_l_internal (nptr=<optimized out>, endptr=<optimized out>, group=<optimized out>, loc=<optimized out>) at strtod_l.c:1427
#3  0x00007ffff7012d60 in __GI___strtof_internal (nptr=<optimized out>, endptr=<optimized out>, group=<optimized out>) at strtod.c:54
#4  0x00007ffff702c948 in _IO_vfscanf_internal (s=s@entry=0x6085c0, format=<optimized out>, argptr=argptr@entry=0x7fffffffcf38, errp=errp@entry=0x0) at vfscanf.c:2365
#5  0x00007ffff7033162 in __isoc99_fscanf (stream=0x6085c0, format=<optimized out>) at isoc99_fscanf.c:34
#6  0x00007ffff7bcac42 in fann_create_from_fd () from /usr/local/lib/libfann.so.2
#7  0x00007ffff7bc8073 in fann_create_from_file () from /usr/local/lib/libfann.so.2
#8  0x0000000000402061 in inversek2j(float, float, float*, float*) ()
#9  0x000000000040179a in main ()

27	../sysdeps/x86_64/mul_1.S: No such file or directory.

Backtrace END
Fliping array at pos: 0
Memory content before bitflip:0x5f
Fault Model: Double bit-flip
base address to flip value: 0x7ffff715db80  
address max offset: 1
Memory content after  bitflip:0x1e
frame name: __GI_____strtof_l_internal
symbol name: __PRETTY_FUNCTION__
symbol filename: strtof_l.c
symbol line: 0
value: "\036___strtof_l_internal"
value address: 0x7ffff715db80 <__PRETTY_FUNCTION__.11547>
Type: The type is an array.
Type sizeof: 22
Field name: None
Field Type: A range type, that is, an integer type with bounds.
Field Type sizeof: 8
Field Type range: (0, 21)

[INFO -- 2018-11-30 15:45:32]
Fault Injection Successful after 4.653191566467285s
[INFO -- 2018-11-30 15:45:53]
event type: exit
[INFO -- 2018-11-30 15:45:53]
exit code: 0
