[INFO -- 2018-10-09 18:34:04]
sending 5 signals using command: 'killall -2 fft_nn.out' after 21.6353123339s
[INFO -- 2018-10-09 18:34:05]
sending 5 signals using command: 'killall -2 fft_nn.out' after 22.1145912497s
[INFO -- 2018-10-09 18:34:08]
sending 5 signals using command: 'killall -2 fft_nn.out' after 24.908376301s
[INFO -- 2018-10-09 18:34:08]
Starting GDB script
[INFO -- 2018-10-09 18:34:08]
initSignal:0.0
[INFO -- 2018-10-09 18:34:08]
endSignal:5.0
[INFO -- 2018-10-09 18:34:10]
sending 5 signals using command: 'killall -2 fft_nn.out' after 1.96904456211s
[INFO -- 2018-10-09 18:34:10]
sending 5 signals using command: 'killall -2 fft_nn.out' after 2.28003340203s
[INFO -- 2018-10-09 18:34:13]
sending 5 signals using command: 'killall -2 fft_nn.out' after 4.95662970069s
[INFO -- 2018-10-09 18:34:29]
Execution finished before waitTime
