[INFO -- 2018-10-12 02:16:16]
sending 5 signals using command: 'killall -2 fft_nn.out' after 21.6841434831s
[INFO -- 2018-10-12 02:16:17]
sending 5 signals using command: 'killall -2 fft_nn.out' after 22.0706592868s
[INFO -- 2018-10-12 02:16:18]
sending 5 signals using command: 'killall -2 fft_nn.out' after 23.2366812971s
[INFO -- 2018-10-12 02:16:18]
Starting GDB script
[INFO -- 2018-10-12 02:16:18]
initSignal:0.0
[INFO -- 2018-10-12 02:16:18]
endSignal:5.0
[INFO -- 2018-10-12 02:16:19]
sending 5 signals using command: 'killall -2 fft_nn.out' after 0.536691979621s
[INFO -- 2018-10-12 02:16:20]
sending 5 signals using command: 'killall -2 fft_nn.out' after 1.84959610885s
[INFO -- 2018-10-12 02:16:22]
sending 5 signals using command: 'killall -2 fft_nn.out' after 4.09655131588s
[INFO -- 2018-10-12 02:16:39]
Execution finished before waitTime
