[INFO -- 2018-10-07 01:03:07]
Starting flip_value script
version: 1.1
[INFO -- 2018-10-07 01:03:07]
Initialization strings:
[INFO -- 2018-10-07 01:03:07]
(1) file /tmp/fft_nn/fft_nn.out
[INFO -- 2018-10-07 01:03:07]
(2) set args 32768 /tmp/fft_nn/output_falha.data
[INFO -- 2018-10-07 01:03:07]
initSignal:10
[INFO -- 2018-10-07 01:03:07]
endSignal:15
[INFO -- 2018-10-07 01:03:07]
faultModel:3
[INFO -- 2018-10-07 01:03:17]
Backtrace BEGIN:
#0  0x00007ffff705773a in __libc_calloc (n=<optimized out>, elem_size=<optimized out>) at malloc.c:3296
#1  0x00007ffff7bca378 in fann_allocate_neurons () from /usr/local/lib/libfann.so.2
#2  0x00007ffff7bcf086 in fann_create_from_fd () from /usr/local/lib/libfann.so.2
#3  0x00007ffff7bcf608 in fann_create_from_file () from /usr/local/lib/libfann.so.2
#4  0x00000000004019b7 in radix2DitCooleyTykeyFft(int, int*, Complex*, Complex*) ()
#5  0x0000000000401631 in main ()

3291	malloc.c: Arquivo ou diretório não encontrado.

Backtrace END
Memory content before bitflip:0x000x000x000x00
Fault Model: Zero bit-flip
base address to flip value: 0x7ffff7398b30 
address max offset: 4
Memory content after  bitflip:0x000x000x000x00
frame name: __libc_calloc
symbol name: perturb_byte
symbol filename: malloc.c
symbol line: 1859
value: 0
value address: 0x7ffff7398b30 <perturb_byte>
Type: The type is an integer type.
Type sizeof: 4

[INFO -- 2018-10-07 01:03:17]
Fault Injection Successful after 10.816120386123657s
[INFO -- 2018-10-07 01:03:27]
event type: exit
[INFO -- 2018-10-07 01:03:27]
exit code: 0
