[INFO -- 2018-10-12 12:06:37]
sending 5 signals using command: 'killall -2 fft_nn.out' after 21.1754401111s
[INFO -- 2018-10-12 12:06:39]
sending 5 signals using command: 'killall -2 fft_nn.out' after 23.073291794s
[INFO -- 2018-10-12 12:06:41]
sending 5 signals using command: 'killall -2 fft_nn.out' after 24.7392153116s
[INFO -- 2018-10-12 12:06:41]
Starting GDB script
[INFO -- 2018-10-12 12:06:41]
initSignal:0.0
[INFO -- 2018-10-12 12:06:41]
endSignal:5.0
[INFO -- 2018-10-12 12:06:43]
sending 5 signals using command: 'killall -2 fft_nn.out' after 2.13889364354s
[INFO -- 2018-10-12 12:06:45]
sending 5 signals using command: 'killall -2 fft_nn.out' after 3.99721055312s
[INFO -- 2018-10-12 12:06:45]
sending 5 signals using command: 'killall -2 fft_nn.out' after 4.37679092753s
[INFO -- 2018-10-12 12:07:02]
Execution finished before waitTime
