[INFO -- 2018-12-09 16:00:23]
Starting flip_value script
version: 1.1
[INFO -- 2018-12-09 16:00:23]
Initialization strings:
[INFO -- 2018-12-09 16:00:23]
(1) file /home/melkor/ETAPA2/dup_nn/nn-knl-files/nn
[INFO -- 2018-12-09 16:00:23]
(2) set args /home/melkor/ETAPA2/dup_nn/nn-knl-files/filelist 20 5 5 /home/melkor/ETAPA2/dup_nn/nn-knl-files/out20_5_5
[INFO -- 2018-12-09 16:00:23]
initSignal:0
[INFO -- 2018-12-09 16:00:23]
endSignal:1
[INFO -- 2018-12-09 16:00:23]
faultModel:3
[EXCEPTION -- 2018-12-09 16:00:23]
gdbException: Tentativo de desreferenciar um ponteiro genérico.
[INFO -- 2018-12-09 16:00:23]
event type: exit
[INFO -- 2018-12-09 16:00:23]
exit code: 1
