[INFO -- 2018-10-08 13:08:31]
Starting flip_value script
version: 1.1
[INFO -- 2018-10-08 13:08:31]
Initialization strings:
[INFO -- 2018-10-08 13:08:31]
(1) file /tmp/fft_nn/fft_nn.out
[INFO -- 2018-10-08 13:08:31]
(2) set args 32768 /tmp/fft_nn/output_falha.data
[INFO -- 2018-10-08 13:08:31]
initSignal:20
[INFO -- 2018-10-08 13:08:31]
endSignal:25
[INFO -- 2018-10-08 13:08:31]
faultModel:4
[INFO -- 2018-10-08 13:08:52]
Backtrace BEGIN:
#0  0x00007ffff703218c in _IO_acquire_lock_clear_flags2_fct (p=<synthetic pointer>) at ../libio/libioP.h:915
#1  __isoc99_fscanf (stream=0x6062c0, format=<optimized out>) at isoc99_fscanf.c:30
#2  0x00007ffff7bcec16 in fann_create_from_fd () from /usr/local/lib/libfann.so.2
#3  0x00007ffff7bcf608 in fann_create_from_file () from /usr/local/lib/libfann.so.2
#4  0x00000000004019b7 in radix2DitCooleyTykeyFft(int, int*, Complex*, Complex*) ()
#5  0x0000000000401631 in main ()

910	../libio/libioP.h: Arquivo ou diretório não encontrado.

Backtrace END
Fliping array at pos: 0
Fliping value of field: fp_offset
Memory content before bitflip:0x300x000x000x00
Fault Model: LSB bit-flip
base address to flip value: 0x7fffffffd40c
address max offset: 4
Memory content after  bitflip:0x300x000x000x80
frame name: _IO_acquire_lock_clear_flags2_fct
symbol name: arg
symbol filename: isoc99_fscanf.c
symbol line: 27
value: {{gp_offset = 16, fp_offset = 2147483696, overflow_arg_area = 0x7fffffffd4e0, reg_save_area = 0x7fffffffd420}}
value address: 0x7fffffffd408
Type: The type is an array.
Type sizeof: 24

[INFO -- 2018-10-08 13:08:52]
Fault Injection Successful after 21.18417239189148s
[INFO -- 2018-10-08 13:08:52]
event type: exit
[INFO -- 2018-10-08 13:08:52]
exit code: 0
