[INFO -- 2018-10-09 18:59:04]
sending 5 signals using command: 'killall -2 fft_nn.out' after 22.1939802248s
[INFO -- 2018-10-09 18:59:04]
sending 5 signals using command: 'killall -2 fft_nn.out' after 22.4078647868s
[INFO -- 2018-10-09 18:59:07]
sending 5 signals using command: 'killall -2 fft_nn.out' after 24.9065153872s
[INFO -- 2018-10-09 18:59:07]
Starting GDB script
[INFO -- 2018-10-09 18:59:07]
initSignal:0.0
[INFO -- 2018-10-09 18:59:07]
endSignal:5.0
[INFO -- 2018-10-09 18:59:07]
sending 5 signals using command: 'killall -2 fft_nn.out' after 0.313330833581s
[INFO -- 2018-10-09 18:59:08]
sending 5 signals using command: 'killall -2 fft_nn.out' after 1.02204302769s
[INFO -- 2018-10-09 18:59:12]
sending 5 signals using command: 'killall -2 fft_nn.out' after 4.89086934214s
[INFO -- 2018-10-09 18:59:28]
Execution finished before waitTime
