[INFO -- 2018-12-09 16:07:57]
sending 5 signals using command: 'killall -2 nn' after 0.500115270031s
[INFO -- 2018-12-09 16:07:57]
sending 5 signals using command: 'killall -2 nn' after 0.618553499714s
[INFO -- 2018-12-09 16:07:58]
sending 5 signals using command: 'killall -2 nn' after 0.924792366357s
[INFO -- 2018-12-09 16:07:58]
Starting GDB script
[INFO -- 2018-12-09 16:07:58]
initSignal:0.0
[INFO -- 2018-12-09 16:07:58]
endSignal:1.0
[INFO -- 2018-12-09 16:07:58]
sending 5 signals using command: 'killall -2 nn' after 0.0695932405945s
[INFO -- 2018-12-09 16:07:58]
sending 5 signals using command: 'killall -2 nn' after 0.198543782663s
[INFO -- 2018-12-09 16:07:58]
sending 5 signals using command: 'killall -2 nn' after 0.28140940918s
[INFO -- 2018-12-09 16:07:58]
Execution finished before waitTime
