[INFO -- 2018-10-10 08:39:07]
sending 5 signals using command: 'killall -2 fft_nn.out' after 22.6018779406s
[INFO -- 2018-10-10 08:39:08]
sending 5 signals using command: 'killall -2 fft_nn.out' after 23.116043235s
[INFO -- 2018-10-10 08:39:08]
sending 5 signals using command: 'killall -2 fft_nn.out' after 23.3294171277s
[INFO -- 2018-10-10 08:39:08]
Starting GDB script
[INFO -- 2018-10-10 08:39:08]
initSignal:0.0
[INFO -- 2018-10-10 08:39:08]
endSignal:5.0
[INFO -- 2018-10-10 08:39:08]
sending 5 signals using command: 'killall -2 fft_nn.out' after 0.0374154023882s
[INFO -- 2018-10-10 08:39:10]
sending 5 signals using command: 'killall -2 fft_nn.out' after 2.10719727085s
[INFO -- 2018-10-10 08:39:11]
sending 5 signals using command: 'killall -2 fft_nn.out' after 3.06365187787s
[INFO -- 2018-10-10 08:39:29]
Execution finished before waitTime
