[INFO -- 2018-10-12 06:27:01]
sending 5 signals using command: 'killall -2 fft_nn.out' after 21.1674526693s
[INFO -- 2018-10-12 06:27:02]
sending 5 signals using command: 'killall -2 fft_nn.out' after 21.2381672353s
[INFO -- 2018-10-12 06:27:02]
sending 5 signals using command: 'killall -2 fft_nn.out' after 21.7101742522s
[INFO -- 2018-10-12 06:27:02]
Starting GDB script
[INFO -- 2018-10-12 06:27:02]
initSignal:0.0
[INFO -- 2018-10-12 06:27:02]
endSignal:5.0
[INFO -- 2018-10-12 06:27:05]
sending 5 signals using command: 'killall -2 fft_nn.out' after 2.4958451185s
[INFO -- 2018-10-12 06:27:05]
sending 5 signals using command: 'killall -2 fft_nn.out' after 3.11506790758s
[INFO -- 2018-10-12 06:27:06]
sending 5 signals using command: 'killall -2 fft_nn.out' after 3.43810297106s
[INFO -- 2018-10-12 06:27:23]
Execution finished before waitTime
