[INFO -- 2018-12-09 17:26:17]
Starting flip_value script
version: 1.1
[INFO -- 2018-12-09 17:26:17]
Initialization strings:
[INFO -- 2018-12-09 17:26:17]
(1) file /home/melkor/ETAPA2/dup_nn/nn-knl-files/nn
[INFO -- 2018-12-09 17:26:17]
(2) set args /home/melkor/ETAPA2/dup_nn/nn-knl-files/filelist 20 5 5 /home/melkor/ETAPA2/dup_nn/nn-knl-files/out20_5_5
[INFO -- 2018-12-09 17:26:17]
initSignal:0
[INFO -- 2018-12-09 17:26:17]
endSignal:1
[INFO -- 2018-12-09 17:26:17]
faultModel:2
[EXCEPTION -- 2018-12-09 17:26:17]
gdbException: Tentativo de desreferenciar um ponteiro genérico.
[INFO -- 2018-12-09 17:26:17]
Backtrace BEGIN:
#0  0x00007ffff7820ee6 in ?? () from /usr/lib/x86_64-linux-gnu/libgomp.so.1
#1  0x00007ffff781f392 in ?? () from /usr/lib/x86_64-linux-gnu/libgomp.so.1
#2  0x00007ffff7815eca in GOMP_parallel () from /usr/lib/x86_64-linux-gnu/libgomp.so.1
#3  0x00005555555555ed in main (argc=6, argv=0x7fffffffded8) at nn.c:196

2284	in rtld.c

Backtrace END
Memory content before bitflip:0x000x000xa00x40
Fault Model: Random bit-flip
base address to flip value: 0x7fffffffdb30
address max offset: 4
Memory content after  bitflip:0x340x880xd80xfb
frame name: main
symbol name: target_lat
symbol filename: nn.c
symbol line: 87
value: -2.2485973e+36
value address: 0x7fffffffdb30
Type: A floating point type.
Type sizeof: 4

[INFO -- 2018-12-09 17:26:17]
Fault Injection Successful after 0.885638952255249s
[INFO -- 2018-12-09 17:26:19]
event type: exit
[INFO -- 2018-12-09 17:26:19]
exit code: 0
