[INFO -- 2018-12-03 10:47:01]
Starting flip_value script
version: 1.1
[INFO -- 2018-12-03 10:47:01]
Initialization strings:
[INFO -- 2018-12-03 10:47:01]
(1) file /home/latansini/carol-fi/carol-fi/codes/nnfulldup/nn-knl-files/nn
[INFO -- 2018-12-03 10:47:01]
(2) set args /home/latansini/carol-fi/carol-fi/codes/nnfulldup/nn-knl-files/filelist 20 5 5 /home/latansini/carol-fi/carol-fi/codes/nnfulldup/nn-knl-files/out20_5_5
[INFO -- 2018-12-03 10:47:01]
initSignal:0
[INFO -- 2018-12-03 10:47:01]
endSignal:2
[INFO -- 2018-12-03 10:47:01]
faultModel:2
[EXCEPTION -- 2018-12-03 10:47:01]
pythonException: invalid frame
[EXCEPTION -- 2018-12-03 10:47:01]
gdbException: Attempt to dereference a generic pointer.
[EXCEPTION -- 2018-12-03 10:47:01]
pythonException: invalid frame
[EXCEPTION -- 2018-12-03 10:47:01]
pythonException: invalid frame
[EXCEPTION -- 2018-12-03 10:47:01]
pythonException: invalid frame
[INFO -- 2018-12-03 10:47:01]
event type: exit
[EXCEPTION -- 2018-12-03 10:47:01]
exit code: no exit code available
[EXCEPTION -- 2018-12-03 10:47:01]
pythonException: Thread no longer exists.
[EXCEPTION -- 2018-12-03 10:47:01]
pythonException: Thread no longer exists.
[EXCEPTION -- 2018-12-03 10:47:01]
pythonException: Thread no longer exists.
[EXCEPTION -- 2018-12-03 10:47:01]
pythonException: Thread no longer exists.
[EXCEPTION -- 2018-12-03 10:47:01]
pythonException: Thread no longer exists.
[EXCEPTION -- 2018-12-03 10:47:01]
pythonException: Thread no longer exists.
