[INFO -- 2018-10-08 17:12:53]
sending 5 signals using command: 'killall -2 fft_nn.out' after 23.4952440551s
[INFO -- 2018-10-08 17:12:55]
sending 5 signals using command: 'killall -2 fft_nn.out' after 24.7321834097s
[INFO -- 2018-10-08 17:12:55]
sending 5 signals using command: 'killall -2 fft_nn.out' after 24.7781624129s
[INFO -- 2018-10-08 17:12:55]
Starting GDB script
[INFO -- 2018-10-08 17:12:55]
initSignal:0.0
[INFO -- 2018-10-08 17:12:55]
endSignal:5.0
[INFO -- 2018-10-08 17:12:55]
sending 5 signals using command: 'killall -2 fft_nn.out' after 0.437411148078s
[INFO -- 2018-10-08 17:12:58]
sending 5 signals using command: 'killall -2 fft_nn.out' after 3.40618025997s
[INFO -- 2018-10-08 17:13:00]
sending 5 signals using command: 'killall -2 fft_nn.out' after 4.91622513477s
[INFO -- 2018-10-08 17:13:16]
Execution finished before waitTime
