[INFO -- 2018-10-08 05:04:36]
Starting flip_value script
version: 1.1
[INFO -- 2018-10-08 05:04:36]
Initialization strings:
[INFO -- 2018-10-08 05:04:36]
(1) file /tmp/fft_nn/fft_nn.out
[INFO -- 2018-10-08 05:04:36]
(2) set args 32768 /tmp/fft_nn/output_falha.data
[INFO -- 2018-10-08 05:04:36]
initSignal:0
[INFO -- 2018-10-08 05:04:36]
endSignal:5
[INFO -- 2018-10-08 05:04:36]
faultModel:0
[INFO -- 2018-10-08 05:04:37]
Backtrace BEGIN:
#0  __expf_finite () at ../sysdeps/x86_64/fpu/e_expf.S:53
#1  0x00007ffff75e8a42 in __GI___expf (x=3,18022275) at ../sysdeps/ieee754/flt-32/w_expf.c:26
#2  0x00007ffff7bc5284 in fann_run () from /usr/local/lib/libfann.so.2
#3  0x00000000004019ce in radix2DitCooleyTykeyFft(int, int*, Complex*, Complex*) ()
#4  0x0000000000401631 in main ()

48	../sysdeps/x86_64/fpu/e_expf.S: Arquivo ou diretório não encontrado.

Backtrace END
Memory content before bitflip:0xc50x880x4b0x40
Fault Model: Single bit-flip
base address to flip value: 0x7fffffffda0c
address max offset: 4
Memory content after  bitflip:0xcd0x880x4b0x40
frame name: __GI___expf
symbol name: x
symbol filename: ../sysdeps/ieee754/flt-32/w_expf.c
symbol line: 24
value: 3,18022466
value address: 0x7fffffffda0c
Type: A floating point type.
Type sizeof: 4

[INFO -- 2018-10-08 05:04:37]
Fault Injection Successful after 1.4065186977386475s
[INFO -- 2018-10-08 05:04:56]
event type: exit
[INFO -- 2018-10-08 05:04:56]
exit code: 0
