[INFO -- 2018-10-12 01:56:29]
Starting flip_value script
version: 1.1
[INFO -- 2018-10-12 01:56:29]
Initialization strings:
[INFO -- 2018-10-12 01:56:29]
(1) file /tmp/fft_nn/fft_nn.out
[INFO -- 2018-10-12 01:56:29]
(2) set args 32768 /tmp/fft_nn/output_falha.data
[INFO -- 2018-10-12 01:56:29]
initSignal:0
[INFO -- 2018-10-12 01:56:29]
endSignal:5
[INFO -- 2018-10-12 01:56:29]
faultModel:0
[EXCEPTION -- 2018-10-12 01:56:30]
gdbException: Tentativo de desreferenciar um ponteiro genérico.
[INFO -- 2018-10-12 01:56:30]
Backtrace BEGIN:
#0  0x00007ffff7012364 in round_away (mode=0, more_bits=true, half_bit=<optimized out>, last_digit_odd=false, negative=false) at ../include/rounding-mode.h:52
#1  round_and_return (retval=0x7fffffffcf10, exponent=-5, negative=negative@entry=0, round_limb=round_limb@entry=742054144113639423, round_bit=<optimized out>, more_bits=1) at strtod_l.c:296
#2  0x00007ffff7013332 in __GI_____strtof_l_internal (nptr=<optimized out>, endptr=<optimized out>, group=<optimized out>, loc=<optimized out>) at strtod_l.c:1613
#3  0x00007ffff7011d60 in __GI___strtof_internal (nptr=<optimized out>, endptr=<optimized out>, group=<optimized out>) at strtod.c:54
#4  0x00007ffff702b948 in _IO_vfscanf_internal (s=s@entry=0x6062c0, format=<optimized out>, argptr=argptr@entry=0x7fffffffd408, errp=errp@entry=0x0) at vfscanf.c:2365
#5  0x00007ffff7032162 in __isoc99_fscanf (stream=0x6062c0, format=<optimized out>) at isoc99_fscanf.c:34
#6  0x00007ffff7bcf187 in fann_create_from_fd () from /usr/local/lib/libfann.so.2
#7  0x00007ffff7bcf608 in fann_create_from_file () from /usr/local/lib/libfann.so.2
#8  0x00000000004019b7 in radix2DitCooleyTykeyFft(int, int*, Complex*, Complex*) ()
#9  0x0000000000401631 in main ()

47	in ../include/rounding-mode.h

Backtrace END
Fliping array at pos: 8
Memory content before bitflip:0xff0xff0xff0xff0xff0xff0xff0xff
Fault Model: Single bit-flip
base address to flip value: 0x7fffffffcfb0
address max offset: 8
Memory content after  bitflip:0xfe0xff0xff0xff0xff0xff0xff0xff
frame name: __GI_____strtof_l_internal
symbol name: den
symbol filename: strtod_l.c
symbol line: 494
value: {0, 9765625000000000000, 0, 0, 0, 140737488344856, 140737488343600, 5, 18446744073709551614, 4160570904}
value address: 0x7fffffffcf70
Type: The type is an array.
Type sizeof: 80
Field name: None
Field Type: A range type, that is, an integer type with bounds.
Field Type sizeof: 8
Field Type range: (0, 9)

[INFO -- 2018-10-12 01:56:30]
Fault Injection Successful after 1.4911425113677979s
[INFO -- 2018-10-12 01:56:49]
event type: exit
[INFO -- 2018-10-12 01:56:49]
exit code: 0
