[INFO -- 2018-10-16 03:16:33]
Starting flip_value script
version: 1.1
[INFO -- 2018-10-16 03:16:33]
Initialization strings:
[INFO -- 2018-10-16 03:16:33]
(1) file /home/latansini/Desktop/trabalhoftf/carol-fi/sample-code/inverse_nn/inversek2j_nn.out
[INFO -- 2018-10-16 03:16:33]
(2) set args /home/latansini/Desktop/trabalhoftf/carol-fi/sample-code/inverse_nn/input_250k /home/latansini/Desktop/trabalhoftf/carol-fi/sample-code/inverse_nn/output_falha.data
[INFO -- 2018-10-16 03:16:33]
initSignal:2
[INFO -- 2018-10-16 03:16:33]
endSignal:4
[INFO -- 2018-10-16 03:16:33]
faultModel:1
[INFO -- 2018-10-16 03:16:35]
Backtrace BEGIN:
#0  0x00007ffff70120e2 in get_rounding_mode () at ../sysdeps/generic/get-rounding-mode.h:94
#1  round_and_return (retval=0x7fffffffcbe0, exponent=-1, negative=negative@entry=0, round_limb=round_limb@entry=9223372036854775808, round_bit=39, more_bits=0) at strtod_l.c:202
#2  0x00007ffff7013332 in __GI_____strtof_l_internal (nptr=<optimized out>, endptr=<optimized out>, group=<optimized out>, loc=<optimized out>) at strtod_l.c:1613
#3  0x00007ffff7011d60 in __GI___strtof_internal (nptr=<optimized out>, endptr=<optimized out>, group=<optimized out>) at strtod.c:54
#4  0x00007ffff702b948 in _IO_vfscanf_internal (s=s@entry=0x608610, format=<optimized out>, argptr=argptr@entry=0x7fffffffd0d8, errp=errp@entry=0x0) at vfscanf.c:2365
#5  0x00007ffff7032162 in __isoc99_fscanf (stream=0x608610, format=<optimized out>) at isoc99_fscanf.c:34
#6  0x00007ffff7bcf0eb in fann_create_from_fd () from /usr/local/lib/libfann.so.2
#7  0x00007ffff7bcf608 in fann_create_from_file () from /usr/local/lib/libfann.so.2
#8  0x000000000040199e in inversek2j(float, float, float*, float*) ()
#9  0x0000000000401631 in main ()

89	../sysdeps/generic/get-rounding-mode.h: Arquivo ou diretório não encontrado.

Backtrace END
Fliping array at pos: 8
Memory content before bitflip:0xff0xff0xff0xff0xff0xff0xff0xff
Fault Model: Double bit-flip
base address to flip value: 0x7fffffffcc80
address max offset: 8
Memory content after  bitflip:0xff0xff0xff0xff0xff0xbe0xff0xff
frame name: __GI_____strtof_l_internal
symbol name: den
symbol filename: strtod_l.c
symbol line: 494
value: {11529215046068469760, 15625000000000000000, 140737488342016, 140737353958896, 140737488345168, 832, 140737488342784, 5, 18446672605453746175, 3792}
value address: 0x7fffffffcc40
Type: The type is an array.
Type sizeof: 80
Field name: None
Field Type: A range type, that is, an integer type with bounds.
Field Type sizeof: 8
Field Type range: (0, 9)

[INFO -- 2018-10-16 03:16:35]
Fault Injection Successful after 2.969418525695801s
[INFO -- 2018-10-16 03:16:44]
event type: exit
[INFO -- 2018-10-16 03:16:44]
exit code: 0
