[INFO -- 2018-10-09 07:23:20]
sending 5 signals using command: 'killall -2 fft_nn.out' after 21.4289989984s
[INFO -- 2018-10-09 07:23:23]
sending 5 signals using command: 'killall -2 fft_nn.out' after 23.9899706273s
[INFO -- 2018-10-09 07:23:23]
sending 5 signals using command: 'killall -2 fft_nn.out' after 24.171771849s
[INFO -- 2018-10-09 07:23:23]
Starting GDB script
[INFO -- 2018-10-09 07:23:23]
initSignal:0.0
[INFO -- 2018-10-09 07:23:23]
endSignal:5.0
[INFO -- 2018-10-09 07:23:23]
sending 5 signals using command: 'killall -2 fft_nn.out' after 0.275904189347s
[INFO -- 2018-10-09 07:23:24]
sending 5 signals using command: 'killall -2 fft_nn.out' after 0.422364838678s
[INFO -- 2018-10-09 07:23:26]
sending 5 signals using command: 'killall -2 fft_nn.out' after 2.34221573833s
[INFO -- 2018-10-09 07:23:44]
Execution finished before waitTime
