[INFO -- 2018-12-02 00:35:28]
Starting flip_value script
version: 1.1
[INFO -- 2018-12-02 00:35:28]
Initialization strings:
[INFO -- 2018-12-02 00:35:28]
(1) file /home/latansini/Desktop/CAROL-FI/etapa2/carol-fi/codes/fftfulldup/fft_nn.out
[INFO -- 2018-12-02 00:35:28]
(2) set args 32768 /home/latansini/Desktop/CAROL-FI/etapa2/carol-fi/codes/fftfulldup/output.data
[INFO -- 2018-12-02 00:35:28]
initSignal:0
[INFO -- 2018-12-02 00:35:28]
endSignal:40
[INFO -- 2018-12-02 00:35:28]
faultModel:2
[INFO -- 2018-12-02 00:35:30]
Backtrace BEGIN:
#0  __GI_____strtoul_l_internal (nptr=nptr@entry=0x7fffffffcea0 "6", endptr=endptr@entry=0x7fffffffd0d0, base=10, group=group@entry=0, loc=0x7ffff731a060 <_nl_global_locale>) at ../stdlib/strtol_l.c:310
#1  0x00007ffff6f94410 in __GI___strtoul_internal (nptr=nptr@entry=0x7fffffffcea0 "6", endptr=endptr@entry=0x7fffffffd0d0, base=<optimized out>, group=group@entry=0) at ../stdlib/strtol.c:97
#2  0x00007ffff6facf02 in _IO_vfscanf_internal (s=s@entry=0x618f00, format=<optimized out>, argptr=argptr@entry=0x7fffffffd2a8, errp=errp@entry=0x0) at vfscanf.c:1827
#3  0x00007ffff6fb5162 in __isoc99_fscanf (stream=0x618f00, format=<optimized out>) at isoc99_fscanf.c:34
#4  0x00007ffff7bcf187 in fann_create_from_fd () from /usr/local/lib/libfann.so.2
#5  0x00007ffff7bcf608 in fann_create_from_file () from /usr/local/lib/libfann.so.2
#6  0x0000000000401de7 in radix2DitCooleyTykeyFft(int, int*, Complex*, Complex*) ()
#7  0x0000000000401857 in main ()

305	../stdlib/strtol_l.c: Arquivo ou diretório não encontrado.

Backtrace END
Fliping value of field: __canceltype
Memory content before bitflip:0x000x000x000x00
Fault Model: Random bit-flip
base address to flip value: 0x7fffffffd130
address max offset: 4
Memory content after  bitflip:0x8d0xf70x480x3a
frame name: _IO_vfscanf_internal
symbol name: _buffer
symbol filename: vfscanf.c
symbol line: 358
value: {__routine = 0x7ffff6fb4cc0 <__funlockfile>, __arg = 0x618f00, __canceltype = 977860493, __prev = 0x0}
value address: 0x7fffffffd120
Type: The type is a structure.
Type sizeof: 32
Field name: __routine
Field Type: The type is a pointer.
Field Type sizeof: 8
Field name: __arg
Field Type: The type is a pointer.
Field Type sizeof: 8
Field name: __canceltype
Field Type: The type is an integer type.
Field Type sizeof: 4
Field name: __prev
Field Type: The type is a pointer.
Field Type sizeof: 8

[INFO -- 2018-12-02 00:35:30]
Fault Injection Successful after 2.0335593223571777s
[INFO -- 2018-12-02 00:36:08]
event type: exit
[INFO -- 2018-12-02 00:36:08]
exit code: 0
