[INFO -- 2018-10-16 14:57:06]
Starting flip_value script
version: 1.1
[INFO -- 2018-10-16 14:57:06]
Initialization strings:
[INFO -- 2018-10-16 14:57:06]
(1) file /home/latansini/Desktop/trabalhoftf/carol-fi/sample-code/inverse_nn/inversek2j_nn.out
[INFO -- 2018-10-16 14:57:06]
(2) set args /home/latansini/Desktop/trabalhoftf/carol-fi/sample-code/inverse_nn/input_250k /home/latansini/Desktop/trabalhoftf/carol-fi/sample-code/inverse_nn/output_falha.data
[INFO -- 2018-10-16 14:57:06]
initSignal:4
[INFO -- 2018-10-16 14:57:06]
endSignal:6
[INFO -- 2018-10-16 14:57:06]
faultModel:2
[INFO -- 2018-10-16 14:57:11]
Backtrace BEGIN:
#0  0x00007ffff70321a2 in __isoc99_fscanf (stream=0x608610, format=<optimized out>) at isoc99_fscanf.c:39
#1  0x00007ffff7bcf187 in fann_create_from_fd () from /usr/local/lib/libfann.so.2
#2  0x00007ffff7bcf608 in fann_create_from_file () from /usr/local/lib/libfann.so.2
#3  0x000000000040199e in inversek2j(float, float, float*, float*) ()
#4  0x0000000000401631 in main ()

34	isoc99_fscanf.c: Arquivo ou diretório não encontrado.

Backtrace END
Fliping array at pos: 0
Fliping value of field: gp_offset
Memory content before bitflip:0x100x000x000x00
Fault Model: Random bit-flip
base address to flip value: 0x7fffffffd0d8
address max offset: 4
Memory content after  bitflip:0x2a0x2f0x6d0xc7
frame name: __isoc99_fscanf
symbol name: arg
symbol filename: isoc99_fscanf.c
symbol line: 27
value: {{gp_offset = 3345821482, fp_offset = 48, overflow_arg_area = 0x7fffffffd1b0, reg_save_area = 0x7fffffffd0f0}}
value address: 0x7fffffffd0d8
Type: The type is an array.
Type sizeof: 24

[INFO -- 2018-10-16 14:57:11]
Fault Injection Successful after 5.674619674682617s
[INFO -- 2018-10-16 14:57:16]
event type: exit
[INFO -- 2018-10-16 14:57:16]
exit code: 0
