[INFO -- 2018-10-11 13:01:04]
Starting flip_value script
version: 1.1
[INFO -- 2018-10-11 13:01:04]
Initialization strings:
[INFO -- 2018-10-11 13:01:04]
(1) file /tmp/fft_nn/fft_nn.out
[INFO -- 2018-10-11 13:01:04]
(2) set args 32768 /tmp/fft_nn/output_falha.data
[INFO -- 2018-10-11 13:01:04]
initSignal:0
[INFO -- 2018-10-11 13:01:04]
endSignal:5
[INFO -- 2018-10-11 13:01:04]
faultModel:0
[INFO -- 2018-10-11 13:01:05]
Backtrace BEGIN:
#0  str_to_mpn (str=0x7fffffffd015 "9e-02", str@entry=0x7fffffffd000 "4.55723702907562255859e-02", digcnt=1, digcnt@entry=21, n=n@entry=0x7fffffffcf20, nsize=nsize@entry=0x7fffffffcef0, exponent=exponent@entry=0x7fffffffcf00, decimal_len=decimal_len@entry=1, thousands=thousands@entry=0x0, decimal=<optimized out>) at strtod_l.c:385
#1  0x00007ffff7012c2b in __GI_____strtof_l_internal (nptr=<optimized out>, endptr=<optimized out>, group=<optimized out>, loc=<optimized out>) at strtod_l.c:1427
#2  0x00007ffff7011d60 in __GI___strtof_internal (nptr=<optimized out>, endptr=<optimized out>, group=<optimized out>) at strtod.c:54
#3  0x00007ffff702b948 in _IO_vfscanf_internal (s=s@entry=0x6062c0, format=<optimized out>, argptr=argptr@entry=0x7fffffffd408, errp=errp@entry=0x0) at vfscanf.c:2365
#4  0x00007ffff7032162 in __isoc99_fscanf (stream=0x6062c0, format=<optimized out>) at isoc99_fscanf.c:34
#5  0x00007ffff7bcf187 in fann_create_from_fd () from /usr/local/lib/libfann.so.2
#6  0x00007ffff7bcf608 in fann_create_from_file () from /usr/local/lib/libfann.so.2
#7  0x00000000004019b7 in radix2DitCooleyTykeyFft(int, int*, Complex*, Complex*) ()
#8  0x0000000000401631 in main ()

380	strtod_l.c: Arquivo ou diretório não encontrado.

Backtrace END
Fliping value of field: __value
Fliping value of field name: __wchb
Fliping array at pos: 2
Memory content before bitflip:0x00
Fault Model: Single bit-flip
base address to flip value: 0x7fffffffd226 
address max offset: 1
Memory content after  bitflip:0x02
frame name: _IO_vfscanf_internal
symbol name: state
symbol filename: vfscanf.c
symbol line: 252
value: {__count = 0, __value = {__wch = 131072, __wchb = "\000\000\002"}}
value address: 0x7fffffffd220
Type: The type is a structure.
Type sizeof: 8
Field name: __count
Field Type: The type is an integer type.
Field Type sizeof: 4
Field name: __value
Field Type: The type is a union.
Field Type sizeof: 4

[INFO -- 2018-10-11 13:01:05]
Fault Injection Successful after 1.1756136417388916s
[INFO -- 2018-10-11 13:01:24]
event type: exit
[INFO -- 2018-10-11 13:01:24]
exit code: 0
