[INFO -- 2018-10-06 13:15:41]
sending 5 signals using command: 'killall -2 fft_nn.out' after 21.7053807911s
[INFO -- 2018-10-06 13:15:42]
sending 5 signals using command: 'killall -2 fft_nn.out' after 22.8007273237s
[INFO -- 2018-10-06 13:15:44]
sending 5 signals using command: 'killall -2 fft_nn.out' after 24.6893284507s
[INFO -- 2018-10-06 13:15:44]
Starting GDB script
[INFO -- 2018-10-06 13:15:44]
initSignal:0.0
[INFO -- 2018-10-06 13:15:44]
endSignal:5.0
[INFO -- 2018-10-06 13:15:44]
sending 5 signals using command: 'killall -2 fft_nn.out' after 0.360857580493s
[INFO -- 2018-10-06 13:15:46]
sending 5 signals using command: 'killall -2 fft_nn.out' after 2.24902522694s
[INFO -- 2018-10-06 13:15:48]
sending 5 signals using command: 'killall -2 fft_nn.out' after 4.10117971557s
[INFO -- 2018-10-06 13:16:04]
Execution finished before waitTime
