[INFO -- 2018-10-09 01:30:03]
Starting flip_value script
version: 1.1
[INFO -- 2018-10-09 01:30:03]
Initialization strings:
[INFO -- 2018-10-09 01:30:03]
(1) file /tmp/fft_nn/fft_nn.out
[INFO -- 2018-10-09 01:30:03]
(2) set args 32768 /tmp/fft_nn/output_falha.data
[INFO -- 2018-10-09 01:30:03]
initSignal:0
[INFO -- 2018-10-09 01:30:03]
endSignal:5
[INFO -- 2018-10-09 01:30:03]
faultModel:0
[INFO -- 2018-10-09 01:30:05]
Backtrace BEGIN:
#0  0x00007ffff7029871 in _IO_vfscanf_internal (s=s@entry=0x6062c0, format=<optimized out>, argptr=argptr@entry=0x7fffffffd408, errp=errp@entry=0x0) at vfscanf.c:2115
#1  0x00007ffff7032162 in __isoc99_fscanf (stream=0x6062c0, format=<optimized out>) at isoc99_fscanf.c:34
#2  0x00007ffff7bcf187 in fann_create_from_fd () from /usr/local/lib/libfann.so.2
#3  0x00007ffff7bcf608 in fann_create_from_file () from /usr/local/lib/libfann.so.2
#4  0x00000000004019b7 in radix2DitCooleyTykeyFft(int, int*, Complex*, Complex*) ()
#5  0x0000000000401631 in main ()

2110	vfscanf.c: Arquivo ou diretório não encontrado.

Backtrace END
Fliping a bit of the value pointed by a pointer
Memory content before bitflip:0x32
Fault Model: Single bit-flip
base address to flip value: 0x7fffffffd002 
address max offset: 1
Memory content after  bitflip:0x36
frame name: _IO_vfscanf_internal
symbol name: tw
symbol filename: vfscanf.c
symbol line: 271
value: 0x7fffffffd002 "68027433156967163086e-01"
value address: 0x7fffffffd230
Type: The type is a pointer.
Type sizeof: 8

[INFO -- 2018-10-09 01:30:05]
Fault Injection Successful after 2.224522113800049s
[INFO -- 2018-10-09 01:30:23]
event type: exit
[INFO -- 2018-10-09 01:30:23]
exit code: 0
