[INFO -- 2018-11-30 15:25:52]
Starting flip_value script
version: 1.1
[INFO -- 2018-11-30 15:25:52]
Initialization strings:
[INFO -- 2018-11-30 15:25:52]
(1) file /home/lignati/carol-fi/codes/inversefulldup/inversek2j.nn.out
[INFO -- 2018-11-30 15:25:52]
(2) set args /home/lignati/carol-fi/codes/inversefulldup/input_250k /home/lignati/carol-fi/codes/inversefulldup/output_falha.data
[INFO -- 2018-11-30 15:25:52]
initSignal:0
[INFO -- 2018-11-30 15:25:52]
endSignal:25
[INFO -- 2018-11-30 15:25:52]
faultModel:0
[INFO -- 2018-11-30 15:25:57]
Backtrace BEGIN:
#0  str_to_mpn (str=0x7fffffffcb3f "9331055e-01", str@entry=0x7fffffffcb30 "1.82757347822189331055e-01", digcnt=7, digcnt@entry=21, n=n@entry=0x7fffffffca50, nsize=nsize@entry=0x7fffffffca20, exponent=exponent@entry=0x7fffffffca30, decimal_len=decimal_len@entry=1, thousands=thousands@entry=0x0, decimal=<optimized out>) at strtod_l.c:373
#1  0x00007ffff7013c2b in __GI_____strtof_l_internal (nptr=<optimized out>, endptr=<optimized out>, group=<optimized out>, loc=<optimized out>) at strtod_l.c:1427
#2  0x00007ffff7012d60 in __GI___strtof_internal (nptr=<optimized out>, endptr=<optimized out>, group=<optimized out>) at strtod.c:54
#3  0x00007ffff702c948 in _IO_vfscanf_internal (s=s@entry=0x6085c0, format=<optimized out>, argptr=argptr@entry=0x7fffffffcf38, errp=errp@entry=0x0) at vfscanf.c:2365
#4  0x00007ffff7033162 in __isoc99_fscanf (stream=0x6085c0, format=<optimized out>) at isoc99_fscanf.c:34
#5  0x00007ffff7bcac42 in fann_create_from_fd () from /usr/local/lib/libfann.so.2
#6  0x00007ffff7bc8073 in fann_create_from_file () from /usr/local/lib/libfann.so.2
#7  0x0000000000402061 in inversek2j(float, float, float*, float*) ()
#8  0x000000000040179a in main ()

368	strtod_l.c: No such file or directory.

Backtrace END
Fliping array at pos: 8
Memory content before bitflip:0x1e0x010x260x000x000x000x000x00
Fault Model: Single bit-flip
base address to flip value: 0x7fffffffca90
address max offset: 8
Memory content after  bitflip:0x1e0x010x260x000x000x000x000x04
frame name: __GI_____strtof_l_internal
symbol name: num
symbol filename: strtod_l.c
symbol line: 485
value: {100000, 0, 1, 3146391, 16205586, 2621439, 16221432, 10778252, 288230376154202398, 0}
value address: 0x7fffffffca50
Type: The type is an array.
Type sizeof: 80
Field name: None
Field Type: A range type, that is, an integer type with bounds.
Field Type sizeof: 8
Field Type range: (0, 9)

[INFO -- 2018-11-30 15:25:57]
Fault Injection Successful after 5.406352758407593s
[INFO -- 2018-11-30 15:26:17]
event type: exit
[INFO -- 2018-11-30 15:26:17]
exit code: 0
