[INFO -- 2018-12-01 08:27:19]
Starting flip_value script
version: 1.1
[INFO -- 2018-12-01 08:27:19]
Initialization strings:
[INFO -- 2018-12-01 08:27:19]
(1) file /home/lignati/carol-fi/codes/inversefulldup/inversek2j.nn.out
[INFO -- 2018-12-01 08:27:19]
(2) set args /home/lignati/carol-fi/codes/inversefulldup/input_250k /home/lignati/carol-fi/codes/inversefulldup/output_falha.data
[INFO -- 2018-12-01 08:27:19]
initSignal:0
[INFO -- 2018-12-01 08:27:19]
endSignal:25
[INFO -- 2018-12-01 08:27:19]
faultModel:4
[INFO -- 2018-12-01 08:27:19]
Backtrace BEGIN:
#0  0x00007ffff702a90f in _IO_vfscanf_internal (s=s@entry=0x6085c0, format=<optimized out>, argptr=argptr@entry=0x7fffffffcf38, errp=errp@entry=0x0) at vfscanf.c:2020
#1  0x00007ffff7033162 in __isoc99_fscanf (stream=0x6085c0, format=<optimized out>) at isoc99_fscanf.c:34
#2  0x00007ffff7bcac42 in fann_create_from_fd () from /usr/local/lib/libfann.so.2
#3  0x00007ffff7bc8073 in fann_create_from_file () from /usr/local/lib/libfann.so.2
#4  0x0000000000402061 in inversek2j(float, float, float*, float*) ()
#5  0x000000000040179a in main ()

2015	vfscanf.c: No such file or directory.

Backtrace END
Fliping a bit of the value pointed by a pointer
Memory content before bitflip:0x31
Fault Model: LSB bit-flip
base address to flip value: 0x7fffffffcb32 
address max offset: 1
Memory content after  bitflip:0xb1
frame name: _IO_vfscanf_internal
symbol name: tw
symbol filename: vfscanf.c
symbol line: 271
value: 0x7fffffffcb32 "\261\066\062\061\064\060\070\064\066\062\065\062\064\064\061\064\060\066\062\065e-02"
value address: 0x7fffffffcd60
Type: The type is a pointer.
Type sizeof: 8

[INFO -- 2018-12-01 08:27:19]
Fault Injection Successful after 0.618046760559082s
[INFO -- 2018-12-01 08:27:44]
event type: exit
[INFO -- 2018-12-01 08:27:44]
exit code: 0
