[INFO -- 2018-12-03 23:23:54]
Starting flip_value script
version: 1.1
[INFO -- 2018-12-03 23:23:54]
Initialization strings:
[INFO -- 2018-12-03 23:23:54]
(1) file /home/latansini/carol-fi/carol-fi/codes/nnfulldup/nn-knl-files/nn
[INFO -- 2018-12-03 23:23:54]
(2) set args /home/latansini/carol-fi/carol-fi/codes/nnfulldup/nn-knl-files/filelist 20 5 5 /home/latansini/carol-fi/carol-fi/codes/nnfulldup/nn-knl-files/out20_5_5
[INFO -- 2018-12-03 23:23:54]
initSignal:0
[INFO -- 2018-12-03 23:23:54]
endSignal:2
[INFO -- 2018-12-03 23:23:54]
faultModel:1
[EXCEPTION -- 2018-12-03 23:23:54]
gdbException: Attempt to dereference a generic pointer.
[EXCEPTION -- 2018-12-03 23:23:55]
pythonException: invalid frame
[EXCEPTION -- 2018-12-03 23:23:55]
pythonException: invalid frame
[EXCEPTION -- 2018-12-03 23:23:55]
pythonException: invalid frame
[INFO -- 2018-12-03 23:23:55]
Backtrace BEGIN:
#0  0x00007ffff78d4e49 in ?? () from /usr/lib/x86_64-linux-gnu/libgomp.so.1
#1  0x00007ffff78d3ae9 in ?? () from /usr/lib/x86_64-linux-gnu/libgomp.so.1
#2  0x0000000000400f98 in nn_wrapper (filename=0x7fffffffe7d7 "/home/latansini/carol-fi/carol-fi/codes/nnfulldup/nn-knl-files/filelist", k=20, target_lat=5, target_long=5) at nn.c:97
#3  0x000000000040148d in main (argc=6, argv=0x7fffffffe568) at nn.c:195

69	in dl-debug.c

Backtrace END
Memory content before bitflip:0x000x000x000x00
Fault Model: Double bit-flip
base address to flip value: 0x7fffffffe3fc
address max offset: 4
Memory content after  bitflip:0x900x000x000x00
frame name: nn_wrapper
symbol name: tmp_lat
symbol filename: nn.c
symbol line: 29
value: 2.01786979e-43
value address: 0x7fffffffe3fc
Type: A floating point type.
Type sizeof: 4

[INFO -- 2018-12-03 23:23:55]
Fault Injection Successful after 1.42034196854s
[INFO -- 2018-12-03 23:23:57]
event type: exit
[INFO -- 2018-12-03 23:23:57]
exit code: 0
