[INFO -- 2018-10-17 02:22:17]
Starting flip_value script
version: 1.1
[INFO -- 2018-10-17 02:22:17]
Initialization strings:
[INFO -- 2018-10-17 02:22:17]
(1) file /home/latansini/Desktop/trabalhoftf/carol-fi/sample-code/inverse_nn/inversek2j_nn.out
[INFO -- 2018-10-17 02:22:17]
(2) set args /home/latansini/Desktop/trabalhoftf/carol-fi/sample-code/inverse_nn/input_250k /home/latansini/Desktop/trabalhoftf/carol-fi/sample-code/inverse_nn/output_falha.data
[INFO -- 2018-10-17 02:22:17]
initSignal:0
[INFO -- 2018-10-17 02:22:17]
endSignal:2
[INFO -- 2018-10-17 02:22:17]
faultModel:0
[INFO -- 2018-10-17 02:22:17]
Backtrace BEGIN:
#0  0x00007ffff70c2d44 in __GI___fxstat (vers=<optimized out>, fd=6, buf=0x7fffffffd080) at ../sysdeps/unix/sysv/linux/wordsize-64/fxstat.c:35
#1  0x00007ffff70417d5 in __GI__IO_file_doallocate (fp=0x608610) at filedoalloc.c:111
#2  0x00007ffff704f4b5 in __GI__IO_doallocbuf (fp=fp@entry=0x608610) at genops.c:418
#3  0x00007ffff704d3ec in __GI__IO_file_xsgetn (fp=0x608610, data=0x1330320, n=13) at fileops.c:1379
#4  0x00007ffff704286f in __GI__IO_fread (buf=<optimized out>, size=1, count=13, fp=0x608610) at iofread.c:42
#5  0x00007ffff7bce817 in fann_create_from_fd () from /usr/local/lib/libfann.so.2
#6  0x00007ffff7bcf608 in fann_create_from_file () from /usr/local/lib/libfann.so.2
#7  0x000000000040199e in inversek2j(float, float, float*, float*) ()
#8  0x0000000000401631 in main ()

30	../sysdeps/unix/sysv/linux/wordsize-64/fxstat.c: Arquivo ou diretório não encontrado.

Backtrace END
Fliping value of field: __read
Fliping a bit of the value pointed by a pointer
Memory content before bitflip:0xf6
Fault Model: Single bit-flip
base address to flip value: 0x7ffff704d4e0 
address max offset: 1
Memory content after  bitflip:0xb6
frame name: __GI__IO_file_xsgetn
symbol name: _IO_file_jumps_mmap
symbol filename: fileops.c
symbol line: 1574
value: {__dummy = 0, __dummy2 = 0, __finish = 0x7ffff704dc80 <_IO_new_file_finish>, __overflow = 0x7ffff704e6d0 <_IO_new_file_overflow>, __underflow = 0x7ffff704d8c0 <_IO_file_underflow_mmap>, __uflow = 0x7ffff704f530 <__GI__IO_default_uflow>, __pbackfail = 0x7ffff70506e0 <__GI__IO_default_pbackfail>, __xsputn = 0x7ffff704d500 <_IO_new_file_xsputn>, __xsgetn = 0x7ffff704cf70 <_IO_file_xsgetn_mmap>, __seekoff = 0x7ffff704d400 <_IO_file_seekoff_mmap>, __seekpos = 0x7ffff704faa0 <_IO_default_seekpos>, __setbuf = 0x7ffff704c810 <_IO_file_setbuf_mmap>, __sync = 0x7ffff704cce0 <_IO_file_sync_mmap>, __doallocate = 0x7ffff70417b0 <__GI__IO_file_doallocate>, __read = 0x7ffff704d4e0 <__GI__IO_file_read>, __write = 0x7ffff704ced0 <_IO_new_file_write>, __seek = 0x7ffff704ccd0 <__GI__IO_file_seek>, __close = 0x7ffff704cca0 <_IO_file_close_mmap>, __stat = 0x7ffff704cec0 <__GI__IO_file_stat>, __showmanyc = 0x7ffff7050840 <_IO_default_showmanyc>, __imbue = 0x7ffff7050850 <_IO_default_imbue>}
value address: 0x7ffff73955e0 <_IO_file_jumps_mmap>
Type: The type is a structure.
Type sizeof: 168
Field name: __dummy
Field Type: The type is an integer type.
Field Type sizeof: 8
Field name: __dummy2
Field Type: The type is an integer type.
Field Type sizeof: 8
Field name: __finish
Field Type: The type is a pointer.
Field Type sizeof: 8
Field name: __overflow
Field Type: The type is a pointer.
Field Type sizeof: 8
Field name: __underflow
Field Type: The type is a pointer.
Field Type sizeof: 8
Field name: __uflow
Field Type: The type is a pointer.
Field Type sizeof: 8
Field name: __pbackfail
Field Type: The type is a pointer.
Field Type sizeof: 8
Field name: __xsputn
Field Type: The type is a pointer.
Field Type sizeof: 8
Field name: __xsgetn
Field Type: The type is a pointer.
Field Type sizeof: 8
Field name: __seekoff
Field Type: The type is a pointer.
Field Type sizeof: 8
Field name: __seekpos
Field Type: The type is a pointer.
Field Type sizeof: 8
Field name: __setbuf
Field Type: The type is a pointer.
Field Type sizeof: 8
Field name: __sync
Field Type: The type is a pointer.
Field Type sizeof: 8
Field name: __doallocate
Field Type: The type is a pointer.
Field Type sizeof: 8
Field name: __read
Field Type: The type is a pointer.
Field Type sizeof: 8
Field name: __write
Field Type: The type is a pointer.
Field Type sizeof: 8
Field name: __seek
Field Type: The type is a pointer.
Field Type sizeof: 8
Field name: __close
Field Type: The type is a pointer.
Field Type sizeof: 8
Field name: __stat
Field Type: The type is a pointer.
Field Type sizeof: 8
Field name: __showmanyc
Field Type: The type is a pointer.
Field Type sizeof: 8
Field name: __imbue
Field Type: The type is a pointer.
Field Type sizeof: 8

[INFO -- 2018-10-17 02:22:17]
Fault Injection Successful after 0.7114615440368652s
[INFO -- 2018-10-17 02:22:27]
event type: exit
[INFO -- 2018-10-17 02:22:27]
exit code: 0
