[INFO -- 2018-10-06 05:58:07]
Starting flip_value script
version: 1.1
[INFO -- 2018-10-06 05:58:07]
Initialization strings:
[INFO -- 2018-10-06 05:58:07]
(1) file /tmp/fft_nn/fft_nn.out
[INFO -- 2018-10-06 05:58:07]
(2) set args 32768 /tmp/fft_nn/output_falha.data
[INFO -- 2018-10-06 05:58:07]
initSignal:15
[INFO -- 2018-10-06 05:58:07]
endSignal:25
[INFO -- 2018-10-06 05:58:07]
faultModel:4
[INFO -- 2018-10-06 05:58:27]
Backtrace BEGIN:
#0  0x00007ffff7024092 in ___printf_fp (fp=fp@entry=0x7fffffffd760, info=info@entry=0x7fffffffd2d0, args=args@entry=0x7fffffffd2a0) at printf_fp.c:975
#1  0x00007ffff70226d3 in _IO_vfprintf_internal (s=s@entry=0x7fffffffd760, format=<optimized out>, format@entry=0x7fffffffda60 "%.*g", ap=ap@entry=0x7fffffffd8c8) at vfprintf.c:1660
#2  0x00007ffff7046499 in _IO_vsnprintf (string=0x7fffffffd9d0 "", maxlen=<optimized out>, format=0x7fffffffda60 "%.*g", args=0x7fffffffd8c8) at vsnprintf.c:119
#3  0x00007ffff793ee10 in ?? () from /usr/lib/x86_64-linux-gnu/libstdc++.so.6
#4  0x00007ffff7945264 in std::ostreambuf_iterator<char, std::char_traits<char> > std::num_put<char, std::ostreambuf_iterator<char, std::char_traits<char> > >::_M_insert_float<double>(std::ostreambuf_iterator<char, std::char_traits<char> >, std::ios_base&, char, char, double) const () from /usr/lib/x86_64-linux-gnu/libstdc++.so.6
#5  0x00007ffff7945550 in std::num_put<char, std::ostreambuf_iterator<char, std::char_traits<char> > >::do_put(std::ostreambuf_iterator<char, std::char_traits<char> >, std::ios_base&, char, double) const () from /usr/lib/x86_64-linux-gnu/libstdc++.so.6
#6  0x00007ffff7950af5 in std::ostream& std::ostream::_M_insert<double>(double) () from /usr/lib/x86_64-linux-gnu/libstdc++.so.6
#7  0x00000000004016b3 in main ()

970	printf_fp.c: Arquivo ou diretório não encontrado.

Backtrace END
Memory content before bitflip:0x000x000x000x00
Fault Model: LSB bit-flip
base address to flip value: 0x7fffffffd250
address max offset: 4
Memory content after  bitflip:0x000x000x000x80
frame name: _IO_vfprintf_internal
symbol name: nspecs_done
symbol filename: vfprintf.c
symbol line: 267
value: -2147483648
value address: 0x7fffffffd250
Type: The type is an integer type.
Type sizeof: 4

[INFO -- 2018-10-06 05:58:27]
Fault Injection Successful after 20.16210436820984s
[INFO -- 2018-10-06 05:58:27]
event type: exit
[INFO -- 2018-10-06 05:58:27]
exit code: 0
