[INFO -- 2018-12-09 17:18:49]
Starting flip_value script
version: 1.1
[INFO -- 2018-12-09 17:18:49]
Initialization strings:
[INFO -- 2018-12-09 17:18:49]
(1) file /home/melkor/ETAPA2/dup_nn/nn-knl-files/nn
[INFO -- 2018-12-09 17:18:49]
(2) set args /home/melkor/ETAPA2/dup_nn/nn-knl-files/filelist 20 5 5 /home/melkor/ETAPA2/dup_nn/nn-knl-files/out20_5_5
[INFO -- 2018-12-09 17:18:49]
initSignal:0
[INFO -- 2018-12-09 17:18:49]
endSignal:1
[INFO -- 2018-12-09 17:18:49]
faultModel:4
[EXCEPTION -- 2018-12-09 17:18:49]
gdbException: Tentativo de desreferenciar um ponteiro genérico.
[EXCEPTION -- 2018-12-09 17:18:49]
pythonException: invalid frame
[EXCEPTION -- 2018-12-09 17:18:49]
pythonException: invalid frame
[EXCEPTION -- 2018-12-09 17:18:49]
gdbException: Tentativo de desreferenciar um ponteiro genérico.
[EXCEPTION -- 2018-12-09 17:18:49]
pythonException: invalid frame
[EXCEPTION -- 2018-12-09 17:18:49]
pythonException: invalid frame
[EXCEPTION -- 2018-12-09 17:18:49]
pythonException: invalid frame
[EXCEPTION -- 2018-12-09 17:18:49]
pythonException: invalid frame
[INFO -- 2018-12-09 17:18:49]
Backtrace BEGIN:
#0  0x00007ffff782108a in ?? () from /usr/lib/x86_64-linux-gnu/libgomp.so.1
#1  0x00007ffff781fda9 in ?? () from /usr/lib/x86_64-linux-gnu/libgomp.so.1
#2  0x00005555555555ed in main (argc=6, argv=0x7fffffffded8) at nn.c:196

2284	in rtld.c

Backtrace END
Memory content before bitflip:0x000x000x000x00
Fault Model: LSB bit-flip
base address to flip value: 0x7fffffffdb0c
address max offset: 4
Memory content after  bitflip:0x000x000x000x08
frame name: main
symbol name: done
symbol filename: nn.c
symbol line: 84
value: 134217728
value address: 0x7fffffffdb0c
Type: The type is an integer type.
Type sizeof: 4

[INFO -- 2018-12-09 17:18:49]
Fault Injection Successful after 0.8015170097351074s
[INFO -- 2018-12-09 17:18:50]
event type: exit
[INFO -- 2018-12-09 17:18:50]
exit code: 0
