[INFO -- 2018-10-19 14:25:16]
Starting flip_value script
version: 1.1
[INFO -- 2018-10-19 14:25:16]
Initialization strings:
[INFO -- 2018-10-19 14:25:16]
(1) file /home/latansini/Desktop/trabalhoftf/carol-fi/sample-code/knn/nn-knl-files/nn
[INFO -- 2018-10-19 14:25:16]
(2) set args /home/latansini/Desktop/trabalhoftf/carol-fi/sample-code/knn/nn-knl-files/filelist 15 25 25 /home/latansini/Desktop/trabalhoftf/carol-fi/sample-code/knn/nn-knl-files/out15_25_25
[INFO -- 2018-10-19 14:25:16]
initSignal:4
[INFO -- 2018-10-19 14:25:16]
endSignal:5
[INFO -- 2018-10-19 14:25:16]
faultModel:4
[INFO -- 2018-10-19 14:25:21]
Backtrace BEGIN:
#0  0x00007ffff78bdc06 in ?? () from /usr/lib/x86_64-linux-gnu/libgomp.so.1
#1  0x00007ffff78bc0e2 in ?? () from /usr/lib/x86_64-linux-gnu/libgomp.so.1
#2  0x0000000000401184 in main (argc=6, argv=0x7fffffffd8b8) at nn.c:115

20	* This program finds the k-nearest neighbors
21	* Usage:	./nn <filelist> <num> <target latitude> <target longitude> <out filename>
22	*			filelist: File with the filenames to the records
23	*			num: Number of nearest neighbors to find
24	*			target lat: Latitude coordinate for distance calculations
25	*			target long: Longitude coordinate for distance calculations
26	* The filelist and data are generated by hurricane_gen.c
27	* REC_WINDOW has been arbitrarily assigned; A larger value would allow more work for the threads
28	*/
29	int main(int argc, char* argv[]) {

Backtrace END
Fliping array at pos: 394
Memory content before bitflip:0x37
Fault Model: LSB bit-flip
base address to flip value: 0x7fffffffd74a 
address max offset: 1
Memory content after  bitflip:0x27
frame name: main
symbol name: sandbox
symbol filename: nn.c
symbol line: 32
value: "1986  6  3 18 17 ALBERTO    19.3 173.9  137   83\n1987  7 28  6  6 CHRIS      13.5 322.4  130  280\n1987  8 15  0  9 RAFAEL     65.8  79.5   22  741\n1972 11 10  6  5 HELENE     42.8 288.0   40  397\n1973"...
value address: 0x7fffffffd5c0
Type: The type is an array.
Type sizeof: 490
Field name: None
Field Type: A range type, that is, an integer type with bounds.
Field Type sizeof: 8
Field Type range: (0, 489)

[INFO -- 2018-10-19 14:25:21]
Fault Injection Successful after 5.0161659717559814s
[INFO -- 2018-10-19 14:25:22]
event type: exit
[INFO -- 2018-10-19 14:25:22]
exit code: 0
