[INFO -- 2018-12-01 06:03:39]
Starting flip_value script
version: 1.1
[INFO -- 2018-12-01 06:03:39]
Initialization strings:
[INFO -- 2018-12-01 06:03:39]
(1) file /home/latansini/Desktop/CAROL-FI/etapa2/carol-fi/codes/fftfulldup/fft_nn.out
[INFO -- 2018-12-01 06:03:39]
(2) set args 32768 /home/latansini/Desktop/CAROL-FI/etapa2/carol-fi/codes/fftfulldup/output.data
[INFO -- 2018-12-01 06:03:39]
initSignal:0
[INFO -- 2018-12-01 06:03:39]
endSignal:40
[INFO -- 2018-12-01 06:03:39]
faultModel:2
[INFO -- 2018-12-01 06:03:48]
Backtrace BEGIN:
#0  0x00007ffff6fab7fe in _IO_vfscanf_internal (s=s@entry=0x618f00, format=<optimized out>, argptr=argptr@entry=0x7fffffffd2a8, errp=errp@entry=0x0) at vfscanf.c:433
#1  0x00007ffff6fb5162 in __isoc99_fscanf (stream=0x618f00, format=<optimized out>) at isoc99_fscanf.c:34
#2  0x00007ffff7bcea68 in fann_create_from_fd () from /usr/local/lib/libfann.so.2
#3  0x00007ffff7bcf608 in fann_create_from_file () from /usr/local/lib/libfann.so.2
#4  0x0000000000401de7 in radix2DitCooleyTykeyFft(int, int*, Complex*, Complex*) ()
#5  0x0000000000401857 in main ()

428	vfscanf.c: Arquivo ou diretório não encontrado.

Backtrace END
Fliping array at pos: 7
Memory content before bitflip:0x63
Fault Model: Random bit-flip
base address to flip value: 0x7ffff70dfc07  
address max offset: 1
Memory content after  bitflip:0x8a
frame name: _IO_vfscanf_internal
symbol name: __PRETTY_FUNCTION__
symbol filename: vfscanf.c
symbol line: 0
value: "_IO_vfs\212anf_internal"
value address: 0x7ffff70dfc00 <__PRETTY_FUNCTION__.11925>
Type: The type is an array.
Type sizeof: 21
Field name: None
Field Type: A range type, that is, an integer type with bounds.
Field Type sizeof: 8
Field Type range: (0, 20)

[INFO -- 2018-12-01 06:03:48]
Fault Injection Successful after 9.032426834106445s
[INFO -- 2018-12-01 06:04:18]
event type: exit
[INFO -- 2018-12-01 06:04:18]
exit code: 0
