[INFO -- 2018-10-08 11:37:08]
Starting flip_value script
version: 1.1
[INFO -- 2018-10-08 11:37:08]
Initialization strings:
[INFO -- 2018-10-08 11:37:08]
(1) file /tmp/fft_nn/fft_nn.out
[INFO -- 2018-10-08 11:37:08]
(2) set args 32768 /tmp/fft_nn/output_falha.data
[INFO -- 2018-10-08 11:37:08]
initSignal:5
[INFO -- 2018-10-08 11:37:08]
endSignal:10
[INFO -- 2018-10-08 11:37:08]
faultModel:1
[INFO -- 2018-10-08 11:37:14]
Backtrace BEGIN:
#0  _pthread_cleanup_push_defer (buffer=0x7fffffffd740, routine=0x7ffff7031cc0 <__funlockfile>, arg=0x6062c0) at cleanup_defer_compat.c:30
#1  0x00007ffff7029fd5 in _IO_vfscanf_internal (s=s@entry=0x6062c0, format=0x7ffff7bd3d97 "(%u, %u, %f) ", argptr=argptr@entry=0x7fffffffd8c8, errp=errp@entry=0x0) at vfscanf.c:358
#2  0x00007ffff7032162 in __isoc99_fscanf (stream=0x6062c0, format=<optimized out>) at isoc99_fscanf.c:34
#3  0x00007ffff7bcf0eb in fann_create_from_fd () from /usr/local/lib/libfann.so.2
#4  0x00007ffff7bcf608 in fann_create_from_file () from /usr/local/lib/libfann.so.2
#5  0x00000000004019b7 in radix2DitCooleyTykeyFft(int, int*, Complex*, Complex*) ()
#6  0x0000000000401631 in main ()

25	cleanup_defer_compat.c: Arquivo ou diretório não encontrado.

Backtrace END
Memory content before bitflip:0x010x000x000x00
Fault Model: Double bit-flip
base address to flip value: 0x7fffffffd6a8
address max offset: 4
Memory content after  bitflip:0x040x000x000x00
frame name: _IO_vfscanf_internal
symbol name: _avail
symbol filename: vfscanf.c
symbol line: 358
value: 4
value address: 0x7fffffffd6a8
Type: The type is an integer type.
Type sizeof: 4

[INFO -- 2018-10-08 11:37:14]
Fault Injection Successful after 6.303385496139526s
[INFO -- 2018-10-08 11:37:28]
event type: exit
[INFO -- 2018-10-08 11:37:28]
exit code: 0
