[INFO -- 2018-10-16 20:25:57]
Starting flip_value script
version: 1.1
[INFO -- 2018-10-16 20:25:57]
Initialization strings:
[INFO -- 2018-10-16 20:25:57]
(1) file /home/latansini/Desktop/trabalhoftf/carol-fi/sample-code/inverse_nn/inversek2j_nn.out
[INFO -- 2018-10-16 20:25:57]
(2) set args /home/latansini/Desktop/trabalhoftf/carol-fi/sample-code/inverse_nn/input_250k /home/latansini/Desktop/trabalhoftf/carol-fi/sample-code/inverse_nn/output_falha.data
[INFO -- 2018-10-16 20:25:57]
initSignal:2
[INFO -- 2018-10-16 20:25:57]
endSignal:4
[INFO -- 2018-10-16 20:25:57]
faultModel:1
[EXCEPTION -- 2018-10-16 20:25:59]
gdbException: Tentativo de desreferenciar um ponteiro genérico.
[EXCEPTION -- 2018-10-16 20:25:59]
gdbException: Tentativo de desreferenciar um ponteiro genérico.
[EXCEPTION -- 2018-10-16 20:25:59]
gdbException: Tentativo de desreferenciar um ponteiro genérico.
[INFO -- 2018-10-16 20:25:59]
Backtrace BEGIN:
#0  __mpn_lshift () at ../sysdeps/x86_64/lshift.S:33
#1  0x00007ffff7012c6e in __GI_____strtof_l_internal (nptr=<optimized out>, endptr=<optimized out>, group=<optimized out>, loc=<optimized out>) at strtod_l.c:1451
#2  0x00007ffff7011d60 in __GI___strtof_internal (nptr=<optimized out>, endptr=<optimized out>, group=<optimized out>) at strtod.c:54
#3  0x00007ffff702b948 in _IO_vfscanf_internal (s=s@entry=0x608610, format=<optimized out>, argptr=argptr@entry=0x7fffffffd0d8, errp=errp@entry=0x0) at vfscanf.c:2365
#4  0x00007ffff7032162 in __isoc99_fscanf (stream=0x608610, format=<optimized out>) at isoc99_fscanf.c:34
#5  0x00007ffff7bcf187 in fann_create_from_fd () from /usr/local/lib/libfann.so.2
#6  0x00007ffff7bcf608 in fann_create_from_file () from /usr/local/lib/libfann.so.2
#7  0x000000000040199e in inversek2j(float, float, float*, float*) ()
#8  0x0000000000401631 in main ()

28	../sysdeps/x86_64/lshift.S: Arquivo ou diretório não encontrado.

Backtrace END
Memory content before bitflip:0x020x000x000x000x000x000x000x00
Fault Model: Double bit-flip
base address to flip value: 0x7fffffffcbc0
address max offset: 8
Memory content after  bitflip:0x020x000x000x000x000x000x0c0x00
frame name: __GI_____strtof_l_internal
symbol name: numsize
symbol filename: strtod_l.c
symbol line: 485
value: 3377699720527874
value address: 0x7fffffffcbc0
Type: The type is an integer type.
Type sizeof: 8

[INFO -- 2018-10-16 20:25:59]
Fault Injection Successful after 2.7049713134765625s
[INFO -- 2018-10-16 20:26:07]
event type: exit
[INFO -- 2018-10-16 20:26:07]
exit code: 0
