[INFO -- 2018-10-15 13:44:55]
Starting flip_value script
version: 1.1
[INFO -- 2018-10-15 13:44:55]
Initialization strings:
[INFO -- 2018-10-15 13:44:55]
(1) file /home/latansini/Desktop/trabalhoftf/carol-fi/sample-code/inverse_nn/inversek2j_nn.out
[INFO -- 2018-10-15 13:44:55]
(2) set args /home/latansini/Desktop/trabalhoftf/carol-fi/sample-code/inverse_nn/input_250k /home/latansini/Desktop/trabalhoftf/carol-fi/sample-code/inverse_nn/output_falha.data
[INFO -- 2018-10-15 13:44:55]
initSignal:0
[INFO -- 2018-10-15 13:44:55]
endSignal:2
[INFO -- 2018-10-15 13:44:55]
faultModel:0
[INFO -- 2018-10-15 13:44:56]
Backtrace BEGIN:
#0  0x00007ffff7012362 in round_away (mode=0, more_bits=true, half_bit=true, last_digit_odd=false, negative=false) at ../include/rounding-mode.h:52
#1  round_and_return (retval=0x7fffffffd110, exponent=0, negative=negative@entry=0, round_limb=round_limb@entry=2991803634338657338, round_bit=<optimized out>, more_bits=1) at strtod_l.c:296
#2  0x00007ffff7013332 in __GI_____strtof_l_internal (nptr=<optimized out>, endptr=<optimized out>, group=<optimized out>, loc=<optimized out>) at strtod_l.c:1613
#3  0x00007ffff7936d5e in void std::__convert_to_v<float>(char const*, float&, std::_Ios_Iostate&, __locale_struct* const&) () from /usr/lib/x86_64-linux-gnu/libstdc++.so.6
#4  0x00007ffff794a706 in std::num_get<char, std::istreambuf_iterator<char, std::char_traits<char> > >::do_get(std::istreambuf_iterator<char, std::char_traits<char> >, std::istreambuf_iterator<char, std::char_traits<char> >, std::ios_base&, std::_Ios_Iostate&, float&) const () from /usr/lib/x86_64-linux-gnu/libstdc++.so.6
#5  0x00007ffff793b0d5 in std::istream& std::istream::_M_extract<float>(float&) () from /usr/lib/x86_64-linux-gnu/libstdc++.so.6
#6  0x0000000000401470 in main ()

47	../include/rounding-mode.h: Arquivo ou diretório não encontrado.

Backtrace END
Fliping array at pos: 4
Memory content before bitflip:0x73
Fault Model: Single bit-flip
base address to flip value: 0x7ffff715cb84  
address max offset: 1
Memory content after  bitflip:0x77
frame name: __GI_____strtof_l_internal
symbol name: __PRETTY_FUNCTION__
symbol filename: strtof_l.c
symbol line: 0
value: "____wtrtof_l_internal"
value address: 0x7ffff715cb80 <__PRETTY_FUNCTION__.11547>
Type: The type is an array.
Type sizeof: 22
Field name: None
Field Type: A range type, that is, an integer type with bounds.
Field Type sizeof: 8
Field Type range: (0, 21)

[INFO -- 2018-10-15 13:44:56]
Fault Injection Successful after 1.001985788345337s
[INFO -- 2018-10-15 13:45:06]
event type: exit
[INFO -- 2018-10-15 13:45:06]
exit code: 0
