[INFO -- 2018-10-10 19:30:21]
sending 5 signals using command: 'killall -2 fft_nn.out' after 23.3682056692s
[INFO -- 2018-10-10 19:30:21]
sending 5 signals using command: 'killall -2 fft_nn.out' after 23.9062052612s
[INFO -- 2018-10-10 19:30:21]
sending 5 signals using command: 'killall -2 fft_nn.out' after 24.2628040304s
[INFO -- 2018-10-10 19:30:22]
Starting GDB script
[INFO -- 2018-10-10 19:30:22]
initSignal:0.0
[INFO -- 2018-10-10 19:30:22]
endSignal:5.0
[INFO -- 2018-10-10 19:30:23]
sending 5 signals using command: 'killall -2 fft_nn.out' after 1.0098242717s
[INFO -- 2018-10-10 19:30:24]
sending 5 signals using command: 'killall -2 fft_nn.out' after 2.48064129345s
[INFO -- 2018-10-10 19:30:25]
sending 5 signals using command: 'killall -2 fft_nn.out' after 3.61404642513s
[INFO -- 2018-10-10 19:30:42]
Execution finished before waitTime
