[INFO -- 2018-10-10 22:09:04]
sending 5 signals using command: 'killall -2 fft_nn.out' after 22.3032182359s
[INFO -- 2018-10-10 22:09:05]
sending 5 signals using command: 'killall -2 fft_nn.out' after 22.9647963042s
[INFO -- 2018-10-10 22:09:06]
sending 5 signals using command: 'killall -2 fft_nn.out' after 23.761967929s
[INFO -- 2018-10-10 22:09:06]
Starting GDB script
[INFO -- 2018-10-10 22:09:06]
initSignal:0.0
[INFO -- 2018-10-10 22:09:06]
endSignal:5.0
[INFO -- 2018-10-10 22:09:06]
sending 5 signals using command: 'killall -2 fft_nn.out' after 0.118504849589s
[INFO -- 2018-10-10 22:09:08]
sending 5 signals using command: 'killall -2 fft_nn.out' after 2.22764672074s
[INFO -- 2018-10-10 22:09:08]
sending 5 signals using command: 'killall -2 fft_nn.out' after 2.51559643298s
[INFO -- 2018-10-10 22:09:27]
Execution finished before waitTime
