[INFO -- 2018-10-10 21:27:16]
sending 5 signals using command: 'killall -2 fft_nn.out' after 21.5830703644s
[INFO -- 2018-10-10 21:27:18]
sending 5 signals using command: 'killall -2 fft_nn.out' after 23.3513609728s
[INFO -- 2018-10-10 21:27:19]
sending 5 signals using command: 'killall -2 fft_nn.out' after 24.2919603404s
[INFO -- 2018-10-10 21:27:19]
Starting GDB script
[INFO -- 2018-10-10 21:27:19]
initSignal:0.0
[INFO -- 2018-10-10 21:27:19]
endSignal:5.0
[INFO -- 2018-10-10 21:27:20]
sending 5 signals using command: 'killall -2 fft_nn.out' after 0.907988801196s
[INFO -- 2018-10-10 21:27:22]
sending 5 signals using command: 'killall -2 fft_nn.out' after 2.31621631751s
[INFO -- 2018-10-10 21:27:23]
sending 5 signals using command: 'killall -2 fft_nn.out' after 3.87553687182s
[INFO -- 2018-10-10 21:27:40]
Execution finished before waitTime
