[INFO -- 2018-10-19 08:51:33]
Starting flip_value script
version: 1.1
[INFO -- 2018-10-19 08:51:33]
Initialization strings:
[INFO -- 2018-10-19 08:51:33]
(1) file /home/latansini/Desktop/trabalhoftf/carol-fi/sample-code/knn/nn-knl-files/nn
[INFO -- 2018-10-19 08:51:33]
(2) set args /home/latansini/Desktop/trabalhoftf/carol-fi/sample-code/knn/nn-knl-files/filelist 15 25 25 /home/latansini/Desktop/trabalhoftf/carol-fi/sample-code/knn/nn-knl-files/out15_25_25
[INFO -- 2018-10-19 08:51:33]
initSignal:4
[INFO -- 2018-10-19 08:51:33]
endSignal:5
[INFO -- 2018-10-19 08:51:33]
faultModel:4
[EXCEPTION -- 2018-10-19 08:51:37]
pythonException: invalid frame
[INFO -- 2018-10-19 08:51:37]
Backtrace BEGIN:
#0  __GI_____strtod_l_internal (nptr=<optimized out>, endptr=<optimized out>, group=<optimized out>, loc=<optimized out>) at strtod_l.c:1516
#1  0x000000000040152c in main._omp_fn.0 () at nn.c:119
#2  0x0000000000401193 in main (argc=6, argv=0x7fffffffd8b8) at nn.c:115

1511	strtod_l.c: Arquivo ou diretório não encontrado.

Backtrace END
Fliping a bit of the value pointed by a pointer
Memory content before bitflip:0x510x810x030x42
Fault Model: LSB bit-flip
base address to flip value: 0x603880
address max offset: 4
Memory content after  bitflip:0x510x810x030x62
frame name: main._omp_fn.0
symbol name: z
symbol filename: nn.c
symbol line: 80
value: 0x603880
value address: 0x7fffffffd568
Type: The type is a pointer.
Type sizeof: 8

[INFO -- 2018-10-19 08:51:37]
Fault Injection Successful after 4.031964302062988s
[INFO -- 2018-10-19 08:51:38]
event type: exit
[INFO -- 2018-10-19 08:51:38]
exit code: 0
