[INFO -- 2018-12-01 00:54:26]
Starting flip_value script
version: 1.1
[INFO -- 2018-12-01 00:54:26]
Initialization strings:
[INFO -- 2018-12-01 00:54:26]
(1) file /home/lignati/carol-fi/codes/inversefulldup/inversek2j.nn.out
[INFO -- 2018-12-01 00:54:26]
(2) set args /home/lignati/carol-fi/codes/inversefulldup/input_250k /home/lignati/carol-fi/codes/inversefulldup/output_falha.data
[INFO -- 2018-12-01 00:54:26]
initSignal:0
[INFO -- 2018-12-01 00:54:26]
endSignal:25
[INFO -- 2018-12-01 00:54:26]
faultModel:3
[EXCEPTION -- 2018-12-01 00:54:27]
gdbException: Attempt to dereference a generic pointer.
[INFO -- 2018-12-01 00:54:27]
Backtrace BEGIN:
#0  __mpn_lshift () at ../sysdeps/x86_64/lshift.S:29
#1  0x00007ffff7015014 in __GI_____strtof_l_internal (nptr=<optimized out>, endptr=<optimized out>, group=<optimized out>, loc=<optimized out>) at strtod_l.c:1516
#2  0x00007ffff7935d5e in void std::__convert_to_v<float>(char const*, float&, std::_Ios_Iostate&, __locale_struct* const&) () from /usr/lib/x86_64-linux-gnu/libstdc++.so.6
#3  0x00007ffff7949706 in std::num_get<char, std::istreambuf_iterator<char, std::char_traits<char> > >::do_get(std::istreambuf_iterator<char, std::char_traits<char> >, std::istreambuf_iterator<char, std::char_traits<char> >, std::ios_base&, std::_Ios_Iostate&, float&) const () from /usr/lib/x86_64-linux-gnu/libstdc++.so.6
#4  0x00007ffff793a0d5 in std::istream& std::istream::_M_extract<float>(float&) () from /usr/lib/x86_64-linux-gnu/libstdc++.so.6
#5  0x00000000004015d9 in main ()

24	../sysdeps/x86_64/lshift.S: No such file or directory.

Backtrace END
Fliping array at pos: 4
Memory content before bitflip:0x3f0xd00xff0xff0xff0x7f0x000x00
Fault Model: Zero bit-flip
base address to flip value: 0x7fffffffcfc0
address max offset: 8
Memory content after  bitflip:0x000x000x000x000x000x000x000x00
frame name: __GI_____strtof_l_internal
symbol name: den
symbol filename: strtod_l.c
symbol line: 494
value: {17592186044416000000, 9, 140737343353784, 140737488343024, 0, 140737346899373, 140737488343008, 32, 0, 4294967295}
value address: 0x7fffffffcfa0
Type: The type is an array.
Type sizeof: 80
Field name: None
Field Type: A range type, that is, an integer type with bounds.
Field Type sizeof: 8
Field Type range: (0, 9)

[INFO -- 2018-12-01 00:54:27]
Fault Injection Successful after 1.1809558868408203s
[INFO -- 2018-12-01 00:54:52]
event type: exit
[INFO -- 2018-12-01 00:54:52]
exit code: 0
