[INFO -- 2018-10-09 09:36:46]
sending 5 signals using command: 'killall -2 fft_nn.out' after 21.8030582823s
[INFO -- 2018-10-09 09:36:48]
sending 5 signals using command: 'killall -2 fft_nn.out' after 23.7735432355s
[INFO -- 2018-10-09 09:36:48]
sending 5 signals using command: 'killall -2 fft_nn.out' after 23.8765389215s
[INFO -- 2018-10-09 09:36:48]
Starting GDB script
[INFO -- 2018-10-09 09:36:48]
initSignal:0.0
[INFO -- 2018-10-09 09:36:48]
endSignal:5.0
[INFO -- 2018-10-09 09:36:48]
sending 5 signals using command: 'killall -2 fft_nn.out' after 0.48326367398s
[INFO -- 2018-10-09 09:36:52]
sending 5 signals using command: 'killall -2 fft_nn.out' after 4.12476949367s
[INFO -- 2018-10-09 09:36:53]
sending 5 signals using command: 'killall -2 fft_nn.out' after 4.97829176263s
[INFO -- 2018-10-09 09:37:09]
Execution finished before waitTime
