[INFO -- 2018-10-11 07:23:28]
sending 5 signals using command: 'killall -2 fft_nn.out' after 21.928135196s
[INFO -- 2018-10-11 07:23:29]
sending 5 signals using command: 'killall -2 fft_nn.out' after 22.9332735771s
[INFO -- 2018-10-11 07:23:31]
sending 5 signals using command: 'killall -2 fft_nn.out' after 24.1155636337s
[INFO -- 2018-10-11 07:23:31]
Starting GDB script
[INFO -- 2018-10-11 07:23:31]
initSignal:0.0
[INFO -- 2018-10-11 07:23:31]
endSignal:5.0
[INFO -- 2018-10-11 07:23:32]
sending 5 signals using command: 'killall -2 fft_nn.out' after 1.0652829566s
[INFO -- 2018-10-11 07:23:32]
sending 5 signals using command: 'killall -2 fft_nn.out' after 1.22724969982s
[INFO -- 2018-10-11 07:23:34]
sending 5 signals using command: 'killall -2 fft_nn.out' after 3.49910925808s
[INFO -- 2018-10-11 07:23:52]
Execution finished before waitTime
