[INFO -- 2018-10-09 12:01:37]
sending 5 signals using command: 'killall -2 fft_nn.out' after 21.1870266769s
[INFO -- 2018-10-09 12:01:37]
sending 5 signals using command: 'killall -2 fft_nn.out' after 21.3808767023s
[INFO -- 2018-10-09 12:01:40]
sending 5 signals using command: 'killall -2 fft_nn.out' after 23.8785157166s
[INFO -- 2018-10-09 12:01:40]
Starting GDB script
[INFO -- 2018-10-09 12:01:40]
initSignal:0.0
[INFO -- 2018-10-09 12:01:40]
endSignal:5.0
[INFO -- 2018-10-09 12:01:43]
sending 5 signals using command: 'killall -2 fft_nn.out' after 2.69307124109s
[INFO -- 2018-10-09 12:01:43]
sending 5 signals using command: 'killall -2 fft_nn.out' after 2.73237605343s
[INFO -- 2018-10-09 12:01:44]
sending 5 signals using command: 'killall -2 fft_nn.out' after 4.41321214734s
[INFO -- 2018-10-09 12:02:01]
Execution finished before waitTime
