[INFO -- 2018-12-02 00:00:37]
Starting flip_value script
version: 1.1
[INFO -- 2018-12-02 00:00:37]
Initialization strings:
[INFO -- 2018-12-02 00:00:37]
(1) file /home/latansini/Desktop/CAROL-FI/etapa2/carol-fi/codes/fftfulldup/fft_nn.out
[INFO -- 2018-12-02 00:00:37]
(2) set args 32768 /home/latansini/Desktop/CAROL-FI/etapa2/carol-fi/codes/fftfulldup/output.data
[INFO -- 2018-12-02 00:00:37]
initSignal:0
[INFO -- 2018-12-02 00:00:37]
endSignal:40
[INFO -- 2018-12-02 00:00:37]
faultModel:3
[INFO -- 2018-12-02 00:00:49]
Backtrace BEGIN:
#0  0x00007ffff704f567 in munmap () at ../sysdeps/unix/syscall-template.S:81
#1  0x00007ffff6fd2472 in __GI__IO_setb (f=f@entry=0x618f00, b=b@entry=0x0, eb=eb@entry=0x0, a=a@entry=0) at genops.c:401
#2  0x00007ffff6fd0bb0 in _IO_new_file_close_it (fp=fp@entry=0x618f00) at fileops.c:185
#3  0x00007ffff6fc4a50 in _IO_new_fclose (fp=0x618f00) at iofclose.c:59
#4  0x00007ffff7bcf613 in fann_create_from_file () from /usr/local/lib/libfann.so.2
#5  0x0000000000401de7 in radix2DitCooleyTykeyFft(int, int*, Complex*, Complex*) ()
#6  0x0000000000401857 in main ()

76	../sysdeps/unix/syscall-template.S: Arquivo ou diretório não encontrado.

Backtrace END
Fliping value of field: cnt
Memory content before bitflip:0x000x000x000x00
Fault Model: Zero bit-flip
base address to flip value: 0x7ffff731b9c4 
address max offset: 4
Memory content after  bitflip:0x000x000x000x00
frame name: __GI__IO_setb
symbol name: list_all_lock
symbol filename: genops.c
symbol line: 38
value: {lock = 0, cnt = 0, owner = 0x0}
value address: 0x7ffff731b9c0 <list_all_lock>
Type: The type is a structure.
Type sizeof: 16
Field name: lock
Field Type: The type is an integer type.
Field Type sizeof: 4
Field name: cnt
Field Type: The type is an integer type.
Field Type sizeof: 4
Field name: owner
Field Type: The type is a pointer.
Field Type sizeof: 8

[INFO -- 2018-12-02 00:00:49]
Fault Injection Successful after 12.377540349960327s
[INFO -- 2018-12-02 00:01:16]
event type: exit
[INFO -- 2018-12-02 00:01:16]
exit code: 0
