[INFO -- 2018-12-09 15:57:19]
Starting flip_value script
version: 1.1
[INFO -- 2018-12-09 15:57:19]
Initialization strings:
[INFO -- 2018-12-09 15:57:19]
(1) file /home/melkor/ETAPA2/dup_nn/nn-knl-files/nn
[INFO -- 2018-12-09 15:57:19]
(2) set args /home/melkor/ETAPA2/dup_nn/nn-knl-files/filelist 20 5 5 /home/melkor/ETAPA2/dup_nn/nn-knl-files/out20_5_5
[INFO -- 2018-12-09 15:57:19]
initSignal:0
[INFO -- 2018-12-09 15:57:19]
endSignal:1
[INFO -- 2018-12-09 15:57:19]
faultModel:1
[EXCEPTION -- 2018-12-09 15:57:19]
gdbException: Tentativo de desreferenciar um ponteiro genérico.
[EXCEPTION -- 2018-12-09 15:57:19]
gdbException: Tentativo de desreferenciar um ponteiro genérico.
[INFO -- 2018-12-09 15:57:19]
event type: exit
[INFO -- 2018-12-09 15:57:19]
exit code: 1
