[INFO -- 2018-10-06 06:44:22]
Starting flip_value script
version: 1.1
[INFO -- 2018-10-06 06:44:22]
Initialization strings:
[INFO -- 2018-10-06 06:44:22]
(1) file /tmp/fft_nn/fft_nn.out
[INFO -- 2018-10-06 06:44:22]
(2) set args 32768 /tmp/fft_nn/output_falha.data
[INFO -- 2018-10-06 06:44:22]
initSignal:0
[INFO -- 2018-10-06 06:44:22]
endSignal:5
[INFO -- 2018-10-06 06:44:22]
faultModel:0
[INFO -- 2018-10-06 06:44:22]
Backtrace BEGIN:
#0  _IO_vfscanf_internal (s=s@entry=0x6062c0, format=<optimized out>, argptr=argptr@entry=0x7fffffffd8c8, errp=errp@entry=0x0) at vfscanf.c:2119
#1  0x00007ffff7032162 in __isoc99_fscanf (stream=0x6062c0, format=<optimized out>) at isoc99_fscanf.c:34
#2  0x00007ffff7bcf187 in fann_create_from_fd () from /usr/local/lib/libfann.so.2
#3  0x00007ffff7bcf608 in fann_create_from_file () from /usr/local/lib/libfann.so.2
#4  0x00000000004019b7 in radix2DitCooleyTykeyFft(int, int*, Complex*, Complex*) ()
#5  0x0000000000401631 in main ()

2114	vfscanf.c: Arquivo ou diretório não encontrado.

Backtrace END
Memory content before bitflip:0x000x000x000x00
Fault Model: Single bit-flip
base address to flip value: 0x7fffffffd690
address max offset: 4
Memory content after  bitflip:0x000x010x000x00
frame name: _IO_vfscanf_internal
symbol name: flags
symbol filename: vfscanf.c
symbol line: 222
value: 256
value address: 0x7fffffffd690
Type: The type is an integer type.
Type sizeof: 4

[INFO -- 2018-10-06 06:44:22]
Fault Injection Successful after 0.6422505378723145s
[INFO -- 2018-10-06 06:44:42]
event type: exit
[INFO -- 2018-10-06 06:44:42]
exit code: 0
