[INFO -- 2018-10-12 05:09:16]
sending 5 signals using command: 'killall -2 fft_nn.out' after 23.0066898759s
[INFO -- 2018-10-12 05:09:16]
sending 5 signals using command: 'killall -2 fft_nn.out' after 23.2591684158s
[INFO -- 2018-10-12 05:09:18]
sending 5 signals using command: 'killall -2 fft_nn.out' after 24.797448489s
[INFO -- 2018-10-12 05:09:18]
Starting GDB script
[INFO -- 2018-10-12 05:09:18]
initSignal:0.0
[INFO -- 2018-10-12 05:09:18]
endSignal:5.0
[INFO -- 2018-10-12 05:09:18]
sending 5 signals using command: 'killall -2 fft_nn.out' after 0.45731613105s
[INFO -- 2018-10-12 05:09:18]
sending 5 signals using command: 'killall -2 fft_nn.out' after 0.654797207435s
[INFO -- 2018-10-12 05:09:21]
sending 5 signals using command: 'killall -2 fft_nn.out' after 3.25857055041s
[INFO -- 2018-10-12 05:09:39]
Execution finished before waitTime
