[INFO -- 2018-10-10 01:24:32]
sending 5 signals using command: 'killall -2 fft_nn.out' after 21.9095693591s
[INFO -- 2018-10-10 01:24:34]
sending 5 signals using command: 'killall -2 fft_nn.out' after 24.1902976889s
[INFO -- 2018-10-10 01:24:34]
sending 5 signals using command: 'killall -2 fft_nn.out' after 24.6564659911s
[INFO -- 2018-10-10 01:24:35]
Starting GDB script
[INFO -- 2018-10-10 01:24:35]
initSignal:0.0
[INFO -- 2018-10-10 01:24:35]
endSignal:5.0
[INFO -- 2018-10-10 01:24:35]
sending 5 signals using command: 'killall -2 fft_nn.out' after 0.0361872672108s
[INFO -- 2018-10-10 01:24:36]
sending 5 signals using command: 'killall -2 fft_nn.out' after 1.58643691189s
[INFO -- 2018-10-10 01:24:39]
sending 5 signals using command: 'killall -2 fft_nn.out' after 4.51843396573s
[INFO -- 2018-10-10 01:24:55]
Execution finished before waitTime
