[INFO -- 2018-11-30 12:08:40]
Starting flip_value script
version: 1.1
[INFO -- 2018-11-30 12:08:40]
Initialization strings:
[INFO -- 2018-11-30 12:08:40]
(1) file /home/latansini/Desktop/CAROL-FI/etapa2/carol-fi/codes/fftfulldup/fft_nn.out
[INFO -- 2018-11-30 12:08:40]
(2) set args 32768 /home/latansini/Desktop/CAROL-FI/etapa2/carol-fi/codes/fftfulldup/output.data
[INFO -- 2018-11-30 12:08:40]
initSignal:0
[INFO -- 2018-11-30 12:08:40]
endSignal:40
[INFO -- 2018-11-30 12:08:40]
faultModel:3
[INFO -- 2018-11-30 12:08:49]
Backtrace BEGIN:
#0  0x00007ffff7046360 in __read_nocancel () at ../sysdeps/unix/syscall-template.S:81
#1  0x00007ffff6fd15b0 in _IO_new_file_underflow (fp=0x618f00) at fileops.c:613
#2  0x00007ffff6fd253e in __GI__IO_default_uflow (fp=0x618f00) at genops.c:435
#3  0x00007ffff6fb2de9 in _IO_vfscanf_internal (s=s@entry=0x618f00, format=<optimized out>, argptr=argptr@entry=0x7fffffffd2a8, errp=errp@entry=0x0) at vfscanf.c:2936
#4  0x00007ffff6fb5162 in __isoc99_fscanf (stream=0x618f00, format=<optimized out>) at isoc99_fscanf.c:34
#5  0x00007ffff7bcf187 in fann_create_from_fd () from /usr/local/lib/libfann.so.2
#6  0x00007ffff7bcf608 in fann_create_from_file () from /usr/local/lib/libfann.so.2
#7  0x0000000000401de7 in radix2DitCooleyTykeyFft(int, int*, Complex*, Complex*) ()
#8  0x0000000000401857 in main ()

76	../sysdeps/unix/syscall-template.S: Arquivo ou diretório não encontrado.

Backtrace END
Fliping array at pos: 0
Fliping value of field: gp_offset
Memory content before bitflip:0x200x000x000x00
Fault Model: Zero bit-flip
base address to flip value: 0x7fffffffd100
address max offset: 4
Memory content after  bitflip:0x000x000x000x00
frame name: _IO_vfscanf_internal
symbol name: arg
symbol filename: vfscanf.c
symbol line: 215
value: {{gp_offset = 0, fp_offset = 48, overflow_arg_area = 0x7fffffffd380, reg_save_area = 0x7fffffffd2c0}}
value address: 0x7fffffffd100
Type: The type is an array.
Type sizeof: 24

[INFO -- 2018-11-30 12:08:49]
Fault Injection Successful after 9.919159650802612s
[INFO -- 2018-11-30 12:09:20]
event type: exit
[INFO -- 2018-11-30 12:09:20]
exit code: 0
