[INFO -- 2018-10-07 14:22:13]
sending 5 signals using command: 'killall -2 fft_nn.out' after 21.9499834554s
[INFO -- 2018-10-07 14:22:14]
sending 5 signals using command: 'killall -2 fft_nn.out' after 23.2724374755s
[INFO -- 2018-10-07 14:22:16]
sending 5 signals using command: 'killall -2 fft_nn.out' after 24.759045519s
[INFO -- 2018-10-07 14:22:16]
Starting GDB script
[INFO -- 2018-10-07 14:22:16]
initSignal:0.0
[INFO -- 2018-10-07 14:22:16]
endSignal:5.0
[INFO -- 2018-10-07 14:22:19]
sending 5 signals using command: 'killall -2 fft_nn.out' after 2.85732155611s
[INFO -- 2018-10-07 14:22:19]
sending 5 signals using command: 'killall -2 fft_nn.out' after 3.37777365642s
[INFO -- 2018-10-07 14:22:19]
sending 5 signals using command: 'killall -2 fft_nn.out' after 3.47961959852s
[INFO -- 2018-10-07 14:22:36]
Execution finished before waitTime
