[INFO -- 2018-10-06 12:50:10]
sending 5 signals using command: 'killall -2 fft_nn.out' after 21.6087615247s
[INFO -- 2018-10-06 12:50:11]
sending 5 signals using command: 'killall -2 fft_nn.out' after 22.4227015188s
[INFO -- 2018-10-06 12:50:14]
sending 5 signals using command: 'killall -2 fft_nn.out' after 24.9936438991s
[INFO -- 2018-10-06 12:50:14]
Starting GDB script
[INFO -- 2018-10-06 12:50:14]
initSignal:0.0
[INFO -- 2018-10-06 12:50:14]
endSignal:5.0
[INFO -- 2018-10-06 12:50:15]
sending 5 signals using command: 'killall -2 fft_nn.out' after 0.991581924578s
[INFO -- 2018-10-06 12:50:16]
sending 5 signals using command: 'killall -2 fft_nn.out' after 2.43229552594s
[INFO -- 2018-10-06 12:50:17]
sending 5 signals using command: 'killall -2 fft_nn.out' after 2.9852628824s
[INFO -- 2018-10-06 12:50:34]
Execution finished before waitTime
