[INFO -- 2018-10-18 22:58:04]
Starting flip_value script
version: 1.1
[INFO -- 2018-10-18 22:58:04]
Initialization strings:
[INFO -- 2018-10-18 22:58:04]
(1) file /home/latansini/Desktop/trabalhoftf/carol-fi/sample-code/knn/nn-knl-files/nn
[INFO -- 2018-10-18 22:58:04]
(2) set args /home/latansini/Desktop/trabalhoftf/carol-fi/sample-code/knn/nn-knl-files/filelist 15 25 25 /home/latansini/Desktop/trabalhoftf/carol-fi/sample-code/knn/nn-knl-files/out15_25_25
[INFO -- 2018-10-18 22:58:04]
initSignal:0
[INFO -- 2018-10-18 22:58:04]
endSignal:1
[INFO -- 2018-10-18 22:58:04]
faultModel:0
[EXCEPTION -- 2018-10-18 22:58:04]
pythonException: invalid frame
[EXCEPTION -- 2018-10-18 22:58:04]
pythonException: invalid frame
[INFO -- 2018-10-18 22:58:04]
Backtrace BEGIN:
#0  __memcpy_sse2 () at ../sysdeps/x86_64/multiarch/../memcpy.S:108
#1  0x00007ffff72ff9dc in __GI_____strtod_l_internal (nptr=<optimized out>, endptr=<optimized out>, group=<optimized out>, loc=<optimized out>) at strtod_l.c:1403
#2  0x000000000040150f in main._omp_fn.0 () at nn.c:118
#3  0x0000000000401193 in main (argc=6, argv=0x7fffffffd8b8) at nn.c:115

103	../sysdeps/x86_64/multiarch/../memcpy.S: Arquivo ou diretório não encontrado.

Backtrace END
Memory content before bitflip:0x000x000x000x00
Fault Model: Single bit-flip
base address to flip value: 0x7fffffffd010
address max offset: 4
Memory content after  bitflip:0x000x010x000x00
frame name: __GI_____strtod_l_internal
symbol name: negative
symbol filename: strtod_l.c
symbol line: 484
value: 256
value address: 0x7fffffffd010
Type: The type is an integer type.
Type sizeof: 4

[INFO -- 2018-10-18 22:58:04]
Fault Injection Successful after 0.6530449390411377s
[INFO -- 2018-10-18 22:58:09]
event type: exit
[INFO -- 2018-10-18 22:58:09]
exit code: 0
