[INFO -- 2018-10-18 15:14:14]
Starting flip_value script
version: 1.1
[INFO -- 2018-10-18 15:14:14]
Initialization strings:
[INFO -- 2018-10-18 15:14:14]
(1) file /home/latansini/Desktop/trabalhoftf/carol-fi/sample-code/knn/nn-knl-files/nn
[INFO -- 2018-10-18 15:14:14]
(2) set args /home/latansini/Desktop/trabalhoftf/carol-fi/sample-code/knn/nn-knl-files/filelist 15 25 25 /home/latansini/Desktop/trabalhoftf/carol-fi/sample-code/knn/nn-knl-files/out15_25_25
[INFO -- 2018-10-18 15:14:14]
initSignal:4
[INFO -- 2018-10-18 15:14:14]
endSignal:5
[INFO -- 2018-10-18 15:14:14]
faultModel:4
[EXCEPTION -- 2018-10-18 15:14:18]
pythonException: invalid literal for int() with base 16: '0x7ffff7ff6000 ...'
[EXCEPTION -- 2018-10-18 15:14:18]
pythonException: invalid frame
[EXCEPTION -- 2018-10-18 15:14:18]
pythonException: invalid frame
[EXCEPTION -- 2018-10-18 15:14:18]
pythonException: invalid frame
[INFO -- 2018-10-18 15:14:18]
Backtrace BEGIN:
#0  0x00007ffff78bdc2e in ?? () from /usr/lib/x86_64-linux-gnu/libgomp.so.1
#1  0x00007ffff78bc0e2 in ?? () from /usr/lib/x86_64-linux-gnu/libgomp.so.1
#2  0x0000000000401184 in main (argc=6, argv=0x7fffffffd8b8) at nn.c:115

30	    FILE   *flist,*fp;
31	    int    i=0,j=0, k=0, rec_count=0, done=0;
32	    char   sandbox[REC_LENGTH * REC_WINDOW], *rec_iter,*rec_iter2, dbname[64];
33	    struct neighbor *neighbors = NULL;
34	    float target_lat, target_long, tmp_lat=0, tmp_long=0;
35	    char * gold_filename;
36	    long rec_sum = 0;
37	
38	    if(argc < 6) {
39	        fprintf(stderr, "Invalid set of arguments:\n");

Backtrace END
Memory content before bitflip:0x0a0x000x000x00
Fault Model: LSB bit-flip
base address to flip value: 0x7fffffffd4fc
address max offset: 4
Memory content after  bitflip:0x0a0x000x000x01
frame name: main
symbol name: i
symbol filename: nn.c
symbol line: 31
value: 16777226
value address: 0x7fffffffd4fc
Type: The type is an integer type.
Type sizeof: 4

[INFO -- 2018-10-18 15:14:18]
Fault Injection Successful after 4.833521604537964s
[INFO -- 2018-10-18 15:14:19]
event type: exit
[INFO -- 2018-10-18 15:14:19]
exit code: 0
