[INFO -- 2018-10-10 18:18:56]
Starting flip_value script
version: 1.1
[INFO -- 2018-10-10 18:18:56]
Initialization strings:
[INFO -- 2018-10-10 18:18:56]
(1) file /tmp/fft_nn/fft_nn.out
[INFO -- 2018-10-10 18:18:56]
(2) set args 32768 /tmp/fft_nn/output_falha.data
[INFO -- 2018-10-10 18:18:56]
initSignal:15
[INFO -- 2018-10-10 18:18:56]
endSignal:20
[INFO -- 2018-10-10 18:18:56]
faultModel:3
[INFO -- 2018-10-10 18:19:12]
Backtrace BEGIN:
#0  0x00007ffff702ae25 in _IO_vfscanf_internal (s=s@entry=0x6062c0, format=<optimized out>, argptr=argptr@entry=0x7fffffffd408, errp=errp@entry=0x0) at vfscanf.c:2018
#1  0x00007ffff7032162 in __isoc99_fscanf (stream=0x6062c0, format=<optimized out>) at isoc99_fscanf.c:34
#2  0x00007ffff7bcf187 in fann_create_from_fd () from /usr/local/lib/libfann.so.2
#3  0x00007ffff7bcf608 in fann_create_from_file () from /usr/local/lib/libfann.so.2
#4  0x00000000004019b7 in radix2DitCooleyTykeyFft(int, int*, Complex*, Complex*) ()
#5  0x0000000000401631 in main ()

2013	vfscanf.c: Arquivo ou diretório não encontrado.

Backtrace END
Memory content before bitflip:0x65
Fault Model: Zero bit-flip
base address to flip value: 0x7fffffffd160 
address max offset: 1
Memory content after  bitflip:0x00
frame name: _IO_vfscanf_internal
symbol name: not_in
symbol filename: vfscanf.c
symbol line: 234
value: 0 '\000'
value address: 0x7fffffffd160 ""
Type: The type is an integer type.
Type sizeof: 1

[INFO -- 2018-10-10 18:19:12]
Fault Injection Successful after 16.208510875701904s
[INFO -- 2018-10-10 18:19:16]
event type: exit
[INFO -- 2018-10-10 18:19:16]
exit code: 0
