[INFO -- 2018-10-11 18:23:36]
sending 5 signals using command: 'killall -2 fft_nn.out' after 23.2797421484s
[INFO -- 2018-10-11 18:23:36]
sending 5 signals using command: 'killall -2 fft_nn.out' after 23.8233282339s
[INFO -- 2018-10-11 18:23:37]
sending 5 signals using command: 'killall -2 fft_nn.out' after 24.1686114205s
[INFO -- 2018-10-11 18:23:37]
Starting GDB script
[INFO -- 2018-10-11 18:23:37]
initSignal:0.0
[INFO -- 2018-10-11 18:23:37]
endSignal:5.0
[INFO -- 2018-10-11 18:23:39]
sending 5 signals using command: 'killall -2 fft_nn.out' after 2.74103864693s
[INFO -- 2018-10-11 18:23:40]
sending 5 signals using command: 'killall -2 fft_nn.out' after 3.29188898646s
[INFO -- 2018-10-11 18:23:40]
sending 5 signals using command: 'killall -2 fft_nn.out' after 3.76710272092s
[INFO -- 2018-10-11 18:23:58]
Execution finished before waitTime
