[19]: ÿ 1989  2  9  0  1 GORDON      7.1   4.6   83  398
[18]:  2004  7  4  0 13 WILLIAM     7.1   5.8   46  355
[17]:   2 12 12 27 ALBERTO     7.2   5.8  114  655 1996 11 23  6 22 DEBBY       7.0   5.9   76   11
[16]:   7  4  0 13 WILLIAM     7.1   5.8   46  355 1987  8  9 18  7 HELENE      7.0   5.1   38  562
[15]:  11 23  6 22 DEBBY       7.0   5.9   76   11 1987  7 22 12 26 ISAAC       7.1   5.7  137  580
[14]:   8  9 18  7 HELENE      7.0   5.1   38  562 1984  8 17  6 26 NADINE      7.1   4.5   38   58
[13]:   7 22 12 26 ISAAC       7.1   5.7  137  580 1979  7  3  6 24 BERYL       7.3   4.8  143   77
[12]:   8 17  6 26 NADINE      7.1   4.5   38   58 1977  8 24  0 16 SANDY       7.1   4.1  153  341
[11]:   2  2 18 27 JOYCE       7.3   5.7   51  209 1988  2 14 18 24 GORDON      7.0   6.1   37  617
[10]:   8 24  0 16 SANDY       7.1   4.1  153  341 1991  7 24  0 22 RAFAEL      7.2   4.8   79  482
[9]:   2 14 18 24 GORDON      7.0   6.1   37  617 1981 10 16 18 28 KIRK        7.2   5.6   81  406
[8]:   7 24  0 22 RAFAEL      7.2   4.8   79  482 1993  5 11  6 15 RAFAEL      7.2   4.5   41  322
[7]:   9 28 12  1 MICHAEL     7.2   4.1  107  478 1998  9  5 12  5 PATTY       7.0   6.0   39   51
[6]:   5 11  6 15 RAFAEL      7.2   4.5   41  322 2003  5 11  0 17 NADINE      7.0   5.9   83  638
[5]:  10 25  6 23 WILLIAM     7.3   5.3  107  232 1991 12 27  6  3 ISAAC       7.0   4.1  118  263
[4]:   4 24 12 18 NADINE      7.2   5.9  164  694 1964  2 13  0 22 KIRK        7.1   4.8  119  506
[3]:  12 27  6  3 ISAAC       7.0   4.1  118  263 1971 10  4 12  8 KIRK        7.1   5.9   54   36
[2]:   2 13  0 22 KIRK        7.1   4.8  119  506 1990 11 27  6  6 WILLIAM     7.1   5.9  132  577
[1]:  10  4 12  8 KIRK        7.1   5.9   54   36 1981  2 28 18 11 RAFAEL      7.1   5.3   37  100
[0]:   2  4 18 20 GORDON      7.3   5.4  151  417 1961  9  9 18 17 OSCAR       7.1   5.6   15   79
