[INFO -- 2018-10-11 06:07:43]
Starting flip_value script
version: 1.1
[INFO -- 2018-10-11 06:07:43]
Initialization strings:
[INFO -- 2018-10-11 06:07:43]
(1) file /tmp/fft_nn/fft_nn.out
[INFO -- 2018-10-11 06:07:43]
(2) set args 32768 /tmp/fft_nn/output_falha.data
[INFO -- 2018-10-11 06:07:43]
initSignal:0
[INFO -- 2018-10-11 06:07:43]
endSignal:5
[INFO -- 2018-10-11 06:07:43]
faultModel:0
[INFO -- 2018-10-11 06:07:43]
Backtrace BEGIN:
#0  __GI__dl_debug_state () at dl-debug.c:74
#1  0x00007ffff7dddb9d in dl_main (phdr=<optimized out>, phdr@entry=0x400040, phnum=<optimized out>, phnum@entry=9, user_entry=user_entry@entry=0x7fffffffd8a8, auxv=<optimized out>) at rtld.c:1640
#2  0x00007ffff7df15f5 in _dl_sysdep_start (start_argptr=start_argptr@entry=0x7fffffffd990, dl_main=dl_main@entry=0x7ffff7ddc260 <dl_main>) at ../elf/dl-sysdep.c:249
#3  0x00007ffff7ddbbb8 in _dl_start_final (arg=0x7fffffffd990) at rtld.c:347
#4  _dl_start (arg=0x7fffffffd990) at rtld.c:573
#5  0x00007ffff7ddb268 in _start () from /lib64/ld-linux-x86-64.so.2
#6  0x0000000000000003 in ?? ()
#7  0x00007fffffffdd2d in ?? ()
#8  0x00007fffffffdd44 in ?? ()
#9  0x00007fffffffdd4a in ?? ()
#10 0x0000000000000000 in ?? ()

69	dl-debug.c: Arquivo ou diretório não encontrado.

Backtrace END
Memory content before bitflip:0x030x000x000x00
Fault Model: Single bit-flip
base address to flip value: 0x7ffff7ffce08 
address max offset: 4
Memory content after  bitflip:0x030x200x000x00
frame name: _dl_start_final
symbol name: _dl_argc
symbol filename: rtld.c
symbol line: 83
value: 8195
value address: 0x7ffff7ffce08 <_dl_argc>
Type: The type is an integer type.
Type sizeof: 4

[INFO -- 2018-10-11 06:07:43]
Fault Injection Successful after 0.4909698963165283s
[INFO -- 2018-10-11 06:08:03]
event type: exit
[INFO -- 2018-10-11 06:08:03]
exit code: 0
