[INFO -- 2018-12-09 15:31:16]
Starting flip_value script
version: 1.1
[INFO -- 2018-12-09 15:31:16]
Initialization strings:
[INFO -- 2018-12-09 15:31:16]
(1) file /home/melkor/ETAPA2/dup_nn/nn-knl-files/nn
[INFO -- 2018-12-09 15:31:16]
(2) set args /home/melkor/ETAPA2/dup_nn/nn-knl-files/filelist 20 5 5 /home/melkor/ETAPA2/dup_nn/nn-knl-files/out20_5_5
[INFO -- 2018-12-09 15:31:16]
initSignal:0
[INFO -- 2018-12-09 15:31:16]
endSignal:1
[INFO -- 2018-12-09 15:31:16]
faultModel:4
[EXCEPTION -- 2018-12-09 15:31:16]
gdbException: Tentativo de desreferenciar um ponteiro genérico.
[EXCEPTION -- 2018-12-09 15:31:17]
pythonException: invalid frame
[EXCEPTION -- 2018-12-09 15:31:17]
pythonException: invalid frame
[INFO -- 2018-12-09 15:31:17]
Backtrace BEGIN:
#0  0x00007ffff782108a in ?? () from /usr/lib/x86_64-linux-gnu/libgomp.so.1
#1  0x00007ffff781fda9 in ?? () from /usr/lib/x86_64-linux-gnu/libgomp.so.1
#2  0x00005555555555ed in main (argc=6, argv=0x7fffffffdf08) at nn.c:196

2284	in rtld.c

Backtrace END
Memory content before bitflip:0xb50xd10x060x000x000x000x000x00
Fault Model: LSB bit-flip
base address to flip value: 0x7fffffffdb78
address max offset: 8
Memory content after  bitflip:0xb50xd10x060x000x000x000x000x20
frame name: main
symbol name: rec_sum
symbol filename: nn.c
symbol line: 89
value: 2305843009214140853
value address: 0x7fffffffdb78
Type: The type is an integer type.
Type sizeof: 8

[INFO -- 2018-12-09 15:31:17]
Fault Injection Successful after 1.1528093814849854s
[INFO -- 2018-12-09 15:31:17]
event type: exit
[INFO -- 2018-12-09 15:31:17]
exit code: 0
