[INFO -- 2018-10-05 19:39:59]
sending 5 signals using command: 'killall -2 fft_nn.out' after 20.2318709155s
[INFO -- 2018-10-05 19:40:00]
sending 5 signals using command: 'killall -2 fft_nn.out' after 21.0902972566s
[INFO -- 2018-10-05 19:40:02]
sending 5 signals using command: 'killall -2 fft_nn.out' after 23.3027366708s
[INFO -- 2018-10-05 19:40:02]
Starting GDB script
[INFO -- 2018-10-05 19:40:02]
initSignal:0.0
[INFO -- 2018-10-05 19:40:02]
endSignal:5.0
[INFO -- 2018-10-05 19:40:03]
sending 5 signals using command: 'killall -2 fft_nn.out' after 0.801231328809s
[INFO -- 2018-10-05 19:40:04]
sending 5 signals using command: 'killall -2 fft_nn.out' after 1.85396988268s
[INFO -- 2018-10-05 19:40:04]
sending 5 signals using command: 'killall -2 fft_nn.out' after 2.10859101532s
[INFO -- 2018-10-05 19:40:22]
Execution finished before waitTime
