[INFO -- 2018-10-12 15:32:07]
sending 5 signals using command: 'killall -2 fft_nn.out' after 20.9707216463s
[INFO -- 2018-10-12 15:32:08]
sending 5 signals using command: 'killall -2 fft_nn.out' after 21.602000617s
[INFO -- 2018-10-12 15:32:08]
sending 5 signals using command: 'killall -2 fft_nn.out' after 22.2092799527s
[INFO -- 2018-10-12 15:32:08]
Starting GDB script
[INFO -- 2018-10-12 15:32:08]
initSignal:0.0
[INFO -- 2018-10-12 15:32:08]
endSignal:5.0
[INFO -- 2018-10-12 15:32:09]
sending 5 signals using command: 'killall -2 fft_nn.out' after 0.546315003958s
[INFO -- 2018-10-12 15:32:12]
sending 5 signals using command: 'killall -2 fft_nn.out' after 3.64419636482s
[INFO -- 2018-10-12 15:32:13]
sending 5 signals using command: 'killall -2 fft_nn.out' after 4.67592389665s
[INFO -- 2018-10-12 15:32:29]
Execution finished before waitTime
