[INFO -- 2018-10-12 17:45:50]
sending 5 signals using command: 'killall -2 fft_nn.out' after 21.3102888955s
[INFO -- 2018-10-12 17:45:51]
sending 5 signals using command: 'killall -2 fft_nn.out' after 22.2267616066s
[INFO -- 2018-10-12 17:45:54]
sending 5 signals using command: 'killall -2 fft_nn.out' after 24.8852807873s
[INFO -- 2018-10-12 17:45:54]
Starting GDB script
[INFO -- 2018-10-12 17:45:54]
initSignal:0.0
[INFO -- 2018-10-12 17:45:54]
endSignal:5.0
[INFO -- 2018-10-12 17:45:54]
sending 5 signals using command: 'killall -2 fft_nn.out' after 0.277405933439s
[INFO -- 2018-10-12 17:45:55]
sending 5 signals using command: 'killall -2 fft_nn.out' after 0.963460723914s
[INFO -- 2018-10-12 17:45:57]
sending 5 signals using command: 'killall -2 fft_nn.out' after 3.79610368417s
[INFO -- 2018-10-12 17:46:15]
Execution finished before waitTime
