[INFO -- 2018-10-09 00:22:41]
Starting flip_value script
version: 1.1
[INFO -- 2018-10-09 00:22:41]
Initialization strings:
[INFO -- 2018-10-09 00:22:41]
(1) file /tmp/fft_nn/fft_nn.out
[INFO -- 2018-10-09 00:22:41]
(2) set args 32768 /tmp/fft_nn/output_falha.data
[INFO -- 2018-10-09 00:22:41]
initSignal:15
[INFO -- 2018-10-09 00:22:41]
endSignal:20
[INFO -- 2018-10-09 00:22:41]
faultModel:3
[EXCEPTION -- 2018-10-09 00:22:59]
gdbException: No symbol "None" in current context.
[INFO -- 2018-10-09 00:22:59]
Backtrace BEGIN:
#0  __mpn_mul_1 () at ../sysdeps/x86_64/mul_1.S:39
#1  0x00007ffff7011fef in str_to_mpn (str=0x7fffffffd016 "e-02", str@entry=0x7fffffffd000 "2.98021137714385986328e-02", digcnt=<optimized out>, digcnt@entry=21, n=n@entry=0x7fffffffcf20, nsize=nsize@entry=0x7fffffffcef0, exponent=exponent@entry=0x7fffffffcf00, decimal_len=decimal_len@entry=1, thousands=thousands@entry=0x0, decimal=<optimized out>) at strtod_l.c:420
#2  0x00007ffff7012c2b in __GI_____strtof_l_internal (nptr=<optimized out>, endptr=<optimized out>, group=<optimized out>, loc=<optimized out>) at strtod_l.c:1427
#3  0x00007ffff7011d60 in __GI___strtof_internal (nptr=<optimized out>, endptr=<optimized out>, group=<optimized out>) at strtod.c:54
#4  0x00007ffff702b948 in _IO_vfscanf_internal (s=s@entry=0x6062c0, format=<optimized out>, argptr=argptr@entry=0x7fffffffd408, errp=errp@entry=0x0) at vfscanf.c:2365
#5  0x00007ffff7032162 in __isoc99_fscanf (stream=0x6062c0, format=<optimized out>) at isoc99_fscanf.c:34
#6  0x00007ffff7bcf187 in fann_create_from_fd () from /usr/local/lib/libfann.so.2
#7  0x00007ffff7bcf608 in fann_create_from_file () from /usr/local/lib/libfann.so.2
#8  0x00000000004019b7 in radix2DitCooleyTykeyFft(int, int*, Complex*, Complex*) ()
#9  0x0000000000401631 in main ()

34	in ../sysdeps/x86_64/mul_1.S

Backtrace END
Memory content before bitflip:0x00
Fault Model: Zero bit-flip
base address to flip value: 0x7fffffffd1a8
address max offset: 1
Memory content after  bitflip:0x00
frame name: _IO_vfscanf_internal
symbol name: use_malloc
symbol filename: vfscanf.c
symbol line: 275
value: false
value address: 0x7fffffffd1a8
Type: A boolean type.
Type sizeof: 1

[INFO -- 2018-10-09 00:22:59]
Fault Injection Successful after 18.40542459487915s
[INFO -- 2018-10-09 00:23:01]
event type: exit
[INFO -- 2018-10-09 00:23:01]
exit code: 0
