[INFO -- 2018-10-18 19:32:39]
Starting flip_value script
version: 1.1
[INFO -- 2018-10-18 19:32:39]
Initialization strings:
[INFO -- 2018-10-18 19:32:39]
(1) file /home/latansini/Desktop/trabalhoftf/carol-fi/sample-code/knn/nn-knl-files/nn
[INFO -- 2018-10-18 19:32:39]
(2) set args /home/latansini/Desktop/trabalhoftf/carol-fi/sample-code/knn/nn-knl-files/filelist 15 25 25 /home/latansini/Desktop/trabalhoftf/carol-fi/sample-code/knn/nn-knl-files/out15_25_25
[INFO -- 2018-10-18 19:32:39]
initSignal:2
[INFO -- 2018-10-18 19:32:39]
endSignal:3
[INFO -- 2018-10-18 19:32:39]
faultModel:2
[EXCEPTION -- 2018-10-18 19:32:41]
pythonException: invalid frame
[EXCEPTION -- 2018-10-18 19:32:41]
pythonException: invalid frame
[EXCEPTION -- 2018-10-18 19:32:41]
pythonException: invalid frame
[INFO -- 2018-10-18 19:32:41]
Backtrace BEGIN:
#0  round_and_return (retval=retval@entry=0x7fffffffd080, exponent=4, negative=negative@entry=0, round_limb=round_limb@entry=5534023222112865484, round_bit=<optimized out>, more_bits=1) at strtod_l.c:305
#1  0x00007ffff72ffc7d in __GI_____strtod_l_internal (nptr=<optimized out>, endptr=<optimized out>, group=<optimized out>, loc=<optimized out>) at strtod_l.c:1613
#2  0x000000000040150f in main._omp_fn.0 () at nn.c:118
#3  0x0000000000401193 in main (argc=6, argv=0x7fffffffd8b8) at nn.c:115

300	strtod_l.c: Arquivo ou diretório não encontrado.

Backtrace END
Fliping a bit of the value pointed by a pointer
Memory content before bitflip:0xd80xd30x980x43
Fault Model: Random bit-flip
base address to flip value: 0x603880
address max offset: 4
Memory content after  bitflip:0x130x920x840xf6
frame name: main._omp_fn.0
symbol name: z
symbol filename: nn.c
symbol line: 80
value: 0x603880
value address: 0x7fffffffd568
Type: The type is a pointer.
Type sizeof: 8

[INFO -- 2018-10-18 19:32:41]
Fault Injection Successful after 2.440417766571045s
[INFO -- 2018-10-18 19:32:44]
event type: exit
[INFO -- 2018-10-18 19:32:44]
exit code: 0
