[INFO -- 2018-10-19 00:03:53]
Starting flip_value script
version: 1.1
[INFO -- 2018-10-19 00:03:53]
Initialization strings:
[INFO -- 2018-10-19 00:03:53]
(1) file /home/latansini/Desktop/trabalhoftf/carol-fi/sample-code/knn/nn-knl-files/nn
[INFO -- 2018-10-19 00:03:53]
(2) set args /home/latansini/Desktop/trabalhoftf/carol-fi/sample-code/knn/nn-knl-files/filelist 15 25 25 /home/latansini/Desktop/trabalhoftf/carol-fi/sample-code/knn/nn-knl-files/out15_25_25
[INFO -- 2018-10-19 00:03:53]
initSignal:4
[INFO -- 2018-10-19 00:03:53]
endSignal:5
[INFO -- 2018-10-19 00:03:53]
faultModel:4
[EXCEPTION -- 2018-10-19 00:03:58]
pythonException: invalid frame
[EXCEPTION -- 2018-10-19 00:03:58]
pythonException: invalid frame
[EXCEPTION -- 2018-10-19 00:03:58]
pythonException: invalid frame
[INFO -- 2018-10-19 00:03:58]
Backtrace BEGIN:
#0  0x00007ffff78bdc02 in ?? () from /usr/lib/x86_64-linux-gnu/libgomp.so.1
#1  0x00007ffff78bc0e2 in ?? () from /usr/lib/x86_64-linux-gnu/libgomp.so.1
#2  0x0000000000401184 in main (argc=6, argv=0x7fffffffd8b8) at nn.c:115

20	* This program finds the k-nearest neighbors
21	* Usage:	./nn <filelist> <num> <target latitude> <target longitude> <out filename>
22	*			filelist: File with the filenames to the records
23	*			num: Number of nearest neighbors to find
24	*			target lat: Latitude coordinate for distance calculations
25	*			target long: Longitude coordinate for distance calculations
26	* The filelist and data are generated by hurricane_gen.c
27	* REC_WINDOW has been arbitrarily assigned; A larger value would allow more work for the threads
28	*/
29	int main(int argc, char* argv[]) {

Backtrace END
Fliping array at pos: 298
Memory content before bitflip:0x20
Fault Model: LSB bit-flip
base address to flip value: 0x7fffffffd6ea 
address max offset: 1
Memory content after  bitflip:0xa0
frame name: main
symbol name: sandbox
symbol filename: nn.c
symbol line: 32
value: "2000  9  4 12 25 ERNESTO    27.9 317.7  108  876\n1981 11  9 12 26 HELENE     18.9  54.0   11  838\n1998  7 13 18 11 HELENE     55.0 202.9  110  448\n2003  5  7 12 17 BERYL      50.9 217.5  103  248\n1962"...
value address: 0x7fffffffd5c0
Type: The type is an array.
Type sizeof: 490
Field name: None
Field Type: A range type, that is, an integer type with bounds.
Field Type sizeof: 8
Field Type range: (0, 489)

[INFO -- 2018-10-19 00:03:58]
Fault Injection Successful after 5.052353382110596s
[INFO -- 2018-10-19 00:03:59]
event type: exit
[INFO -- 2018-10-19 00:03:59]
exit code: 0
