[INFO -- 2018-10-10 09:57:12]
sending 5 signals using command: 'killall -2 fft_nn.out' after 23.7883517545s
[INFO -- 2018-10-10 09:57:12]
sending 5 signals using command: 'killall -2 fft_nn.out' after 24.0503235113s
[INFO -- 2018-10-10 09:57:13]
sending 5 signals using command: 'killall -2 fft_nn.out' after 24.4492622387s
[INFO -- 2018-10-10 09:57:13]
Starting GDB script
[INFO -- 2018-10-10 09:57:13]
initSignal:0.0
[INFO -- 2018-10-10 09:57:13]
endSignal:5.0
[INFO -- 2018-10-10 09:57:14]
sending 5 signals using command: 'killall -2 fft_nn.out' after 1.30349140299s
[INFO -- 2018-10-10 09:57:15]
sending 5 signals using command: 'killall -2 fft_nn.out' after 1.78348779823s
[INFO -- 2018-10-10 09:57:17]
sending 5 signals using command: 'killall -2 fft_nn.out' after 3.80772029948s
[INFO -- 2018-10-10 09:57:34]
Execution finished before waitTime
