[INFO -- 2018-10-09 04:02:29]
sending 5 signals using command: 'killall -2 fft_nn.out' after 21.046038406s
[INFO -- 2018-10-09 04:02:29]
sending 5 signals using command: 'killall -2 fft_nn.out' after 21.274602794s
[INFO -- 2018-10-09 04:02:32]
sending 5 signals using command: 'killall -2 fft_nn.out' after 24.1001335396s
[INFO -- 2018-10-09 04:02:32]
Starting GDB script
[INFO -- 2018-10-09 04:02:32]
initSignal:0.0
[INFO -- 2018-10-09 04:02:32]
endSignal:5.0
[INFO -- 2018-10-09 04:02:34]
sending 5 signals using command: 'killall -2 fft_nn.out' after 1.61782459945s
[INFO -- 2018-10-09 04:02:34]
sending 5 signals using command: 'killall -2 fft_nn.out' after 1.62650070025s
[INFO -- 2018-10-09 04:02:35]
sending 5 signals using command: 'killall -2 fft_nn.out' after 2.69948222613s
[INFO -- 2018-10-09 04:02:53]
Execution finished before waitTime
