[INFO -- 2018-12-03 07:52:38]
Starting flip_value script
version: 1.1
[INFO -- 2018-12-03 07:52:38]
Initialization strings:
[INFO -- 2018-12-03 07:52:38]
(1) file /home/latansini/carol-fi/carol-fi/codes/nnfulldup/nn-knl-files/nn
[INFO -- 2018-12-03 07:52:38]
(2) set args /home/latansini/carol-fi/carol-fi/codes/nnfulldup/nn-knl-files/filelist 20 5 5 /home/latansini/carol-fi/carol-fi/codes/nnfulldup/nn-knl-files/out20_5_5
[INFO -- 2018-12-03 07:52:38]
initSignal:0
[INFO -- 2018-12-03 07:52:38]
endSignal:2
[INFO -- 2018-12-03 07:52:38]
faultModel:4
[EXCEPTION -- 2018-12-03 07:52:38]
pythonException: invalid frame
[EXCEPTION -- 2018-12-03 07:52:38]
pythonException: invalid frame
[EXCEPTION -- 2018-12-03 07:52:38]
pythonException: invalid frame
[EXCEPTION -- 2018-12-03 07:52:38]
pythonException: invalid frame
[EXCEPTION -- 2018-12-03 07:52:38]
pythonException: invalid frame
[EXCEPTION -- 2018-12-03 07:52:38]
pythonException: invalid frame
[EXCEPTION -- 2018-12-03 07:52:38]
gdbException: A syntax error in expression, near `...'.
[EXCEPTION -- 2018-12-03 07:52:38]
pythonException: invalid frame
[EXCEPTION -- 2018-12-03 07:52:38]
pythonException: Thread no longer exists.
[INFO -- 2018-12-03 07:52:38]
event type: exit
[EXCEPTION -- 2018-12-03 07:52:38]
exit code: no exit code available
