[INFO -- 2018-10-11 08:02:43]
Starting flip_value script
version: 1.1
[INFO -- 2018-10-11 08:02:43]
Initialization strings:
[INFO -- 2018-10-11 08:02:43]
(1) file /tmp/fft_nn/fft_nn.out
[INFO -- 2018-10-11 08:02:43]
(2) set args 32768 /tmp/fft_nn/output_falha.data
[INFO -- 2018-10-11 08:02:43]
initSignal:0
[INFO -- 2018-10-11 08:02:43]
endSignal:5
[INFO -- 2018-10-11 08:02:43]
faultModel:0
[INFO -- 2018-10-11 08:02:43]
Backtrace BEGIN:
#0  0x00007ffff7011e46 in str_to_mpn (str=0x7fffffffd009 "9414672851562e+00", str@entry=0x7fffffffd001 ".04246759414672851562e+00", digcnt=13, digcnt@entry=20, n=n@entry=0x7fffffffcf20, nsize=nsize@entry=0x7fffffffcef0, exponent=exponent@entry=0x7fffffffcf00, decimal_len=decimal_len@entry=1, thousands=thousands@entry=0x0, decimal=<optimized out>) at strtod_l.c:398
#1  0x00007ffff7012c2b in __GI_____strtof_l_internal (nptr=<optimized out>, endptr=<optimized out>, group=<optimized out>, loc=<optimized out>) at strtod_l.c:1427
#2  0x00007ffff7011d60 in __GI___strtof_internal (nptr=<optimized out>, endptr=<optimized out>, group=<optimized out>) at strtod.c:54
#3  0x00007ffff702b948 in _IO_vfscanf_internal (s=s@entry=0x6062c0, format=<optimized out>, argptr=argptr@entry=0x7fffffffd408, errp=errp@entry=0x0) at vfscanf.c:2365
#4  0x00007ffff7032162 in __isoc99_fscanf (stream=0x6062c0, format=<optimized out>) at isoc99_fscanf.c:34
#5  0x00007ffff7bcf187 in fann_create_from_fd () from /usr/local/lib/libfann.so.2
#6  0x00007ffff7bcf608 in fann_create_from_file () from /usr/local/lib/libfann.so.2
#7  0x00000000004019b7 in radix2DitCooleyTykeyFft(int, int*, Complex*, Complex*) ()
#8  0x0000000000401631 in main ()

393	strtod_l.c: Arquivo ou diretório não encontrado.

Backtrace END
Memory content before bitflip:0x030x000x000x00
Fault Model: Single bit-flip
base address to flip value: 0x7fffffffcea0
address max offset: 4
Memory content after  bitflip:0x030x000x080x00
frame name: __GI_____strtof_l_internal
symbol name: bits
symbol filename: strtod_l.c
symbol line: 499
value: 524291
value address: 0x7fffffffcea0
Type: The type is an integer type.
Type sizeof: 4

[INFO -- 2018-10-11 08:02:43]
Fault Injection Successful after 0.840644359588623s
[INFO -- 2018-10-11 08:03:03]
event type: exit
[INFO -- 2018-10-11 08:03:03]
exit code: 0
