[INFO -- 2018-10-18 14:23:32]
Starting flip_value script
version: 1.1
[INFO -- 2018-10-18 14:23:32]
Initialization strings:
[INFO -- 2018-10-18 14:23:32]
(1) file /home/latansini/Desktop/trabalhoftf/carol-fi/sample-code/knn/nn-knl-files/nn
[INFO -- 2018-10-18 14:23:32]
(2) set args /home/latansini/Desktop/trabalhoftf/carol-fi/sample-code/knn/nn-knl-files/filelist 15 25 25 /home/latansini/Desktop/trabalhoftf/carol-fi/sample-code/knn/nn-knl-files/out15_25_25
[INFO -- 2018-10-18 14:23:32]
initSignal:0
[INFO -- 2018-10-18 14:23:32]
endSignal:1
[INFO -- 2018-10-18 14:23:32]
faultModel:0
[EXCEPTION -- 2018-10-18 14:23:32]
gdbException: Tentativo de desreferenciar um ponteiro genérico.
[EXCEPTION -- 2018-10-18 14:23:32]
pythonException: invalid frame
[EXCEPTION -- 2018-10-18 14:23:32]
pythonException: invalid frame
[EXCEPTION -- 2018-10-18 14:23:32]
pythonException: invalid frame
[INFO -- 2018-10-18 14:23:32]
Backtrace BEGIN:
#0  0x00007ffff78bddf3 in ?? () from /usr/lib/x86_64-linux-gnu/libgomp.so.1
#1  0x00007ffff78bcaf9 in ?? () from /usr/lib/x86_64-linux-gnu/libgomp.so.1
#2  0x0000000000401198 in main (argc=6, argv=0x7fffffffd8b8) at nn.c:115

69	in dl-debug.c

Backtrace END
Memory content before bitflip:0x000x000x000x00
Fault Model: Single bit-flip
base address to flip value: 0x7fffffffd504
address max offset: 4
Memory content after  bitflip:0x800x000x000x00
frame name: main
symbol name: done
symbol filename: nn.c
symbol line: 31
value: 128
value address: 0x7fffffffd504
Type: The type is an integer type.
Type sizeof: 4

[INFO -- 2018-10-18 14:23:32]
Fault Injection Successful after 0.8211171627044678s
[INFO -- 2018-10-18 14:23:32]
event type: exit
[INFO -- 2018-10-18 14:23:32]
exit code: 0
