[INFO -- 2018-10-18 19:10:37]
Starting flip_value script
version: 1.1
[INFO -- 2018-10-18 19:10:37]
Initialization strings:
[INFO -- 2018-10-18 19:10:37]
(1) file /home/latansini/Desktop/trabalhoftf/carol-fi/sample-code/knn/nn-knl-files/nn
[INFO -- 2018-10-18 19:10:37]
(2) set args /home/latansini/Desktop/trabalhoftf/carol-fi/sample-code/knn/nn-knl-files/filelist 15 25 25 /home/latansini/Desktop/trabalhoftf/carol-fi/sample-code/knn/nn-knl-files/out15_25_25
[INFO -- 2018-10-18 19:10:37]
initSignal:2
[INFO -- 2018-10-18 19:10:37]
endSignal:3
[INFO -- 2018-10-18 19:10:37]
faultModel:2
[EXCEPTION -- 2018-10-18 19:10:40]
pythonException: invalid frame
[EXCEPTION -- 2018-10-18 19:10:40]
pythonException: invalid frame
[INFO -- 2018-10-18 19:10:40]
Backtrace BEGIN:
#0  main (argc=6, argv=0x7fffffffd8b8) at nn.c:130

125	
126	        for( i = 0 ; i < rec_count ; i++ ) {
127	            float max_dist = -1;
128	            int max_idx = 0;
129	            // find a neighbor with greatest dist and take his spot if allowed!
130	            for( j = 0 ; j < k ; j++ ) {
131	                if( neighbors[j].dist > max_dist ) {
132	                    max_dist = neighbors[j].dist;
133	                    max_idx = j;
134	                }

Backtrace END
Memory content before bitflip:0x060x000x000x00
Fault Model: Random bit-flip
base address to flip value: 0x7fffffffd4ec
address max offset: 4
Memory content after  bitflip:0xa80x6f0x400x53
frame name: main
symbol name: argc
symbol filename: nn.c
symbol line: 29
value: 1396731816
value address: 0x7fffffffd4ec
Type: The type is an integer type.
Type sizeof: 4

[INFO -- 2018-10-18 19:10:40]
Fault Injection Successful after 3.035740852355957s
[INFO -- 2018-10-18 19:10:43]
event type: exit
[INFO -- 2018-10-18 19:10:43]
exit code: 0
