[INFO -- 2018-10-15 13:47:35]
Starting flip_value script
version: 1.1
[INFO -- 2018-10-15 13:47:35]
Initialization strings:
[INFO -- 2018-10-15 13:47:35]
(1) file /home/latansini/Desktop/trabalhoftf/carol-fi/sample-code/inverse_nn/inversek2j_nn.out
[INFO -- 2018-10-15 13:47:35]
(2) set args /home/latansini/Desktop/trabalhoftf/carol-fi/sample-code/inverse_nn/input_250k /home/latansini/Desktop/trabalhoftf/carol-fi/sample-code/inverse_nn/output_falha.data
[INFO -- 2018-10-15 13:47:35]
initSignal:0
[INFO -- 2018-10-15 13:47:35]
endSignal:2
[INFO -- 2018-10-15 13:47:35]
faultModel:0
[INFO -- 2018-10-15 13:47:35]
Backtrace BEGIN:
#0  0x00007ffff7056afe in __GI___libc_malloc (bytes=57) at malloc.c:2905
#1  0x00007ffff7919dad in operator new(unsigned long) () from /usr/lib/x86_64-linux-gnu/libstdc++.so.6
#2  0x00007ffff7975249 in std::string::_Rep::_S_create(unsigned long, unsigned long, std::allocator<char> const&) () from /usr/lib/x86_64-linux-gnu/libstdc++.so.6
#3  0x00007ffff7975e0b in std::string::_Rep::_M_clone(std::allocator<char> const&, unsigned long) () from /usr/lib/x86_64-linux-gnu/libstdc++.so.6
#4  0x00007ffff7975ea4 in std::string::reserve(unsigned long) () from /usr/lib/x86_64-linux-gnu/libstdc++.so.6
#5  0x00007ffff794a67b in std::num_get<char, std::istreambuf_iterator<char, std::char_traits<char> > >::do_get(std::istreambuf_iterator<char, std::char_traits<char> >, std::istreambuf_iterator<char, std::char_traits<char> >, std::ios_base&, std::_Ios_Iostate&, float&) const () from /usr/lib/x86_64-linux-gnu/libstdc++.so.6
#6  0x00007ffff793b0d5 in std::istream& std::istream::_M_extract<float>(float&) () from /usr/lib/x86_64-linux-gnu/libstdc++.so.6
#7  0x0000000000401482 in main ()

2900	malloc.c: Arquivo ou diretório não encontrado.

Backtrace END
Fliping value of field: parent_handler
Fliping a bit of the pointer
Memory content before bitflip:0xb00x1d0x050xf70xff0x7f0x000x00
Fault Model: Single bit-flip
base address to flip value: 0x7ffff7398ab0 
address max offset: 8
Memory content after  bitflip:0xb00x1d0x050xf70xff0x7f0x400x00
frame name: __GI___libc_malloc
symbol name: atfork_mem
symbol filename: arena.c
symbol line: 142
value: {next = 0x7ffff7399e88 <fork_handler_pool+8>, prepare_handler = 0x7ffff7051250 <ptmalloc_lock_all>, parent_handler = 0x407ffff7051db0, child_handler = 0x7ffff7051360 <ptmalloc_unlock_all2>, dso_handle = 0x7ffff7393b20 <__dso_handle>, refcntr = 1, need_signal = 0}
value address: 0x7ffff7398aa0 <atfork_mem>
Type: The type is a structure.
Type sizeof: 48
Field name: next
Field Type: The type is a pointer.
Field Type sizeof: 8
Field name: prepare_handler
Field Type: The type is a pointer.
Field Type sizeof: 8
Field name: parent_handler
Field Type: The type is a pointer.
Field Type sizeof: 8
Field name: child_handler
Field Type: The type is a pointer.
Field Type sizeof: 8
Field name: dso_handle
Field Type: The type is a pointer.
Field Type sizeof: 8
Field name: refcntr
Field Type: The type is an integer type.
Field Type sizeof: 4
Field name: need_signal
Field Type: The type is an integer type.
Field Type sizeof: 4

[INFO -- 2018-10-15 13:47:35]
Fault Injection Successful after 0.351912260055542s
[INFO -- 2018-10-15 13:47:45]
event type: exit
[INFO -- 2018-10-15 13:47:45]
exit code: 0
