[INFO -- 2018-10-09 21:48:05]
Starting flip_value script
version: 1.1
[INFO -- 2018-10-09 21:48:05]
Initialization strings:
[INFO -- 2018-10-09 21:48:05]
(1) file /tmp/fft_nn/fft_nn.out
[INFO -- 2018-10-09 21:48:05]
(2) set args 32768 /tmp/fft_nn/output_falha.data
[INFO -- 2018-10-09 21:48:05]
initSignal:10
[INFO -- 2018-10-09 21:48:05]
endSignal:15
[INFO -- 2018-10-09 21:48:05]
faultModel:2
[INFO -- 2018-10-09 21:48:15]
Backtrace BEGIN:
#0  _IO_vfscanf_internal (s=s@entry=0x6062c0, format=<optimized out>, argptr=argptr@entry=0x7fffffffd408, errp=errp@entry=0x0) at vfscanf.c:367
#1  0x00007ffff7032162 in __isoc99_fscanf (stream=0x6062c0, format=<optimized out>) at isoc99_fscanf.c:34
#2  0x00007ffff7bcf187 in fann_create_from_fd () from /usr/local/lib/libfann.so.2
#3  0x00007ffff7bcf608 in fann_create_from_file () from /usr/local/lib/libfann.so.2
#4  0x00000000004019b7 in radix2DitCooleyTykeyFft(int, int*, Complex*, Complex*) ()
#5  0x0000000000401631 in main ()

362	vfscanf.c: Arquivo ou diretório não encontrado.

Backtrace END
Memory content before bitflip:0x000x010x000x000x000x000x000x00
Fault Model: Random bit-flip
base address to flip value: 0x7fffffffd1e0
address max offset: 8
Memory content after  bitflip:0xe00x5e0x4b0xd60x4b0x080x970x3d
frame name: _IO_vfscanf_internal
symbol name: wpmax
symbol filename: vfscanf.c
symbol line: 273
value: 4438025079607746272
value address: 0x7fffffffd1e0
Type: The type is an integer type.
Type sizeof: 8

[INFO -- 2018-10-09 21:48:15]
Fault Injection Successful after 10.169817209243774s
[INFO -- 2018-10-09 21:48:25]
event type: exit
[INFO -- 2018-10-09 21:48:25]
exit code: 0
