[INFO -- 2018-11-30 22:14:20]
Starting flip_value script
version: 1.1
[INFO -- 2018-11-30 22:14:20]
Initialization strings:
[INFO -- 2018-11-30 22:14:20]
(1) file /home/latansini/Desktop/CAROL-FI/etapa2/carol-fi/codes/fftfulldup/fft_nn.out
[INFO -- 2018-11-30 22:14:20]
(2) set args 32768 /home/latansini/Desktop/CAROL-FI/etapa2/carol-fi/codes/fftfulldup/output.data
[INFO -- 2018-11-30 22:14:20]
initSignal:0
[INFO -- 2018-11-30 22:14:20]
endSignal:40
[INFO -- 2018-11-30 22:14:20]
faultModel:1
[EXCEPTION -- 2018-11-30 22:14:36]
gdbException: Tentativo de desreferenciar um ponteiro genérico.
[EXCEPTION -- 2018-11-30 22:14:36]
gdbException: Tentativo de desreferenciar um ponteiro genérico.
[INFO -- 2018-11-30 22:14:36]
Backtrace BEGIN:
#0  str_to_mpn (str=0x7fffffffceb5 "5e+01", str@entry=0x7fffffffcea3 "1758975982666015625e+01", digcnt=2, digcnt@entry=19, n=n@entry=0x7fffffffcdc0, nsize=nsize@entry=0x7fffffffcd90, exponent=exponent@entry=0x7fffffffcda0, decimal_len=decimal_len@entry=1, thousands=thousands@entry=0x0, decimal=<optimized out>) at strtod_l.c:399
#1  0x00007ffff6f95c2b in __GI_____strtof_l_internal (nptr=<optimized out>, endptr=<optimized out>, group=<optimized out>, loc=<optimized out>) at strtod_l.c:1427
#2  0x00007ffff6f94d60 in __GI___strtof_internal (nptr=<optimized out>, endptr=<optimized out>, group=<optimized out>) at strtod.c:54
#3  0x00007ffff6fae948 in _IO_vfscanf_internal (s=s@entry=0x618f00, format=<optimized out>, argptr=argptr@entry=0x7fffffffd2a8, errp=errp@entry=0x0) at vfscanf.c:2365
#4  0x00007ffff6fb5162 in __isoc99_fscanf (stream=0x618f00, format=<optimized out>) at isoc99_fscanf.c:34
#5  0x00007ffff7bcf187 in fann_create_from_fd () from /usr/local/lib/libfann.so.2
#6  0x00007ffff7bcf608 in fann_create_from_file () from /usr/local/lib/libfann.so.2
#7  0x0000000000401de7 in radix2DitCooleyTykeyFft(int, int*, Complex*, Complex*) ()
#8  0x0000000000401857 in main ()

394	strtod_l.c: Arquivo ou diretório não encontrado.

Backtrace END
Memory content before bitflip:0x000x010x000x000x000x000x000x00
Fault Model: Double bit-flip
base address to flip value: 0x7fffffffd080
address max offset: 8
Memory content after  bitflip:0x000x230x000x000x000x000x000x00
frame name: _IO_vfscanf_internal
symbol name: wpmax
symbol filename: vfscanf.c
symbol line: 273
value: 8960
value address: 0x7fffffffd080
Type: The type is an integer type.
Type sizeof: 8

[INFO -- 2018-11-30 22:14:36]
Fault Injection Successful after 16.341487407684326s
[INFO -- 2018-11-30 22:14:59]
event type: exit
[INFO -- 2018-11-30 22:14:59]
exit code: 0
