[INFO -- 2018-10-11 17:36:26]
sending 5 signals using command: 'killall -2 fft_nn.out' after 24.4788367828s
[INFO -- 2018-10-11 17:36:26]
sending 5 signals using command: 'killall -2 fft_nn.out' after 24.5703099991s
[INFO -- 2018-10-11 17:36:26]
sending 5 signals using command: 'killall -2 fft_nn.out' after 24.6091062451s
[INFO -- 2018-10-11 17:36:26]
Starting GDB script
[INFO -- 2018-10-11 17:36:26]
initSignal:0.0
[INFO -- 2018-10-11 17:36:26]
endSignal:5.0
[INFO -- 2018-10-11 17:36:27]
sending 5 signals using command: 'killall -2 fft_nn.out' after 1.10882437494s
[INFO -- 2018-10-11 17:36:29]
sending 5 signals using command: 'killall -2 fft_nn.out' after 2.82331761162s
[INFO -- 2018-10-11 17:36:30]
sending 5 signals using command: 'killall -2 fft_nn.out' after 3.85046837558s
[INFO -- 2018-10-11 17:36:47]
Execution finished before waitTime
