[INFO -- 2018-10-15 19:30:50]
Starting flip_value script
version: 1.1
[INFO -- 2018-10-15 19:30:50]
Initialization strings:
[INFO -- 2018-10-15 19:30:50]
(1) file /home/latansini/Desktop/trabalhoftf/carol-fi/sample-code/inverse_nn/inversek2j_nn.out
[INFO -- 2018-10-15 19:30:50]
(2) set args /home/latansini/Desktop/trabalhoftf/carol-fi/sample-code/inverse_nn/input_250k /home/latansini/Desktop/trabalhoftf/carol-fi/sample-code/inverse_nn/output_falha.data
[INFO -- 2018-10-15 19:30:50]
initSignal:4
[INFO -- 2018-10-15 19:30:50]
endSignal:6
[INFO -- 2018-10-15 19:30:50]
faultModel:2
[INFO -- 2018-10-15 19:30:55]
Backtrace BEGIN:
#0  0x00007ffff702b684 in _IO_vfscanf_internal (s=s@entry=0x608610, format=<optimized out>, argptr=argptr@entry=0x7fffffffd0d8, errp=errp@entry=0x0) at vfscanf.c:1857
#1  0x00007ffff7032162 in __isoc99_fscanf (stream=0x608610, format=<optimized out>) at isoc99_fscanf.c:34
#2  0x00007ffff7bcf187 in fann_create_from_fd () from /usr/local/lib/libfann.so.2
#3  0x00007ffff7bcf608 in fann_create_from_file () from /usr/local/lib/libfann.so.2
#4  0x000000000040199e in inversek2j(float, float, float*, float*) ()
#5  0x0000000000401631 in main ()

1852	vfscanf.c: Arquivo ou diretório não encontrado.

Backtrace END
Fliping a bit of the pointer
Memory content before bitflip:0x000x000x000x000x000x000x000x00
Fault Model: Random bit-flip
base address to flip value: 0x7fffffffce68
address max offset: 8
Memory content after  bitflip:0x150x8e0xbf0x7a0x740xc90x7f0xff
frame name: _IO_vfscanf_internal
symbol name: str
symbol filename: vfscanf.c
symbol line: 262
value: 0x0
value address: 0x7fffffffce68
Type: The type is a pointer.
Type sizeof: 8

[INFO -- 2018-10-15 19:30:55]
Fault Injection Successful after 5.4255452156066895s
[INFO -- 2018-10-15 19:31:00]
event type: exit
[INFO -- 2018-10-15 19:31:00]
exit code: 0
