[INFO -- 2018-10-10 03:17:44]
sending 5 signals using command: 'killall -2 fft_nn.out' after 22.4022669193s
[INFO -- 2018-10-10 03:17:46]
sending 5 signals using command: 'killall -2 fft_nn.out' after 23.7116467023s
[INFO -- 2018-10-10 03:17:46]
sending 5 signals using command: 'killall -2 fft_nn.out' after 23.9305230496s
[INFO -- 2018-10-10 03:17:46]
Starting GDB script
[INFO -- 2018-10-10 03:17:46]
initSignal:0.0
[INFO -- 2018-10-10 03:17:46]
endSignal:5.0
[INFO -- 2018-10-10 03:17:49]
sending 5 signals using command: 'killall -2 fft_nn.out' after 2.52273808072s
[INFO -- 2018-10-10 03:17:50]
sending 5 signals using command: 'killall -2 fft_nn.out' after 3.53458923227s
[INFO -- 2018-10-10 03:17:50]
sending 5 signals using command: 'killall -2 fft_nn.out' after 3.80153865014s
[INFO -- 2018-10-10 03:18:07]
Execution finished before waitTime
