[INFO -- 2018-10-08 20:30:05]
Starting flip_value script
version: 1.1
[INFO -- 2018-10-08 20:30:05]
Initialization strings:
[INFO -- 2018-10-08 20:30:05]
(1) file /tmp/fft_nn/fft_nn.out
[INFO -- 2018-10-08 20:30:05]
(2) set args 32768 /tmp/fft_nn/output_falha.data
[INFO -- 2018-10-08 20:30:05]
initSignal:10
[INFO -- 2018-10-08 20:30:05]
endSignal:15
[INFO -- 2018-10-08 20:30:05]
faultModel:2
[INFO -- 2018-10-08 20:30:16]
Backtrace BEGIN:
#0  0x00007ffff70125ae in __GI_____strtof_l_internal (nptr=0x7fffffffd000 "8.86917591094970703125e-01", endptr=0x7fffffffd230, group=<optimized out>, loc=0x7ffff7397060 <_nl_global_locale>) at strtod_l.c:573
#1  0x00007ffff7011d60 in __GI___strtof_internal (nptr=<optimized out>, endptr=<optimized out>, group=<optimized out>) at strtod.c:54
#2  0x00007ffff702b948 in _IO_vfscanf_internal (s=s@entry=0x6062c0, format=<optimized out>, argptr=argptr@entry=0x7fffffffd408, errp=errp@entry=0x0) at vfscanf.c:2365
#3  0x00007ffff7032162 in __isoc99_fscanf (stream=0x6062c0, format=<optimized out>) at isoc99_fscanf.c:34
#4  0x00007ffff7bcf187 in fann_create_from_fd () from /usr/local/lib/libfann.so.2
#5  0x00007ffff7bcf608 in fann_create_from_file () from /usr/local/lib/libfann.so.2
#6  0x00000000004019b7 in radix2DitCooleyTykeyFft(int, int*, Complex*, Complex*) ()
#7  0x0000000000401631 in main ()

568	strtod_l.c: Arquivo ou diretório não encontrado.

Backtrace END
Fliping array at pos: 3
Memory content before bitflip:0x040x000x000x000x000x000x000x00
Fault Model: Random bit-flip
base address to flip value: 0x7fffffffcf38
address max offset: 8
Memory content after  bitflip:0x350x240xea0x5e0xbe0x260x380xb5
frame name: __GI_____strtof_l_internal
symbol name: num
symbol filename: strtod_l.c
symbol line: 485
value: {14267403619509731328, 291036267299205064, 68, 13058229718638797877, 18865251664, 6812, 6812, 6812, 188, 188}
value address: 0x7fffffffcf20
Type: The type is an array.
Type sizeof: 80
Field name: None
Field Type: A range type, that is, an integer type with bounds.
Field Type sizeof: 8
Field Type range: (0, 9)

[INFO -- 2018-10-08 20:30:16]
Fault Injection Successful after 11.307528018951416s
[INFO -- 2018-10-08 20:30:25]
event type: exit
[INFO -- 2018-10-08 20:30:25]
exit code: 0
