[INFO -- 2018-12-03 10:39:38]
Starting flip_value script
version: 1.1
[INFO -- 2018-12-03 10:39:38]
Initialization strings:
[INFO -- 2018-12-03 10:39:38]
(1) file /home/latansini/carol-fi/carol-fi/codes/nnfulldup/nn-knl-files/nn
[INFO -- 2018-12-03 10:39:38]
(2) set args /home/latansini/carol-fi/carol-fi/codes/nnfulldup/nn-knl-files/filelist 20 5 5 /home/latansini/carol-fi/carol-fi/codes/nnfulldup/nn-knl-files/out20_5_5
[INFO -- 2018-12-03 10:39:38]
initSignal:0
[INFO -- 2018-12-03 10:39:38]
endSignal:2
[INFO -- 2018-12-03 10:39:38]
faultModel:4
[INFO -- 2018-12-03 10:39:39]
Backtrace BEGIN:
#0  __GI__dl_debug_state () at dl-debug.c:74
#1  0x00007ffff7de0033 in dl_main (phdr=<optimized out>, phdr@entry=0x400040, phnum=<optimized out>, phnum@entry=8, user_entry=user_entry@entry=0x7fffffffe4a8, auxv=<optimized out>) at rtld.c:2421
#2  0x00007ffff7df14a5 in _dl_sysdep_start (start_argptr=start_argptr@entry=0x7fffffffe560, dl_main=dl_main@entry=0x7ffff7ddde20 <dl_main>) at ../elf/dl-sysdep.c:249
#3  0x00007ffff7ddd976 in _dl_start_final (arg=0x7fffffffe560) at rtld.c:424
#4  _dl_start (arg=0x7fffffffe560) at rtld.c:650
#5  0x00007ffff7ddd138 in _start () from /lib64/ld-linux-x86-64.so.2
#6  0x0000000000000006 in ?? ()
#7  0x00007fffffffe795 in ?? ()
#8  0x00007fffffffe7d7 in ?? ()
#9  0x00007fffffffe81f in ?? ()
#10 0x00007fffffffe822 in ?? ()
#11 0x00007fffffffe824 in ?? ()
#12 0x00007fffffffe826 in ?? ()
#13 0x0000000000000000 in ?? ()

69	dl-debug.c: No such file or directory.

Backtrace END
Fliping value of field: r_map
Fliping a bit of the pointer
Memory content before bitflip:0xb00xe10xff0xf70xff0x7f0x000x00
Fault Model: LSB bit-flip
base address to flip value: 0x7ffff7ffe188 
address max offset: 8
Memory content after  bitflip:0xb00xe10xff0xf70xff0x7f0x000x04
frame name: __GI__dl_debug_state
symbol name: _r_debug
symbol filename: dl-debug.c
symbol line: 37
value: {r_version = 1, r_map = 0x4007ffff7ffe1b0, r_brk = 140737351955504, r_state = RT_CONSISTENT, r_ldbase = 140737351892992}
value address: 0x7ffff7ffe180 <_r_debug>
Type: The type is a structure.
Type sizeof: 40
Field name: r_version
Field Type: The type is an integer type.
Field Type sizeof: 4
Field name: r_map
Field Type: The type is a pointer.
Field Type sizeof: 8
Field name: r_brk
Field Type: The type is an integer type.
Field Type sizeof: 8
Field name: r_state
Field Type: The type is an enum.
Field Type sizeof: 4
Field name: r_ldbase
Field Type: The type is an integer type.
Field Type sizeof: 8

[INFO -- 2018-12-03 10:39:39]
Fault Injection Successful after 1.07409906387s
[INFO -- 2018-12-03 10:39:41]
event type: exit
[INFO -- 2018-12-03 10:39:41]
exit code: 0
