[INFO -- 2018-10-09 13:06:18]
sending 5 signals using command: 'killall -2 fft_nn.out' after 21.3516183585s
[INFO -- 2018-10-09 13:06:20]
sending 5 signals using command: 'killall -2 fft_nn.out' after 23.7180352602s
[INFO -- 2018-10-09 13:06:20]
sending 5 signals using command: 'killall -2 fft_nn.out' after 24.2285063307s
[INFO -- 2018-10-09 13:06:21]
Starting GDB script
[INFO -- 2018-10-09 13:06:21]
initSignal:0.0
[INFO -- 2018-10-09 13:06:21]
endSignal:5.0
[INFO -- 2018-10-09 13:06:21]
sending 5 signals using command: 'killall -2 fft_nn.out' after 0.808971654225s
[INFO -- 2018-10-09 13:06:24]
sending 5 signals using command: 'killall -2 fft_nn.out' after 3.38041586114s
[INFO -- 2018-10-09 13:06:24]
sending 5 signals using command: 'killall -2 fft_nn.out' after 3.63399793276s
[INFO -- 2018-10-09 13:06:41]
Execution finished before waitTime
