[INFO -- 2018-10-12 16:27:42]
sending 5 signals using command: 'killall -2 fft_nn.out' after 21.6570839185s
[INFO -- 2018-10-12 16:27:45]
sending 5 signals using command: 'killall -2 fft_nn.out' after 24.240392657s
[INFO -- 2018-10-12 16:27:45]
sending 5 signals using command: 'killall -2 fft_nn.out' after 24.6567349547s
[INFO -- 2018-10-12 16:27:45]
Starting GDB script
[INFO -- 2018-10-12 16:27:45]
initSignal:0.0
[INFO -- 2018-10-12 16:27:45]
endSignal:5.0
[INFO -- 2018-10-12 16:27:48]
sending 5 signals using command: 'killall -2 fft_nn.out' after 2.58063547001s
[INFO -- 2018-10-12 16:27:49]
sending 5 signals using command: 'killall -2 fft_nn.out' after 3.2554719706s
[INFO -- 2018-10-12 16:27:50]
sending 5 signals using command: 'killall -2 fft_nn.out' after 4.39287062899s
[INFO -- 2018-10-12 16:28:06]
Execution finished before waitTime
