[INFO -- 2018-12-09 18:52:51]
Starting flip_value script
version: 1.1
[INFO -- 2018-12-09 18:52:51]
Initialization strings:
[INFO -- 2018-12-09 18:52:51]
(1) file /home/melkor/ETAPA2/dup_nn/nn-knl-files/nn
[INFO -- 2018-12-09 18:52:51]
(2) set args /home/melkor/ETAPA2/dup_nn/nn-knl-files/filelist 20 5 5 /home/melkor/ETAPA2/dup_nn/nn-knl-files/out20_5_5
[INFO -- 2018-12-09 18:52:51]
initSignal:0
[INFO -- 2018-12-09 18:52:51]
endSignal:1
[INFO -- 2018-12-09 18:52:51]
faultModel:1
[EXCEPTION -- 2018-12-09 18:52:51]
gdbException: Tentativo de desreferenciar um ponteiro genérico.
[EXCEPTION -- 2018-12-09 18:52:51]
pythonException: invalid frame
[EXCEPTION -- 2018-12-09 18:52:51]
pythonException: invalid frame
[INFO -- 2018-12-09 18:52:51]
Backtrace BEGIN:
#0  0x00007ffff7820ee2 in ?? () from /usr/lib/x86_64-linux-gnu/libgomp.so.1
#1  0x00007ffff781f392 in ?? () from /usr/lib/x86_64-linux-gnu/libgomp.so.1
#2  0x00007ffff7815eca in GOMP_parallel () from /usr/lib/x86_64-linux-gnu/libgomp.so.1
#3  0x00005555555555ed in main (argc=6, argv=0x7fffffffded8) at nn.c:196

2284	in rtld.c

Backtrace END
Memory content before bitflip:0x000x000xa00x40
Fault Model: Double bit-flip
base address to flip value: 0x7fffffffdb30
address max offset: 4
Memory content after  bitflip:0x000x000xa00x04
frame name: main
symbol name: target_lat
symbol filename: nn.c
symbol line: 87
value: 3.76158192e-36
value address: 0x7fffffffdb30
Type: A floating point type.
Type sizeof: 4

[INFO -- 2018-12-09 18:52:51]
Fault Injection Successful after 0.4918196201324463s
[INFO -- 2018-12-09 18:52:53]
event type: exit
[INFO -- 2018-12-09 18:52:53]
exit code: 0
