[INFO -- 2018-10-12 05:14:33]
sending 5 signals using command: 'killall -2 fft_nn.out' after 22.0050869041s
[INFO -- 2018-10-12 05:14:33]
sending 5 signals using command: 'killall -2 fft_nn.out' after 22.3538025422s
[INFO -- 2018-10-12 05:14:34]
sending 5 signals using command: 'killall -2 fft_nn.out' after 22.4625298876s
[INFO -- 2018-10-12 05:14:34]
Starting GDB script
[INFO -- 2018-10-12 05:14:34]
initSignal:0.0
[INFO -- 2018-10-12 05:14:34]
endSignal:5.0
[INFO -- 2018-10-12 05:14:35]
sending 5 signals using command: 'killall -2 fft_nn.out' after 1.36744241897s
[INFO -- 2018-10-12 05:14:36]
sending 5 signals using command: 'killall -2 fft_nn.out' after 2.63892948975s
[INFO -- 2018-10-12 05:14:39]
sending 5 signals using command: 'killall -2 fft_nn.out' after 4.92834428886s
[INFO -- 2018-10-12 05:14:55]
Execution finished before waitTime
