[INFO -- 2018-10-16 15:38:25]
Starting flip_value script
version: 1.1
[INFO -- 2018-10-16 15:38:25]
Initialization strings:
[INFO -- 2018-10-16 15:38:25]
(1) file /home/latansini/Desktop/trabalhoftf/carol-fi/sample-code/inverse_nn/inversek2j_nn.out
[INFO -- 2018-10-16 15:38:25]
(2) set args /home/latansini/Desktop/trabalhoftf/carol-fi/sample-code/inverse_nn/input_250k /home/latansini/Desktop/trabalhoftf/carol-fi/sample-code/inverse_nn/output_falha.data
[INFO -- 2018-10-16 15:38:25]
initSignal:8
[INFO -- 2018-10-16 15:38:25]
endSignal:10
[INFO -- 2018-10-16 15:38:25]
faultModel:4
[INFO -- 2018-10-16 15:38:34]
Backtrace BEGIN:
#0  0x00007ffff7032121 in __isoc99_fscanf (stream=0x608610, format=0x7ffff7bd3da5 "(%u, %f) ") at isoc99_fscanf.c:30
#1  0x00007ffff7bcf187 in fann_create_from_fd () from /usr/local/lib/libfann.so.2
#2  0x00007ffff7bcf608 in fann_create_from_file () from /usr/local/lib/libfann.so.2
#3  0x000000000040199e in inversek2j(float, float, float*, float*) ()
#4  0x0000000000401631 in main ()

25	isoc99_fscanf.c: Arquivo ou diretório não encontrado.

Backtrace END
Fliping array at pos: 0
Fliping value of field: fp_offset
Memory content before bitflip:0x300x000x000x00
Fault Model: LSB bit-flip
base address to flip value: 0x7fffffffd0dc
address max offset: 4
Memory content after  bitflip:0x300x000x000x04
frame name: __isoc99_fscanf
symbol name: arg
symbol filename: isoc99_fscanf.c
symbol line: 27
value: {{gp_offset = 16, fp_offset = 67108912, overflow_arg_area = 0x7fffffffd1b0, reg_save_area = 0x7fffffffd0f0}}
value address: 0x7fffffffd0d8
Type: The type is an array.
Type sizeof: 24

[INFO -- 2018-10-16 15:38:34]
Fault Injection Successful after 9.182041883468628s
[INFO -- 2018-10-16 15:38:35]
event type: exit
[INFO -- 2018-10-16 15:38:35]
exit code: 0
