[INFO -- 2018-10-05 16:21:59]
Starting flip_value script
version: 1.1
[INFO -- 2018-10-05 16:21:59]
Initialization strings:
[INFO -- 2018-10-05 16:21:59]
(1) file /tmp/fft_nn/fft_nn.out
[INFO -- 2018-10-05 16:21:59]
(2) set args 32768 /tmp/fft_nn/output_falha.data
[INFO -- 2018-10-05 16:21:59]
initSignal:15
[INFO -- 2018-10-05 16:21:59]
endSignal:25
[INFO -- 2018-10-05 16:21:59]
faultModel:4
[INFO -- 2018-10-05 16:22:18]
Backtrace BEGIN:
#0  _IO_vfscanf_internal (s=s@entry=0x6062c0, format=<optimized out>, argptr=argptr@entry=0x7fffffffd8c8, errp=errp@entry=0x0) at vfscanf.c:2006
#1  0x00007ffff7032162 in __isoc99_fscanf (stream=0x6062c0, format=<optimized out>) at isoc99_fscanf.c:34
#2  0x00007ffff7bcf187 in fann_create_from_fd () from /usr/local/lib/libfann.so.2
#3  0x00007ffff7bcf608 in fann_create_from_file () from /usr/local/lib/libfann.so.2
#4  0x00000000004019b7 in radix2DitCooleyTykeyFft(int, int*, Complex*, Complex*) ()
#5  0x0000000000401631 in main ()

2001	vfscanf.c: Arquivo ou diretório não encontrado.

Backtrace END
Fliping a bit of the value pointed by a pointer
Memory content before bitflip:0x2e
Fault Model: LSB bit-flip
base address to flip value: 0x7fffffffd4c1 
address max offset: 1
Memory content after  bitflip:0x3e
frame name: _IO_vfscanf_internal
symbol name: tw
symbol filename: vfscanf.c
symbol line: 271
value: 0x7fffffffd4c1 ">84251830673217773438e+00"
value address: 0x7fffffffd6f0
Type: The type is a pointer.
Type sizeof: 8

[INFO -- 2018-10-05 16:22:18]
Fault Injection Successful after 19.340747594833374s
[INFO -- 2018-10-05 16:22:18]
event type: exit
[INFO -- 2018-10-05 16:22:18]
exit code: 0
