[INFO -- 2018-12-03 15:21:40]
Starting flip_value script
version: 1.1
[INFO -- 2018-12-03 15:21:40]
Initialization strings:
[INFO -- 2018-12-03 15:21:40]
(1) file /home/latansini/carol-fi/carol-fi/codes/nnfulldup/nn-knl-files/nn
[INFO -- 2018-12-03 15:21:40]
(2) set args /home/latansini/carol-fi/carol-fi/codes/nnfulldup/nn-knl-files/filelist 20 5 5 /home/latansini/carol-fi/carol-fi/codes/nnfulldup/nn-knl-files/out20_5_5
[INFO -- 2018-12-03 15:21:40]
initSignal:0
[INFO -- 2018-12-03 15:21:40]
endSignal:2
[INFO -- 2018-12-03 15:21:40]
faultModel:3
[EXCEPTION -- 2018-12-03 15:21:40]
pythonException: invalid frame
[EXCEPTION -- 2018-12-03 15:21:40]
pythonException: invalid frame
[EXCEPTION -- 2018-12-03 15:21:40]
pythonException: invalid frame
[EXCEPTION -- 2018-12-03 15:21:40]
pythonException: invalid frame
[EXCEPTION -- 2018-12-03 15:21:40]
pythonException: invalid frame
[INFO -- 2018-12-03 15:21:40]
Backtrace BEGIN:
#0  0x00007ffff73398c1 in __GI_____strtod_l_internal (nptr=0x7fffffffe21c " 38.8  67.6   19  662\n1966  5  2  0 21 NADINE      7.5  86.5  162  501\n1991  4 16  6 14 ALBERTO    21.2 116.5   49  621\n1974 12 16 12 25 BERYL      58.4 353.4   58  553\n1995  2  5  0 10 WILLIAM    30."..., endptr=0x0, group=<optimized out>, loc=0x7ffff76a2f20 <_nl_global_locale>) at strtod_l.c:601
#1  0x000000000040156a in nn_wrapper._omp_fn.0 () at nn.c:100
#2  0x00007ffff78ce7df in GOMP_parallel () from /usr/lib/x86_64-linux-gnu/libgomp.so.1
#3  0x0000000000400f98 in nn_wrapper (filename=0x7fffffffe7d7 "/home/latansini/carol-fi/carol-fi/codes/nnfulldup/nn-knl-files/filelist", k=20, target_lat=5, target_long=5) at nn.c:97
#4  0x000000000040148d in main (argc=6, argv=0x7fffffffe568) at nn.c:195

596	strtod_l.c: No such file or directory.

Backtrace END
Fliping array at pos: 20
Memory content before bitflip:0x6c
Fault Model: Zero bit-flip
base address to flip value: 0x7ffff7468a94  
address max offset: 1
Memory content after  bitflip:0x00
frame name: __GI_____strtod_l_internal
symbol name: __PRETTY_FUNCTION__
symbol filename: strtod_l.c
symbol line: 0
value: "____strtod_l_interna\000"
value address: 0x7ffff7468a80 <__PRETTY_FUNCTION__.11567>
Type: The type is an array.
Type sizeof: 22
Field name: None
Field Type: A range type, that is, an integer type with bounds.
Field Type sizeof: 8
Field Type range: (0L, 21L)

[INFO -- 2018-12-03 15:21:40]
Fault Injection Successful after 0.687046051025s
[INFO -- 2018-12-03 15:21:43]
event type: exit
[INFO -- 2018-12-03 15:21:43]
exit code: 0
