[INFO -- 2018-10-10 09:25:33]
sending 5 signals using command: 'killall -2 fft_nn.out' after 20.9127370347s
[INFO -- 2018-10-10 09:25:33]
sending 5 signals using command: 'killall -2 fft_nn.out' after 21.4729731857s
[INFO -- 2018-10-10 09:25:34]
sending 5 signals using command: 'killall -2 fft_nn.out' after 22.7027866969s
[INFO -- 2018-10-10 09:25:34]
Starting GDB script
[INFO -- 2018-10-10 09:25:34]
initSignal:0.0
[INFO -- 2018-10-10 09:25:34]
endSignal:5.0
[INFO -- 2018-10-10 09:25:35]
sending 5 signals using command: 'killall -2 fft_nn.out' after 0.232597204343s
[INFO -- 2018-10-10 09:25:37]
sending 5 signals using command: 'killall -2 fft_nn.out' after 2.57453161278s
[INFO -- 2018-10-10 09:25:38]
sending 5 signals using command: 'killall -2 fft_nn.out' after 3.724598824s
[INFO -- 2018-10-10 09:25:55]
Execution finished before waitTime
