[INFO -- 2018-10-11 02:29:47]
sending 5 signals using command: 'killall -2 fft_nn.out' after 21.2385000874s
[INFO -- 2018-10-11 02:29:48]
sending 5 signals using command: 'killall -2 fft_nn.out' after 21.7620857204s
[INFO -- 2018-10-11 02:29:49]
sending 5 signals using command: 'killall -2 fft_nn.out' after 22.9624184166s
[INFO -- 2018-10-11 02:29:49]
Starting GDB script
[INFO -- 2018-10-11 02:29:49]
initSignal:0.0
[INFO -- 2018-10-11 02:29:49]
endSignal:5.0
[INFO -- 2018-10-11 02:29:49]
sending 5 signals using command: 'killall -2 fft_nn.out' after 0.144062467967s
[INFO -- 2018-10-11 02:29:51]
sending 5 signals using command: 'killall -2 fft_nn.out' after 1.48575931225s
[INFO -- 2018-10-11 02:29:52]
sending 5 signals using command: 'killall -2 fft_nn.out' after 2.88213797146s
[INFO -- 2018-10-11 02:30:10]
Execution finished before waitTime
