[INFO -- 2018-10-11 12:50:44]
sending 5 signals using command: 'killall -2 fft_nn.out' after 21.9819392491s
[INFO -- 2018-10-11 12:50:45]
sending 5 signals using command: 'killall -2 fft_nn.out' after 23.2191040889s
[INFO -- 2018-10-11 12:50:46]
sending 5 signals using command: 'killall -2 fft_nn.out' after 24.8027591964s
[INFO -- 2018-10-11 12:50:46]
Starting GDB script
[INFO -- 2018-10-11 12:50:46]
initSignal:0.0
[INFO -- 2018-10-11 12:50:46]
endSignal:5.0
[INFO -- 2018-10-11 12:50:48]
sending 5 signals using command: 'killall -2 fft_nn.out' after 1.57154090506s
[INFO -- 2018-10-11 12:50:49]
sending 5 signals using command: 'killall -2 fft_nn.out' after 2.73950778495s
[INFO -- 2018-10-11 12:50:50]
sending 5 signals using command: 'killall -2 fft_nn.out' after 3.77773981372s
[INFO -- 2018-10-11 12:51:07]
Execution finished before waitTime
