[INFO -- 2018-10-09 23:04:41]
sending 5 signals using command: 'killall -2 fft_nn.out' after 21.5286644865s
[INFO -- 2018-10-09 23:04:41]
sending 5 signals using command: 'killall -2 fft_nn.out' after 21.6925730036s
[INFO -- 2018-10-09 23:04:43]
sending 5 signals using command: 'killall -2 fft_nn.out' after 23.0389342385s
[INFO -- 2018-10-09 23:04:43]
Starting GDB script
[INFO -- 2018-10-09 23:04:43]
initSignal:0.0
[INFO -- 2018-10-09 23:04:43]
endSignal:5.0
[INFO -- 2018-10-09 23:04:44]
sending 5 signals using command: 'killall -2 fft_nn.out' after 0.970207528132s
[INFO -- 2018-10-09 23:04:45]
sending 5 signals using command: 'killall -2 fft_nn.out' after 2.83910853912s
[INFO -- 2018-10-09 23:04:46]
sending 5 signals using command: 'killall -2 fft_nn.out' after 3.30414411983s
[INFO -- 2018-10-09 23:05:04]
Execution finished before waitTime
