[INFO -- 2018-12-09 18:38:44]
Starting flip_value script
version: 1.1
[INFO -- 2018-12-09 18:38:44]
Initialization strings:
[INFO -- 2018-12-09 18:38:44]
(1) file /home/melkor/ETAPA2/dup_nn/nn-knl-files/nn
[INFO -- 2018-12-09 18:38:44]
(2) set args /home/melkor/ETAPA2/dup_nn/nn-knl-files/filelist 20 5 5 /home/melkor/ETAPA2/dup_nn/nn-knl-files/out20_5_5
[INFO -- 2018-12-09 18:38:44]
initSignal:0
[INFO -- 2018-12-09 18:38:44]
endSignal:1
[INFO -- 2018-12-09 18:38:44]
faultModel:1
[EXCEPTION -- 2018-12-09 18:38:45]
gdbException: Tentativo de desreferenciar um ponteiro genérico.
[EXCEPTION -- 2018-12-09 18:38:45]
pythonException: invalid frame
[EXCEPTION -- 2018-12-09 18:38:45]
pythonException: invalid frame
[EXCEPTION -- 2018-12-09 18:38:45]
pythonException: invalid frame
[INFO -- 2018-12-09 18:38:45]
Backtrace BEGIN:
#0  0x00007ffff7820eeb in ?? () from /usr/lib/x86_64-linux-gnu/libgomp.so.1
#1  0x00007ffff781f392 in ?? () from /usr/lib/x86_64-linux-gnu/libgomp.so.1
#2  0x00007ffff7815eca in GOMP_parallel () from /usr/lib/x86_64-linux-gnu/libgomp.so.1
#3  0x00005555555555ed in main (argc=6, argv=0x7fffffffded8) at nn.c:196

2284	in rtld.c

Backtrace END
Fliping a bit of the value pointed by a pointer
Fliping value of field: dist
Memory content before bitflip:0x000x000x000x400xac0xd10x000x40
Fault Model: Double bit-flip
base address to flip value: 0x5555557589f8
address max offset: 8
Memory content after  bitflip:0x000x0a0x000x400xac0xd10x000x40
frame name: main
symbol name: neighbors_dup
symbol filename: nn.c
symbol line: 94
value: 0x5555557589c0
value address: 0x7fffffffdb58
Type: The type is a pointer.
Type sizeof: 8

[INFO -- 2018-12-09 18:38:45]
Fault Injection Successful after 1.7246005535125732s
[INFO -- 2018-12-09 18:38:46]
event type: exit
[INFO -- 2018-12-09 18:38:46]
exit code: 0
