[INFO -- 2018-10-12 03:27:55]
Starting flip_value script
version: 1.1
[INFO -- 2018-10-12 03:27:55]
Initialization strings:
[INFO -- 2018-10-12 03:27:55]
(1) file /tmp/fft_nn/fft_nn.out
[INFO -- 2018-10-12 03:27:55]
(2) set args 32768 /tmp/fft_nn/output_falha.data
[INFO -- 2018-10-12 03:27:55]
initSignal:10
[INFO -- 2018-10-12 03:27:55]
endSignal:15
[INFO -- 2018-10-12 03:27:55]
faultModel:2
[INFO -- 2018-10-12 03:28:06]
Backtrace BEGIN:
#0  0x00007ffff7029a3c in _IO_vfscanf_internal (s=s@entry=0x6062c0, format=<optimized out>, argptr=argptr@entry=0x7fffffffd408, errp=errp@entry=0x0) at vfscanf.c:1781
#1  0x00007ffff7032162 in __isoc99_fscanf (stream=0x6062c0, format=<optimized out>) at isoc99_fscanf.c:34
#2  0x00007ffff7bcebc0 in fann_create_from_fd () from /usr/local/lib/libfann.so.2
#3  0x00007ffff7bcf608 in fann_create_from_file () from /usr/local/lib/libfann.so.2
#4  0x00000000004019b7 in radix2DitCooleyTykeyFft(int, int*, Complex*, Complex*) ()
#5  0x0000000000401631 in main ()

1776	vfscanf.c: Arquivo ou diretório não encontrado.

Backtrace END
Fliping a bit of the pointer
Memory content before bitflip:0x000x000x000x000x000x000x000x00
Fault Model: Random bit-flip
base address to flip value: 0x7fffffffd198
address max offset: 8
Memory content after  bitflip:0x090x8d0x930xa20xb70x730x290xbc
frame name: _IO_vfscanf_internal
symbol name: str
symbol filename: vfscanf.c
symbol line: 262
value: 0x0
value address: 0x7fffffffd198
Type: The type is a pointer.
Type sizeof: 8

[INFO -- 2018-10-12 03:28:06]
Fault Injection Successful after 11.181675672531128s
[INFO -- 2018-10-12 03:28:15]
event type: exit
[INFO -- 2018-10-12 03:28:15]
exit code: 0
