[INFO -- 2018-10-07 19:32:50]
Starting flip_value script
version: 1.1
[INFO -- 2018-10-07 19:32:50]
Initialization strings:
[INFO -- 2018-10-07 19:32:50]
(1) file /tmp/fft_nn/fft_nn.out
[INFO -- 2018-10-07 19:32:50]
(2) set args 32768 /tmp/fft_nn/output_falha.data
[INFO -- 2018-10-07 19:32:50]
initSignal:0
[INFO -- 2018-10-07 19:32:50]
endSignal:5
[INFO -- 2018-10-07 19:32:50]
faultModel:0
[INFO -- 2018-10-07 19:32:51]
Backtrace BEGIN:
#0  0x00007ffff7de65a4 in elf_machine_rela (reloc=0x7ffff79067b0, reloc=0x7ffff79067b0, skip_ifunc=<optimized out>, reloc_addr_arg=0x7ffff7ba2cd8, version=0x7ffff7fd3030, sym=0x7ffff78ca390, map=0x7ffff7fd64f0) at ../sysdeps/x86_64/dl-machine.h:276
#1  elf_dynamic_do_Rela (skip_ifunc=<optimized out>, lazy=<optimized out>, nrelative=<optimized out>, relsize=<optimized out>, reladdr=<optimized out>, map=0x7ffff7fd64f0) at do-rel.h:137
#2  _dl_relocate_object (scope=<optimized out>, reloc_mode=<optimized out>, consider_profiling=<optimized out>, consider_profiling@entry=0) at dl-reloc.c:264
#3  0x00007ffff7dde3a2 in dl_main (phdr=<optimized out>, phdr@entry=0x400040, phnum=<optimized out>, phnum@entry=9, user_entry=user_entry@entry=0x7fffffffdd68, auxv=<optimized out>) at rtld.c:2237
#4  0x00007ffff7df15f5 in _dl_sysdep_start (start_argptr=start_argptr@entry=0x7fffffffde50, dl_main=dl_main@entry=0x7ffff7ddc260 <dl_main>) at ../elf/dl-sysdep.c:249
#5  0x00007ffff7ddbbb8 in _dl_start_final (arg=0x7fffffffde50) at rtld.c:347
#6  _dl_start (arg=0x7fffffffde50) at rtld.c:573
#7  0x00007ffff7ddb268 in _start () from /lib64/ld-linux-x86-64.so.2
#8  0x0000000000000003 in ?? ()
#9  0x00007fffffffe103 in ?? ()
#10 0x00007fffffffe11a in ?? ()
#11 0x00007fffffffe120 in ?? ()
#12 0x0000000000000000 in ?? ()

271	../sysdeps/x86_64/dl-machine.h: Arquivo ou diretório não encontrado.

Backtrace END
Fliping a bit of the pointer
Memory content before bitflip:0x000x000x000x000x000x000x000x00
Fault Model: Single bit-flip
base address to flip value: 0x7fffffffdb48
address max offset: 8
Memory content after  bitflip:0x000x000x000x000x000x020x000x00
frame name: elf_dynamic_do_Rela
symbol name: end2
symbol filename: do-rel.h
symbol line: 51
value: 0x0
value address: 0x7fffffffdb48
Type: The type is a pointer.
Type sizeof: 8

[INFO -- 2018-10-07 19:32:51]
Fault Injection Successful after 1.0080265998840332s
[INFO -- 2018-10-07 19:33:10]
event type: exit
[INFO -- 2018-10-07 19:33:10]
exit code: 0
