[INFO -- 2018-10-15 10:35:42]
sending 5 signals using command: 'killall -2 inversek2j_nn.out' after 21.080119121s
[INFO -- 2018-10-15 10:35:45]
sending 5 signals using command: 'killall -2 inversek2j_nn.out' after 24.5900848237s
[INFO -- 2018-10-15 10:35:46]
sending 5 signals using command: 'killall -2 inversek2j_nn.out' after 25.4642082649s
[INFO -- 2018-10-15 10:35:46]
Starting GDB script
[INFO -- 2018-10-15 10:35:46]
initSignal:30.0
[INFO -- 2018-10-15 10:35:46]
endSignal:40.0
[INFO -- 2018-10-15 10:36:19]
sending 5 signals using command: 'killall -2 inversek2j_nn.out' after 32.2148831239s
[INFO -- 2018-10-15 10:36:22]
sending 5 signals using command: 'killall -2 inversek2j_nn.out' after 35.6425091272s
[INFO -- 2018-10-15 10:36:25]
sending 5 signals using command: 'killall -2 inversek2j_nn.out' after 38.4563348283s
[INFO -- 2018-10-15 10:36:32]
Execution finished before waitTime
