[INFO -- 2018-10-11 10:26:33]
sending 5 signals using command: 'killall -2 fft_nn.out' after 21.7047287312s
[INFO -- 2018-10-11 10:26:33]
sending 5 signals using command: 'killall -2 fft_nn.out' after 21.7194835593s
[INFO -- 2018-10-11 10:26:35]
sending 5 signals using command: 'killall -2 fft_nn.out' after 22.995467668s
[INFO -- 2018-10-11 10:26:35]
Starting GDB script
[INFO -- 2018-10-11 10:26:35]
initSignal:0.0
[INFO -- 2018-10-11 10:26:35]
endSignal:5.0
[INFO -- 2018-10-11 10:26:35]
sending 5 signals using command: 'killall -2 fft_nn.out' after 0.659775301829s
[INFO -- 2018-10-11 10:26:38]
sending 5 signals using command: 'killall -2 fft_nn.out' after 3.68005474111s
[INFO -- 2018-10-11 10:26:39]
sending 5 signals using command: 'killall -2 fft_nn.out' after 4.19779392231s
[INFO -- 2018-10-11 10:26:56]
Execution finished before waitTime
