[INFO -- 2018-12-09 14:50:27]
Starting flip_value script
version: 1.1
[INFO -- 2018-12-09 14:50:27]
Initialization strings:
[INFO -- 2018-12-09 14:50:27]
(1) file /home/melkor/ETAPA2/dup_nn/nn-knl-files/nn
[INFO -- 2018-12-09 14:50:27]
(2) set args /home/melkor/ETAPA2/dup_nn/nn-knl-files/filelist 20 5 5 /home/melkor/ETAPA2/dup_nn/nn-knl-files/out20_5_5
[INFO -- 2018-12-09 14:50:27]
initSignal:0
[INFO -- 2018-12-09 14:50:27]
endSignal:1
[INFO -- 2018-12-09 14:50:27]
faultModel:4
[EXCEPTION -- 2018-12-09 14:50:27]
pythonException: invalid frame
[INFO -- 2018-12-09 14:50:27]
Backtrace BEGIN:
#0  0x00007ffff78210d3 in ?? () from /usr/lib/x86_64-linux-gnu/libgomp.so.1
#1  0x00007ffff781fda9 in ?? () from /usr/lib/x86_64-linux-gnu/libgomp.so.1
#2  0x00005555555555ed in main (argc=6, argv=0x7fffffffdf08) at nn.c:196

68	      fclose(logfile);
69	    }
70		
71		
72		if(file != NULL){	// isso aqui tava dando segfault
73			fclose(file);
74		}
75		
76	}
77	

Backtrace END
Fliping array at pos: 319
Memory content before bitflip:0x20
Fault Model: LSB bit-flip
base address to flip value: 0x7fffffffdd5f 
address max offset: 1
Memory content after  bitflip:0x30
frame name: main
symbol name: sandbox
symbol filename: nn.c
symbol line: 85
value: "1981  4 22  6 11 MICHAEL    14.5 120.0   57  293\n1983 11  9 18 14 GORDON     18.8 296.5   84  630\n1999 10  1  6 15 KIRK       55.8 134.6  150  134\n2001  2 10 18 16 GORDON     43.1 270.2   48   11\n1955"...
value address: 0x7fffffffdc20
Type: The type is an array.
Type sizeof: 490
Field name: None
Field Type: A range type, that is, an integer type with bounds.
Field Type sizeof: 8
Field Type range: (0, 489)

[INFO -- 2018-12-09 14:50:27]
Fault Injection Successful after 0.5125916004180908s
[INFO -- 2018-12-09 14:50:27]
event type: exit
[INFO -- 2018-12-09 14:50:27]
exit code: 0
