[INFO -- 2018-10-08 02:54:52]
sending 5 signals using command: 'killall -2 fft_nn.out' after 22.3194723898s
[INFO -- 2018-10-08 02:54:53]
sending 5 signals using command: 'killall -2 fft_nn.out' after 23.891286448s
[INFO -- 2018-10-08 02:54:54]
sending 5 signals using command: 'killall -2 fft_nn.out' after 24.312832129s
[INFO -- 2018-10-08 02:54:54]
Starting GDB script
[INFO -- 2018-10-08 02:54:54]
initSignal:0.0
[INFO -- 2018-10-08 02:54:54]
endSignal:5.0
[INFO -- 2018-10-08 02:54:56]
sending 5 signals using command: 'killall -2 fft_nn.out' after 1.90548586143s
[INFO -- 2018-10-08 02:54:56]
sending 5 signals using command: 'killall -2 fft_nn.out' after 2.33273384527s
[INFO -- 2018-10-08 02:54:58]
sending 5 signals using command: 'killall -2 fft_nn.out' after 4.21611369035s
[INFO -- 2018-10-08 02:55:14]
Execution finished before waitTime
