[INFO -- 2018-10-19 06:20:07]
Starting flip_value script
version: 1.1
[INFO -- 2018-10-19 06:20:07]
Initialization strings:
[INFO -- 2018-10-19 06:20:07]
(1) file /home/latansini/Desktop/trabalhoftf/carol-fi/sample-code/knn/nn-knl-files/nn
[INFO -- 2018-10-19 06:20:07]
(2) set args /home/latansini/Desktop/trabalhoftf/carol-fi/sample-code/knn/nn-knl-files/filelist 15 25 25 /home/latansini/Desktop/trabalhoftf/carol-fi/sample-code/knn/nn-knl-files/out15_25_25
[INFO -- 2018-10-19 06:20:07]
initSignal:0
[INFO -- 2018-10-19 06:20:07]
endSignal:1
[INFO -- 2018-10-19 06:20:07]
faultModel:0
[EXCEPTION -- 2018-10-19 06:20:07]
pythonException: invalid frame
[EXCEPTION -- 2018-10-19 06:20:07]
pythonException: invalid frame
[EXCEPTION -- 2018-10-19 06:20:07]
pythonException: invalid frame
[INFO -- 2018-10-19 06:20:07]
Backtrace BEGIN:
#0  0x000000000040121e in main (argc=6, argv=0x7fffffffd8b8) at nn.c:131

126	        for( i = 0 ; i < rec_count ; i++ ) {
127	            float max_dist = -1;
128	            int max_idx = 0;
129	            // find a neighbor with greatest dist and take his spot if allowed!
130	            for( j = 0 ; j < k ; j++ ) {
131	                if( neighbors[j].dist > max_dist ) {
132	                    max_dist = neighbors[j].dist;
133	                    max_idx = j;
134	                }
135	            }

Backtrace END
Memory content before bitflip:0x000x000x000x00
Fault Model: Single bit-flip
base address to flip value: 0x7fffffffd504
address max offset: 4
Memory content after  bitflip:0x010x000x000x00
frame name: main
symbol name: done
symbol filename: nn.c
symbol line: 31
value: 1
value address: 0x7fffffffd504
Type: The type is an integer type.
Type sizeof: 4

[INFO -- 2018-10-19 06:20:07]
Fault Injection Successful after 0.8879282474517822s
[INFO -- 2018-10-19 06:20:07]
event type: exit
[INFO -- 2018-10-19 06:20:07]
exit code: 0
