[INFO -- 2018-10-11 04:26:25]
sending 5 signals using command: 'killall -2 fft_nn.out' after 21.60074489s
[INFO -- 2018-10-11 04:26:27]
sending 5 signals using command: 'killall -2 fft_nn.out' after 23.4086546926s
[INFO -- 2018-10-11 04:26:29]
sending 5 signals using command: 'killall -2 fft_nn.out' after 24.9022934281s
[INFO -- 2018-10-11 04:26:29]
Starting GDB script
[INFO -- 2018-10-11 04:26:29]
initSignal:0.0
[INFO -- 2018-10-11 04:26:29]
endSignal:5.0
[INFO -- 2018-10-11 04:26:30]
sending 5 signals using command: 'killall -2 fft_nn.out' after 1.43991970643s
[INFO -- 2018-10-11 04:26:31]
sending 5 signals using command: 'killall -2 fft_nn.out' after 1.84245268225s
[INFO -- 2018-10-11 04:26:33]
sending 5 signals using command: 'killall -2 fft_nn.out' after 3.82778047206s
[INFO -- 2018-10-11 04:26:50]
Execution finished before waitTime
