[INFO -- 2018-10-09 08:30:28]
sending 5 signals using command: 'killall -2 fft_nn.out' after 23.2497314231s
[INFO -- 2018-10-09 08:30:29]
sending 5 signals using command: 'killall -2 fft_nn.out' after 24.0373491177s
[INFO -- 2018-10-09 08:30:30]
sending 5 signals using command: 'killall -2 fft_nn.out' after 24.9794096869s
[INFO -- 2018-10-09 08:30:30]
Starting GDB script
[INFO -- 2018-10-09 08:30:30]
initSignal:0.0
[INFO -- 2018-10-09 08:30:30]
endSignal:5.0
[INFO -- 2018-10-09 08:30:30]
sending 5 signals using command: 'killall -2 fft_nn.out' after 0.0914522314231s
[INFO -- 2018-10-09 08:30:32]
sending 5 signals using command: 'killall -2 fft_nn.out' after 2.4938564131s
[INFO -- 2018-10-09 08:30:33]
sending 5 signals using command: 'killall -2 fft_nn.out' after 3.23901112398s
[INFO -- 2018-10-09 08:30:51]
Execution finished before waitTime
