[INFO -- 2018-10-18 13:01:49]
Starting flip_value script
version: 1.1
[INFO -- 2018-10-18 13:01:49]
Initialization strings:
[INFO -- 2018-10-18 13:01:49]
(1) file /home/latansini/Desktop/trabalhoftf/carol-fi/sample-code/knn/nn-knl-files/nn
[INFO -- 2018-10-18 13:01:49]
(2) set args /home/latansini/Desktop/trabalhoftf/carol-fi/sample-code/knn/nn-knl-files/filelist 15 25 25 /home/latansini/Desktop/trabalhoftf/carol-fi/sample-code/knn/nn-knl-files/out15_25_25
[INFO -- 2018-10-18 13:01:49]
initSignal:0
[INFO -- 2018-10-18 13:01:49]
endSignal:1
[INFO -- 2018-10-18 13:01:49]
faultModel:0
[EXCEPTION -- 2018-10-18 13:01:49]
pythonException: invalid frame
[EXCEPTION -- 2018-10-18 13:01:49]
pythonException: invalid frame
[EXCEPTION -- 2018-10-18 13:01:49]
pythonException: invalid frame
[INFO -- 2018-10-18 13:01:49]
Backtrace BEGIN:
#0  0x00007ffff78bdc2e in ?? () from /usr/lib/x86_64-linux-gnu/libgomp.so.1
#1  0x00007ffff78bc0e2 in ?? () from /usr/lib/x86_64-linux-gnu/libgomp.so.1
#2  0x0000000000401184 in main (argc=6, argv=0x7fffffffd8b8) at nn.c:115

20	* This program finds the k-nearest neighbors
21	* Usage:	./nn <filelist> <num> <target latitude> <target longitude> <out filename>
22	*			filelist: File with the filenames to the records
23	*			num: Number of nearest neighbors to find
24	*			target lat: Latitude coordinate for distance calculations
25	*			target long: Longitude coordinate for distance calculations
26	* The filelist and data are generated by hurricane_gen.c
27	* REC_WINDOW has been arbitrarily assigned; A larger value would allow more work for the threads
28	*/
29	int main(int argc, char* argv[]) {

Backtrace END
Fliping array at pos: 369
Memory content before bitflip:0x20
Fault Model: Single bit-flip
base address to flip value: 0x7fffffffd731 
address max offset: 1
Memory content after  bitflip:0x24
frame name: main
symbol name: sandbox
symbol filename: nn.c
symbol line: 32
value: "1953  4  7 18 14 DEBBY      30.7 299.6   26  682\n1988  1  2  6  4 NADINE     67.2   5.2   81  492\n1989 10 26 18  9 TONY       22.3 247.9  144  737\n1987  3 26  0 14 BERYL      12.5 162.7  130  521\n2000"...
value address: 0x7fffffffd5c0
Type: The type is an array.
Type sizeof: 490
Field name: None
Field Type: A range type, that is, an integer type with bounds.
Field Type sizeof: 8
Field Type range: (0, 489)

[INFO -- 2018-10-18 13:01:49]
Fault Injection Successful after 0.6888015270233154s
[INFO -- 2018-10-18 13:01:54]
event type: exit
[INFO -- 2018-10-18 13:01:54]
exit code: 0
