[INFO -- 2018-12-01 01:06:06]
Starting flip_value script
version: 1.1
[INFO -- 2018-12-01 01:06:06]
Initialization strings:
[INFO -- 2018-12-01 01:06:06]
(1) file /home/lignati/carol-fi/codes/inversefulldup/inversek2j.nn.out
[INFO -- 2018-12-01 01:06:06]
(2) set args /home/lignati/carol-fi/codes/inversefulldup/input_250k /home/lignati/carol-fi/codes/inversefulldup/output_falha.data
[INFO -- 2018-12-01 01:06:06]
initSignal:0
[INFO -- 2018-12-01 01:06:06]
endSignal:25
[INFO -- 2018-12-01 01:06:06]
faultModel:1
[INFO -- 2018-12-01 01:06:11]
Backtrace BEGIN:
#0  0x00007ffff7015381 in __GI_____strtof_l_internal (nptr=<optimized out>, endptr=0x7fffffffcd60, group=<optimized out>, loc=<optimized out>) at strtod_l.c:851
#1  0x00007ffff7012d60 in __GI___strtof_internal (nptr=<optimized out>, endptr=<optimized out>, group=<optimized out>) at strtod.c:54
#2  0x00007ffff702c948 in _IO_vfscanf_internal (s=s@entry=0x6085c0, format=<optimized out>, argptr=argptr@entry=0x7fffffffcf38, errp=errp@entry=0x0) at vfscanf.c:2365
#3  0x00007ffff7033162 in __isoc99_fscanf (stream=0x6085c0, format=<optimized out>) at isoc99_fscanf.c:34
#4  0x00007ffff7bcaadf in fann_create_from_fd () from /usr/local/lib/libfann.so.2
#5  0x00007ffff7bc8073 in fann_create_from_file () from /usr/local/lib/libfann.so.2
#6  0x0000000000402061 in inversek2j(float, float, float*, float*) ()
#7  0x000000000040179a in main ()

846	strtod_l.c: No such file or directory.

Backtrace END
Memory content before bitflip:0x000x010x000x000x000x000x000x00
Fault Model: Double bit-flip
base address to flip value: 0x7fffffffcd10
address max offset: 8
Memory content after  bitflip:0x000x010x000x000x000x060x000x00
frame name: _IO_vfscanf_internal
symbol name: wpmax
symbol filename: vfscanf.c
symbol line: 273
value: 6597069766912
value address: 0x7fffffffcd10
Type: The type is an integer type.
Type sizeof: 8

[INFO -- 2018-12-01 01:06:11]
Fault Injection Successful after 5.307093381881714s
[INFO -- 2018-12-01 01:06:31]
event type: exit
[INFO -- 2018-12-01 01:06:31]
exit code: 0
