[INFO -- 2018-12-01 01:06:14]
Starting flip_value script
version: 1.1
[INFO -- 2018-12-01 01:06:14]
Initialization strings:
[INFO -- 2018-12-01 01:06:14]
(1) file /home/latansini/Desktop/CAROL-FI/etapa2/carol-fi/codes/fftfulldup/fft_nn.out
[INFO -- 2018-12-01 01:06:14]
(2) set args 32768 /home/latansini/Desktop/CAROL-FI/etapa2/carol-fi/codes/fftfulldup/output.data
[INFO -- 2018-12-01 01:06:14]
initSignal:0
[INFO -- 2018-12-01 01:06:14]
endSignal:40
[INFO -- 2018-12-01 01:06:14]
faultModel:0
[EXCEPTION -- 2018-12-01 01:06:18]
gdbException: Tentativo de desreferenciar um ponteiro genérico.
[INFO -- 2018-12-01 01:06:18]
Backtrace BEGIN:
#0  0x00007ffff6faf932 in _IO_vfscanf_internal (s=s@entry=0x618f00, format=<optimized out>, argptr=argptr@entry=0x7fffffffd2a8, errp=errp@entry=0x0) at vfscanf.c:2108
#1  0x00007ffff6fb5162 in __isoc99_fscanf (stream=0x618f00, format=<optimized out>) at isoc99_fscanf.c:34
#2  0x00007ffff7bcf0eb in fann_create_from_fd () from /usr/local/lib/libfann.so.2
#3  0x00007ffff7bcf608 in fann_create_from_file () from /usr/local/lib/libfann.so.2
#4  0x0000000000401de7 in radix2DitCooleyTykeyFft(int, int*, Complex*, Complex*) ()
#5  0x0000000000401857 in main ()

2103	in vfscanf.c

Backtrace END
Memory content before bitflip:0x01
Fault Model: Single bit-flip
base address to flip value: 0x7fffffffd010 
address max offset: 1
Memory content after  bitflip:0x11
frame name: _IO_vfscanf_internal
symbol name: got_digit
symbol filename: vfscanf.c
symbol line: 232
value: 17 '\021'
value address: 0x7fffffffd010 "\021"
Type: The type is an integer type.
Type sizeof: 1

[INFO -- 2018-12-01 01:06:18]
Fault Injection Successful after 4.873706579208374s
[INFO -- 2018-12-01 01:06:54]
event type: exit
[INFO -- 2018-12-01 01:06:54]
exit code: 0
