[INFO -- 2018-12-01 13:39:21]
Starting flip_value script
version: 1.1
[INFO -- 2018-12-01 13:39:21]
Initialization strings:
[INFO -- 2018-12-01 13:39:21]
(1) file /home/lignati/carol-fi/codes/inversefulldup/inversek2j.nn.out
[INFO -- 2018-12-01 13:39:21]
(2) set args /home/lignati/carol-fi/codes/inversefulldup/input_250k /home/lignati/carol-fi/codes/inversefulldup/output_falha.data
[INFO -- 2018-12-01 13:39:21]
initSignal:0
[INFO -- 2018-12-01 13:39:21]
endSignal:25
[INFO -- 2018-12-01 13:39:21]
faultModel:4
[INFO -- 2018-12-01 13:39:21]
Backtrace BEGIN:
#0  _IO_vfscanf_internal (s=s@entry=0x6085c0, format=<optimized out>, argptr=argptr@entry=0x7fffffffcf38, errp=errp@entry=0x0) at vfscanf.c:469
#1  0x00007ffff7033162 in __isoc99_fscanf (stream=0x6085c0, format=<optimized out>) at isoc99_fscanf.c:34
#2  0x00007ffff7bcac42 in fann_create_from_fd () from /usr/local/lib/libfann.so.2
#3  0x00007ffff7bc8073 in fann_create_from_file () from /usr/local/lib/libfann.so.2
#4  0x0000000000402061 in inversek2j(float, float, float*, float*) ()
#5  0x000000000040179a in main ()

464	vfscanf.c: No such file or directory.

Backtrace END
Fliping value of field: __count
Memory content before bitflip:0x000x000x000x00
Fault Model: LSB bit-flip
base address to flip value: 0x7fffffffcd50
address max offset: 4
Memory content after  bitflip:0x000x000x000x02
frame name: _IO_vfscanf_internal
symbol name: state
symbol filename: vfscanf.c
symbol line: 252
value: {__count = 33554432, __value = {__wch = 0, __wchb = "\000\000\000"}}
value address: 0x7fffffffcd50
Type: The type is a structure.
Type sizeof: 8
Field name: __count
Field Type: The type is an integer type.
Field Type sizeof: 4
Field name: __value
Field Type: The type is a union.
Field Type sizeof: 4

[INFO -- 2018-12-01 13:39:21]
Fault Injection Successful after 0.981137752532959s
[INFO -- 2018-12-01 13:39:47]
event type: exit
[INFO -- 2018-12-01 13:39:47]
exit code: 0
