[INFO -- 2018-10-16 14:55:37]
Starting flip_value script
version: 1.1
[INFO -- 2018-10-16 14:55:37]
Initialization strings:
[INFO -- 2018-10-16 14:55:37]
(1) file /home/latansini/Desktop/trabalhoftf/carol-fi/sample-code/inverse_nn/inversek2j_nn.out
[INFO -- 2018-10-16 14:55:37]
(2) set args /home/latansini/Desktop/trabalhoftf/carol-fi/sample-code/inverse_nn/input_250k /home/latansini/Desktop/trabalhoftf/carol-fi/sample-code/inverse_nn/output_falha.data
[INFO -- 2018-10-16 14:55:37]
initSignal:8
[INFO -- 2018-10-16 14:55:37]
endSignal:10
[INFO -- 2018-10-16 14:55:37]
faultModel:4
[INFO -- 2018-10-16 14:55:45]
Backtrace BEGIN:
#0  0x00007ffff7011e46 in str_to_mpn (str=0x7fffffffccdb "86543273926e-01", str@entry=0x7fffffffccd0 "2.41455867886543273926e-01", digcnt=11, digcnt@entry=21, n=n@entry=0x7fffffffcbf0, nsize=nsize@entry=0x7fffffffcbc0, exponent=exponent@entry=0x7fffffffcbd0, decimal_len=decimal_len@entry=1, thousands=thousands@entry=0x0, decimal=<optimized out>) at strtod_l.c:398
#1  0x00007ffff7012c2b in __GI_____strtof_l_internal (nptr=<optimized out>, endptr=<optimized out>, group=<optimized out>, loc=<optimized out>) at strtod_l.c:1427
#2  0x00007ffff7011d60 in __GI___strtof_internal (nptr=<optimized out>, endptr=<optimized out>, group=<optimized out>) at strtod.c:54
#3  0x00007ffff702b948 in _IO_vfscanf_internal (s=s@entry=0x608610, format=<optimized out>, argptr=argptr@entry=0x7fffffffd0d8, errp=errp@entry=0x0) at vfscanf.c:2365
#4  0x00007ffff7032162 in __isoc99_fscanf (stream=0x608610, format=<optimized out>) at isoc99_fscanf.c:34
#5  0x00007ffff7bcf187 in fann_create_from_fd () from /usr/local/lib/libfann.so.2
#6  0x00007ffff7bcf608 in fann_create_from_file () from /usr/local/lib/libfann.so.2
#7  0x000000000040199e in inversek2j(float, float, float*, float*) ()
#8  0x0000000000401631 in main ()

393	strtod_l.c: Arquivo ou diretório não encontrado.

Backtrace END
Fliping array at pos: 0
Fliping value of field: fp_offset
Memory content before bitflip:0x300x000x000x00
Fault Model: LSB bit-flip
base address to flip value: 0x7fffffffd0dc
address max offset: 4
Memory content after  bitflip:0x300x000x000x02
frame name: __isoc99_fscanf
symbol name: arg
symbol filename: isoc99_fscanf.c
symbol line: 27
value: {{gp_offset = 16, fp_offset = 33554480, overflow_arg_area = 0x7fffffffd1b0, reg_save_area = 0x7fffffffd0f0}}
value address: 0x7fffffffd0d8
Type: The type is an array.
Type sizeof: 24

[INFO -- 2018-10-16 14:55:45]
Fault Injection Successful after 8.478553771972656s
[INFO -- 2018-10-16 14:55:47]
event type: exit
[INFO -- 2018-10-16 14:55:47]
exit code: 0
