[INFO -- 2018-10-10 12:44:03]
sending 5 signals using command: 'killall -2 fft_nn.out' after 23.0380892368s
[INFO -- 2018-10-10 12:44:03]
sending 5 signals using command: 'killall -2 fft_nn.out' after 23.384901335s
[INFO -- 2018-10-10 12:44:04]
sending 5 signals using command: 'killall -2 fft_nn.out' after 24.8043977957s
[INFO -- 2018-10-10 12:44:04]
Starting GDB script
[INFO -- 2018-10-10 12:44:04]
initSignal:0.0
[INFO -- 2018-10-10 12:44:04]
endSignal:5.0
[INFO -- 2018-10-10 12:44:06]
sending 5 signals using command: 'killall -2 fft_nn.out' after 1.31191243622s
[INFO -- 2018-10-10 12:44:07]
sending 5 signals using command: 'killall -2 fft_nn.out' after 3.03014676299s
[INFO -- 2018-10-10 12:44:09]
sending 5 signals using command: 'killall -2 fft_nn.out' after 4.38549405358s
[INFO -- 2018-10-10 12:44:25]
Execution finished before waitTime
