[INFO -- 2018-10-07 03:30:40]
Starting flip_value script
version: 1.1
[INFO -- 2018-10-07 03:30:40]
Initialization strings:
[INFO -- 2018-10-07 03:30:40]
(1) file /tmp/fft_nn/fft_nn.out
[INFO -- 2018-10-07 03:30:40]
(2) set args 32768 /tmp/fft_nn/output_falha.data
[INFO -- 2018-10-07 03:30:40]
initSignal:5
[INFO -- 2018-10-07 03:30:40]
endSignal:10
[INFO -- 2018-10-07 03:30:40]
faultModel:1
[INFO -- 2018-10-07 03:30:47]
Backtrace BEGIN:
#0  0x00007ffff70287d4 in _IO_vfscanf_internal (s=s@entry=0x6062c0, format=<optimized out>, argptr=argptr@entry=0x7fffffffd8c8, errp=errp@entry=0x0) at vfscanf.c:404
#1  0x00007ffff7032162 in __isoc99_fscanf (stream=0x6062c0, format=<optimized out>) at isoc99_fscanf.c:34
#2  0x00007ffff7bce9e7 in fann_create_from_fd () from /usr/local/lib/libfann.so.2
#3  0x00007ffff7bcf608 in fann_create_from_file () from /usr/local/lib/libfann.so.2
#4  0x00000000004019b7 in radix2DitCooleyTykeyFft(int, int*, Complex*, Complex*) ()
#5  0x0000000000401631 in main ()

399	vfscanf.c: Arquivo ou diretório não encontrado.

Backtrace END
Fliping a bit of the pointer
Memory content before bitflip:0x000x000x000x000x000x000x000x00
Fault Model: Double bit-flip
base address to flip value: 0x7fffffffd648
address max offset: 8
Memory content after  bitflip:0x000xa00x000x000x000x000x000x00
frame name: _IO_vfscanf_internal
symbol name: ptrs_to_free
symbol filename: vfscanf.c
symbol line: 250
value: 0x0
value address: 0x7fffffffd648
Type: The type is a pointer.
Type sizeof: 8

[INFO -- 2018-10-07 03:30:47]
Fault Injection Successful after 7.145130157470703s
[INFO -- 2018-10-07 03:31:00]
event type: exit
[INFO -- 2018-10-07 03:31:00]
exit code: 0
