[INFO -- 2018-10-15 17:16:51]
Starting flip_value script
version: 1.1
[INFO -- 2018-10-15 17:16:51]
Initialization strings:
[INFO -- 2018-10-15 17:16:51]
(1) file /home/latansini/Desktop/trabalhoftf/carol-fi/sample-code/inverse_nn/inversek2j_nn.out
[INFO -- 2018-10-15 17:16:51]
(2) set args /home/latansini/Desktop/trabalhoftf/carol-fi/sample-code/inverse_nn/input_250k /home/latansini/Desktop/trabalhoftf/carol-fi/sample-code/inverse_nn/output_falha.data
[INFO -- 2018-10-15 17:16:51]
initSignal:0
[INFO -- 2018-10-15 17:16:51]
endSignal:2
[INFO -- 2018-10-15 17:16:51]
faultModel:0
[INFO -- 2018-10-15 17:16:51]
Backtrace BEGIN:
#0  0x00007ffff70530d6 in _int_free (av=0x7ffff7396760 <main_arena>, p=0x6085b0, have_lock=0) at malloc.c:3835
#1  0x00007ffff794a7ee in std::num_get<char, std::istreambuf_iterator<char, std::char_traits<char> > >::do_get(std::istreambuf_iterator<char, std::char_traits<char> >, std::istreambuf_iterator<char, std::char_traits<char> >, std::ios_base&, std::_Ios_Iostate&, float&) const () from /usr/lib/x86_64-linux-gnu/libstdc++.so.6
#2  0x00007ffff793b0d5 in std::istream& std::istream::_M_extract<float>(float&) () from /usr/lib/x86_64-linux-gnu/libstdc++.so.6
#3  0x0000000000401470 in main ()

3830	malloc.c: Arquivo ou diretório não encontrado.

Backtrace END
Memory content before bitflip:0x000x000x000x00
Fault Model: Single bit-flip
base address to flip value: 0x7fffffffd1b0
address max offset: 4
Memory content after  bitflip:0x000x020x000x00
frame name: _int_free
symbol name: have_lock
symbol filename: malloc.c
symbol line: 3815
value: 512
value address: 0x7fffffffd1b0
Type: The type is an integer type.
Type sizeof: 4

[INFO -- 2018-10-15 17:16:51]
Fault Injection Successful after 0.7030208110809326s
[INFO -- 2018-10-15 17:17:01]
event type: exit
[INFO -- 2018-10-15 17:17:01]
exit code: 0
