[INFO -- 2018-12-01 02:14:32]
Starting flip_value script
version: 1.1
[INFO -- 2018-12-01 02:14:32]
Initialization strings:
[INFO -- 2018-12-01 02:14:32]
(1) file /home/latansini/Desktop/CAROL-FI/etapa2/carol-fi/codes/fftfulldup/fft_nn.out
[INFO -- 2018-12-01 02:14:32]
(2) set args 32768 /home/latansini/Desktop/CAROL-FI/etapa2/carol-fi/codes/fftfulldup/output.data
[INFO -- 2018-12-01 02:14:32]
initSignal:0
[INFO -- 2018-12-01 02:14:32]
endSignal:40
[INFO -- 2018-12-01 02:14:32]
faultModel:2
[INFO -- 2018-12-01 02:14:36]
Backtrace BEGIN:
#0  0x00007ffff6f97381 in __GI_____strtof_l_internal (nptr=<optimized out>, endptr=0x7fffffffd0d0, group=<optimized out>, loc=<optimized out>) at strtod_l.c:851
#1  0x00007ffff6f94d60 in __GI___strtof_internal (nptr=<optimized out>, endptr=<optimized out>, group=<optimized out>) at strtod.c:54
#2  0x00007ffff6fae948 in _IO_vfscanf_internal (s=s@entry=0x618f00, format=<optimized out>, argptr=argptr@entry=0x7fffffffd2a8, errp=errp@entry=0x0) at vfscanf.c:2365
#3  0x00007ffff6fb5162 in __isoc99_fscanf (stream=0x618f00, format=<optimized out>) at isoc99_fscanf.c:34
#4  0x00007ffff7bcf187 in fann_create_from_fd () from /usr/local/lib/libfann.so.2
#5  0x00007ffff7bcf608 in fann_create_from_file () from /usr/local/lib/libfann.so.2
#6  0x0000000000401de7 in radix2DitCooleyTykeyFft(int, int*, Complex*, Complex*) ()
#7  0x0000000000401857 in main ()

846	strtod_l.c: Arquivo ou diretório não encontrado.

Backtrace END
Fliping array at pos: 0
Fliping value of field: gp_offset
Memory content before bitflip:0x100x000x000x00
Fault Model: Random bit-flip
base address to flip value: 0x7fffffffd2a8
address max offset: 4
Memory content after  bitflip:0x370x880xb10x9f
frame name: __isoc99_fscanf
symbol name: arg
symbol filename: isoc99_fscanf.c
symbol line: 27
value: {{gp_offset = 2679212087, fp_offset = 48, overflow_arg_area = 0x7fffffffd380, reg_save_area = 0x7fffffffd2c0}}
value address: 0x7fffffffd2a8
Type: The type is an array.
Type sizeof: 24

[INFO -- 2018-12-01 02:14:36]
Fault Injection Successful after 4.9481892585754395s
[INFO -- 2018-12-01 02:15:11]
event type: exit
[INFO -- 2018-12-01 02:15:11]
exit code: 0
