[INFO -- 2018-10-19 14:29:19]
Starting flip_value script
version: 1.1
[INFO -- 2018-10-19 14:29:19]
Initialization strings:
[INFO -- 2018-10-19 14:29:19]
(1) file /home/latansini/Desktop/trabalhoftf/carol-fi/sample-code/knn/nn-knl-files/nn
[INFO -- 2018-10-19 14:29:19]
(2) set args /home/latansini/Desktop/trabalhoftf/carol-fi/sample-code/knn/nn-knl-files/filelist 15 25 25 /home/latansini/Desktop/trabalhoftf/carol-fi/sample-code/knn/nn-knl-files/out15_25_25
[INFO -- 2018-10-19 14:29:19]
initSignal:2
[INFO -- 2018-10-19 14:29:19]
endSignal:3
[INFO -- 2018-10-19 14:29:19]
faultModel:2
[EXCEPTION -- 2018-10-19 14:29:21]
pythonException: invalid frame
[EXCEPTION -- 2018-10-19 14:29:21]
gdbException: A syntax error in expression, near `...'.
[EXCEPTION -- 2018-10-19 14:29:21]
pythonException: invalid frame
[EXCEPTION -- 2018-10-19 14:29:21]
pythonException: invalid frame
[EXCEPTION -- 2018-10-19 14:29:21]
pythonException: invalid frame
[EXCEPTION -- 2018-10-19 14:29:21]
pythonException: invalid frame
[EXCEPTION -- 2018-10-19 14:29:21]
pythonException: invalid frame
[EXCEPTION -- 2018-10-19 14:29:21]
gdbException: A syntax error in expression, near `...'.
[EXCEPTION -- 2018-10-19 14:29:21]
pythonException: invalid frame
[EXCEPTION -- 2018-10-19 14:29:21]
pythonException: invalid frame
[INFO -- 2018-10-19 14:29:21]
Backtrace BEGIN:
#0  0x00007ffff78bdc2e in ?? () from /usr/lib/x86_64-linux-gnu/libgomp.so.1
#1  0x00007ffff78bc0e2 in ?? () from /usr/lib/x86_64-linux-gnu/libgomp.so.1
#2  0x0000000000401184 in main (argc=6, argv=0x7fffffffd8b8) at nn.c:115

40	        fprintf(stderr, "%s <filelist> <num neighbors to find> <target latitude> <target longitude> <out filename>\n",argv[0]);
41	        exit(-1);
42	    }
43	
44	    flist = fopen(argv[1], "r");
45	    if(!flist) {
46	        printf("error opening flist\n");
47	        exit(1);
48	    }
49	

Backtrace END
Fliping a bit of the value pointed by a pointer
Fliping a bit of the value pointed by a pointer
Memory content before bitflip:0x2f
Fault Model: Random bit-flip
base address to flip value: 0x7fffffffdc57 
address max offset: 1
Memory content after  bitflip:0xbe
frame name: main
symbol name: argv
symbol filename: nn.c
symbol line: 29
value: 0x7fffffffd8b8
value address: 0x7fffffffd4e0
Type: The type is a pointer.
Type sizeof: 8

[INFO -- 2018-10-19 14:29:21]
Fault Injection Successful after 2.3599495887756348s
[INFO -- 2018-10-19 14:29:24]
event type: exit
[INFO -- 2018-10-19 14:29:24]
exit code: 0
