[INFO -- 2018-10-10 10:25:32]
sending 5 signals using command: 'killall -2 fft_nn.out' after 23.5175827632s
[INFO -- 2018-10-10 10:25:32]
sending 5 signals using command: 'killall -2 fft_nn.out' after 24.0889515097s
[INFO -- 2018-10-10 10:25:33]
sending 5 signals using command: 'killall -2 fft_nn.out' after 24.9198394369s
[INFO -- 2018-10-10 10:25:33]
Starting GDB script
[INFO -- 2018-10-10 10:25:33]
initSignal:0.0
[INFO -- 2018-10-10 10:25:33]
endSignal:5.0
[INFO -- 2018-10-10 10:25:34]
sending 5 signals using command: 'killall -2 fft_nn.out' after 0.569914213497s
[INFO -- 2018-10-10 10:25:35]
sending 5 signals using command: 'killall -2 fft_nn.out' after 1.21899762438s
[INFO -- 2018-10-10 10:25:36]
sending 5 signals using command: 'killall -2 fft_nn.out' after 2.23529734584s
[INFO -- 2018-10-10 10:25:54]
Execution finished before waitTime
