[INFO -- 2018-10-19 01:18:32]
Starting flip_value script
version: 1.1
[INFO -- 2018-10-19 01:18:32]
Initialization strings:
[INFO -- 2018-10-19 01:18:32]
(1) file /home/latansini/Desktop/trabalhoftf/carol-fi/sample-code/knn/nn-knl-files/nn
[INFO -- 2018-10-19 01:18:32]
(2) set args /home/latansini/Desktop/trabalhoftf/carol-fi/sample-code/knn/nn-knl-files/filelist 15 25 25 /home/latansini/Desktop/trabalhoftf/carol-fi/sample-code/knn/nn-knl-files/out15_25_25
[INFO -- 2018-10-19 01:18:32]
initSignal:3
[INFO -- 2018-10-19 01:18:32]
endSignal:4
[INFO -- 2018-10-19 01:18:32]
faultModel:3
[EXCEPTION -- 2018-10-19 01:18:35]
pythonException: invalid frame
[EXCEPTION -- 2018-10-19 01:18:35]
pythonException: invalid frame
[EXCEPTION -- 2018-10-19 01:18:35]
pythonException: invalid frame
[EXCEPTION -- 2018-10-19 01:18:35]
gdbException: A syntax error in expression, near `...'.
[INFO -- 2018-10-19 01:18:35]
Backtrace BEGIN:
#0  0x00007ffff78bddae in ?? () from /usr/lib/x86_64-linux-gnu/libgomp.so.1
#1  0x00007ffff78bb6da in ?? () from /usr/lib/x86_64-linux-gnu/libgomp.so.1
#2  0x00007ffff768f184 in start_thread (arg=0x7ffff68b8700) at pthread_create.c:312
#3  0x00007ffff73bc03d in clone () at ../sysdeps/unix/sysv/linux/x86_64/clone.S:111

50	    k = atoi(argv[2]);
51	    target_lat = atof(argv[3]);
52	    target_long = atof(argv[4]);
53	    gold_filename = argv[5];
54	
55	    neighbors = malloc(k*sizeof(struct neighbor));
56	
57	    if(neighbors == NULL) {
58	        fprintf(stderr, "no room for neighbors\n");
59	        exit(0);

Backtrace END
Fliping a bit of the pointer
Memory content before bitflip:0x000x000x000x000x000x000x000x00
Fault Model: Zero bit-flip
base address to flip value: 0x7fffffffcff0
address max offset: 8
Memory content after  bitflip:0x000x000x000x000x000x000x000x00
frame name: str_to_mpn
symbol name: thousands
symbol filename: strtod_l.c
symbol line: 340
value: 0x0
value address: 0x7fffffffcff0
Type: The type is a pointer.
Type sizeof: 8

[INFO -- 2018-10-19 01:18:35]
Fault Injection Successful after 3.4175031185150146s
[EXCEPTION -- 2018-10-19 01:18:35]
pythonException: invalid frame
[INFO -- 2018-10-19 01:18:35]
Backtrace BEGIN:
#0  0x00007ffff78bddaa in ?? () from /usr/lib/x86_64-linux-gnu/libgomp.so.1
#1  0x00007ffff78bb6da in ?? () from /usr/lib/x86_64-linux-gnu/libgomp.so.1
#2  0x00007ffff768f184 in start_thread (arg=0x7ffff70b9700) at pthread_create.c:312
#3  0x00007ffff73bc03d in clone () at ../sysdeps/unix/sysv/linux/x86_64/clone.S:111

40	        fprintf(stderr, "%s <filelist> <num neighbors to find> <target latitude> <target longitude> <out filename>\n",argv[0]);
41	        exit(-1);
42	    }
43	
44	    flist = fopen(argv[1], "r");
45	    if(!flist) {
46	        printf("error opening flist\n");
47	        exit(1);
48	    }
49	

Backtrace END
Fliping a bit of the pointer
Memory content before bitflip:0x000x000x000x000x000x000x000x00
Fault Model: Zero bit-flip
base address to flip value: 0x7fffffffd008
address max offset: 8
Memory content after  bitflip:0x000x000x000x000x000x000x000x00
frame name: __GI_____strtod_l_internal
symbol name: thousands
symbol filename: strtod_l.c
symbol line: 528
value: 0x0
value address: 0x7fffffffd008
Type: The type is a pointer.
Type sizeof: 8

[INFO -- 2018-10-19 01:18:35]
Fault Injection Successful after 3.428889274597168s
[EXCEPTION -- 2018-10-19 01:18:35]
pythonException: invalid frame
[EXCEPTION -- 2018-10-19 01:18:35]
pythonException: invalid frame
[EXCEPTION -- 2018-10-19 01:18:35]
pythonException: invalid frame
[INFO -- 2018-10-19 01:18:35]
Backtrace BEGIN:
#0  0x00007ffff78bddaa in ?? () from /usr/lib/x86_64-linux-gnu/libgomp.so.1
#1  0x00007ffff78bb6da in ?? () from /usr/lib/x86_64-linux-gnu/libgomp.so.1
#2  0x00007ffff768f184 in start_thread (arg=0x7ffff70b9700) at pthread_create.c:312
#3  0x00007ffff73bc03d in clone () at ../sysdeps/unix/sysv/linux/x86_64/clone.S:111

30	    FILE   *flist,*fp;
31	    int    i=0,j=0, k=0, rec_count=0, done=0;
32	    char   sandbox[REC_LENGTH * REC_WINDOW], *rec_iter,*rec_iter2, dbname[64];
33	    struct neighbor *neighbors = NULL;
34	    float target_lat, target_long, tmp_lat=0, tmp_long=0;
35	    char * gold_filename;
36	    long rec_sum = 0;
37	
38	    if(argc < 6) {
39	        fprintf(stderr, "Invalid set of arguments:\n");

Backtrace END
Fliping a bit of the pointer
Memory content before bitflip:0x000x000x000x000x000x000x000x00
Fault Model: Zero bit-flip
base address to flip value: 0x7fffffffcff0
address max offset: 8
Memory content after  bitflip:0x000x000x000x000x000x000x000x00
frame name: str_to_mpn
symbol name: thousands
symbol filename: strtod_l.c
symbol line: 340
value: 0x0
value address: 0x7fffffffcff0
Type: The type is a pointer.
Type sizeof: 8

[INFO -- 2018-10-19 01:18:35]
Fault Injection Successful after 3.440416097640991s
[INFO -- 2018-10-19 01:18:37]
event type: exit
[INFO -- 2018-10-19 01:18:37]
exit code: 0
