[INFO -- 2018-11-30 23:36:41]
Starting flip_value script
version: 1.1
[INFO -- 2018-11-30 23:36:41]
Initialization strings:
[INFO -- 2018-11-30 23:36:41]
(1) file /home/latansini/Desktop/CAROL-FI/etapa2/carol-fi/codes/fftfulldup/fft_nn.out
[INFO -- 2018-11-30 23:36:41]
(2) set args 32768 /home/latansini/Desktop/CAROL-FI/etapa2/carol-fi/codes/fftfulldup/output.data
[INFO -- 2018-11-30 23:36:41]
initSignal:0
[INFO -- 2018-11-30 23:36:41]
endSignal:40
[INFO -- 2018-11-30 23:36:41]
faultModel:1
[INFO -- 2018-11-30 23:36:58]
Backtrace BEGIN:
#0  __mpn_construct_float (frac_ptr=frac_ptr@entry=0x7fffffffcdb0, expt=-4, sign=sign@entry=0) at ../sysdeps/ieee754/flt-32/mpn2flt.c:35
#1  0x00007ffff6f95346 in round_and_return (retval=0x7fffffffcdb0, exponent=<optimized out>, negative=negative@entry=0, round_limb=round_limb@entry=1844674407370955161, round_bit=<optimized out>, more_bits=<optimized out>) at strtod_l.c:327
#2  0x00007ffff6f96332 in __GI_____strtof_l_internal (nptr=<optimized out>, endptr=<optimized out>, group=<optimized out>, loc=<optimized out>) at strtod_l.c:1613
#3  0x00007ffff6f94d60 in __GI___strtof_internal (nptr=<optimized out>, endptr=<optimized out>, group=<optimized out>) at strtod.c:54
#4  0x00007ffff6fae948 in _IO_vfscanf_internal (s=s@entry=0x618f00, format=<optimized out>, argptr=argptr@entry=0x7fffffffd2a8, errp=errp@entry=0x0) at vfscanf.c:2365
#5  0x00007ffff6fb5162 in __isoc99_fscanf (stream=0x618f00, format=<optimized out>) at isoc99_fscanf.c:34
#6  0x00007ffff7bce8b3 in fann_create_from_fd () from /usr/local/lib/libfann.so.2
#7  0x00007ffff7bcf608 in fann_create_from_file () from /usr/local/lib/libfann.so.2
#8  0x0000000000401de7 in radix2DitCooleyTykeyFft(int, int*, Complex*, Complex*) ()
#9  0x0000000000401857 in main ()

30	../sysdeps/ieee754/flt-32/mpn2flt.c: Arquivo ou diretório não encontrado.

Backtrace END
Fliping array at pos: 7
Memory content before bitflip:0x050x000x000x000x000x000x000x00
Fault Model: Double bit-flip
base address to flip value: 0x7fffffffce48
address max offset: 8
Memory content after  bitflip:0x050x000x000x000xa00x000x000x00
frame name: __GI_____strtof_l_internal
symbol name: den
symbol filename: strtod_l.c
symbol line: 494
value: {11529215046068469760, 15625000000000000000, 188, 188, 4, 27455186257, 140737488343248, 687194767365, 18446744073709551615, 4294956504}
value address: 0x7fffffffce10
Type: The type is an array.
Type sizeof: 80
Field name: None
Field Type: A range type, that is, an integer type with bounds.
Field Type sizeof: 8
Field Type range: (0, 9)

[INFO -- 2018-11-30 23:36:58]
Fault Injection Successful after 17.953754901885986s
[INFO -- 2018-11-30 23:37:20]
event type: exit
[INFO -- 2018-11-30 23:37:20]
exit code: 0
