[INFO -- 2018-11-30 15:38:58]
Starting flip_value script
version: 1.1
[INFO -- 2018-11-30 15:38:58]
Initialization strings:
[INFO -- 2018-11-30 15:38:58]
(1) file /home/lignati/carol-fi/codes/inversefulldup/inversek2j.nn.out
[INFO -- 2018-11-30 15:38:58]
(2) set args /home/lignati/carol-fi/codes/inversefulldup/input_250k /home/lignati/carol-fi/codes/inversefulldup/output_falha.data
[INFO -- 2018-11-30 15:38:58]
initSignal:0
[INFO -- 2018-11-30 15:38:58]
endSignal:25
[INFO -- 2018-11-30 15:38:58]
faultModel:1
[INFO -- 2018-11-30 15:39:06]
Backtrace BEGIN:
#0  0x00007ffff7013300 in round_and_return (retval=0x7fffffffca40, exponent=-3, negative=negative@entry=0, round_limb=round_limb@entry=2846598220916719616, round_bit=<optimized out>, more_bits=1) at strtod_l.c:300
#1  0x00007ffff7014332 in __GI_____strtof_l_internal (nptr=<optimized out>, endptr=<optimized out>, group=<optimized out>, loc=<optimized out>) at strtod_l.c:1613
#2  0x00007ffff7012d60 in __GI___strtof_internal (nptr=<optimized out>, endptr=<optimized out>, group=<optimized out>) at strtod.c:54
#3  0x00007ffff702c948 in _IO_vfscanf_internal (s=s@entry=0x6085c0, format=<optimized out>, argptr=argptr@entry=0x7fffffffcf38, errp=errp@entry=0x0) at vfscanf.c:2365
#4  0x00007ffff7033162 in __isoc99_fscanf (stream=0x6085c0, format=<optimized out>) at isoc99_fscanf.c:34
#5  0x00007ffff7bcac42 in fann_create_from_fd () from /usr/local/lib/libfann.so.2
#6  0x00007ffff7bc8073 in fann_create_from_file () from /usr/local/lib/libfann.so.2
#7  0x0000000000402061 in inversek2j(float, float, float*, float*) ()
#8  0x000000000040179a in main ()

295	strtod_l.c: No such file or directory.

Backtrace END
Fliping a bit of the pointer
Memory content before bitflip:0xa00xca0xff0xff0xff0x7f0x000x00
Fault Model: Double bit-flip
base address to flip value: 0x7fffffffc9c8
address max offset: 8
Memory content after  bitflip:0xa00xca0xff0x6f0xff0x7f0x000x00
frame name: __GI_____strtof_l_internal
symbol name: start_of_digits
symbol filename: strtod_l.c
symbol line: 504
value: 0x7fffffffcaa0 ""
value address: 0x7fffffffc9c8
Type: The type is a pointer.
Type sizeof: 8

[INFO -- 2018-11-30 15:39:06]
Fault Injection Successful after 8.91688084602356s
[INFO -- 2018-11-30 15:39:23]
event type: exit
[INFO -- 2018-11-30 15:39:23]
exit code: 0
