[19]: 1989  2  9  0  1 GORDON      7.1   4.6   83  398 1990  1 16 18 16 ISAAC       7.0   3.5  134  161
[18]: 2004  7  4  0 13 WILLIAM     7.1   5.8   46  355 1993  5 11  6 15 RAFAEL      7.2   4.5   41  322
[17]: 1996 11 23  6 22 DEBBY       7.0   5.9   76   11 1971  8  3  6 19 CHRIS       7.1   3.7   95  860
[16]: 1987  8  9 18  7 HELENE      7.0   5.1   38  562 1960 12 11  6 23 OSCAR       7.2   3.5  134  679
[15]: 1987  7 22 12 26 ISAAC       7.1   5.7  137  580 1964 12  7  6 24 MICHAEL     7.2   3.7  112  210
[14]: 1984  8 17  6 26 NADINE      7.1   4.5   38   58 1963  4  1  0  9 DEBBY       7.1   3.8   81  551
[13]: 1979  7  3  6 24 BERYL       7.3   4.8  143   77 1984  8 17  6 26 NADINE      7.1   4.5   38   58
[12]: 1977  8 24  0 16 SANDY       7.1   4.1  153  341 2003  2 21  0  5 WILLIAM     7.2   3.8   26  372
[11]: 1988  2 14 18 24 GORDON      7.0   6.1   37  617 1981  7 21 12  7 ISAAC       7.1   3.7   13  737
[10]: 1991  7 24  0 22 RAFAEL      7.2   4.8   79  482 1964  2 13  0 22 KIRK        7.1   4.8  119  506
[9]: 1981 10 16 18 28 KIRK        7.2   5.6   81  406 1982  8 28 18 14 FLORENCE    7.1   3.5  130  399
[8]: 1993  5 11  6 15 RAFAEL      7.2   4.5   41  322 1989  2  9  0  1 GORDON      7.1   4.6   83  398
[7]: 1998  9  5 12  5 PATTY       7.0   6.0   39   51 1977  8 24  0 16 SANDY       7.1   4.1  153  341
[6]: 2003  5 11  0 17 NADINE      7.0   5.9   83  638 1992  1 13  6  3 OSCAR       7.2   3.6   69   29
[5]: 1991 12 27  6  3 ISAAC       7.0   4.1  118  263 1970 11  8  6  7 VALERIE     7.2   3.6   73  668
[4]: 1964  2 13  0 22 KIRK        7.1   4.8  119  506 1960  9 28 12  1 MICHAEL     7.2   4.1  107  478
[3]: 1971 10  4 12  8 KIRK        7.1   5.9   54   36 1991 12 27  6  3 ISAAC       7.0   4.1  118  263
[2]: 1990 11 27  6  6 WILLIAM     7.1   5.9  132  577 1973  3  9 18 13 DEBBY       7.1   3.6  151   61
[1]: 1981  2 28 18 11 RAFAEL      7.1   5.3   37  100 1984  6 17  0  1 MICHAEL     7.0   3.4   17  423
[0]: 1961  9  9 18 17 OSCAR       7.1   5.6   15   79 1978  3 22  0 20 WILLIAM     7.1   3.4   97   34
