[INFO -- 2018-10-11 02:38:31]
sending 5 signals using command: 'killall -2 fft_nn.out' after 21.8053010173s
[INFO -- 2018-10-11 02:38:31]
sending 5 signals using command: 'killall -2 fft_nn.out' after 21.9231216944s
[INFO -- 2018-10-11 02:38:32]
sending 5 signals using command: 'killall -2 fft_nn.out' after 22.9001240791s
[INFO -- 2018-10-11 02:38:32]
Starting GDB script
[INFO -- 2018-10-11 02:38:32]
initSignal:0.0
[INFO -- 2018-10-11 02:38:32]
endSignal:5.0
[INFO -- 2018-10-11 02:38:33]
sending 5 signals using command: 'killall -2 fft_nn.out' after 0.305777059124s
[INFO -- 2018-10-11 02:38:33]
sending 5 signals using command: 'killall -2 fft_nn.out' after 0.313223084297s
[INFO -- 2018-10-11 02:38:34]
sending 5 signals using command: 'killall -2 fft_nn.out' after 2.00725529771s
[INFO -- 2018-10-11 02:38:53]
Execution finished before waitTime
