[INFO -- 2018-12-01 01:13:06]
Starting flip_value script
version: 1.1
[INFO -- 2018-12-01 01:13:06]
Initialization strings:
[INFO -- 2018-12-01 01:13:06]
(1) file /home/lignati/carol-fi/codes/inversefulldup/inversek2j.nn.out
[INFO -- 2018-12-01 01:13:06]
(2) set args /home/lignati/carol-fi/codes/inversefulldup/input_250k /home/lignati/carol-fi/codes/inversefulldup/output_falha.data
[INFO -- 2018-12-01 01:13:06]
initSignal:0
[INFO -- 2018-12-01 01:13:06]
endSignal:25
[INFO -- 2018-12-01 01:13:06]
faultModel:2
[INFO -- 2018-12-01 01:13:06]
Backtrace BEGIN:
#0  _IO_vfscanf_internal (s=s@entry=0x6085c0, format=<optimized out>, argptr=argptr@entry=0x7fffffffcf38, errp=errp@entry=0x0) at vfscanf.c:1856
#1  0x00007ffff7033162 in __isoc99_fscanf (stream=0x6085c0, format=<optimized out>) at isoc99_fscanf.c:34
#2  0x00007ffff7bcac42 in fann_create_from_fd () from /usr/local/lib/libfann.so.2
#3  0x00007ffff7bc8073 in fann_create_from_file () from /usr/local/lib/libfann.so.2
#4  0x0000000000402061 in inversek2j(float, float, float*, float*) ()
#5  0x000000000040179a in main ()

1851	vfscanf.c: No such file or directory.

Backtrace END
Memory content before bitflip:0x000x010x000x000x000x000x000x00
Fault Model: Random bit-flip
base address to flip value: 0x7fffffffcd10
address max offset: 8
Memory content after  bitflip:0xcf0xc40xa00xa60x090x760x7f0x12
frame name: _IO_vfscanf_internal
symbol name: wpmax
symbol filename: vfscanf.c
symbol line: 273
value: 1332913798547293391
value address: 0x7fffffffcd10
Type: The type is an integer type.
Type sizeof: 8

[INFO -- 2018-12-01 01:13:06]
Fault Injection Successful after 0.9887034893035889s
[INFO -- 2018-12-01 01:13:31]
event type: exit
[INFO -- 2018-12-01 01:13:31]
exit code: 0
