[INFO -- 2018-12-09 18:10:26]
Starting flip_value script
version: 1.1
[INFO -- 2018-12-09 18:10:26]
Initialization strings:
[INFO -- 2018-12-09 18:10:26]
(1) file /home/melkor/ETAPA2/dup_nn/nn-knl-files/nn
[INFO -- 2018-12-09 18:10:26]
(2) set args /home/melkor/ETAPA2/dup_nn/nn-knl-files/filelist 20 5 5 /home/melkor/ETAPA2/dup_nn/nn-knl-files/out20_5_5
[INFO -- 2018-12-09 18:10:26]
initSignal:0
[INFO -- 2018-12-09 18:10:26]
endSignal:1
[INFO -- 2018-12-09 18:10:26]
faultModel:3
[EXCEPTION -- 2018-12-09 18:10:27]
gdbException: A syntax error in expression, near `...'.
[EXCEPTION -- 2018-12-09 18:10:27]
pythonException: invalid frame
[EXCEPTION -- 2018-12-09 18:10:27]
pythonException: invalid frame
[EXCEPTION -- 2018-12-09 18:10:27]
pythonException: invalid frame
[EXCEPTION -- 2018-12-09 18:10:27]
pythonException: invalid frame
[EXCEPTION -- 2018-12-09 18:10:27]
pythonException: invalid frame
[EXCEPTION -- 2018-12-09 18:10:27]
pythonException: invalid frame
[INFO -- 2018-12-09 18:10:27]
Backtrace BEGIN:
#0  0x00007ffff7821093 in ?? () from /usr/lib/x86_64-linux-gnu/libgomp.so.1
#1  0x00007ffff781fda9 in ?? () from /usr/lib/x86_64-linux-gnu/libgomp.so.1
#2  0x00005555555555ed in main (argc=6, argv=0x7fffffffded8) at nn.c:196

78	
79	// onde tem OBS é onde mudei algo pra duplicação
80	
81	
82	int main(int argc, char* argv[]) {
83	    FILE   *flist,*fp;
84	    int    i=0,j=0, k=0, rec_count=0, done=0;
85	    char   sandbox[REC_LENGTH * REC_WINDOW], *rec_iter,*rec_iter2, dbname[64];
86	    struct neighbor *neighbors = NULL;
87	    float target_lat, target_long, tmp_lat=0, tmp_long=0;

Backtrace END
Fliping array at pos: 317
Memory content before bitflip:0x20
Fault Model: Zero bit-flip
base address to flip value: 0x7fffffffdd2d 
address max offset: 1
Memory content after  bitflip:0x00
frame name: main
symbol name: sandbox
symbol filename: nn.c
symbol line: 85
value: "1983  6 13 18 27 WILLIAM     8.9  65.8  135   32\n1972  9  6 18  7 PATTY      35.3 254.6   82  692\n1996  2  9 12 15 KIRK       21.8 267.0   56  773\n1991  9 21 18 13 ISAAC      11.3 314.2   88  444\n1972"...
value address: 0x7fffffffdbf0
Type: The type is an array.
Type sizeof: 490
Field name: None
Field Type: A range type, that is, an integer type with bounds.
Field Type sizeof: 8
Field Type range: (0, 489)

[INFO -- 2018-12-09 18:10:27]
Fault Injection Successful after 1.0717082023620605s
[INFO -- 2018-12-09 18:10:28]
event type: exit
[INFO -- 2018-12-09 18:10:28]
exit code: 0
