[INFO -- 2018-10-17 09:35:11]
Starting flip_value script
version: 1.1
[INFO -- 2018-10-17 09:35:11]
Initialization strings:
[INFO -- 2018-10-17 09:35:11]
(1) file /home/latansini/Desktop/trabalhoftf/carol-fi/sample-code/inverse_nn/inversek2j_nn.out
[INFO -- 2018-10-17 09:35:11]
(2) set args /home/latansini/Desktop/trabalhoftf/carol-fi/sample-code/inverse_nn/input_250k /home/latansini/Desktop/trabalhoftf/carol-fi/sample-code/inverse_nn/output_falha.data
[INFO -- 2018-10-17 09:35:11]
initSignal:2
[INFO -- 2018-10-17 09:35:11]
endSignal:4
[INFO -- 2018-10-17 09:35:11]
faultModel:1
[INFO -- 2018-10-17 09:35:14]
Backtrace BEGIN:
#0  0x00007ffff700cc88 in __mpn_mul (prodp=prodp@entry=0x7fffffffcc40, up=0x7ffff714b088 <__tens+72>, usize=1, vp=vp@entry=0x7fffffffcbf0, vsize=vsize@entry=1) at mul.c:57
#1  0x00007ffff7012bb9 in __GI_____strtof_l_internal (nptr=<optimized out>, endptr=<optimized out>, group=<optimized out>, loc=<optimized out>) at strtod_l.c:1408
#2  0x00007ffff7011d60 in __GI___strtof_internal (nptr=<optimized out>, endptr=<optimized out>, group=<optimized out>) at strtod.c:54
#3  0x00007ffff702b948 in _IO_vfscanf_internal (s=s@entry=0x608610, format=<optimized out>, argptr=argptr@entry=0x7fffffffd0d8, errp=errp@entry=0x0) at vfscanf.c:2365
#4  0x00007ffff7032162 in __isoc99_fscanf (stream=0x608610, format=<optimized out>) at isoc99_fscanf.c:34
#5  0x00007ffff7bcf187 in fann_create_from_fd () from /usr/local/lib/libfann.so.2
#6  0x00007ffff7bcf608 in fann_create_from_file () from /usr/local/lib/libfann.so.2
#7  0x000000000040199e in inversek2j(float, float, float*, float*) ()
#8  0x0000000000401631 in main ()

52	mul.c: Arquivo ou diretório não encontrado.

Backtrace END
Fliping value of field: __value
Fliping value of field name: __wchb
Fliping array at pos: 0
Memory content before bitflip:0x00
Fault Model: Double bit-flip
base address to flip value: 0x7fffffffcef4 
address max offset: 1
Memory content after  bitflip:0x42
frame name: _IO_vfscanf_internal
symbol name: state
symbol filename: vfscanf.c
symbol line: 252
value: {__count = 0, __value = {__wch = 66, __wchb = "B\000\000"}}
value address: 0x7fffffffcef0
Type: The type is a structure.
Type sizeof: 8
Field name: __count
Field Type: The type is an integer type.
Field Type sizeof: 4
Field name: __value
Field Type: The type is a union.
Field Type sizeof: 4

[INFO -- 2018-10-17 09:35:14]
Fault Injection Successful after 3.4240987300872803s
[INFO -- 2018-10-17 09:35:22]
event type: exit
[INFO -- 2018-10-17 09:35:22]
exit code: 0
