[INFO -- 2018-10-17 10:32:06]
Starting flip_value script
version: 1.1
[INFO -- 2018-10-17 10:32:06]
Initialization strings:
[INFO -- 2018-10-17 10:32:06]
(1) file /home/latansini/Desktop/trabalhoftf/carol-fi/sample-code/inverse_nn/inversek2j_nn.out
[INFO -- 2018-10-17 10:32:06]
(2) set args /home/latansini/Desktop/trabalhoftf/carol-fi/sample-code/inverse_nn/input_250k /home/latansini/Desktop/trabalhoftf/carol-fi/sample-code/inverse_nn/output_falha.data
[INFO -- 2018-10-17 10:32:06]
initSignal:4
[INFO -- 2018-10-17 10:32:06]
endSignal:6
[INFO -- 2018-10-17 10:32:06]
faultModel:2
[INFO -- 2018-10-17 10:32:10]
Backtrace BEGIN:
#0  0x00007ffff701435a in __GI_____strtof_l_internal (nptr=0x7fffffffccd0 "6.82143068313598632812e+00", endptr=0x7fffffffcf00, group=<optimized out>, loc=<optimized out>) at strtod_l.c:1256
#1  0x00007ffff7011d60 in __GI___strtof_internal (nptr=<optimized out>, endptr=<optimized out>, group=<optimized out>) at strtod.c:54
#2  0x00007ffff702b948 in _IO_vfscanf_internal (s=s@entry=0x608610, format=<optimized out>, argptr=argptr@entry=0x7fffffffd0d8, errp=errp@entry=0x0) at vfscanf.c:2365
#3  0x00007ffff7032162 in __isoc99_fscanf (stream=0x608610, format=<optimized out>) at isoc99_fscanf.c:34
#4  0x00007ffff7bcf187 in fann_create_from_fd () from /usr/local/lib/libfann.so.2
#5  0x00007ffff7bcf608 in fann_create_from_file () from /usr/local/lib/libfann.so.2
#6  0x000000000040199e in inversek2j(float, float, float*, float*) ()
#7  0x0000000000401631 in main ()

1251	strtod_l.c: Arquivo ou diretório não encontrado.

Backtrace END
Fliping value of field: __routine
Fliping a bit of the pointer
Memory content before bitflip:0xc00x1c0x030xf70xff0x7f0x000x00
Fault Model: Random bit-flip
base address to flip value: 0x7fffffffcf50
address max offset: 8
Memory content after  bitflip:0xcb0x0e0x4c0x170xf60xb90xfe0x97
frame name: _IO_vfscanf_internal
symbol name: _buffer
symbol filename: vfscanf.c
symbol line: 358
value: {__routine = 0x97feb9f6174c0ecb, __arg = 0x608610, __canceltype = 0, __prev = 0x0}
value address: 0x7fffffffcf50
Type: The type is a structure.
Type sizeof: 32
Field name: __routine
Field Type: The type is a pointer.
Field Type sizeof: 8
Field name: __arg
Field Type: The type is a pointer.
Field Type sizeof: 8
Field name: __canceltype
Field Type: The type is an integer type.
Field Type sizeof: 4
Field name: __prev
Field Type: The type is a pointer.
Field Type sizeof: 8

[INFO -- 2018-10-17 10:32:10]
Fault Injection Successful after 4.198208570480347s
[INFO -- 2018-10-17 10:32:16]
event type: exit
[INFO -- 2018-10-17 10:32:16]
exit code: 0
