[INFO -- 2018-10-16 14:23:12]
Starting flip_value script
version: 1.1
[INFO -- 2018-10-16 14:23:12]
Initialization strings:
[INFO -- 2018-10-16 14:23:12]
(1) file /home/latansini/Desktop/trabalhoftf/carol-fi/sample-code/inverse_nn/inversek2j_nn.out
[INFO -- 2018-10-16 14:23:12]
(2) set args /home/latansini/Desktop/trabalhoftf/carol-fi/sample-code/inverse_nn/input_250k /home/latansini/Desktop/trabalhoftf/carol-fi/sample-code/inverse_nn/output_falha.data
[INFO -- 2018-10-16 14:23:12]
initSignal:0
[INFO -- 2018-10-16 14:23:12]
endSignal:2
[INFO -- 2018-10-16 14:23:12]
faultModel:0
[INFO -- 2018-10-16 14:23:12]
Backtrace BEGIN:
#0  0x00007ffff701235b in round_away (mode=0, more_bits=true, half_bit=false, last_digit_odd=true, negative=false) at ../include/rounding-mode.h:52
#1  round_and_return (retval=0x7fffffffcbe0, exponent=1, negative=negative@entry=0, round_limb=round_limb@entry=1324212222074814464, round_bit=<optimized out>, more_bits=1) at strtod_l.c:296
#2  0x00007ffff7013332 in __GI_____strtof_l_internal (nptr=<optimized out>, endptr=<optimized out>, group=<optimized out>, loc=<optimized out>) at strtod_l.c:1613
#3  0x00007ffff7011d60 in __GI___strtof_internal (nptr=<optimized out>, endptr=<optimized out>, group=<optimized out>) at strtod.c:54
#4  0x00007ffff702b948 in _IO_vfscanf_internal (s=s@entry=0x608610, format=<optimized out>, argptr=argptr@entry=0x7fffffffd0d8, errp=errp@entry=0x0) at vfscanf.c:2365
#5  0x00007ffff7032162 in __isoc99_fscanf (stream=0x608610, format=<optimized out>) at isoc99_fscanf.c:34
#6  0x00007ffff7bcf187 in fann_create_from_fd () from /usr/local/lib/libfann.so.2
#7  0x00007ffff7bcf608 in fann_create_from_file () from /usr/local/lib/libfann.so.2
#8  0x000000000040199e in inversek2j(float, float, float*, float*) ()
#9  0x0000000000401631 in main ()

47	../include/rounding-mode.h: Arquivo ou diretório não encontrado.

Backtrace END
Fliping array at pos: 6
Memory content before bitflip:0xa50x0f0xff0xf70xff0x7f0x000x00
Fault Model: Single bit-flip
base address to flip value: 0x7fffffffcc20
address max offset: 8
Memory content after  bitflip:0xa50x0f0xff0xf70xff0x5f0x000x00
frame name: __GI_____strtof_l_internal
symbol name: num
symbol filename: strtod_l.c
symbol line: 485
value: {11529215046068469760, 897321105003356933, 0, 1, 11, 140737488342017, 105552981987237, 140733193388032, 33, 4}
value address: 0x7fffffffcbf0
Type: The type is an array.
Type sizeof: 80
Field name: None
Field Type: A range type, that is, an integer type with bounds.
Field Type sizeof: 8
Field Type range: (0, 9)

[INFO -- 2018-10-16 14:23:12]
Fault Injection Successful after 0.9135839939117432s
[INFO -- 2018-10-16 14:23:23]
event type: exit
[INFO -- 2018-10-16 14:23:23]
exit code: 0
