[INFO -- 2018-10-19 06:03:47]
Starting flip_value script
version: 1.1
[INFO -- 2018-10-19 06:03:47]
Initialization strings:
[INFO -- 2018-10-19 06:03:47]
(1) file /home/latansini/Desktop/trabalhoftf/carol-fi/sample-code/knn/nn-knl-files/nn
[INFO -- 2018-10-19 06:03:47]
(2) set args /home/latansini/Desktop/trabalhoftf/carol-fi/sample-code/knn/nn-knl-files/filelist 15 25 25 /home/latansini/Desktop/trabalhoftf/carol-fi/sample-code/knn/nn-knl-files/out15_25_25
[INFO -- 2018-10-19 06:03:47]
initSignal:4
[INFO -- 2018-10-19 06:03:47]
endSignal:5
[INFO -- 2018-10-19 06:03:47]
faultModel:4
[EXCEPTION -- 2018-10-19 06:03:51]
pythonException: invalid frame
[EXCEPTION -- 2018-10-19 06:03:51]
pythonException: invalid frame
[INFO -- 2018-10-19 06:03:51]
Backtrace BEGIN:
#0  0x00007ffff73002f8 in __GI_____strtod_l_internal (nptr=<optimized out>, endptr=<optimized out>, group=<optimized out>, loc=<optimized out>) at strtod_l.c:1226
#1  0x000000000040150f in main._omp_fn.0 () at nn.c:118
#2  0x0000000000401193 in main (argc=6, argv=0x7fffffffd8b8) at nn.c:115

1221	strtod_l.c: Arquivo ou diretório não encontrado.

Backtrace END
Memory content before bitflip:0x000x000x000x00
Fault Model: LSB bit-flip
base address to flip value: 0x7fffffffd524
address max offset: 4
Memory content after  bitflip:0x000x000x000x80
frame name: main
symbol name: tmp_long
symbol filename: nn.c
symbol line: 34
value: -0
value address: 0x7fffffffd524
Type: A floating point type.
Type sizeof: 4

[INFO -- 2018-10-19 06:03:51]
Fault Injection Successful after 4.364557504653931s
[INFO -- 2018-10-19 06:03:52]
event type: exit
[INFO -- 2018-10-19 06:03:52]
exit code: 0
