[INFO -- 2018-10-12 13:42:58]
sending 5 signals using command: 'killall -2 fft_nn.out' after 20.9872620957s
[INFO -- 2018-10-12 13:43:01]
sending 5 signals using command: 'killall -2 fft_nn.out' after 23.980451878s
[INFO -- 2018-10-12 13:43:01]
sending 5 signals using command: 'killall -2 fft_nn.out' after 24.0893847652s
[INFO -- 2018-10-12 13:43:01]
Starting GDB script
[INFO -- 2018-10-12 13:43:01]
initSignal:0.0
[INFO -- 2018-10-12 13:43:01]
endSignal:5.0
[INFO -- 2018-10-12 13:43:03]
sending 5 signals using command: 'killall -2 fft_nn.out' after 2.38026907147s
[INFO -- 2018-10-12 13:43:04]
sending 5 signals using command: 'killall -2 fft_nn.out' after 2.43907276495s
[INFO -- 2018-10-12 13:43:05]
sending 5 signals using command: 'killall -2 fft_nn.out' after 3.87132980021s
[INFO -- 2018-10-12 13:43:22]
Execution finished before waitTime
