[INFO -- 2018-10-12 03:55:10]
Starting flip_value script
version: 1.1
[INFO -- 2018-10-12 03:55:10]
Initialization strings:
[INFO -- 2018-10-12 03:55:10]
(1) file /tmp/fft_nn/fft_nn.out
[INFO -- 2018-10-12 03:55:10]
(2) set args 32768 /tmp/fft_nn/output_falha.data
[INFO -- 2018-10-12 03:55:10]
initSignal:0
[INFO -- 2018-10-12 03:55:10]
endSignal:5
[INFO -- 2018-10-12 03:55:10]
faultModel:0
[INFO -- 2018-10-12 03:55:13]
Backtrace BEGIN:
#0  _IO_vfscanf_internal (s=s@entry=0x6062c0, format=0x7ffff7bd3da5 "(%u, %f) ", argptr=argptr@entry=0x7fffffffd408, errp=errp@entry=0x0) at vfscanf.c:218
#1  0x00007ffff7032162 in __isoc99_fscanf (stream=0x6062c0, format=<optimized out>) at isoc99_fscanf.c:34
#2  0x00007ffff7bcf187 in fann_create_from_fd () from /usr/local/lib/libfann.so.2
#3  0x00007ffff7bcf608 in fann_create_from_file () from /usr/local/lib/libfann.so.2
#4  0x00000000004019b7 in radix2DitCooleyTykeyFft(int, int*, Complex*, Complex*) ()
#5  0x0000000000401631 in main ()

213	vfscanf.c: Arquivo ou diretório não encontrado.

Backtrace END
Fliping a bit of the value pointed by a pointer
Fliping value of field: name
Fliping a bit of the pointer
Memory content before bitflip:0x930x5a0x150xf70xff0x7f0x000x00
Fault Model: Single bit-flip
base address to flip value: 0x7ffff7393d40 
address max offset: 8
Memory content after  bitflip:0x930x5a0x150x770xff0x7f0x000x00
frame name: _IO_vfscanf_internal
symbol name: curctype
symbol filename: vfscanf.c
symbol line: 226
value: 0x7ffff7393d40 <_nl_C_LC_CTYPE>
value address: 0x7fffffffd150
Type: The type is a pointer.
Type sizeof: 8

[INFO -- 2018-10-12 03:55:13]
Fault Injection Successful after 3.5445034503936768s
[INFO -- 2018-10-12 03:55:30]
event type: exit
[INFO -- 2018-10-12 03:55:30]
exit code: 0
