[INFO -- 2018-10-16 19:40:03]
Starting flip_value script
version: 1.1
[INFO -- 2018-10-16 19:40:03]
Initialization strings:
[INFO -- 2018-10-16 19:40:03]
(1) file /home/latansini/Desktop/trabalhoftf/carol-fi/sample-code/inverse_nn/inversek2j_nn.out
[INFO -- 2018-10-16 19:40:03]
(2) set args /home/latansini/Desktop/trabalhoftf/carol-fi/sample-code/inverse_nn/input_250k /home/latansini/Desktop/trabalhoftf/carol-fi/sample-code/inverse_nn/output_falha.data
[INFO -- 2018-10-16 19:40:03]
initSignal:6
[INFO -- 2018-10-16 19:40:03]
endSignal:8
[INFO -- 2018-10-16 19:40:03]
faultModel:3
[EXCEPTION -- 2018-10-16 19:40:10]
gdbException: Tentativo de desreferenciar um ponteiro genérico.
[INFO -- 2018-10-16 19:40:10]
Backtrace BEGIN:
#0  0x00007ffff7028b32 in _IO_vfscanf_internal (s=s@entry=0x608610, format=<optimized out>, argptr=argptr@entry=0x7fffffffd0d8, errp=errp@entry=0x0) at vfscanf.c:623
#1  0x00007ffff7032162 in __isoc99_fscanf (stream=0x608610, format=<optimized out>) at isoc99_fscanf.c:34
#2  0x00007ffff7bcf187 in fann_create_from_fd () from /usr/local/lib/libfann.so.2
#3  0x00007ffff7bcf608 in fann_create_from_file () from /usr/local/lib/libfann.so.2
#4  0x000000000040199e in inversek2j(float, float, float*, float*) ()
#5  0x0000000000401631 in main ()

618	in vfscanf.c

Backtrace END
Fliping array at pos: 0
Fliping value of field: gp_offset
Memory content before bitflip:0x100x000x000x00
Fault Model: Zero bit-flip
base address to flip value: 0x7fffffffd0d8
address max offset: 4
Memory content after  bitflip:0x000x000x000x00
frame name: __isoc99_fscanf
symbol name: arg
symbol filename: isoc99_fscanf.c
symbol line: 27
value: {{gp_offset = 0, fp_offset = 48, overflow_arg_area = 0x7fffffffd1b0, reg_save_area = 0x7fffffffd0f0}}
value address: 0x7fffffffd0d8
Type: The type is an array.
Type sizeof: 24

[INFO -- 2018-10-16 19:40:10]
Fault Injection Successful after 7.336267471313477s
[INFO -- 2018-10-16 19:40:14]
event type: exit
[INFO -- 2018-10-16 19:40:14]
exit code: 0
