[INFO -- 2018-10-10 17:41:20]
sending 5 signals using command: 'killall -2 fft_nn.out' after 21.5006617748s
[INFO -- 2018-10-10 17:41:22]
sending 5 signals using command: 'killall -2 fft_nn.out' after 23.4953009595s
[INFO -- 2018-10-10 17:41:22]
sending 5 signals using command: 'killall -2 fft_nn.out' after 23.6090415597s
[INFO -- 2018-10-10 17:41:22]
Starting GDB script
[INFO -- 2018-10-10 17:41:22]
initSignal:0.0
[INFO -- 2018-10-10 17:41:22]
endSignal:5.0
[INFO -- 2018-10-10 17:41:22]
sending 5 signals using command: 'killall -2 fft_nn.out' after 0.459749514563s
[INFO -- 2018-10-10 17:41:22]
sending 5 signals using command: 'killall -2 fft_nn.out' after 0.502739317674s
[INFO -- 2018-10-10 17:41:27]
sending 5 signals using command: 'killall -2 fft_nn.out' after 4.89031087886s
[INFO -- 2018-10-10 17:41:43]
Execution finished before waitTime
