[INFO -- 2018-12-03 21:06:04]
Starting flip_value script
version: 1.1
[INFO -- 2018-12-03 21:06:04]
Initialization strings:
[INFO -- 2018-12-03 21:06:04]
(1) file /home/latansini/carol-fi/carol-fi/codes/nnfulldup/nn-knl-files/nn
[INFO -- 2018-12-03 21:06:04]
(2) set args /home/latansini/carol-fi/carol-fi/codes/nnfulldup/nn-knl-files/filelist 20 5 5 /home/latansini/carol-fi/carol-fi/codes/nnfulldup/nn-knl-files/out20_5_5
[INFO -- 2018-12-03 21:06:04]
initSignal:0
[INFO -- 2018-12-03 21:06:04]
endSignal:2
[INFO -- 2018-12-03 21:06:04]
faultModel:4
[EXCEPTION -- 2018-12-03 21:06:05]
pythonException: invalid frame
[EXCEPTION -- 2018-12-03 21:06:05]
pythonException: invalid frame
[EXCEPTION -- 2018-12-03 21:06:05]
pythonException: invalid frame
[EXCEPTION -- 2018-12-03 21:06:05]
pythonException: invalid frame
[EXCEPTION -- 2018-12-03 21:06:05]
pythonException: invalid frame
[EXCEPTION -- 2018-12-03 21:06:05]
pythonException: invalid frame
[INFO -- 2018-12-03 21:06:05]
Backtrace BEGIN:
#0  0x00007ffff73398c1 in __GI_____strtod_l_internal (nptr=0x7fffffffe21c " 40.3  16.9  129  432\n1979  4 23  6  5 FLORENCE   41.0  96.2   18  351\n1958  1 23 12 17 PATTY      56.4 251.7  134  784\n1986 10 24 18  4 CHRIS      66.8 338.4  116  782\n1959  3  3  6  7 PATTY      64."..., endptr=0x0, group=<optimized out>, loc=0x7ffff76a2f20 <_nl_global_locale>) at strtod_l.c:601
#1  0x000000000040156a in nn_wrapper._omp_fn.0 () at nn.c:100
#2  0x00007ffff78ce7df in GOMP_parallel () from /usr/lib/x86_64-linux-gnu/libgomp.so.1
#3  0x0000000000400f98 in nn_wrapper (filename=0x7fffffffe7d7 "/home/latansini/carol-fi/carol-fi/codes/nnfulldup/nn-knl-files/filelist", k=20, target_lat=5, target_long=5) at nn.c:97
#4  0x000000000040148d in main (argc=6, argv=0x7fffffffe568) at nn.c:195

596	strtod_l.c: No such file or directory.

Backtrace END
Fliping array at pos: 1
Memory content before bitflip:0x060x000x000x000x000x000x000x00
Fault Model: LSB bit-flip
base address to flip value: 0x7fffffffded8
address max offset: 8
Memory content after  bitflip:0x060x000x000x000x000x000x000x10
frame name: __GI_____strtod_l_internal
symbol name: den
symbol filename: strtod_l.c
symbol line: 509
value: {11529215046068469760, 1152921504606846982, 140737353984672, 140737351931838, 140737340562808, 206158430232, 140737488347504, 140737488347312, 140737344403520, 6299696, 140733193388032, 0, 0, 140737353984768, 140737353983208, 4195888, 140737340562808, 4195336, 21474836480, 4294967975, 1, 140737353984768, 140737488347344, 140737354130696, 140737488347384, 140737354129840, 1, 140737351932269, 0, 140737353984768, 5, 0, 1, 140737354129840, 140737340562520, 140737353983208, 6304744, 6305024, 0, 140737354130696, 6302192, 140737346612537, 64, 0, 38654705663, 0, 34359738368, 0, 0, 8, 56, 140737290135184, 6305024, 140737488348096, 4199663, 6302448, 0, 8, 8}
value address: 0x7fffffffded0
Type: The type is an array.
Type sizeof: 472
Field name: None
Field Type: A range type, that is, an integer type with bounds.
Field Type sizeof: 8
Field Type range: (0L, 58L)

[INFO -- 2018-12-03 21:06:05]
Fault Injection Successful after 1.81941890717s
[INFO -- 2018-12-03 21:06:07]
event type: exit
[INFO -- 2018-12-03 21:06:07]
exit code: 0
