[INFO -- 2018-11-30 17:28:32]
Starting flip_value script
version: 1.1
[INFO -- 2018-11-30 17:28:32]
Initialization strings:
[INFO -- 2018-11-30 17:28:32]
(1) file /home/lignati/carol-fi/codes/inversefulldup/inversek2j.nn.out
[INFO -- 2018-11-30 17:28:32]
(2) set args /home/lignati/carol-fi/codes/inversefulldup/input_250k /home/lignati/carol-fi/codes/inversefulldup/output_falha.data
[INFO -- 2018-11-30 17:28:32]
initSignal:0
[INFO -- 2018-11-30 17:28:32]
endSignal:25
[INFO -- 2018-11-30 17:28:32]
faultModel:2
[INFO -- 2018-11-30 17:28:46]
Backtrace BEGIN:
#0  0x00007ffff70130e6 in get_rounding_mode () at ../sysdeps/generic/get-rounding-mode.h:94
#1  round_and_return (retval=0x7fffffffca40, exponent=-1, negative=negative@entry=0, round_limb=round_limb@entry=12878110204675227647, round_bit=39, more_bits=1) at strtod_l.c:202
#2  0x00007ffff7014332 in __GI_____strtof_l_internal (nptr=<optimized out>, endptr=<optimized out>, group=<optimized out>, loc=<optimized out>) at strtod_l.c:1613
#3  0x00007ffff7012d60 in __GI___strtof_internal (nptr=<optimized out>, endptr=<optimized out>, group=<optimized out>) at strtod.c:54
#4  0x00007ffff702c948 in _IO_vfscanf_internal (s=s@entry=0x11c818b0, format=<optimized out>, argptr=argptr@entry=0x7fffffffcf38, errp=errp@entry=0x0) at vfscanf.c:2365
#5  0x00007ffff7033162 in __isoc99_fscanf (stream=0x11c818b0, format=<optimized out>) at isoc99_fscanf.c:34
#6  0x00007ffff7bcac42 in fann_create_from_fd () from /usr/local/lib/libfann.so.2
#7  0x00007ffff7bc8073 in fann_create_from_file () from /usr/local/lib/libfann.so.2
#8  0x0000000000402061 in inversek2j(float, float, float*, float*) ()
#9  0x00000000004019dd in main ()

89	../sysdeps/generic/get-rounding-mode.h: No such file or directory.

Backtrace END
Memory content before bitflip:0x7f0x03
Fault Model: Random bit-flip
base address to flip value: 0x7fffffffc940
address max offset: 2
Memory content after  bitflip:0x960xc8
frame name: get_rounding_mode
symbol name: fc
symbol filename: ../sysdeps/generic/get-rounding-mode.h
symbol line: 77
value: 51350
value address: 0x7fffffffc940
Type: The type is an integer type.
Type sizeof: 2

[INFO -- 2018-11-30 17:28:46]
Fault Injection Successful after 14.381142616271973s
[INFO -- 2018-11-30 17:28:57]
event type: exit
[INFO -- 2018-11-30 17:28:57]
exit code: 0
