[INFO -- 2018-10-12 17:50:45]
sending 5 signals using command: 'killall -2 fft_nn.out' after 22.699115403s
[INFO -- 2018-10-12 17:50:47]
sending 5 signals using command: 'killall -2 fft_nn.out' after 24.2638057272s
[INFO -- 2018-10-12 17:50:47]
sending 5 signals using command: 'killall -2 fft_nn.out' after 24.4902326762s
[INFO -- 2018-10-12 17:50:47]
Starting GDB script
[INFO -- 2018-10-12 17:50:47]
initSignal:0.0
[INFO -- 2018-10-12 17:50:47]
endSignal:5.0
[INFO -- 2018-10-12 17:50:47]
sending 5 signals using command: 'killall -2 fft_nn.out' after 0.174757599278s
[INFO -- 2018-10-12 17:50:48]
sending 5 signals using command: 'killall -2 fft_nn.out' after 1.13747598196s
[INFO -- 2018-10-12 17:50:51]
sending 5 signals using command: 'killall -2 fft_nn.out' after 4.4965999469s
[INFO -- 2018-10-12 17:51:08]
Execution finished before waitTime
