[INFO -- 2018-10-11 00:58:00]
Starting flip_value script
version: 1.1
[INFO -- 2018-10-11 00:58:00]
Initialization strings:
[INFO -- 2018-10-11 00:58:00]
(1) file /tmp/fft_nn/fft_nn.out
[INFO -- 2018-10-11 00:58:00]
(2) set args 32768 /tmp/fft_nn/output_falha.data
[INFO -- 2018-10-11 00:58:00]
initSignal:5
[INFO -- 2018-10-11 00:58:00]
endSignal:10
[INFO -- 2018-10-11 00:58:00]
faultModel:1
[EXCEPTION -- 2018-10-11 00:58:06]
gdbException: Tentativo de desreferenciar um ponteiro genérico.
[INFO -- 2018-10-11 00:58:06]
Backtrace BEGIN:
#0  0x00007ffff700ddfd in __mpn_construct_float (frac_ptr=frac_ptr@entry=0x7fffffffcf10, expt=<optimized out>, sign=sign@entry=0) at ../sysdeps/ieee754/flt-32/mpn2flt.c:40
#1  0x00007ffff7012346 in round_and_return (retval=0x7fffffffcf10, exponent=<optimized out>, negative=negative@entry=0, round_limb=round_limb@entry=12705560546393456640, round_bit=<optimized out>, more_bits=<optimized out>) at strtod_l.c:327
#2  0x00007ffff7013332 in __GI_____strtof_l_internal (nptr=<optimized out>, endptr=<optimized out>, group=<optimized out>, loc=<optimized out>) at strtod_l.c:1613
#3  0x00007ffff7011d60 in __GI___strtof_internal (nptr=<optimized out>, endptr=<optimized out>, group=<optimized out>) at strtod.c:54
#4  0x00007ffff702b948 in _IO_vfscanf_internal (s=s@entry=0x6062c0, format=<optimized out>, argptr=argptr@entry=0x7fffffffd408, errp=errp@entry=0x0) at vfscanf.c:2365
#5  0x00007ffff7032162 in __isoc99_fscanf (stream=0x6062c0, format=<optimized out>) at isoc99_fscanf.c:34
#6  0x00007ffff7bcf187 in fann_create_from_fd () from /usr/local/lib/libfann.so.2
#7  0x00007ffff7bcf608 in fann_create_from_file () from /usr/local/lib/libfann.so.2
#8  0x00000000004019b7 in radix2DitCooleyTykeyFft(int, int*, Complex*, Complex*) ()
#9  0x0000000000401631 in main ()

35	in ../sysdeps/ieee754/flt-32/mpn2flt.c

Backtrace END
Fliping array at pos: 6
Memory content before bitflip:0x9c0x1a0x000x000x000x000x000x00
Fault Model: Double bit-flip
base address to flip value: 0x7fffffffcf50
address max offset: 8
Memory content after  bitflip:0x9c0x1a0x000x000x000x000x240x00
frame name: __GI_____strtof_l_internal
symbol name: num
symbol filename: strtod_l.c
symbol line: 485
value: {5476377146882523136, 10762028396129608154, 68, 4, 18865251664, 6812, 10133099161590428, 6812, 188, 188}
value address: 0x7fffffffcf20
Type: The type is an array.
Type sizeof: 80
Field name: None
Field Type: A range type, that is, an integer type with bounds.
Field Type sizeof: 8
Field Type range: (0, 9)

[INFO -- 2018-10-11 00:58:06]
Fault Injection Successful after 6.584661483764648s
[INFO -- 2018-10-11 00:58:19]
event type: exit
[INFO -- 2018-10-11 00:58:19]
exit code: 0
