[INFO -- 2018-12-09 15:28:38]
Starting flip_value script
version: 1.1
[INFO -- 2018-12-09 15:28:38]
Initialization strings:
[INFO -- 2018-12-09 15:28:38]
(1) file /home/melkor/ETAPA2/dup_nn/nn-knl-files/nn
[INFO -- 2018-12-09 15:28:38]
(2) set args /home/melkor/ETAPA2/dup_nn/nn-knl-files/filelist 20 5 5 /home/melkor/ETAPA2/dup_nn/nn-knl-files/out20_5_5
[INFO -- 2018-12-09 15:28:38]
initSignal:0
[INFO -- 2018-12-09 15:28:38]
endSignal:1
[INFO -- 2018-12-09 15:28:38]
faultModel:4
[EXCEPTION -- 2018-12-09 15:28:38]
pythonException: invalid frame
[INFO -- 2018-12-09 15:28:38]
Backtrace BEGIN:
#0  0x00007ffff7821093 in ?? () from /usr/lib/x86_64-linux-gnu/libgomp.so.1
#1  0x00007ffff781fda9 in ?? () from /usr/lib/x86_64-linux-gnu/libgomp.so.1
#2  0x00005555555555ed in main (argc=6, argv=0x7fffffffdf08) at nn.c:196

68	      fclose(logfile);
69	    }
70		
71		
72		if(file != NULL){	// isso aqui tava dando segfault
73			fclose(file);
74		}
75		
76	}
77	

Backtrace END
Memory content before bitflip:0x140x000x000x00
Fault Model: LSB bit-flip
base address to flip value: 0x7fffffffdb38
address max offset: 4
Memory content after  bitflip:0x140x000x000x02
frame name: main
symbol name: j
symbol filename: nn.c
symbol line: 84
value: 33554452
value address: 0x7fffffffdb38
Type: The type is an integer type.
Type sizeof: 4

[INFO -- 2018-12-09 15:28:38]
Fault Injection Successful after 0.4815981388092041s
[INFO -- 2018-12-09 15:28:38]
event type: exit
[INFO -- 2018-12-09 15:28:38]
exit code: 0
