[INFO -- 2018-10-17 13:34:57]
Starting flip_value script
version: 1.1
[INFO -- 2018-10-17 13:34:57]
Initialization strings:
[INFO -- 2018-10-17 13:34:57]
(1) file /home/latansini/Desktop/trabalhoftf/carol-fi/sample-code/inverse_nn/inversek2j_nn.out
[INFO -- 2018-10-17 13:34:57]
(2) set args /home/latansini/Desktop/trabalhoftf/carol-fi/sample-code/inverse_nn/input_250k /home/latansini/Desktop/trabalhoftf/carol-fi/sample-code/inverse_nn/output_falha.data
[INFO -- 2018-10-17 13:34:57]
initSignal:2
[INFO -- 2018-10-17 13:34:57]
endSignal:4
[INFO -- 2018-10-17 13:34:57]
faultModel:1
[EXCEPTION -- 2018-10-17 13:34:59]
gdbException: Tentativo de desreferenciar um ponteiro genérico.
[INFO -- 2018-10-17 13:34:59]
Backtrace BEGIN:
#0  __mpn_add_1 (s2_limb=9628325647795289459, s1_size=1, s1_ptr=0x7fffffffcbf8, res_ptr=0x7fffffffcbf8) at ../stdlib/gmp.h:449
#1  str_to_mpn (str=0x7fffffffcce6 "e-01", str@entry=0x7fffffffccd0 "9.50412273406982421875e-01", digcnt=<optimized out>, digcnt@entry=21, n=n@entry=0x7fffffffcbf0, nsize=nsize@entry=0x7fffffffcbc0, exponent=exponent@entry=0x7fffffffcbd0, decimal_len=decimal_len@entry=1, thousands=thousands@entry=0x0, decimal=<optimized out>) at strtod_l.c:421
#2  0x00007ffff7012c2b in __GI_____strtof_l_internal (nptr=<optimized out>, endptr=<optimized out>, group=<optimized out>, loc=<optimized out>) at strtod_l.c:1427
#3  0x00007ffff7011d60 in __GI___strtof_internal (nptr=<optimized out>, endptr=<optimized out>, group=<optimized out>) at strtod.c:54
#4  0x00007ffff702b948 in _IO_vfscanf_internal (s=s@entry=0x608610, format=<optimized out>, argptr=argptr@entry=0x7fffffffd0d8, errp=errp@entry=0x0) at vfscanf.c:2365
#5  0x00007ffff7032162 in __isoc99_fscanf (stream=0x608610, format=<optimized out>) at isoc99_fscanf.c:34
#6  0x00007ffff7bcf187 in fann_create_from_fd () from /usr/local/lib/libfann.so.2
#7  0x00007ffff7bcf608 in fann_create_from_file () from /usr/local/lib/libfann.so.2
#8  0x000000000040199e in inversek2j(float, float, float*, float*) ()
#9  0x0000000000401631 in main ()

88	dl-minimal.c: Arquivo ou diretório não encontrado.

Backtrace END
Fliping array at pos: 7
Memory content before bitflip:0x74
Fault Model: Double bit-flip
base address to flip value: 0x7ffff715cb87  
address max offset: 1
Memory content after  bitflip:0x60
frame name: __GI_____strtof_l_internal
symbol name: __PRETTY_FUNCTION__
symbol filename: strtof_l.c
symbol line: 0
value: "____str`of_l_internal"
value address: 0x7ffff715cb80 <__PRETTY_FUNCTION__.11547>
Type: The type is an array.
Type sizeof: 22
Field name: None
Field Type: A range type, that is, an integer type with bounds.
Field Type sizeof: 8
Field Type range: (0, 21)

[INFO -- 2018-10-17 13:34:59]
Fault Injection Successful after 2.7734177112579346s
[INFO -- 2018-10-17 13:35:08]
event type: exit
[INFO -- 2018-10-17 13:35:08]
exit code: 0
