[INFO -- 2018-10-09 10:46:44]
sending 5 signals using command: 'killall -2 fft_nn.out' after 21.1503012552s
[INFO -- 2018-10-09 10:46:47]
sending 5 signals using command: 'killall -2 fft_nn.out' after 23.9803171412s
[INFO -- 2018-10-09 10:46:48]
sending 5 signals using command: 'killall -2 fft_nn.out' after 24.5694395741s
[INFO -- 2018-10-09 10:46:48]
Starting GDB script
[INFO -- 2018-10-09 10:46:48]
initSignal:0.0
[INFO -- 2018-10-09 10:46:48]
endSignal:5.0
[INFO -- 2018-10-09 10:46:48]
sending 5 signals using command: 'killall -2 fft_nn.out' after 0.539863995149s
[INFO -- 2018-10-09 10:46:50]
sending 5 signals using command: 'killall -2 fft_nn.out' after 2.03626478515s
[INFO -- 2018-10-09 10:46:50]
sending 5 signals using command: 'killall -2 fft_nn.out' after 2.0655592597s
[INFO -- 2018-10-09 10:47:09]
Execution finished before waitTime
