[INFO -- 2018-12-01 13:12:36]
Starting flip_value script
version: 1.1
[INFO -- 2018-12-01 13:12:36]
Initialization strings:
[INFO -- 2018-12-01 13:12:36]
(1) file /home/lignati/carol-fi/codes/inversefulldup/inversek2j.nn.out
[INFO -- 2018-12-01 13:12:36]
(2) set args /home/lignati/carol-fi/codes/inversefulldup/input_250k /home/lignati/carol-fi/codes/inversefulldup/output_falha.data
[INFO -- 2018-12-01 13:12:36]
initSignal:0
[INFO -- 2018-12-01 13:12:36]
endSignal:25
[INFO -- 2018-12-01 13:12:36]
faultModel:0
[INFO -- 2018-12-01 13:12:42]
Backtrace BEGIN:
#0  0x00007ffff702a90f in _IO_vfscanf_internal (s=s@entry=0x6085c0, format=<optimized out>, argptr=argptr@entry=0x7fffffffcf38, errp=errp@entry=0x0) at vfscanf.c:2020
#1  0x00007ffff7033162 in __isoc99_fscanf (stream=0x6085c0, format=<optimized out>) at isoc99_fscanf.c:34
#2  0x00007ffff7bc96fb in fann_create_from_fd () from /usr/local/lib/libfann.so.2
#3  0x00007ffff7bc8073 in fann_create_from_file () from /usr/local/lib/libfann.so.2
#4  0x0000000000402061 in inversek2j(float, float, float*, float*) ()
#5  0x000000000040179a in main ()

2015	vfscanf.c: No such file or directory.

Backtrace END
Memory content before bitflip:0xff0xff0xff0xff
Fault Model: Single bit-flip
base address to flip value: 0x7fffffffcd38
address max offset: 4
Memory content after  bitflip:0xff0xfb0xff0xff
frame name: _IO_vfscanf_internal
symbol name: width
symbol filename: vfscanf.c
symbol line: 221
value: -1025
value address: 0x7fffffffcd38
Type: The type is an integer type.
Type sizeof: 4

[INFO -- 2018-12-01 13:12:42]
Fault Injection Successful after 6.648871183395386s
[INFO -- 2018-12-01 13:13:01]
event type: exit
[INFO -- 2018-12-01 13:13:01]
exit code: 0
