[INFO -- 2018-10-07 08:52:02]
sending 5 signals using command: 'killall -2 fft_nn.out' after 20.1262787898s
[INFO -- 2018-10-07 08:52:04]
sending 5 signals using command: 'killall -2 fft_nn.out' after 22.4264369109s
[INFO -- 2018-10-07 08:52:06]
sending 5 signals using command: 'killall -2 fft_nn.out' after 24.9069331221s
[INFO -- 2018-10-07 08:52:07]
Starting GDB script
[INFO -- 2018-10-07 08:52:07]
initSignal:0.0
[INFO -- 2018-10-07 08:52:07]
endSignal:5.0
[INFO -- 2018-10-07 08:52:07]
sending 5 signals using command: 'killall -2 fft_nn.out' after 0.507382429588s
[INFO -- 2018-10-07 08:52:10]
sending 5 signals using command: 'killall -2 fft_nn.out' after 3.22368991937s
[INFO -- 2018-10-07 08:52:11]
sending 5 signals using command: 'killall -2 fft_nn.out' after 3.9796980644s
[INFO -- 2018-10-07 08:52:27]
Execution finished before waitTime
