[INFO -- 2018-10-16 04:36:51]
Starting flip_value script
version: 1.1
[INFO -- 2018-10-16 04:36:51]
Initialization strings:
[INFO -- 2018-10-16 04:36:51]
(1) file /home/latansini/Desktop/trabalhoftf/carol-fi/sample-code/inverse_nn/inversek2j_nn.out
[INFO -- 2018-10-16 04:36:51]
(2) set args /home/latansini/Desktop/trabalhoftf/carol-fi/sample-code/inverse_nn/input_250k /home/latansini/Desktop/trabalhoftf/carol-fi/sample-code/inverse_nn/output_falha.data
[INFO -- 2018-10-16 04:36:51]
initSignal:2
[INFO -- 2018-10-16 04:36:51]
endSignal:4
[INFO -- 2018-10-16 04:36:51]
faultModel:1
[INFO -- 2018-10-16 04:36:53]
Backtrace BEGIN:
#0  0x00007ffff7012367 in round_away (mode=0, more_bits=true, half_bit=<optimized out>, last_digit_odd=true, negative=false) at ../include/rounding-mode.h:52
#1  round_and_return (retval=0x7fffffffcbe0, exponent=-3, negative=negative@entry=0, round_limb=round_limb@entry=3930021244799287295, round_bit=<optimized out>, more_bits=1) at strtod_l.c:296
#2  0x00007ffff7013332 in __GI_____strtof_l_internal (nptr=<optimized out>, endptr=<optimized out>, group=<optimized out>, loc=<optimized out>) at strtod_l.c:1613
#3  0x00007ffff7011d60 in __GI___strtof_internal (nptr=<optimized out>, endptr=<optimized out>, group=<optimized out>) at strtod.c:54
#4  0x00007ffff702b948 in _IO_vfscanf_internal (s=s@entry=0x608610, format=<optimized out>, argptr=argptr@entry=0x7fffffffd0d8, errp=errp@entry=0x0) at vfscanf.c:2365
#5  0x00007ffff7032162 in __isoc99_fscanf (stream=0x608610, format=<optimized out>) at isoc99_fscanf.c:34
#6  0x00007ffff7bcf187 in fann_create_from_fd () from /usr/local/lib/libfann.so.2
#7  0x00007ffff7bcf608 in fann_create_from_file () from /usr/local/lib/libfann.so.2
#8  0x000000000040199e in inversek2j(float, float, float*, float*) ()
#9  0x0000000000401631 in main ()

47	../include/rounding-mode.h: Arquivo ou diretório não encontrado.

Backtrace END
Memory content before bitflip:0x000x000x000x00
Fault Model: Double bit-flip
base address to flip value: 0x7fffffffcb50
address max offset: 4
Memory content after  bitflip:0x220x000x000x00
frame name: __GI_____strtof_l_internal
symbol name: negative
symbol filename: strtod_l.c
symbol line: 484
value: 34
value address: 0x7fffffffcb50
Type: The type is an integer type.
Type sizeof: 4

[INFO -- 2018-10-16 04:36:53]
Fault Injection Successful after 2.8211710453033447s
[INFO -- 2018-10-16 04:37:02]
event type: exit
[INFO -- 2018-10-16 04:37:02]
exit code: 0
