[INFO -- 2018-10-07 14:37:54]
Starting flip_value script
version: 1.1
[INFO -- 2018-10-07 14:37:54]
Initialization strings:
[INFO -- 2018-10-07 14:37:54]
(1) file /tmp/fft_nn/fft_nn.out
[INFO -- 2018-10-07 14:37:54]
(2) set args 32768 /tmp/fft_nn/output_falha.data
[INFO -- 2018-10-07 14:37:54]
initSignal:5
[INFO -- 2018-10-07 14:37:54]
endSignal:10
[INFO -- 2018-10-07 14:37:54]
faultModel:1
[INFO -- 2018-10-07 14:38:02]
Backtrace BEGIN:
#0  __mpn_lshift () at ../sysdeps/x86_64/lshift.S:33
#1  0x00007ffff7012c6e in __GI_____strtof_l_internal (nptr=<optimized out>, endptr=<optimized out>, group=<optimized out>, loc=<optimized out>) at strtod_l.c:1451
#2  0x00007ffff7011d60 in __GI___strtof_internal (nptr=<optimized out>, endptr=<optimized out>, group=<optimized out>) at strtod.c:54
#3  0x00007ffff702b948 in _IO_vfscanf_internal (s=s@entry=0x6062c0, format=<optimized out>, argptr=argptr@entry=0x7fffffffd8c8, errp=errp@entry=0x0) at vfscanf.c:2365
#4  0x00007ffff7032162 in __isoc99_fscanf (stream=0x6062c0, format=<optimized out>) at isoc99_fscanf.c:34
#5  0x00007ffff7bcf187 in fann_create_from_fd () from /usr/local/lib/libfann.so.2
#6  0x00007ffff7bcf608 in fann_create_from_file () from /usr/local/lib/libfann.so.2
#7  0x00000000004019b7 in radix2DitCooleyTykeyFft(int, int*, Complex*, Complex*) ()
#8  0x0000000000401631 in main ()

28	../sysdeps/x86_64/lshift.S: Arquivo ou diretório não encontrado.

Backtrace END
Fliping array at pos: 2
Memory content before bitflip:0x440x000x000x000x000x000x000x00
Fault Model: Double bit-flip
base address to flip value: 0x7fffffffd3f0
address max offset: 8
Memory content after  bitflip:0x440x050x000x000x000x000x000x00
frame name: __GI_____strtof_l_internal
symbol name: num
symbol filename: strtod_l.c
symbol line: 485
value: {2570878341828854020, 7, 1348, 4, 18865251664, 6812, 6812, 6812, 188, 188}
value address: 0x7fffffffd3e0
Type: The type is an array.
Type sizeof: 80
Field name: None
Field Type: A range type, that is, an integer type with bounds.
Field Type sizeof: 8
Field Type range: (0, 9)

[INFO -- 2018-10-07 14:38:02]
Fault Injection Successful after 8.067891120910645s
[INFO -- 2018-10-07 14:38:13]
event type: exit
[INFO -- 2018-10-07 14:38:13]
exit code: 0
