[INFO -- 2018-10-19 03:47:09]
Starting flip_value script
version: 1.1
[INFO -- 2018-10-19 03:47:09]
Initialization strings:
[INFO -- 2018-10-19 03:47:09]
(1) file /home/latansini/Desktop/trabalhoftf/carol-fi/sample-code/knn/nn-knl-files/nn
[INFO -- 2018-10-19 03:47:09]
(2) set args /home/latansini/Desktop/trabalhoftf/carol-fi/sample-code/knn/nn-knl-files/filelist 15 25 25 /home/latansini/Desktop/trabalhoftf/carol-fi/sample-code/knn/nn-knl-files/out15_25_25
[INFO -- 2018-10-19 03:47:09]
initSignal:2
[INFO -- 2018-10-19 03:47:09]
endSignal:3
[INFO -- 2018-10-19 03:47:09]
faultModel:2
[EXCEPTION -- 2018-10-19 03:47:11]
pythonException: invalid frame
[EXCEPTION -- 2018-10-19 03:47:11]
gdbException: Tentativo de desreferenciar um ponteiro genérico.
[EXCEPTION -- 2018-10-19 03:47:11]
pythonException: invalid frame
[EXCEPTION -- 2018-10-19 03:47:11]
pythonException: invalid frame
[EXCEPTION -- 2018-10-19 03:47:11]
pythonException: invalid frame
[EXCEPTION -- 2018-10-19 03:47:11]
pythonException: invalid frame
[INFO -- 2018-10-19 03:47:11]
Backtrace BEGIN:
#0  0x00007ffff78bdc0d in ?? () from /usr/lib/x86_64-linux-gnu/libgomp.so.1
#1  0x00007ffff78bb6a8 in ?? () from /usr/lib/x86_64-linux-gnu/libgomp.so.1
#2  0x00007ffff768f184 in start_thread (arg=0x7ffff68b8700) at pthread_create.c:312
#3  0x00007ffff73bc03d in clone () at ../sysdeps/unix/sysv/linux/x86_64/clone.S:111

30	    FILE   *flist,*fp;
31	    int    i=0,j=0, k=0, rec_count=0, done=0;
32	    char   sandbox[REC_LENGTH * REC_WINDOW], *rec_iter,*rec_iter2, dbname[64];
33	    struct neighbor *neighbors = NULL;
34	    float target_lat, target_long, tmp_lat=0, tmp_long=0;
35	    char * gold_filename;
36	    long rec_sum = 0;
37	
38	    if(argc < 6) {
39	        fprintf(stderr, "Invalid set of arguments:\n");

Backtrace END
Memory content before bitflip:0x000x000xc80x41
Fault Model: Random bit-flip
base address to flip value: 0x7fffffffd574
address max offset: 4
Memory content after  bitflip:0x2d0x6f0x850x16
frame name: main._omp_fn.0
symbol name: target_long
symbol filename: nn.c
symbol line: 34
value: 2,15574707e-25
value address: 0x7fffffffd574
Type: A floating point type.
Type sizeof: 4

[INFO -- 2018-10-19 03:47:11]
Fault Injection Successful after 2.7807509899139404s
[INFO -- 2018-10-19 03:47:15]
event type: exit
[INFO -- 2018-10-19 03:47:15]
exit code: 0
