[19]: 1989  2  9  0  1 GORDON      7.1   4.6   83  398 1984  8 21  6 28 BERYL       7.0 125.7   40  585
[18]: 2004  7  4  0 13 WILLIAM     7.1   5.8   46  355 1959  6 26 12  9 ISAAC       7.0 124.9   20  863
[17]: 1996 11 23  6 22 DEBBY       7.0   5.9   76   11 1999  7  5  0 16 GORDON      7.2 126.0  161   36
[16]: 1987  8  9 18  7 HELENE      7.0   5.1   38  562 2000  3  8  6  7 KIRK        7.2 126.1   79  835
[15]: 1987  7 22 12 26 ISAAC       7.1   5.7  137  580 1977  2 17  0 11 BERYL       7.1 125.7   91  178
[14]: 1984  8 17  6 26 NADINE      7.1   4.5   38   58 1989 10 16 18  9 ALBERTO     7.1 125.1  153  285
[13]: 1979  7  3  6 24 BERYL       7.3   4.8  143   77 2002 10 16 18  6 JOYCE       7.0 126.2  147   79
[12]: 1977  8 24  0 16 SANDY       7.1   4.1  153  341 1969 10 26 12 21 GORDON      7.1 126.2  140  880
[11]: 1988  2 14 18 24 GORDON      7.0   6.1   37  617 2002  1  8 18 20 SANDY       7.1 126.1  162  781
[10]: 1991  7 24  0 22 RAFAEL      7.2   4.8   79  482 1999  3 13 12 26 DEBBY       7.0 126.3  126  327
[9]: 1981 10 16 18 28 KIRK        7.2   5.6   81  406 1974  1  3  6 27 GORDON      7.0 125.3  160  158
[8]: 1993  5 11  6 15 RAFAEL      7.2   4.5   41  322 1998  1  8 12 17 WILLIAM     7.1 126.2  145   72
[7]: 1998  9  5 12  5 PATTY       7.0   6.0   39   51 1999 11 16  0  8 RAFAEL      7.1 126.0   35  469
[6]: 2003  5 11  0 17 NADINE      7.0   5.9   83  638 2001  5  9  6  3 JOYCE       7.0 125.8   79  684
[5]: 1991 12 27  6  3 ISAAC       7.0   4.1  118  263 1953  6 26 18 13 BERYL       7.2 125.5   52  272
[4]: 1964  2 13  0 22 KIRK        7.1   4.8  119  506 1975  3  7  0 22 RAFAEL      7.1 126.6   79  383
[3]: 1971 10  4 12  8 KIRK        7.1   5.9   54   36 1950 10 26  6  5 KIRK        7.1 125.2   77  105
[2]: 1990 11 27  6  6 WILLIAM     7.1   5.9  132  577 1952  5  9 12 27 NADINE      7.2 125.7  161  417
[1]: 1981  2 28 18 11 RAFAEL      7.1   5.3   37  100 1967 10 26  6 17 MICHAEL     7.2 126.0   31  781
[0]: 1961  9  9 18 17 OSCAR       7.1   5.6   15   79 1996  7 28 12  8 SANDY       7.2 125.8   78   61
