[19]: 1989  2  9  0  1 GORDON      7.1   4.6   83  398 1993 10 21  0 20 WILLIAM    20.0   4.7   36  284
[18]: 2004  7  4  0 13 WILLIAM     7.1   5.8   46  355 1996  1 13  0 11 FLORENCE   19.8   5.2   94    8
[17]: 1996 11 23  6 22 DEBBY       7.0   5.9   76   11 1977  2 14  6 11 LESLIE     19.7   5.0   67  793
[16]: 1987  8  9 18  7 HELENE      7.0   5.1   38  562 1988 10  3  6 24 NADINE     20.0   5.0   40  351
[15]: 1987  7 22 12 26 ISAAC       7.1   5.7  137  580 1965  5  1 12 21 BERYL      19.8   5.2   78  717
[14]: 1984  8 17  6 26 NADINE      7.1   4.5   38   58 1950  5 10 18 14 SANDY      20.1   5.0   99  553
[13]: 1979  7  3  6 24 BERYL       7.3   4.8  143   77 1956  6 22  0 10 ALBERTO    20.1   5.1  150   91
[12]: 1977  8 24  0 16 SANDY       7.1   4.1  153  341 1974  4 27 18 16 WILLIAM    20.2   5.2   99  251
[11]: 1988  2 14 18 24 GORDON      7.0   6.1   37  617 1970  2 19  6 26 MICHAEL    19.7   5.0   79  831
[10]: 1991  7 24  0 22 RAFAEL      7.2   4.8   79  482 2004 12 17  0 14 KIRK       19.9   5.0   43  733
[9]: 1981 10 16 18 28 KIRK        7.2   5.6   81  406 1988  8 23 12  7 LESLIE     20.2   5.0   84  186
[8]: 1993  5 11  6 15 RAFAEL      7.2   4.5   41  322 1975  4 21 18 12 VALERIE    20.2   5.2  150  527
[7]: 1998  9  5 12  5 PATTY       7.0   6.0   39   51 1965 11 25  0  7 TONY       20.0   5.1  125  505
[6]: 2003  5 11  0 17 NADINE      7.0   5.9   83  638 2003  5 10 18 25 ISAAC      20.1   4.9   16   32
[5]: 1991 12 27  6  3 ISAAC       7.0   4.1  118  263 1985  5 14 12 27 JOYCE      20.2   5.2   84  713
[4]: 1964  2 13  0 22 KIRK        7.1   4.8  119  506 1990  5 23 12 15 MICHAEL    19.9   5.2  155  266
[3]: 1971 10  4 12  8 KIRK        7.1   5.9   54   36 1981  4  9  0 28 ALBERTO    19.9   4.8  112    2
[2]: 1990 11 27  6  6 WILLIAM     7.1   5.9  132  577 1956  2 24  0 19 BERYL      20.1   5.1   10  207
[1]: 1981  2 28 18 11 RAFAEL      7.1   5.3   37  100 1952  3 25 18  2 ERNESTO    19.9   4.8   73  677
[0]: 1961  9  9 18 17 OSCAR       7.1   5.6   15   79 1965  3 10  6 26 MICHAEL    19.9   5.2  112  510
