[INFO -- 2018-10-05 16:17:13]
Starting flip_value script
version: 1.1
[INFO -- 2018-10-05 16:17:13]
Initialization strings:
[INFO -- 2018-10-05 16:17:13]
(1) file /tmp/fft_nn/fft_nn.out
[INFO -- 2018-10-05 16:17:13]
(2) set args 32768 /tmp/fft_nn/output_falha.data
[INFO -- 2018-10-05 16:17:13]
initSignal:10
[INFO -- 2018-10-05 16:17:13]
endSignal:15
[INFO -- 2018-10-05 16:17:13]
faultModel:3
[EXCEPTION -- 2018-10-05 16:17:23]
gdbException: Tentativo de desreferenciar um ponteiro genérico.
[INFO -- 2018-10-05 16:17:23]
Backtrace BEGIN:
#0  __memcpy_sse2 () at ../sysdeps/x86_64/multiarch/../memcpy.S:92
#1  0x00007ffff7012b7b in __GI_____strtof_l_internal (nptr=<optimized out>, endptr=<optimized out>, group=<optimized out>, loc=<optimized out>) at strtod_l.c:1403
#2  0x00007ffff7011d60 in __GI___strtof_internal (nptr=<optimized out>, endptr=<optimized out>, group=<optimized out>) at strtod.c:54
#3  0x00007ffff702b948 in _IO_vfscanf_internal (s=s@entry=0x6062c0, format=<optimized out>, argptr=argptr@entry=0x7fffffffd8c8, errp=errp@entry=0x0) at vfscanf.c:2365
#4  0x00007ffff7032162 in __isoc99_fscanf (stream=0x6062c0, format=<optimized out>) at isoc99_fscanf.c:34
#5  0x00007ffff7bcf0eb in fann_create_from_fd () from /usr/local/lib/libfann.so.2
#6  0x00007ffff7bcf608 in fann_create_from_file () from /usr/local/lib/libfann.so.2
#7  0x00000000004019b7 in radix2DitCooleyTykeyFft(int, int*, Complex*, Complex*) ()
#8  0x0000000000401631 in main ()

87	../sysdeps/x86_64/multiarch/../memcpy.S: Arquivo ou diretório não encontrado.

Backtrace END
Fliping value of field: __value
Fliping value of field name: __wch
Memory content before bitflip:0x000x000x000x00
Fault Model: Zero bit-flip
base address to flip value: 0x7fffffffd6e4
address max offset: 4
Memory content after  bitflip:0x000x000x000x00
frame name: _IO_vfscanf_internal
symbol name: state
symbol filename: vfscanf.c
symbol line: 252
value: {__count = 0, __value = {__wch = 0, __wchb = "\000\000\000"}}
value address: 0x7fffffffd6e0
Type: The type is a structure.
Type sizeof: 8
Field name: __count
Field Type: The type is an integer type.
Field Type sizeof: 4
Field name: __value
Field Type: The type is a union.
Field Type sizeof: 4

[INFO -- 2018-10-05 16:17:23]
Fault Injection Successful after 10.98757004737854s
[INFO -- 2018-10-05 16:17:33]
event type: exit
[INFO -- 2018-10-05 16:17:33]
exit code: 0
