[INFO -- 2018-10-16 20:37:23]
Starting flip_value script
version: 1.1
[INFO -- 2018-10-16 20:37:23]
Initialization strings:
[INFO -- 2018-10-16 20:37:23]
(1) file /home/latansini/Desktop/trabalhoftf/carol-fi/sample-code/inverse_nn/inversek2j_nn.out
[INFO -- 2018-10-16 20:37:23]
(2) set args /home/latansini/Desktop/trabalhoftf/carol-fi/sample-code/inverse_nn/input_250k /home/latansini/Desktop/trabalhoftf/carol-fi/sample-code/inverse_nn/output_falha.data
[INFO -- 2018-10-16 20:37:23]
initSignal:4
[INFO -- 2018-10-16 20:37:23]
endSignal:6
[INFO -- 2018-10-16 20:37:23]
faultModel:2
[INFO -- 2018-10-16 20:37:27]
Backtrace BEGIN:
#0  _IO_vfscanf_internal (s=s@entry=0x608610, format=<optimized out>, argptr=argptr@entry=0x7fffffffd0d8, errp=errp@entry=0x0) at vfscanf.c:2006
#1  0x00007ffff7032162 in __isoc99_fscanf (stream=0x608610, format=<optimized out>) at isoc99_fscanf.c:34
#2  0x00007ffff7bcf187 in fann_create_from_fd () from /usr/local/lib/libfann.so.2
#3  0x00007ffff7bcf608 in fann_create_from_file () from /usr/local/lib/libfann.so.2
#4  0x000000000040199e in inversek2j(float, float, float*, float*) ()
#5  0x0000000000401631 in main ()

2001	vfscanf.c: Arquivo ou diretório não encontrado.

Backtrace END
Fliping a bit of the value pointed by a pointer
Memory content before bitflip:0x34
Fault Model: Random bit-flip
base address to flip value: 0x7fffffffccd2 
address max offset: 1
Memory content after  bitflip:0xa1
frame name: _IO_vfscanf_internal
symbol name: tw
symbol filename: vfscanf.c
symbol line: 271
value: 0x7fffffffccd2 "\241\065\064\060\064\065\063\065\065\063\061\071\071\067\066\070\060\066\066\064e-01"
value address: 0x7fffffffcf00
Type: The type is a pointer.
Type sizeof: 8

[INFO -- 2018-10-16 20:37:27]
Fault Injection Successful after 4.6406474113464355s
[INFO -- 2018-10-16 20:37:34]
event type: exit
[INFO -- 2018-10-16 20:37:34]
exit code: 0
