[INFO -- 2018-10-12 03:58:47]
Starting flip_value script
version: 1.1
[INFO -- 2018-10-12 03:58:47]
Initialization strings:
[INFO -- 2018-10-12 03:58:47]
(1) file /tmp/fft_nn/fft_nn.out
[INFO -- 2018-10-12 03:58:47]
(2) set args 32768 /tmp/fft_nn/output_falha.data
[INFO -- 2018-10-12 03:58:47]
initSignal:0
[INFO -- 2018-10-12 03:58:47]
endSignal:5
[INFO -- 2018-10-12 03:58:47]
faultModel:0
[INFO -- 2018-10-12 03:58:48]
Backtrace BEGIN:
#0  str_to_mpn (str=0x7fffffffd001 ".41326236724853515625e+00", str@entry=0x7fffffffd000 "1.41326236724853515625e+00", digcnt=<optimized out>, digcnt@entry=1, n=n@entry=0x7fffffffcf20, nsize=nsize@entry=0x7fffffffcef0, exponent=exponent@entry=0x7fffffffcf00, decimal_len=decimal_len@entry=1, thousands=thousands@entry=0x0, decimal=0x7ffff715614b <dot> ".") at strtod_l.c:412
#1  0x00007ffff7013c0a in __GI_____strtof_l_internal (nptr=<optimized out>, endptr=0x7fffffffd230, group=<optimized out>, loc=<optimized out>) at strtod_l.c:1176
#2  0x00007ffff7011d60 in __GI___strtof_internal (nptr=<optimized out>, endptr=<optimized out>, group=<optimized out>) at strtod.c:54
#3  0x00007ffff702b948 in _IO_vfscanf_internal (s=s@entry=0x6062c0, format=<optimized out>, argptr=argptr@entry=0x7fffffffd408, errp=errp@entry=0x0) at vfscanf.c:2365
#4  0x00007ffff7032162 in __isoc99_fscanf (stream=0x6062c0, format=<optimized out>) at isoc99_fscanf.c:34
#5  0x00007ffff7bcf187 in fann_create_from_fd () from /usr/local/lib/libfann.so.2
#6  0x00007ffff7bcf608 in fann_create_from_file () from /usr/local/lib/libfann.so.2
#7  0x00000000004019b7 in radix2DitCooleyTykeyFft(int, int*, Complex*, Complex*) ()
#8  0x0000000000401631 in main ()

407	strtod_l.c: Arquivo ou diretório não encontrado.

Backtrace END
Fliping array at pos: 5
Memory content before bitflip:0x9c0x1a0x000x000x000x000x000x00
Fault Model: Single bit-flip
base address to flip value: 0x7fffffffcf48
address max offset: 8
Memory content after  bitflip:0x1c0x1a0x000x000x000x000x000x00
frame name: __GI_____strtof_l_internal
symbol name: num
symbol filename: strtod_l.c
symbol line: 485
value: {11529215046068469760, 4880678653717041015, 68, 4, 18865251664, 6684, 6812, 6812, 188, 188}
value address: 0x7fffffffcf20
Type: The type is an array.
Type sizeof: 80
Field name: None
Field Type: A range type, that is, an integer type with bounds.
Field Type sizeof: 8
Field Type range: (0, 9)

[INFO -- 2018-10-12 03:58:48]
Fault Injection Successful after 1.2521936893463135s
[INFO -- 2018-10-12 03:59:07]
event type: exit
[INFO -- 2018-10-12 03:59:07]
exit code: 0
