[INFO -- 2018-10-06 04:48:37]
Starting flip_value script
version: 1.1
[INFO -- 2018-10-06 04:48:37]
Initialization strings:
[INFO -- 2018-10-06 04:48:37]
(1) file /tmp/fft_nn/fft_nn.out
[INFO -- 2018-10-06 04:48:37]
(2) set args 32768 /tmp/fft_nn/output_falha.data
[INFO -- 2018-10-06 04:48:37]
initSignal:0
[INFO -- 2018-10-06 04:48:37]
endSignal:5
[INFO -- 2018-10-06 04:48:37]
faultModel:0
[INFO -- 2018-10-06 04:48:40]
Backtrace BEGIN:
#0  _IO_vfscanf_internal (s=s@entry=0x6062c0, format=<optimized out>, argptr=argptr@entry=0x7fffffffd8c8, errp=errp@entry=0x0) at vfscanf.c:404
#1  0x00007ffff7032162 in __isoc99_fscanf (stream=0x6062c0, format=<optimized out>) at isoc99_fscanf.c:34
#2  0x00007ffff7bcf0a9 in fann_create_from_fd () from /usr/local/lib/libfann.so.2
#3  0x00007ffff7bcf608 in fann_create_from_file () from /usr/local/lib/libfann.so.2
#4  0x00000000004019b7 in radix2DitCooleyTykeyFft(int, int*, Complex*, Complex*) ()
#5  0x0000000000401631 in main ()

399	vfscanf.c: Arquivo ou diretório não encontrado.

Backtrace END
Fliping array at pos: 20
Memory content before bitflip:0x00
Fault Model: Single bit-flip
base address to flip value: 0x7ffff715cc14  
address max offset: 1
Memory content after  bitflip:0x01
frame name: _IO_vfscanf_internal
symbol name: __PRETTY_FUNCTION__
symbol filename: vfscanf.c
symbol line: 0
value: "_IO_vfscanf_internal\001"
value address: 0x7ffff715cc00 <__PRETTY_FUNCTION__.11925>
Type: The type is an array.
Type sizeof: 21
Field name: None
Field Type: A range type, that is, an integer type with bounds.
Field Type sizeof: 8
Field Type range: (0, 20)

[INFO -- 2018-10-06 04:48:40]
Fault Injection Successful after 3.5253024101257324s
[INFO -- 2018-10-06 04:48:57]
event type: exit
[INFO -- 2018-10-06 04:48:57]
exit code: 0
