[INFO -- 2018-10-18 16:35:40]
Starting flip_value script
version: 1.1
[INFO -- 2018-10-18 16:35:40]
Initialization strings:
[INFO -- 2018-10-18 16:35:40]
(1) file /home/latansini/Desktop/trabalhoftf/carol-fi/sample-code/knn/nn-knl-files/nn
[INFO -- 2018-10-18 16:35:40]
(2) set args /home/latansini/Desktop/trabalhoftf/carol-fi/sample-code/knn/nn-knl-files/filelist 15 25 25 /home/latansini/Desktop/trabalhoftf/carol-fi/sample-code/knn/nn-knl-files/out15_25_25
[INFO -- 2018-10-18 16:35:40]
initSignal:0
[INFO -- 2018-10-18 16:35:40]
endSignal:1
[INFO -- 2018-10-18 16:35:40]
faultModel:0
[EXCEPTION -- 2018-10-18 16:35:40]
pythonException: invalid frame
[EXCEPTION -- 2018-10-18 16:35:40]
pythonException: invalid frame
[EXCEPTION -- 2018-10-18 16:35:40]
pythonException: invalid frame
[INFO -- 2018-10-18 16:35:40]
Backtrace BEGIN:
#0  0x00007ffff78bdc06 in ?? () from /usr/lib/x86_64-linux-gnu/libgomp.so.1
#1  0x00007ffff78bc0e2 in ?? () from /usr/lib/x86_64-linux-gnu/libgomp.so.1
#2  0x0000000000401184 in main (argc=6, argv=0x7fffffffd8b8) at nn.c:115

20	* This program finds the k-nearest neighbors
21	* Usage:	./nn <filelist> <num> <target latitude> <target longitude> <out filename>
22	*			filelist: File with the filenames to the records
23	*			num: Number of nearest neighbors to find
24	*			target lat: Latitude coordinate for distance calculations
25	*			target long: Longitude coordinate for distance calculations
26	* The filelist and data are generated by hurricane_gen.c
27	* REC_WINDOW has been arbitrarily assigned; A larger value would allow more work for the threads
28	*/
29	int main(int argc, char* argv[]) {

Backtrace END
Fliping array at pos: 458
Memory content before bitflip:0x47
Fault Model: Single bit-flip
base address to flip value: 0x7fffffffd78a 
address max offset: 1
Memory content after  bitflip:0x43
frame name: main
symbol name: sandbox
symbol filename: nn.c
symbol line: 32
value: "1962  5 10  0 28 HELENE     23.3 350.2  161  678\n1984  5 10 12  4 BERYL      62.0 261.7   99  393\n2003  2 11  0 12 FLORENCE   58.0 313.8   94  888\n1989  9 13 18 13 BERYL      51.6 195.4   56  150\n1999"...
value address: 0x7fffffffd5c0
Type: The type is an array.
Type sizeof: 490
Field name: None
Field Type: A range type, that is, an integer type with bounds.
Field Type sizeof: 8
Field Type range: (0, 489)

[INFO -- 2018-10-18 16:35:40]
Fault Injection Successful after 0.7267858982086182s
[INFO -- 2018-10-18 16:35:46]
event type: exit
[INFO -- 2018-10-18 16:35:46]
exit code: 0
