[INFO -- 2018-10-09 07:27:39]
Starting flip_value script
version: 1.1
[INFO -- 2018-10-09 07:27:39]
Initialization strings:
[INFO -- 2018-10-09 07:27:39]
(1) file /tmp/fft_nn/fft_nn.out
[INFO -- 2018-10-09 07:27:39]
(2) set args 32768 /tmp/fft_nn/output_falha.data
[INFO -- 2018-10-09 07:27:39]
initSignal:10
[INFO -- 2018-10-09 07:27:39]
endSignal:15
[INFO -- 2018-10-09 07:27:39]
faultModel:2
[EXCEPTION -- 2018-10-09 07:27:50]
gdbException: Tentativo de desreferenciar um ponteiro genérico.
[EXCEPTION -- 2018-10-09 07:27:50]
gdbException: Tentativo de desreferenciar um ponteiro genérico.
[INFO -- 2018-10-09 07:27:50]
Backtrace BEGIN:
#0  0x00007ffff7011e63 in str_to_mpn (str=0x7fffffffd005 "56561827659606934e-02", str@entry=0x7fffffffd000 "3.00056561827659606934e-02", digcnt=17, digcnt@entry=21, n=n@entry=0x7fffffffcf20, nsize=nsize@entry=0x7fffffffcef0, exponent=exponent@entry=0x7fffffffcf00, decimal_len=decimal_len@entry=1, thousands=thousands@entry=0x0, decimal=<optimized out>) at strtod_l.c:373
#1  0x00007ffff7012c2b in __GI_____strtof_l_internal (nptr=<optimized out>, endptr=<optimized out>, group=<optimized out>, loc=<optimized out>) at strtod_l.c:1427
#2  0x00007ffff7011d60 in __GI___strtof_internal (nptr=<optimized out>, endptr=<optimized out>, group=<optimized out>) at strtod.c:54
#3  0x00007ffff702b948 in _IO_vfscanf_internal (s=s@entry=0x6062c0, format=<optimized out>, argptr=argptr@entry=0x7fffffffd408, errp=errp@entry=0x0) at vfscanf.c:2365
#4  0x00007ffff7032162 in __isoc99_fscanf (stream=0x6062c0, format=<optimized out>) at isoc99_fscanf.c:34
#5  0x00007ffff7bcf187 in fann_create_from_fd () from /usr/local/lib/libfann.so.2
#6  0x00007ffff7bcf608 in fann_create_from_file () from /usr/local/lib/libfann.so.2
#7  0x00000000004019b7 in radix2DitCooleyTykeyFft(int, int*, Complex*, Complex*) ()
#8  0x0000000000401631 in main ()

368	in strtod_l.c

Backtrace END
Fliping array at pos: 0
Memory content before bitflip:0xcf0x030x910x000x000x000x000x00
Fault Model: Random bit-flip
base address to flip value: 0x7fffffffcf10
address max offset: 8
Memory content after  bitflip:0xb50xfe0xbd0x260xb50x6c0x740x5c
frame name: __GI_____strtof_l_internal
symbol name: retval
symbol filename: strtod_l.c
symbol line: 497
value: {6662069274082672309}
value address: 0x7fffffffcf10
Type: The type is an array.
Type sizeof: 8
Field name: None
Field Type: A range type, that is, an integer type with bounds.
Field Type sizeof: 8
Field Type range: (0, 0)

[INFO -- 2018-10-09 07:27:50]
Fault Injection Successful after 11.728737592697144s
[INFO -- 2018-10-09 07:27:59]
event type: exit
[INFO -- 2018-10-09 07:27:59]
exit code: 0
