[INFO -- 2018-10-18 19:35:00]
Starting flip_value script
version: 1.1
[INFO -- 2018-10-18 19:35:00]
Initialization strings:
[INFO -- 2018-10-18 19:35:00]
(1) file /home/latansini/Desktop/trabalhoftf/carol-fi/sample-code/knn/nn-knl-files/nn
[INFO -- 2018-10-18 19:35:00]
(2) set args /home/latansini/Desktop/trabalhoftf/carol-fi/sample-code/knn/nn-knl-files/filelist 15 25 25 /home/latansini/Desktop/trabalhoftf/carol-fi/sample-code/knn/nn-knl-files/out15_25_25
[INFO -- 2018-10-18 19:35:00]
initSignal:2
[INFO -- 2018-10-18 19:35:00]
endSignal:3
[INFO -- 2018-10-18 19:35:00]
faultModel:2
[INFO -- 2018-10-18 19:35:02]
Backtrace BEGIN:
#0  __GI_____strtod_l_internal (nptr=<optimized out>, endptr=<optimized out>, group=<optimized out>, loc=<optimized out>) at strtod_l.c:1516
#1  0x000000000040150f in main._omp_fn.0 () at nn.c:118
#2  0x0000000000401193 in main (argc=6, argv=0x7fffffffd8b8) at nn.c:115

1511	strtod_l.c: Arquivo ou diretório não encontrado.

Backtrace END
Memory content before bitflip:0x000x000xc80x41
Fault Model: Random bit-flip
base address to flip value: 0x7fffffffd508
address max offset: 4
Memory content after  bitflip:0xa60x020xf60x14
frame name: main
symbol name: target_lat
symbol filename: nn.c
symbol line: 34
value: 2,48406968e-26
value address: 0x7fffffffd508
Type: A floating point type.
Type sizeof: 4

[INFO -- 2018-10-18 19:35:02]
Fault Injection Successful after 2.7724947929382324s
[INFO -- 2018-10-18 19:35:05]
event type: exit
[INFO -- 2018-10-18 19:35:05]
exit code: 0
