[INFO -- 2018-10-10 01:29:47]
sending 5 signals using command: 'killall -2 fft_nn.out' after 21.7544541201s
[INFO -- 2018-10-10 01:29:48]
sending 5 signals using command: 'killall -2 fft_nn.out' after 22.3288121002s
[INFO -- 2018-10-10 01:29:48]
sending 5 signals using command: 'killall -2 fft_nn.out' after 22.9806327066s
[INFO -- 2018-10-10 01:29:48]
Starting GDB script
[INFO -- 2018-10-10 01:29:48]
initSignal:0.0
[INFO -- 2018-10-10 01:29:48]
endSignal:5.0
[INFO -- 2018-10-10 01:29:49]
sending 5 signals using command: 'killall -2 fft_nn.out' after 1.09413641432s
[INFO -- 2018-10-10 01:29:51]
sending 5 signals using command: 'killall -2 fft_nn.out' after 2.93820111048s
[INFO -- 2018-10-10 01:29:52]
sending 5 signals using command: 'killall -2 fft_nn.out' after 3.52208597134s
[INFO -- 2018-10-10 01:30:09]
Execution finished before waitTime
