[INFO -- 2018-10-10 01:29:48]
Starting flip_value script
version: 1.1
[INFO -- 2018-10-10 01:29:48]
Initialization strings:
[INFO -- 2018-10-10 01:29:48]
(1) file /tmp/fft_nn/fft_nn.out
[INFO -- 2018-10-10 01:29:48]
(2) set args 32768 /tmp/fft_nn/output_falha.data
[INFO -- 2018-10-10 01:29:48]
initSignal:0
[INFO -- 2018-10-10 01:29:48]
endSignal:5
[INFO -- 2018-10-10 01:29:48]
faultModel:0
[EXCEPTION -- 2018-10-10 01:29:50]
gdbException: Tentativo de desreferenciar um ponteiro genérico.
[INFO -- 2018-10-10 01:29:50]
Backtrace BEGIN:
#0  0x00007ffff7012362 in round_away (mode=0, more_bits=true, half_bit=true, last_digit_odd=false, negative=false) at ../include/rounding-mode.h:52
#1  round_and_return (retval=0x7fffffffcf10, exponent=-3, negative=negative@entry=0, round_limb=round_limb@entry=2379014133652652031, round_bit=<optimized out>, more_bits=1) at strtod_l.c:296
#2  0x00007ffff7013332 in __GI_____strtof_l_internal (nptr=<optimized out>, endptr=<optimized out>, group=<optimized out>, loc=<optimized out>) at strtod_l.c:1613
#3  0x00007ffff7011d60 in __GI___strtof_internal (nptr=<optimized out>, endptr=<optimized out>, group=<optimized out>) at strtod.c:54
#4  0x00007ffff702b948 in _IO_vfscanf_internal (s=s@entry=0x6062c0, format=<optimized out>, argptr=argptr@entry=0x7fffffffd408, errp=errp@entry=0x0) at vfscanf.c:2365
#5  0x00007ffff7032162 in __isoc99_fscanf (stream=0x6062c0, format=<optimized out>) at isoc99_fscanf.c:34
#6  0x00007ffff7bcf187 in fann_create_from_fd () from /usr/local/lib/libfann.so.2
#7  0x00007ffff7bcf608 in fann_create_from_file () from /usr/local/lib/libfann.so.2
#8  0x00000000004019b7 in radix2DitCooleyTykeyFft(int, int*, Complex*, Complex*) ()
#9  0x0000000000401631 in main ()

47	in ../include/rounding-mode.h

Backtrace END
Fliping value of field: __canceltype
Memory content before bitflip:0x000x000x000x00
Fault Model: Single bit-flip
base address to flip value: 0x7fffffffd290
address max offset: 4
Memory content after  bitflip:0x400x000x000x00
frame name: _IO_vfscanf_internal
symbol name: _buffer
symbol filename: vfscanf.c
symbol line: 358
value: {__routine = 0x7ffff7031cc0 <__funlockfile>, __arg = 0x6062c0, __canceltype = 64, __prev = 0x0}
value address: 0x7fffffffd280
Type: The type is a structure.
Type sizeof: 32
Field name: __routine
Field Type: The type is a pointer.
Field Type sizeof: 8
Field name: __arg
Field Type: The type is a pointer.
Field Type sizeof: 8
Field name: __canceltype
Field Type: The type is an integer type.
Field Type sizeof: 4
Field name: __prev
Field Type: The type is a pointer.
Field Type sizeof: 8

[INFO -- 2018-10-10 01:29:50]
Fault Injection Successful after 2.0404253005981445s
[INFO -- 2018-10-10 01:30:09]
event type: exit
[INFO -- 2018-10-10 01:30:09]
exit code: 0
