[INFO -- 2018-10-12 04:39:13]
sending 5 signals using command: 'killall -2 fft_nn.out' after 22.570435672s
[INFO -- 2018-10-12 04:39:13]
sending 5 signals using command: 'killall -2 fft_nn.out' after 22.9093431211s
[INFO -- 2018-10-12 04:39:15]
sending 5 signals using command: 'killall -2 fft_nn.out' after 24.6555865308s
[INFO -- 2018-10-12 04:39:15]
Starting GDB script
[INFO -- 2018-10-12 04:39:15]
initSignal:0.0
[INFO -- 2018-10-12 04:39:15]
endSignal:5.0
[INFO -- 2018-10-12 04:39:17]
sending 5 signals using command: 'killall -2 fft_nn.out' after 1.91176194966s
[INFO -- 2018-10-12 04:39:19]
sending 5 signals using command: 'killall -2 fft_nn.out' after 4.29640901448s
[INFO -- 2018-10-12 04:39:20]
sending 5 signals using command: 'killall -2 fft_nn.out' after 4.92932874405s
[INFO -- 2018-10-12 04:39:36]
Execution finished before waitTime
