[INFO -- 2018-10-19 04:21:29]
Starting flip_value script
version: 1.1
[INFO -- 2018-10-19 04:21:29]
Initialization strings:
[INFO -- 2018-10-19 04:21:29]
(1) file /home/latansini/Desktop/trabalhoftf/carol-fi/sample-code/knn/nn-knl-files/nn
[INFO -- 2018-10-19 04:21:29]
(2) set args /home/latansini/Desktop/trabalhoftf/carol-fi/sample-code/knn/nn-knl-files/filelist 15 25 25 /home/latansini/Desktop/trabalhoftf/carol-fi/sample-code/knn/nn-knl-files/out15_25_25
[INFO -- 2018-10-19 04:21:29]
initSignal:2
[INFO -- 2018-10-19 04:21:29]
endSignal:3
[INFO -- 2018-10-19 04:21:29]
faultModel:2
[INFO -- 2018-10-19 04:21:31]
Backtrace BEGIN:
#0  0x00007ffff78bddf3 in ?? () from /usr/lib/x86_64-linux-gnu/libgomp.so.1
#1  0x00007ffff78bcaf9 in ?? () from /usr/lib/x86_64-linux-gnu/libgomp.so.1
#2  0x0000000000401198 in main (argc=6, argv=0x7fffffffd8b8) at nn.c:115

20	* This program finds the k-nearest neighbors
21	* Usage:	./nn <filelist> <num> <target latitude> <target longitude> <out filename>
22	*			filelist: File with the filenames to the records
23	*			num: Number of nearest neighbors to find
24	*			target lat: Latitude coordinate for distance calculations
25	*			target long: Longitude coordinate for distance calculations
26	* The filelist and data are generated by hurricane_gen.c
27	* REC_WINDOW has been arbitrarily assigned; A larger value would allow more work for the threads
28	*/
29	int main(int argc, char* argv[]) {

Backtrace END
Fliping array at pos: 347
Memory content before bitflip:0x20
Fault Model: Random bit-flip
base address to flip value: 0x7fffffffd71b 
address max offset: 1
Memory content after  bitflip:0xdc
frame name: main
symbol name: sandbox
symbol filename: nn.c
symbol line: 32
value: "1955  7 23  0  8 MICHAEL    54.6 216.6  114  494\n1956  2 27 12 16 WILLIAM    69.7 286.3  129  153\n2002  6 25 18 14 VALERIE    50.1  66.2   60  811\n1963 10 12  6 18 WILLIAM    48.4  58.2  148  799\n2004"...
value address: 0x7fffffffd5c0
Type: The type is an array.
Type sizeof: 490
Field name: None
Field Type: A range type, that is, an integer type with bounds.
Field Type sizeof: 8
Field Type range: (0, 489)

[INFO -- 2018-10-19 04:21:31]
Fault Injection Successful after 2.1163151264190674s
[INFO -- 2018-10-19 04:21:34]
event type: exit
[INFO -- 2018-10-19 04:21:34]
exit code: 0
