[INFO -- 2018-10-09 01:34:53]
Starting flip_value script
version: 1.1
[INFO -- 2018-10-09 01:34:53]
Initialization strings:
[INFO -- 2018-10-09 01:34:53]
(1) file /tmp/fft_nn/fft_nn.out
[INFO -- 2018-10-09 01:34:53]
(2) set args 32768 /tmp/fft_nn/output_falha.data
[INFO -- 2018-10-09 01:34:53]
initSignal:0
[INFO -- 2018-10-09 01:34:53]
endSignal:5
[INFO -- 2018-10-09 01:34:53]
faultModel:0
[EXCEPTION -- 2018-10-09 01:34:54]
gdbException: Tentativo de desreferenciar um ponteiro genérico.
[INFO -- 2018-10-09 01:34:54]
Backtrace BEGIN:
#0  __GI_____strtof_l_internal (nptr=<optimized out>, endptr=<optimized out>, group=<optimized out>, loc=<optimized out>) at strtod_l.c:1400
#1  0x00007ffff7011d60 in __GI___strtof_internal (nptr=<optimized out>, endptr=<optimized out>, group=<optimized out>) at strtod.c:54
#2  0x00007ffff702b948 in _IO_vfscanf_internal (s=s@entry=0x6062c0, format=<optimized out>, argptr=argptr@entry=0x7fffffffd408, errp=errp@entry=0x0) at vfscanf.c:2365
#3  0x00007ffff7032162 in __isoc99_fscanf (stream=0x6062c0, format=<optimized out>) at isoc99_fscanf.c:34
#4  0x00007ffff7bcf187 in fann_create_from_fd () from /usr/local/lib/libfann.so.2
#5  0x00007ffff7bcf608 in fann_create_from_file () from /usr/local/lib/libfann.so.2
#6  0x00000000004019b7 in radix2DitCooleyTykeyFft(int, int*, Complex*, Complex*) ()
#7  0x0000000000401631 in main ()

1395	in strtod_l.c

Backtrace END
Fliping a bit of the value pointed by a pointer
Memory content before bitflip:0x2e
Fault Model: Single bit-flip
base address to flip value: 0x7fffffffd001 
address max offset: 1
Memory content after  bitflip:0xae
frame name: __GI_____strtof_l_internal
symbol name: startp
symbol filename: strtod_l.c
symbol line: 504
value: 0x7fffffffd001 "\256\070\063\066\060\063\067\060\063\071\067\065\066\067\067\064\071\060\062\063\064e+00"
value address: 0x7fffffffcea8
Type: The type is a pointer.
Type sizeof: 8

[INFO -- 2018-10-09 01:34:54]
Fault Injection Successful after 1.7441277503967285s
[INFO -- 2018-10-09 01:35:13]
event type: exit
[INFO -- 2018-10-09 01:35:13]
exit code: 0
