[INFO -- 2018-10-12 10:26:26]
Starting flip_value script
version: 1.1
[INFO -- 2018-10-12 10:26:26]
Initialization strings:
[INFO -- 2018-10-12 10:26:26]
(1) file /tmp/fft_nn/fft_nn.out
[INFO -- 2018-10-12 10:26:26]
(2) set args 32768 /tmp/fft_nn/output_falha.data
[INFO -- 2018-10-12 10:26:26]
initSignal:5
[INFO -- 2018-10-12 10:26:26]
endSignal:10
[INFO -- 2018-10-12 10:26:26]
faultModel:1
[EXCEPTION -- 2018-10-12 10:26:33]
gdbException: Tentativo de desreferenciar um ponteiro genérico.
[EXCEPTION -- 2018-10-12 10:26:33]
gdbException: Tentativo de desreferenciar um ponteiro genérico.
[INFO -- 2018-10-12 10:26:33]
Backtrace BEGIN:
#0  0x00007ffff7029f21 in _IO_vfscanf_internal (s=s@entry=0x6062c0, format=<optimized out>, argptr=argptr@entry=0x7fffffffd408, errp=errp@entry=0x0) at vfscanf.c:1785
#1  0x00007ffff7032162 in __isoc99_fscanf (stream=0x6062c0, format=<optimized out>) at isoc99_fscanf.c:34
#2  0x00007ffff7bcf0eb in fann_create_from_fd () from /usr/local/lib/libfann.so.2
#3  0x00007ffff7bcf608 in fann_create_from_file () from /usr/local/lib/libfann.so.2
#4  0x00000000004019b7 in radix2DitCooleyTykeyFft(int, int*, Complex*, Complex*) ()
#5  0x0000000000401631 in main ()

1780	in vfscanf.c

Backtrace END
Memory content before bitflip:0x000x000x000x000x000x000x000x00
Fault Model: Double bit-flip
base address to flip value: 0x7fffffffd1b0
address max offset: 8
Memory content after  bitflip:0x000x000x000x000x000x000x000x05
frame name: _IO_vfscanf_internal
symbol name: strsize
symbol filename: vfscanf.c
symbol line: 265
value: 360287970189639680
value address: 0x7fffffffd1b0
Type: The type is an integer type.
Type sizeof: 8

[INFO -- 2018-10-12 10:26:33]
Fault Injection Successful after 7.908358812332153s
[INFO -- 2018-10-12 10:26:46]
event type: exit
[INFO -- 2018-10-12 10:26:46]
exit code: 0
