[INFO -- 2018-10-10 14:24:02]
Starting flip_value script
version: 1.1
[INFO -- 2018-10-10 14:24:02]
Initialization strings:
[INFO -- 2018-10-10 14:24:02]
(1) file /tmp/fft_nn/fft_nn.out
[INFO -- 2018-10-10 14:24:02]
(2) set args 32768 /tmp/fft_nn/output_falha.data
[INFO -- 2018-10-10 14:24:02]
initSignal:10
[INFO -- 2018-10-10 14:24:02]
endSignal:15
[INFO -- 2018-10-10 14:24:02]
faultModel:2
[INFO -- 2018-10-10 14:24:13]
Backtrace BEGIN:
#0  0x00007ffff70143d9 in __GI_____strtof_l_internal (nptr=<optimized out>, endptr=<optimized out>, group=<optimized out>, loc=<optimized out>) at strtod_l.c:1424
#1  0x00007ffff7011d60 in __GI___strtof_internal (nptr=<optimized out>, endptr=<optimized out>, group=<optimized out>) at strtod.c:54
#2  0x00007ffff702b948 in _IO_vfscanf_internal (s=s@entry=0x6062c0, format=<optimized out>, argptr=argptr@entry=0x7fffffffd408, errp=errp@entry=0x0) at vfscanf.c:2365
#3  0x00007ffff7032162 in __isoc99_fscanf (stream=0x6062c0, format=<optimized out>) at isoc99_fscanf.c:34
#4  0x00007ffff7bcf187 in fann_create_from_fd () from /usr/local/lib/libfann.so.2
#5  0x00007ffff7bcf608 in fann_create_from_file () from /usr/local/lib/libfann.so.2
#6  0x00000000004019b7 in radix2DitCooleyTykeyFft(int, int*, Complex*, Complex*) ()
#7  0x0000000000401631 in main ()

1419	strtod_l.c: Arquivo ou diretório não encontrado.

Backtrace END
Fliping value of field: __value
Fliping value of field name: __wch
Memory content before bitflip:0x000x000x000x00
Fault Model: Random bit-flip
base address to flip value: 0x7fffffffd224
address max offset: 4
Memory content after  bitflip:0xa80x560xe10xa0
frame name: _IO_vfscanf_internal
symbol name: state
symbol filename: vfscanf.c
symbol line: 252
value: {__count = 0, __value = {__wch = 2699122344, __wchb = "\250", <incomplete sequence \341\240>}}
value address: 0x7fffffffd220
Type: The type is a structure.
Type sizeof: 8
Field name: __count
Field Type: The type is an integer type.
Field Type sizeof: 4
Field name: __value
Field Type: The type is a union.
Field Type sizeof: 4

[INFO -- 2018-10-10 14:24:13]
Fault Injection Successful after 11.180097818374634s
[INFO -- 2018-10-10 14:24:21]
event type: exit
[INFO -- 2018-10-10 14:24:21]
exit code: 0
