[INFO -- 2018-12-09 18:39:33]
Starting flip_value script
version: 1.1
[INFO -- 2018-12-09 18:39:33]
Initialization strings:
[INFO -- 2018-12-09 18:39:33]
(1) file /home/melkor/ETAPA2/dup_nn/nn-knl-files/nn
[INFO -- 2018-12-09 18:39:33]
(2) set args /home/melkor/ETAPA2/dup_nn/nn-knl-files/filelist 20 5 5 /home/melkor/ETAPA2/dup_nn/nn-knl-files/out20_5_5
[INFO -- 2018-12-09 18:39:33]
initSignal:0
[INFO -- 2018-12-09 18:39:33]
endSignal:1
[INFO -- 2018-12-09 18:39:33]
faultModel:1
[EXCEPTION -- 2018-12-09 18:39:33]
pythonException: invalid frame
[EXCEPTION -- 2018-12-09 18:39:33]
pythonException: invalid frame
[EXCEPTION -- 2018-12-09 18:39:33]
pythonException: invalid frame
[INFO -- 2018-12-09 18:39:33]
Backtrace BEGIN:
#0  0x00007ffff7820ee2 in ?? () from /usr/lib/x86_64-linux-gnu/libgomp.so.1
#1  0x00007ffff781f392 in ?? () from /usr/lib/x86_64-linux-gnu/libgomp.so.1
#2  0x00007ffff7815eca in GOMP_parallel () from /usr/lib/x86_64-linux-gnu/libgomp.so.1
#3  0x00005555555555ed in main (argc=6, argv=0x7fffffffded8) at nn.c:196

68	      fclose(logfile);
69	    }
70		
71		
72		if(file != NULL){	// isso aqui tava dando segfault
73			fclose(file);
74		}
75		
76	}
77	

Backtrace END
Fliping array at pos: 429
Memory content before bitflip:0x39
Fault Model: Double bit-flip
base address to flip value: 0x7fffffffdd9d 
address max offset: 1
Memory content after  bitflip:0x33
frame name: main
symbol name: sandbox
symbol filename: nn.c
symbol line: 85
value: "2004  2 12 12 13 DEBBY      48.3 340.8  106  471\n1981  5 15  0 25 KIRK       23.7  89.3   95  310\n1980  3 28 18 12 OSCAR      44.5  22.1   28  731\n1958 12 20  0  6 RAFAEL     62.1  86.3   16  576\n1992"...
value address: 0x7fffffffdbf0
Type: The type is an array.
Type sizeof: 490
Field name: None
Field Type: A range type, that is, an integer type with bounds.
Field Type sizeof: 8
Field Type range: (0, 489)

[INFO -- 2018-12-09 18:39:33]
Fault Injection Successful after 0.6531331539154053s
[INFO -- 2018-12-09 18:39:35]
event type: exit
[INFO -- 2018-12-09 18:39:35]
exit code: 0
