[INFO -- 2018-12-01 09:01:30]
Starting flip_value script
version: 1.1
[INFO -- 2018-12-01 09:01:30]
Initialization strings:
[INFO -- 2018-12-01 09:01:30]
(1) file /home/lignati/carol-fi/codes/inversefulldup/inversek2j.nn.out
[INFO -- 2018-12-01 09:01:30]
(2) set args /home/lignati/carol-fi/codes/inversefulldup/input_250k /home/lignati/carol-fi/codes/inversefulldup/output_falha.data
[INFO -- 2018-12-01 09:01:30]
initSignal:0
[INFO -- 2018-12-01 09:01:30]
endSignal:25
[INFO -- 2018-12-01 09:01:30]
faultModel:2
[INFO -- 2018-12-01 09:01:43]
Backtrace BEGIN:
#0  0x00007ffff702a85f in _IO_vfscanf_internal (s=s@entry=0x11c818b0, format=<optimized out>, argptr=argptr@entry=0x7fffffffcf38, errp=errp@entry=0x0) at vfscanf.c:2013
#1  0x00007ffff7033162 in __isoc99_fscanf (stream=0x11c818b0, format=<optimized out>) at isoc99_fscanf.c:34
#2  0x00007ffff7bcac42 in fann_create_from_fd () from /usr/local/lib/libfann.so.2
#3  0x00007ffff7bc8073 in fann_create_from_file () from /usr/local/lib/libfann.so.2
#4  0x0000000000402061 in inversek2j(float, float, float*, float*) ()
#5  0x00000000004019dd in main ()

2008	vfscanf.c: No such file or directory.

Backtrace END
Memory content before bitflip:0xff0xff0xff0xff
Fault Model: Random bit-flip
base address to flip value: 0x7fffffffcd38
address max offset: 4
Memory content after  bitflip:0x630x8b0x0a0xbb
frame name: _IO_vfscanf_internal
symbol name: width
symbol filename: vfscanf.c
symbol line: 221
value: -1156936861
value address: 0x7fffffffcd38
Type: The type is an integer type.
Type sizeof: 4

[INFO -- 2018-12-01 09:01:43]
Fault Injection Successful after 13.9086434841156s
[INFO -- 2018-12-01 09:01:55]
event type: exit
[INFO -- 2018-12-01 09:01:55]
exit code: 0
