[INFO -- 2018-10-09 00:18:02]
sending 5 signals using command: 'killall -2 fft_nn.out' after 23.4097697063s
[INFO -- 2018-10-09 00:18:03]
sending 5 signals using command: 'killall -2 fft_nn.out' after 23.8608111293s
[INFO -- 2018-10-09 00:18:03]
sending 5 signals using command: 'killall -2 fft_nn.out' after 24.5368724698s
[INFO -- 2018-10-09 00:18:03]
Starting GDB script
[INFO -- 2018-10-09 00:18:03]
initSignal:0.0
[INFO -- 2018-10-09 00:18:03]
endSignal:5.0
[INFO -- 2018-10-09 00:18:05]
sending 5 signals using command: 'killall -2 fft_nn.out' after 1.36432394999s
[INFO -- 2018-10-09 00:18:07]
sending 5 signals using command: 'killall -2 fft_nn.out' after 3.51069426815s
[INFO -- 2018-10-09 00:18:07]
sending 5 signals using command: 'killall -2 fft_nn.out' after 3.96968079656s
[INFO -- 2018-10-09 00:18:24]
Execution finished before waitTime
