[INFO -- 2018-10-10 22:19:11]
Starting flip_value script
version: 1.1
[INFO -- 2018-10-10 22:19:11]
Initialization strings:
[INFO -- 2018-10-10 22:19:11]
(1) file /tmp/fft_nn/fft_nn.out
[INFO -- 2018-10-10 22:19:11]
(2) set args 32768 /tmp/fft_nn/output_falha.data
[INFO -- 2018-10-10 22:19:11]
initSignal:15
[INFO -- 2018-10-10 22:19:11]
endSignal:20
[INFO -- 2018-10-10 22:19:11]
faultModel:3
[INFO -- 2018-10-10 22:19:29]
Backtrace BEGIN:
#0  __mpn_lshift () at ../sysdeps/x86_64/lshift.S:32
#1  0x00007ffff7012c6e in __GI_____strtof_l_internal (nptr=<optimized out>, endptr=<optimized out>, group=<optimized out>, loc=<optimized out>) at strtod_l.c:1451
#2  0x00007ffff7011d60 in __GI___strtof_internal (nptr=<optimized out>, endptr=<optimized out>, group=<optimized out>) at strtod.c:54
#3  0x00007ffff702b948 in _IO_vfscanf_internal (s=s@entry=0x6062c0, format=<optimized out>, argptr=argptr@entry=0x7fffffffd408, errp=errp@entry=0x0) at vfscanf.c:2365
#4  0x00007ffff7032162 in __isoc99_fscanf (stream=0x6062c0, format=<optimized out>) at isoc99_fscanf.c:34
#5  0x00007ffff7bcf187 in fann_create_from_fd () from /usr/local/lib/libfann.so.2
#6  0x00007ffff7bcf608 in fann_create_from_file () from /usr/local/lib/libfann.so.2
#7  0x00000000004019b7 in radix2DitCooleyTykeyFft(int, int*, Complex*, Complex*) ()
#8  0x0000000000401631 in main ()

27	../sysdeps/x86_64/lshift.S: Arquivo ou diretório não encontrado.

Backtrace END
Fliping a bit of the pointer
Memory content before bitflip:0x1a0xd00xff0xff0xff0x7f0x000x00
Fault Model: Zero bit-flip
base address to flip value: 0x7fffffffd230
address max offset: 8
Memory content after  bitflip:0x000x000x000x000x000x000x000x00
frame name: _IO_vfscanf_internal
symbol name: tw
symbol filename: vfscanf.c
symbol line: 271
value: 0x7fffffffd01a ""
value address: 0x7fffffffd230
Type: The type is a pointer.
Type sizeof: 8

[INFO -- 2018-10-10 22:19:29]
Fault Injection Successful after 18.46960210800171s
[INFO -- 2018-10-10 22:19:31]
event type: exit
[INFO -- 2018-10-10 22:19:31]
exit code: 0
