[INFO -- 2018-10-12 10:16:48]
Starting flip_value script
version: 1.1
[INFO -- 2018-10-12 10:16:48]
Initialization strings:
[INFO -- 2018-10-12 10:16:48]
(1) file /tmp/fft_nn/fft_nn.out
[INFO -- 2018-10-12 10:16:48]
(2) set args 32768 /tmp/fft_nn/output_falha.data
[INFO -- 2018-10-12 10:16:48]
initSignal:10
[INFO -- 2018-10-12 10:16:48]
endSignal:15
[INFO -- 2018-10-12 10:16:48]
faultModel:2
[INFO -- 2018-10-12 10:16:59]
Backtrace BEGIN:
#0  0x00007ffff702985f in _IO_vfscanf_internal (s=s@entry=0x6062c0, format=<optimized out>, argptr=argptr@entry=0x7fffffffd408, errp=errp@entry=0x0) at vfscanf.c:2013
#1  0x00007ffff7032162 in __isoc99_fscanf (stream=0x6062c0, format=<optimized out>) at isoc99_fscanf.c:34
#2  0x00007ffff7bcf0eb in fann_create_from_fd () from /usr/local/lib/libfann.so.2
#3  0x00007ffff7bcf608 in fann_create_from_file () from /usr/local/lib/libfann.so.2
#4  0x00000000004019b7 in radix2DitCooleyTykeyFft(int, int*, Complex*, Complex*) ()
#5  0x0000000000401631 in main ()

2008	vfscanf.c: Arquivo ou diretório não encontrado.

Backtrace END
Memory content before bitflip:0x000x000x000x00
Fault Model: Random bit-flip
base address to flip value: 0x7fffffffd1d0
address max offset: 4
Memory content after  bitflip:0x430xe90x470x33
frame name: _IO_vfscanf_internal
symbol name: flags
symbol filename: vfscanf.c
symbol line: 222
value: 860350787
value address: 0x7fffffffd1d0
Type: The type is an integer type.
Type sizeof: 4

[INFO -- 2018-10-12 10:16:59]
Fault Injection Successful after 11.019665479660034s
[INFO -- 2018-10-12 10:17:08]
event type: exit
[INFO -- 2018-10-12 10:17:08]
exit code: 0
