[INFO -- 2018-12-01 03:21:20]
Starting flip_value script
version: 1.1
[INFO -- 2018-12-01 03:21:20]
Initialization strings:
[INFO -- 2018-12-01 03:21:20]
(1) file /home/lignati/carol-fi/codes/inversefulldup/inversek2j.nn.out
[INFO -- 2018-12-01 03:21:20]
(2) set args /home/lignati/carol-fi/codes/inversefulldup/input_250k /home/lignati/carol-fi/codes/inversefulldup/output_falha.data
[INFO -- 2018-12-01 03:21:20]
initSignal:0
[INFO -- 2018-12-01 03:21:20]
endSignal:25
[INFO -- 2018-12-01 03:21:20]
faultModel:4
[INFO -- 2018-12-01 03:21:29]
Backtrace BEGIN:
#0  str_to_mpn (str=0x7fffffffcb35 "49668598175048828e-01", str@entry=0x7fffffffcb30 "2.53749668598175048828e-01", digcnt=17, digcnt@entry=21, n=n@entry=0x7fffffffca50, nsize=nsize@entry=0x7fffffffca20, exponent=exponent@entry=0x7fffffffca30, decimal_len=decimal_len@entry=1, thousands=thousands@entry=0x0, decimal=<optimized out>) at strtod_l.c:373
#1  0x00007ffff7013c2b in __GI_____strtof_l_internal (nptr=<optimized out>, endptr=<optimized out>, group=<optimized out>, loc=<optimized out>) at strtod_l.c:1427
#2  0x00007ffff7012d60 in __GI___strtof_internal (nptr=<optimized out>, endptr=<optimized out>, group=<optimized out>) at strtod.c:54
#3  0x00007ffff702c948 in _IO_vfscanf_internal (s=s@entry=0x6085c0, format=<optimized out>, argptr=argptr@entry=0x7fffffffcf38, errp=errp@entry=0x0) at vfscanf.c:2365
#4  0x00007ffff7033162 in __isoc99_fscanf (stream=0x6085c0, format=<optimized out>) at isoc99_fscanf.c:34
#5  0x00007ffff7bcac42 in fann_create_from_fd () from /usr/local/lib/libfann.so.2
#6  0x00007ffff7bc8073 in fann_create_from_file () from /usr/local/lib/libfann.so.2
#7  0x0000000000402061 in inversek2j(float, float, float*, float*) ()
#8  0x000000000040179a in main ()

368	strtod_l.c: No such file or directory.

Backtrace END
Fliping array at pos: 9
Memory content before bitflip:0x010x000x000x000x000x000x000x00
Fault Model: LSB bit-flip
base address to flip value: 0x7fffffffcae8
address max offset: 8
Memory content after  bitflip:0x010x000x000x000x000x000x000x02
frame name: __GI_____strtof_l_internal
symbol name: den
symbol filename: strtod_l.c
symbol line: 494
value: {3875820019684212736, 54, 0, 140737337275828, 0, 140737351920842, 140737488342368, 140737351954949, 18446744073709551615, 144115188075855873}
value address: 0x7fffffffcaa0
Type: The type is an array.
Type sizeof: 80
Field name: None
Field Type: A range type, that is, an integer type with bounds.
Field Type sizeof: 8
Field Type range: (0, 9)

[INFO -- 2018-12-01 03:21:29]
Fault Injection Successful after 9.161996126174927s
[INFO -- 2018-12-01 03:21:45]
event type: exit
[INFO -- 2018-12-01 03:21:45]
exit code: 0
