[INFO -- 2018-12-01 02:44:38]
Starting flip_value script
version: 1.1
[INFO -- 2018-12-01 02:44:38]
Initialization strings:
[INFO -- 2018-12-01 02:44:38]
(1) file /home/lignati/carol-fi/codes/inversefulldup/inversek2j.nn.out
[INFO -- 2018-12-01 02:44:38]
(2) set args /home/lignati/carol-fi/codes/inversefulldup/input_250k /home/lignati/carol-fi/codes/inversefulldup/output_falha.data
[INFO -- 2018-12-01 02:44:38]
initSignal:0
[INFO -- 2018-12-01 02:44:38]
endSignal:25
[INFO -- 2018-12-01 02:44:38]
faultModel:1
[EXCEPTION -- 2018-12-01 02:44:47]
gdbException: Attempt to dereference a generic pointer.
[INFO -- 2018-12-01 02:44:47]
Backtrace BEGIN:
#0  0x00007ffff701365d in __GI_____strtof_l_internal (nptr=0x7fffffffcb30 "5.", '0' <repeats 20 times>, "e-01", endptr=0x7fffffffcd60, group=<optimized out>, loc=0x7ffff7398060 <_nl_global_locale>) at strtod_l.c:695
#1  0x00007ffff7012d60 in __GI___strtof_internal (nptr=<optimized out>, endptr=<optimized out>, group=<optimized out>) at strtod.c:54
#2  0x00007ffff702c948 in _IO_vfscanf_internal (s=s@entry=0x6085c0, format=<optimized out>, argptr=argptr@entry=0x7fffffffcf38, errp=errp@entry=0x0) at vfscanf.c:2365
#3  0x00007ffff7033162 in __isoc99_fscanf (stream=0x6085c0, format=<optimized out>) at isoc99_fscanf.c:34
#4  0x00007ffff7bcaadf in fann_create_from_fd () from /usr/local/lib/libfann.so.2
#5  0x00007ffff7bc8073 in fann_create_from_file () from /usr/local/lib/libfann.so.2
#6  0x0000000000402061 in inversek2j(float, float, float*, float*) ()
#7  0x000000000040179a in main ()

690	in strtod_l.c

Backtrace END
Fliping array at pos: 6
Memory content before bitflip:0x600xcd0xff0xff0xff0x7f0x000x00
Fault Model: Double bit-flip
base address to flip value: 0x7fffffffcad0
address max offset: 8
Memory content after  bitflip:0x600xcd0xff0xff0xff0x5d0x000x00
frame name: __GI_____strtof_l_internal
symbol name: den
symbol filename: strtod_l.c
symbol line: 494
value: {14411518807585587200, 15625000000000000000, 0, 140737337275828, 0, 140737351920842, 103354092997984, 140737351954949, 18446744073709551615, 1}
value address: 0x7fffffffcaa0
Type: The type is an array.
Type sizeof: 80
Field name: None
Field Type: A range type, that is, an integer type with bounds.
Field Type sizeof: 8
Field Type range: (0, 9)

[INFO -- 2018-12-01 02:44:47]
Fault Injection Successful after 9.75016188621521s
[INFO -- 2018-12-01 02:45:03]
event type: exit
[INFO -- 2018-12-01 02:45:03]
exit code: 0
