[INFO -- 2018-10-08 20:56:40]
sending 5 signals using command: 'killall -2 fft_nn.out' after 21.818636831s
[INFO -- 2018-10-08 20:56:41]
sending 5 signals using command: 'killall -2 fft_nn.out' after 22.8391086204s
[INFO -- 2018-10-08 20:56:41]
sending 5 signals using command: 'killall -2 fft_nn.out' after 23.6594529451s
[INFO -- 2018-10-08 20:56:42]
Starting GDB script
[INFO -- 2018-10-08 20:56:42]
initSignal:0.0
[INFO -- 2018-10-08 20:56:42]
endSignal:5.0
[INFO -- 2018-10-08 20:56:42]
sending 5 signals using command: 'killall -2 fft_nn.out' after 0.465055108947s
[INFO -- 2018-10-08 20:56:46]
sending 5 signals using command: 'killall -2 fft_nn.out' after 4.87945241202s
[INFO -- 2018-10-08 20:56:47]
sending 5 signals using command: 'killall -2 fft_nn.out' after 4.99979346234s
[INFO -- 2018-10-08 20:57:02]
Execution finished before waitTime
