[INFO -- 2018-12-02 01:33:52]
Starting flip_value script
version: 1.1
[INFO -- 2018-12-02 01:33:52]
Initialization strings:
[INFO -- 2018-12-02 01:33:52]
(1) file /home/latansini/Desktop/CAROL-FI/etapa2/carol-fi/codes/fftfulldup/fft_nn.out
[INFO -- 2018-12-02 01:33:52]
(2) set args 32768 /home/latansini/Desktop/CAROL-FI/etapa2/carol-fi/codes/fftfulldup/output.data
[INFO -- 2018-12-02 01:33:52]
initSignal:0
[INFO -- 2018-12-02 01:33:52]
endSignal:40
[INFO -- 2018-12-02 01:33:52]
faultModel:2
[INFO -- 2018-12-02 01:34:15]
Backtrace BEGIN:
#0  0x00007ffff6fab6e2 in _IO_vfscanf_internal (s=s@entry=0x618f00, format=0x7ffff7bd3da5 "(%u, %f) ", argptr=argptr@entry=0x7fffffffd2a8, errp=errp@entry=0x0) at vfscanf.c:343
#1  0x00007ffff6fb5162 in __isoc99_fscanf (stream=0x618f00, format=<optimized out>) at isoc99_fscanf.c:34
#2  0x00007ffff7bcf187 in fann_create_from_fd () from /usr/local/lib/libfann.so.2
#3  0x00007ffff7bcf608 in fann_create_from_file () from /usr/local/lib/libfann.so.2
#4  0x0000000000401de7 in radix2DitCooleyTykeyFft(int, int*, Complex*, Complex*) ()
#5  0x0000000000401879 in main ()

338	vfscanf.c: Arquivo ou diretório não encontrado.

Backtrace END
Fliping value of field: __count
Memory content before bitflip:0x000x000x000x00
Fault Model: Random bit-flip
base address to flip value: 0x7fffffffd0c0
address max offset: 4
Memory content after  bitflip:0x9d0xdd0xd00x43
frame name: _IO_vfscanf_internal
symbol name: state
symbol filename: vfscanf.c
symbol line: 252
value: {__count = 1137761693, __value = {__wch = 0, __wchb = "\000\000\000"}}
value address: 0x7fffffffd0c0
Type: The type is a structure.
Type sizeof: 8
Field name: __count
Field Type: The type is an integer type.
Field Type sizeof: 4
Field name: __value
Field Type: The type is a union.
Field Type sizeof: 4

[INFO -- 2018-12-02 01:34:15]
Fault Injection Successful after 23.44674825668335s
[INFO -- 2018-12-02 01:34:31]
event type: exit
[INFO -- 2018-12-02 01:34:31]
exit code: 0
