[INFO -- 2018-10-05 21:48:27]
Starting flip_value script
version: 1.1
[INFO -- 2018-10-05 21:48:27]
Initialization strings:
[INFO -- 2018-10-05 21:48:27]
(1) file /tmp/fft_nn/fft_nn.out
[INFO -- 2018-10-05 21:48:27]
(2) set args 32768 /tmp/fft_nn/output_falha.data
[INFO -- 2018-10-05 21:48:27]
initSignal:10
[INFO -- 2018-10-05 21:48:27]
endSignal:15
[INFO -- 2018-10-05 21:48:27]
faultModel:3
[EXCEPTION -- 2018-10-05 21:48:39]
gdbException: Tentativo de desreferenciar um ponteiro genérico.
[INFO -- 2018-10-05 21:48:39]
Backtrace BEGIN:
#0  str_to_mpn (str=0x7fffffffd4c8 "54696464538574e-01", str@entry=0x7fffffffd4c0 "1.89301654696464538574e-01", digcnt=15, digcnt@entry=21, n=n@entry=0x7fffffffd3e0, nsize=nsize@entry=0x7fffffffd3b0, exponent=exponent@entry=0x7fffffffd3c0, decimal_len=decimal_len@entry=1, thousands=thousands@entry=0x0, decimal=<optimized out>) at strtod_l.c:399
#1  0x00007ffff7012c2b in __GI_____strtof_l_internal (nptr=<optimized out>, endptr=<optimized out>, group=<optimized out>, loc=<optimized out>) at strtod_l.c:1427
#2  0x00007ffff7011d60 in __GI___strtof_internal (nptr=<optimized out>, endptr=<optimized out>, group=<optimized out>) at strtod.c:54
#3  0x00007ffff702b948 in _IO_vfscanf_internal (s=s@entry=0x6062c0, format=<optimized out>, argptr=argptr@entry=0x7fffffffd8c8, errp=errp@entry=0x0) at vfscanf.c:2365
#4  0x00007ffff7032162 in __isoc99_fscanf (stream=0x6062c0, format=<optimized out>) at isoc99_fscanf.c:34
#5  0x00007ffff7bcf187 in fann_create_from_fd () from /usr/local/lib/libfann.so.2
#6  0x00007ffff7bcf608 in fann_create_from_file () from /usr/local/lib/libfann.so.2
#7  0x00000000004019b7 in radix2DitCooleyTykeyFft(int, int*, Complex*, Complex*) ()
#8  0x0000000000401631 in main ()

394	in strtod_l.c

Backtrace END
Fliping array at pos: 7
Memory content before bitflip:0x050x000x000x000x000x000x000x00
Fault Model: Zero bit-flip
base address to flip value: 0x7fffffffd468
address max offset: 8
Memory content after  bitflip:0x000x000x000x000x000x000x000x00
frame name: __GI_____strtof_l_internal
symbol name: den
symbol filename: strtod_l.c
symbol line: 494
value: {3875820019684212736, 54, 0, 0, 0, 140737488346072, 140737488344816, 0, 18446744073709551615, 4160570904}
value address: 0x7fffffffd430
Type: The type is an array.
Type sizeof: 80
Field name: None
Field Type: A range type, that is, an integer type with bounds.
Field Type sizeof: 8
Field Type range: (0, 9)

[INFO -- 2018-10-05 21:48:39]
Fault Injection Successful after 12.47170352935791s
[INFO -- 2018-10-05 21:48:47]
event type: exit
[INFO -- 2018-10-05 21:48:47]
exit code: 0
