[INFO -- 2018-10-17 12:29:19]
Starting flip_value script
version: 1.1
[INFO -- 2018-10-17 12:29:19]
Initialization strings:
[INFO -- 2018-10-17 12:29:19]
(1) file /home/latansini/Desktop/trabalhoftf/carol-fi/sample-code/inverse_nn/inversek2j_nn.out
[INFO -- 2018-10-17 12:29:19]
(2) set args /home/latansini/Desktop/trabalhoftf/carol-fi/sample-code/inverse_nn/input_250k /home/latansini/Desktop/trabalhoftf/carol-fi/sample-code/inverse_nn/output_falha.data
[INFO -- 2018-10-17 12:29:19]
initSignal:0
[INFO -- 2018-10-17 12:29:19]
endSignal:2
[INFO -- 2018-10-17 12:29:19]
faultModel:0
[INFO -- 2018-10-17 12:29:19]
Backtrace BEGIN:
#0  0x00007ffff702ae25 in _IO_vfscanf_internal (s=s@entry=0x608610, format=<optimized out>, argptr=argptr@entry=0x7fffffffd0d8, errp=errp@entry=0x0) at vfscanf.c:2018
#1  0x00007ffff7032162 in __isoc99_fscanf (stream=0x608610, format=<optimized out>) at isoc99_fscanf.c:34
#2  0x00007ffff7bcf0eb in fann_create_from_fd () from /usr/local/lib/libfann.so.2
#3  0x00007ffff7bcf608 in fann_create_from_file () from /usr/local/lib/libfann.so.2
#4  0x000000000040199e in inversek2j(float, float, float*, float*) ()
#5  0x0000000000401631 in main ()

2013	vfscanf.c: Arquivo ou diretório não encontrado.

Backtrace END
Memory content before bitflip:0x01
Fault Model: Single bit-flip
base address to flip value: 0x7fffffffce40 
address max offset: 1
Memory content after  bitflip:0x81
frame name: _IO_vfscanf_internal
symbol name: got_digit
symbol filename: vfscanf.c
symbol line: 232
value: -127 '\201'
value address: 0x7fffffffce40 "\201"
Type: The type is an integer type.
Type sizeof: 1

[INFO -- 2018-10-17 12:29:19]
Fault Injection Successful after 0.24978232383728027s
[INFO -- 2018-10-17 12:29:29]
event type: exit
[INFO -- 2018-10-17 12:29:29]
exit code: 0
