[INFO -- 2018-10-19 03:41:57]
Starting flip_value script
version: 1.1
[INFO -- 2018-10-19 03:41:57]
Initialization strings:
[INFO -- 2018-10-19 03:41:57]
(1) file /home/latansini/Desktop/trabalhoftf/carol-fi/sample-code/knn/nn-knl-files/nn
[INFO -- 2018-10-19 03:41:57]
(2) set args /home/latansini/Desktop/trabalhoftf/carol-fi/sample-code/knn/nn-knl-files/filelist 15 25 25 /home/latansini/Desktop/trabalhoftf/carol-fi/sample-code/knn/nn-knl-files/out15_25_25
[INFO -- 2018-10-19 03:41:57]
initSignal:4
[INFO -- 2018-10-19 03:41:57]
endSignal:5
[INFO -- 2018-10-19 03:41:57]
faultModel:4
[EXCEPTION -- 2018-10-19 03:42:01]
gdbException: A syntax error in expression, near `...'.
[EXCEPTION -- 2018-10-19 03:42:01]
pythonException: invalid frame
[EXCEPTION -- 2018-10-19 03:42:01]
pythonException: invalid frame
[EXCEPTION -- 2018-10-19 03:42:01]
pythonException: invalid frame
[EXCEPTION -- 2018-10-19 03:42:01]
pythonException: invalid frame
[EXCEPTION -- 2018-10-19 03:42:01]
pythonException: invalid frame
[EXCEPTION -- 2018-10-19 03:42:01]
pythonException: invalid frame
[INFO -- 2018-10-19 03:42:01]
Backtrace BEGIN:
#0  0x00007ffff78bddf3 in ?? () from /usr/lib/x86_64-linux-gnu/libgomp.so.1
#1  0x00007ffff78bb6da in ?? () from /usr/lib/x86_64-linux-gnu/libgomp.so.1
#2  0x00007ffff768f184 in start_thread (arg=0x7ffff70b9700) at pthread_create.c:312
#3  0x00007ffff73bc03d in clone () at ../sysdeps/unix/sysv/linux/x86_64/clone.S:111

87	in ../sysdeps/x86_64/multiarch/../memcpy.S

Backtrace END
Memory content before bitflip:0x0a0x000x000x00
Fault Model: LSB bit-flip
base address to flip value: 0x7fffffffd4fc
address max offset: 4
Memory content after  bitflip:0x0a0x000x000x02
frame name: main
symbol name: i
symbol filename: nn.c
symbol line: 31
value: 33554442
value address: 0x7fffffffd4fc
Type: The type is an integer type.
Type sizeof: 4

[INFO -- 2018-10-19 03:42:01]
Fault Injection Successful after 4.574533224105835s
[INFO -- 2018-10-19 03:42:03]
event type: exit
[INFO -- 2018-10-19 03:42:03]
exit code: 0
