[INFO -- 2018-10-18 13:51:51]
Starting flip_value script
version: 1.1
[INFO -- 2018-10-18 13:51:51]
Initialization strings:
[INFO -- 2018-10-18 13:51:51]
(1) file /home/latansini/Desktop/trabalhoftf/carol-fi/sample-code/knn/nn-knl-files/nn
[INFO -- 2018-10-18 13:51:51]
(2) set args /home/latansini/Desktop/trabalhoftf/carol-fi/sample-code/knn/nn-knl-files/filelist 15 25 25 /home/latansini/Desktop/trabalhoftf/carol-fi/sample-code/knn/nn-knl-files/out15_25_25
[INFO -- 2018-10-18 13:51:51]
initSignal:4
[INFO -- 2018-10-18 13:51:51]
endSignal:5
[INFO -- 2018-10-18 13:51:51]
faultModel:4
[EXCEPTION -- 2018-10-18 13:51:55]
pythonException: invalid frame
[INFO -- 2018-10-18 13:51:55]
Backtrace BEGIN:
#0  0x00007ffff732c838 in __GI__IO_fread (buf=0x7fffffffd5c0, size=49, count=10, fp=0x603640) at iofread.c:41
#1  0x0000000000401027 in main (argc=6, argv=0x7fffffffd8b8) at nn.c:85

36	iofread.c: Arquivo ou diretório não encontrado.

Backtrace END
Memory content before bitflip:0x000x000xc80x41
Fault Model: LSB bit-flip
base address to flip value: 0x7fffffffd50c
address max offset: 4
Memory content after  bitflip:0x000x000xc80x45
frame name: main
symbol name: target_long
symbol filename: nn.c
symbol line: 34
value: 6400
value address: 0x7fffffffd50c
Type: A floating point type.
Type sizeof: 4

[INFO -- 2018-10-18 13:51:55]
Fault Injection Successful after 4.720121622085571s
[INFO -- 2018-10-18 13:51:57]
event type: exit
[INFO -- 2018-10-18 13:51:57]
exit code: 0
