[INFO -- 2018-10-19 00:50:16]
Starting flip_value script
version: 1.1
[INFO -- 2018-10-19 00:50:16]
Initialization strings:
[INFO -- 2018-10-19 00:50:16]
(1) file /home/latansini/Desktop/trabalhoftf/carol-fi/sample-code/knn/nn-knl-files/nn
[INFO -- 2018-10-19 00:50:16]
(2) set args /home/latansini/Desktop/trabalhoftf/carol-fi/sample-code/knn/nn-knl-files/filelist 15 25 25 /home/latansini/Desktop/trabalhoftf/carol-fi/sample-code/knn/nn-knl-files/out15_25_25
[INFO -- 2018-10-19 00:50:16]
initSignal:4
[INFO -- 2018-10-19 00:50:16]
endSignal:5
[INFO -- 2018-10-19 00:50:16]
faultModel:4
[EXCEPTION -- 2018-10-19 00:50:20]
pythonException: invalid frame
[INFO -- 2018-10-19 00:50:20]
Backtrace BEGIN:
#0  0x0000000000401229 in main (argc=6, argv=0x7fffffffd8b8) at nn.c:131

126	        for( i = 0 ; i < rec_count ; i++ ) {
127	            float max_dist = -1;
128	            int max_idx = 0;
129	            // find a neighbor with greatest dist and take his spot if allowed!
130	            for( j = 0 ; j < k ; j++ ) {
131	                if( neighbors[j].dist > max_dist ) {
132	                    max_dist = neighbors[j].dist;
133	                    max_idx = j;
134	                }
135	            }

Backtrace END
Memory content before bitflip:0x060x000x000x00
Fault Model: LSB bit-flip
base address to flip value: 0x7fffffffd4ec
address max offset: 4
Memory content after  bitflip:0x060x000x000x20
frame name: main
symbol name: argc
symbol filename: nn.c
symbol line: 29
value: 536870918
value address: 0x7fffffffd4ec
Type: The type is an integer type.
Type sizeof: 4

[INFO -- 2018-10-19 00:50:20]
Fault Injection Successful after 4.415009021759033s
[INFO -- 2018-10-19 00:50:22]
event type: exit
[INFO -- 2018-10-19 00:50:22]
exit code: 0
