[INFO -- 2018-10-16 06:05:11]
Starting flip_value script
version: 1.1
[INFO -- 2018-10-16 06:05:11]
Initialization strings:
[INFO -- 2018-10-16 06:05:11]
(1) file /home/latansini/Desktop/trabalhoftf/carol-fi/sample-code/inverse_nn/inversek2j_nn.out
[INFO -- 2018-10-16 06:05:11]
(2) set args /home/latansini/Desktop/trabalhoftf/carol-fi/sample-code/inverse_nn/input_250k /home/latansini/Desktop/trabalhoftf/carol-fi/sample-code/inverse_nn/output_falha.data
[INFO -- 2018-10-16 06:05:11]
initSignal:2
[INFO -- 2018-10-16 06:05:11]
endSignal:4
[INFO -- 2018-10-16 06:05:11]
faultModel:1
[INFO -- 2018-10-16 06:05:13]
Backtrace BEGIN:
#0  _IO_vfscanf_internal (s=s@entry=0x608610, format=<optimized out>, argptr=argptr@entry=0x7fffffffd0d8, errp=errp@entry=0x0) at vfscanf.c:493
#1  0x00007ffff7032162 in __isoc99_fscanf (stream=0x608610, format=<optimized out>) at isoc99_fscanf.c:34
#2  0x00007ffff7bcf0eb in fann_create_from_fd () from /usr/local/lib/libfann.so.2
#3  0x00007ffff7bcf608 in fann_create_from_file () from /usr/local/lib/libfann.so.2
#4  0x000000000040199e in inversek2j(float, float, float*, float*) ()
#5  0x0000000000401631 in main ()

488	vfscanf.c: Arquivo ou diretório não encontrado.

Backtrace END
Fliping a bit of the value pointed by a pointer
Memory content before bitflip:0x00
Fault Model: Double bit-flip
base address to flip value: 0x7fffffffccea 
address max offset: 1
Memory content after  bitflip:0x14
frame name: _IO_vfscanf_internal
symbol name: tw
symbol filename: vfscanf.c
symbol line: 271
value: 0x7fffffffccea "\024"
value address: 0x7fffffffcf00
Type: The type is a pointer.
Type sizeof: 8

[INFO -- 2018-10-16 06:05:13]
Fault Injection Successful after 2.8662211894989014s
[INFO -- 2018-10-16 06:05:21]
event type: exit
[INFO -- 2018-10-16 06:05:21]
exit code: 0
