[INFO -- 2018-10-19 13:10:49]
Starting flip_value script
version: 1.1
[INFO -- 2018-10-19 13:10:49]
Initialization strings:
[INFO -- 2018-10-19 13:10:49]
(1) file /home/latansini/Desktop/trabalhoftf/carol-fi/sample-code/knn/nn-knl-files/nn
[INFO -- 2018-10-19 13:10:49]
(2) set args /home/latansini/Desktop/trabalhoftf/carol-fi/sample-code/knn/nn-knl-files/filelist 15 25 25 /home/latansini/Desktop/trabalhoftf/carol-fi/sample-code/knn/nn-knl-files/out15_25_25
[INFO -- 2018-10-19 13:10:49]
initSignal:2
[INFO -- 2018-10-19 13:10:49]
endSignal:3
[INFO -- 2018-10-19 13:10:49]
faultModel:2
[INFO -- 2018-10-19 13:10:52]
Backtrace BEGIN:
#0  __GI_____strtod_l_internal (nptr=<optimized out>, endptr=<optimized out>, group=<optimized out>, loc=<optimized out>) at strtod_l.c:1516
#1  0x000000000040152c in main._omp_fn.0 () at nn.c:119
#2  0x0000000000401193 in main (argc=6, argv=0x7fffffffd8b8) at nn.c:115

1511	strtod_l.c: Arquivo ou diretório não encontrado.

Backtrace END
Fliping array at pos: 8
Memory content before bitflip:0x000x360xad0xf70xff0x7f0x000x00
Fault Model: Random bit-flip
base address to flip value: 0x7fffffffd0d0
address max offset: 8
Memory content after  bitflip:0x770xfb0x6a0x680x990x290x190x83
frame name: __GI_____strtod_l_internal
symbol name: num
symbol filename: strtod_l.c
symbol line: 485
value: {1152921504606846976, 0, 395002602728, 0, 0, 511101108334, 0, 140737488343279, 9446627432244902775, 140737351947767, 124, 0, 140737338120640, 140737340288232, 0, 140737340583340, 140737321332528, 140737344242680, 129872, 288, 6309040, 140737351961975, 140737321334528, 140737488343979, 140737344167232, 0, 16, 140737344233882, 140737321335248, 140737348711936, 140737341817163, 0, 140737488344072, 140737488344533, 140737488343792, 140737312944128, 0, 0, 140733193388032, 0, 0, 140737344180320, 0, 4294967297, 4200227, 0, 4200225, 140733193388032, 0, 0, 0, 140737351925564, 140737340304552, 2090252933, 4, 7, 140737353964280, 140737351927990, 206158430232}
value address: 0x7fffffffd090
Type: The type is an array.
Type sizeof: 472
Field name: None
Field Type: A range type, that is, an integer type with bounds.
Field Type sizeof: 8
Field Type range: (0, 58)

[INFO -- 2018-10-19 13:10:52]
Fault Injection Successful after 3.0198097229003906s
[INFO -- 2018-10-19 13:10:55]
event type: exit
[INFO -- 2018-10-19 13:10:55]
exit code: 0
