[INFO -- 2018-12-09 17:03:23]
Starting flip_value script
version: 1.1
[INFO -- 2018-12-09 17:03:23]
Initialization strings:
[INFO -- 2018-12-09 17:03:23]
(1) file /home/melkor/ETAPA2/dup_nn/nn-knl-files/nn
[INFO -- 2018-12-09 17:03:23]
(2) set args /home/melkor/ETAPA2/dup_nn/nn-knl-files/filelist 20 5 5 /home/melkor/ETAPA2/dup_nn/nn-knl-files/out20_5_5
[INFO -- 2018-12-09 17:03:23]
initSignal:0
[INFO -- 2018-12-09 17:03:23]
endSignal:1
[INFO -- 2018-12-09 17:03:23]
faultModel:1
[EXCEPTION -- 2018-12-09 17:03:24]
pythonException: invalid frame
[INFO -- 2018-12-09 17:03:24]
Backtrace BEGIN:
#0  0x00007ffff78210d3 in ?? () from /usr/lib/x86_64-linux-gnu/libgomp.so.1
#1  0x00007ffff781fda9 in ?? () from /usr/lib/x86_64-linux-gnu/libgomp.so.1
#2  0x00005555555555ed in main (argc=6, argv=0x7fffffffded8) at nn.c:196

68	      fclose(logfile);
69	    }
70		
71		
72		if(file != NULL){	// isso aqui tava dando segfault
73			fclose(file);
74		}
75		
76	}
77	

Backtrace END
Fliping a bit of the value pointed by a pointer
Memory content before bitflip:0x2b0x6a0xa40x43
Fault Model: Double bit-flip
base address to flip value: 0x55555575a140
address max offset: 4
Memory content after  bitflip:0x2b0x5a0xa40x43
frame name: main
symbol name: z_dup
symbol filename: nn.c
symbol line: 157
value: 0x55555575a140
value address: 0x7fffffffdb78
Type: The type is a pointer.
Type sizeof: 8

[INFO -- 2018-12-09 17:03:24]
Fault Injection Successful after 1.334446668624878s
[INFO -- 2018-12-09 17:03:24]
event type: exit
[INFO -- 2018-12-09 17:03:24]
exit code: 0
