[INFO -- 2018-10-11 07:25:17]
sending 5 signals using command: 'killall -2 fft_nn.out' after 22.5654317735s
[INFO -- 2018-10-11 07:25:19]
sending 5 signals using command: 'killall -2 fft_nn.out' after 24.1941394455s
[INFO -- 2018-10-11 07:25:19]
sending 5 signals using command: 'killall -2 fft_nn.out' after 24.4098703805s
[INFO -- 2018-10-11 07:25:19]
Starting GDB script
[INFO -- 2018-10-11 07:25:19]
initSignal:0.0
[INFO -- 2018-10-11 07:25:19]
endSignal:5.0
[INFO -- 2018-10-11 07:25:20]
sending 5 signals using command: 'killall -2 fft_nn.out' after 1.16481367134s
[INFO -- 2018-10-11 07:25:20]
sending 5 signals using command: 'killall -2 fft_nn.out' after 1.43536147066s
[INFO -- 2018-10-11 07:25:23]
sending 5 signals using command: 'killall -2 fft_nn.out' after 4.34921987522s
[INFO -- 2018-10-11 07:25:40]
Execution finished before waitTime
