[INFO -- 2018-10-19 07:33:36]
Starting flip_value script
version: 1.1
[INFO -- 2018-10-19 07:33:36]
Initialization strings:
[INFO -- 2018-10-19 07:33:36]
(1) file /home/latansini/Desktop/trabalhoftf/carol-fi/sample-code/knn/nn-knl-files/nn
[INFO -- 2018-10-19 07:33:36]
(2) set args /home/latansini/Desktop/trabalhoftf/carol-fi/sample-code/knn/nn-knl-files/filelist 15 25 25 /home/latansini/Desktop/trabalhoftf/carol-fi/sample-code/knn/nn-knl-files/out15_25_25
[INFO -- 2018-10-19 07:33:36]
initSignal:4
[INFO -- 2018-10-19 07:33:36]
endSignal:5
[INFO -- 2018-10-19 07:33:36]
faultModel:4
[INFO -- 2018-10-19 07:33:40]
Backtrace BEGIN:
#0  0x00007ffff78bddf3 in ?? () from /usr/lib/x86_64-linux-gnu/libgomp.so.1
#1  0x00007ffff78bcaf9 in ?? () from /usr/lib/x86_64-linux-gnu/libgomp.so.1
#2  0x0000000000401198 in main (argc=6, argv=0x7fffffffd8b8) at nn.c:115

20	* This program finds the k-nearest neighbors
21	* Usage:	./nn <filelist> <num> <target latitude> <target longitude> <out filename>
22	*			filelist: File with the filenames to the records
23	*			num: Number of nearest neighbors to find
24	*			target lat: Latitude coordinate for distance calculations
25	*			target long: Longitude coordinate for distance calculations
26	* The filelist and data are generated by hurricane_gen.c
27	* REC_WINDOW has been arbitrarily assigned; A larger value would allow more work for the threads
28	*/
29	int main(int argc, char* argv[]) {

Backtrace END
Fliping array at pos: 319
Memory content before bitflip:0x20
Fault Model: LSB bit-flip
base address to flip value: 0x7fffffffd6ff 
address max offset: 1
Memory content after  bitflip:0x22
frame name: main
symbol name: sandbox
symbol filename: nn.c
symbol line: 32
value: "2004  9  8 12 17 PATTY       9.8  52.7   41  490\n1951  8 10 18 16 NADINE     14.3 222.8   76  500\n1951  6 18  6  7 DEBBY      50.0 205.8  114  174\n1955  7 23 18 28 VALERIE    37.4 157.7   77  484\n1959"...
value address: 0x7fffffffd5c0
Type: The type is an array.
Type sizeof: 490
Field name: None
Field Type: A range type, that is, an integer type with bounds.
Field Type sizeof: 8
Field Type range: (0, 489)

[INFO -- 2018-10-19 07:33:40]
Fault Injection Successful after 4.799916505813599s
[INFO -- 2018-10-19 07:33:42]
event type: exit
[INFO -- 2018-10-19 07:33:42]
exit code: 0
