[INFO -- 2018-11-30 22:24:42]
Starting flip_value script
version: 1.1
[INFO -- 2018-11-30 22:24:42]
Initialization strings:
[INFO -- 2018-11-30 22:24:42]
(1) file /home/lignati/carol-fi/codes/inversefulldup/inversek2j.nn.out
[INFO -- 2018-11-30 22:24:42]
(2) set args /home/lignati/carol-fi/codes/inversefulldup/input_250k /home/lignati/carol-fi/codes/inversefulldup/output_falha.data
[INFO -- 2018-11-30 22:24:42]
initSignal:0
[INFO -- 2018-11-30 22:24:42]
endSignal:25
[INFO -- 2018-11-30 22:24:42]
faultModel:1
[INFO -- 2018-11-30 22:24:45]
Backtrace BEGIN:
#0  __GI__IO_sputbackc (fp=fp@entry=0x6085c0, c=c@entry=10) at genops.c:739
#1  0x00007ffff702d948 in _IO_vfscanf_internal (s=s@entry=0x6085c0, format=<optimized out>, argptr=argptr@entry=0x7fffffffcf38, errp=errp@entry=0x0) at vfscanf.c:2108
#2  0x00007ffff7033162 in __isoc99_fscanf (stream=0x6085c0, format=<optimized out>) at isoc99_fscanf.c:34
#3  0x00007ffff7bc975b in fann_create_from_fd () from /usr/local/lib/libfann.so.2
#4  0x00007ffff7bc8073 in fann_create_from_file () from /usr/local/lib/libfann.so.2
#5  0x0000000000402061 in inversek2j(float, float, float*, float*) ()
#6  0x000000000040179a in main ()

734	genops.c: No such file or directory.

Backtrace END
Fliping array at pos: 0
Fliping value of field: gp_offset
Memory content before bitflip:0x100x000x000x00
Fault Model: Double bit-flip
base address to flip value: 0x7fffffffcf38
address max offset: 4
Memory content after  bitflip:0x100x0a0x000x00
frame name: __isoc99_fscanf
symbol name: arg
symbol filename: isoc99_fscanf.c
symbol line: 27
value: {{gp_offset = 2576, fp_offset = 48, overflow_arg_area = 0x7fffffffd010, reg_save_area = 0x7fffffffcf50}}
value address: 0x7fffffffcf38
Type: The type is an array.
Type sizeof: 24

[INFO -- 2018-11-30 22:24:45]
Fault Injection Successful after 3.793781280517578s
[INFO -- 2018-11-30 22:25:07]
event type: exit
[INFO -- 2018-11-30 22:25:07]
exit code: 0
