[INFO -- 2018-10-06 22:23:51]
Starting flip_value script
version: 1.1
[INFO -- 2018-10-06 22:23:51]
Initialization strings:
[INFO -- 2018-10-06 22:23:51]
(1) file /tmp/fft_nn/fft_nn.out
[INFO -- 2018-10-06 22:23:51]
(2) set args 32768 /tmp/fft_nn/output_falha.data
[INFO -- 2018-10-06 22:23:51]
initSignal:5
[INFO -- 2018-10-06 22:23:51]
endSignal:10
[INFO -- 2018-10-06 22:23:51]
faultModel:1
[EXCEPTION -- 2018-10-06 22:23:57]
gdbException: Tentativo de desreferenciar um ponteiro genérico.
[INFO -- 2018-10-06 22:23:57]
Backtrace BEGIN:
#0  _IO_vfscanf_internal (s=s@entry=0x6062c0, format=<optimized out>, argptr=argptr@entry=0x7fffffffd8c8, errp=errp@entry=0x0) at vfscanf.c:624
#1  0x00007ffff7032162 in __isoc99_fscanf (stream=0x6062c0, format=<optimized out>) at isoc99_fscanf.c:34
#2  0x00007ffff7bcec16 in fann_create_from_fd () from /usr/local/lib/libfann.so.2
#3  0x00007ffff7bcf608 in fann_create_from_file () from /usr/local/lib/libfann.so.2
#4  0x00000000004019b7 in radix2DitCooleyTykeyFft(int, int*, Complex*, Complex*) ()
#5  0x0000000000401631 in main ()

619	in vfscanf.c

Backtrace END
Memory content before bitflip:0x000x000x000x000x000x000x000x00
Fault Model: Double bit-flip
base address to flip value: 0x7fffffffd670
address max offset: 8
Memory content after  bitflip:0x280x000x000x000x000x000x000x00
frame name: _IO_vfscanf_internal
symbol name: strsize
symbol filename: vfscanf.c
symbol line: 265
value: 40
value address: 0x7fffffffd670
Type: The type is an integer type.
Type sizeof: 8

[INFO -- 2018-10-06 22:23:57]
Fault Injection Successful after 6.469992637634277s
[INFO -- 2018-10-06 22:24:11]
event type: exit
[INFO -- 2018-10-06 22:24:11]
exit code: 0
