[INFO -- 2018-10-16 00:24:12]
Starting flip_value script
version: 1.1
[INFO -- 2018-10-16 00:24:12]
Initialization strings:
[INFO -- 2018-10-16 00:24:12]
(1) file /home/latansini/Desktop/trabalhoftf/carol-fi/sample-code/inverse_nn/inversek2j_nn.out
[INFO -- 2018-10-16 00:24:12]
(2) set args /home/latansini/Desktop/trabalhoftf/carol-fi/sample-code/inverse_nn/input_250k /home/latansini/Desktop/trabalhoftf/carol-fi/sample-code/inverse_nn/output_falha.data
[INFO -- 2018-10-16 00:24:12]
initSignal:0
[INFO -- 2018-10-16 00:24:12]
endSignal:2
[INFO -- 2018-10-16 00:24:12]
faultModel:0
[INFO -- 2018-10-16 00:24:13]
Backtrace BEGIN:
#0  __GI__IO_sputbackc (fp=fp@entry=0x608610, c=c@entry=49) at genops.c:730
#1  0x00007ffff7028b63 in _IO_vfscanf_internal (s=s@entry=0x608610, format=<optimized out>, argptr=argptr@entry=0x7fffffffd0d8, errp=errp@entry=0x0) at vfscanf.c:625
#2  0x00007ffff7032162 in __isoc99_fscanf (stream=0x608610, format=<optimized out>) at isoc99_fscanf.c:34
#3  0x00007ffff7bcf187 in fann_create_from_fd () from /usr/local/lib/libfann.so.2
#4  0x00007ffff7bcf608 in fann_create_from_file () from /usr/local/lib/libfann.so.2
#5  0x000000000040199e in inversek2j(float, float, float*, float*) ()
#6  0x0000000000401631 in main ()

725	genops.c: Arquivo ou diretório não encontrado.

Backtrace END
Fliping value of field: __routine
Fliping a bit of the value pointed by a pointer
Memory content before bitflip:0x48
Fault Model: Single bit-flip
base address to flip value: 0x7ffff7031cc0 
address max offset: 1
Memory content after  bitflip:0x68
frame name: _IO_vfscanf_internal
symbol name: _buffer
symbol filename: vfscanf.c
symbol line: 358
value: {__routine = 0x7ffff7031cc0 <__funlockfile>, __arg = 0x608610, __canceltype = 0, __prev = 0x0}
value address: 0x7fffffffcf50
Type: The type is a structure.
Type sizeof: 32
Field name: __routine
Field Type: The type is a pointer.
Field Type sizeof: 8
Field name: __arg
Field Type: The type is a pointer.
Field Type sizeof: 8
Field name: __canceltype
Field Type: The type is an integer type.
Field Type sizeof: 4
Field name: __prev
Field Type: The type is a pointer.
Field Type sizeof: 8

[INFO -- 2018-10-16 00:24:13]
Fault Injection Successful after 1.4820995330810547s
[INFO -- 2018-10-16 00:24:22]
event type: exit
[INFO -- 2018-10-16 00:24:22]
exit code: 0
