[INFO -- 2018-10-15 15:07:03]
Starting flip_value script
version: 1.1
[INFO -- 2018-10-15 15:07:03]
Initialization strings:
[INFO -- 2018-10-15 15:07:03]
(1) file /home/latansini/Desktop/trabalhoftf/carol-fi/sample-code/inverse_nn/inversek2j_nn.out
[INFO -- 2018-10-15 15:07:03]
(2) set args /home/latansini/Desktop/trabalhoftf/carol-fi/sample-code/inverse_nn/input_250k /home/latansini/Desktop/trabalhoftf/carol-fi/sample-code/inverse_nn/output_falha.data
[INFO -- 2018-10-15 15:07:03]
initSignal:0
[INFO -- 2018-10-15 15:07:03]
endSignal:2
[INFO -- 2018-10-15 15:07:03]
faultModel:0
[INFO -- 2018-10-15 15:07:04]
Backtrace BEGIN:
#0  __GI_____strtof_l_internal (nptr=<optimized out>, endptr=<optimized out>, group=<optimized out>, loc=<optimized out>) at strtod_l.c:1516
#1  0x00007ffff7936d5e in void std::__convert_to_v<float>(char const*, float&, std::_Ios_Iostate&, __locale_struct* const&) () from /usr/lib/x86_64-linux-gnu/libstdc++.so.6
#2  0x00007ffff794a706 in std::num_get<char, std::istreambuf_iterator<char, std::char_traits<char> > >::do_get(std::istreambuf_iterator<char, std::char_traits<char> >, std::istreambuf_iterator<char, std::char_traits<char> >, std::ios_base&, std::_Ios_Iostate&, float&) const () from /usr/lib/x86_64-linux-gnu/libstdc++.so.6
#3  0x00007ffff793b0d5 in std::istream& std::istream::_M_extract<float>(float&) () from /usr/lib/x86_64-linux-gnu/libstdc++.so.6
#4  0x0000000000401470 in main ()

1511	strtod_l.c: Arquivo ou diretório não encontrado.

Backtrace END
Fliping array at pos: 3
Memory content before bitflip:0xa90x500x940xf70xff0x7f0x000x00
Fault Model: Single bit-flip
base address to flip value: 0x7fffffffd138
address max offset: 8
Memory content after  bitflip:0xa90x400x940xf70xff0x7f0x000x00
frame name: __GI_____strtof_l_internal
symbol name: num
symbol filename: strtod_l.c
symbol line: 485
value: {4882939935046238208, 0, 0, 140737347076265, 140737349669024, 0, 51, 140737349669024, 0, 140737347100202}
value address: 0x7fffffffd120
Type: The type is an array.
Type sizeof: 80
Field name: None
Field Type: A range type, that is, an integer type with bounds.
Field Type sizeof: 8
Field Type range: (0, 9)

[INFO -- 2018-10-15 15:07:04]
Fault Injection Successful after 1.1283280849456787s
[INFO -- 2018-10-15 15:07:14]
event type: exit
[INFO -- 2018-10-15 15:07:14]
exit code: 0
