[INFO -- 2018-10-19 00:08:53]
Starting flip_value script
version: 1.1
[INFO -- 2018-10-19 00:08:53]
Initialization strings:
[INFO -- 2018-10-19 00:08:53]
(1) file /home/latansini/Desktop/trabalhoftf/carol-fi/sample-code/knn/nn-knl-files/nn
[INFO -- 2018-10-19 00:08:53]
(2) set args /home/latansini/Desktop/trabalhoftf/carol-fi/sample-code/knn/nn-knl-files/filelist 15 25 25 /home/latansini/Desktop/trabalhoftf/carol-fi/sample-code/knn/nn-knl-files/out15_25_25
[INFO -- 2018-10-19 00:08:53]
initSignal:2
[INFO -- 2018-10-19 00:08:53]
endSignal:3
[INFO -- 2018-10-19 00:08:53]
faultModel:2
[EXCEPTION -- 2018-10-19 00:08:55]
pythonException: invalid frame
[EXCEPTION -- 2018-10-19 00:08:55]
pythonException: invalid frame
[EXCEPTION -- 2018-10-19 00:08:55]
pythonException: invalid frame
[INFO -- 2018-10-19 00:08:55]
Backtrace BEGIN:
#0  0x000000000040120f in main (argc=6, argv=0x7fffffffd8b8) at nn.c:131

126	        for( i = 0 ; i < rec_count ; i++ ) {
127	            float max_dist = -1;
128	            int max_idx = 0;
129	            // find a neighbor with greatest dist and take his spot if allowed!
130	            for( j = 0 ; j < k ; j++ ) {
131	                if( neighbors[j].dist > max_dist ) {
132	                    max_dist = neighbors[j].dist;
133	                    max_idx = j;
134	                }
135	            }

Backtrace END
Memory content before bitflip:0x000x000x000x00
Fault Model: Random bit-flip
base address to flip value: 0x7fffffffd504
address max offset: 4
Memory content after  bitflip:0xb30x780x150xce
frame name: main
symbol name: done
symbol filename: nn.c
symbol line: 31
value: -837453645
value address: 0x7fffffffd504
Type: The type is an integer type.
Type sizeof: 4

[INFO -- 2018-10-19 00:08:55]
Fault Injection Successful after 2.436323404312134s
[INFO -- 2018-10-19 00:08:55]
event type: exit
[INFO -- 2018-10-19 00:08:55]
exit code: 0
