[INFO -- 2018-10-16 20:24:50]
Starting flip_value script
version: 1.1
[INFO -- 2018-10-16 20:24:50]
Initialization strings:
[INFO -- 2018-10-16 20:24:50]
(1) file /home/latansini/Desktop/trabalhoftf/carol-fi/sample-code/inverse_nn/inversek2j_nn.out
[INFO -- 2018-10-16 20:24:50]
(2) set args /home/latansini/Desktop/trabalhoftf/carol-fi/sample-code/inverse_nn/input_250k /home/latansini/Desktop/trabalhoftf/carol-fi/sample-code/inverse_nn/output_falha.data
[INFO -- 2018-10-16 20:24:50]
initSignal:0
[INFO -- 2018-10-16 20:24:50]
endSignal:2
[INFO -- 2018-10-16 20:24:50]
faultModel:0
[EXCEPTION -- 2018-10-16 20:24:51]
gdbException: Tentativo de desreferenciar um ponteiro genérico.
[INFO -- 2018-10-16 20:24:51]
Backtrace BEGIN:
#0  0x00007ffff702ba48 in _IO_vfscanf_internal (s=s@entry=0x608610, format=<optimized out>, argptr=argptr@entry=0x7fffffffd0d8, errp=errp@entry=0x0) at vfscanf.c:2367
#1  0x00007ffff7032162 in __isoc99_fscanf (stream=0x608610, format=<optimized out>) at isoc99_fscanf.c:34
#2  0x00007ffff7bcf187 in fann_create_from_fd () from /usr/local/lib/libfann.so.2
#3  0x00007ffff7bcf608 in fann_create_from_file () from /usr/local/lib/libfann.so.2
#4  0x000000000040199e in inversek2j(float, float, float*, float*) ()
#5  0x0000000000401631 in main ()

2362	in vfscanf.c

Backtrace END
Fliping a bit of the pointer
Memory content before bitflip:0xea0xcc0xff0xff0xff0x7f0x000x00
Fault Model: Single bit-flip
base address to flip value: 0x7fffffffcf00
address max offset: 8
Memory content after  bitflip:0xea0xcc0xff0xff0xff0x7f0x000x02
frame name: _IO_vfscanf_internal
symbol name: tw
symbol filename: vfscanf.c
symbol line: 271
value: 0x7fffffffccea ""
value address: 0x7fffffffcf00
Type: The type is a pointer.
Type sizeof: 8

[INFO -- 2018-10-16 20:24:51]
Fault Injection Successful after 1.54478120803833s
[INFO -- 2018-10-16 20:25:00]
event type: exit
[INFO -- 2018-10-16 20:25:00]
exit code: 0
