[INFO -- 2018-10-06 20:42:16]
Starting flip_value script
version: 1.1
[INFO -- 2018-10-06 20:42:16]
Initialization strings:
[INFO -- 2018-10-06 20:42:16]
(1) file /tmp/fft_nn/fft_nn.out
[INFO -- 2018-10-06 20:42:16]
(2) set args 32768 /tmp/fft_nn/output_falha.data
[INFO -- 2018-10-06 20:42:16]
initSignal:15
[INFO -- 2018-10-06 20:42:16]
endSignal:25
[INFO -- 2018-10-06 20:42:16]
faultModel:4
[INFO -- 2018-10-06 20:42:35]
Backtrace BEGIN:
#0  _IO_vfscanf_internal (s=s@entry=0x6062c0, format=<optimized out>, argptr=argptr@entry=0x7fffffffd8c8, errp=errp@entry=0x0) at vfscanf.c:1824
#1  0x00007ffff7032162 in __isoc99_fscanf (stream=0x6062c0, format=<optimized out>) at isoc99_fscanf.c:34
#2  0x00007ffff7bcf187 in fann_create_from_fd () from /usr/local/lib/libfann.so.2
#3  0x00007ffff7bcf608 in fann_create_from_file () from /usr/local/lib/libfann.so.2
#4  0x00000000004019b7 in radix2DitCooleyTykeyFft(int, int*, Complex*, Complex*) ()
#5  0x0000000000401631 in main ()

1819	vfscanf.c: Arquivo ou diretório não encontrado.

Backtrace END
Memory content before bitflip:0x0a0x000x000x00
Fault Model: LSB bit-flip
base address to flip value: 0x7fffffffd6c8
address max offset: 4
Memory content after  bitflip:0x0a0x000x000x10
frame name: _IO_vfscanf_internal
symbol name: width
symbol filename: vfscanf.c
symbol line: 221
value: 268435466
value address: 0x7fffffffd6c8
Type: The type is an integer type.
Type sizeof: 4

[INFO -- 2018-10-06 20:42:35]
Fault Injection Successful after 19.70198345184326s
[INFO -- 2018-10-06 20:42:36]
event type: exit
[INFO -- 2018-10-06 20:42:36]
exit code: 0
