[INFO -- 2018-10-10 11:36:32]
sending 5 signals using command: 'killall -2 fft_nn.out' after 22.6510845647s
[INFO -- 2018-10-10 11:36:33]
sending 5 signals using command: 'killall -2 fft_nn.out' after 23.119252948s
[INFO -- 2018-10-10 11:36:33]
sending 5 signals using command: 'killall -2 fft_nn.out' after 23.7507269733s
[INFO -- 2018-10-10 11:36:33]
Starting GDB script
[INFO -- 2018-10-10 11:36:33]
initSignal:0.0
[INFO -- 2018-10-10 11:36:33]
endSignal:5.0
[INFO -- 2018-10-10 11:36:34]
sending 5 signals using command: 'killall -2 fft_nn.out' after 0.692377469651s
[INFO -- 2018-10-10 11:36:35]
sending 5 signals using command: 'killall -2 fft_nn.out' after 2.00283243193s
[INFO -- 2018-10-10 11:36:38]
sending 5 signals using command: 'killall -2 fft_nn.out' after 4.46493320116s
[INFO -- 2018-10-10 11:36:54]
Execution finished before waitTime
