[INFO -- 2018-12-03 10:28:45]
Starting flip_value script
version: 1.1
[INFO -- 2018-12-03 10:28:45]
Initialization strings:
[INFO -- 2018-12-03 10:28:45]
(1) file /home/latansini/carol-fi/carol-fi/codes/nnfulldup/nn-knl-files/nn
[INFO -- 2018-12-03 10:28:45]
(2) set args /home/latansini/carol-fi/carol-fi/codes/nnfulldup/nn-knl-files/filelist 20 5 5 /home/latansini/carol-fi/carol-fi/codes/nnfulldup/nn-knl-files/out20_5_5
[INFO -- 2018-12-03 10:28:45]
initSignal:0
[INFO -- 2018-12-03 10:28:45]
endSignal:2
[INFO -- 2018-12-03 10:28:45]
faultModel:4
[EXCEPTION -- 2018-12-03 10:28:46]
gdbException: Attempt to dereference a generic pointer.
[EXCEPTION -- 2018-12-03 10:28:46]
pythonException: invalid frame
[EXCEPTION -- 2018-12-03 10:28:46]
pythonException: invalid frame
[EXCEPTION -- 2018-12-03 10:28:46]
pythonException: invalid frame
