[INFO -- 2018-10-10 17:44:55]
sending 5 signals using command: 'killall -2 fft_nn.out' after 21.4138373668s
[INFO -- 2018-10-10 17:44:55]
sending 5 signals using command: 'killall -2 fft_nn.out' after 21.5513299809s
[INFO -- 2018-10-10 17:44:58]
sending 5 signals using command: 'killall -2 fft_nn.out' after 24.3540003488s
[INFO -- 2018-10-10 17:44:58]
Starting GDB script
[INFO -- 2018-10-10 17:44:58]
initSignal:0.0
[INFO -- 2018-10-10 17:44:58]
endSignal:5.0
[INFO -- 2018-10-10 17:44:59]
sending 5 signals using command: 'killall -2 fft_nn.out' after 0.933443771899s
[INFO -- 2018-10-10 17:45:02]
sending 5 signals using command: 'killall -2 fft_nn.out' after 4.49106774095s
[INFO -- 2018-10-10 17:45:03]
sending 5 signals using command: 'killall -2 fft_nn.out' after 4.91932257057s
[INFO -- 2018-10-10 17:45:19]
Execution finished before waitTime
