[INFO -- 2018-10-07 04:55:40]
Starting flip_value script
version: 1.1
[INFO -- 2018-10-07 04:55:40]
Initialization strings:
[INFO -- 2018-10-07 04:55:40]
(1) file /tmp/fft_nn/fft_nn.out
[INFO -- 2018-10-07 04:55:40]
(2) set args 32768 /tmp/fft_nn/output_falha.data
[INFO -- 2018-10-07 04:55:40]
initSignal:10
[INFO -- 2018-10-07 04:55:40]
endSignal:15
[INFO -- 2018-10-07 04:55:40]
faultModel:3
[EXCEPTION -- 2018-10-07 04:55:51]
gdbException: Tentativo de desreferenciar um ponteiro genérico.
[INFO -- 2018-10-07 04:55:51]
Backtrace BEGIN:
#0  0x00007ffff70119bd in __GI_____strtoul_l_internal (nptr=nptr@entry=0x7fffffffd4c0 "7", endptr=endptr@entry=0x7fffffffd6f0, base=<optimized out>, group=group@entry=0, loc=<optimized out>) at ../stdlib/strtol_l.c:380
#1  0x00007ffff7011410 in __GI___strtoul_internal (nptr=nptr@entry=0x7fffffffd4c0 "7", endptr=endptr@entry=0x7fffffffd6f0, base=<optimized out>, group=group@entry=0) at ../stdlib/strtol.c:97
#2  0x00007ffff7029f02 in _IO_vfscanf_internal (s=s@entry=0x6062c0, format=<optimized out>, argptr=argptr@entry=0x7fffffffd8c8, errp=errp@entry=0x0) at vfscanf.c:1827
#3  0x00007ffff7032162 in __isoc99_fscanf (stream=0x6062c0, format=<optimized out>) at isoc99_fscanf.c:34
#4  0x00007ffff7bcf187 in fann_create_from_fd () from /usr/local/lib/libfann.so.2
#5  0x00007ffff7bcf608 in fann_create_from_file () from /usr/local/lib/libfann.so.2
#6  0x00000000004019b7 in radix2DitCooleyTykeyFft(int, int*, Complex*, Complex*) ()
#7  0x0000000000401631 in main ()

375	in ../stdlib/strtol_l.c

Backtrace END
Memory content before bitflip:0x000x000x000x00
Fault Model: Zero bit-flip
base address to flip value: 0x7fffffffd47c
address max offset: 4
Memory content after  bitflip:0x000x000x000x00
frame name: __GI_____strtoul_l_internal
symbol name: negative
symbol filename: ../stdlib/strtol_l.c
symbol line: 233
value: 0
value address: 0x7fffffffd47c
Type: The type is an integer type.
Type sizeof: 4

[INFO -- 2018-10-07 04:55:51]
Fault Injection Successful after 11.125093698501587s
[INFO -- 2018-10-07 04:56:00]
event type: exit
[INFO -- 2018-10-07 04:56:00]
exit code: 0
