[INFO -- 2018-10-11 00:21:25]
sending 5 signals using command: 'killall -2 fft_nn.out' after 21.7351481532s
[INFO -- 2018-10-11 00:21:27]
sending 5 signals using command: 'killall -2 fft_nn.out' after 23.3065013401s
[INFO -- 2018-10-11 00:21:27]
sending 5 signals using command: 'killall -2 fft_nn.out' after 23.890375557s
[INFO -- 2018-10-11 00:21:27]
Starting GDB script
[INFO -- 2018-10-11 00:21:27]
initSignal:0.0
[INFO -- 2018-10-11 00:21:27]
endSignal:5.0
[INFO -- 2018-10-11 00:21:28]
sending 5 signals using command: 'killall -2 fft_nn.out' after 0.357841238756s
[INFO -- 2018-10-11 00:21:28]
sending 5 signals using command: 'killall -2 fft_nn.out' after 0.742493528961s
[INFO -- 2018-10-11 00:21:31]
sending 5 signals using command: 'killall -2 fft_nn.out' after 3.67327764588s
[INFO -- 2018-10-11 00:21:48]
Execution finished before waitTime
