[INFO -- 2018-10-15 17:02:34]
Starting flip_value script
version: 1.1
[INFO -- 2018-10-15 17:02:34]
Initialization strings:
[INFO -- 2018-10-15 17:02:34]
(1) file /home/latansini/Desktop/trabalhoftf/carol-fi/sample-code/inverse_nn/inversek2j_nn.out
[INFO -- 2018-10-15 17:02:34]
(2) set args /home/latansini/Desktop/trabalhoftf/carol-fi/sample-code/inverse_nn/input_250k /home/latansini/Desktop/trabalhoftf/carol-fi/sample-code/inverse_nn/output_falha.data
[INFO -- 2018-10-15 17:02:34]
initSignal:4
[INFO -- 2018-10-15 17:02:34]
endSignal:6
[INFO -- 2018-10-15 17:02:34]
faultModel:2
[INFO -- 2018-10-15 17:02:38]
Backtrace BEGIN:
#0  0x00007ffff70c2d44 in __GI___fxstat (vers=<optimized out>, fd=6, buf=0x7fffffffd080) at ../sysdeps/unix/sysv/linux/wordsize-64/fxstat.c:35
#1  0x00007ffff70417d5 in __GI__IO_file_doallocate (fp=0x608610) at filedoalloc.c:111
#2  0x00007ffff704f4b5 in __GI__IO_doallocbuf (fp=fp@entry=0x608610) at genops.c:418
#3  0x00007ffff704d3ec in __GI__IO_file_xsgetn (fp=0x608610, data=0x6d72680, n=13) at fileops.c:1379
#4  0x00007ffff704286f in __GI__IO_fread (buf=<optimized out>, size=1, count=13, fp=0x608610) at iofread.c:42
#5  0x00007ffff7bce817 in fann_create_from_fd () from /usr/local/lib/libfann.so.2
#6  0x00007ffff7bcf608 in fann_create_from_file () from /usr/local/lib/libfann.so.2
#7  0x000000000040199e in inversek2j(float, float, float*, float*) ()
#8  0x0000000000401631 in main ()

30	../sysdeps/unix/sysv/linux/wordsize-64/fxstat.c: Arquivo ou diretório não encontrado.

Backtrace END
Fliping value of field: st_size
Memory content before bitflip:0xde0x370x000x000x000x000x000x00
Fault Model: Random bit-flip
base address to flip value: 0x7fffffffd0b0
address max offset: 8
Memory content after  bitflip:0x5f0x490x670x1a0xa10x2c0x070xd0
frame name: __GI__IO_file_doallocate
symbol name: st
symbol filename: filedoalloc.c
symbol line: 99
value: {st_dev = 2050, st_ino = 29500850, st_nlink = 1, st_mode = 33204, st_uid = 1000, st_gid = 1000, __pad0 = 0, st_rdev = 0, st_size = -3456745118539232929, st_blksize = 4096, st_blocks = 32, st_atim = {tv_sec = 1539608038, tv_nsec = 722983550}, st_mtim = {tv_sec = 1538095350, tv_nsec = 0}, st_ctim = {tv_sec = 1538668029, tv_nsec = 19577400}, __glibc_reserved = {0, 0, 0}}
value address: 0x7fffffffd080
Type: The type is a structure.
Type sizeof: 144
Field name: st_dev
Field Type: The type is an integer type.
Field Type sizeof: 8
Field name: st_ino
Field Type: The type is an integer type.
Field Type sizeof: 8
Field name: st_nlink
Field Type: The type is an integer type.
Field Type sizeof: 8
Field name: st_mode
Field Type: The type is an integer type.
Field Type sizeof: 4
Field name: st_uid
Field Type: The type is an integer type.
Field Type sizeof: 4
Field name: st_gid
Field Type: The type is an integer type.
Field Type sizeof: 4
Field name: __pad0
Field Type: The type is an integer type.
Field Type sizeof: 4
Field name: st_rdev
Field Type: The type is an integer type.
Field Type sizeof: 8
Field name: st_size
Field Type: The type is an integer type.
Field Type sizeof: 8
Field name: st_blksize
Field Type: The type is an integer type.
Field Type sizeof: 8
Field name: st_blocks
Field Type: The type is an integer type.
Field Type sizeof: 8
Field name: st_atim
Field Type: The type is a structure.
Field Type sizeof: 16
Field name: st_mtim
Field Type: The type is a structure.
Field Type sizeof: 16
Field name: st_ctim
Field Type: The type is a structure.
Field Type sizeof: 16
Field name: __glibc_reserved
Field Type: The type is an array.
Field Type sizeof: 24

[INFO -- 2018-10-15 17:02:38]
Fault Injection Successful after 4.35443639755249s
[INFO -- 2018-10-15 17:02:44]
event type: exit
[INFO -- 2018-10-15 17:02:44]
exit code: 0
