[INFO -- 2018-12-04 01:44:39]
Starting flip_value script
version: 1.1
[INFO -- 2018-12-04 01:44:39]
Initialization strings:
[INFO -- 2018-12-04 01:44:39]
(1) file /home/latansini/carol-fi/carol-fi/codes/nnfulldup/nn-knl-files/nn
[INFO -- 2018-12-04 01:44:39]
(2) set args /home/latansini/carol-fi/carol-fi/codes/nnfulldup/nn-knl-files/filelist 20 5 5 /home/latansini/carol-fi/carol-fi/codes/nnfulldup/nn-knl-files/out20_5_5
[INFO -- 2018-12-04 01:44:39]
initSignal:0
[INFO -- 2018-12-04 01:44:39]
endSignal:2
[INFO -- 2018-12-04 01:44:39]
faultModel:4
[EXCEPTION -- 2018-12-04 01:44:41]
pythonException: invalid frame
[EXCEPTION -- 2018-12-04 01:44:41]
pythonException: invalid frame
[EXCEPTION -- 2018-12-04 01:44:41]
pythonException: invalid frame
[EXCEPTION -- 2018-12-04 01:44:41]
pythonException: invalid frame
[EXCEPTION -- 2018-12-04 01:44:41]
pythonException: invalid frame
[EXCEPTION -- 2018-12-04 01:44:41]
pythonException: invalid frame
[INFO -- 2018-12-04 01:44:41]
Backtrace BEGIN:
#0  0x00007ffff78d4e84 in ?? () from /usr/lib/x86_64-linux-gnu/libgomp.so.1
#1  0x00007ffff78d3ae9 in ?? () from /usr/lib/x86_64-linux-gnu/libgomp.so.1
#2  0x0000000000400f98 in nn_wrapper (filename=0x7fffffffe7d7 "/home/latansini/carol-fi/carol-fi/codes/nnfulldup/nn-knl-files/filelist", k=20, target_lat=5, target_long=5) at nn.c:97
#3  0x000000000040148d in main (argc=6, argv=0x7fffffffe568) at nn.c:195

168			fclose(logfile);
169		}
170	
171		if(file!= NULL){
172	    		fclose(file);
173		}
174	}
175	
176	int main(int argc, char* argv[]) {
177	    int    k=0;

Backtrace END
Fliping array at pos: 364
Memory content before bitflip:0x20
Fault Model: LSB bit-flip
base address to flip value: 0x7fffffffe33c 
address max offset: 1
Memory content after  bitflip:0x28
frame name: nn_wrapper
symbol name: sandbox
symbol filename: nn.c
symbol line: 30
value: "1993  5 17 18 19 NADINE     52.6  63.1  116  191\n1968  4 17  6 17 ALBERTO    20.9 270.5   35  219\n1972  1 27 18 12 VALERIE    63.3 324.9   40  692\n1969 10  8 18 19 HELENE     17.2  58.5   94  620\n1992"...
value address: 0x7fffffffe1d0
Type: The type is an array.
Type sizeof: 490
Field name: None
Field Type: A range type, that is, an integer type with bounds.
Field Type sizeof: 8
Field Type range: (0L, 489L)

[INFO -- 2018-12-04 01:44:41]
Fault Injection Successful after 2.14491200447s
[INFO -- 2018-12-04 01:44:42]
event type: exit
[INFO -- 2018-12-04 01:44:42]
exit code: 0
