[INFO -- 2018-10-08 17:16:13]
sending 5 signals using command: 'killall -2 fft_nn.out' after 22.7336312716s
[INFO -- 2018-10-08 17:16:14]
sending 5 signals using command: 'killall -2 fft_nn.out' after 23.5059473428s
[INFO -- 2018-10-08 17:16:15]
sending 5 signals using command: 'killall -2 fft_nn.out' after 23.9862526686s
[INFO -- 2018-10-08 17:16:15]
Starting GDB script
[INFO -- 2018-10-08 17:16:15]
initSignal:0.0
[INFO -- 2018-10-08 17:16:15]
endSignal:5.0
[INFO -- 2018-10-08 17:16:17]
sending 5 signals using command: 'killall -2 fft_nn.out' after 2.54657985303s
[INFO -- 2018-10-08 17:16:19]
sending 5 signals using command: 'killall -2 fft_nn.out' after 3.98657995272s
[INFO -- 2018-10-08 17:16:20]
sending 5 signals using command: 'killall -2 fft_nn.out' after 4.82756653397s
[INFO -- 2018-10-08 17:16:36]
Execution finished before waitTime
