[INFO -- 2018-12-09 18:31:18]
Starting flip_value script
version: 1.1
[INFO -- 2018-12-09 18:31:18]
Initialization strings:
[INFO -- 2018-12-09 18:31:18]
(1) file /home/melkor/ETAPA2/dup_nn/nn-knl-files/nn
[INFO -- 2018-12-09 18:31:18]
(2) set args /home/melkor/ETAPA2/dup_nn/nn-knl-files/filelist 20 5 5 /home/melkor/ETAPA2/dup_nn/nn-knl-files/out20_5_5
[INFO -- 2018-12-09 18:31:18]
initSignal:0
[INFO -- 2018-12-09 18:31:18]
endSignal:1
[INFO -- 2018-12-09 18:31:18]
faultModel:3
[EXCEPTION -- 2018-12-09 18:31:19]
gdbException: Tentativo de desreferenciar um ponteiro genérico.
[EXCEPTION -- 2018-12-09 18:31:19]
pythonException: invalid frame
[EXCEPTION -- 2018-12-09 18:31:19]
pythonException: invalid frame
[EXCEPTION -- 2018-12-09 18:31:19]
pythonException: invalid frame
[INFO -- 2018-12-09 18:31:19]
Backtrace BEGIN:
#0  0x00007ffff782108a in ?? () from /usr/lib/x86_64-linux-gnu/libgomp.so.1
#1  0x00007ffff781fda9 in ?? () from /usr/lib/x86_64-linux-gnu/libgomp.so.1
#2  0x00005555555555ed in main (argc=6, argv=0x7fffffffded8) at nn.c:196

2284	in rtld.c

Backtrace END
Fliping array at pos: 461
Memory content before bitflip:0x48
Fault Model: Zero bit-flip
base address to flip value: 0x7fffffffddbd 
address max offset: 1
Memory content after  bitflip:0x00
frame name: main
symbol name: sandbox
symbol filename: nn.c
symbol line: 85
value: "2003 10 26  6 21 SANDY      42.4 100.5   97  629\n2001  4 13 12 28 SANDY      40.7 186.7  154  798\n1962  5 10  6  3 DEBBY      17.4 295.1  116  540\n1958 12 13  6 16 ISAAC      55.6 240.7   36   45\n1969"...
value address: 0x7fffffffdbf0
Type: The type is an array.
Type sizeof: 490
Field name: None
Field Type: A range type, that is, an integer type with bounds.
Field Type sizeof: 8
Field Type range: (0, 489)

[INFO -- 2018-12-09 18:31:19]
Fault Injection Successful after 1.49379563331604s
[INFO -- 2018-12-09 18:31:20]
event type: exit
[INFO -- 2018-12-09 18:31:20]
exit code: 0
