[INFO -- 2018-10-10 00:25:01]
sending 5 signals using command: 'killall -2 fft_nn.out' after 21.0272419666s
[INFO -- 2018-10-10 00:25:03]
sending 5 signals using command: 'killall -2 fft_nn.out' after 22.6318321657s
[INFO -- 2018-10-10 00:25:04]
sending 5 signals using command: 'killall -2 fft_nn.out' after 24.2316665457s
[INFO -- 2018-10-10 00:25:04]
Starting GDB script
[INFO -- 2018-10-10 00:25:04]
initSignal:0.0
[INFO -- 2018-10-10 00:25:04]
endSignal:5.0
[INFO -- 2018-10-10 00:25:07]
sending 5 signals using command: 'killall -2 fft_nn.out' after 3.0417508838s
[INFO -- 2018-10-10 00:25:08]
sending 5 signals using command: 'killall -2 fft_nn.out' after 3.66756379162s
[INFO -- 2018-10-10 00:25:09]
sending 5 signals using command: 'killall -2 fft_nn.out' after 4.8314996251s
[INFO -- 2018-10-10 00:25:25]
Execution finished before waitTime
