[INFO -- 2018-10-10 00:10:49]
Starting flip_value script
version: 1.1
[INFO -- 2018-10-10 00:10:49]
Initialization strings:
[INFO -- 2018-10-10 00:10:49]
(1) file /tmp/fft_nn/fft_nn.out
[INFO -- 2018-10-10 00:10:49]
(2) set args 32768 /tmp/fft_nn/output_falha.data
[INFO -- 2018-10-10 00:10:49]
initSignal:15
[INFO -- 2018-10-10 00:10:49]
endSignal:20
[INFO -- 2018-10-10 00:10:49]
faultModel:3
[EXCEPTION -- 2018-10-10 00:11:04]
gdbException: Tentativo de desreferenciar um ponteiro genérico.
[INFO -- 2018-10-10 00:11:05]
Backtrace BEGIN:
#0  __mpn_add_1 (s2_limb=17386006723562176900, s1_size=<optimized out>, s1_ptr=<optimized out>, res_ptr=<optimized out>) at ../stdlib/gmp.h:469
#1  str_to_mpn (str=0x7fffffffd016 "e+00", str@entry=0x7fffffffd001 ".35832750797271728516e+00", digcnt=<optimized out>, digcnt@entry=20, n=n@entry=0x7fffffffcf20, nsize=nsize@entry=0x7fffffffcef0, exponent=exponent@entry=0x7fffffffcf00, decimal_len=decimal_len@entry=1, thousands=thousands@entry=0x0, decimal=<optimized out>) at strtod_l.c:421
#2  0x00007ffff7012c2b in __GI_____strtof_l_internal (nptr=<optimized out>, endptr=<optimized out>, group=<optimized out>, loc=<optimized out>) at strtod_l.c:1427
#3  0x00007ffff7011d60 in __GI___strtof_internal (nptr=<optimized out>, endptr=<optimized out>, group=<optimized out>) at strtod.c:54
#4  0x00007ffff702b948 in _IO_vfscanf_internal (s=s@entry=0x6062c0, format=<optimized out>, argptr=argptr@entry=0x7fffffffd408, errp=errp@entry=0x0) at vfscanf.c:2365
#5  0x00007ffff7032162 in __isoc99_fscanf (stream=0x6062c0, format=<optimized out>) at isoc99_fscanf.c:34
#6  0x00007ffff7bcf187 in fann_create_from_fd () from /usr/local/lib/libfann.so.2
#7  0x00007ffff7bcf608 in fann_create_from_file () from /usr/local/lib/libfann.so.2
#8  0x00000000004019b7 in radix2DitCooleyTykeyFft(int, int*, Complex*, Complex*) ()
#9  0x0000000000401631 in main ()

464	in ../stdlib/gmp.h

Backtrace END
Fliping array at pos: 0
Memory content before bitflip:0x010x000x000x000x000x000x000x00
Fault Model: Zero bit-flip
base address to flip value: 0x7fffffffcf10
address max offset: 8
Memory content after  bitflip:0x000x000x000x000x000x000x000x00
frame name: __GI_____strtof_l_internal
symbol name: retval
symbol filename: strtod_l.c
symbol line: 497
value: {0}
value address: 0x7fffffffcf10
Type: The type is an array.
Type sizeof: 8
Field name: None
Field Type: A range type, that is, an integer type with bounds.
Field Type sizeof: 8
Field Type range: (0, 0)

[INFO -- 2018-10-10 00:11:05]
Fault Injection Successful after 16.017444372177124s
[INFO -- 2018-10-10 00:11:09]
event type: exit
[INFO -- 2018-10-10 00:11:09]
exit code: 0
