[INFO -- 2018-12-01 07:17:26]
Starting flip_value script
version: 1.1
[INFO -- 2018-12-01 07:17:26]
Initialization strings:
[INFO -- 2018-12-01 07:17:26]
(1) file /home/lignati/carol-fi/codes/inversefulldup/inversek2j.nn.out
[INFO -- 2018-12-01 07:17:26]
(2) set args /home/lignati/carol-fi/codes/inversefulldup/input_250k /home/lignati/carol-fi/codes/inversefulldup/output_falha.data
[INFO -- 2018-12-01 07:17:26]
initSignal:0
[INFO -- 2018-12-01 07:17:26]
endSignal:25
[INFO -- 2018-12-01 07:17:26]
faultModel:4
[EXCEPTION -- 2018-12-01 07:17:38]
gdbException: Attempt to dereference a generic pointer.
[EXCEPTION -- 2018-12-01 07:17:38]
gdbException: Attempt to dereference a generic pointer.
[EXCEPTION -- 2018-12-01 07:17:38]
gdbException: Attempt to dereference a generic pointer.
[INFO -- 2018-12-01 07:17:38]
Backtrace BEGIN:
#0  0x00007ffff702a90b in _IO_vfscanf_internal (s=s@entry=0x6085c0, format=<optimized out>, argptr=argptr@entry=0x7fffffffcf38, errp=errp@entry=0x0) at vfscanf.c:2020
#1  0x00007ffff7033162 in __isoc99_fscanf (stream=0x6085c0, format=<optimized out>) at isoc99_fscanf.c:34
#2  0x00007ffff7bcac42 in fann_create_from_fd () from /usr/local/lib/libfann.so.2
#3  0x00007ffff7bc8073 in fann_create_from_file () from /usr/local/lib/libfann.so.2
#4  0x0000000000402061 in inversek2j(float, float, float*, float*) ()
#5  0x000000000040179a in main ()

2015	vfscanf.c: No such file or directory.

Backtrace END
Memory content before bitflip:0x000x000x000x00
Fault Model: LSB bit-flip
base address to flip value: 0x7fffffffcd00
address max offset: 4
Memory content after  bitflip:0x000x000x000x01
frame name: _IO_vfscanf_internal
symbol name: flags
symbol filename: vfscanf.c
symbol line: 222
value: 16777216
value address: 0x7fffffffcd00
Type: The type is an integer type.
Type sizeof: 4

[INFO -- 2018-12-01 07:17:38]
Fault Injection Successful after 12.70372200012207s
[INFO -- 2018-12-01 07:17:51]
event type: exit
[INFO -- 2018-12-01 07:17:51]
exit code: 0
