[INFO -- 2018-10-08 10:50:50]
sending 5 signals using command: 'killall -2 fft_nn.out' after 20.7291893331s
[INFO -- 2018-10-08 10:50:52]
sending 5 signals using command: 'killall -2 fft_nn.out' after 22.4625942544s
[INFO -- 2018-10-08 10:50:54]
sending 5 signals using command: 'killall -2 fft_nn.out' after 24.6863194036s
[INFO -- 2018-10-08 10:50:54]
Starting GDB script
[INFO -- 2018-10-08 10:50:54]
initSignal:0.0
[INFO -- 2018-10-08 10:50:54]
endSignal:5.0
[INFO -- 2018-10-08 10:50:57]
sending 5 signals using command: 'killall -2 fft_nn.out' after 3.09946495045s
[INFO -- 2018-10-08 10:50:58]
sending 5 signals using command: 'killall -2 fft_nn.out' after 3.91859784226s
[INFO -- 2018-10-08 10:50:58]
sending 5 signals using command: 'killall -2 fft_nn.out' after 4.06771266579s
[INFO -- 2018-10-08 10:51:14]
Execution finished before waitTime
