[INFO -- 2018-10-09 08:48:13]
sending 5 signals using command: 'killall -2 fft_nn.out' after 20.9570140315s
[INFO -- 2018-10-09 08:48:15]
sending 5 signals using command: 'killall -2 fft_nn.out' after 22.4270504932s
[INFO -- 2018-10-09 08:48:17]
sending 5 signals using command: 'killall -2 fft_nn.out' after 24.7366419896s
[INFO -- 2018-10-09 08:48:17]
Starting GDB script
[INFO -- 2018-10-09 08:48:17]
initSignal:0.0
[INFO -- 2018-10-09 08:48:17]
endSignal:5.0
[INFO -- 2018-10-09 08:48:21]
sending 5 signals using command: 'killall -2 fft_nn.out' after 3.53997491051s
[INFO -- 2018-10-09 08:48:21]
sending 5 signals using command: 'killall -2 fft_nn.out' after 4.05868379329s
[INFO -- 2018-10-09 08:48:22]
sending 5 signals using command: 'killall -2 fft_nn.out' after 4.89566143056s
[INFO -- 2018-10-09 08:48:38]
Execution finished before waitTime
