[INFO -- 2018-12-03 13:10:29]
Starting flip_value script
version: 1.1
[INFO -- 2018-12-03 13:10:29]
Initialization strings:
[INFO -- 2018-12-03 13:10:29]
(1) file /home/latansini/carol-fi/carol-fi/codes/nnfulldup/nn-knl-files/nn
[INFO -- 2018-12-03 13:10:29]
(2) set args /home/latansini/carol-fi/carol-fi/codes/nnfulldup/nn-knl-files/filelist 20 5 5 /home/latansini/carol-fi/carol-fi/codes/nnfulldup/nn-knl-files/out20_5_5
[INFO -- 2018-12-03 13:10:29]
initSignal:0
[INFO -- 2018-12-03 13:10:29]
endSignal:2
[INFO -- 2018-12-03 13:10:29]
faultModel:3
[EXCEPTION -- 2018-12-03 13:10:30]
pythonException: invalid frame
[EXCEPTION -- 2018-12-03 13:10:30]
pythonException: invalid frame
[EXCEPTION -- 2018-12-03 13:10:30]
pythonException: invalid frame
[EXCEPTION -- 2018-12-03 13:10:30]
pythonException: invalid frame
[INFO -- 2018-12-03 13:10:30]
Backtrace BEGIN:
#0  0x00007ffff78d4e4f in ?? () from /usr/lib/x86_64-linux-gnu/libgomp.so.1
#1  0x00007ffff78d3ae9 in ?? () from /usr/lib/x86_64-linux-gnu/libgomp.so.1
#2  0x0000000000400f98 in nn_wrapper (filename=0x7fffffffe7d7 "/home/latansini/carol-fi/carol-fi/codes/nnfulldup/nn-knl-files/filelist", k=20, target_lat=5, target_long=5) at nn.c:97
#3  0x000000000040148d in main (argc=6, argv=0x7fffffffe568) at nn.c:195

168			fclose(logfile);
169		}
170	
171		if(file!= NULL){
172	    		fclose(file);
173		}
174	}
175	
176	int main(int argc, char* argv[]) {
177	    int    k=0;

Backtrace END
Fliping array at pos: 294
Memory content before bitflip:0x31
Fault Model: Zero bit-flip
base address to flip value: 0x7fffffffe2f6 
address max offset: 1
Memory content after  bitflip:0x00
frame name: nn_wrapper
symbol name: sandbox
symbol filename: nn.c
symbol line: 30
value: "1963  5  1 18 12 GORDON     60.6 231.4   10  784\n1988  9 23 12 28 RAFAEL     53.9 277.7  118  472\n2003 12 26  6  1 LESLIE     30.6 332.4  131  579\n1986  6 28 12 22 ISAAC      65.0 313.7   91  583\n1963"...
value address: 0x7fffffffe1d0
Type: The type is an array.
Type sizeof: 490
Field name: None
Field Type: A range type, that is, an integer type with bounds.
Field Type sizeof: 8
Field Type range: (0L, 489L)

[INFO -- 2018-12-03 13:10:30]
Fault Injection Successful after 1.09032201767s
[INFO -- 2018-12-03 13:10:32]
event type: exit
[INFO -- 2018-12-03 13:10:32]
exit code: 0
