[INFO -- 2018-10-10 20:33:03]
sending 5 signals using command: 'killall -2 fft_nn.out' after 21.8699662158s
[INFO -- 2018-10-10 20:33:04]
sending 5 signals using command: 'killall -2 fft_nn.out' after 23.5574969503s
[INFO -- 2018-10-10 20:33:05]
sending 5 signals using command: 'killall -2 fft_nn.out' after 24.4632837177s
[INFO -- 2018-10-10 20:33:05]
Starting GDB script
[INFO -- 2018-10-10 20:33:05]
initSignal:0.0
[INFO -- 2018-10-10 20:33:05]
endSignal:5.0
[INFO -- 2018-10-10 20:33:08]
sending 5 signals using command: 'killall -2 fft_nn.out' after 2.30527063642s
[INFO -- 2018-10-10 20:33:10]
sending 5 signals using command: 'killall -2 fft_nn.out' after 4.84768222988s
[INFO -- 2018-10-10 20:33:10]
sending 5 signals using command: 'killall -2 fft_nn.out' after 4.89899137843s
[INFO -- 2018-10-10 20:33:26]
Execution finished before waitTime
