[INFO -- 2018-12-03 14:01:51]
Starting flip_value script
version: 1.1
[INFO -- 2018-12-03 14:01:51]
Initialization strings:
[INFO -- 2018-12-03 14:01:51]
(1) file /home/latansini/carol-fi/carol-fi/codes/nnfulldup/nn-knl-files/nn
[INFO -- 2018-12-03 14:01:51]
(2) set args /home/latansini/carol-fi/carol-fi/codes/nnfulldup/nn-knl-files/filelist 20 5 5 /home/latansini/carol-fi/carol-fi/codes/nnfulldup/nn-knl-files/out20_5_5
[INFO -- 2018-12-03 14:01:51]
initSignal:0
[INFO -- 2018-12-03 14:01:51]
endSignal:2
[INFO -- 2018-12-03 14:01:51]
faultModel:3
[EXCEPTION -- 2018-12-03 14:01:51]
pythonException: invalid frame
[INFO -- 2018-12-03 14:01:51]
Backtrace BEGIN:
#0  __memcpy_sse2 () at ../sysdeps/x86_64/multiarch/../memcpy.S:172
#1  0x00007ffff7371683 in __GI__IO_file_xsgetn (fp=0x602780, data=<optimized out>, n=490) at fileops.c:1379
#2  0x00007ffff73674ef in __GI__IO_fread (buf=<optimized out>, size=49, count=10, fp=0x602780) at iofread.c:42
#3  0x0000000000400e6f in nn_wrapper (filename=0x7fffffffe7d7 "/home/latansini/carol-fi/carol-fi/codes/nnfulldup/nn-knl-files/filelist", k=20, target_lat=5, target_long=5) at nn.c:69
#4  0x000000000040148d in main (argc=6, argv=0x7fffffffe568) at nn.c:195

167	../sysdeps/x86_64/multiarch/../memcpy.S: No such file or directory.

Backtrace END
Memory content before bitflip:0x000x000xa00x40
Fault Model: Zero bit-flip
base address to flip value: 0x7fffffffe45c
address max offset: 4
Memory content after  bitflip:0x000x000x000x00
frame name: main
symbol name: target_lat
symbol filename: nn.c
symbol line: 178
value: 0
value address: 0x7fffffffe45c
Type: A floating point type.
Type sizeof: 4

[INFO -- 2018-12-03 14:01:51]
Fault Injection Successful after 0.986660003662s
[INFO -- 2018-12-03 14:01:54]
event type: exit
[INFO -- 2018-12-03 14:01:54]
exit code: 0
