[INFO -- 2018-10-16 09:36:17]
Starting flip_value script
version: 1.1
[INFO -- 2018-10-16 09:36:17]
Initialization strings:
[INFO -- 2018-10-16 09:36:17]
(1) file /home/latansini/Desktop/trabalhoftf/carol-fi/sample-code/inverse_nn/inversek2j_nn.out
[INFO -- 2018-10-16 09:36:17]
(2) set args /home/latansini/Desktop/trabalhoftf/carol-fi/sample-code/inverse_nn/input_250k /home/latansini/Desktop/trabalhoftf/carol-fi/sample-code/inverse_nn/output_falha.data
[INFO -- 2018-10-16 09:36:17]
initSignal:4
[INFO -- 2018-10-16 09:36:17]
endSignal:6
[INFO -- 2018-10-16 09:36:17]
faultModel:2
[EXCEPTION -- 2018-10-16 09:36:22]
gdbException: Tentativo de desreferenciar um ponteiro genérico.
[EXCEPTION -- 2018-10-16 09:36:22]
gdbException: Tentativo de desreferenciar um ponteiro genérico.
[INFO -- 2018-10-16 09:36:22]
Backtrace BEGIN:
#0  0x00007ffff702eb69 in _IO_vfscanf_internal (s=s@entry=0x608610, format=<optimized out>, argptr=argptr@entry=0x7fffffffd0d8, errp=errp@entry=0x0) at vfscanf.c:1777
#1  0x00007ffff7032162 in __isoc99_fscanf (stream=0x608610, format=<optimized out>) at isoc99_fscanf.c:34
#2  0x00007ffff7bcf0eb in fann_create_from_fd () from /usr/local/lib/libfann.so.2
#3  0x00007ffff7bcf608 in fann_create_from_file () from /usr/local/lib/libfann.so.2
#4  0x000000000040199e in inversek2j(float, float, float*, float*) ()
#5  0x0000000000401631 in main ()

1772	in vfscanf.c

Backtrace END
Fliping a bit of the pointer
Memory content before bitflip:0x000x000x000x000x000x000x000x00
Fault Model: Random bit-flip
base address to flip value: 0x7fffffffce68
address max offset: 8
Memory content after  bitflip:0x080xca0x120xe70x820xfa0x870x10
frame name: _IO_vfscanf_internal
symbol name: str
symbol filename: vfscanf.c
symbol line: 262
value: 0x0
value address: 0x7fffffffce68
Type: The type is a pointer.
Type sizeof: 8

[INFO -- 2018-10-16 09:36:22]
Fault Injection Successful after 5.906292676925659s
[INFO -- 2018-10-16 09:36:28]
event type: exit
[INFO -- 2018-10-16 09:36:28]
exit code: 0
