[INFO -- 2018-10-12 11:29:15]
sending 5 signals using command: 'killall -2 fft_nn.out' after 21.4770138853s
[INFO -- 2018-10-12 11:29:16]
sending 5 signals using command: 'killall -2 fft_nn.out' after 21.8397766161s
[INFO -- 2018-10-12 11:29:17]
sending 5 signals using command: 'killall -2 fft_nn.out' after 22.8629394082s
[INFO -- 2018-10-12 11:29:17]
Starting GDB script
[INFO -- 2018-10-12 11:29:17]
initSignal:0.0
[INFO -- 2018-10-12 11:29:17]
endSignal:5.0
[INFO -- 2018-10-12 11:29:18]
sending 5 signals using command: 'killall -2 fft_nn.out' after 1.55513479559s
[INFO -- 2018-10-12 11:29:19]
sending 5 signals using command: 'killall -2 fft_nn.out' after 2.32940540331s
[INFO -- 2018-10-12 11:29:21]
sending 5 signals using command: 'killall -2 fft_nn.out' after 4.08162710713s
[INFO -- 2018-10-12 11:29:38]
Execution finished before waitTime
