[INFO -- 2018-10-17 08:57:09]
Starting flip_value script
version: 1.1
[INFO -- 2018-10-17 08:57:09]
Initialization strings:
[INFO -- 2018-10-17 08:57:09]
(1) file /home/latansini/Desktop/trabalhoftf/carol-fi/sample-code/inverse_nn/inversek2j_nn.out
[INFO -- 2018-10-17 08:57:09]
(2) set args /home/latansini/Desktop/trabalhoftf/carol-fi/sample-code/inverse_nn/input_250k /home/latansini/Desktop/trabalhoftf/carol-fi/sample-code/inverse_nn/output_falha.data
[INFO -- 2018-10-17 08:57:09]
initSignal:4
[INFO -- 2018-10-17 08:57:09]
endSignal:6
[INFO -- 2018-10-17 08:57:09]
faultModel:2
[INFO -- 2018-10-17 08:57:14]
Backtrace BEGIN:
#0  0x00007ffff702eb43 in _IO_vfscanf_internal (s=s@entry=0x608610, format=<optimized out>, argptr=argptr@entry=0x7fffffffd0d8, errp=errp@entry=0x0) at vfscanf.c:1777
#1  0x00007ffff7032162 in __isoc99_fscanf (stream=0x608610, format=<optimized out>) at isoc99_fscanf.c:34
#2  0x00007ffff7bcf187 in fann_create_from_fd () from /usr/local/lib/libfann.so.2
#3  0x00007ffff7bcf608 in fann_create_from_file () from /usr/local/lib/libfann.so.2
#4  0x000000000040199e in inversek2j(float, float, float*, float*) ()
#5  0x0000000000401631 in main ()

1772	vfscanf.c: Arquivo ou diretório não encontrado.

Backtrace END
Fliping array at pos: 13
Memory content before bitflip:0x6e
Fault Model: Random bit-flip
base address to flip value: 0x7ffff715cc0d  
address max offset: 1
Memory content after  bitflip:0x05
frame name: _IO_vfscanf_internal
symbol name: __PRETTY_FUNCTION__
symbol filename: vfscanf.c
symbol line: 0
value: "_IO_vfscanf_i\005ternal"
value address: 0x7ffff715cc00 <__PRETTY_FUNCTION__.11925>
Type: The type is an array.
Type sizeof: 21
Field name: None
Field Type: A range type, that is, an integer type with bounds.
Field Type sizeof: 8
Field Type range: (0, 20)

[INFO -- 2018-10-17 08:57:14]
Fault Injection Successful after 5.206399917602539s
[INFO -- 2018-10-17 08:57:19]
event type: exit
[INFO -- 2018-10-17 08:57:19]
exit code: 0
