[INFO -- 2018-10-09 19:29:53]
sending 5 signals using command: 'killall -2 fft_nn.out' after 21.7297407456s
[INFO -- 2018-10-09 19:29:54]
sending 5 signals using command: 'killall -2 fft_nn.out' after 21.891092055s
[INFO -- 2018-10-09 19:29:56]
sending 5 signals using command: 'killall -2 fft_nn.out' after 23.816737261s
[INFO -- 2018-10-09 19:29:56]
Starting GDB script
[INFO -- 2018-10-09 19:29:56]
initSignal:0.0
[INFO -- 2018-10-09 19:29:56]
endSignal:5.0
[INFO -- 2018-10-09 19:29:57]
sending 5 signals using command: 'killall -2 fft_nn.out' after 1.03112527755s
[INFO -- 2018-10-09 19:29:58]
sending 5 signals using command: 'killall -2 fft_nn.out' after 1.93938012178s
[INFO -- 2018-10-09 19:30:00]
sending 5 signals using command: 'killall -2 fft_nn.out' after 3.88426212713s
[INFO -- 2018-10-09 19:30:17]
Execution finished before waitTime
