[INFO -- 2018-10-08 09:05:57]
Starting flip_value script
version: 1.1
[INFO -- 2018-10-08 09:05:57]
Initialization strings:
[INFO -- 2018-10-08 09:05:57]
(1) file /tmp/fft_nn/fft_nn.out
[INFO -- 2018-10-08 09:05:57]
(2) set args 32768 /tmp/fft_nn/output_falha.data
[INFO -- 2018-10-08 09:05:57]
initSignal:10
[INFO -- 2018-10-08 09:05:57]
endSignal:15
[INFO -- 2018-10-08 09:05:57]
faultModel:3
[INFO -- 2018-10-08 09:06:08]
Backtrace BEGIN:
#0  __GI_____strtoul_l_internal (nptr=nptr@entry=0x7fffffffd4c0 "3", endptr=endptr@entry=0x7fffffffd6f0, base=<optimized out>, group=group@entry=0, loc=<optimized out>) at ../stdlib/strtol_l.c:438
#1  0x00007ffff7011410 in __GI___strtoul_internal (nptr=nptr@entry=0x7fffffffd4c0 "3", endptr=endptr@entry=0x7fffffffd6f0, base=<optimized out>, group=group@entry=0) at ../stdlib/strtol.c:97
#2  0x00007ffff7029f02 in _IO_vfscanf_internal (s=s@entry=0x6062c0, format=<optimized out>, argptr=argptr@entry=0x7fffffffd8c8, errp=errp@entry=0x0) at vfscanf.c:1827
#3  0x00007ffff7032162 in __isoc99_fscanf (stream=0x6062c0, format=<optimized out>) at isoc99_fscanf.c:34
#4  0x00007ffff7bcf001 in fann_create_from_fd () from /usr/local/lib/libfann.so.2
#5  0x00007ffff7bcf608 in fann_create_from_file () from /usr/local/lib/libfann.so.2
#6  0x00000000004019b7 in radix2DitCooleyTykeyFft(int, int*, Complex*, Complex*) ()
#7  0x0000000000401631 in main ()

433	../stdlib/strtol_l.c: Arquivo ou diretório não encontrado.

Backtrace END
Fliping a bit of the pointer
Memory content before bitflip:0x000x000x000x000x000x000x000x00
Fault Model: Zero bit-flip
base address to flip value: 0x7fffffffd658
address max offset: 8
Memory content after  bitflip:0x000x000x000x000x000x000x000x00
frame name: _IO_vfscanf_internal
symbol name: str
symbol filename: vfscanf.c
symbol line: 262
value: 0x0
value address: 0x7fffffffd658
Type: The type is a pointer.
Type sizeof: 8

[INFO -- 2018-10-08 09:06:08]
Fault Injection Successful after 11.407200336456299s
[INFO -- 2018-10-08 09:06:16]
event type: exit
[INFO -- 2018-10-08 09:06:16]
exit code: 0
