|0.612761 ,0.607015| |0.438909, 0.430969|
------------------
|1.229938 ,1.246536| |1.328146, 1.449500|
------------------
|0.444365 ,0.465189| |1.267918, 1.272831|
------------------
|0.926291 ,0.585741| |0.303007, 0.364525|
------------------
|0.496017 ,0.636614| |0.726037, 0.759208|
------------------
|0.679419 ,0.685773| |0.959190, 0.960689|
------------------
|0.564943 ,0.566953| |0.125135, 0.125609|
------------------
|1.108003 ,1.107060| |1.382592, 1.381686|
------------------
|0.050861 ,0.051217| |1.540085, 1.540228|
------------------
|0.757358 ,0.757344| |0.920379, 0.920272|
------------------
|1.286125 ,1.293688| |0.244333, 0.245444|
------------------
|1.254555 ,1.247849| |1.053030, 1.014719|
------------------
|0.196658 ,0.197310| |1.370478, 1.371004|
------------------
|1.411540 ,1.426351| |0.784044, 0.790004|
------------------
|0.905638 ,0.905638| |1.369884, 1.382745|
------------------
|0.791381 ,0.820504| |1.388667, 1.555027|
------------------
|0.177890 ,0.106534| |1.294956, 1.259796|
------------------
|0.727743 ,0.737054| |1.250340, 1.251548|
------------------
|0.712938 ,0.589070| |0.422707, 0.492701|
------------------
|0.795854 ,0.797177| |0.164947, 0.164199|
------------------
|0.701308 ,0.701840| |0.128724, 0.128986|
------------------
|1.534595 ,1.534005| |0.303540, 0.303065|
------------------
|0.643561 ,0.643838| |0.363973, 0.366228|
------------------
|0.894583 ,0.893190| |0.735457, 0.712105|
------------------
|1.452580 ,1.452578| |0.509863, 0.509866|
------------------
|0.457232 ,0.457232| |0.141008, 0.141008|
------------------
|1.193893 ,1.194131| |0.611020, 0.611115|
------------------
|1.182292 ,1.172310| |0.287685, 0.280229|
------------------
|1.389636 ,1.389152| |0.863696, 0.855586|
------------------
|1.322034 ,1.322034| |0.348336, 0.332604|
------------------
|0.896648 ,0.938119| |0.125300, 0.141927|
------------------
|1.117780 ,1.118634| |1.052679, 1.053023|
------------------
|0.035384 ,0.035581| |0.119885, 0.121008|
------------------
|1.346565 ,1.346423| |0.161845, 0.161776|
------------------
|1.552483 ,1.551777| |1.169627, 1.209869|
------------------
|0.387622 ,0.388672| |0.498190, 0.498001|
------------------
|0.287063 ,0.276829| |0.152838, 0.138695|
------------------
|0.196562 ,0.135668| |0.382615, 0.298459|
------------------
|1.540692 ,1.520621| |0.350071, 0.382502|
------------------
|0.625963 ,0.636875| |0.569059, 0.571633|
------------------
|0.098367 ,0.098367| |0.333316, -0.091012|
------------------
|0.196381 ,0.206033| |0.282953, 0.277499|
------------------
|0.381381 ,0.381359| |1.289691, 1.289660|
------------------
|0.251296 ,0.229483| |1.095358, 1.074408|
------------------
|1.217430 ,1.217610| |1.485941, 1.486086|
------------------
|0.063089 ,0.063117| |1.459731, 1.459742|
------------------
|0.669775 ,0.672700| |0.210864, 0.209211|
------------------
|300.000000 ,0.084225| |0.802797, 0.802797|
------------------
|1.523854 ,1.498287| |0.654180, 0.653260|
------------------
|0.546608 ,0.558955| |1.364922, 1.364922|
------------------
|0.977719 ,0.950445| |0.319848, 0.313413|
------------------
|1.427710 ,1.426215| |0.137758, 0.136553|
------------------
|1.101157 ,1.060626| |0.141650, 0.132947|
------------------
|0.582785 ,0.503472| |1.182110, 1.143029|
------------------
|1.350328 ,1.350328| |0.699802, 0.699802|
------------------
|0.458334 ,0.458334| |0.782969, 0.782969|
|1.329071 ,1.329071| |0.452206, 0.452206|
|0.948692 ,0.948692| |0.130714, 0.130714|
|0.488840 ,0.492816| |0.327381, 0.337339|
------------------
|0.194919 ,0.237848| |0.504055, 0.503482|
------------------
|1.405082 ,1.405787| |1.525033, 1.524049|
------------------
|1.404404 ,1.404800| |1.436325, 1.434317|
------------------
|0.619249 ,0.619904| |1.345540, 1.342847|
------------------
|0.181553 ,0.105989| |0.656079, 0.625783|
------------------
|1.189683 ,1.192209| |1.082052, 1.062370|
------------------
|1.464828 ,1.494513| |1.497965, 1.470242|
------------------
|1.087016 ,1.087021| |0.288010, 0.288013|
------------------
|1.574046 ,1.573935| |1.444231, 1.444410|
------------------
|0.141208 ,0.141209| |0.946104, 0.946105|
------------------
|1.420485 ,1.420496| |1.296855, 1.296860|
------------------
|1.414425 ,1.286087| |0.149027, 0.149027|
------------------
|1.132082 ,1.127231| |0.670032, 0.804534|
------------------
|1.378087 ,0.827844| |0.578588, 1.092479|
------------------
|1.384249 ,1.384249| |1.210980, 1.192001|
------------------
|1.164184 ,1.173382| |0.123719, 0.122057|
------------------
|1.466345 ,1.508768| |0.540516, 0.540516|
------------------
|1.013410 ,1.015647| |1.007815, 1.005726|
------------------
|0.331708 ,0.308158| |0.486616, 0.475012|
------------------
|1.073718 ,1.073718| |1.447345, 1.385304|
------------------
|0.280280 ,0.283849| |0.113884, 0.153217|
------------------
|0.224259 ,0.225625| |0.777384, 0.777137|
------------------
|0.767069 ,0.767062| |0.164588, 0.164586|
------------------
|0.749181 ,0.855730| |0.092573, 0.239824|
------------------
|1.358026 ,1.353167| |0.242248, 0.243126|
------------------
|1.159116 ,1.154794| |1.575067, 1.502633|
------------------
|1.388314 ,1.388314| |1.908540, 0.828475|
------------------
|1.132201 ,1.139066| |0.636104, 0.645592|
------------------
|1.614087 ,1.249923| |-0.672333, 0.424418|
------------------
|0.104133 ,0.104141| |1.279668, 1.279811|
------------------
|1.394735 ,1.329790| |0.293697, 0.261695|
------------------
|1.490471 ,1.492474| |0.286467, 0.289235|
------------------
|1.344390 ,1.337605| |1.254349, 1.251619|
------------------
|0.447476 ,0.516306| |1.289988, 1.289988|
------------------
|1.299654 ,1.302589| |0.830897, 0.832078|
------------------
|0.933903 ,0.936685| |1.358436, 1.360717|
------------------
|0.881937 ,0.881939| |0.314319, 0.314338|
------------------
|0.108916 ,0.098789| |0.495383, 0.492994|
------------------
|0.050542 ,0.043250| |0.733951, 0.611727|
------------------
|0.280132 ,0.252033| |1.359681, 1.337024|
------------------
|0.263822 ,0.255088| |1.056178, 1.047789|
------------------
