[INFO -- 2018-10-17 12:14:33]
Starting flip_value script
version: 1.1
[INFO -- 2018-10-17 12:14:33]
Initialization strings:
[INFO -- 2018-10-17 12:14:33]
(1) file /home/latansini/Desktop/trabalhoftf/carol-fi/sample-code/inverse_nn/inversek2j_nn.out
[INFO -- 2018-10-17 12:14:33]
(2) set args /home/latansini/Desktop/trabalhoftf/carol-fi/sample-code/inverse_nn/input_250k /home/latansini/Desktop/trabalhoftf/carol-fi/sample-code/inverse_nn/output_falha.data
[INFO -- 2018-10-17 12:14:33]
initSignal:4
[INFO -- 2018-10-17 12:14:33]
endSignal:6
[INFO -- 2018-10-17 12:14:33]
faultModel:2
[INFO -- 2018-10-17 12:14:37]
Backtrace BEGIN:
#0  _IO_vfscanf_internal (s=s@entry=0x608610, format=<optimized out>, argptr=argptr@entry=0x7fffffffd0d8, errp=errp@entry=0x0) at vfscanf.c:435
#1  0x00007ffff7032162 in __isoc99_fscanf (stream=0x608610, format=<optimized out>) at isoc99_fscanf.c:34
#2  0x00007ffff7bcec94 in fann_create_from_fd () from /usr/local/lib/libfann.so.2
#3  0x00007ffff7bcf608 in fann_create_from_file () from /usr/local/lib/libfann.so.2
#4  0x000000000040199e in inversek2j(float, float, float*, float*) ()
#5  0x0000000000401631 in main ()

430	vfscanf.c: Arquivo ou diretório não encontrado.

Backtrace END
Memory content before bitflip:0x000x010x000x000x000x000x000x00
Fault Model: Random bit-flip
base address to flip value: 0x7fffffffceb0
address max offset: 8
Memory content after  bitflip:0x420x1f0x300xad0x2a0xbb0xbc0x5a
frame name: _IO_vfscanf_internal
symbol name: wpmax
symbol filename: vfscanf.c
symbol line: 273
value: 6538306551003750210
value address: 0x7fffffffceb0
Type: The type is an integer type.
Type sizeof: 8

[INFO -- 2018-10-17 12:14:37]
Fault Injection Successful after 4.976765871047974s
[INFO -- 2018-10-17 12:14:44]
event type: exit
[INFO -- 2018-10-17 12:14:44]
exit code: 0
