[INFO -- 2018-10-16 17:18:06]
Starting flip_value script
version: 1.1
[INFO -- 2018-10-16 17:18:06]
Initialization strings:
[INFO -- 2018-10-16 17:18:06]
(1) file /home/latansini/Desktop/trabalhoftf/carol-fi/sample-code/inverse_nn/inversek2j_nn.out
[INFO -- 2018-10-16 17:18:06]
(2) set args /home/latansini/Desktop/trabalhoftf/carol-fi/sample-code/inverse_nn/input_250k /home/latansini/Desktop/trabalhoftf/carol-fi/sample-code/inverse_nn/output_falha.data
[INFO -- 2018-10-16 17:18:06]
initSignal:0
[INFO -- 2018-10-16 17:18:06]
endSignal:2
[INFO -- 2018-10-16 17:18:06]
faultModel:0
[INFO -- 2018-10-16 17:18:07]
Backtrace BEGIN:
#0  0x00007ffff7028716 in _IO_vfscanf_internal (s=s@entry=0x608610, format=0x7ffff7bd3da5 "(%u, %f) ", argptr=argptr@entry=0x7fffffffd0d8, errp=errp@entry=0x0) at vfscanf.c:358
#1  0x00007ffff7032162 in __isoc99_fscanf (stream=0x608610, format=<optimized out>) at isoc99_fscanf.c:34
#2  0x00007ffff7bcf187 in fann_create_from_fd () from /usr/local/lib/libfann.so.2
#3  0x00007ffff7bcf608 in fann_create_from_file () from /usr/local/lib/libfann.so.2
#4  0x000000000040199e in inversek2j(float, float, float*, float*) ()
#5  0x0000000000401631 in main ()

353	vfscanf.c: Arquivo ou diretório não encontrado.

Backtrace END
Fliping array at pos: 2
Memory content before bitflip:0x4f
Fault Model: Single bit-flip
base address to flip value: 0x7ffff715cc02  
address max offset: 1
Memory content after  bitflip:0x0f
frame name: _IO_vfscanf_internal
symbol name: __PRETTY_FUNCTION__
symbol filename: vfscanf.c
symbol line: 0
value: "_I\017_vfscanf_internal"
value address: 0x7ffff715cc00 <__PRETTY_FUNCTION__.11925>
Type: The type is an array.
Type sizeof: 21
Field name: None
Field Type: A range type, that is, an integer type with bounds.
Field Type sizeof: 8
Field Type range: (0, 20)

[INFO -- 2018-10-16 17:18:07]
Fault Injection Successful after 1.5816686153411865s
[INFO -- 2018-10-16 17:18:16]
event type: exit
[INFO -- 2018-10-16 17:18:16]
exit code: 0
