[INFO -- 2018-12-09 19:04:33]
Starting flip_value script
version: 1.1
[INFO -- 2018-12-09 19:04:33]
Initialization strings:
[INFO -- 2018-12-09 19:04:33]
(1) file /home/melkor/ETAPA2/dup_nn/nn-knl-files/nn
[INFO -- 2018-12-09 19:04:33]
(2) set args /home/melkor/ETAPA2/dup_nn/nn-knl-files/filelist 20 5 5 /home/melkor/ETAPA2/dup_nn/nn-knl-files/out20_5_5
[INFO -- 2018-12-09 19:04:33]
initSignal:0
[INFO -- 2018-12-09 19:04:33]
endSignal:1
[INFO -- 2018-12-09 19:04:33]
faultModel:2
[EXCEPTION -- 2018-12-09 19:04:33]
pythonException: invalid frame
[INFO -- 2018-12-09 19:04:33]
Backtrace BEGIN:
#0  0x00007ffff7821093 in ?? () from /usr/lib/x86_64-linux-gnu/libgomp.so.1
#1  0x00007ffff781fda9 in ?? () from /usr/lib/x86_64-linux-gnu/libgomp.so.1
#2  0x00005555555555ed in main (argc=6, argv=0x7fffffffded8) at nn.c:196

78	
79	// onde tem OBS é onde mudei algo pra duplicação
80	
81	
82	int main(int argc, char* argv[]) {
83	    FILE   *flist,*fp;
84	    int    i=0,j=0, k=0, rec_count=0, done=0;
85	    char   sandbox[REC_LENGTH * REC_WINDOW], *rec_iter,*rec_iter2, dbname[64];
86	    struct neighbor *neighbors = NULL;
87	    float target_lat, target_long, tmp_lat=0, tmp_long=0;

Backtrace END
Memory content before bitflip:0x140x000x000x00
Fault Model: Random bit-flip
base address to flip value: 0x7fffffffdb2c
address max offset: 4
Memory content after  bitflip:0x630xa90xb20x96
frame name: main
symbol name: k_dup
symbol filename: nn.c
symbol line: 93
value: -1766676125
value address: 0x7fffffffdb2c
Type: The type is an integer type.
Type sizeof: 4

[INFO -- 2018-12-09 19:04:33]
Fault Injection Successful after 0.8858377933502197s
[INFO -- 2018-12-09 19:04:34]
event type: exit
[INFO -- 2018-12-09 19:04:34]
exit code: 0
