[INFO -- 2018-10-08 19:12:10]
sending 5 signals using command: 'killall -2 fft_nn.out' after 22.5077836262s
[INFO -- 2018-10-08 19:12:10]
sending 5 signals using command: 'killall -2 fft_nn.out' after 22.6363982764s
[INFO -- 2018-10-08 19:12:11]
sending 5 signals using command: 'killall -2 fft_nn.out' after 23.2055045911s
[INFO -- 2018-10-08 19:12:11]
Starting GDB script
[INFO -- 2018-10-08 19:12:11]
initSignal:0.0
[INFO -- 2018-10-08 19:12:11]
endSignal:5.0
[INFO -- 2018-10-08 19:12:11]
sending 5 signals using command: 'killall -2 fft_nn.out' after 0.691466805982s
[INFO -- 2018-10-08 19:12:12]
sending 5 signals using command: 'killall -2 fft_nn.out' after 0.881427014064s
[INFO -- 2018-10-08 19:12:15]
sending 5 signals using command: 'killall -2 fft_nn.out' after 4.10553230683s
[INFO -- 2018-10-08 19:12:32]
Execution finished before waitTime
