[INFO -- 2018-12-01 18:44:47]
Starting flip_value script
version: 1.1
[INFO -- 2018-12-01 18:44:47]
Initialization strings:
[INFO -- 2018-12-01 18:44:47]
(1) file /home/latansini/Desktop/CAROL-FI/etapa2/carol-fi/codes/fftfulldup/fft_nn.out
[INFO -- 2018-12-01 18:44:47]
(2) set args 32768 /home/latansini/Desktop/CAROL-FI/etapa2/carol-fi/codes/fftfulldup/output.data
[INFO -- 2018-12-01 18:44:47]
initSignal:0
[INFO -- 2018-12-01 18:44:47]
endSignal:40
[INFO -- 2018-12-01 18:44:47]
faultModel:4
[INFO -- 2018-12-01 18:45:02]
Backtrace BEGIN:
#0  _IO_vfscanf_internal (s=s@entry=0x618f00, format=<optimized out>, argptr=argptr@entry=0x7fffffffd2a8, errp=errp@entry=0x0) at vfscanf.c:469
#1  0x00007ffff6fb5162 in __isoc99_fscanf (stream=0x618f00, format=<optimized out>) at isoc99_fscanf.c:34
#2  0x00007ffff7bcf187 in fann_create_from_fd () from /usr/local/lib/libfann.so.2
#3  0x00007ffff7bcf608 in fann_create_from_file () from /usr/local/lib/libfann.so.2
#4  0x0000000000401de7 in radix2DitCooleyTykeyFft(int, int*, Complex*, Complex*) ()
#5  0x0000000000401857 in main ()

464	vfscanf.c: Arquivo ou diretório não encontrado.

Backtrace END
Fliping a bit of the pointer
Memory content before bitflip:0x000x000x000x000x000x000x000x00
Fault Model: LSB bit-flip
base address to flip value: 0x7fffffffd0b8
address max offset: 8
Memory content after  bitflip:0x000x000x000x000x000x000x000x10
frame name: _IO_vfscanf_internal
symbol name: wstr
symbol filename: vfscanf.c
symbol line: 263
value: 0x0
value address: 0x7fffffffd0b8
Type: The type is a pointer.
Type sizeof: 8

[INFO -- 2018-12-01 18:45:02]
Fault Injection Successful after 15.970324516296387s
[INFO -- 2018-12-01 18:45:27]
event type: exit
[INFO -- 2018-12-01 18:45:27]
exit code: 0
