[INFO -- 2018-10-12 05:11:03]
sending 5 signals using command: 'killall -2 fft_nn.out' after 21.5964586678s
[INFO -- 2018-10-12 05:11:04]
sending 5 signals using command: 'killall -2 fft_nn.out' after 21.9036814732s
[INFO -- 2018-10-12 05:11:06]
sending 5 signals using command: 'killall -2 fft_nn.out' after 24.2643553966s
[INFO -- 2018-10-12 05:11:06]
Starting GDB script
[INFO -- 2018-10-12 05:11:06]
initSignal:0.0
[INFO -- 2018-10-12 05:11:06]
endSignal:5.0
[INFO -- 2018-10-12 05:11:09]
sending 5 signals using command: 'killall -2 fft_nn.out' after 2.53337052347s
[INFO -- 2018-10-12 05:11:09]
sending 5 signals using command: 'killall -2 fft_nn.out' after 2.66390579784s
[INFO -- 2018-10-12 05:11:10]
sending 5 signals using command: 'killall -2 fft_nn.out' after 4.0772381636s
[INFO -- 2018-10-12 05:11:27]
Execution finished before waitTime
