[INFO -- 2018-12-01 01:36:34]
Starting flip_value script
version: 1.1
[INFO -- 2018-12-01 01:36:34]
Initialization strings:
[INFO -- 2018-12-01 01:36:34]
(1) file /home/lignati/carol-fi/codes/inversefulldup/inversek2j.nn.out
[INFO -- 2018-12-01 01:36:34]
(2) set args /home/lignati/carol-fi/codes/inversefulldup/input_250k /home/lignati/carol-fi/codes/inversefulldup/output_falha.data
[INFO -- 2018-12-01 01:36:34]
initSignal:0
[INFO -- 2018-12-01 01:36:34]
endSignal:25
[INFO -- 2018-12-01 01:36:34]
faultModel:0
[INFO -- 2018-12-01 01:36:39]
Backtrace BEGIN:
#0  strlen () at ../sysdeps/x86_64/strlen.S:108
#1  0x00007ffff701359b in __GI_____strtof_l_internal (nptr=0x7fffffffcb30 "2.49602794647216796875e-01", endptr=0x7fffffffcd60, group=<optimized out>, loc=0x7ffff7398060 <_nl_global_locale>) at strtod_l.c:572
#2  0x00007ffff7012d60 in __GI___strtof_internal (nptr=<optimized out>, endptr=<optimized out>, group=<optimized out>) at strtod.c:54
#3  0x00007ffff702c948 in _IO_vfscanf_internal (s=s@entry=0x6085c0, format=<optimized out>, argptr=argptr@entry=0x7fffffffcf38, errp=errp@entry=0x0) at vfscanf.c:2365
#4  0x00007ffff7033162 in __isoc99_fscanf (stream=0x6085c0, format=<optimized out>) at isoc99_fscanf.c:34
#5  0x00007ffff7bcac42 in fann_create_from_fd () from /usr/local/lib/libfann.so.2
#6  0x00007ffff7bc8073 in fann_create_from_file () from /usr/local/lib/libfann.so.2
#7  0x0000000000402061 in inversek2j(float, float, float*, float*) ()
#8  0x000000000040179a in main ()

103	../sysdeps/x86_64/strlen.S: No such file or directory.

Backtrace END
Fliping array at pos: 0
Memory content before bitflip:0x000x000x000x000x000x000x000x08
Fault Model: Single bit-flip
base address to flip value: 0x7fffffffca50
address max offset: 8
Memory content after  bitflip:0x000x000x080x000x000x000x000x08
frame name: __GI_____strtof_l_internal
symbol name: num
symbol filename: strtod_l.c
symbol line: 485
value: {576460752303947776, 1921148272231221199, 1, 3146391, 16205586, 2621439, 16221432, 10778252, 2490654, 0}
value address: 0x7fffffffca50
Type: The type is an array.
Type sizeof: 80
Field name: None
Field Type: A range type, that is, an integer type with bounds.
Field Type sizeof: 8
Field Type range: (0, 9)

[INFO -- 2018-12-01 01:36:39]
Fault Injection Successful after 5.475930213928223s
[INFO -- 2018-12-01 01:36:59]
event type: exit
[INFO -- 2018-12-01 01:36:59]
exit code: 0
