[INFO -- 2018-10-17 14:27:29]
Starting flip_value script
version: 1.1
[INFO -- 2018-10-17 14:27:29]
Initialization strings:
[INFO -- 2018-10-17 14:27:29]
(1) file /home/latansini/Desktop/trabalhoftf/carol-fi/sample-code/inverse_nn/inversek2j_nn.out
[INFO -- 2018-10-17 14:27:29]
(2) set args /home/latansini/Desktop/trabalhoftf/carol-fi/sample-code/inverse_nn/input_250k /home/latansini/Desktop/trabalhoftf/carol-fi/sample-code/inverse_nn/output_falha.data
[INFO -- 2018-10-17 14:27:29]
initSignal:8
[INFO -- 2018-10-17 14:27:29]
endSignal:10
[INFO -- 2018-10-17 14:27:29]
faultModel:4
[INFO -- 2018-10-17 14:27:37]
Backtrace BEGIN:
#0  0x00007ffff7012395 in round_and_return (retval=0x7fffffffcbe0, exponent=3, negative=negative@entry=0, round_limb=round_limb@entry=1023003210668834816, round_bit=<optimized out>, more_bits=1) at strtod_l.c:315
#1  0x00007ffff7013332 in __GI_____strtof_l_internal (nptr=<optimized out>, endptr=<optimized out>, group=<optimized out>, loc=<optimized out>) at strtod_l.c:1613
#2  0x00007ffff7011d60 in __GI___strtof_internal (nptr=<optimized out>, endptr=<optimized out>, group=<optimized out>) at strtod.c:54
#3  0x00007ffff702b948 in _IO_vfscanf_internal (s=s@entry=0x608610, format=<optimized out>, argptr=argptr@entry=0x7fffffffd0d8, errp=errp@entry=0x0) at vfscanf.c:2365
#4  0x00007ffff7032162 in __isoc99_fscanf (stream=0x608610, format=<optimized out>) at isoc99_fscanf.c:34
#5  0x00007ffff7bcf187 in fann_create_from_fd () from /usr/local/lib/libfann.so.2
#6  0x00007ffff7bcf608 in fann_create_from_file () from /usr/local/lib/libfann.so.2
#7  0x000000000040199e in inversek2j(float, float, float*, float*) ()
#8  0x0000000000401631 in main ()

310	strtod_l.c: Arquivo ou diretório não encontrado.

Backtrace END
Memory content before bitflip:0x000x010x000x000x000x000x000x00
Fault Model: LSB bit-flip
base address to flip value: 0x7fffffffceb0
address max offset: 8
Memory content after  bitflip:0x000x010x000x000x000x000x000x80
frame name: _IO_vfscanf_internal
symbol name: wpmax
symbol filename: vfscanf.c
symbol line: 273
value: 9223372036854776064
value address: 0x7fffffffceb0
Type: The type is an integer type.
Type sizeof: 8

[INFO -- 2018-10-17 14:27:37]
Fault Injection Successful after 8.367437362670898s
[INFO -- 2018-10-17 14:27:39]
event type: exit
[INFO -- 2018-10-17 14:27:39]
exit code: 0
