[INFO -- 2018-11-30 14:05:47]
Starting flip_value script
version: 1.1
[INFO -- 2018-11-30 14:05:47]
Initialization strings:
[INFO -- 2018-11-30 14:05:47]
(1) file /home/lignati/carol-fi/codes/inversefulldup/inversek2j.nn.out
[INFO -- 2018-11-30 14:05:47]
(2) set args /home/lignati/carol-fi/codes/inversefulldup/input_250k /home/lignati/carol-fi/codes/inversefulldup/output_falha.data
[INFO -- 2018-11-30 14:05:47]
initSignal:0
[INFO -- 2018-11-30 14:05:47]
endSignal:25
[INFO -- 2018-11-30 14:05:47]
faultModel:4
[INFO -- 2018-11-30 14:06:04]
Backtrace BEGIN:
#0  0x00007ffff70330ca in __isoc99_fscanf (stream=0x11c818b0, format=0x7ffff7bd55ac "(%u, %f) ") at isoc99_fscanf.c:26
#1  0x00007ffff7bcac42 in fann_create_from_fd () from /usr/local/lib/libfann.so.2
#2  0x00007ffff7bc8073 in fann_create_from_file () from /usr/local/lib/libfann.so.2
#3  0x0000000000402061 in inversek2j(float, float, float*, float*) ()
#4  0x00000000004019dd in main ()

21	isoc99_fscanf.c: No such file or directory.

Backtrace END
Fliping array at pos: 0
Fliping value of field: fp_offset
Memory content before bitflip:0x300x000x000x00
Fault Model: LSB bit-flip
base address to flip value: 0x7fffffffcf3c
address max offset: 4
Memory content after  bitflip:0x300x000x000x08
frame name: __isoc99_fscanf
symbol name: arg
symbol filename: isoc99_fscanf.c
symbol line: 27
value: {{gp_offset = 16, fp_offset = 134217776, overflow_arg_area = 0x7fffffffd010, reg_save_area = 0x7fffffffcf50}}
value address: 0x7fffffffcf38
Type: The type is an array.
Type sizeof: 24

[INFO -- 2018-11-30 14:06:04]
Fault Injection Successful after 17.212562322616577s
[INFO -- 2018-11-30 14:06:12]
event type: exit
[INFO -- 2018-11-30 14:06:12]
exit code: 0
