[INFO -- 2018-12-01 14:34:56]
Starting flip_value script
version: 1.1
[INFO -- 2018-12-01 14:34:56]
Initialization strings:
[INFO -- 2018-12-01 14:34:56]
(1) file /home/lignati/carol-fi/codes/inversefulldup/inversek2j.nn.out
[INFO -- 2018-12-01 14:34:56]
(2) set args /home/lignati/carol-fi/codes/inversefulldup/input_250k /home/lignati/carol-fi/codes/inversefulldup/output_falha.data
[INFO -- 2018-12-01 14:34:56]
initSignal:0
[INFO -- 2018-12-01 14:34:56]
endSignal:25
[INFO -- 2018-12-01 14:34:56]
faultModel:3
[INFO -- 2018-12-01 14:35:02]
Backtrace BEGIN:
#0  strlen () at ../sysdeps/x86_64/strlen.S:112
#1  0x00007ffff701359b in __GI_____strtof_l_internal (nptr=0x7fffffffcb30 "5.", '0' <repeats 20 times>, "e-01", endptr=0x7fffffffcd60, group=<optimized out>, loc=0x7ffff7398060 <_nl_global_locale>) at strtod_l.c:572
#2  0x00007ffff7012d60 in __GI___strtof_internal (nptr=<optimized out>, endptr=<optimized out>, group=<optimized out>) at strtod.c:54
#3  0x00007ffff702c948 in _IO_vfscanf_internal (s=s@entry=0x6085c0, format=<optimized out>, argptr=argptr@entry=0x7fffffffcf38, errp=errp@entry=0x0) at vfscanf.c:2365
#4  0x00007ffff7033162 in __isoc99_fscanf (stream=0x6085c0, format=<optimized out>) at isoc99_fscanf.c:34
#5  0x00007ffff7bcaadf in fann_create_from_fd () from /usr/local/lib/libfann.so.2
#6  0x00007ffff7bc8073 in fann_create_from_file () from /usr/local/lib/libfann.so.2
#7  0x0000000000402061 in inversek2j(float, float, float*, float*) ()
#8  0x000000000040179a in main ()

107	../sysdeps/x86_64/strlen.S: No such file or directory.

Backtrace END
Fliping array at pos: 5
Memory content before bitflip:0xff0xff0x270x000x000x000x000x00
Fault Model: Zero bit-flip
base address to flip value: 0x7fffffffca78
address max offset: 8
Memory content after  bitflip:0x000x000x000x000x000x000x000x00
frame name: __GI_____strtof_l_internal
symbol name: num
symbol filename: strtod_l.c
symbol line: 485
value: {5764607523034234880, 6250000093132257461, 1, 3146391, 16205586, 0, 16221432, 10778252, 2490654, 0}
value address: 0x7fffffffca50
Type: The type is an array.
Type sizeof: 80
Field name: None
Field Type: A range type, that is, an integer type with bounds.
Field Type sizeof: 8
Field Type range: (0, 9)

[INFO -- 2018-12-01 14:35:02]
Fault Injection Successful after 6.086098670959473s
[INFO -- 2018-12-01 14:35:21]
event type: exit
[INFO -- 2018-12-01 14:35:21]
exit code: 0
