[INFO -- 2018-10-10 05:48:25]
sending 5 signals using command: 'killall -2 fft_nn.out' after 21.2763786727s
[INFO -- 2018-10-10 05:48:25]
sending 5 signals using command: 'killall -2 fft_nn.out' after 21.3298558055s
[INFO -- 2018-10-10 05:48:25]
sending 5 signals using command: 'killall -2 fft_nn.out' after 21.4946451158s
[INFO -- 2018-10-10 05:48:25]
Starting GDB script
[INFO -- 2018-10-10 05:48:25]
initSignal:0.0
[INFO -- 2018-10-10 05:48:25]
endSignal:5.0
[INFO -- 2018-10-10 05:48:26]
sending 5 signals using command: 'killall -2 fft_nn.out' after 0.284141465776s
[INFO -- 2018-10-10 05:48:27]
sending 5 signals using command: 'killall -2 fft_nn.out' after 1.60545406769s
[INFO -- 2018-10-10 05:48:30]
sending 5 signals using command: 'killall -2 fft_nn.out' after 4.53815701402s
[INFO -- 2018-10-10 05:48:46]
Execution finished before waitTime
