[INFO -- 2018-12-09 15:28:18]
Starting flip_value script
version: 1.1
[INFO -- 2018-12-09 15:28:18]
Initialization strings:
[INFO -- 2018-12-09 15:28:18]
(1) file /home/melkor/ETAPA2/dup_nn/nn-knl-files/nn
[INFO -- 2018-12-09 15:28:18]
(2) set args /home/melkor/ETAPA2/dup_nn/nn-knl-files/filelist 20 5 5 /home/melkor/ETAPA2/dup_nn/nn-knl-files/out20_5_5
[INFO -- 2018-12-09 15:28:18]
initSignal:0
[INFO -- 2018-12-09 15:28:18]
endSignal:1
[INFO -- 2018-12-09 15:28:18]
faultModel:2
[EXCEPTION -- 2018-12-09 15:28:18]
pythonException: invalid frame
[EXCEPTION -- 2018-12-09 15:28:18]
pythonException: invalid frame
[INFO -- 2018-12-09 15:28:18]
Backtrace BEGIN:
#0  0x00007ffff78210d3 in ?? () from /usr/lib/x86_64-linux-gnu/libgomp.so.1
#1  0x00007ffff781fda9 in ?? () from /usr/lib/x86_64-linux-gnu/libgomp.so.1
#2  0x00005555555555ed in main (argc=6, argv=0x7fffffffdf08) at nn.c:196

68	      fclose(logfile);
69	    }
70		
71		
72		if(file != NULL){	// isso aqui tava dando segfault
73			fclose(file);
74		}
75		
76	}
77	

Backtrace END
Memory content before bitflip:0x350x080x0a0x000x000x000x000x00
Fault Model: Random bit-flip
base address to flip value: 0x7fffffffdb78
address max offset: 8
Memory content after  bitflip:0xb40xd50x920x1b0x0b0x920xbc0xe2
frame name: main
symbol name: rec_sum
symbol filename: nn.c
symbol line: 89
value: -2108649949111331404
value address: 0x7fffffffdb78
Type: The type is an integer type.
Type sizeof: 8

[INFO -- 2018-12-09 15:28:18]
Fault Injection Successful after 0.6092493534088135s
[INFO -- 2018-12-09 15:28:18]
event type: exit
[INFO -- 2018-12-09 15:28:18]
exit code: 0
