[INFO -- 2018-10-08 19:53:12]
Starting flip_value script
version: 1.1
[INFO -- 2018-10-08 19:53:12]
Initialization strings:
[INFO -- 2018-10-08 19:53:12]
(1) file /tmp/fft_nn/fft_nn.out
[INFO -- 2018-10-08 19:53:12]
(2) set args 32768 /tmp/fft_nn/output_falha.data
[INFO -- 2018-10-08 19:53:12]
initSignal:0
[INFO -- 2018-10-08 19:53:12]
endSignal:5
[INFO -- 2018-10-08 19:53:12]
faultModel:0
[INFO -- 2018-10-08 19:53:16]
Backtrace BEGIN:
#0  0x00007ffff702985f in _IO_vfscanf_internal (s=s@entry=0x6062c0, format=<optimized out>, argptr=argptr@entry=0x7fffffffd408, errp=errp@entry=0x0) at vfscanf.c:2013
#1  0x00007ffff7032162 in __isoc99_fscanf (stream=0x6062c0, format=<optimized out>) at isoc99_fscanf.c:34
#2  0x00007ffff7bcf0eb in fann_create_from_fd () from /usr/local/lib/libfann.so.2
#3  0x00007ffff7bcf608 in fann_create_from_file () from /usr/local/lib/libfann.so.2
#4  0x00000000004019b7 in radix2DitCooleyTykeyFft(int, int*, Complex*, Complex*) ()
#5  0x0000000000401631 in main ()

2008	vfscanf.c: Arquivo ou diretório não encontrado.

Backtrace END
Fliping array at pos: 2
Memory content before bitflip:0x4f
Fault Model: Single bit-flip
base address to flip value: 0x7ffff715cc02  
address max offset: 1
Memory content after  bitflip:0x4e
frame name: _IO_vfscanf_internal
symbol name: __PRETTY_FUNCTION__
symbol filename: vfscanf.c
symbol line: 0
value: "_IN_vfscanf_internal"
value address: 0x7ffff715cc00 <__PRETTY_FUNCTION__.11925>
Type: The type is an array.
Type sizeof: 21
Field name: None
Field Type: A range type, that is, an integer type with bounds.
Field Type sizeof: 8
Field Type range: (0, 20)

[INFO -- 2018-10-08 19:53:16]
Fault Injection Successful after 4.355804204940796s
[INFO -- 2018-10-08 19:53:33]
event type: exit
[INFO -- 2018-10-08 19:53:33]
exit code: 0
