[INFO -- 2018-10-18 13:05:47]
Starting flip_value script
version: 1.1
[INFO -- 2018-10-18 13:05:47]
Initialization strings:
[INFO -- 2018-10-18 13:05:47]
(1) file /home/latansini/Desktop/trabalhoftf/carol-fi/sample-code/knn/nn-knl-files/nn
[INFO -- 2018-10-18 13:05:47]
(2) set args /home/latansini/Desktop/trabalhoftf/carol-fi/sample-code/knn/nn-knl-files/filelist 15 25 25 /home/latansini/Desktop/trabalhoftf/carol-fi/sample-code/knn/nn-knl-files/out15_25_25
[INFO -- 2018-10-18 13:05:47]
initSignal:3
[INFO -- 2018-10-18 13:05:47]
endSignal:4
[INFO -- 2018-10-18 13:05:47]
faultModel:3
[INFO -- 2018-10-18 13:05:50]
Backtrace BEGIN:
#0  0x00007ffff72f7e38 in __mpn_construct_double (frac_ptr=frac_ptr@entry=0x7fffffffd080, expt=<optimized out>, negative=negative@entry=0) at ../sysdeps/ieee754/dbl-64/mpn2dbl.c:40
#1  0x00007ffff72ff16a in round_and_return (retval=retval@entry=0x7fffffffd080, exponent=<optimized out>, negative=negative@entry=0, round_limb=round_limb@entry=11068046444225730969, round_bit=<optimized out>, more_bits=<optimized out>) at strtod_l.c:327
#2  0x00007ffff72ffc7d in __GI_____strtod_l_internal (nptr=<optimized out>, endptr=<optimized out>, group=<optimized out>, loc=<optimized out>) at strtod_l.c:1613
#3  0x000000000040152c in main._omp_fn.0 () at nn.c:119
#4  0x0000000000401193 in main (argc=6, argv=0x7fffffffd8b8) at nn.c:115

35	../sysdeps/ieee754/dbl-64/mpn2dbl.c: Arquivo ou diretório não encontrado.

Backtrace END
Memory content before bitflip:0x000x000x000x00
Fault Model: Zero bit-flip
base address to flip value: 0x7fffffffd010
address max offset: 4
Memory content after  bitflip:0x000x000x000x00
frame name: __GI_____strtod_l_internal
symbol name: negative
symbol filename: strtod_l.c
symbol line: 484
value: 0
value address: 0x7fffffffd010
Type: The type is an integer type.
Type sizeof: 4

[INFO -- 2018-10-18 13:05:50]
Fault Injection Successful after 3.4316534996032715s
[INFO -- 2018-10-18 13:05:52]
event type: exit
[INFO -- 2018-10-18 13:05:52]
exit code: 0
