[INFO -- 2018-12-01 13:52:54]
Starting flip_value script
version: 1.1
[INFO -- 2018-12-01 13:52:54]
Initialization strings:
[INFO -- 2018-12-01 13:52:54]
(1) file /home/lignati/carol-fi/codes/inversefulldup/inversek2j.nn.out
[INFO -- 2018-12-01 13:52:54]
(2) set args /home/lignati/carol-fi/codes/inversefulldup/input_250k /home/lignati/carol-fi/codes/inversefulldup/output_falha.data
[INFO -- 2018-12-01 13:52:54]
initSignal:0
[INFO -- 2018-12-01 13:52:54]
endSignal:25
[INFO -- 2018-12-01 13:52:54]
faultModel:2
[INFO -- 2018-12-01 13:53:04]
Backtrace BEGIN:
#0  0x00007ffff700edfd in __mpn_construct_float (frac_ptr=frac_ptr@entry=0x7fffffffca40, expt=<optimized out>, sign=sign@entry=0) at ../sysdeps/ieee754/flt-32/mpn2flt.c:40
#1  0x00007ffff7013346 in round_and_return (retval=0x7fffffffca40, exponent=<optimized out>, negative=negative@entry=0, round_limb=round_limb@entry=4004259720150908927, round_bit=<optimized out>, more_bits=<optimized out>) at strtod_l.c:327
#2  0x00007ffff7014332 in __GI_____strtof_l_internal (nptr=<optimized out>, endptr=<optimized out>, group=<optimized out>, loc=<optimized out>) at strtod_l.c:1613
#3  0x00007ffff7012d60 in __GI___strtof_internal (nptr=<optimized out>, endptr=<optimized out>, group=<optimized out>) at strtod.c:54
#4  0x00007ffff702c948 in _IO_vfscanf_internal (s=s@entry=0x6085c0, format=<optimized out>, argptr=argptr@entry=0x7fffffffcf38, errp=errp@entry=0x0) at vfscanf.c:2365
#5  0x00007ffff7033162 in __isoc99_fscanf (stream=0x6085c0, format=<optimized out>) at isoc99_fscanf.c:34
#6  0x00007ffff7bcac42 in fann_create_from_fd () from /usr/local/lib/libfann.so.2
#7  0x00007ffff7bc8073 in fann_create_from_file () from /usr/local/lib/libfann.so.2
#8  0x0000000000402061 in inversek2j(float, float, float*, float*) ()
#9  0x000000000040179a in main ()

35	../sysdeps/ieee754/flt-32/mpn2flt.c: No such file or directory.

Backtrace END
Fliping array at pos: 0
Fliping value of field: fp_offset
Memory content before bitflip:0x300x000x000x00
Fault Model: Random bit-flip
base address to flip value: 0x7fffffffcf3c
address max offset: 4
Memory content after  bitflip:0xb30xa20x2f0x68
frame name: __isoc99_fscanf
symbol name: arg
symbol filename: isoc99_fscanf.c
symbol line: 27
value: {{gp_offset = 16, fp_offset = 1747952307, overflow_arg_area = 0x7fffffffd010, reg_save_area = 0x7fffffffcf50}}
value address: 0x7fffffffcf38
Type: The type is an array.
Type sizeof: 24

[INFO -- 2018-12-01 13:53:04]
Fault Injection Successful after 10.710437297821045s
[INFO -- 2018-12-01 13:53:19]
event type: exit
[INFO -- 2018-12-01 13:53:19]
exit code: 0
