[INFO -- 2018-10-12 12:08:27]
sending 5 signals using command: 'killall -2 fft_nn.out' after 22.1217224267s
[INFO -- 2018-10-12 12:08:27]
sending 5 signals using command: 'killall -2 fft_nn.out' after 22.4883448955s
[INFO -- 2018-10-12 12:08:28]
sending 5 signals using command: 'killall -2 fft_nn.out' after 23.3016467965s
[INFO -- 2018-10-12 12:08:28]
Starting GDB script
[INFO -- 2018-10-12 12:08:28]
initSignal:0.0
[INFO -- 2018-10-12 12:08:28]
endSignal:5.0
[INFO -- 2018-10-12 12:08:28]
sending 5 signals using command: 'killall -2 fft_nn.out' after 0.190590153705s
[INFO -- 2018-10-12 12:08:32]
sending 5 signals using command: 'killall -2 fft_nn.out' after 3.79064008995s
[INFO -- 2018-10-12 12:08:32]
sending 5 signals using command: 'killall -2 fft_nn.out' after 4.21268506446s
[INFO -- 2018-10-12 12:08:49]
Execution finished before waitTime
