[INFO -- 2018-10-12 14:20:31]
sending 5 signals using command: 'killall -2 fft_nn.out' after 21.5343789104s
[INFO -- 2018-10-12 14:20:32]
sending 5 signals using command: 'killall -2 fft_nn.out' after 23.2615392056s
[INFO -- 2018-10-12 14:20:33]
sending 5 signals using command: 'killall -2 fft_nn.out' after 23.3130840119s
[INFO -- 2018-10-12 14:20:33]
Starting GDB script
[INFO -- 2018-10-12 14:20:33]
initSignal:0.0
[INFO -- 2018-10-12 14:20:33]
endSignal:5.0
[INFO -- 2018-10-12 14:20:35]
sending 5 signals using command: 'killall -2 fft_nn.out' after 2.49458644165s
[INFO -- 2018-10-12 14:20:35]
sending 5 signals using command: 'killall -2 fft_nn.out' after 2.71291630267s
[INFO -- 2018-10-12 14:20:36]
sending 5 signals using command: 'killall -2 fft_nn.out' after 2.95898768365s
[INFO -- 2018-10-12 14:20:54]
Execution finished before waitTime
