[INFO -- 2018-10-07 13:06:10]
Starting flip_value script
version: 1.1
[INFO -- 2018-10-07 13:06:10]
Initialization strings:
[INFO -- 2018-10-07 13:06:10]
(1) file /tmp/fft_nn/fft_nn.out
[INFO -- 2018-10-07 13:06:10]
(2) set args 32768 /tmp/fft_nn/output_falha.data
[INFO -- 2018-10-07 13:06:10]
initSignal:15
[INFO -- 2018-10-07 13:06:10]
endSignal:25
[INFO -- 2018-10-07 13:06:10]
faultModel:4
[INFO -- 2018-10-07 13:06:26]
Backtrace BEGIN:
#0  __expf_finite () at ../sysdeps/x86_64/fpu/e_expf.S:94
#1  0x00007ffff75e8a42 in __GI___expf (x=-0,474566936) at ../sysdeps/ieee754/flt-32/w_expf.c:26
#2  0x00007ffff7bc5284 in fann_run () from /usr/local/lib/libfann.so.2
#3  0x00000000004019ce in radix2DitCooleyTykeyFft(int, int*, Complex*, Complex*) ()
#4  0x0000000000401631 in main ()

89	../sysdeps/x86_64/fpu/e_expf.S: Arquivo ou diretório não encontrado.

Backtrace END
Memory content before bitflip:0x700xfa0xf20xbe
Fault Model: LSB bit-flip
base address to flip value: 0x7fffffffda0c
address max offset: 4
Memory content after  bitflip:0x700xfa0xf20x9e
frame name: __GI___expf
symbol name: x
symbol filename: ../sysdeps/ieee754/flt-32/w_expf.c
symbol line: 24
value: -2,57263252e-20
value address: 0x7fffffffda0c
Type: A floating point type.
Type sizeof: 4

[INFO -- 2018-10-07 13:06:26]
Fault Injection Successful after 16.419463396072388s
[INFO -- 2018-10-07 13:06:29]
event type: exit
[INFO -- 2018-10-07 13:06:29]
exit code: 0
