[INFO -- 2018-10-19 13:49:47]
Starting flip_value script
version: 1.1
[INFO -- 2018-10-19 13:49:47]
Initialization strings:
[INFO -- 2018-10-19 13:49:47]
(1) file /home/latansini/Desktop/trabalhoftf/carol-fi/sample-code/knn/nn-knl-files/nn
[INFO -- 2018-10-19 13:49:47]
(2) set args /home/latansini/Desktop/trabalhoftf/carol-fi/sample-code/knn/nn-knl-files/filelist 15 25 25 /home/latansini/Desktop/trabalhoftf/carol-fi/sample-code/knn/nn-knl-files/out15_25_25
[INFO -- 2018-10-19 13:49:47]
initSignal:2
[INFO -- 2018-10-19 13:49:47]
endSignal:3
[INFO -- 2018-10-19 13:49:47]
faultModel:2
[EXCEPTION -- 2018-10-19 13:49:49]
pythonException: invalid frame
[EXCEPTION -- 2018-10-19 13:49:49]
pythonException: invalid frame
[INFO -- 2018-10-19 13:49:49]
Backtrace BEGIN:
#0  0x00007ffff78bdc2e in ?? () from /usr/lib/x86_64-linux-gnu/libgomp.so.1
#1  0x00007ffff78bc0e2 in ?? () from /usr/lib/x86_64-linux-gnu/libgomp.so.1
#2  0x0000000000401184 in main (argc=6, argv=0x7fffffffd8b8) at nn.c:115

20	* This program finds the k-nearest neighbors
21	* Usage:	./nn <filelist> <num> <target latitude> <target longitude> <out filename>
22	*			filelist: File with the filenames to the records
23	*			num: Number of nearest neighbors to find
24	*			target lat: Latitude coordinate for distance calculations
25	*			target long: Longitude coordinate for distance calculations
26	* The filelist and data are generated by hurricane_gen.c
27	* REC_WINDOW has been arbitrarily assigned; A larger value would allow more work for the threads
28	*/
29	int main(int argc, char* argv[]) {

Backtrace END
Fliping a bit of the value pointed by a pointer
Memory content before bitflip:0x860x0e0x1e0x43
Fault Model: Random bit-flip
base address to flip value: 0x603880
address max offset: 4
Memory content after  bitflip:0x0e0xd60x930x22
frame name: main
symbol name: z
symbol filename: nn.c
symbol line: 80
value: 0x603880
value address: 0x7fffffffd538
Type: The type is a pointer.
Type sizeof: 8

[INFO -- 2018-10-19 13:49:49]
Fault Injection Successful after 2.4693541526794434s
[INFO -- 2018-10-19 13:49:52]
event type: exit
[INFO -- 2018-10-19 13:49:52]
exit code: 0
