[INFO -- 2018-10-10 05:46:42]
sending 5 signals using command: 'killall -2 fft_nn.out' after 21.1917813072s
[INFO -- 2018-10-10 05:46:43]
sending 5 signals using command: 'killall -2 fft_nn.out' after 22.3028761843s
[INFO -- 2018-10-10 05:46:45]
sending 5 signals using command: 'killall -2 fft_nn.out' after 24.2249655098s
[INFO -- 2018-10-10 05:46:45]
Starting GDB script
[INFO -- 2018-10-10 05:46:45]
initSignal:0.0
[INFO -- 2018-10-10 05:46:45]
endSignal:5.0
[INFO -- 2018-10-10 05:46:45]
sending 5 signals using command: 'killall -2 fft_nn.out' after 0.08161943475s
[INFO -- 2018-10-10 05:46:46]
sending 5 signals using command: 'killall -2 fft_nn.out' after 0.696573903777s
[INFO -- 2018-10-10 05:46:48]
sending 5 signals using command: 'killall -2 fft_nn.out' after 2.21745918109s
[INFO -- 2018-10-10 05:47:06]
Execution finished before waitTime
