[INFO -- 2018-10-11 07:46:08]
Starting flip_value script
version: 1.1
[INFO -- 2018-10-11 07:46:08]
Initialization strings:
[INFO -- 2018-10-11 07:46:08]
(1) file /tmp/fft_nn/fft_nn.out
[INFO -- 2018-10-11 07:46:08]
(2) set args 32768 /tmp/fft_nn/output_falha.data
[INFO -- 2018-10-11 07:46:08]
initSignal:0
[INFO -- 2018-10-11 07:46:08]
endSignal:5
[INFO -- 2018-10-11 07:46:08]
faultModel:0
[EXCEPTION -- 2018-10-11 07:46:09]
gdbException: Tentativo de desreferenciar um ponteiro genérico.
[EXCEPTION -- 2018-10-11 07:46:09]
gdbException: Tentativo de desreferenciar um ponteiro genérico.
[INFO -- 2018-10-11 07:46:09]
Backtrace BEGIN:
#0  0x00007ffff70297cf in _IO_vfscanf_internal (s=s@entry=0x6062c0, format=<optimized out>, argptr=argptr@entry=0x7fffffffd408, errp=errp@entry=0x0) at vfscanf.c:1895
#1  0x00007ffff7032162 in __isoc99_fscanf (stream=0x6062c0, format=<optimized out>) at isoc99_fscanf.c:34
#2  0x00007ffff7bce9e7 in fann_create_from_fd () from /usr/local/lib/libfann.so.2
#3  0x00007ffff7bcf608 in fann_create_from_file () from /usr/local/lib/libfann.so.2
#4  0x00000000004019b7 in radix2DitCooleyTykeyFft(int, int*, Complex*, Complex*) ()
#5  0x0000000000401631 in main ()

1890	in vfscanf.c

Backtrace END
Memory content before bitflip:0xff0xff0xff0xff
Fault Model: Single bit-flip
base address to flip value: 0x7fffffffd208
address max offset: 4
Memory content after  bitflip:0xff0x7f0xff0xff
frame name: _IO_vfscanf_internal
symbol name: width
symbol filename: vfscanf.c
symbol line: 221
value: -32769
value address: 0x7fffffffd208
Type: The type is an integer type.
Type sizeof: 4

[INFO -- 2018-10-11 07:46:09]
Fault Injection Successful after 1.3155851364135742s
[INFO -- 2018-10-11 07:46:28]
event type: exit
[INFO -- 2018-10-11 07:46:28]
exit code: 0
