[INFO -- 2018-10-06 02:12:14]
sending 5 signals using command: 'killall -2 fft_nn.out' after 20.768389783s
[INFO -- 2018-10-06 02:12:17]
sending 5 signals using command: 'killall -2 fft_nn.out' after 23.2718934469s
[INFO -- 2018-10-06 02:12:18]
sending 5 signals using command: 'killall -2 fft_nn.out' after 24.3533777444s
[INFO -- 2018-10-06 02:12:18]
Starting GDB script
[INFO -- 2018-10-06 02:12:18]
initSignal:0.0
[INFO -- 2018-10-06 02:12:18]
endSignal:5.0
[INFO -- 2018-10-06 02:12:21]
sending 5 signals using command: 'killall -2 fft_nn.out' after 3.1604313063s
[INFO -- 2018-10-06 02:12:21]
sending 5 signals using command: 'killall -2 fft_nn.out' after 3.53274026888s
[INFO -- 2018-10-06 02:12:22]
sending 5 signals using command: 'killall -2 fft_nn.out' after 3.76752843364s
[INFO -- 2018-10-06 02:12:38]
Execution finished before waitTime
