[INFO -- 2018-10-19 09:54:46]
Starting flip_value script
version: 1.1
[INFO -- 2018-10-19 09:54:46]
Initialization strings:
[INFO -- 2018-10-19 09:54:46]
(1) file /home/latansini/Desktop/trabalhoftf/carol-fi/sample-code/knn/nn-knl-files/nn
[INFO -- 2018-10-19 09:54:46]
(2) set args /home/latansini/Desktop/trabalhoftf/carol-fi/sample-code/knn/nn-knl-files/filelist 15 25 25 /home/latansini/Desktop/trabalhoftf/carol-fi/sample-code/knn/nn-knl-files/out15_25_25
[INFO -- 2018-10-19 09:54:46]
initSignal:4
[INFO -- 2018-10-19 09:54:46]
endSignal:5
[INFO -- 2018-10-19 09:54:46]
faultModel:4
[EXCEPTION -- 2018-10-19 09:54:50]
pythonException: invalid frame
[INFO -- 2018-10-19 09:54:50]
Backtrace BEGIN:
#0  main (argc=6, argv=0x7fffffffd8b8) at nn.c:131

126	        for( i = 0 ; i < rec_count ; i++ ) {
127	            float max_dist = -1;
128	            int max_idx = 0;
129	            // find a neighbor with greatest dist and take his spot if allowed!
130	            for( j = 0 ; j < k ; j++ ) {
131	                if( neighbors[j].dist > max_dist ) {
132	                    max_dist = neighbors[j].dist;
133	                    max_idx = j;
134	                }
135	            }

Backtrace END
Fliping a bit of the value pointed by a pointer
Memory content before bitflip:0x0d0x540x0c0x43
Fault Model: LSB bit-flip
base address to flip value: 0x603880
address max offset: 4
Memory content after  bitflip:0x0d0x540x0c0x03
frame name: main
symbol name: z
symbol filename: nn.c
symbol line: 80
value: 0x603880
value address: 0x7fffffffd538
Type: The type is a pointer.
Type sizeof: 8

[INFO -- 2018-10-19 09:54:50]
Fault Injection Successful after 4.287020921707153s
[INFO -- 2018-10-19 09:54:51]
event type: exit
[INFO -- 2018-10-19 09:54:51]
exit code: 0
