[INFO -- 2018-10-07 06:59:15]
Starting flip_value script
version: 1.1
[INFO -- 2018-10-07 06:59:15]
Initialization strings:
[INFO -- 2018-10-07 06:59:15]
(1) file /tmp/fft_nn/fft_nn.out
[INFO -- 2018-10-07 06:59:15]
(2) set args 32768 /tmp/fft_nn/output_falha.data
[INFO -- 2018-10-07 06:59:15]
initSignal:0
[INFO -- 2018-10-07 06:59:15]
endSignal:5
[INFO -- 2018-10-07 06:59:15]
faultModel:0
[INFO -- 2018-10-07 06:59:16]
Backtrace BEGIN:
#0  0x00007ffff7011e2a in str_to_mpn (str=0x7fffffffd4c8 "35036468505859e-01", str@entry=0x7fffffffd4c0 "8.34729135036468505859e-01", digcnt=14, digcnt@entry=21, n=n@entry=0x7fffffffd3e0, nsize=nsize@entry=0x7fffffffd3b0, exponent=exponent@entry=0x7fffffffd3c0, decimal_len=decimal_len@entry=1, thousands=thousands@entry=0x0, decimal=<optimized out>) at strtod_l.c:385
#1  0x00007ffff7012c2b in __GI_____strtof_l_internal (nptr=<optimized out>, endptr=<optimized out>, group=<optimized out>, loc=<optimized out>) at strtod_l.c:1427
#2  0x00007ffff7011d60 in __GI___strtof_internal (nptr=<optimized out>, endptr=<optimized out>, group=<optimized out>) at strtod.c:54
#3  0x00007ffff702b948 in _IO_vfscanf_internal (s=s@entry=0x6062c0, format=<optimized out>, argptr=argptr@entry=0x7fffffffd8c8, errp=errp@entry=0x0) at vfscanf.c:2365
#4  0x00007ffff7032162 in __isoc99_fscanf (stream=0x6062c0, format=<optimized out>) at isoc99_fscanf.c:34
#5  0x00007ffff7bcf187 in fann_create_from_fd () from /usr/local/lib/libfann.so.2
#6  0x00007ffff7bcf608 in fann_create_from_file () from /usr/local/lib/libfann.so.2
#7  0x00000000004019b7 in radix2DitCooleyTykeyFft(int, int*, Complex*, Complex*) ()
#8  0x0000000000401631 in main ()

380	strtod_l.c: Arquivo ou diretório não encontrado.

Backtrace END
Fliping array at pos: 2
Memory content before bitflip:0x440x000x000x000x000x000x000x00
Fault Model: Single bit-flip
base address to flip value: 0x7fffffffd3f0
address max offset: 8
Memory content after  bitflip:0x440x000x800x000x000x000x000x00
frame name: __GI_____strtof_l_internal
symbol name: num
symbol filename: strtod_l.c
symbol line: 485
value: {100000, 0, 8388676, 4, 18865251664, 6812, 6812, 6812, 188, 188}
value address: 0x7fffffffd3e0
Type: The type is an array.
Type sizeof: 80
Field name: None
Field Type: A range type, that is, an integer type with bounds.
Field Type sizeof: 8
Field Type range: (0, 9)

[INFO -- 2018-10-07 06:59:16]
Fault Injection Successful after 1.865373134613037s
[INFO -- 2018-10-07 06:59:35]
event type: exit
[INFO -- 2018-10-07 06:59:35]
exit code: 0
