[INFO -- 2018-10-11 20:54:00]
sending 5 signals using command: 'killall -2 fft_nn.out' after 21.576473014s
[INFO -- 2018-10-11 20:54:01]
sending 5 signals using command: 'killall -2 fft_nn.out' after 22.8757964225s
[INFO -- 2018-10-11 20:54:03]
sending 5 signals using command: 'killall -2 fft_nn.out' after 24.3498834252s
[INFO -- 2018-10-11 20:54:03]
Starting GDB script
[INFO -- 2018-10-11 20:54:03]
initSignal:0.0
[INFO -- 2018-10-11 20:54:03]
endSignal:5.0
[INFO -- 2018-10-11 20:54:04]
sending 5 signals using command: 'killall -2 fft_nn.out' after 0.745129676393s
[INFO -- 2018-10-11 20:54:04]
sending 5 signals using command: 'killall -2 fft_nn.out' after 0.834252654496s
[INFO -- 2018-10-11 20:54:07]
sending 5 signals using command: 'killall -2 fft_nn.out' after 3.67912610731s
[INFO -- 2018-10-11 20:54:24]
Execution finished before waitTime
