[INFO -- 2018-12-01 15:38:26]
Starting flip_value script
version: 1.1
[INFO -- 2018-12-01 15:38:26]
Initialization strings:
[INFO -- 2018-12-01 15:38:26]
(1) file /home/latansini/Desktop/CAROL-FI/etapa2/carol-fi/codes/fftfulldup/fft_nn.out
[INFO -- 2018-12-01 15:38:26]
(2) set args 32768 /home/latansini/Desktop/CAROL-FI/etapa2/carol-fi/codes/fftfulldup/output.data
[INFO -- 2018-12-01 15:38:26]
initSignal:0
[INFO -- 2018-12-01 15:38:26]
endSignal:40
[INFO -- 2018-12-01 15:38:26]
faultModel:2
[INFO -- 2018-12-01 15:38:39]
Backtrace BEGIN:
#0  0x00007ffff6f968f2 in __GI_____strtof_l_internal (nptr=<optimized out>, endptr=<optimized out>, group=<optimized out>, loc=<optimized out>) at strtod_l.c:1592
#1  0x00007ffff6f94d60 in __GI___strtof_internal (nptr=<optimized out>, endptr=<optimized out>, group=<optimized out>) at strtod.c:54
#2  0x00007ffff6fae948 in _IO_vfscanf_internal (s=s@entry=0x618f00, format=<optimized out>, argptr=argptr@entry=0x7fffffffd2a8, errp=errp@entry=0x0) at vfscanf.c:2365
#3  0x00007ffff6fb5162 in __isoc99_fscanf (stream=0x618f00, format=<optimized out>) at isoc99_fscanf.c:34
#4  0x00007ffff7bcf187 in fann_create_from_fd () from /usr/local/lib/libfann.so.2
#5  0x00007ffff7bcf608 in fann_create_from_file () from /usr/local/lib/libfann.so.2
#6  0x0000000000401de7 in radix2DitCooleyTykeyFft(int, int*, Complex*, Complex*) ()
#7  0x0000000000401857 in main ()

1587	strtod_l.c: Arquivo ou diretório não encontrado.

Backtrace END
Fliping array at pos: 5
Memory content before bitflip:0x440x000x000x000x000x000x000x00
Fault Model: Random bit-flip
base address to flip value: 0x7fffffffcde8
address max offset: 8
Memory content after  bitflip:0x0b0x940xba0x240x380x360xc90x36
frame name: __GI_____strtof_l_internal
symbol name: num
symbol filename: strtod_l.c
symbol line: 485
value: {6917529027641081856, 9401452541351318359, 568, 568, 568, 3947746163129226251, 68, 4, 18865251664, 6812}
value address: 0x7fffffffcdc0
Type: The type is an array.
Type sizeof: 80
Field name: None
Field Type: A range type, that is, an integer type with bounds.
Field Type sizeof: 8
Field Type range: (0, 9)

[INFO -- 2018-12-01 15:38:39]
Fault Injection Successful after 13.296505689620972s
[INFO -- 2018-12-01 15:39:05]
event type: exit
[INFO -- 2018-12-01 15:39:05]
exit code: 0
