[INFO -- 2018-12-01 09:46:05]
Starting flip_value script
version: 1.1
[INFO -- 2018-12-01 09:46:05]
Initialization strings:
[INFO -- 2018-12-01 09:46:05]
(1) file /home/lignati/carol-fi/codes/inversefulldup/inversek2j.nn.out
[INFO -- 2018-12-01 09:46:05]
(2) set args /home/lignati/carol-fi/codes/inversefulldup/input_250k /home/lignati/carol-fi/codes/inversefulldup/output_falha.data
[INFO -- 2018-12-01 09:46:05]
initSignal:0
[INFO -- 2018-12-01 09:46:05]
endSignal:25
[INFO -- 2018-12-01 09:46:05]
faultModel:4
[INFO -- 2018-12-01 09:46:06]
Backtrace BEGIN:
#0  __mpn_mul (prodp=prodp@entry=0x7fffffffcf50, up=0x7ffff714c068 <__tens+40>, usize=1, vp=vp@entry=0x7fffffffcfa0, vsize=vsize@entry=1) at mul.c:93
#1  0x00007ffff7013bb9 in __GI_____strtof_l_internal (nptr=<optimized out>, endptr=<optimized out>, group=<optimized out>, loc=<optimized out>) at strtod_l.c:1408
#2  0x00007ffff7935d5e in void std::__convert_to_v<float>(char const*, float&, std::_Ios_Iostate&, __locale_struct* const&) () from /usr/lib/x86_64-linux-gnu/libstdc++.so.6
#3  0x00007ffff7949706 in std::num_get<char, std::istreambuf_iterator<char, std::char_traits<char> > >::do_get(std::istreambuf_iterator<char, std::char_traits<char> >, std::istreambuf_iterator<char, std::char_traits<char> >, std::ios_base&, std::_Ios_Iostate&, float&) const () from /usr/lib/x86_64-linux-gnu/libstdc++.so.6
#4  0x00007ffff793a0d5 in std::istream& std::istream::_M_extract<float>(float&) () from /usr/lib/x86_64-linux-gnu/libstdc++.so.6
#5  0x00000000004015eb in main ()

88	mul.c: No such file or directory.

Backtrace END
Fliping array at pos: 0
Memory content before bitflip:0x670x430xe20x000x000x000x000x00
Fault Model: LSB bit-flip
base address to flip value: 0x7fffffffcf40
address max offset: 8
Memory content after  bitflip:0x670x430xe20x000x000x000x000x01
frame name: __GI_____strtof_l_internal
symbol name: retval
symbol filename: strtod_l.c
symbol line: 497
value: {72057594052756327}
value address: 0x7fffffffcf40
Type: The type is an array.
Type sizeof: 8
Field name: None
Field Type: A range type, that is, an integer type with bounds.
Field Type sizeof: 8
Field Type range: (0, 0)

[INFO -- 2018-12-01 09:46:06]
Fault Injection Successful after 1.0274684429168701s
[INFO -- 2018-12-01 09:46:30]
event type: exit
[INFO -- 2018-12-01 09:46:30]
exit code: 0
