[INFO -- 2018-12-01 10:50:38]
Starting flip_value script
version: 1.1
[INFO -- 2018-12-01 10:50:38]
Initialization strings:
[INFO -- 2018-12-01 10:50:38]
(1) file /home/lignati/carol-fi/codes/inversefulldup/inversek2j.nn.out
[INFO -- 2018-12-01 10:50:38]
(2) set args /home/lignati/carol-fi/codes/inversefulldup/input_250k /home/lignati/carol-fi/codes/inversefulldup/output_falha.data
[INFO -- 2018-12-01 10:50:38]
initSignal:0
[INFO -- 2018-12-01 10:50:38]
endSignal:25
[INFO -- 2018-12-01 10:50:38]
faultModel:0
[INFO -- 2018-12-01 10:50:50]
Backtrace BEGIN:
#0  strlen () at ../sysdeps/x86_64/strlen.S:111
#1  0x00007ffff701359b in __GI_____strtof_l_internal (nptr=0x7fffffffcb30 "4.09260082244873046875e+00", endptr=0x7fffffffcd60, group=<optimized out>, loc=0x7ffff7398060 <_nl_global_locale>) at strtod_l.c:572
#2  0x00007ffff7012d60 in __GI___strtof_internal (nptr=<optimized out>, endptr=<optimized out>, group=<optimized out>) at strtod.c:54
#3  0x00007ffff702c948 in _IO_vfscanf_internal (s=s@entry=0x6085c0, format=<optimized out>, argptr=argptr@entry=0x7fffffffcf38, errp=errp@entry=0x0) at vfscanf.c:2365
#4  0x00007ffff7033162 in __isoc99_fscanf (stream=0x6085c0, format=<optimized out>) at isoc99_fscanf.c:34
#5  0x00007ffff7bcac42 in fann_create_from_fd () from /usr/local/lib/libfann.so.2
#6  0x00007ffff7bc8073 in fann_create_from_file () from /usr/local/lib/libfann.so.2
#7  0x0000000000402061 in inversek2j(float, float, float*, float*) ()
#8  0x000000000040179a in main ()

106	../sysdeps/x86_64/strlen.S: No such file or directory.

Backtrace END
Fliping array at pos: 4
Memory content before bitflip:0x000x000x000x000x000x000x000x00
Fault Model: Single bit-flip
base address to flip value: 0x7fffffffcac0
address max offset: 8
Memory content after  bitflip:0x000x000x000x000x000x000x200x00
frame name: __GI_____strtof_l_internal
symbol name: den
symbol filename: strtod_l.c
symbol line: 494
value: {0, 15625000000000000000, 0, 140737337275828, 9007199254740992, 140737351920842, 140737488342368, 140737351954949, 18446744073709551615, 1}
value address: 0x7fffffffcaa0
Type: The type is an array.
Type sizeof: 80
Field name: None
Field Type: A range type, that is, an integer type with bounds.
Field Type sizeof: 8
Field Type range: (0, 9)

[INFO -- 2018-12-01 10:50:50]
Fault Injection Successful after 12.1891770362854s
[INFO -- 2018-12-01 10:51:03]
event type: exit
[INFO -- 2018-12-01 10:51:03]
exit code: 0
