[INFO -- 2018-12-09 17:57:16]
Starting flip_value script
version: 1.1
[INFO -- 2018-12-09 17:57:16]
Initialization strings:
[INFO -- 2018-12-09 17:57:16]
(1) file /home/melkor/ETAPA2/dup_nn/nn-knl-files/nn
[INFO -- 2018-12-09 17:57:16]
(2) set args /home/melkor/ETAPA2/dup_nn/nn-knl-files/filelist 20 5 5 /home/melkor/ETAPA2/dup_nn/nn-knl-files/out20_5_5
[INFO -- 2018-12-09 17:57:16]
initSignal:0
[INFO -- 2018-12-09 17:57:16]
endSignal:1
[INFO -- 2018-12-09 17:57:16]
faultModel:4
[EXCEPTION -- 2018-12-09 17:57:17]
gdbException: Tentativo de desreferenciar um ponteiro genérico.
[EXCEPTION -- 2018-12-09 17:57:17]
pythonException: invalid frame
[EXCEPTION -- 2018-12-09 17:57:17]
pythonException: invalid frame
[INFO -- 2018-12-09 17:57:17]
Backtrace BEGIN:
#0  0x00007ffff7820f0e in ?? () from /usr/lib/x86_64-linux-gnu/libgomp.so.1
#1  0x00007ffff781f392 in ?? () from /usr/lib/x86_64-linux-gnu/libgomp.so.1
#2  0x00007ffff7815eca in GOMP_parallel () from /usr/lib/x86_64-linux-gnu/libgomp.so.1
#3  0x00005555555555ed in main (argc=6, argv=0x7fffffffded8) at nn.c:196

2284	in rtld.c

Backtrace END
Memory content before bitflip:0x000x000xa00x40
Fault Model: LSB bit-flip
base address to flip value: 0x7fffffffdb38
address max offset: 4
Memory content after  bitflip:0x000x000xa00x42
frame name: main
symbol name: target_lat_dup
symbol filename: nn.c
symbol line: 92
value: 80
value address: 0x7fffffffdb38
Type: A floating point type.
Type sizeof: 4

[INFO -- 2018-12-09 17:57:17]
Fault Injection Successful after 1.630906343460083s
[INFO -- 2018-12-09 17:57:18]
event type: exit
[INFO -- 2018-12-09 17:57:18]
exit code: 0
