[INFO -- 2018-12-02 04:04:53]
Starting flip_value script
version: 1.1
[INFO -- 2018-12-02 04:04:53]
Initialization strings:
[INFO -- 2018-12-02 04:04:53]
(1) file /home/latansini/Desktop/CAROL-FI/etapa2/carol-fi/codes/fftfulldup/fft_nn.out
[INFO -- 2018-12-02 04:04:53]
(2) set args 32768 /home/latansini/Desktop/CAROL-FI/etapa2/carol-fi/codes/fftfulldup/output.data
[INFO -- 2018-12-02 04:04:53]
initSignal:0
[INFO -- 2018-12-02 04:04:53]
endSignal:40
[INFO -- 2018-12-02 04:04:53]
faultModel:0
[INFO -- 2018-12-02 04:05:12]
Backtrace BEGIN:
#0  _IO_vfscanf_internal (s=s@entry=0x618f00, format=0x7ffff7bd4038 "cascade_candidate_stagnation_epochs=%u\n", argptr=argptr@entry=0x7fffffffd2a8, errp=errp@entry=0x0) at vfscanf.c:262
#1  0x00007ffff6fb5162 in __isoc99_fscanf (stream=0x618f00, format=<optimized out>) at isoc99_fscanf.c:34
#2  0x00007ffff7bceb95 in fann_create_from_fd () from /usr/local/lib/libfann.so.2
#3  0x00007ffff7bcf608 in fann_create_from_file () from /usr/local/lib/libfann.so.2
#4  0x0000000000401de7 in radix2DitCooleyTykeyFft(int, int*, Complex*, Complex*) ()
#5  0x0000000000401857 in main ()

257	vfscanf.c: Arquivo ou diretório não encontrado.

Backtrace END
Fliping array at pos: 0
Fliping value of field: gp_offset
Memory content before bitflip:0x100x000x000x00
Fault Model: Single bit-flip
base address to flip value: 0x7fffffffd100
address max offset: 4
Memory content after  bitflip:0x100x080x000x00
frame name: _IO_vfscanf_internal
symbol name: arg
symbol filename: vfscanf.c
symbol line: 215
value: {{gp_offset = 2064, fp_offset = 48, overflow_arg_area = 0x7fffffffd380, reg_save_area = 0x7fffffffd2c0}}
value address: 0x7fffffffd100
Type: The type is an array.
Type sizeof: 24

[INFO -- 2018-12-02 04:05:12]
Fault Injection Successful after 19.551719665527344s
[INFO -- 2018-12-02 04:05:33]
event type: exit
[INFO -- 2018-12-02 04:05:33]
exit code: 0
