[INFO -- 2018-10-05 21:41:05]
sending 5 signals using command: 'killall -2 fft_nn.out' after 21.8947564552s
[INFO -- 2018-10-05 21:41:08]
sending 5 signals using command: 'killall -2 fft_nn.out' after 24.8874260667s
[INFO -- 2018-10-05 21:41:08]
sending 5 signals using command: 'killall -2 fft_nn.out' after 24.9264535747s
[INFO -- 2018-10-05 21:41:08]
Starting GDB script
[INFO -- 2018-10-05 21:41:08]
initSignal:0.0
[INFO -- 2018-10-05 21:41:08]
endSignal:5.0
[INFO -- 2018-10-05 21:41:10]
sending 5 signals using command: 'killall -2 fft_nn.out' after 1.28811178665s
[INFO -- 2018-10-05 21:41:10]
sending 5 signals using command: 'killall -2 fft_nn.out' after 1.29094772146s
[INFO -- 2018-10-05 21:41:11]
sending 5 signals using command: 'killall -2 fft_nn.out' after 2.3682680022s
[INFO -- 2018-10-05 21:41:29]
Execution finished before waitTime
