[INFO -- 2018-10-06 02:01:03]
sending 5 signals using command: 'killall -2 fft_nn.out' after 20.4977438725s
[INFO -- 2018-10-06 02:01:05]
sending 5 signals using command: 'killall -2 fft_nn.out' after 22.9739637184s
[INFO -- 2018-10-06 02:01:06]
sending 5 signals using command: 'killall -2 fft_nn.out' after 23.3832985141s
[INFO -- 2018-10-06 02:01:06]
Starting GDB script
[INFO -- 2018-10-06 02:01:06]
initSignal:0.0
[INFO -- 2018-10-06 02:01:06]
endSignal:5.0
[INFO -- 2018-10-06 02:01:07]
sending 5 signals using command: 'killall -2 fft_nn.out' after 1.04598698564s
[INFO -- 2018-10-06 02:01:08]
sending 5 signals using command: 'killall -2 fft_nn.out' after 2.23252207383s
[INFO -- 2018-10-06 02:01:08]
sending 5 signals using command: 'killall -2 fft_nn.out' after 2.68203707313s
[INFO -- 2018-10-06 02:01:26]
Execution finished before waitTime
