[INFO -- 2018-10-19 11:49:07]
Starting flip_value script
version: 1.1
[INFO -- 2018-10-19 11:49:07]
Initialization strings:
[INFO -- 2018-10-19 11:49:07]
(1) file /home/latansini/Desktop/trabalhoftf/carol-fi/sample-code/knn/nn-knl-files/nn
[INFO -- 2018-10-19 11:49:07]
(2) set args /home/latansini/Desktop/trabalhoftf/carol-fi/sample-code/knn/nn-knl-files/filelist 15 25 25 /home/latansini/Desktop/trabalhoftf/carol-fi/sample-code/knn/nn-knl-files/out15_25_25
[INFO -- 2018-10-19 11:49:07]
initSignal:3
[INFO -- 2018-10-19 11:49:07]
endSignal:4
[INFO -- 2018-10-19 11:49:07]
faultModel:3
[EXCEPTION -- 2018-10-19 11:49:11]
pythonException: invalid frame
[INFO -- 2018-10-19 11:49:11]
Backtrace BEGIN:
#0  0x00007ffff78bddf3 in ?? () from /usr/lib/x86_64-linux-gnu/libgomp.so.1
#1  0x00007ffff78bcaf9 in ?? () from /usr/lib/x86_64-linux-gnu/libgomp.so.1
#2  0x0000000000401198 in main (argc=6, argv=0x7fffffffd8b8) at nn.c:115

20	* This program finds the k-nearest neighbors
21	* Usage:	./nn <filelist> <num> <target latitude> <target longitude> <out filename>
22	*			filelist: File with the filenames to the records
23	*			num: Number of nearest neighbors to find
24	*			target lat: Latitude coordinate for distance calculations
25	*			target long: Longitude coordinate for distance calculations
26	* The filelist and data are generated by hurricane_gen.c
27	* REC_WINDOW has been arbitrarily assigned; A larger value would allow more work for the threads
28	*/
29	int main(int argc, char* argv[]) {

Backtrace END
Fliping array at pos: 434
Memory content before bitflip:0x38
Fault Model: Zero bit-flip
base address to flip value: 0x7fffffffd772 
address max offset: 1
Memory content after  bitflip:0x00
frame name: main
symbol name: sandbox
symbol filename: nn.c
symbol line: 32
value: "1962  1  9  6 28 KIRK       14.2  92.1  121  116\n1985 11  3  6  3 SANDY      21.9 213.7   45  867\n1991  5  5  0  3 JOYCE      45.5   8.8   36  744\n1987  1  3  6  5 ISAAC      38.3 103.6  100  455\n1964"...
value address: 0x7fffffffd5c0
Type: The type is an array.
Type sizeof: 490
Field name: None
Field Type: A range type, that is, an integer type with bounds.
Field Type sizeof: 8
Field Type range: (0, 489)

[INFO -- 2018-10-19 11:49:11]
Fault Injection Successful after 4.153820514678955s
[INFO -- 2018-10-19 11:49:13]
event type: exit
[INFO -- 2018-10-19 11:49:13]
exit code: 0
