[INFO -- 2018-12-09 15:25:13]
Starting flip_value script
version: 1.1
[INFO -- 2018-12-09 15:25:13]
Initialization strings:
[INFO -- 2018-12-09 15:25:13]
(1) file /home/melkor/ETAPA2/dup_nn/nn-knl-files/nn
[INFO -- 2018-12-09 15:25:13]
(2) set args /home/melkor/ETAPA2/dup_nn/nn-knl-files/filelist 20 5 5 /home/melkor/ETAPA2/dup_nn/nn-knl-files/out20_5_5
[INFO -- 2018-12-09 15:25:13]
initSignal:0
[INFO -- 2018-12-09 15:25:13]
endSignal:1
[INFO -- 2018-12-09 15:25:13]
faultModel:4
[EXCEPTION -- 2018-12-09 15:25:14]
pythonException: invalid frame
[INFO -- 2018-12-09 15:25:14]
Backtrace BEGIN:
#0  0x00007ffff7820eeb in ?? () from /usr/lib/x86_64-linux-gnu/libgomp.so.1
#1  0x00007ffff781f392 in ?? () from /usr/lib/x86_64-linux-gnu/libgomp.so.1
#2  0x00007ffff7815eca in GOMP_parallel () from /usr/lib/x86_64-linux-gnu/libgomp.so.1
#3  0x00005555555555ed in main (argc=6, argv=0x7fffffffdf08) at nn.c:196

68	      fclose(logfile);
69	    }
70		
71		
72		if(file != NULL){	// isso aqui tava dando segfault
73			fclose(file);
74		}
75		
76	}
77	

Backtrace END
Fliping a bit of the value pointed by a pointer
Memory content before bitflip:0x5c0x770x820x41
Fault Model: LSB bit-flip
base address to flip value: 0x55555575a140
address max offset: 4
Memory content after  bitflip:0x5c0x770x820x40
frame name: main
symbol name: z_dup
symbol filename: nn.c
symbol line: 157
value: 0x55555575a140
value address: 0x7fffffffdba8
Type: The type is a pointer.
Type sizeof: 8

[INFO -- 2018-12-09 15:25:14]
Fault Injection Successful after 1.2057640552520752s
[INFO -- 2018-12-09 15:25:14]
event type: exit
[INFO -- 2018-12-09 15:25:14]
exit code: 0
