[INFO -- 2018-11-30 16:54:13]
Starting flip_value script
version: 1.1
[INFO -- 2018-11-30 16:54:13]
Initialization strings:
[INFO -- 2018-11-30 16:54:13]
(1) file /home/latansini/Desktop/CAROL-FI/etapa2/carol-fi/codes/fftfulldup/fft_nn.out
[INFO -- 2018-11-30 16:54:13]
(2) set args 32768 /home/latansini/Desktop/CAROL-FI/etapa2/carol-fi/codes/fftfulldup/output.data
[INFO -- 2018-11-30 16:54:13]
initSignal:0
[INFO -- 2018-11-30 16:54:13]
endSignal:40
[INFO -- 2018-11-30 16:54:13]
faultModel:3
[INFO -- 2018-11-30 16:54:21]
Backtrace BEGIN:
#0  0x00007ffff6f968f2 in __GI_____strtof_l_internal (nptr=<optimized out>, endptr=<optimized out>, group=<optimized out>, loc=<optimized out>) at strtod_l.c:1592
#1  0x00007ffff6f94d60 in __GI___strtof_internal (nptr=<optimized out>, endptr=<optimized out>, group=<optimized out>) at strtod.c:54
#2  0x00007ffff6fae948 in _IO_vfscanf_internal (s=s@entry=0x618f00, format=<optimized out>, argptr=argptr@entry=0x7fffffffd2a8, errp=errp@entry=0x0) at vfscanf.c:2365
#3  0x00007ffff6fb5162 in __isoc99_fscanf (stream=0x618f00, format=<optimized out>) at isoc99_fscanf.c:34
#4  0x00007ffff7bcf187 in fann_create_from_fd () from /usr/local/lib/libfann.so.2
#5  0x00007ffff7bcf608 in fann_create_from_file () from /usr/local/lib/libfann.so.2
#6  0x0000000000401de7 in radix2DitCooleyTykeyFft(int, int*, Complex*, Complex*) ()
#7  0x0000000000401857 in main ()

1587	strtod_l.c: Arquivo ou diretório não encontrado.

Backtrace END
Memory content before bitflip:0x00
Fault Model: Zero bit-flip
base address to flip value: 0x7fffffffd048
address max offset: 1
Memory content after  bitflip:0x00
frame name: _IO_vfscanf_internal
symbol name: use_malloc
symbol filename: vfscanf.c
symbol line: 275
value: false
value address: 0x7fffffffd048
Type: A boolean type.
Type sizeof: 1

[INFO -- 2018-11-30 16:54:21]
Fault Injection Successful after 8.28769040107727s
[INFO -- 2018-11-30 16:54:52]
event type: exit
[INFO -- 2018-11-30 16:54:52]
exit code: 0
