[INFO -- 2018-10-08 15:42:28]
sending 5 signals using command: 'killall -2 fft_nn.out' after 23.5579140607s
[INFO -- 2018-10-08 15:42:28]
sending 5 signals using command: 'killall -2 fft_nn.out' after 23.6615671314s
[INFO -- 2018-10-08 15:42:29]
sending 5 signals using command: 'killall -2 fft_nn.out' after 24.5693152775s
[INFO -- 2018-10-08 15:42:29]
Starting GDB script
[INFO -- 2018-10-08 15:42:29]
initSignal:0.0
[INFO -- 2018-10-08 15:42:29]
endSignal:5.0
[INFO -- 2018-10-08 15:42:31]
sending 5 signals using command: 'killall -2 fft_nn.out' after 2.70939128577s
[INFO -- 2018-10-08 15:42:32]
sending 5 signals using command: 'killall -2 fft_nn.out' after 2.98661475286s
[INFO -- 2018-10-08 15:42:34]
sending 5 signals using command: 'killall -2 fft_nn.out' after 4.9689547699s
[INFO -- 2018-10-08 15:42:50]
Execution finished before waitTime
