[INFO -- 2018-11-30 13:40:45]
Starting flip_value script
version: 1.1
[INFO -- 2018-11-30 13:40:45]
Initialization strings:
[INFO -- 2018-11-30 13:40:45]
(1) file /home/latansini/Desktop/CAROL-FI/etapa2/carol-fi/codes/fftfulldup/fft_nn.out
[INFO -- 2018-11-30 13:40:45]
(2) set args 32768 /home/latansini/Desktop/CAROL-FI/etapa2/carol-fi/codes/fftfulldup/output.data
[INFO -- 2018-11-30 13:40:45]
initSignal:0
[INFO -- 2018-11-30 13:40:45]
endSignal:40
[INFO -- 2018-11-30 13:40:45]
faultModel:3
[INFO -- 2018-11-30 13:41:00]
Backtrace BEGIN:
#0  0x00007ffff6fabcf7 in _IO_vfscanf_internal (s=s@entry=0x618f00, format=<optimized out>, argptr=argptr@entry=0x7fffffffd2a8, errp=errp@entry=0x0) at vfscanf.c:2974
#1  0x00007ffff6fb5162 in __isoc99_fscanf (stream=0x618f00, format=<optimized out>) at isoc99_fscanf.c:34
#2  0x00007ffff7bcf187 in fann_create_from_fd () from /usr/local/lib/libfann.so.2
#3  0x00007ffff7bcf608 in fann_create_from_file () from /usr/local/lib/libfann.so.2
#4  0x0000000000401de7 in radix2DitCooleyTykeyFft(int, int*, Complex*, Complex*) ()
#5  0x0000000000401857 in main ()

2969	vfscanf.c: Arquivo ou diretório não encontrado.

Backtrace END
Fliping array at pos: 20
Memory content before bitflip:0x00
Fault Model: Zero bit-flip
base address to flip value: 0x7ffff70dfc14  
address max offset: 1
Memory content after  bitflip:0x00
frame name: _IO_vfscanf_internal
symbol name: __PRETTY_FUNCTION__
symbol filename: vfscanf.c
symbol line: 0
value: "_IO_vfscanf_internal"
value address: 0x7ffff70dfc00 <__PRETTY_FUNCTION__.11925>
Type: The type is an array.
Type sizeof: 21
Field name: None
Field Type: A range type, that is, an integer type with bounds.
Field Type sizeof: 8
Field Type range: (0, 20)

[INFO -- 2018-11-30 13:41:00]
Fault Injection Successful after 15.58635926246643s
[INFO -- 2018-11-30 13:41:25]
event type: exit
[INFO -- 2018-11-30 13:41:25]
exit code: 0
