[INFO -- 2018-10-06 05:01:44]
sending 5 signals using command: 'killall -2 fft_nn.out' after 22.7009713256s
[INFO -- 2018-10-06 05:01:44]
sending 5 signals using command: 'killall -2 fft_nn.out' after 22.9901581921s
[INFO -- 2018-10-06 05:01:44]
sending 5 signals using command: 'killall -2 fft_nn.out' after 23.1369807599s
[INFO -- 2018-10-06 05:01:44]
Starting GDB script
[INFO -- 2018-10-06 05:01:44]
initSignal:0.0
[INFO -- 2018-10-06 05:01:44]
endSignal:5.0
[INFO -- 2018-10-06 05:01:46]
sending 5 signals using command: 'killall -2 fft_nn.out' after 1.6031342892s
[INFO -- 2018-10-06 05:01:46]
sending 5 signals using command: 'killall -2 fft_nn.out' after 2.13052940891s
[INFO -- 2018-10-06 05:01:47]
sending 5 signals using command: 'killall -2 fft_nn.out' after 2.50642047253s
[INFO -- 2018-10-06 05:02:04]
Execution finished before waitTime
