[INFO -- 2018-10-17 01:32:04]
Starting flip_value script
version: 1.1
[INFO -- 2018-10-17 01:32:04]
Initialization strings:
[INFO -- 2018-10-17 01:32:04]
(1) file /home/latansini/Desktop/trabalhoftf/carol-fi/sample-code/inverse_nn/inversek2j_nn.out
[INFO -- 2018-10-17 01:32:04]
(2) set args /home/latansini/Desktop/trabalhoftf/carol-fi/sample-code/inverse_nn/input_250k /home/latansini/Desktop/trabalhoftf/carol-fi/sample-code/inverse_nn/output_falha.data
[INFO -- 2018-10-17 01:32:04]
initSignal:0
[INFO -- 2018-10-17 01:32:04]
endSignal:2
[INFO -- 2018-10-17 01:32:04]
faultModel:0
[INFO -- 2018-10-17 01:32:04]
Backtrace BEGIN:
#0  0x00007ffff701285a in __GI_____strtof_l_internal (nptr=<optimized out>, endptr=0x7fffffffcf00, group=<optimized out>, loc=<optimized out>) at strtod_l.c:925
#1  0x00007ffff7011d60 in __GI___strtof_internal (nptr=<optimized out>, endptr=<optimized out>, group=<optimized out>) at strtod.c:54
#2  0x00007ffff702b948 in _IO_vfscanf_internal (s=s@entry=0x608610, format=<optimized out>, argptr=argptr@entry=0x7fffffffd0d8, errp=errp@entry=0x0) at vfscanf.c:2365
#3  0x00007ffff7032162 in __isoc99_fscanf (stream=0x608610, format=<optimized out>) at isoc99_fscanf.c:34
#4  0x00007ffff7bcf187 in fann_create_from_fd () from /usr/local/lib/libfann.so.2
#5  0x00007ffff7bcf608 in fann_create_from_file () from /usr/local/lib/libfann.so.2
#6  0x000000000040199e in inversek2j(float, float, float*, float*) ()
#7  0x0000000000401631 in main ()

920	strtod_l.c: Arquivo ou diretório não encontrado.

Backtrace END
Memory content before bitflip:0x020x000x000x000x000x000x000x00
Fault Model: Single bit-flip
base address to flip value: 0x7fffffffcbc0
address max offset: 8
Memory content after  bitflip:0x020x000x000x080x000x000x000x00
frame name: __GI_____strtof_l_internal
symbol name: numsize
symbol filename: strtod_l.c
symbol line: 485
value: 134217730
value address: 0x7fffffffcbc0
Type: The type is an integer type.
Type sizeof: 8

[INFO -- 2018-10-17 01:32:04]
Fault Injection Successful after 0.7507667541503906s
[INFO -- 2018-10-17 01:32:14]
event type: exit
[INFO -- 2018-10-17 01:32:14]
exit code: 0
