[INFO -- 2018-10-16 13:38:56]
Starting flip_value script
version: 1.1
[INFO -- 2018-10-16 13:38:56]
Initialization strings:
[INFO -- 2018-10-16 13:38:56]
(1) file /home/latansini/Desktop/trabalhoftf/carol-fi/sample-code/inverse_nn/inversek2j_nn.out
[INFO -- 2018-10-16 13:38:56]
(2) set args /home/latansini/Desktop/trabalhoftf/carol-fi/sample-code/inverse_nn/input_250k /home/latansini/Desktop/trabalhoftf/carol-fi/sample-code/inverse_nn/output_falha.data
[INFO -- 2018-10-16 13:38:56]
initSignal:2
[INFO -- 2018-10-16 13:38:56]
endSignal:4
[INFO -- 2018-10-16 13:38:56]
faultModel:1
[INFO -- 2018-10-16 13:38:58]
Backtrace BEGIN:
#0  0x00007ffff705766f in __libc_calloc (n=<optimized out>, elem_size=<optimized out>) at malloc.c:3296
#1  0x00007ffff7bca3e4 in fann_allocate_neurons () from /usr/local/lib/libfann.so.2
#2  0x00007ffff7bcf086 in fann_create_from_fd () from /usr/local/lib/libfann.so.2
#3  0x00007ffff7bcf608 in fann_create_from_file () from /usr/local/lib/libfann.so.2
#4  0x000000000040199e in inversek2j(float, float, float*, float*) ()
#5  0x0000000000401631 in main ()

3291	malloc.c: Arquivo ou diretório não encontrado.

Backtrace END
Memory content before bitflip:0x000x000x000x000x000x000x000x00
Fault Model: Double bit-flip
base address to flip value: 0x7ffff7398b00 
address max offset: 8
Memory content after  bitflip:0x000x000x000x000x000x000x0c0x00
frame name: __libc_calloc
symbol name: arena_mem
symbol filename: arena.c
symbol line: 90
value: 3377699720527872
value address: 0x7ffff7398b00 <arena_mem>
Type: The type is an integer type.
Type sizeof: 8

[INFO -- 2018-10-16 13:38:58]
Fault Injection Successful after 2.6934757232666016s
[INFO -- 2018-10-16 13:39:06]
event type: exit
[INFO -- 2018-10-16 13:39:06]
exit code: 0
