[INFO -- 2018-11-30 21:02:52]
Starting flip_value script
version: 1.1
[INFO -- 2018-11-30 21:02:52]
Initialization strings:
[INFO -- 2018-11-30 21:02:52]
(1) file /home/lignati/carol-fi/codes/inversefulldup/inversek2j.nn.out
[INFO -- 2018-11-30 21:02:52]
(2) set args /home/lignati/carol-fi/codes/inversefulldup/input_250k /home/lignati/carol-fi/codes/inversefulldup/output_falha.data
[INFO -- 2018-11-30 21:02:52]
initSignal:0
[INFO -- 2018-11-30 21:02:52]
endSignal:25
[INFO -- 2018-11-30 21:02:52]
faultModel:4
[INFO -- 2018-11-30 21:03:10]
Backtrace BEGIN:
#0  0x00007ffff7029b8b in _IO_vfscanf_internal (s=s@entry=0x11c818b0, format=<optimized out>, argptr=argptr@entry=0x7fffffffcf38, errp=errp@entry=0x0) at vfscanf.c:629
#1  0x00007ffff7033162 in __isoc99_fscanf (stream=0x11c818b0, format=<optimized out>) at isoc99_fscanf.c:34
#2  0x00007ffff7bcac42 in fann_create_from_fd () from /usr/local/lib/libfann.so.2
#3  0x00007ffff7bc8073 in fann_create_from_file () from /usr/local/lib/libfann.so.2
#4  0x0000000000402061 in inversek2j(float, float, float*, float*) ()
#5  0x00000000004019dd in main ()

624	vfscanf.c: No such file or directory.

Backtrace END
Fliping value of field: __value
Fliping value of field name: __wchb
Fliping array at pos: 1
Memory content before bitflip:0x00
Fault Model: LSB bit-flip
base address to flip value: 0x7fffffffcd55 
address max offset: 1
Memory content after  bitflip:0x02
frame name: _IO_vfscanf_internal
symbol name: state
symbol filename: vfscanf.c
symbol line: 252
value: {__count = 0, __value = {__wch = 512, __wchb = "\000\002\000"}}
value address: 0x7fffffffcd50
Type: The type is a structure.
Type sizeof: 8
Field name: __count
Field Type: The type is an integer type.
Field Type sizeof: 4
Field name: __value
Field Type: The type is a union.
Field Type sizeof: 4

[INFO -- 2018-11-30 21:03:10]
Fault Injection Successful after 18.455477714538574s
[INFO -- 2018-11-30 21:03:17]
event type: exit
[INFO -- 2018-11-30 21:03:17]
exit code: 0
