[INFO -- 2018-12-03 15:40:54]
Starting flip_value script
version: 1.1
[INFO -- 2018-12-03 15:40:54]
Initialization strings:
[INFO -- 2018-12-03 15:40:54]
(1) file /home/latansini/carol-fi/carol-fi/codes/nnfulldup/nn-knl-files/nn
[INFO -- 2018-12-03 15:40:54]
(2) set args /home/latansini/carol-fi/carol-fi/codes/nnfulldup/nn-knl-files/filelist 20 5 5 /home/latansini/carol-fi/carol-fi/codes/nnfulldup/nn-knl-files/out20_5_5
[INFO -- 2018-12-03 15:40:54]
initSignal:0
[INFO -- 2018-12-03 15:40:54]
endSignal:2
[INFO -- 2018-12-03 15:40:54]
faultModel:4
[EXCEPTION -- 2018-12-03 15:40:54]
pythonException: invalid frame
[EXCEPTION -- 2018-12-03 15:40:54]
pythonException: invalid frame
[INFO -- 2018-12-03 15:40:54]
Backtrace BEGIN:
#0  __GI_____strtod_l_internal (nptr=<optimized out>, endptr=<optimized out>, group=<optimized out>, loc=<optimized out>) at strtod_l.c:1410
#1  0x000000000040156a in nn_wrapper._omp_fn.0 () at nn.c:100
#2  0x00007ffff78ce7df in GOMP_parallel () from /usr/lib/x86_64-linux-gnu/libgomp.so.1
#3  0x0000000000400f98 in nn_wrapper (filename=0x7fffffffe7d7 "/home/latansini/carol-fi/carol-fi/codes/nnfulldup/nn-knl-files/filelist", k=20, target_lat=5, target_long=5) at nn.c:97
#4  0x000000000040148d in main (argc=6, argv=0x7fffffffe568) at nn.c:195

1405	strtod_l.c: No such file or directory.

Backtrace END
Memory content before bitflip:0xef0x140x400x00
Fault Model: LSB bit-flip
base address to flip value: 0x7fffffffe108
address max offset: 4
Memory content after  bitflip:0xef0x140x400x20
frame name: nn_wrapper._omp_fn.0
symbol name: tmp_long
symbol filename: nn.c
symbol line: 101
value: 1.62699589e-19
value address: 0x7fffffffe108
Type: A floating point type.
Type sizeof: 4

[INFO -- 2018-12-03 15:40:54]
Fault Injection Successful after 0.816891908646s
[INFO -- 2018-12-03 15:40:57]
event type: exit
[INFO -- 2018-12-03 15:40:57]
exit code: 0
