[INFO -- 2018-12-01 02:37:16]
Starting flip_value script
version: 1.1
[INFO -- 2018-12-01 02:37:16]
Initialization strings:
[INFO -- 2018-12-01 02:37:16]
(1) file /home/lignati/carol-fi/codes/inversefulldup/inversek2j.nn.out
[INFO -- 2018-12-01 02:37:16]
(2) set args /home/lignati/carol-fi/codes/inversefulldup/input_250k /home/lignati/carol-fi/codes/inversefulldup/output_falha.data
[INFO -- 2018-12-01 02:37:16]
initSignal:0
[INFO -- 2018-12-01 02:37:16]
endSignal:25
[INFO -- 2018-12-01 02:37:16]
faultModel:4
[INFO -- 2018-12-01 02:37:24]
Backtrace BEGIN:
#0  0x00007ffff700dc93 in __mpn_mul (prodp=prodp@entry=0x7fffffffca50, up=0x7ffff714c068 <__tens+40>, usize=1, vp=vp@entry=0x7fffffffcaa0, vsize=vsize@entry=1) at mul.c:57
#1  0x00007ffff7013bb9 in __GI_____strtof_l_internal (nptr=<optimized out>, endptr=<optimized out>, group=<optimized out>, loc=<optimized out>) at strtod_l.c:1408
#2  0x00007ffff7012d60 in __GI___strtof_internal (nptr=<optimized out>, endptr=<optimized out>, group=<optimized out>) at strtod.c:54
#3  0x00007ffff702c948 in _IO_vfscanf_internal (s=s@entry=0x6085c0, format=<optimized out>, argptr=argptr@entry=0x7fffffffcf38, errp=errp@entry=0x0) at vfscanf.c:2365
#4  0x00007ffff7033162 in __isoc99_fscanf (stream=0x6085c0, format=<optimized out>) at isoc99_fscanf.c:34
#5  0x00007ffff7bcac42 in fann_create_from_fd () from /usr/local/lib/libfann.so.2
#6  0x00007ffff7bc8073 in fann_create_from_file () from /usr/local/lib/libfann.so.2
#7  0x0000000000402061 in inversek2j(float, float, float*, float*) ()
#8  0x000000000040179a in main ()

52	mul.c: No such file or directory.

Backtrace END
Memory content before bitflip:0x000x000x000x00
Fault Model: LSB bit-flip
base address to flip value: 0x7fffffffc9d0
address max offset: 4
Memory content after  bitflip:0x000x000x000x20
frame name: __GI_____strtof_l_internal
symbol name: bits
symbol filename: strtod_l.c
symbol line: 499
value: 536870912
value address: 0x7fffffffc9d0
Type: The type is an integer type.
Type sizeof: 4

[INFO -- 2018-12-01 02:37:24]
Fault Injection Successful after 8.13693356513977s
[INFO -- 2018-12-01 02:37:41]
event type: exit
[INFO -- 2018-12-01 02:37:41]
exit code: 0
