[INFO -- 2018-10-11 08:30:47]
sending 5 signals using command: 'killall -2 fft_nn.out' after 23.0061701364s
[INFO -- 2018-10-11 08:30:48]
sending 5 signals using command: 'killall -2 fft_nn.out' after 23.9553699006s
[INFO -- 2018-10-11 08:30:49]
sending 5 signals using command: 'killall -2 fft_nn.out' after 24.5066251578s
[INFO -- 2018-10-11 08:30:49]
Starting GDB script
[INFO -- 2018-10-11 08:30:49]
initSignal:0.0
[INFO -- 2018-10-11 08:30:49]
endSignal:5.0
[INFO -- 2018-10-11 08:30:51]
sending 5 signals using command: 'killall -2 fft_nn.out' after 2.0935338082s
[INFO -- 2018-10-11 08:30:52]
sending 5 signals using command: 'killall -2 fft_nn.out' after 3.0847844536s
[INFO -- 2018-10-11 08:30:53]
sending 5 signals using command: 'killall -2 fft_nn.out' after 3.97048382029s
[INFO -- 2018-10-11 08:31:10]
Execution finished before waitTime
