[INFO -- 2018-10-12 17:01:40]
sending 5 signals using command: 'killall -2 fft_nn.out' after 22.6615893759s
[INFO -- 2018-10-12 17:01:41]
sending 5 signals using command: 'killall -2 fft_nn.out' after 23.2197251222s
[INFO -- 2018-10-12 17:01:41]
sending 5 signals using command: 'killall -2 fft_nn.out' after 23.2225048161s
[INFO -- 2018-10-12 17:01:41]
Starting GDB script
[INFO -- 2018-10-12 17:01:41]
initSignal:0.0
[INFO -- 2018-10-12 17:01:41]
endSignal:5.0
[INFO -- 2018-10-12 17:01:43]
sending 5 signals using command: 'killall -2 fft_nn.out' after 2.43105700182s
[INFO -- 2018-10-12 17:01:44]
sending 5 signals using command: 'killall -2 fft_nn.out' after 2.90729076944s
[INFO -- 2018-10-12 17:01:44]
sending 5 signals using command: 'killall -2 fft_nn.out' after 3.42627598861s
[INFO -- 2018-10-12 17:02:02]
Execution finished before waitTime
