[INFO -- 2018-12-03 16:14:55]
Starting flip_value script
version: 1.1
[INFO -- 2018-12-03 16:14:55]
Initialization strings:
[INFO -- 2018-12-03 16:14:55]
(1) file /home/latansini/carol-fi/carol-fi/codes/nnfulldup/nn-knl-files/nn
[INFO -- 2018-12-03 16:14:55]
(2) set args /home/latansini/carol-fi/carol-fi/codes/nnfulldup/nn-knl-files/filelist 20 5 5 /home/latansini/carol-fi/carol-fi/codes/nnfulldup/nn-knl-files/out20_5_5
[INFO -- 2018-12-03 16:14:55]
initSignal:0
[INFO -- 2018-12-03 16:14:55]
endSignal:2
[INFO -- 2018-12-03 16:14:55]
faultModel:4
[EXCEPTION -- 2018-12-03 16:14:55]
pythonException: invalid frame
[INFO -- 2018-12-03 16:14:55]
Backtrace BEGIN:
#0  0x00007ffff78d4c9e in ?? () from /usr/lib/x86_64-linux-gnu/libgomp.so.1
#1  0x00007ffff78d2d39 in ?? () from /usr/lib/x86_64-linux-gnu/libgomp.so.1
#2  0x00007ffff78ce7da in GOMP_parallel () from /usr/lib/x86_64-linux-gnu/libgomp.so.1
#3  0x0000000000400f98 in nn_wrapper (filename=0x7fffffffe7d7 "/home/latansini/carol-fi/carol-fi/codes/nnfulldup/nn-knl-files/filelist", k=20, target_lat=5, target_long=5) at nn.c:97
#4  0x000000000040148d in main (argc=6, argv=0x7fffffffe568) at nn.c:195

168			fclose(logfile);
169		}
170	
171		if(file!= NULL){
172	    		fclose(file);
173		}
174	}
175	
176	int main(int argc, char* argv[]) {
177	    int    k=0;

Backtrace END
Fliping array at pos: 363
Memory content before bitflip:0x41
Fault Model: LSB bit-flip
base address to flip value: 0x7fffffffe33b 
address max offset: 1
Memory content after  bitflip:0x43
frame name: nn_wrapper
symbol name: sandbox
symbol filename: nn.c
symbol line: 30
value: "1985  4 10 18  8 GORDON     36.9 128.2   90   21\n1999  2  1  0 20 WILLIAM    40.1  26.8  137  624\n1981 11  6 12 12 KIRK       63.7  78.0   28   89\n1967  8  9 18 24 TONY       11.4 277.9  113  620\n1969"...
value address: 0x7fffffffe1d0
Type: The type is an array.
Type sizeof: 490
Field name: None
Field Type: A range type, that is, an integer type with bounds.
Field Type sizeof: 8
Field Type range: (0L, 489L)

[INFO -- 2018-12-03 16:14:55]
Fault Injection Successful after 0.754036903381s
[INFO -- 2018-12-03 16:14:57]
event type: exit
[INFO -- 2018-12-03 16:14:57]
exit code: 0
