[INFO -- 2018-10-17 05:11:17]
Starting flip_value script
version: 1.1
[INFO -- 2018-10-17 05:11:17]
Initialization strings:
[INFO -- 2018-10-17 05:11:17]
(1) file /home/latansini/Desktop/trabalhoftf/carol-fi/sample-code/inverse_nn/inversek2j_nn.out
[INFO -- 2018-10-17 05:11:17]
(2) set args /home/latansini/Desktop/trabalhoftf/carol-fi/sample-code/inverse_nn/input_250k /home/latansini/Desktop/trabalhoftf/carol-fi/sample-code/inverse_nn/output_falha.data
[INFO -- 2018-10-17 05:11:17]
initSignal:4
[INFO -- 2018-10-17 05:11:17]
endSignal:6
[INFO -- 2018-10-17 05:11:17]
faultModel:2
[INFO -- 2018-10-17 05:11:21]
Backtrace BEGIN:
#0  __GI__IO_sputbackc (fp=fp@entry=0x608610, c=c@entry=49) at genops.c:726
#1  0x00007ffff7028b63 in _IO_vfscanf_internal (s=s@entry=0x608610, format=<optimized out>, argptr=argptr@entry=0x7fffffffd0d8, errp=errp@entry=0x0) at vfscanf.c:625
#2  0x00007ffff7032162 in __isoc99_fscanf (stream=0x608610, format=<optimized out>) at isoc99_fscanf.c:34
#3  0x00007ffff7bcf187 in fann_create_from_fd () from /usr/local/lib/libfann.so.2
#4  0x00007ffff7bcf608 in fann_create_from_file () from /usr/local/lib/libfann.so.2
#5  0x000000000040199e in inversek2j(float, float, float*, float*) ()
#6  0x0000000000401631 in main ()

721	genops.c: Arquivo ou diretório não encontrado.

Backtrace END
Fliping a bit of the pointer
Memory content before bitflip:0x000x000x000x000x000x000x000x00
Fault Model: Random bit-flip
base address to flip value: 0x7ffff7398980 
address max offset: 8
Memory content after  bitflip:0x2a0x8b0x580x570x080x5f0xae0xb4
frame name: __GI__IO_sputbackc
symbol name: freeres_list
symbol filename: genops.c
symbol line: 944
value: 0x0
value address: 0x7ffff7398980 <freeres_list>
Type: The type is a pointer.
Type sizeof: 8

[INFO -- 2018-10-17 05:11:21]
Fault Injection Successful after 4.112294912338257s
[INFO -- 2018-10-17 05:11:27]
event type: exit
[INFO -- 2018-10-17 05:11:27]
exit code: 0
