[INFO -- 2018-10-10 15:57:22]
Starting flip_value script
version: 1.1
[INFO -- 2018-10-10 15:57:22]
Initialization strings:
[INFO -- 2018-10-10 15:57:22]
(1) file /tmp/fft_nn/fft_nn.out
[INFO -- 2018-10-10 15:57:22]
(2) set args 32768 /tmp/fft_nn/output_falha.data
[INFO -- 2018-10-10 15:57:22]
initSignal:10
[INFO -- 2018-10-10 15:57:22]
endSignal:15
[INFO -- 2018-10-10 15:57:22]
faultModel:2
[EXCEPTION -- 2018-10-10 15:57:32]
gdbException: Tentativo de desreferenciar um ponteiro genérico.
[INFO -- 2018-10-10 15:57:32]
Backtrace BEGIN:
#0  str_to_mpn (str=0x7fffffffd003 "6697897315025329590e-02", str@entry=0x7fffffffd000 "9.86697897315025329590e-02", digcnt=19, digcnt@entry=20, n=n@entry=0x7fffffffcf20, nsize=nsize@entry=0x7fffffffcef0, exponent=exponent@entry=0x7fffffffcf00, decimal_len=decimal_len@entry=1, thousands=thousands@entry=0x0, decimal=<optimized out>) at strtod_l.c:399
#1  0x00007ffff7012c2b in __GI_____strtof_l_internal (nptr=<optimized out>, endptr=<optimized out>, group=<optimized out>, loc=<optimized out>) at strtod_l.c:1427
#2  0x00007ffff7011d60 in __GI___strtof_internal (nptr=<optimized out>, endptr=<optimized out>, group=<optimized out>) at strtod.c:54
#3  0x00007ffff702b948 in _IO_vfscanf_internal (s=s@entry=0x6062c0, format=<optimized out>, argptr=argptr@entry=0x7fffffffd408, errp=errp@entry=0x0) at vfscanf.c:2365
#4  0x00007ffff7032162 in __isoc99_fscanf (stream=0x6062c0, format=<optimized out>) at isoc99_fscanf.c:34
#5  0x00007ffff7bcf187 in fann_create_from_fd () from /usr/local/lib/libfann.so.2
#6  0x00007ffff7bcf608 in fann_create_from_file () from /usr/local/lib/libfann.so.2
#7  0x00000000004019b7 in radix2DitCooleyTykeyFft(int, int*, Complex*, Complex*) ()
#8  0x0000000000401631 in main ()

394	strtod_l.c: Arquivo ou diretório não encontrado.

Backtrace END
Fliping array at pos: 8
Memory content before bitflip:0xff0xff0xff0xff0xff0xff0xff0xff
Fault Model: Random bit-flip
base address to flip value: 0x7fffffffcfb0
address max offset: 8
Memory content after  bitflip:0x920xc00x320xc90x170x3b0x4c0xdf
frame name: __GI_____strtof_l_internal
symbol name: den
symbol filename: strtod_l.c
symbol line: 494
value: {3875820019684212736, 54, 0, 0, 0, 140737488344856, 140737488343600, 5, 16090300542033772690, 4160570904}
value address: 0x7fffffffcf70
Type: The type is an array.
Type sizeof: 80
Field name: None
Field Type: A range type, that is, an integer type with bounds.
Field Type sizeof: 8
Field Type range: (0, 9)

[INFO -- 2018-10-10 15:57:32]
Fault Injection Successful after 10.51900839805603s
[INFO -- 2018-10-10 15:57:41]
event type: exit
[INFO -- 2018-10-10 15:57:41]
exit code: 0
