[INFO -- 2018-10-05 17:02:41]
Starting flip_value script
version: 1.1
[INFO -- 2018-10-05 17:02:41]
Initialization strings:
[INFO -- 2018-10-05 17:02:41]
(1) file /tmp/fft_nn/fft_nn.out
[INFO -- 2018-10-05 17:02:41]
(2) set args 32768 /tmp/fft_nn/output_falha.data
[INFO -- 2018-10-05 17:02:41]
initSignal:15
[INFO -- 2018-10-05 17:02:41]
endSignal:25
[INFO -- 2018-10-05 17:02:41]
faultModel:4
[EXCEPTION -- 2018-10-05 17:02:57]
gdbException: Tentativo de desreferenciar um ponteiro genérico.
[INFO -- 2018-10-05 17:02:57]
Backtrace BEGIN:
#0  __mpn_construct_float (frac_ptr=frac_ptr@entry=0x7fffffffd3d0, expt=-1, sign=sign@entry=0) at ../sysdeps/ieee754/flt-32/mpn2flt.c:33
#1  0x00007ffff7012346 in round_and_return (retval=0x7fffffffd3d0, exponent=<optimized out>, negative=negative@entry=0, round_limb=round_limb@entry=18227726855014711295, round_bit=<optimized out>, more_bits=<optimized out>) at strtod_l.c:327
#2  0x00007ffff7013332 in __GI_____strtof_l_internal (nptr=<optimized out>, endptr=<optimized out>, group=<optimized out>, loc=<optimized out>) at strtod_l.c:1613
#3  0x00007ffff7011d60 in __GI___strtof_internal (nptr=<optimized out>, endptr=<optimized out>, group=<optimized out>) at strtod.c:54
#4  0x00007ffff702b948 in _IO_vfscanf_internal (s=s@entry=0x6062c0, format=<optimized out>, argptr=argptr@entry=0x7fffffffd8c8, errp=errp@entry=0x0) at vfscanf.c:2365
#5  0x00007ffff7032162 in __isoc99_fscanf (stream=0x6062c0, format=<optimized out>) at isoc99_fscanf.c:34
#6  0x00007ffff7bcf187 in fann_create_from_fd () from /usr/local/lib/libfann.so.2
#7  0x00007ffff7bcf608 in fann_create_from_file () from /usr/local/lib/libfann.so.2
#8  0x00000000004019b7 in radix2DitCooleyTykeyFft(int, int*, Complex*, Complex*) ()
#9  0x0000000000401631 in main ()

28	in ../sysdeps/ieee754/flt-32/mpn2flt.c

Backtrace END
Fliping array at pos: 7
Memory content before bitflip:0x050x000x000x000x000x000x000x00
Fault Model: LSB bit-flip
base address to flip value: 0x7fffffffd468
address max offset: 8
Memory content after  bitflip:0x050x000x000x000x000x000x000x02
frame name: __GI_____strtof_l_internal
symbol name: den
symbol filename: strtod_l.c
symbol line: 494
value: {0, 15625000000000000000, 0, 0, 0, 140737488346072, 140737488344816, 144115188075855877, 18446744073709551615, 4160570904}
value address: 0x7fffffffd430
Type: The type is an array.
Type sizeof: 80
Field name: None
Field Type: A range type, that is, an integer type with bounds.
Field Type sizeof: 8
Field Type range: (0, 9)

[INFO -- 2018-10-05 17:02:57]
Fault Injection Successful after 16.857306718826294s
[INFO -- 2018-10-05 17:03:01]
event type: exit
[INFO -- 2018-10-05 17:03:01]
exit code: 0
