[INFO -- 2018-10-06 17:37:30]
Starting flip_value script
version: 1.1
[INFO -- 2018-10-06 17:37:30]
Initialization strings:
[INFO -- 2018-10-06 17:37:30]
(1) file /tmp/fft_nn/fft_nn.out
[INFO -- 2018-10-06 17:37:30]
(2) set args 32768 /tmp/fft_nn/output_falha.data
[INFO -- 2018-10-06 17:37:30]
initSignal:15
[INFO -- 2018-10-06 17:37:30]
endSignal:25
[INFO -- 2018-10-06 17:37:30]
faultModel:4
[EXCEPTION -- 2018-10-06 17:37:45]
gdbException: Tentativo de desreferenciar um ponteiro genérico.
[EXCEPTION -- 2018-10-06 17:37:45]
gdbException: No symbol "None" in current context.
[EXCEPTION -- 2018-10-06 17:37:45]
gdbException: Tentativo de desreferenciar um ponteiro genérico.
[INFO -- 2018-10-06 17:37:45]
Backtrace BEGIN:
#0  0x00007ffff7011e63 in str_to_mpn (str=0x7fffffffd4d2 "0469e-01", str@entry=0x7fffffffd4c0 "3.35148692131042480469e-01", digcnt=4, digcnt@entry=21, n=n@entry=0x7fffffffd3e0, nsize=nsize@entry=0x7fffffffd3b0, exponent=exponent@entry=0x7fffffffd3c0, decimal_len=decimal_len@entry=1, thousands=thousands@entry=0x0, decimal=<optimized out>) at strtod_l.c:373
#1  0x00007ffff7012c2b in __GI_____strtof_l_internal (nptr=<optimized out>, endptr=<optimized out>, group=<optimized out>, loc=<optimized out>) at strtod_l.c:1427
#2  0x00007ffff7011d60 in __GI___strtof_internal (nptr=<optimized out>, endptr=<optimized out>, group=<optimized out>) at strtod.c:54
#3  0x00007ffff702b948 in _IO_vfscanf_internal (s=s@entry=0x6062c0, format=<optimized out>, argptr=argptr@entry=0x7fffffffd8c8, errp=errp@entry=0x0) at vfscanf.c:2365
#4  0x00007ffff7032162 in __isoc99_fscanf (stream=0x6062c0, format=<optimized out>) at isoc99_fscanf.c:34
#5  0x00007ffff7bcf187 in fann_create_from_fd () from /usr/local/lib/libfann.so.2
#6  0x00007ffff7bcf608 in fann_create_from_file () from /usr/local/lib/libfann.so.2
#7  0x00000000004019b7 in radix2DitCooleyTykeyFft(int, int*, Complex*, Complex*) ()
#8  0x0000000000401631 in main ()

368	in strtod_l.c

Backtrace END
Fliping value of field: __prev
Fliping a bit of the pointer
Memory content before bitflip:0x000x000x000x000x000x000x000x00
Fault Model: LSB bit-flip
base address to flip value: 0x7fffffffd758
address max offset: 8
Memory content after  bitflip:0x000x000x000x000x000x000x000x08
frame name: _IO_vfscanf_internal
symbol name: _buffer
symbol filename: vfscanf.c
symbol line: 358
value: {__routine = 0x7ffff7031cc0 <__funlockfile>, __arg = 0x6062c0, __canceltype = 0, __prev = 0x800000000000000}
value address: 0x7fffffffd740
Type: The type is a structure.
Type sizeof: 32
Field name: __routine
Field Type: The type is a pointer.
Field Type sizeof: 8
Field name: __arg
Field Type: The type is a pointer.
Field Type sizeof: 8
Field name: __canceltype
Field Type: The type is an integer type.
Field Type sizeof: 4
Field name: __prev
Field Type: The type is a pointer.
Field Type sizeof: 8

[INFO -- 2018-10-06 17:37:45]
Fault Injection Successful after 15.912643909454346s
[INFO -- 2018-10-06 17:37:49]
event type: exit
[INFO -- 2018-10-06 17:37:49]
exit code: 0
