[INFO -- 2018-10-10 05:02:50]
sending 5 signals using command: 'killall -2 fft_nn.out' after 21.0310343198s
[INFO -- 2018-10-10 05:02:51]
sending 5 signals using command: 'killall -2 fft_nn.out' after 21.8027842718s
[INFO -- 2018-10-10 05:02:52]
sending 5 signals using command: 'killall -2 fft_nn.out' after 22.9454638606s
[INFO -- 2018-10-10 05:02:52]
Starting GDB script
[INFO -- 2018-10-10 05:02:52]
initSignal:0.0
[INFO -- 2018-10-10 05:02:52]
endSignal:5.0
[INFO -- 2018-10-10 05:02:55]
sending 5 signals using command: 'killall -2 fft_nn.out' after 2.71182698454s
[INFO -- 2018-10-10 05:02:55]
sending 5 signals using command: 'killall -2 fft_nn.out' after 2.85109713036s
[INFO -- 2018-10-10 05:02:56]
sending 5 signals using command: 'killall -2 fft_nn.out' after 3.80040927671s
[INFO -- 2018-10-10 05:03:13]
Execution finished before waitTime
