[INFO -- 2018-10-04 15:30:48]
sending 5 signals using command: 'killall -2 inversek2j_nn.out' after 17.7006711091s
[INFO -- 2018-10-04 15:30:49]
sending 5 signals using command: 'killall -2 inversek2j_nn.out' after 18.3896916604s
[INFO -- 2018-10-04 15:30:50]
sending 5 signals using command: 'killall -2 inversek2j_nn.out' after 20.0177829668s
[INFO -- 2018-10-04 15:30:51]
Starting GDB script
[INFO -- 2018-10-04 15:30:51]
initSignal:0.0
[INFO -- 2018-10-04 15:30:51]
endSignal:48.0
[INFO -- 2018-10-04 15:30:57]
sending 5 signals using command: 'killall -2 inversek2j_nn.out' after 6.1288282825s
[INFO -- 2018-10-04 15:30:58]
sending 5 signals using command: 'killall -2 inversek2j_nn.out' after 7.85417792464s
[INFO -- 2018-10-04 15:31:03]
sending 5 signals using command: 'killall -2 inversek2j_nn.out' after 12.9714991054s
[INFO -- 2018-10-04 15:32:03]
Execution finished before waitTime
