[INFO -- 2018-10-09 06:53:33]
sending 5 signals using command: 'killall -2 fft_nn.out' after 21.9368003975s
[INFO -- 2018-10-09 06:53:33]
sending 5 signals using command: 'killall -2 fft_nn.out' after 22.2835833037s
[INFO -- 2018-10-09 06:53:34]
sending 5 signals using command: 'killall -2 fft_nn.out' after 22.9843368997s
[INFO -- 2018-10-09 06:53:34]
Starting GDB script
[INFO -- 2018-10-09 06:53:34]
initSignal:0.0
[INFO -- 2018-10-09 06:53:34]
endSignal:5.0
[INFO -- 2018-10-09 06:53:36]
sending 5 signals using command: 'killall -2 fft_nn.out' after 2.10921448902s
[INFO -- 2018-10-09 06:53:37]
sending 5 signals using command: 'killall -2 fft_nn.out' after 3.17654332887s
[INFO -- 2018-10-09 06:53:38]
sending 5 signals using command: 'killall -2 fft_nn.out' after 4.3185677489s
[INFO -- 2018-10-09 06:53:55]
Execution finished before waitTime
