[INFO -- 2018-10-16 14:33:13]
Starting flip_value script
version: 1.1
[INFO -- 2018-10-16 14:33:13]
Initialization strings:
[INFO -- 2018-10-16 14:33:13]
(1) file /home/latansini/Desktop/trabalhoftf/carol-fi/sample-code/inverse_nn/inversek2j_nn.out
[INFO -- 2018-10-16 14:33:13]
(2) set args /home/latansini/Desktop/trabalhoftf/carol-fi/sample-code/inverse_nn/input_250k /home/latansini/Desktop/trabalhoftf/carol-fi/sample-code/inverse_nn/output_falha.data
[INFO -- 2018-10-16 14:33:13]
initSignal:8
[INFO -- 2018-10-16 14:33:13]
endSignal:10
[INFO -- 2018-10-16 14:33:13]
faultModel:4
[EXCEPTION -- 2018-10-16 14:33:21]
gdbException: Tentativo de desreferenciar um ponteiro genérico.
[INFO -- 2018-10-16 14:33:21]
Backtrace BEGIN:
#0  0x00007ffff700cdcc in __mpn_mul (prodp=<optimized out>, prodp@entry=0x7fffffffcbf0, up=<optimized out>, usize=<optimized out>, vp=vp@entry=0x7fffffffcc40, vsize=vsize@entry=1) at mul.c:151
#1  0x00007ffff7012bb9 in __GI_____strtof_l_internal (nptr=<optimized out>, endptr=<optimized out>, group=<optimized out>, loc=<optimized out>) at strtod_l.c:1408
#2  0x00007ffff7011d60 in __GI___strtof_internal (nptr=<optimized out>, endptr=<optimized out>, group=<optimized out>) at strtod.c:54
#3  0x00007ffff702b948 in _IO_vfscanf_internal (s=s@entry=0x608610, format=<optimized out>, argptr=argptr@entry=0x7fffffffd0d8, errp=errp@entry=0x0) at vfscanf.c:2365
#4  0x00007ffff7032162 in __isoc99_fscanf (stream=0x608610, format=<optimized out>) at isoc99_fscanf.c:34
#5  0x00007ffff7bcf187 in fann_create_from_fd () from /usr/local/lib/libfann.so.2
#6  0x00007ffff7bcf608 in fann_create_from_file () from /usr/local/lib/libfann.so.2
#7  0x000000000040199e in inversek2j(float, float, float*, float*) ()
#8  0x0000000000401631 in main ()

146	in mul.c

Backtrace END
Fliping array at pos: 9
Memory content before bitflip:0x040x000x000x000x000x000x000x00
Fault Model: LSB bit-flip
base address to flip value: 0x7fffffffcc38
address max offset: 8
Memory content after  bitflip:0x040x000x000x000x000x000x000x01
frame name: __GI_____strtof_l_internal
symbol name: num
symbol filename: strtod_l.c
symbol line: 485
value: {100000, 0, 0, 1, 11, 140737488342017, 140737354076069, 140733193388032, 33, 72057594037927940}
value address: 0x7fffffffcbf0
Type: The type is an array.
Type sizeof: 80
Field name: None
Field Type: A range type, that is, an integer type with bounds.
Field Type sizeof: 8
Field Type range: (0, 9)

[INFO -- 2018-10-16 14:33:21]
Fault Injection Successful after 8.888572454452515s
[INFO -- 2018-10-16 14:33:23]
event type: exit
[INFO -- 2018-10-16 14:33:23]
exit code: 0
