[INFO -- 2018-10-09 20:50:21]
sending 5 signals using command: 'killall -2 fft_nn.out' after 22.8318963104s
[INFO -- 2018-10-09 20:50:21]
sending 5 signals using command: 'killall -2 fft_nn.out' after 23.2367060351s
[INFO -- 2018-10-09 20:50:22]
sending 5 signals using command: 'killall -2 fft_nn.out' after 24.2465374288s
[INFO -- 2018-10-09 20:50:22]
Starting GDB script
[INFO -- 2018-10-09 20:50:22]
initSignal:0.0
[INFO -- 2018-10-09 20:50:22]
endSignal:5.0
[INFO -- 2018-10-09 20:50:22]
sending 5 signals using command: 'killall -2 fft_nn.out' after 0.0377567977163s
[INFO -- 2018-10-09 20:50:27]
sending 5 signals using command: 'killall -2 fft_nn.out' after 4.36750596696s
[INFO -- 2018-10-09 20:50:27]
sending 5 signals using command: 'killall -2 fft_nn.out' after 4.93004274317s
[INFO -- 2018-10-09 20:50:43]
Execution finished before waitTime
