[INFO -- 2018-10-19 13:14:06]
Starting flip_value script
version: 1.1
[INFO -- 2018-10-19 13:14:06]
Initialization strings:
[INFO -- 2018-10-19 13:14:06]
(1) file /home/latansini/Desktop/trabalhoftf/carol-fi/sample-code/knn/nn-knl-files/nn
[INFO -- 2018-10-19 13:14:06]
(2) set args /home/latansini/Desktop/trabalhoftf/carol-fi/sample-code/knn/nn-knl-files/filelist 15 25 25 /home/latansini/Desktop/trabalhoftf/carol-fi/sample-code/knn/nn-knl-files/out15_25_25
[INFO -- 2018-10-19 13:14:06]
initSignal:3
[INFO -- 2018-10-19 13:14:06]
endSignal:4
[INFO -- 2018-10-19 13:14:06]
faultModel:3
[EXCEPTION -- 2018-10-19 13:14:10]
pythonException: invalid frame
[EXCEPTION -- 2018-10-19 13:14:10]
pythonException: invalid frame
[INFO -- 2018-10-19 13:14:10]
Backtrace BEGIN:
#0  0x00007ffff78bdc8e in ?? () from /usr/lib/x86_64-linux-gnu/libgomp.so.1
#1  0x00007ffff78bc0e2 in ?? () from /usr/lib/x86_64-linux-gnu/libgomp.so.1
#2  0x0000000000401184 in main (argc=6, argv=0x7fffffffd8b8) at nn.c:115

20	* This program finds the k-nearest neighbors
21	* Usage:	./nn <filelist> <num> <target latitude> <target longitude> <out filename>
22	*			filelist: File with the filenames to the records
23	*			num: Number of nearest neighbors to find
24	*			target lat: Latitude coordinate for distance calculations
25	*			target long: Longitude coordinate for distance calculations
26	* The filelist and data are generated by hurricane_gen.c
27	* REC_WINDOW has been arbitrarily assigned; A larger value would allow more work for the threads
28	*/
29	int main(int argc, char* argv[]) {

Backtrace END
Fliping array at pos: 476
Memory content before bitflip:0x37
Fault Model: Zero bit-flip
base address to flip value: 0x7fffffffd79c 
address max offset: 1
Memory content after  bitflip:0x00
frame name: main
symbol name: sandbox
symbol filename: nn.c
symbol line: 32
value: "1966  4 19  6 27 NADINE     23.7  49.7   14  606\n2003  6 22  0  7 WILLIAM    19.9 103.2   10  459\n2000  4 11 18  8 ISAAC      37.0 132.1   44  120\n1994  6 10  6  5 RAFAEL     29.3 270.4   39  330\n1956"...
value address: 0x7fffffffd5c0
Type: The type is an array.
Type sizeof: 490
Field name: None
Field Type: A range type, that is, an integer type with bounds.
Field Type sizeof: 8
Field Type range: (0, 489)

[INFO -- 2018-10-19 13:14:10]
Fault Injection Successful after 4.252333641052246s
[INFO -- 2018-10-19 13:14:12]
event type: exit
[INFO -- 2018-10-19 13:14:12]
exit code: 0
