[INFO -- 2018-10-17 08:44:18]
Starting flip_value script
version: 1.1
[INFO -- 2018-10-17 08:44:18]
Initialization strings:
[INFO -- 2018-10-17 08:44:18]
(1) file /home/latansini/Desktop/trabalhoftf/carol-fi/sample-code/inverse_nn/inversek2j_nn.out
[INFO -- 2018-10-17 08:44:18]
(2) set args /home/latansini/Desktop/trabalhoftf/carol-fi/sample-code/inverse_nn/input_250k /home/latansini/Desktop/trabalhoftf/carol-fi/sample-code/inverse_nn/output_falha.data
[INFO -- 2018-10-17 08:44:18]
initSignal:8
[INFO -- 2018-10-17 08:44:18]
endSignal:10
[INFO -- 2018-10-17 08:44:18]
faultModel:4
[EXCEPTION -- 2018-10-17 08:44:26]
gdbException: Tentativo de desreferenciar um ponteiro genérico.
[INFO -- 2018-10-17 08:44:26]
Backtrace BEGIN:
#0  0x00007ffff70297cc in _IO_vfscanf_internal (s=s@entry=0x608610, format=<optimized out>, argptr=argptr@entry=0x7fffffffd0d8, errp=errp@entry=0x0) at vfscanf.c:1895
#1  0x00007ffff7032162 in __isoc99_fscanf (stream=0x608610, format=<optimized out>) at isoc99_fscanf.c:34
#2  0x00007ffff7bcf187 in fann_create_from_fd () from /usr/local/lib/libfann.so.2
#3  0x00007ffff7bcf608 in fann_create_from_file () from /usr/local/lib/libfann.so.2
#4  0x000000000040199e in inversek2j(float, float, float*, float*) ()
#5  0x0000000000401631 in main ()

1890	in vfscanf.c

Backtrace END
Fliping a bit of the value pointed by a pointer
Memory content before bitflip:0x00
Fault Model: LSB bit-flip
base address to flip value: 0x7fffffffccd2 
address max offset: 1
Memory content after  bitflip:0x08
frame name: _IO_vfscanf_internal
symbol name: tw
symbol filename: vfscanf.c
symbol line: 271
value: 0x7fffffffccd2 "\b2953489422798156738e-01"
value address: 0x7fffffffcf00
Type: The type is a pointer.
Type sizeof: 8

[INFO -- 2018-10-17 08:44:26]
Fault Injection Successful after 8.66923213005066s
[INFO -- 2018-10-17 08:44:28]
event type: exit
[INFO -- 2018-10-17 08:44:28]
exit code: 0
