[INFO -- 2018-12-02 18:32:24]
Starting flip_value script
version: 1.1
[INFO -- 2018-12-02 18:32:24]
Initialization strings:
[INFO -- 2018-12-02 18:32:24]
(1) file /home/latansini/Desktop/CAROL-FI/etapa2/carol-fi/codes/fftfulldup/fft_nn.out
[INFO -- 2018-12-02 18:32:24]
(2) set args 32768 /home/latansini/Desktop/CAROL-FI/etapa2/carol-fi/codes/fftfulldup/output.data
[INFO -- 2018-12-02 18:32:24]
initSignal:0
[INFO -- 2018-12-02 18:32:24]
endSignal:40
[INFO -- 2018-12-02 18:32:24]
faultModel:1
[INFO -- 2018-12-02 18:32:30]
Backtrace BEGIN:
#0  0x00007ffff6f94e2a in str_to_mpn (str=0x7fffffffceaa "933471679688e+00", str@entry=0x7fffffffcea1 ".54049634933471679688e+00", digcnt=12, digcnt@entry=20, n=n@entry=0x7fffffffcdc0, nsize=nsize@entry=0x7fffffffcd90, exponent=exponent@entry=0x7fffffffcda0, decimal_len=decimal_len@entry=1, thousands=thousands@entry=0x0, decimal=<optimized out>) at strtod_l.c:385
#1  0x00007ffff6f95c2b in __GI_____strtof_l_internal (nptr=<optimized out>, endptr=<optimized out>, group=<optimized out>, loc=<optimized out>) at strtod_l.c:1427
#2  0x00007ffff6f94d60 in __GI___strtof_internal (nptr=<optimized out>, endptr=<optimized out>, group=<optimized out>) at strtod.c:54
#3  0x00007ffff6fae948 in _IO_vfscanf_internal (s=s@entry=0x618f00, format=<optimized out>, argptr=argptr@entry=0x7fffffffd2a8, errp=errp@entry=0x0) at vfscanf.c:2365
#4  0x00007ffff6fb5162 in __isoc99_fscanf (stream=0x618f00, format=<optimized out>) at isoc99_fscanf.c:34
#5  0x00007ffff7bcf187 in fann_create_from_fd () from /usr/local/lib/libfann.so.2
#6  0x00007ffff7bcf608 in fann_create_from_file () from /usr/local/lib/libfann.so.2
#7  0x0000000000401de7 in radix2DitCooleyTykeyFft(int, int*, Complex*, Complex*) ()
#8  0x0000000000401857 in main ()

380	strtod_l.c: Arquivo ou diretório não encontrado.

Backtrace END
Memory content before bitflip:0x000x000x000x00
Fault Model: Double bit-flip
base address to flip value: 0x7fffffffd070
address max offset: 4
Memory content after  bitflip:0x000x000x210x00
frame name: _IO_vfscanf_internal
symbol name: flags
symbol filename: vfscanf.c
symbol line: 222
value: 2162688
value address: 0x7fffffffd070
Type: The type is an integer type.
Type sizeof: 4

[INFO -- 2018-12-02 18:32:30]
Fault Injection Successful after 6.549494981765747s
[INFO -- 2018-12-02 18:33:03]
event type: exit
[INFO -- 2018-12-02 18:33:03]
exit code: 0
