[INFO -- 2018-12-01 11:44:59]
Starting flip_value script
version: 1.1
[INFO -- 2018-12-01 11:44:59]
Initialization strings:
[INFO -- 2018-12-01 11:44:59]
(1) file /home/lignati/carol-fi/codes/inversefulldup/inversek2j.nn.out
[INFO -- 2018-12-01 11:44:59]
(2) set args /home/lignati/carol-fi/codes/inversefulldup/input_250k /home/lignati/carol-fi/codes/inversefulldup/output_falha.data
[INFO -- 2018-12-01 11:44:59]
initSignal:0
[INFO -- 2018-12-01 11:44:59]
endSignal:25
[INFO -- 2018-12-01 11:44:59]
faultModel:3
[EXCEPTION -- 2018-12-01 11:45:07]
gdbException: Attempt to dereference a generic pointer.
[INFO -- 2018-12-01 11:45:07]
Backtrace BEGIN:
#0  0x00007ffff7013017 in str_to_mpn (str=0x7fffffffcb46 "e+00", str@entry=0x7fffffffcb31 ".58753108978271484375e+00", digcnt=<optimized out>, digcnt@entry=20, n=n@entry=0x7fffffffca50, nsize=nsize@entry=0x7fffffffca20, exponent=exponent@entry=0x7fffffffca30, decimal_len=decimal_len@entry=1, thousands=thousands@entry=0x0, decimal=<optimized out>) at strtod_l.c:425
#1  0x00007ffff7013c2b in __GI_____strtof_l_internal (nptr=<optimized out>, endptr=<optimized out>, group=<optimized out>, loc=<optimized out>) at strtod_l.c:1427
#2  0x00007ffff7012d60 in __GI___strtof_internal (nptr=<optimized out>, endptr=<optimized out>, group=<optimized out>) at strtod.c:54
#3  0x00007ffff702c948 in _IO_vfscanf_internal (s=s@entry=0x6085c0, format=<optimized out>, argptr=argptr@entry=0x7fffffffcf38, errp=errp@entry=0x0) at vfscanf.c:2365
#4  0x00007ffff7033162 in __isoc99_fscanf (stream=0x6085c0, format=<optimized out>) at isoc99_fscanf.c:34
#5  0x00007ffff7bcac42 in fann_create_from_fd () from /usr/local/lib/libfann.so.2
#6  0x00007ffff7bc8073 in fann_create_from_file () from /usr/local/lib/libfann.so.2
#7  0x0000000000402061 in inversek2j(float, float, float*, float*) ()
#8  0x000000000040179a in main ()

420	strtod_l.c: No such file or directory.

Backtrace END
Fliping a bit of the pointer
Memory content before bitflip:0x000x000x000x000x000x000x000x00
Fault Model: Zero bit-flip
base address to flip value: 0x7fffffffc990
address max offset: 8
Memory content after  bitflip:0x000x000x000x000x000x000x000x00
frame name: str_to_mpn
symbol name: thousands
symbol filename: strtod_l.c
symbol line: 340
value: 0x0
value address: 0x7fffffffc990
Type: The type is a pointer.
Type sizeof: 8

[INFO -- 2018-12-01 11:45:07]
Fault Injection Successful after 8.815561294555664s
[INFO -- 2018-12-01 11:45:24]
event type: exit
[INFO -- 2018-12-01 11:45:24]
exit code: 0
