[INFO -- 2018-10-12 04:49:13]
sending 5 signals using command: 'killall -2 fft_nn.out' after 22.3570596311s
[INFO -- 2018-10-12 04:49:14]
sending 5 signals using command: 'killall -2 fft_nn.out' after 22.9936013428s
[INFO -- 2018-10-12 04:49:16]
sending 5 signals using command: 'killall -2 fft_nn.out' after 24.9002546443s
[INFO -- 2018-10-12 04:49:16]
Starting GDB script
[INFO -- 2018-10-12 04:49:16]
initSignal:0.0
[INFO -- 2018-10-12 04:49:16]
endSignal:5.0
[INFO -- 2018-10-12 04:49:18]
sending 5 signals using command: 'killall -2 fft_nn.out' after 1.71963093682s
[INFO -- 2018-10-12 04:49:18]
sending 5 signals using command: 'killall -2 fft_nn.out' after 2.06370582665s
[INFO -- 2018-10-12 04:49:18]
sending 5 signals using command: 'killall -2 fft_nn.out' after 2.13950978738s
[INFO -- 2018-10-12 04:49:37]
Execution finished before waitTime
