[INFO -- 2018-10-07 18:20:21]
Starting flip_value script
version: 1.1
[INFO -- 2018-10-07 18:20:21]
Initialization strings:
[INFO -- 2018-10-07 18:20:21]
(1) file /tmp/fft_nn/fft_nn.out
[INFO -- 2018-10-07 18:20:21]
(2) set args 32768 /tmp/fft_nn/output_falha.data
[INFO -- 2018-10-07 18:20:21]
initSignal:0
[INFO -- 2018-10-07 18:20:21]
endSignal:5
[INFO -- 2018-10-07 18:20:21]
faultModel:0
[EXCEPTION -- 2018-10-07 18:20:21]
gdbException: Tentativo de desreferenciar um ponteiro genérico.
[INFO -- 2018-10-07 18:20:21]
Backtrace BEGIN:
#0  0x00007ffff7012c38 in __GI_____strtof_l_internal (nptr=<optimized out>, endptr=<optimized out>, group=<optimized out>, loc=<optimized out>) at strtod_l.c:1444
#1  0x00007ffff7011d60 in __GI___strtof_internal (nptr=<optimized out>, endptr=<optimized out>, group=<optimized out>) at strtod.c:54
#2  0x00007ffff702b948 in _IO_vfscanf_internal (s=s@entry=0x6062c0, format=<optimized out>, argptr=argptr@entry=0x7fffffffd8c8, errp=errp@entry=0x0) at vfscanf.c:2365
#3  0x00007ffff7032162 in __isoc99_fscanf (stream=0x6062c0, format=<optimized out>) at isoc99_fscanf.c:34
#4  0x00007ffff7bcf0eb in fann_create_from_fd () from /usr/local/lib/libfann.so.2
#5  0x00007ffff7bcf608 in fann_create_from_file () from /usr/local/lib/libfann.so.2
#6  0x00000000004019b7 in radix2DitCooleyTykeyFft(int, int*, Complex*, Complex*) ()
#7  0x0000000000401631 in main ()

1439	strtod_l.c: Arquivo ou diretório não encontrado.

Backtrace END
Memory content before bitflip:0x000x000x000x00
Fault Model: Single bit-flip
base address to flip value: 0x7fffffffd690
address max offset: 4
Memory content after  bitflip:0x000x000x010x00
frame name: _IO_vfscanf_internal
symbol name: flags
symbol filename: vfscanf.c
symbol line: 222
value: 65536
value address: 0x7fffffffd690
Type: The type is an integer type.
Type sizeof: 4

[INFO -- 2018-10-07 18:20:21]
Fault Injection Successful after 0.9982943534851074s
[INFO -- 2018-10-07 18:20:41]
event type: exit
[INFO -- 2018-10-07 18:20:41]
exit code: 0
