[INFO -- 2018-10-17 01:23:51]
Starting flip_value script
version: 1.1
[INFO -- 2018-10-17 01:23:51]
Initialization strings:
[INFO -- 2018-10-17 01:23:51]
(1) file /home/latansini/Desktop/trabalhoftf/carol-fi/sample-code/inverse_nn/inversek2j_nn.out
[INFO -- 2018-10-17 01:23:51]
(2) set args /home/latansini/Desktop/trabalhoftf/carol-fi/sample-code/inverse_nn/input_250k /home/latansini/Desktop/trabalhoftf/carol-fi/sample-code/inverse_nn/output_falha.data
[INFO -- 2018-10-17 01:23:51]
initSignal:6
[INFO -- 2018-10-17 01:23:51]
endSignal:8
[INFO -- 2018-10-17 01:23:51]
faultModel:3
[INFO -- 2018-10-17 01:23:57]
Backtrace BEGIN:
#0  get_rounding_mode () at ../sysdeps/generic/get-rounding-mode.h:94
#1  round_and_return (retval=0x7fffffffcbe0, exponent=-3, negative=negative@entry=0, round_limb=round_limb@entry=3931131201787527167, round_bit=37, more_bits=1) at strtod_l.c:202
#2  0x00007ffff7013332 in __GI_____strtof_l_internal (nptr=<optimized out>, endptr=<optimized out>, group=<optimized out>, loc=<optimized out>) at strtod_l.c:1613
#3  0x00007ffff7011d60 in __GI___strtof_internal (nptr=<optimized out>, endptr=<optimized out>, group=<optimized out>) at strtod.c:54
#4  0x00007ffff702b948 in _IO_vfscanf_internal (s=s@entry=0x608610, format=<optimized out>, argptr=argptr@entry=0x7fffffffd0d8, errp=errp@entry=0x0) at vfscanf.c:2365
#5  0x00007ffff7032162 in __isoc99_fscanf (stream=0x608610, format=<optimized out>) at isoc99_fscanf.c:34
#6  0x00007ffff7bcf187 in fann_create_from_fd () from /usr/local/lib/libfann.so.2
#7  0x00007ffff7bcf608 in fann_create_from_file () from /usr/local/lib/libfann.so.2
#8  0x000000000040199e in inversek2j(float, float, float*, float*) ()
#9  0x0000000000401631 in main ()

89	../sysdeps/generic/get-rounding-mode.h: Arquivo ou diretório não encontrado.

Backtrace END
Fliping array at pos: 12
Memory content before bitflip:0x5f
Fault Model: Zero bit-flip
base address to flip value: 0x7ffff715cb8c  
address max offset: 1
Memory content after  bitflip:0x00
frame name: __GI_____strtof_l_internal
symbol name: __PRETTY_FUNCTION__
symbol filename: strtof_l.c
symbol line: 0
value: "____strtof_l\000internal"
value address: 0x7ffff715cb80 <__PRETTY_FUNCTION__.11547>
Type: The type is an array.
Type sizeof: 22
Field name: None
Field Type: A range type, that is, an integer type with bounds.
Field Type sizeof: 8
Field Type range: (0, 21)

[INFO -- 2018-10-17 01:23:57]
Fault Injection Successful after 6.361562967300415s
[INFO -- 2018-10-17 01:24:01]
event type: exit
[INFO -- 2018-10-17 01:24:01]
exit code: 0
