[INFO -- 2018-10-18 18:59:04]
Starting flip_value script
version: 1.1
[INFO -- 2018-10-18 18:59:04]
Initialization strings:
[INFO -- 2018-10-18 18:59:04]
(1) file /home/latansini/Desktop/trabalhoftf/carol-fi/sample-code/knn/nn-knl-files/nn
[INFO -- 2018-10-18 18:59:04]
(2) set args /home/latansini/Desktop/trabalhoftf/carol-fi/sample-code/knn/nn-knl-files/filelist 15 25 25 /home/latansini/Desktop/trabalhoftf/carol-fi/sample-code/knn/nn-knl-files/out15_25_25
[INFO -- 2018-10-18 18:59:04]
initSignal:2
[INFO -- 2018-10-18 18:59:04]
endSignal:3
[INFO -- 2018-10-18 18:59:04]
faultModel:2
[EXCEPTION -- 2018-10-18 18:59:06]
pythonException: invalid frame
[INFO -- 2018-10-18 18:59:06]
Backtrace BEGIN:
#0  main (argc=6, argv=0x7fffffffd8b8) at nn.c:131

126	        for( i = 0 ; i < rec_count ; i++ ) {
127	            float max_dist = -1;
128	            int max_idx = 0;
129	            // find a neighbor with greatest dist and take his spot if allowed!
130	            for( j = 0 ; j < k ; j++ ) {
131	                if( neighbors[j].dist > max_dist ) {
132	                    max_dist = neighbors[j].dist;
133	                    max_idx = j;
134	                }
135	            }

Backtrace END
Memory content before bitflip:0x000x000xc80x41
Fault Model: Random bit-flip
base address to flip value: 0x7fffffffd508
address max offset: 4
Memory content after  bitflip:0x0a0xf50x5a0x0b
frame name: main
symbol name: target_lat
symbol filename: nn.c
symbol line: 34
value: 4,21696197e-32
value address: 0x7fffffffd508
Type: A floating point type.
Type sizeof: 4

[INFO -- 2018-10-18 18:59:06]
Fault Injection Successful after 2.903745651245117s
[INFO -- 2018-10-18 18:59:10]
event type: exit
[INFO -- 2018-10-18 18:59:10]
exit code: 0
