[INFO -- 2018-10-11 08:55:02]
Starting flip_value script
version: 1.1
[INFO -- 2018-10-11 08:55:02]
Initialization strings:
[INFO -- 2018-10-11 08:55:02]
(1) file /tmp/fft_nn/fft_nn.out
[INFO -- 2018-10-11 08:55:02]
(2) set args 32768 /tmp/fft_nn/output_falha.data
[INFO -- 2018-10-11 08:55:02]
initSignal:5
[INFO -- 2018-10-11 08:55:02]
endSignal:10
[INFO -- 2018-10-11 08:55:02]
faultModel:1
[INFO -- 2018-10-11 08:55:08]
Backtrace BEGIN:
#0  __GI_____strtof_l_internal (nptr=<optimized out>, endptr=<optimized out>, group=<optimized out>, loc=<optimized out>) at strtod_l.c:1395
#1  0x00007ffff7011d60 in __GI___strtof_internal (nptr=<optimized out>, endptr=<optimized out>, group=<optimized out>) at strtod.c:54
#2  0x00007ffff702b948 in _IO_vfscanf_internal (s=s@entry=0x6062c0, format=<optimized out>, argptr=argptr@entry=0x7fffffffd408, errp=errp@entry=0x0) at vfscanf.c:2365
#3  0x00007ffff7032162 in __isoc99_fscanf (stream=0x6062c0, format=<optimized out>) at isoc99_fscanf.c:34
#4  0x00007ffff7bcf187 in fann_create_from_fd () from /usr/local/lib/libfann.so.2
#5  0x00007ffff7bcf608 in fann_create_from_file () from /usr/local/lib/libfann.so.2
#6  0x00000000004019b7 in radix2DitCooleyTykeyFft(int, int*, Complex*, Complex*) ()
#7  0x0000000000401631 in main ()

1390	strtod_l.c: Arquivo ou diretório não encontrado.

Backtrace END
Memory content before bitflip:0x000x000x000x00
Fault Model: Double bit-flip
base address to flip value: 0x7fffffffce80
address max offset: 4
Memory content after  bitflip:0x000x000x0a0x00
frame name: __GI_____strtof_l_internal
symbol name: negative
symbol filename: strtod_l.c
symbol line: 484
value: 655360
value address: 0x7fffffffce80
Type: The type is an integer type.
Type sizeof: 4

[INFO -- 2018-10-11 08:55:08]
Fault Injection Successful after 6.589731931686401s
[INFO -- 2018-10-11 08:55:22]
event type: exit
[INFO -- 2018-10-11 08:55:22]
exit code: 0
