[INFO -- 2018-10-08 10:19:00]
Starting flip_value script
version: 1.1
[INFO -- 2018-10-08 10:19:00]
Initialization strings:
[INFO -- 2018-10-08 10:19:00]
(1) file /tmp/fft_nn/fft_nn.out
[INFO -- 2018-10-08 10:19:00]
(2) set args 32768 /tmp/fft_nn/output_falha.data
[INFO -- 2018-10-08 10:19:00]
initSignal:5
[INFO -- 2018-10-08 10:19:00]
endSignal:10
[INFO -- 2018-10-08 10:19:00]
faultModel:1
[INFO -- 2018-10-08 10:19:06]
Backtrace BEGIN:
#0  0x00007ffff704fd9c in __GI__IO_sputbackc (fp=fp@entry=0x6062c0, c=c@entry=53) at genops.c:732
#1  0x00007ffff7028b63 in _IO_vfscanf_internal (s=s@entry=0x6062c0, format=<optimized out>, argptr=argptr@entry=0x7fffffffd8c8, errp=errp@entry=0x0) at vfscanf.c:625
#2  0x00007ffff7032162 in __isoc99_fscanf (stream=0x6062c0, format=<optimized out>) at isoc99_fscanf.c:34
#3  0x00007ffff7bcf0eb in fann_create_from_fd () from /usr/local/lib/libfann.so.2
#4  0x00007ffff7bcf608 in fann_create_from_file () from /usr/local/lib/libfann.so.2
#5  0x00000000004019b7 in radix2DitCooleyTykeyFft(int, int*, Complex*, Complex*) ()
#6  0x0000000000401631 in main ()

727	genops.c: Arquivo ou diretório não encontrado.

Backtrace END
Fliping array at pos: 0
Fliping value of field: fp_offset
Memory content before bitflip:0x300x000x000x00
Fault Model: Double bit-flip
base address to flip value: 0x7fffffffd8cc
address max offset: 4
Memory content after  bitflip:0x300x000x410x00
frame name: __isoc99_fscanf
symbol name: arg
symbol filename: isoc99_fscanf.c
symbol line: 27
value: {{gp_offset = 16, fp_offset = 4259888, overflow_arg_area = 0x7fffffffd9a0, reg_save_area = 0x7fffffffd8e0}}
value address: 0x7fffffffd8c8
Type: The type is an array.
Type sizeof: 24

[INFO -- 2018-10-08 10:19:06]
Fault Injection Successful after 6.206745386123657s
[INFO -- 2018-10-08 10:19:20]
event type: exit
[INFO -- 2018-10-08 10:19:20]
exit code: 0
