[INFO -- 2018-10-11 15:21:09]
sending 5 signals using command: 'killall -2 fft_nn.out' after 22.5181707005s
[INFO -- 2018-10-11 15:21:11]
sending 5 signals using command: 'killall -2 fft_nn.out' after 24.2147772345s
[INFO -- 2018-10-11 15:21:11]
sending 5 signals using command: 'killall -2 fft_nn.out' after 24.6595011084s
[INFO -- 2018-10-11 15:21:11]
Starting GDB script
[INFO -- 2018-10-11 15:21:12]
initSignal:0.0
[INFO -- 2018-10-11 15:21:12]
endSignal:5.0
[INFO -- 2018-10-11 15:21:12]
sending 5 signals using command: 'killall -2 fft_nn.out' after 0.265268593225s
[INFO -- 2018-10-11 15:21:12]
sending 5 signals using command: 'killall -2 fft_nn.out' after 0.789231055772s
[INFO -- 2018-10-11 15:21:16]
sending 5 signals using command: 'killall -2 fft_nn.out' after 4.27415351923s
[INFO -- 2018-10-11 15:21:32]
Execution finished before waitTime
