[INFO -- 2018-10-08 15:47:16]
sending 5 signals using command: 'killall -2 fft_nn.out' after 21.8402507993s
[INFO -- 2018-10-08 15:47:16]
sending 5 signals using command: 'killall -2 fft_nn.out' after 22.0301987545s
[INFO -- 2018-10-08 15:47:18]
sending 5 signals using command: 'killall -2 fft_nn.out' after 24.3755675095s
[INFO -- 2018-10-08 15:47:18]
Starting GDB script
[INFO -- 2018-10-08 15:47:18]
initSignal:0.0
[INFO -- 2018-10-08 15:47:18]
endSignal:5.0
[INFO -- 2018-10-08 15:47:19]
sending 5 signals using command: 'killall -2 fft_nn.out' after 1.22497260483s
[INFO -- 2018-10-08 15:47:21]
sending 5 signals using command: 'killall -2 fft_nn.out' after 2.79096883351s
[INFO -- 2018-10-08 15:47:22]
sending 5 signals using command: 'killall -2 fft_nn.out' after 4.09529099835s
[INFO -- 2018-10-08 15:47:39]
Execution finished before waitTime
