[INFO -- 2018-10-19 02:29:19]
Starting flip_value script
version: 1.1
[INFO -- 2018-10-19 02:29:19]
Initialization strings:
[INFO -- 2018-10-19 02:29:19]
(1) file /home/latansini/Desktop/trabalhoftf/carol-fi/sample-code/knn/nn-knl-files/nn
[INFO -- 2018-10-19 02:29:19]
(2) set args /home/latansini/Desktop/trabalhoftf/carol-fi/sample-code/knn/nn-knl-files/filelist 15 25 25 /home/latansini/Desktop/trabalhoftf/carol-fi/sample-code/knn/nn-knl-files/out15_25_25
[INFO -- 2018-10-19 02:29:19]
initSignal:0
[INFO -- 2018-10-19 02:29:19]
endSignal:1
[INFO -- 2018-10-19 02:29:19]
faultModel:0
[EXCEPTION -- 2018-10-19 02:29:19]
pythonException: invalid frame
[EXCEPTION -- 2018-10-19 02:29:19]
pythonException: invalid frame
[INFO -- 2018-10-19 02:29:19]
Backtrace BEGIN:
#0  0x00007ffff78bdc2e in ?? () from /usr/lib/x86_64-linux-gnu/libgomp.so.1
#1  0x00007ffff78bb69b in ?? () from /usr/lib/x86_64-linux-gnu/libgomp.so.1
#2  0x00007ffff768f184 in start_thread (arg=0x7ffff70b9700) at pthread_create.c:312
#3  0x00007ffff73bc03d in clone () at ../sysdeps/unix/sysv/linux/x86_64/clone.S:111

20	* This program finds the k-nearest neighbors
21	* Usage:	./nn <filelist> <num> <target latitude> <target longitude> <out filename>
22	*			filelist: File with the filenames to the records
23	*			num: Number of nearest neighbors to find
24	*			target lat: Latitude coordinate for distance calculations
25	*			target long: Longitude coordinate for distance calculations
26	* The filelist and data are generated by hurricane_gen.c
27	* REC_WINDOW has been arbitrarily assigned; A larger value would allow more work for the threads
28	*/
29	int main(int argc, char* argv[]) {

Backtrace END
Fliping value of field: guardsize
Memory content before bitflip:0x900x3f0x600x000x000x000x000x00
Fault Model: Single bit-flip
base address to flip value: 0x7fffffffd200
address max offset: 8
Memory content after  bitflip:0x900x3f0x680x000x000x000x000x00
frame name: __pthread_create_2_1
symbol name: default_attr
symbol filename: pthread_create.c
symbol line: 470
value: {schedparam = {__sched_priority = 1}, schedpolicy = 0, flags = -144141776, guardsize = 6832016, stackaddr = 0x7fffffffd4d0, stacksize = 6306176, cpuset = 0x7ffff7df05a5 <_dl_runtime_resolve+53>, cpusetsize = 140737488343768}
value address: 0x7fffffffd1f0
Type: The type is a structure.
Type sizeof: 56
Field name: schedparam
Field Type: The type is a structure.
Field Type sizeof: 4
Field name: schedpolicy
Field Type: The type is an integer type.
Field Type sizeof: 4
Field name: flags
Field Type: The type is an integer type.
Field Type sizeof: 4
Field name: guardsize
Field Type: The type is an integer type.
Field Type sizeof: 8
Field name: stackaddr
Field Type: The type is a pointer.
Field Type sizeof: 8
Field name: stacksize
Field Type: The type is an integer type.
Field Type sizeof: 8
Field name: cpuset
Field Type: The type is a pointer.
Field Type sizeof: 8
Field name: cpusetsize
Field Type: The type is an integer type.
Field Type sizeof: 8

[INFO -- 2018-10-19 02:29:19]
Fault Injection Successful after 0.7019228935241699s
[INFO -- 2018-10-19 02:29:25]
event type: exit
[INFO -- 2018-10-19 02:29:25]
exit code: 0
