[INFO -- 2018-10-08 03:41:16]
sending 5 signals using command: 'killall -2 fft_nn.out' after 20.2749209761s
[INFO -- 2018-10-08 03:41:16]
sending 5 signals using command: 'killall -2 fft_nn.out' after 20.3115166204s
[INFO -- 2018-10-08 03:41:18]
sending 5 signals using command: 'killall -2 fft_nn.out' after 21.6281673088s
[INFO -- 2018-10-08 03:41:18]
Starting GDB script
[INFO -- 2018-10-08 03:41:18]
initSignal:0.0
[INFO -- 2018-10-08 03:41:18]
endSignal:5.0
[INFO -- 2018-10-08 03:41:18]
sending 5 signals using command: 'killall -2 fft_nn.out' after 0.182857649494s
[INFO -- 2018-10-08 03:41:20]
sending 5 signals using command: 'killall -2 fft_nn.out' after 2.53355565937s
[INFO -- 2018-10-08 03:41:21]
sending 5 signals using command: 'killall -2 fft_nn.out' after 3.3939041709s
[INFO -- 2018-10-08 03:41:38]
Execution finished before waitTime
