[INFO -- 2018-10-10 12:37:04]
sending 5 signals using command: 'killall -2 fft_nn.out' after 21.79352944s
[INFO -- 2018-10-10 12:37:05]
sending 5 signals using command: 'killall -2 fft_nn.out' after 22.2501801482s
[INFO -- 2018-10-10 12:37:07]
sending 5 signals using command: 'killall -2 fft_nn.out' after 24.7076615117s
[INFO -- 2018-10-10 12:37:07]
Starting GDB script
[INFO -- 2018-10-10 12:37:07]
initSignal:0.0
[INFO -- 2018-10-10 12:37:07]
endSignal:5.0
[INFO -- 2018-10-10 12:37:08]
sending 5 signals using command: 'killall -2 fft_nn.out' after 0.557887077806s
[INFO -- 2018-10-10 12:37:09]
sending 5 signals using command: 'killall -2 fft_nn.out' after 1.61900059046s
[INFO -- 2018-10-10 12:37:10]
sending 5 signals using command: 'killall -2 fft_nn.out' after 2.96226731148s
[INFO -- 2018-10-10 12:37:28]
Execution finished before waitTime
