[INFO -- 2018-12-04 03:08:53]
Starting flip_value script
version: 1.1
[INFO -- 2018-12-04 03:08:53]
Initialization strings:
[INFO -- 2018-12-04 03:08:53]
(1) file /home/latansini/carol-fi/carol-fi/codes/nnfulldup/nn-knl-files/nn
[INFO -- 2018-12-04 03:08:53]
(2) set args /home/latansini/carol-fi/carol-fi/codes/nnfulldup/nn-knl-files/filelist 20 5 5 /home/latansini/carol-fi/carol-fi/codes/nnfulldup/nn-knl-files/out20_5_5
[INFO -- 2018-12-04 03:08:53]
initSignal:0
[INFO -- 2018-12-04 03:08:53]
endSignal:2
[INFO -- 2018-12-04 03:08:53]
faultModel:4
[EXCEPTION -- 2018-12-04 03:08:54]
pythonException: invalid frame
[EXCEPTION -- 2018-12-04 03:08:54]
pythonException: invalid frame
[EXCEPTION -- 2018-12-04 03:08:54]
pythonException: invalid frame
[INFO -- 2018-12-04 03:08:54]
Backtrace BEGIN:
#0  clone () at ../sysdeps/unix/sysv/linux/x86_64/clone.S:81
#1  0x00007ffff76affa0 in ?? () at pthread_create.c:219 from /lib/x86_64-linux-gnu/libpthread.so.0
#2  0x00007ffff42f6700 in ?? ()
#3  0x0000000000000000 in ?? ()

76	../sysdeps/unix/sysv/linux/x86_64/clone.S: No such file or directory.

Backtrace END
Fliping a bit of the pointer
Memory content before bitflip:0x680xe50xff0xff0xff0x7f0x000x00
Fault Model: LSB bit-flip
base address to flip value: 0x7fffffffe440
address max offset: 8
Memory content after  bitflip:0x680xe50xff0xff0xff0x7f0x000x08
frame name: main
symbol name: argv
symbol filename: nn.c
symbol line: 176
value: 0x7fffffffe568
value address: 0x7fffffffe440
Type: The type is a pointer.
Type sizeof: 8

[INFO -- 2018-12-04 03:08:54]
Fault Injection Successful after 1.16100406647s
[INFO -- 2018-12-04 03:08:56]
event type: exit
[INFO -- 2018-12-04 03:08:56]
exit code: 0
