[INFO -- 2018-10-09 19:33:11]
sending 5 signals using command: 'killall -2 fft_nn.out' after 21.8599901674s
[INFO -- 2018-10-09 19:33:11]
sending 5 signals using command: 'killall -2 fft_nn.out' after 21.9804840163s
[INFO -- 2018-10-09 19:33:12]
sending 5 signals using command: 'killall -2 fft_nn.out' after 22.2631842232s
[INFO -- 2018-10-09 19:33:12]
Starting GDB script
[INFO -- 2018-10-09 19:33:12]
initSignal:0.0
[INFO -- 2018-10-09 19:33:12]
endSignal:5.0
[INFO -- 2018-10-09 19:33:14]
sending 5 signals using command: 'killall -2 fft_nn.out' after 2.63759866454s
[INFO -- 2018-10-09 19:33:14]
sending 5 signals using command: 'killall -2 fft_nn.out' after 2.66217101741s
[INFO -- 2018-10-09 19:33:16]
sending 5 signals using command: 'killall -2 fft_nn.out' after 4.53587137913s
[INFO -- 2018-10-09 19:33:33]
Execution finished before waitTime
