[INFO -- 2018-10-10 17:48:20]
sending 5 signals using command: 'killall -2 fft_nn.out' after 21.865370006s
[INFO -- 2018-10-10 17:48:20]
sending 5 signals using command: 'killall -2 fft_nn.out' after 22.0850660997s
[INFO -- 2018-10-10 17:48:21]
sending 5 signals using command: 'killall -2 fft_nn.out' after 23.0751600305s
[INFO -- 2018-10-10 17:48:21]
Starting GDB script
[INFO -- 2018-10-10 17:48:21]
initSignal:0.0
[INFO -- 2018-10-10 17:48:21]
endSignal:5.0
[INFO -- 2018-10-10 17:48:21]
sending 5 signals using command: 'killall -2 fft_nn.out' after 0.5973388796s
[INFO -- 2018-10-10 17:48:23]
sending 5 signals using command: 'killall -2 fft_nn.out' after 1.98177642506s
[INFO -- 2018-10-10 17:48:24]
sending 5 signals using command: 'killall -2 fft_nn.out' after 2.93147691795s
[INFO -- 2018-10-10 17:48:42]
Execution finished before waitTime
