[INFO -- 2018-10-17 09:48:00]
Starting flip_value script
version: 1.1
[INFO -- 2018-10-17 09:48:00]
Initialization strings:
[INFO -- 2018-10-17 09:48:00]
(1) file /home/latansini/Desktop/trabalhoftf/carol-fi/sample-code/inverse_nn/inversek2j_nn.out
[INFO -- 2018-10-17 09:48:00]
(2) set args /home/latansini/Desktop/trabalhoftf/carol-fi/sample-code/inverse_nn/input_250k /home/latansini/Desktop/trabalhoftf/carol-fi/sample-code/inverse_nn/output_falha.data
[INFO -- 2018-10-17 09:48:00]
initSignal:0
[INFO -- 2018-10-17 09:48:00]
endSignal:2
[INFO -- 2018-10-17 09:48:00]
faultModel:0
[INFO -- 2018-10-17 09:48:00]
Backtrace BEGIN:
#0  0x00007ffff7012759 in __GI_____strtof_l_internal (nptr=0x6085d8 "0.863984", endptr=0x7fffffffd208, group=<optimized out>, loc=<optimized out>) at strtod_l.c:850
#1  0x00007ffff7936d5e in void std::__convert_to_v<float>(char const*, float&, std::_Ios_Iostate&, __locale_struct* const&) () from /usr/lib/x86_64-linux-gnu/libstdc++.so.6
#2  0x00007ffff794a706 in std::num_get<char, std::istreambuf_iterator<char, std::char_traits<char> > >::do_get(std::istreambuf_iterator<char, std::char_traits<char> >, std::istreambuf_iterator<char, std::char_traits<char> >, std::ios_base&, std::_Ios_Iostate&, float&) const () from /usr/lib/x86_64-linux-gnu/libstdc++.so.6
#3  0x00007ffff793b0d5 in std::istream& std::istream::_M_extract<float>(float&) () from /usr/lib/x86_64-linux-gnu/libstdc++.so.6
#4  0x0000000000401482 in main ()

845	strtod_l.c: Arquivo ou diretório não encontrado.

Backtrace END
Fliping array at pos: 6
Memory content before bitflip:0xb00xd10xff0xff0xff0x7f0x000x00
Fault Model: Single bit-flip
base address to flip value: 0x7fffffffd1a0
address max offset: 8
Memory content after  bitflip:0xb00xd10xff0x7f0xff0x7f0x000x00
frame name: __GI_____strtof_l_internal
symbol name: den
symbol filename: strtod_l.c
symbol line: 494
value: {140737488344416, 10, 140737343357880, 140737488343488, 140737488343567, 140737346903469, 140735340859824, 32, 0, 4294967295}
value address: 0x7fffffffd170
Type: The type is an array.
Type sizeof: 80
Field name: None
Field Type: A range type, that is, an integer type with bounds.
Field Type sizeof: 8
Field Type range: (0, 9)

[INFO -- 2018-10-17 09:48:00]
Fault Injection Successful after 0.6355729103088379s
[INFO -- 2018-10-17 09:48:11]
event type: exit
[INFO -- 2018-10-17 09:48:11]
exit code: 0
