[INFO -- 2018-10-09 12:18:30]
Starting flip_value script
version: 1.1
[INFO -- 2018-10-09 12:18:30]
Initialization strings:
[INFO -- 2018-10-09 12:18:30]
(1) file /tmp/fft_nn/fft_nn.out
[INFO -- 2018-10-09 12:18:30]
(2) set args 32768 /tmp/fft_nn/output_falha.data
[INFO -- 2018-10-09 12:18:30]
initSignal:10
[INFO -- 2018-10-09 12:18:30]
endSignal:15
[INFO -- 2018-10-09 12:18:30]
faultModel:2
[INFO -- 2018-10-09 12:18:41]
Backtrace BEGIN:
#0  __memcpy_sse2 () at ../sysdeps/x86_64/multiarch/../memcpy.S:110
#1  0x00007ffff7012b7b in __GI_____strtof_l_internal (nptr=<optimized out>, endptr=<optimized out>, group=<optimized out>, loc=<optimized out>) at strtod_l.c:1403
#2  0x00007ffff7011d60 in __GI___strtof_internal (nptr=<optimized out>, endptr=<optimized out>, group=<optimized out>) at strtod.c:54
#3  0x00007ffff702b948 in _IO_vfscanf_internal (s=s@entry=0x6062c0, format=<optimized out>, argptr=argptr@entry=0x7fffffffd408, errp=errp@entry=0x0) at vfscanf.c:2365
#4  0x00007ffff7032162 in __isoc99_fscanf (stream=0x6062c0, format=<optimized out>) at isoc99_fscanf.c:34
#5  0x00007ffff7bcf187 in fann_create_from_fd () from /usr/local/lib/libfann.so.2
#6  0x00007ffff7bcf608 in fann_create_from_file () from /usr/local/lib/libfann.so.2
#7  0x00000000004019b7 in radix2DitCooleyTykeyFft(int, int*, Complex*, Complex*) ()
#8  0x0000000000401631 in main ()

105	../sysdeps/x86_64/multiarch/../memcpy.S: Arquivo ou diretório não encontrado.

Backtrace END
Fliping array at pos: 0
Memory content before bitflip:0xcf0x030x910x000x000x000x000x00
Fault Model: Random bit-flip
base address to flip value: 0x7fffffffcf10
address max offset: 8
Memory content after  bitflip:0x410xb90x970x830xfd0x5d0xc70x42
frame name: __GI_____strtof_l_internal
symbol name: retval
symbol filename: strtod_l.c
symbol line: 497
value: {4811918070284532033}
value address: 0x7fffffffcf10
Type: The type is an array.
Type sizeof: 8
Field name: None
Field Type: A range type, that is, an integer type with bounds.
Field Type sizeof: 8
Field Type range: (0, 0)

[INFO -- 2018-10-09 12:18:41]
Fault Injection Successful after 11.978463649749756s
[INFO -- 2018-10-09 12:18:51]
event type: exit
[INFO -- 2018-10-09 12:18:51]
exit code: 0
