[INFO -- 2018-11-30 15:49:55]
Starting flip_value script
version: 1.1
[INFO -- 2018-11-30 15:49:55]
Initialization strings:
[INFO -- 2018-11-30 15:49:55]
(1) file /home/lignati/carol-fi/codes/inversefulldup/inversek2j.nn.out
[INFO -- 2018-11-30 15:49:55]
(2) set args /home/lignati/carol-fi/codes/inversefulldup/input_250k /home/lignati/carol-fi/codes/inversefulldup/output_falha.data
[INFO -- 2018-11-30 15:49:55]
initSignal:0
[INFO -- 2018-11-30 15:49:55]
endSignal:25
[INFO -- 2018-11-30 15:49:55]
faultModel:1
[INFO -- 2018-11-30 15:50:02]
Backtrace BEGIN:
#0  0x00007ffff7029b34 in _IO_vfscanf_internal (s=s@entry=0x6085c0, format=<optimized out>, argptr=argptr@entry=0x7fffffffcf38, errp=errp@entry=0x0) at vfscanf.c:623
#1  0x00007ffff7033162 in __isoc99_fscanf (stream=0x6085c0, format=<optimized out>) at isoc99_fscanf.c:34
#2  0x00007ffff7bcac42 in fann_create_from_fd () from /usr/local/lib/libfann.so.2
#3  0x00007ffff7bc8073 in fann_create_from_file () from /usr/local/lib/libfann.so.2
#4  0x0000000000402061 in inversek2j(float, float, float*, float*) ()
#5  0x000000000040179a in main ()

618	vfscanf.c: No such file or directory.

Backtrace END
Memory content before bitflip:0xff0xff0xff0xff
Fault Model: Double bit-flip
base address to flip value: 0x7fffffffcd38
address max offset: 4
Memory content after  bitflip:0xff0xff0x7e0xff
frame name: _IO_vfscanf_internal
symbol name: width
symbol filename: vfscanf.c
symbol line: 221
value: -8454145
value address: 0x7fffffffcd38
Type: The type is an integer type.
Type sizeof: 4

[INFO -- 2018-11-30 15:50:02]
Fault Injection Successful after 7.231554269790649s
[INFO -- 2018-11-30 15:50:21]
event type: exit
[INFO -- 2018-11-30 15:50:21]
exit code: 0
