[INFO -- 2018-11-30 19:56:21]
Starting flip_value script
version: 1.1
[INFO -- 2018-11-30 19:56:21]
Initialization strings:
[INFO -- 2018-11-30 19:56:21]
(1) file /home/lignati/carol-fi/codes/inversefulldup/inversek2j.nn.out
[INFO -- 2018-11-30 19:56:21]
(2) set args /home/lignati/carol-fi/codes/inversefulldup/input_250k /home/lignati/carol-fi/codes/inversefulldup/output_falha.data
[INFO -- 2018-11-30 19:56:21]
initSignal:0
[INFO -- 2018-11-30 19:56:21]
endSignal:25
[INFO -- 2018-11-30 19:56:21]
faultModel:3
[EXCEPTION -- 2018-11-30 19:56:25]
gdbException: No symbol "None" in current context.
[INFO -- 2018-11-30 19:56:25]
Backtrace BEGIN:
#0  str_to_mpn (str=0x7fffffffcb3a "378463745117e-02", str@entry=0x7fffffffcb30 "5.08946627378463745117e-02", digcnt=12, digcnt@entry=21, n=n@entry=0x7fffffffca50, nsize=nsize@entry=0x7fffffffca20, exponent=exponent@entry=0x7fffffffca30, decimal_len=decimal_len@entry=1, thousands=thousands@entry=0x0, decimal=<optimized out>) at strtod_l.c:373
#1  0x00007ffff7013c2b in __GI_____strtof_l_internal (nptr=<optimized out>, endptr=<optimized out>, group=<optimized out>, loc=<optimized out>) at strtod_l.c:1427
#2  0x00007ffff7012d60 in __GI___strtof_internal (nptr=<optimized out>, endptr=<optimized out>, group=<optimized out>) at strtod.c:54
#3  0x00007ffff702c948 in _IO_vfscanf_internal (s=s@entry=0x6085c0, format=<optimized out>, argptr=argptr@entry=0x7fffffffcf38, errp=errp@entry=0x0) at vfscanf.c:2365
#4  0x00007ffff7033162 in __isoc99_fscanf (stream=0x6085c0, format=<optimized out>) at isoc99_fscanf.c:34
#5  0x00007ffff7bcac42 in fann_create_from_fd () from /usr/local/lib/libfann.so.2
#6  0x00007ffff7bc8073 in fann_create_from_file () from /usr/local/lib/libfann.so.2
#7  0x0000000000402061 in inversek2j(float, float, float*, float*) ()
#8  0x000000000040179a in main ()

368	in strtod_l.c

Backtrace END
Fliping array at pos: 6
Memory content before bitflip:0xea0x9b0x920x000x000x000x000x00
Fault Model: Zero bit-flip
base address to flip value: 0x7fffffffca80
address max offset: 8
Memory content after  bitflip:0x000x000x000x000x000x000x000x00
frame name: __GI_____strtof_l_internal
symbol name: num
symbol filename: strtod_l.c
symbol line: 485
value: {1000000, 0, 1376723, 12670142, 11173888, 5050341, 0, 11003965, 2816043, 0}
value address: 0x7fffffffca50
Type: The type is an array.
Type sizeof: 80
Field name: None
Field Type: A range type, that is, an integer type with bounds.
Field Type sizeof: 8
Field Type range: (0, 9)

[INFO -- 2018-11-30 19:56:25]
Fault Injection Successful after 4.864214658737183s
[INFO -- 2018-11-30 19:56:46]
event type: exit
[INFO -- 2018-11-30 19:56:46]
exit code: 0
