[INFO -- 2018-10-11 14:07:52]
Starting flip_value script
version: 1.1
[INFO -- 2018-10-11 14:07:52]
Initialization strings:
[INFO -- 2018-10-11 14:07:52]
(1) file /tmp/fft_nn/fft_nn.out
[INFO -- 2018-10-11 14:07:52]
(2) set args 32768 /tmp/fft_nn/output_falha.data
[INFO -- 2018-10-11 14:07:52]
initSignal:5
[INFO -- 2018-10-11 14:07:52]
endSignal:10
[INFO -- 2018-10-11 14:07:52]
faultModel:1
[EXCEPTION -- 2018-10-11 14:07:58]
gdbException: Tentativo de desreferenciar um ponteiro genérico.
[INFO -- 2018-10-11 14:07:58]
Backtrace BEGIN:
#0  __GI_____strtof_l_internal (nptr=0x7fffffffd000 "2.46740892529487609863e-01", endptr=0x7fffffffd230, group=<optimized out>, loc=0x7ffff7397060 <_nl_global_locale>) at strtod_l.c:556
#1  0x00007ffff7011d60 in __GI___strtof_internal (nptr=<optimized out>, endptr=<optimized out>, group=<optimized out>) at strtod.c:54
#2  0x00007ffff702b948 in _IO_vfscanf_internal (s=s@entry=0x6062c0, format=<optimized out>, argptr=argptr@entry=0x7fffffffd408, errp=errp@entry=0x0) at vfscanf.c:2365
#3  0x00007ffff7032162 in __isoc99_fscanf (stream=0x6062c0, format=<optimized out>) at isoc99_fscanf.c:34
#4  0x00007ffff7bcf187 in fann_create_from_fd () from /usr/local/lib/libfann.so.2
#5  0x00007ffff7bcf608 in fann_create_from_file () from /usr/local/lib/libfann.so.2
#6  0x00000000004019b7 in radix2DitCooleyTykeyFft(int, int*, Complex*, Complex*) ()
#7  0x0000000000401631 in main ()

551	in strtod_l.c

Backtrace END
Fliping array at pos: 0
Memory content before bitflip:0x000x000x000x000x000x000x000x7c
Fault Model: Double bit-flip
base address to flip value: 0x7fffffffcf20
address max offset: 8
Memory content after  bitflip:0x000x000x000x000x000x060x000x7c
frame name: __GI_____strtof_l_internal
symbol name: num
symbol filename: strtod_l.c
symbol line: 485
value: {8935148257772830720, 2592732431367039680, 68, 4, 18865251664, 6812, 6812, 6812, 188, 188}
value address: 0x7fffffffcf20
Type: The type is an array.
Type sizeof: 80
Field name: None
Field Type: A range type, that is, an integer type with bounds.
Field Type sizeof: 8
Field Type range: (0, 9)

[INFO -- 2018-10-11 14:07:58]
Fault Injection Successful after 6.149386644363403s
[INFO -- 2018-10-11 14:08:12]
event type: exit
[INFO -- 2018-10-11 14:08:12]
exit code: 0
