[INFO -- 2018-10-10 18:33:46]
sending 5 signals using command: 'killall -2 fft_nn.out' after 24.1317708539s
[INFO -- 2018-10-10 18:33:46]
sending 5 signals using command: 'killall -2 fft_nn.out' after 24.1637441404s
[INFO -- 2018-10-10 18:33:47]
sending 5 signals using command: 'killall -2 fft_nn.out' after 24.9348495267s
[INFO -- 2018-10-10 18:33:47]
Starting GDB script
[INFO -- 2018-10-10 18:33:47]
initSignal:0.0
[INFO -- 2018-10-10 18:33:47]
endSignal:5.0
[INFO -- 2018-10-10 18:33:49]
sending 5 signals using command: 'killall -2 fft_nn.out' after 1.58969096219s
[INFO -- 2018-10-10 18:33:50]
sending 5 signals using command: 'killall -2 fft_nn.out' after 3.31002038696s
[INFO -- 2018-10-10 18:33:51]
sending 5 signals using command: 'killall -2 fft_nn.out' after 3.4757721016s
[INFO -- 2018-10-10 18:34:08]
Execution finished before waitTime
