[INFO -- 2018-10-12 00:24:06]
sending 5 signals using command: 'killall -2 fft_nn.out' after 21.4334369506s
[INFO -- 2018-10-12 00:24:06]
sending 5 signals using command: 'killall -2 fft_nn.out' after 21.6602022779s
[INFO -- 2018-10-12 00:24:07]
sending 5 signals using command: 'killall -2 fft_nn.out' after 22.2446011923s
[INFO -- 2018-10-12 00:24:07]
Starting GDB script
[INFO -- 2018-10-12 00:24:07]
initSignal:0.0
[INFO -- 2018-10-12 00:24:07]
endSignal:5.0
[INFO -- 2018-10-12 00:24:07]
sending 5 signals using command: 'killall -2 fft_nn.out' after 0.719402807828s
[INFO -- 2018-10-12 00:24:08]
sending 5 signals using command: 'killall -2 fft_nn.out' after 1.67954487225s
[INFO -- 2018-10-12 00:24:09]
sending 5 signals using command: 'killall -2 fft_nn.out' after 1.98304225021s
[INFO -- 2018-10-12 00:24:28]
Execution finished before waitTime
