[INFO -- 2018-10-09 04:43:02]
Starting flip_value script
version: 1.1
[INFO -- 2018-10-09 04:43:02]
Initialization strings:
[INFO -- 2018-10-09 04:43:02]
(1) file /tmp/fft_nn/fft_nn.out
[INFO -- 2018-10-09 04:43:02]
(2) set args 32768 /tmp/fft_nn/output_falha.data
[INFO -- 2018-10-09 04:43:02]
initSignal:10
[INFO -- 2018-10-09 04:43:02]
endSignal:15
[INFO -- 2018-10-09 04:43:02]
faultModel:2
[EXCEPTION -- 2018-10-09 04:43:14]
gdbException: Tentativo de desreferenciar um ponteiro genérico.
[EXCEPTION -- 2018-10-09 04:43:14]
gdbException: Tentativo de desreferenciar um ponteiro genérico.
[EXCEPTION -- 2018-10-09 04:43:14]
gdbException: Unterminated string in expression.
[INFO -- 2018-10-09 04:43:14]
Backtrace BEGIN:
#0  malloc (n=11) at dl-minimal.c:93
#1  <function called from gdb>
#2  malloc (n=11) at dl-minimal.c:93
#3  <function called from gdb>
#4  malloc (n=11) at dl-minimal.c:93
#5  <function called from gdb>
#6  str_to_mpn (str=0x7fffffffd011 "76562e+00", str@entry=0x7fffffffd001 ".80712366104125976562e+00", digcnt=6, digcnt@entry=20, n=n@entry=0x7fffffffcf20, nsize=nsize@entry=0x7fffffffcef0, exponent=exponent@entry=0x7fffffffcf00, decimal_len=decimal_len@entry=1, thousands=thousands@entry=0x0, decimal=<optimized out>) at strtod_l.c:399
#7  0x00007ffff7012c2b in __GI_____strtof_l_internal (nptr=<optimized out>, endptr=<optimized out>, group=<optimized out>, loc=<optimized out>) at strtod_l.c:1427
#8  0x00007ffff7011d60 in __GI___strtof_internal (nptr=<optimized out>, endptr=<optimized out>, group=<optimized out>) at strtod.c:54
#9  0x00007ffff702b948 in _IO_vfscanf_internal (s=s@entry=0x6062c0, format=<optimized out>, argptr=argptr@entry=0x7fffffffd408, errp=errp@entry=0x0) at vfscanf.c:2365
#10 0x00007ffff7032162 in __isoc99_fscanf (stream=0x6062c0, format=<optimized out>) at isoc99_fscanf.c:34
#11 0x00007ffff7bcf187 in fann_create_from_fd () from /usr/local/lib/libfann.so.2
#12 0x00007ffff7bcf608 in fann_create_from_file () from /usr/local/lib/libfann.so.2
#13 0x00000000004019b7 in radix2DitCooleyTykeyFft(int, int*, Complex*, Complex*) ()
#14 0x0000000000401631 in main ()

88	in dl-minimal.c

Backtrace END
Fliping a bit of the pointer
Memory content before bitflip:0x000x000x000x000x000x000x000x00
Fault Model: Random bit-flip
base address to flip value: 0x7fffffffce60
address max offset: 8
Memory content after  bitflip:0x9d0x630x440xad0xa80xed0xb90x53
frame name: str_to_mpn
symbol name: thousands
symbol filename: strtod_l.c
symbol line: 340
value: 0x0
value address: 0x7fffffffce60
Type: The type is a pointer.
Type sizeof: 8

[INFO -- 2018-10-09 04:43:14]
Fault Injection Successful after 12.653458595275879s
[INFO -- 2018-10-09 04:43:23]
event type: exit
[INFO -- 2018-10-09 04:43:23]
exit code: 0
