[INFO -- 2018-10-08 08:34:02]
Starting flip_value script
version: 1.1
[INFO -- 2018-10-08 08:34:02]
Initialization strings:
[INFO -- 2018-10-08 08:34:02]
(1) file /tmp/fft_nn/fft_nn.out
[INFO -- 2018-10-08 08:34:02]
(2) set args 32768 /tmp/fft_nn/output_falha.data
[INFO -- 2018-10-08 08:34:02]
initSignal:5
[INFO -- 2018-10-08 08:34:02]
endSignal:10
[INFO -- 2018-10-08 08:34:02]
faultModel:1
[INFO -- 2018-10-08 08:34:09]
Backtrace BEGIN:
#0  0x00007ffff702eb64 in _IO_vfscanf_internal (s=s@entry=0x6062c0, format=<optimized out>, argptr=argptr@entry=0x7fffffffd8c8, errp=errp@entry=0x0) at vfscanf.c:1777
#1  0x00007ffff7032162 in __isoc99_fscanf (stream=0x6062c0, format=<optimized out>) at isoc99_fscanf.c:34
#2  0x00007ffff7bcf0eb in fann_create_from_fd () from /usr/local/lib/libfann.so.2
#3  0x00007ffff7bcf608 in fann_create_from_file () from /usr/local/lib/libfann.so.2
#4  0x00000000004019b7 in radix2DitCooleyTykeyFft(int, int*, Complex*, Complex*) ()
#5  0x0000000000401631 in main ()

1772	vfscanf.c: Arquivo ou diretório não encontrado.

Backtrace END
Fliping value of field: __value
Fliping value of field name: __wchb
Fliping array at pos: 3
Memory content before bitflip:0x00
Fault Model: Double bit-flip
base address to flip value: 0x7fffffffd6e7 
address max offset: 1
Memory content after  bitflip:0x09
frame name: _IO_vfscanf_internal
symbol name: state
symbol filename: vfscanf.c
symbol line: 252
value: {__count = 0, __value = {__wch = 150994944, __wchb = "\000\000\000\t"}}
value address: 0x7fffffffd6e0
Type: The type is a structure.
Type sizeof: 8
Field name: __count
Field Type: The type is an integer type.
Field Type sizeof: 4
Field name: __value
Field Type: The type is a union.
Field Type sizeof: 4

[INFO -- 2018-10-08 08:34:09]
Fault Injection Successful after 7.959692001342773s
[INFO -- 2018-10-08 08:34:22]
event type: exit
[INFO -- 2018-10-08 08:34:22]
exit code: 0
