[INFO -- 2018-10-12 05:53:26]
sending 5 signals using command: 'killall -2 fft_nn.out' after 21.0106382131s
[INFO -- 2018-10-12 05:53:27]
sending 5 signals using command: 'killall -2 fft_nn.out' after 21.4686337702s
[INFO -- 2018-10-12 05:53:30]
sending 5 signals using command: 'killall -2 fft_nn.out' after 24.5937645036s
[INFO -- 2018-10-12 05:53:30]
Starting GDB script
[INFO -- 2018-10-12 05:53:30]
initSignal:0.0
[INFO -- 2018-10-12 05:53:30]
endSignal:5.0
[INFO -- 2018-10-12 05:53:31]
sending 5 signals using command: 'killall -2 fft_nn.out' after 0.757056732963s
[INFO -- 2018-10-12 05:53:32]
sending 5 signals using command: 'killall -2 fft_nn.out' after 2.20950927356s
[INFO -- 2018-10-12 05:53:34]
sending 5 signals using command: 'killall -2 fft_nn.out' after 3.81243821629s
[INFO -- 2018-10-12 05:53:51]
Execution finished before waitTime
