[INFO -- 2018-10-11 06:15:34]
Starting flip_value script
version: 1.1
[INFO -- 2018-10-11 06:15:34]
Initialization strings:
[INFO -- 2018-10-11 06:15:34]
(1) file /tmp/fft_nn/fft_nn.out
[INFO -- 2018-10-11 06:15:34]
(2) set args 32768 /tmp/fft_nn/output_falha.data
[INFO -- 2018-10-11 06:15:34]
initSignal:5
[INFO -- 2018-10-11 06:15:34]
endSignal:10
[INFO -- 2018-10-11 06:15:34]
faultModel:1
[INFO -- 2018-10-11 06:15:40]
Backtrace BEGIN:
#0  _IO_vfscanf_internal (s=s@entry=0x6062c0, format=<optimized out>, argptr=argptr@entry=0x7fffffffd408, errp=errp@entry=0x0) at vfscanf.c:1779
#1  0x00007ffff7032162 in __isoc99_fscanf (stream=0x6062c0, format=<optimized out>) at isoc99_fscanf.c:34
#2  0x00007ffff7bcf0eb in fann_create_from_fd () from /usr/local/lib/libfann.so.2
#3  0x00007ffff7bcf608 in fann_create_from_file () from /usr/local/lib/libfann.so.2
#4  0x00000000004019b7 in radix2DitCooleyTykeyFft(int, int*, Complex*, Complex*) ()
#5  0x0000000000401631 in main ()

1774	vfscanf.c: Arquivo ou diretório não encontrado.

Backtrace END
Fliping a bit of the value pointed by a pointer
Memory content before bitflip:0x00
Fault Model: Double bit-flip
base address to flip value: 0x7fffffffd01a 
address max offset: 1
Memory content after  bitflip:0x82
frame name: _IO_vfscanf_internal
symbol name: tw
symbol filename: vfscanf.c
symbol line: 271
value: 0x7fffffffd01a "\202\377\377\177"
value address: 0x7fffffffd230
Type: The type is a pointer.
Type sizeof: 8

[INFO -- 2018-10-11 06:15:40]
Fault Injection Successful after 6.851927995681763s
[INFO -- 2018-10-11 06:15:54]
event type: exit
[INFO -- 2018-10-11 06:15:54]
exit code: 0
