[INFO -- 2018-10-12 01:02:54]
sending 5 signals using command: 'killall -2 fft_nn.out' after 22.2369408353s
[INFO -- 2018-10-12 01:02:54]
sending 5 signals using command: 'killall -2 fft_nn.out' after 22.4678430186s
[INFO -- 2018-10-12 01:02:55]
sending 5 signals using command: 'killall -2 fft_nn.out' after 23.9405417323s
[INFO -- 2018-10-12 01:02:55]
Starting GDB script
[INFO -- 2018-10-12 01:02:55]
initSignal:0.0
[INFO -- 2018-10-12 01:02:55]
endSignal:5.0
[INFO -- 2018-10-12 01:02:56]
sending 5 signals using command: 'killall -2 fft_nn.out' after 0.29119640178s
[INFO -- 2018-10-12 01:02:56]
sending 5 signals using command: 'killall -2 fft_nn.out' after 0.746605685686s
[INFO -- 2018-10-12 01:02:59]
sending 5 signals using command: 'killall -2 fft_nn.out' after 3.69416108194s
[INFO -- 2018-10-12 01:03:16]
Execution finished before waitTime
