[INFO -- 2018-10-19 11:25:40]
Starting flip_value script
version: 1.1
[INFO -- 2018-10-19 11:25:40]
Initialization strings:
[INFO -- 2018-10-19 11:25:40]
(1) file /home/latansini/Desktop/trabalhoftf/carol-fi/sample-code/knn/nn-knl-files/nn
[INFO -- 2018-10-19 11:25:40]
(2) set args /home/latansini/Desktop/trabalhoftf/carol-fi/sample-code/knn/nn-knl-files/filelist 15 25 25 /home/latansini/Desktop/trabalhoftf/carol-fi/sample-code/knn/nn-knl-files/out15_25_25
[INFO -- 2018-10-19 11:25:40]
initSignal:2
[INFO -- 2018-10-19 11:25:40]
endSignal:3
[INFO -- 2018-10-19 11:25:40]
faultModel:2
[EXCEPTION -- 2018-10-19 11:25:42]
gdbException: A syntax error in expression, near `...'.
[EXCEPTION -- 2018-10-19 11:25:42]
pythonException: invalid frame
[EXCEPTION -- 2018-10-19 11:25:42]
pythonException: invalid frame
[EXCEPTION -- 2018-10-19 11:25:42]
pythonException: invalid frame
[EXCEPTION -- 2018-10-19 11:25:42]
pythonException: invalid frame
[EXCEPTION -- 2018-10-19 11:25:42]
pythonException: invalid frame
[INFO -- 2018-10-19 11:25:42]
Backtrace BEGIN:
#0  0x00007ffff78bddf3 in ?? () from /usr/lib/x86_64-linux-gnu/libgomp.so.1
#1  0x00007ffff78bcaf9 in ?? () from /usr/lib/x86_64-linux-gnu/libgomp.so.1
#2  0x0000000000401198 in main (argc=6, argv=0x7fffffffd8b8) at nn.c:115

30	    FILE   *flist,*fp;
31	    int    i=0,j=0, k=0, rec_count=0, done=0;
32	    char   sandbox[REC_LENGTH * REC_WINDOW], *rec_iter,*rec_iter2, dbname[64];
33	    struct neighbor *neighbors = NULL;
34	    float target_lat, target_long, tmp_lat=0, tmp_long=0;
35	    char * gold_filename;
36	    long rec_sum = 0;
37	
38	    if(argc < 6) {
39	        fprintf(stderr, "Invalid set of arguments:\n");

Backtrace END
Memory content before bitflip:0x0a0x000x000x00
Fault Model: Random bit-flip
base address to flip value: 0x7fffffffd4fc
address max offset: 4
Memory content after  bitflip:0xfa0x640x7b0x9d
frame name: main
symbol name: i
symbol filename: nn.c
symbol line: 31
value: -1652857606
value address: 0x7fffffffd4fc
Type: The type is an integer type.
Type sizeof: 4

[INFO -- 2018-10-19 11:25:42]
Fault Injection Successful after 2.7879116535186768s
[INFO -- 2018-10-19 11:25:46]
event type: exit
[INFO -- 2018-10-19 11:25:46]
exit code: 0
