[INFO -- 2018-12-03 05:35:43]
Starting flip_value script
version: 1.1
[INFO -- 2018-12-03 05:35:43]
Initialization strings:
[INFO -- 2018-12-03 05:35:43]
(1) file /home/latansini/carol-fi/carol-fi/codes/nnfulldup/nn-knl-files/nn
[INFO -- 2018-12-03 05:35:43]
(2) set args /home/latansini/carol-fi/carol-fi/codes/nnfulldup/nn-knl-files/filelist 20 5 5 /home/latansini/carol-fi/carol-fi/codes/nnfulldup/nn-knl-files/out20_5_5
[INFO -- 2018-12-03 05:35:43]
initSignal:0
[INFO -- 2018-12-03 05:35:43]
endSignal:2
[INFO -- 2018-12-03 05:35:43]
faultModel:4
[INFO -- 2018-12-03 05:35:44]
Backtrace BEGIN:
#0  0x00007ffff78d4d40 in ?? () from /usr/lib/x86_64-linux-gnu/libgomp.so.1
#1  0x00007ffff78d2d39 in ?? () from /usr/lib/x86_64-linux-gnu/libgomp.so.1
#2  0x00007ffff78ce7da in GOMP_parallel () from /usr/lib/x86_64-linux-gnu/libgomp.so.1
#3  0x0000000000400f98 in nn_wrapper (filename=0x7fffffffe7d7 "/home/latansini/carol-fi/carol-fi/codes/nnfulldup/nn-knl-files/filelist", k=20, target_lat=5, target_long=5) at nn.c:97
#4  0x000000000040148d in main (argc=6, argv=0x7fffffffe568) at nn.c:195

168			fclose(logfile);
169		}
170	
171		if(file!= NULL){
172	    		fclose(file);
173		}
174	}
175	
176	int main(int argc, char* argv[]) {
177	    int    k=0;

Backtrace END
Memory content before bitflip:0x000x000x000x00
Fault Model: LSB bit-flip
base address to flip value: 0x7fffffffe424
address max offset: 4
Memory content after  bitflip:0x000x000x000x80
frame name: nn_wrapper
symbol name: done
symbol filename: nn.c
symbol line: 31
value: -2147483648
value address: 0x7fffffffe424
Type: The type is an integer type.
Type sizeof: 4

[INFO -- 2018-12-03 05:35:44]
Fault Injection Successful after 1.15169095993s
[INFO -- 2018-12-03 05:35:45]
event type: exit
[INFO -- 2018-12-03 05:35:45]
exit code: 0
