[INFO -- 2018-10-06 06:52:06]
sending 5 signals using command: 'killall -2 fft_nn.out' after 21.0341621856s
[INFO -- 2018-10-06 06:52:06]
sending 5 signals using command: 'killall -2 fft_nn.out' after 21.1932617648s
[INFO -- 2018-10-06 06:52:08]
sending 5 signals using command: 'killall -2 fft_nn.out' after 23.2886811241s
[INFO -- 2018-10-06 06:52:08]
Starting GDB script
[INFO -- 2018-10-06 06:52:08]
initSignal:0.0
[INFO -- 2018-10-06 06:52:08]
endSignal:5.0
[INFO -- 2018-10-06 06:52:08]
sending 5 signals using command: 'killall -2 fft_nn.out' after 0.161050826735s
[INFO -- 2018-10-06 06:52:13]
sending 5 signals using command: 'killall -2 fft_nn.out' after 4.57960245746s
[INFO -- 2018-10-06 06:52:13]
sending 5 signals using command: 'killall -2 fft_nn.out' after 4.84933683067s
[INFO -- 2018-10-06 06:52:28]
Execution finished before waitTime
