[INFO -- 2018-12-09 15:00:25]
Starting flip_value script
version: 1.1
[INFO -- 2018-12-09 15:00:25]
Initialization strings:
[INFO -- 2018-12-09 15:00:25]
(1) file /home/melkor/ETAPA2/dup_nn/nn-knl-files/nn
[INFO -- 2018-12-09 15:00:25]
(2) set args /home/melkor/ETAPA2/dup_nn/nn-knl-files/filelist 20 5 5 /home/melkor/ETAPA2/dup_nn/nn-knl-files/out20_5_5
[INFO -- 2018-12-09 15:00:25]
initSignal:0
[INFO -- 2018-12-09 15:00:25]
endSignal:1
[INFO -- 2018-12-09 15:00:25]
faultModel:2
[EXCEPTION -- 2018-12-09 15:00:26]
pythonException: invalid frame
[EXCEPTION -- 2018-12-09 15:00:26]
pythonException: invalid frame
[INFO -- 2018-12-09 15:00:26]
Backtrace BEGIN:
#0  0x00007ffff7820ee2 in ?? () from /usr/lib/x86_64-linux-gnu/libgomp.so.1
#1  0x00007ffff781f392 in ?? () from /usr/lib/x86_64-linux-gnu/libgomp.so.1
#2  0x00007ffff7815eca in GOMP_parallel () from /usr/lib/x86_64-linux-gnu/libgomp.so.1
#3  0x00005555555555ed in main (argc=6, argv=0x7fffffffdf08) at nn.c:196

68	      fclose(logfile);
69	    }
70		
71		
72		if(file != NULL){	// isso aqui tava dando segfault
73			fclose(file);
74		}
75		
76	}
77	

Backtrace END
Fliping a bit of the value pointed by a pointer
Fliping value of field: dist
Memory content before bitflip:0x000x000x000x800x770xe30x010x40
Fault Model: Random bit-flip
base address to flip value: 0x5555557584e8
address max offset: 8
Memory content after  bitflip:0xa50x450xe50xa60x640x2b0x2b0xa4
frame name: main
symbol name: neighbors
symbol filename: nn.c
symbol line: 86
value: 0x5555557584b0
value address: 0x7fffffffdb80
Type: The type is a pointer.
Type sizeof: 8

[INFO -- 2018-12-09 15:00:26]
Fault Injection Successful after 1.2708497047424316s
[INFO -- 2018-12-09 15:00:26]
event type: exit
[INFO -- 2018-12-09 15:00:26]
exit code: 0
