[INFO -- 2018-10-10 11:47:13]
sending 5 signals using command: 'killall -2 fft_nn.out' after 21.6377663506s
[INFO -- 2018-10-10 11:47:13]
sending 5 signals using command: 'killall -2 fft_nn.out' after 21.7130917103s
[INFO -- 2018-10-10 11:47:15]
sending 5 signals using command: 'killall -2 fft_nn.out' after 24.0994943895s
[INFO -- 2018-10-10 11:47:15]
Starting GDB script
[INFO -- 2018-10-10 11:47:15]
initSignal:0.0
[INFO -- 2018-10-10 11:47:15]
endSignal:5.0
[INFO -- 2018-10-10 11:47:17]
sending 5 signals using command: 'killall -2 fft_nn.out' after 1.73297642668s
[INFO -- 2018-10-10 11:47:18]
sending 5 signals using command: 'killall -2 fft_nn.out' after 2.87029862574s
[INFO -- 2018-10-10 11:47:20]
sending 5 signals using command: 'killall -2 fft_nn.out' after 4.85918553157s
[INFO -- 2018-10-10 11:47:36]
Execution finished before waitTime
