[INFO -- 2018-10-10 17:36:16]
sending 5 signals using command: 'killall -2 fft_nn.out' after 22.3944720376s
[INFO -- 2018-10-10 17:36:17]
sending 5 signals using command: 'killall -2 fft_nn.out' after 24.1711079791s
[INFO -- 2018-10-10 17:36:18]
sending 5 signals using command: 'killall -2 fft_nn.out' after 24.582153288s
[INFO -- 2018-10-10 17:36:18]
Starting GDB script
[INFO -- 2018-10-10 17:36:18]
initSignal:0.0
[INFO -- 2018-10-10 17:36:18]
endSignal:5.0
[INFO -- 2018-10-10 17:36:20]
sending 5 signals using command: 'killall -2 fft_nn.out' after 2.12633879802s
[INFO -- 2018-10-10 17:36:20]
sending 5 signals using command: 'killall -2 fft_nn.out' after 2.36495958768s
[INFO -- 2018-10-10 17:36:22]
sending 5 signals using command: 'killall -2 fft_nn.out' after 4.1718230407s
[INFO -- 2018-10-10 17:36:39]
Execution finished before waitTime
