[INFO -- 2018-10-09 05:29:26]
Starting flip_value script
version: 1.1
[INFO -- 2018-10-09 05:29:26]
Initialization strings:
[INFO -- 2018-10-09 05:29:26]
(1) file /tmp/fft_nn/fft_nn.out
[INFO -- 2018-10-09 05:29:26]
(2) set args 32768 /tmp/fft_nn/output_falha.data
[INFO -- 2018-10-09 05:29:26]
initSignal:0
[INFO -- 2018-10-09 05:29:26]
endSignal:5
[INFO -- 2018-10-09 05:29:26]
faultModel:0
[INFO -- 2018-10-09 05:29:27]
Backtrace BEGIN:
#0  _pthread_cleanup_push_defer (buffer=0x7fffffffd510, routine=0x7ffff704e920 <flush_cleanup>, arg=0x0) at cleanup_defer_compat.c:31
#1  0x00007ffff704edf2 in __GI__IO_link_in (fp=fp@entry=0x6062c0) at genops.c:104
#2  0x00007ffff704daf2 in _IO_new_file_init (fp=fp@entry=0x6062c0) at fileops.c:150
#3  0x00007ffff70423c3 in __fopen_internal (filename=0x4025a3 "./fft.nn", mode=0x7ffff7bd3cd1 "r", is32=1) at iofopen.c:86
#4  0x00007ffff7bcf5f5 in fann_create_from_file () from /usr/local/lib/libfann.so.2
#5  0x00000000004019b7 in radix2DitCooleyTykeyFft(int, int*, Complex*, Complex*) ()
#6  0x0000000000401631 in main ()

26	cleanup_defer_compat.c: Arquivo ou diretório não encontrado.

Backtrace END
Fliping a bit of the pointer
Memory content before bitflip:0x000x000x000x000x000x000x000x00
Fault Model: Single bit-flip
base address to flip value: 0x7ffff73989a0 
address max offset: 8
Memory content after  bitflip:0x000x000x000x000x000x800x000x00
frame name: __GI__IO_link_in
symbol name: run_fp
symbol filename: genops.c
symbol line: 45
value: 0x0
value address: 0x7ffff73989a0 <run_fp>
Type: The type is a pointer.
Type sizeof: 8

[INFO -- 2018-10-09 05:29:27]
Fault Injection Successful after 1.4139988422393799s
[INFO -- 2018-10-09 05:29:46]
event type: exit
[INFO -- 2018-10-09 05:29:46]
exit code: 0
