[INFO -- 2018-12-01 09:11:36]
Starting flip_value script
version: 1.1
[INFO -- 2018-12-01 09:11:36]
Initialization strings:
[INFO -- 2018-12-01 09:11:36]
(1) file /home/lignati/carol-fi/codes/inversefulldup/inversek2j.nn.out
[INFO -- 2018-12-01 09:11:36]
(2) set args /home/lignati/carol-fi/codes/inversefulldup/input_250k /home/lignati/carol-fi/codes/inversefulldup/output_falha.data
[INFO -- 2018-12-01 09:11:36]
initSignal:0
[INFO -- 2018-12-01 09:11:36]
endSignal:25
[INFO -- 2018-12-01 09:11:36]
faultModel:0
[EXCEPTION -- 2018-12-01 09:11:47]
gdbException: Attempt to dereference a generic pointer.
[INFO -- 2018-12-01 09:11:47]
Backtrace BEGIN:
#0  0x00007ffff70148fe in __GI_____strtof_l_internal (nptr=<optimized out>, endptr=<optimized out>, group=<optimized out>, loc=<optimized out>) at strtod_l.c:1593
#1  0x00007ffff7012d60 in __GI___strtof_internal (nptr=<optimized out>, endptr=<optimized out>, group=<optimized out>) at strtod.c:54
#2  0x00007ffff702c948 in _IO_vfscanf_internal (s=s@entry=0x6085c0, format=<optimized out>, argptr=argptr@entry=0x7fffffffcf38, errp=errp@entry=0x0) at vfscanf.c:2365
#3  0x00007ffff7033162 in __isoc99_fscanf (stream=0x6085c0, format=<optimized out>) at isoc99_fscanf.c:34
#4  0x00007ffff7bcac42 in fann_create_from_fd () from /usr/local/lib/libfann.so.2
#5  0x00007ffff7bc8073 in fann_create_from_file () from /usr/local/lib/libfann.so.2
#6  0x0000000000402061 in inversek2j(float, float, float*, float*) ()
#7  0x000000000040179a in main ()

1588	in strtod_l.c

Backtrace END
Fliping array at pos: 7
Memory content before bitflip:0x770x330x940x000x000x000x000x00
Fault Model: Single bit-flip
base address to flip value: 0x7fffffffca88
address max offset: 8
Memory content after  bitflip:0x770x330x940x000x000x000x000x01
frame name: __GI_____strtof_l_internal
symbol name: num
symbol filename: strtod_l.c
symbol line: 485
value: {15276209936040722432, 1094505889341235160, 1, 8107713, 14213536, 16252928, 1558216, 72057594047640439, 5304861, 0}
value address: 0x7fffffffca50
Type: The type is an array.
Type sizeof: 80
Field name: None
Field Type: A range type, that is, an integer type with bounds.
Field Type sizeof: 8
Field Type range: (0, 9)

[INFO -- 2018-12-01 09:11:47]
Fault Injection Successful after 11.917900562286377s
[INFO -- 2018-12-01 09:12:01]
event type: exit
[INFO -- 2018-12-01 09:12:01]
exit code: 0
