[INFO -- 2018-10-15 19:18:09]
Starting flip_value script
version: 1.1
[INFO -- 2018-10-15 19:18:09]
Initialization strings:
[INFO -- 2018-10-15 19:18:09]
(1) file /home/latansini/Desktop/trabalhoftf/carol-fi/sample-code/inverse_nn/inversek2j_nn.out
[INFO -- 2018-10-15 19:18:09]
(2) set args /home/latansini/Desktop/trabalhoftf/carol-fi/sample-code/inverse_nn/input_250k /home/latansini/Desktop/trabalhoftf/carol-fi/sample-code/inverse_nn/output_falha.data
[INFO -- 2018-10-15 19:18:09]
initSignal:8
[INFO -- 2018-10-15 19:18:09]
endSignal:10
[INFO -- 2018-10-15 19:18:09]
faultModel:4
[INFO -- 2018-10-15 19:18:18]
Backtrace BEGIN:
#0  _IO_vfscanf_internal (s=s@entry=0x608610, format=<optimized out>, argptr=argptr@entry=0x7fffffffd0d8, errp=errp@entry=0x0) at vfscanf.c:2006
#1  0x00007ffff7032162 in __isoc99_fscanf (stream=0x608610, format=<optimized out>) at isoc99_fscanf.c:34
#2  0x00007ffff7bcf187 in fann_create_from_fd () from /usr/local/lib/libfann.so.2
#3  0x00007ffff7bcf608 in fann_create_from_file () from /usr/local/lib/libfann.so.2
#4  0x000000000040199e in inversek2j(float, float, float*, float*) ()
#5  0x0000000000401631 in main ()

2001	vfscanf.c: Arquivo ou diretório não encontrado.

Backtrace END
Memory content before bitflip:0x090x000x000x000x000x000x000x00
Fault Model: LSB bit-flip
base address to flip value: 0x7fffffffced0
address max offset: 8
Memory content after  bitflip:0x090x000x000x000x000x000x000x80
frame name: _IO_vfscanf_internal
symbol name: read_in
symbol filename: vfscanf.c
symbol line: 219
value: 9223372036854775817
value address: 0x7fffffffced0
Type: The type is an integer type.
Type sizeof: 8

[INFO -- 2018-10-15 19:18:18]
Fault Injection Successful after 9.115524530410767s
[INFO -- 2018-10-15 19:18:19]
event type: exit
[INFO -- 2018-10-15 19:18:19]
exit code: 0
