[INFO -- 2018-10-07 16:07:11]
Starting flip_value script
version: 1.1
[INFO -- 2018-10-07 16:07:11]
Initialization strings:
[INFO -- 2018-10-07 16:07:11]
(1) file /tmp/fft_nn/fft_nn.out
[INFO -- 2018-10-07 16:07:11]
(2) set args 32768 /tmp/fft_nn/output_falha.data
[INFO -- 2018-10-07 16:07:11]
initSignal:15
[INFO -- 2018-10-07 16:07:11]
endSignal:25
[INFO -- 2018-10-07 16:07:11]
faultModel:4
[INFO -- 2018-10-07 16:07:30]
Backtrace BEGIN:
#0  __GI__IO_sputbackc (fp=fp@entry=0x6062c0, c=c@entry=10) at genops.c:729
#1  0x00007ffff702927b in _IO_vfscanf_internal (s=s@entry=0x6062c0, format=<optimized out>, argptr=argptr@entry=0x7fffffffd8c8, errp=errp@entry=0x0) at vfscanf.c:1811
#2  0x00007ffff7032162 in __isoc99_fscanf (stream=0x6062c0, format=<optimized out>) at isoc99_fscanf.c:34
#3  0x00007ffff7bcebeb in fann_create_from_fd () from /usr/local/lib/libfann.so.2
#4  0x00007ffff7bcf608 in fann_create_from_file () from /usr/local/lib/libfann.so.2
#5  0x00000000004019b7 in radix2DitCooleyTykeyFft(int, int*, Complex*, Complex*) ()
#6  0x0000000000401631 in main ()

724	genops.c: Arquivo ou diretório não encontrado.

Backtrace END
Memory content before bitflip:0x00
Fault Model: LSB bit-flip
base address to flip value: 0x7ffff7398990 
address max offset: 1
Memory content after  bitflip:0x01
frame name: __GI__IO_sputbackc
symbol name: dealloc_buffers
symbol filename: genops.c
symbol line: 943
value: true
value address: 0x7ffff7398990 <dealloc_buffers>
Type: A boolean type.
Type sizeof: 1

[INFO -- 2018-10-07 16:07:30]
Fault Injection Successful after 19.764175415039062s
[INFO -- 2018-10-07 16:07:30]
event type: exit
[INFO -- 2018-10-07 16:07:30]
exit code: 0
