[INFO -- 2018-10-06 21:03:10]
sending 5 signals using command: 'killall -2 fft_nn.out' after 21.0648796751s
[INFO -- 2018-10-06 21:03:13]
sending 5 signals using command: 'killall -2 fft_nn.out' after 23.5376997427s
[INFO -- 2018-10-06 21:03:14]
sending 5 signals using command: 'killall -2 fft_nn.out' after 24.8571030808s
[INFO -- 2018-10-06 21:03:14]
Starting GDB script
[INFO -- 2018-10-06 21:03:14]
initSignal:0.0
[INFO -- 2018-10-06 21:03:14]
endSignal:5.0
[INFO -- 2018-10-06 21:03:15]
sending 5 signals using command: 'killall -2 fft_nn.out' after 0.743985340426s
[INFO -- 2018-10-06 21:03:16]
sending 5 signals using command: 'killall -2 fft_nn.out' after 2.35155854418s
[INFO -- 2018-10-06 21:03:16]
sending 5 signals using command: 'killall -2 fft_nn.out' after 2.49231108119s
[INFO -- 2018-10-06 21:03:34]
Execution finished before waitTime
