[INFO -- 2018-10-11 21:04:19]
sending 5 signals using command: 'killall -2 fft_nn.out' after 21.7056194597s
[INFO -- 2018-10-11 21:04:20]
sending 5 signals using command: 'killall -2 fft_nn.out' after 22.0425182563s
[INFO -- 2018-10-11 21:04:20]
sending 5 signals using command: 'killall -2 fft_nn.out' after 22.346746598s
[INFO -- 2018-10-11 21:04:20]
Starting GDB script
[INFO -- 2018-10-11 21:04:20]
initSignal:0.0
[INFO -- 2018-10-11 21:04:20]
endSignal:5.0
[INFO -- 2018-10-11 21:04:20]
sending 5 signals using command: 'killall -2 fft_nn.out' after 0.220829792102s
[INFO -- 2018-10-11 21:04:22]
sending 5 signals using command: 'killall -2 fft_nn.out' after 1.4409862392s
[INFO -- 2018-10-11 21:04:25]
sending 5 signals using command: 'killall -2 fft_nn.out' after 4.8381018201s
[INFO -- 2018-10-11 21:04:41]
Execution finished before waitTime
