[INFO -- 2018-10-17 11:37:20]
Starting flip_value script
version: 1.1
[INFO -- 2018-10-17 11:37:20]
Initialization strings:
[INFO -- 2018-10-17 11:37:20]
(1) file /home/latansini/Desktop/trabalhoftf/carol-fi/sample-code/inverse_nn/inversek2j_nn.out
[INFO -- 2018-10-17 11:37:20]
(2) set args /home/latansini/Desktop/trabalhoftf/carol-fi/sample-code/inverse_nn/input_250k /home/latansini/Desktop/trabalhoftf/carol-fi/sample-code/inverse_nn/output_falha.data
[INFO -- 2018-10-17 11:37:20]
initSignal:2
[INFO -- 2018-10-17 11:37:20]
endSignal:4
[INFO -- 2018-10-17 11:37:20]
faultModel:1
[EXCEPTION -- 2018-10-17 11:37:23]
gdbException: Tentativo de desreferenciar um ponteiro genérico.
[INFO -- 2018-10-17 11:37:23]
Backtrace BEGIN:
#0  __mpn_mul_1 () at ../sysdeps/x86_64/mul_1.S:36
#1  0x00007ffff700ccd1 in __mpn_mul (prodp=prodp@entry=0x7fffffffcbf0, up=0x7ffff714b068 <__tens+40>, usize=1, vp=vp@entry=0x7fffffffcc40, vsize=vsize@entry=1) at mul.c:90
#2  0x00007ffff7012bb9 in __GI_____strtof_l_internal (nptr=<optimized out>, endptr=<optimized out>, group=<optimized out>, loc=<optimized out>) at strtod_l.c:1408
#3  0x00007ffff7011d60 in __GI___strtof_internal (nptr=<optimized out>, endptr=<optimized out>, group=<optimized out>) at strtod.c:54
#4  0x00007ffff702b948 in _IO_vfscanf_internal (s=s@entry=0x608610, format=<optimized out>, argptr=argptr@entry=0x7fffffffd0d8, errp=errp@entry=0x0) at vfscanf.c:2365
#5  0x00007ffff7032162 in __isoc99_fscanf (stream=0x608610, format=<optimized out>) at isoc99_fscanf.c:34
#6  0x00007ffff7bcf187 in fann_create_from_fd () from /usr/local/lib/libfann.so.2
#7  0x00007ffff7bcf608 in fann_create_from_file () from /usr/local/lib/libfann.so.2
#8  0x000000000040199e in inversek2j(float, float, float*, float*) ()
#9  0x0000000000401631 in main ()

31	in ../sysdeps/x86_64/mul_1.S

Backtrace END
Memory content before bitflip:0x000x000x000x00
Fault Model: Double bit-flip
base address to flip value: 0x7fffffffcea0
address max offset: 4
Memory content after  bitflip:0x000x900x000x00
frame name: _IO_vfscanf_internal
symbol name: flags
symbol filename: vfscanf.c
symbol line: 222
value: 36864
value address: 0x7fffffffcea0
Type: The type is an integer type.
Type sizeof: 4

[INFO -- 2018-10-17 11:37:23]
Fault Injection Successful after 3.337482452392578s
[INFO -- 2018-10-17 11:37:30]
event type: exit
[INFO -- 2018-10-17 11:37:30]
exit code: 0
