[INFO -- 2018-10-16 21:46:55]
Starting flip_value script
version: 1.1
[INFO -- 2018-10-16 21:46:55]
Initialization strings:
[INFO -- 2018-10-16 21:46:55]
(1) file /home/latansini/Desktop/trabalhoftf/carol-fi/sample-code/inverse_nn/inversek2j_nn.out
[INFO -- 2018-10-16 21:46:55]
(2) set args /home/latansini/Desktop/trabalhoftf/carol-fi/sample-code/inverse_nn/input_250k /home/latansini/Desktop/trabalhoftf/carol-fi/sample-code/inverse_nn/output_falha.data
[INFO -- 2018-10-16 21:46:55]
initSignal:8
[INFO -- 2018-10-16 21:46:55]
endSignal:10
[INFO -- 2018-10-16 21:46:55]
faultModel:4
[INFO -- 2018-10-16 21:47:04]
Backtrace BEGIN:
#0  0x00007ffff701140b in __GI___strtoul_internal (nptr=nptr@entry=0x7fffffffccd0 "2", endptr=endptr@entry=0x7fffffffcf00, base=10, group=group@entry=0) at ../stdlib/strtol.c:97
#1  0x00007ffff7029f02 in _IO_vfscanf_internal (s=s@entry=0x608610, format=<optimized out>, argptr=argptr@entry=0x7fffffffd0d8, errp=errp@entry=0x0) at vfscanf.c:1827
#2  0x00007ffff7032162 in __isoc99_fscanf (stream=0x608610, format=<optimized out>) at isoc99_fscanf.c:34
#3  0x00007ffff7bcf187 in fann_create_from_fd () from /usr/local/lib/libfann.so.2
#4  0x00007ffff7bcf608 in fann_create_from_file () from /usr/local/lib/libfann.so.2
#5  0x000000000040199e in inversek2j(float, float, float*, float*) ()
#6  0x0000000000401631 in main ()

92	../stdlib/strtol.c: Arquivo ou diretório não encontrado.

Backtrace END
Fliping a bit of the pointer
Memory content before bitflip:0x000x000x000x000x000x000x000x00
Fault Model: LSB bit-flip
base address to flip value: 0x7fffffffce58
address max offset: 8
Memory content after  bitflip:0x000x000x000x000x000x000x000x10
frame name: _IO_vfscanf_internal
symbol name: ptrs_to_free
symbol filename: vfscanf.c
symbol line: 250
value: 0x0
value address: 0x7fffffffce58
Type: The type is a pointer.
Type sizeof: 8

[INFO -- 2018-10-16 21:47:04]
Fault Injection Successful after 9.044832468032837s
[INFO -- 2018-10-16 21:47:05]
event type: exit
[INFO -- 2018-10-16 21:47:05]
exit code: 0
