[INFO -- 2018-10-15 14:47:45]
Starting flip_value script
version: 1.1
[INFO -- 2018-10-15 14:47:45]
Initialization strings:
[INFO -- 2018-10-15 14:47:45]
(1) file /home/latansini/Desktop/trabalhoftf/carol-fi/sample-code/inverse_nn/inversek2j_nn.out
[INFO -- 2018-10-15 14:47:45]
(2) set args /home/latansini/Desktop/trabalhoftf/carol-fi/sample-code/inverse_nn/input_250k /home/latansini/Desktop/trabalhoftf/carol-fi/sample-code/inverse_nn/output_falha.data
[INFO -- 2018-10-15 14:47:45]
initSignal:0
[INFO -- 2018-10-15 14:47:45]
endSignal:2
[INFO -- 2018-10-15 14:47:45]
faultModel:0
[INFO -- 2018-10-15 14:47:45]
Backtrace BEGIN:
#0  0x00007ffff70298cb in _IO_vfscanf_internal (s=s@entry=0x608610, format=<optimized out>, argptr=argptr@entry=0x7fffffffd0d8, errp=errp@entry=0x0) at vfscanf.c:2011
#1  0x00007ffff7032162 in __isoc99_fscanf (stream=0x608610, format=<optimized out>) at isoc99_fscanf.c:34
#2  0x00007ffff7bceae9 in fann_create_from_fd () from /usr/local/lib/libfann.so.2
#3  0x00007ffff7bcf608 in fann_create_from_file () from /usr/local/lib/libfann.so.2
#4  0x000000000040199e in inversek2j(float, float, float*, float*) ()
#5  0x0000000000401631 in main ()

2006	vfscanf.c: Arquivo ou diretório não encontrado.

Backtrace END
Memory content before bitflip:0x65
Fault Model: Single bit-flip
base address to flip value: 0x7fffffffce30 
address max offset: 1
Memory content after  bitflip:0x64
frame name: _IO_vfscanf_internal
symbol name: not_in
symbol filename: vfscanf.c
symbol line: 234
value: 100 'd'
value address: 0x7fffffffce30 "d"
Type: The type is an integer type.
Type sizeof: 1

[INFO -- 2018-10-15 14:47:45]
Fault Injection Successful after 0.5359702110290527s
[INFO -- 2018-10-15 14:47:55]
event type: exit
[INFO -- 2018-10-15 14:47:55]
exit code: 0
