[INFO -- 2018-12-01 07:31:34]
Starting flip_value script
version: 1.1
[INFO -- 2018-12-01 07:31:34]
Initialization strings:
[INFO -- 2018-12-01 07:31:34]
(1) file /home/lignati/carol-fi/codes/inversefulldup/inversek2j.nn.out
[INFO -- 2018-12-01 07:31:34]
(2) set args /home/lignati/carol-fi/codes/inversefulldup/input_250k /home/lignati/carol-fi/codes/inversefulldup/output_falha.data
[INFO -- 2018-12-01 07:31:34]
initSignal:0
[INFO -- 2018-12-01 07:31:34]
endSignal:25
[INFO -- 2018-12-01 07:31:34]
faultModel:3
[INFO -- 2018-12-01 07:31:50]
Backtrace BEGIN:
#0  _IO_vfscanf_internal (s=s@entry=0x11c818b0, format=<optimized out>, argptr=argptr@entry=0x7fffffffcf38, errp=errp@entry=0x0) at vfscanf.c:2006
#1  0x00007ffff7033162 in __isoc99_fscanf (stream=0x11c818b0, format=<optimized out>) at isoc99_fscanf.c:34
#2  0x00007ffff7bcac42 in fann_create_from_fd () from /usr/local/lib/libfann.so.2
#3  0x00007ffff7bc8073 in fann_create_from_file () from /usr/local/lib/libfann.so.2
#4  0x0000000000402061 in inversek2j(float, float, float*, float*) ()
#5  0x00000000004019dd in main ()

2001	vfscanf.c: No such file or directory.

Backtrace END
Fliping value of field: __routine
Fliping a bit of the pointer
Memory content before bitflip:0xc00x2c0x030xf70xff0x7f0x000x00
Fault Model: Zero bit-flip
base address to flip value: 0x7fffffffcdb0
address max offset: 8
Memory content after  bitflip:0x000x000x000x000x000x000x000x00
frame name: _IO_vfscanf_internal
symbol name: _buffer
symbol filename: vfscanf.c
symbol line: 358
value: {__routine = 0x0, __arg = 0x11c818b0, __canceltype = -145006152, __prev = 0x2e21c1}
value address: 0x7fffffffcdb0
Type: The type is a structure.
Type sizeof: 32
Field name: __routine
Field Type: The type is a pointer.
Field Type sizeof: 8
Field name: __arg
Field Type: The type is a pointer.
Field Type sizeof: 8
Field name: __canceltype
Field Type: The type is an integer type.
Field Type sizeof: 4
Field name: __prev
Field Type: The type is a pointer.
Field Type sizeof: 8

[INFO -- 2018-12-01 07:31:50]
Fault Injection Successful after 16.101852416992188s
[INFO -- 2018-12-01 07:32:00]
event type: exit
[INFO -- 2018-12-01 07:32:00]
exit code: 0
