[INFO -- 2018-10-10 14:10:03]
Starting flip_value script
version: 1.1
[INFO -- 2018-10-10 14:10:03]
Initialization strings:
[INFO -- 2018-10-10 14:10:03]
(1) file /tmp/fft_nn/fft_nn.out
[INFO -- 2018-10-10 14:10:03]
(2) set args 32768 /tmp/fft_nn/output_falha.data
[INFO -- 2018-10-10 14:10:03]
initSignal:15
[INFO -- 2018-10-10 14:10:03]
endSignal:20
[INFO -- 2018-10-10 14:10:03]
faultModel:3
[EXCEPTION -- 2018-10-10 14:10:19]
gdbException: Tentativo de desreferenciar um ponteiro genérico.
[INFO -- 2018-10-10 14:10:19]
Backtrace BEGIN:
#0  strlen () at ../sysdeps/x86_64/strlen.S:72
#1  0x00007ffff701259b in __GI_____strtof_l_internal (nptr=0x7fffffffd000 "5.", '0' <repete 20 vezes>, "e-01", endptr=0x7fffffffd230, group=<optimized out>, loc=0x7ffff7397060 <_nl_global_locale>) at strtod_l.c:572
#2  0x00007ffff7011d60 in __GI___strtof_internal (nptr=<optimized out>, endptr=<optimized out>, group=<optimized out>) at strtod.c:54
#3  0x00007ffff702b948 in _IO_vfscanf_internal (s=s@entry=0x6062c0, format=<optimized out>, argptr=argptr@entry=0x7fffffffd408, errp=errp@entry=0x0) at vfscanf.c:2365
#4  0x00007ffff7032162 in __isoc99_fscanf (stream=0x6062c0, format=<optimized out>) at isoc99_fscanf.c:34
#5  0x00007ffff7bcf0eb in fann_create_from_fd () from /usr/local/lib/libfann.so.2
#6  0x00007ffff7bcf608 in fann_create_from_file () from /usr/local/lib/libfann.so.2
#7  0x00000000004019b7 in radix2DitCooleyTykeyFft(int, int*, Complex*, Complex*) ()
#8  0x0000000000401631 in main ()

67	../sysdeps/x86_64/strlen.S: Arquivo ou diretório não encontrado.

Backtrace END
Fliping array at pos: 13
Memory content before bitflip:0x69
Fault Model: Zero bit-flip
base address to flip value: 0x7ffff715cb8d  
address max offset: 1
Memory content after  bitflip:0x00
frame name: __GI_____strtof_l_internal
symbol name: __PRETTY_FUNCTION__
symbol filename: strtof_l.c
symbol line: 0
value: "____strtof_l_\000nternal"
value address: 0x7ffff715cb80 <__PRETTY_FUNCTION__.11547>
Type: The type is an array.
Type sizeof: 22
Field name: None
Field Type: A range type, that is, an integer type with bounds.
Field Type sizeof: 8
Field Type range: (0, 21)

[INFO -- 2018-10-10 14:10:19]
Fault Injection Successful after 16.7631196975708s
[INFO -- 2018-10-10 14:10:23]
event type: exit
[INFO -- 2018-10-10 14:10:23]
exit code: 0
