[INFO -- 2018-10-16 02:46:51]
Starting flip_value script
version: 1.1
[INFO -- 2018-10-16 02:46:51]
Initialization strings:
[INFO -- 2018-10-16 02:46:51]
(1) file /home/latansini/Desktop/trabalhoftf/carol-fi/sample-code/inverse_nn/inversek2j_nn.out
[INFO -- 2018-10-16 02:46:51]
(2) set args /home/latansini/Desktop/trabalhoftf/carol-fi/sample-code/inverse_nn/input_250k /home/latansini/Desktop/trabalhoftf/carol-fi/sample-code/inverse_nn/output_falha.data
[INFO -- 2018-10-16 02:46:51]
initSignal:8
[INFO -- 2018-10-16 02:46:51]
endSignal:10
[INFO -- 2018-10-16 02:46:51]
faultModel:4
[EXCEPTION -- 2018-10-16 02:46:59]
gdbException: Tentativo de desreferenciar um ponteiro genérico.
[INFO -- 2018-10-16 02:47:00]
Backtrace BEGIN:
#0  __mpn_construct_float (frac_ptr=frac_ptr@entry=0x7fffffffcbe0, expt=<optimized out>, sign=sign@entry=0) at ../sysdeps/ieee754/flt-32/mpn2flt.c:41
#1  0x00007ffff7012346 in round_and_return (retval=0x7fffffffcbe0, exponent=<optimized out>, negative=negative@entry=0, round_limb=round_limb@entry=8391084065826013183, round_bit=<optimized out>, more_bits=<optimized out>) at strtod_l.c:327
#2  0x00007ffff7013332 in __GI_____strtof_l_internal (nptr=<optimized out>, endptr=<optimized out>, group=<optimized out>, loc=<optimized out>) at strtod_l.c:1613
#3  0x00007ffff7011d60 in __GI___strtof_internal (nptr=<optimized out>, endptr=<optimized out>, group=<optimized out>) at strtod.c:54
#4  0x00007ffff702b948 in _IO_vfscanf_internal (s=s@entry=0x608610, format=<optimized out>, argptr=argptr@entry=0x7fffffffd0d8, errp=errp@entry=0x0) at vfscanf.c:2365
#5  0x00007ffff7032162 in __isoc99_fscanf (stream=0x608610, format=<optimized out>) at isoc99_fscanf.c:34
#6  0x00007ffff7bcf187 in fann_create_from_fd () from /usr/local/lib/libfann.so.2
#7  0x00007ffff7bcf608 in fann_create_from_file () from /usr/local/lib/libfann.so.2
#8  0x000000000040199e in inversek2j(float, float, float*, float*) ()
#9  0x0000000000401631 in main ()

36	in ../sysdeps/ieee754/flt-32/mpn2flt.c

Backtrace END
Fliping array at pos: 1
Memory content before bitflip:0x5f
Fault Model: LSB bit-flip
base address to flip value: 0x7ffff715cb81  
address max offset: 1
Memory content after  bitflip:0x4f
frame name: __GI_____strtof_l_internal
symbol name: __PRETTY_FUNCTION__
symbol filename: strtof_l.c
symbol line: 0
value: "_O__strtof_l_internal"
value address: 0x7ffff715cb80 <__PRETTY_FUNCTION__.11547>
Type: The type is an array.
Type sizeof: 22
Field name: None
Field Type: A range type, that is, an integer type with bounds.
Field Type sizeof: 8
Field Type range: (0, 21)

[INFO -- 2018-10-16 02:47:00]
Fault Injection Successful after 9.004651546478271s
[INFO -- 2018-10-16 02:47:01]
event type: exit
[INFO -- 2018-10-16 02:47:01]
exit code: 0
