[INFO -- 2018-12-09 18:06:53]
Starting flip_value script
version: 1.1
[INFO -- 2018-12-09 18:06:53]
Initialization strings:
[INFO -- 2018-12-09 18:06:53]
(1) file /home/melkor/ETAPA2/dup_nn/nn-knl-files/nn
[INFO -- 2018-12-09 18:06:53]
(2) set args /home/melkor/ETAPA2/dup_nn/nn-knl-files/filelist 20 5 5 /home/melkor/ETAPA2/dup_nn/nn-knl-files/out20_5_5
[INFO -- 2018-12-09 18:06:53]
initSignal:0
[INFO -- 2018-12-09 18:06:53]
endSignal:1
[INFO -- 2018-12-09 18:06:53]
faultModel:3
[EXCEPTION -- 2018-12-09 18:06:54]
pythonException: invalid frame
[EXCEPTION -- 2018-12-09 18:06:54]
pythonException: invalid frame
[INFO -- 2018-12-09 18:06:54]
Backtrace BEGIN:
#0  0x00007ffff7821093 in ?? () from /usr/lib/x86_64-linux-gnu/libgomp.so.1
#1  0x00007ffff781fda9 in ?? () from /usr/lib/x86_64-linux-gnu/libgomp.so.1
#2  0x00005555555555ed in main (argc=6, argv=0x7fffffffded8) at nn.c:196

68	      fclose(logfile);
69	    }
70		
71		
72		if(file != NULL){	// isso aqui tava dando segfault
73			fclose(file);
74		}
75		
76	}
77	

Backtrace END
Fliping a bit of the value pointed by a pointer
Fliping a bit of the value pointed by a pointer
Memory content before bitflip:0x2f
Fault Model: Zero bit-flip
base address to flip value: 0x7fffffffe251 
address max offset: 1
Memory content after  bitflip:0x00
frame name: main
symbol name: argv
symbol filename: nn.c
symbol line: 82
value: 0x7fffffffded8
value address: 0x7fffffffdaf0
Type: The type is a pointer.
Type sizeof: 8

[INFO -- 2018-12-09 18:06:54]
Fault Injection Successful after 1.3192052841186523s
[INFO -- 2018-12-09 18:06:55]
event type: exit
[INFO -- 2018-12-09 18:06:55]
exit code: 0
