[INFO -- 2018-10-11 19:03:15]
sending 5 signals using command: 'killall -2 fft_nn.out' after 21.7863269702s
[INFO -- 2018-10-11 19:03:16]
sending 5 signals using command: 'killall -2 fft_nn.out' after 22.6308214142s
[INFO -- 2018-10-11 19:03:18]
sending 5 signals using command: 'killall -2 fft_nn.out' after 24.3488866521s
[INFO -- 2018-10-11 19:03:18]
Starting GDB script
[INFO -- 2018-10-11 19:03:18]
initSignal:0.0
[INFO -- 2018-10-11 19:03:18]
endSignal:5.0
[INFO -- 2018-10-11 19:03:19]
sending 5 signals using command: 'killall -2 fft_nn.out' after 1.30510971226s
[INFO -- 2018-10-11 19:03:20]
sending 5 signals using command: 'killall -2 fft_nn.out' after 2.36153571917s
[INFO -- 2018-10-11 19:03:23]
sending 5 signals using command: 'killall -2 fft_nn.out' after 4.45649659746s
[INFO -- 2018-10-11 19:03:39]
Execution finished before waitTime
