[INFO -- 2018-12-01 14:30:26]
Starting flip_value script
version: 1.1
[INFO -- 2018-12-01 14:30:26]
Initialization strings:
[INFO -- 2018-12-01 14:30:26]
(1) file /home/lignati/carol-fi/codes/inversefulldup/inversek2j.nn.out
[INFO -- 2018-12-01 14:30:26]
(2) set args /home/lignati/carol-fi/codes/inversefulldup/input_250k /home/lignati/carol-fi/codes/inversefulldup/output_falha.data
[INFO -- 2018-12-01 14:30:26]
initSignal:0
[INFO -- 2018-12-01 14:30:26]
endSignal:25
[INFO -- 2018-12-01 14:30:26]
faultModel:2
[INFO -- 2018-12-01 14:30:30]
Backtrace BEGIN:
#0  __mpn_mul (prodp=prodp@entry=0x7fffffffca50, up=0x7ffff714c068 <__tens+40>, usize=1, vp=vp@entry=0x7fffffffcaa0, vsize=vsize@entry=1) at mul.c:92
#1  0x00007ffff7013bb9 in __GI_____strtof_l_internal (nptr=<optimized out>, endptr=<optimized out>, group=<optimized out>, loc=<optimized out>) at strtod_l.c:1408
#2  0x00007ffff7012d60 in __GI___strtof_internal (nptr=<optimized out>, endptr=<optimized out>, group=<optimized out>) at strtod.c:54
#3  0x00007ffff702c948 in _IO_vfscanf_internal (s=s@entry=0x6085c0, format=<optimized out>, argptr=argptr@entry=0x7fffffffcf38, errp=errp@entry=0x0) at vfscanf.c:2365
#4  0x00007ffff7033162 in __isoc99_fscanf (stream=0x6085c0, format=<optimized out>) at isoc99_fscanf.c:34
#5  0x00007ffff7bcac42 in fann_create_from_fd () from /usr/local/lib/libfann.so.2
#6  0x00007ffff7bc8073 in fann_create_from_file () from /usr/local/lib/libfann.so.2
#7  0x0000000000402061 in inversek2j(float, float, float*, float*) ()
#8  0x000000000040179a in main ()

87	mul.c: No such file or directory.

Backtrace END
Fliping array at pos: 14
Memory content before bitflip:0x6e
Fault Model: Random bit-flip
base address to flip value: 0x7ffff715db8e  
address max offset: 1
Memory content after  bitflip:0x08
frame name: __GI_____strtof_l_internal
symbol name: __PRETTY_FUNCTION__
symbol filename: strtof_l.c
symbol line: 0
value: "____strtof_l_i\bternal"
value address: 0x7ffff715db80 <__PRETTY_FUNCTION__.11547>
Type: The type is an array.
Type sizeof: 22
Field name: None
Field Type: A range type, that is, an integer type with bounds.
Field Type sizeof: 8
Field Type range: (0, 21)

[INFO -- 2018-12-01 14:30:30]
Fault Injection Successful after 4.6614367961883545s
[INFO -- 2018-12-01 14:30:51]
event type: exit
[INFO -- 2018-12-01 14:30:51]
exit code: 0
