[INFO -- 2018-12-09 15:26:54]
Starting flip_value script
version: 1.1
[INFO -- 2018-12-09 15:26:54]
Initialization strings:
[INFO -- 2018-12-09 15:26:54]
(1) file /home/melkor/ETAPA2/dup_nn/nn-knl-files/nn
[INFO -- 2018-12-09 15:26:54]
(2) set args /home/melkor/ETAPA2/dup_nn/nn-knl-files/filelist 20 5 5 /home/melkor/ETAPA2/dup_nn/nn-knl-files/out20_5_5
[INFO -- 2018-12-09 15:26:54]
initSignal:0
[INFO -- 2018-12-09 15:26:54]
endSignal:1
[INFO -- 2018-12-09 15:26:54]
faultModel:1
[EXCEPTION -- 2018-12-09 15:26:54]
gdbException: Tentativo de desreferenciar um ponteiro genérico.
[EXCEPTION -- 2018-12-09 15:26:54]
pythonException: invalid frame
[EXCEPTION -- 2018-12-09 15:26:54]
pythonException: invalid frame
[EXCEPTION -- 2018-12-09 15:26:54]
pythonException: invalid frame
[INFO -- 2018-12-09 15:26:54]
Backtrace BEGIN:
#0  0x00007ffff782108e in ?? () from /usr/lib/x86_64-linux-gnu/libgomp.so.1
#1  0x00007ffff781fda9 in ?? () from /usr/lib/x86_64-linux-gnu/libgomp.so.1
#2  0x00005555555555ed in main (argc=6, argv=0x7fffffffdf08) at nn.c:196

2284	in rtld.c

Backtrace END
Fliping array at pos: 12
Memory content before bitflip:0x2f
Fault Model: Double bit-flip
base address to flip value: 0x7fffffffdbec 
address max offset: 1
Memory content after  bitflip:0xbf
frame name: main
symbol name: dbname
symbol filename: nn.c
symbol line: 85
value: "/home/melkor\277ETAPA2/dup_nn/nn-knl-files/cane4_3.db", '\000' <repete 13 vezes>
value address: 0x7fffffffdbe0
Type: The type is an array.
Type sizeof: 64
Field name: None
Field Type: A range type, that is, an integer type with bounds.
Field Type sizeof: 8
Field Type range: (0, 63)

[INFO -- 2018-12-09 15:26:54]
Fault Injection Successful after 0.8777172565460205s
[INFO -- 2018-12-09 15:26:54]
event type: exit
[INFO -- 2018-12-09 15:26:54]
exit code: 0
