[INFO -- 2018-10-19 05:32:31]
Starting flip_value script
version: 1.1
[INFO -- 2018-10-19 05:32:31]
Initialization strings:
[INFO -- 2018-10-19 05:32:31]
(1) file /home/latansini/Desktop/trabalhoftf/carol-fi/sample-code/knn/nn-knl-files/nn
[INFO -- 2018-10-19 05:32:31]
(2) set args /home/latansini/Desktop/trabalhoftf/carol-fi/sample-code/knn/nn-knl-files/filelist 15 25 25 /home/latansini/Desktop/trabalhoftf/carol-fi/sample-code/knn/nn-knl-files/out15_25_25
[INFO -- 2018-10-19 05:32:31]
initSignal:3
[INFO -- 2018-10-19 05:32:31]
endSignal:4
[INFO -- 2018-10-19 05:32:31]
faultModel:3
[EXCEPTION -- 2018-10-19 05:32:35]
pythonException: invalid frame
[EXCEPTION -- 2018-10-19 05:32:35]
pythonException: invalid frame
[EXCEPTION -- 2018-10-19 05:32:35]
pythonException: invalid frame
[EXCEPTION -- 2018-10-19 05:32:35]
gdbException: A syntax error in expression, near `...'.
[EXCEPTION -- 2018-10-19 05:32:35]
pythonException: invalid frame
[EXCEPTION -- 2018-10-19 05:32:35]
pythonException: invalid frame
[EXCEPTION -- 2018-10-19 05:32:35]
pythonException: invalid frame
[EXCEPTION -- 2018-10-19 05:32:35]
gdbException: Tentativo de desreferenciar um ponteiro genérico.
[EXCEPTION -- 2018-10-19 05:32:35]
pythonException: invalid frame
[EXCEPTION -- 2018-10-19 05:32:35]
pythonException: invalid frame
[EXCEPTION -- 2018-10-19 05:32:35]
pythonException: invalid frame
[INFO -- 2018-10-19 05:32:35]
Backtrace BEGIN:
#0  0x00007ffff78bddaa in ?? () from /usr/lib/x86_64-linux-gnu/libgomp.so.1
#1  0x00007ffff78bb6da in ?? () from /usr/lib/x86_64-linux-gnu/libgomp.so.1
#2  0x00007ffff768f184 in start_thread (arg=0x7ffff70b9700) at pthread_create.c:312
#3  0x00007ffff73bc03d in clone () at ../sysdeps/unix/sysv/linux/x86_64/clone.S:111

40	        fprintf(stderr, "%s <filelist> <num neighbors to find> <target latitude> <target longitude> <out filename>\n",argv[0]);
41	        exit(-1);
42	    }
43	
44	    flist = fopen(argv[1], "r");
45	    if(!flist) {
46	        printf("error opening flist\n");
47	        exit(1);
48	    }
49	

Backtrace END
Fliping a bit of the value pointed by a pointer
Fliping value of field: _fileno
Memory content before bitflip:0x040x000x000x00
Fault Model: Zero bit-flip
base address to flip value: 0x6030a0
address max offset: 4
Memory content after  bitflip:0x000x000x000x00
frame name: main
symbol name: flist
symbol filename: nn.c
symbol line: 30
value: 0x603030
value address: 0x7fffffffd548
Type: The type is a pointer.
Type sizeof: 8

[INFO -- 2018-10-19 05:32:35]
Fault Injection Successful after 4.246859550476074s
[INFO -- 2018-10-19 05:32:37]
event type: exit
[INFO -- 2018-10-19 05:32:37]
exit code: 0
