[INFO -- 2018-12-09 16:06:51]
Starting flip_value script
version: 1.1
[INFO -- 2018-12-09 16:06:51]
Initialization strings:
[INFO -- 2018-12-09 16:06:51]
(1) file /home/melkor/ETAPA2/dup_nn/nn-knl-files/nn
[INFO -- 2018-12-09 16:06:51]
(2) set args /home/melkor/ETAPA2/dup_nn/nn-knl-files/filelist 20 5 5 /home/melkor/ETAPA2/dup_nn/nn-knl-files/out20_5_5
[INFO -- 2018-12-09 16:06:51]
initSignal:0
[INFO -- 2018-12-09 16:06:51]
endSignal:1
[INFO -- 2018-12-09 16:06:51]
faultModel:4
[EXCEPTION -- 2018-12-09 16:06:52]
gdbException: Tentativo de desreferenciar um ponteiro genérico.
[INFO -- 2018-12-09 16:06:52]
event type: exit
[INFO -- 2018-12-09 16:06:52]
exit code: 1
