[INFO -- 2018-10-09 19:41:30]
sending 5 signals using command: 'killall -2 fft_nn.out' after 23.1674149261s
[INFO -- 2018-10-09 19:41:30]
sending 5 signals using command: 'killall -2 fft_nn.out' after 23.654971427s
[INFO -- 2018-10-09 19:41:31]
sending 5 signals using command: 'killall -2 fft_nn.out' after 24.5179480147s
[INFO -- 2018-10-09 19:41:31]
Starting GDB script
[INFO -- 2018-10-09 19:41:31]
initSignal:0.0
[INFO -- 2018-10-09 19:41:31]
endSignal:5.0
[INFO -- 2018-10-09 19:41:34]
sending 5 signals using command: 'killall -2 fft_nn.out' after 2.85128985625s
[INFO -- 2018-10-09 19:41:35]
sending 5 signals using command: 'killall -2 fft_nn.out' after 3.58960234405s
[INFO -- 2018-10-09 19:41:35]
sending 5 signals using command: 'killall -2 fft_nn.out' after 3.86534885873s
[INFO -- 2018-10-09 19:41:52]
Execution finished before waitTime
