[INFO -- 2018-12-09 15:26:37]
Starting flip_value script
version: 1.1
[INFO -- 2018-12-09 15:26:37]
Initialization strings:
[INFO -- 2018-12-09 15:26:37]
(1) file /home/melkor/ETAPA2/dup_nn/nn-knl-files/nn
[INFO -- 2018-12-09 15:26:37]
(2) set args /home/melkor/ETAPA2/dup_nn/nn-knl-files/filelist 20 5 5 /home/melkor/ETAPA2/dup_nn/nn-knl-files/out20_5_5
[INFO -- 2018-12-09 15:26:37]
initSignal:0
[INFO -- 2018-12-09 15:26:37]
endSignal:1
[INFO -- 2018-12-09 15:26:37]
faultModel:1
[EXCEPTION -- 2018-12-09 15:26:37]
pythonException: invalid frame
[INFO -- 2018-12-09 15:26:37]
Backtrace BEGIN:
#0  0x00007ffff782108e in ?? () from /usr/lib/x86_64-linux-gnu/libgomp.so.1
#1  0x00007ffff781fda9 in ?? () from /usr/lib/x86_64-linux-gnu/libgomp.so.1
#2  0x00005555555555ed in main (argc=6, argv=0x7fffffffdf08) at nn.c:196

68	      fclose(logfile);
69	    }
70		
71		
72		if(file != NULL){	// isso aqui tava dando segfault
73			fclose(file);
74		}
75		
76	}
77	

Backtrace END
Memory content before bitflip:0x0a0x000x000x00
Fault Model: Double bit-flip
base address to flip value: 0x7fffffffdb34
address max offset: 4
Memory content after  bitflip:0x0a0x000x000x84
frame name: main
symbol name: i
symbol filename: nn.c
symbol line: 84
value: -2080374774
value address: 0x7fffffffdb34
Type: The type is an integer type.
Type sizeof: 4

[INFO -- 2018-12-09 15:26:37]
Fault Injection Successful after 0.8104443550109863s
[INFO -- 2018-12-09 15:26:37]
event type: exit
[INFO -- 2018-12-09 15:26:37]
exit code: 0
