[INFO -- 2018-12-09 18:11:55]
Starting flip_value script
version: 1.1
[INFO -- 2018-12-09 18:11:55]
Initialization strings:
[INFO -- 2018-12-09 18:11:55]
(1) file /home/melkor/ETAPA2/dup_nn/nn-knl-files/nn
[INFO -- 2018-12-09 18:11:55]
(2) set args /home/melkor/ETAPA2/dup_nn/nn-knl-files/filelist 20 5 5 /home/melkor/ETAPA2/dup_nn/nn-knl-files/out20_5_5
[INFO -- 2018-12-09 18:11:55]
initSignal:0
[INFO -- 2018-12-09 18:11:55]
endSignal:1
[INFO -- 2018-12-09 18:11:55]
faultModel:4
[EXCEPTION -- 2018-12-09 18:11:55]
pythonException: invalid frame
[EXCEPTION -- 2018-12-09 18:11:55]
pythonException: invalid frame
[INFO -- 2018-12-09 18:11:55]
Backtrace BEGIN:
#0  0x00007ffff78210d3 in ?? () from /usr/lib/x86_64-linux-gnu/libgomp.so.1
#1  0x00007ffff781fda9 in ?? () from /usr/lib/x86_64-linux-gnu/libgomp.so.1
#2  0x00005555555555ed in main (argc=6, argv=0x7fffffffded8) at nn.c:196

68	      fclose(logfile);
69	    }
70		
71		
72		if(file != NULL){	// isso aqui tava dando segfault
73			fclose(file);
74		}
75		
76	}
77	

Backtrace END
Fliping a bit of the value pointed by a pointer
Fliping value of field: _IO_read_base
Fliping a bit of the pointer
Memory content before bitflip:0x700xa10x750x550x550x550x000x00
Fault Model: LSB bit-flip
base address to flip value: 0x555555759ef8
address max offset: 8
Memory content after  bitflip:0x700xa10x750x550x550x550x000x02
frame name: main
symbol name: fp
symbol filename: nn.c
symbol line: 83
value: 0x555555759ee0
value address: 0x7fffffffdb40
Type: The type is a pointer.
Type sizeof: 8

[INFO -- 2018-12-09 18:11:55]
Fault Injection Successful after 0.8259069919586182s
[INFO -- 2018-12-09 18:11:56]
event type: exit
[INFO -- 2018-12-09 18:11:56]
exit code: 0
