[INFO -- 2018-10-09 18:57:18]
sending 5 signals using command: 'killall -2 fft_nn.out' after 23.6438885542s
[INFO -- 2018-10-09 18:57:19]
sending 5 signals using command: 'killall -2 fft_nn.out' after 24.1806890154s
[INFO -- 2018-10-09 18:57:19]
sending 5 signals using command: 'killall -2 fft_nn.out' after 24.9228804966s
[INFO -- 2018-10-09 18:57:19]
Starting GDB script
[INFO -- 2018-10-09 18:57:19]
initSignal:0.0
[INFO -- 2018-10-09 18:57:19]
endSignal:5.0
[INFO -- 2018-10-09 18:57:20]
sending 5 signals using command: 'killall -2 fft_nn.out' after 0.428109660579s
[INFO -- 2018-10-09 18:57:20]
sending 5 signals using command: 'killall -2 fft_nn.out' after 1.01642982894s
[INFO -- 2018-10-09 18:57:24]
sending 5 signals using command: 'killall -2 fft_nn.out' after 4.62509048836s
[INFO -- 2018-10-09 18:57:40]
Execution finished before waitTime
