[INFO -- 2018-10-10 10:08:02]
sending 5 signals using command: 'killall -2 fft_nn.out' after 21.1643603537s
[INFO -- 2018-10-10 10:08:03]
sending 5 signals using command: 'killall -2 fft_nn.out' after 22.2370999258s
[INFO -- 2018-10-10 10:08:05]
sending 5 signals using command: 'killall -2 fft_nn.out' after 24.4544650867s
[INFO -- 2018-10-10 10:08:05]
Starting GDB script
[INFO -- 2018-10-10 10:08:05]
initSignal:0.0
[INFO -- 2018-10-10 10:08:05]
endSignal:5.0
[INFO -- 2018-10-10 10:08:06]
sending 5 signals using command: 'killall -2 fft_nn.out' after 1.12352344628s
[INFO -- 2018-10-10 10:08:06]
sending 5 signals using command: 'killall -2 fft_nn.out' after 1.31352311939s
[INFO -- 2018-10-10 10:08:08]
sending 5 signals using command: 'killall -2 fft_nn.out' after 2.68079854792s
[INFO -- 2018-10-10 10:08:26]
Execution finished before waitTime
