[INFO -- 2018-10-12 07:21:46]
sending 5 signals using command: 'killall -2 fft_nn.out' after 22.1921734089s
[INFO -- 2018-10-12 07:21:46]
sending 5 signals using command: 'killall -2 fft_nn.out' after 22.7680076884s
[INFO -- 2018-10-12 07:21:47]
sending 5 signals using command: 'killall -2 fft_nn.out' after 22.9810888293s
[INFO -- 2018-10-12 07:21:47]
Starting GDB script
[INFO -- 2018-10-12 07:21:47]
initSignal:0.0
[INFO -- 2018-10-12 07:21:47]
endSignal:5.0
[INFO -- 2018-10-12 07:21:49]
sending 5 signals using command: 'killall -2 fft_nn.out' after 2.16307010516s
[INFO -- 2018-10-12 07:21:50]
sending 5 signals using command: 'killall -2 fft_nn.out' after 3.10062851924s
[INFO -- 2018-10-12 07:21:50]
sending 5 signals using command: 'killall -2 fft_nn.out' after 3.33245278272s
[INFO -- 2018-10-12 07:22:08]
Execution finished before waitTime
