[INFO -- 2018-11-30 20:27:38]
Starting flip_value script
version: 1.1
[INFO -- 2018-11-30 20:27:38]
Initialization strings:
[INFO -- 2018-11-30 20:27:38]
(1) file /home/lignati/carol-fi/codes/inversefulldup/inversek2j.nn.out
[INFO -- 2018-11-30 20:27:38]
(2) set args /home/lignati/carol-fi/codes/inversefulldup/input_250k /home/lignati/carol-fi/codes/inversefulldup/output_falha.data
[INFO -- 2018-11-30 20:27:38]
initSignal:0
[INFO -- 2018-11-30 20:27:38]
endSignal:25
[INFO -- 2018-11-30 20:27:38]
faultModel:2
[EXCEPTION -- 2018-11-30 20:27:42]
gdbException: Attempt to dereference a generic pointer.
[INFO -- 2018-11-30 20:27:42]
Backtrace BEGIN:
#0  __GI_____strtoul_l_internal (nptr=nptr@entry=0x7fffffffcb30 "28", endptr=endptr@entry=0x7fffffffcd60, base=10, group=group@entry=0, loc=0x7ffff7398060 <_nl_global_locale>) at ../stdlib/strtol_l.c:258
#1  0x00007ffff7012410 in __GI___strtoul_internal (nptr=nptr@entry=0x7fffffffcb30 "28", endptr=endptr@entry=0x7fffffffcd60, base=<optimized out>, group=group@entry=0) at ../stdlib/strtol.c:97
#2  0x00007ffff702af02 in _IO_vfscanf_internal (s=s@entry=0x6085c0, format=<optimized out>, argptr=argptr@entry=0x7fffffffcf38, errp=errp@entry=0x0) at vfscanf.c:1827
#3  0x00007ffff7033162 in __isoc99_fscanf (stream=0x6085c0, format=<optimized out>) at isoc99_fscanf.c:34
#4  0x00007ffff7bcac42 in fann_create_from_fd () from /usr/local/lib/libfann.so.2
#5  0x00007ffff7bc8073 in fann_create_from_file () from /usr/local/lib/libfann.so.2
#6  0x0000000000402061 in inversek2j(float, float, float*, float*) ()
#7  0x000000000040179a in main ()

253	in ../stdlib/strtol_l.c

Backtrace END
Fliping array at pos: 0
Fliping value of field: fp_offset
Memory content before bitflip:0x300x000x000x00
Fault Model: Random bit-flip
base address to flip value: 0x7fffffffcf3c
address max offset: 4
Memory content after  bitflip:0xcc0xb90xc30x46
frame name: __isoc99_fscanf
symbol name: arg
symbol filename: isoc99_fscanf.c
symbol line: 27
value: {{gp_offset = 16, fp_offset = 1187232204, overflow_arg_area = 0x7fffffffd010, reg_save_area = 0x7fffffffcf50}}
value address: 0x7fffffffcf38
Type: The type is an array.
Type sizeof: 24

[INFO -- 2018-11-30 20:27:42]
Fault Injection Successful after 4.525186777114868s
[INFO -- 2018-11-30 20:28:04]
event type: exit
[INFO -- 2018-11-30 20:28:04]
exit code: 0
