[INFO -- 2018-10-17 13:22:52]
Starting flip_value script
version: 1.1
[INFO -- 2018-10-17 13:22:52]
Initialization strings:
[INFO -- 2018-10-17 13:22:52]
(1) file /home/latansini/Desktop/trabalhoftf/carol-fi/sample-code/inverse_nn/inversek2j_nn.out
[INFO -- 2018-10-17 13:22:52]
(2) set args /home/latansini/Desktop/trabalhoftf/carol-fi/sample-code/inverse_nn/input_250k /home/latansini/Desktop/trabalhoftf/carol-fi/sample-code/inverse_nn/output_falha.data
[INFO -- 2018-10-17 13:22:52]
initSignal:0
[INFO -- 2018-10-17 13:22:52]
endSignal:2
[INFO -- 2018-10-17 13:22:52]
faultModel:0
[INFO -- 2018-10-17 13:22:53]
Backtrace BEGIN:
#0  0x00007ffff70c3360 in __read_nocancel () at ../sysdeps/unix/syscall-template.S:81
#1  0x00007ffff704e5b0 in _IO_new_file_underflow (fp=0x608610) at fileops.c:613
#2  0x00007ffff704f53e in __GI__IO_default_uflow (fp=0x608610) at genops.c:435
#3  0x00007ffff70307a7 in _IO_vfscanf_internal (s=s@entry=0x608610, format=<optimized out>, argptr=argptr@entry=0x7fffffffd0d8, errp=errp@entry=0x0) at vfscanf.c:2115
#4  0x00007ffff7032162 in __isoc99_fscanf (stream=0x608610, format=<optimized out>) at isoc99_fscanf.c:34
#5  0x00007ffff7bcf187 in fann_create_from_fd () from /usr/local/lib/libfann.so.2
#6  0x00007ffff7bcf608 in fann_create_from_file () from /usr/local/lib/libfann.so.2
#7  0x000000000040199e in inversek2j(float, float, float*, float*) ()
#8  0x0000000000401631 in main ()

76	../sysdeps/unix/syscall-template.S: Arquivo ou diretório não encontrado.

Backtrace END
Fliping value of field: __routine
Fliping a bit of the pointer
Memory content before bitflip:0xc00x1c0x030xf70xff0x7f0x000x00
Fault Model: Single bit-flip
base address to flip value: 0x7fffffffcf50
address max offset: 8
Memory content after  bitflip:0xc00x1c0x030xf70xfd0x7f0x000x00
frame name: _IO_vfscanf_internal
symbol name: _buffer
symbol filename: vfscanf.c
symbol line: 358
value: {__routine = 0x7ffdf7031cc0, __arg = 0x608610, __canceltype = 0, __prev = 0x0}
value address: 0x7fffffffcf50
Type: The type is a structure.
Type sizeof: 32
Field name: __routine
Field Type: The type is a pointer.
Field Type sizeof: 8
Field name: __arg
Field Type: The type is a pointer.
Field Type sizeof: 8
Field name: __canceltype
Field Type: The type is an integer type.
Field Type sizeof: 4
Field name: __prev
Field Type: The type is a pointer.
Field Type sizeof: 8

[INFO -- 2018-10-17 13:22:53]
Fault Injection Successful after 1.397709608078003s
[INFO -- 2018-10-17 13:23:02]
event type: exit
[INFO -- 2018-10-17 13:23:02]
exit code: 0
