[INFO -- 2018-10-18 17:01:22]
Starting flip_value script
version: 1.1
[INFO -- 2018-10-18 17:01:22]
Initialization strings:
[INFO -- 2018-10-18 17:01:22]
(1) file /home/latansini/Desktop/trabalhoftf/carol-fi/sample-code/knn/nn-knl-files/nn
[INFO -- 2018-10-18 17:01:22]
(2) set args /home/latansini/Desktop/trabalhoftf/carol-fi/sample-code/knn/nn-knl-files/filelist 15 25 25 /home/latansini/Desktop/trabalhoftf/carol-fi/sample-code/knn/nn-knl-files/out15_25_25
[INFO -- 2018-10-18 17:01:22]
initSignal:2
[INFO -- 2018-10-18 17:01:22]
endSignal:3
[INFO -- 2018-10-18 17:01:22]
faultModel:2
[INFO -- 2018-10-18 17:01:24]
Backtrace BEGIN:
#0  0x00007ffff72ff122 in round_and_return (retval=retval@entry=0x7fffffffd080, exponent=5, negative=negative@entry=0, round_limb=round_limb@entry=9223372036854775808, round_bit=<optimized out>, more_bits=0) at strtod_l.c:300
#1  0x00007ffff72ffc7d in __GI_____strtod_l_internal (nptr=<optimized out>, endptr=<optimized out>, group=<optimized out>, loc=<optimized out>) at strtod_l.c:1613
#2  0x000000000040150f in main._omp_fn.0 () at nn.c:118
#3  0x0000000000401193 in main (argc=6, argv=0x7fffffffd8b8) at nn.c:115

295	strtod_l.c: Arquivo ou diretório não encontrado.

Backtrace END
Fliping array at pos: 0
Memory content before bitflip:0x000x000x000x000x000x400x1f0x00
Fault Model: Random bit-flip
base address to flip value: 0x7fffffffd080
address max offset: 8
Memory content after  bitflip:0x960x6a0x1b0xab0x9e0x470x880x66
frame name: __GI_____strtod_l_internal
symbol name: retval
symbol filename: strtod_l.c
symbol line: 497
value: {7388233935502404246}
value address: 0x7fffffffd080
Type: The type is an array.
Type sizeof: 8
Field name: None
Field Type: A range type, that is, an integer type with bounds.
Field Type sizeof: 8
Field Type range: (0, 0)

[INFO -- 2018-10-18 17:01:24]
Fault Injection Successful after 2.9321274757385254s
[INFO -- 2018-10-18 17:01:28]
event type: exit
[INFO -- 2018-10-18 17:01:28]
exit code: 0
