[INFO -- 2018-10-19 01:33:44]
Starting flip_value script
version: 1.1
[INFO -- 2018-10-19 01:33:44]
Initialization strings:
[INFO -- 2018-10-19 01:33:44]
(1) file /home/latansini/Desktop/trabalhoftf/carol-fi/sample-code/knn/nn-knl-files/nn
[INFO -- 2018-10-19 01:33:44]
(2) set args /home/latansini/Desktop/trabalhoftf/carol-fi/sample-code/knn/nn-knl-files/filelist 15 25 25 /home/latansini/Desktop/trabalhoftf/carol-fi/sample-code/knn/nn-knl-files/out15_25_25
[INFO -- 2018-10-19 01:33:44]
initSignal:2
[INFO -- 2018-10-19 01:33:44]
endSignal:3
[INFO -- 2018-10-19 01:33:44]
faultModel:2
[EXCEPTION -- 2018-10-19 01:33:47]
pythonException: invalid frame
[EXCEPTION -- 2018-10-19 01:33:47]
pythonException: invalid frame
[INFO -- 2018-10-19 01:33:47]
Backtrace BEGIN:
#0  0x00007ffff78bddf3 in ?? () from /usr/lib/x86_64-linux-gnu/libgomp.so.1
#1  0x00007ffff78bcaf9 in ?? () from /usr/lib/x86_64-linux-gnu/libgomp.so.1
#2  0x0000000000401198 in main (argc=6, argv=0x7fffffffd8b8) at nn.c:115

20	* This program finds the k-nearest neighbors
21	* Usage:	./nn <filelist> <num> <target latitude> <target longitude> <out filename>
22	*			filelist: File with the filenames to the records
23	*			num: Number of nearest neighbors to find
24	*			target lat: Latitude coordinate for distance calculations
25	*			target long: Longitude coordinate for distance calculations
26	* The filelist and data are generated by hurricane_gen.c
27	* REC_WINDOW has been arbitrarily assigned; A larger value would allow more work for the threads
28	*/
29	int main(int argc, char* argv[]) {

Backtrace END
Fliping array at pos: 389
Memory content before bitflip:0x39
Fault Model: Random bit-flip
base address to flip value: 0x7fffffffd745 
address max offset: 1
Memory content after  bitflip:0x22
frame name: main
symbol name: sandbox
symbol filename: nn.c
symbol line: 32
value: "1961  7 17 12 18 NADINE     65.0 273.7  106  626\n1976  2 10  0 24 FLORENCE   32.1  46.1   25  240\n1958  3 24  6 14 VALERIE    31.3 300.5  136  756\n1951  4  9 12 24 ERNESTO    67.4 319.5   74  840\n1991"...
value address: 0x7fffffffd5c0
Type: The type is an array.
Type sizeof: 490
Field name: None
Field Type: A range type, that is, an integer type with bounds.
Field Type sizeof: 8
Field Type range: (0, 489)

[INFO -- 2018-10-19 01:33:47]
Fault Injection Successful after 3.080498695373535s
[INFO -- 2018-10-19 01:33:50]
event type: exit
[INFO -- 2018-10-19 01:33:50]
exit code: 0
