[INFO -- 2018-10-10 09:53:36]
Starting flip_value script
version: 1.1
[INFO -- 2018-10-10 09:53:36]
Initialization strings:
[INFO -- 2018-10-10 09:53:36]
(1) file /tmp/fft_nn/fft_nn.out
[INFO -- 2018-10-10 09:53:36]
(2) set args 32768 /tmp/fft_nn/output_falha.data
[INFO -- 2018-10-10 09:53:36]
initSignal:0
[INFO -- 2018-10-10 09:53:36]
endSignal:5
[INFO -- 2018-10-10 09:53:36]
faultModel:0
[INFO -- 2018-10-10 09:53:38]
Backtrace BEGIN:
#0  0x00007ffff7032121 in __isoc99_fscanf (stream=0x6062c0, format=0x7ffff7bd3da5 "(%u, %f) ") at isoc99_fscanf.c:30
#1  0x00007ffff7bcf187 in fann_create_from_fd () from /usr/local/lib/libfann.so.2
#2  0x00007ffff7bcf608 in fann_create_from_file () from /usr/local/lib/libfann.so.2
#3  0x00000000004019b7 in radix2DitCooleyTykeyFft(int, int*, Complex*, Complex*) ()
#4  0x0000000000401631 in main ()

25	isoc99_fscanf.c: Arquivo ou diretório não encontrado.

Backtrace END
Fliping array at pos: 0
Fliping value of field: gp_offset
Memory content before bitflip:0x100x000x000x00
Fault Model: Single bit-flip
base address to flip value: 0x7fffffffd408
address max offset: 4
Memory content after  bitflip:0x100x010x000x00
frame name: __isoc99_fscanf
symbol name: arg
symbol filename: isoc99_fscanf.c
symbol line: 27
value: {{gp_offset = 272, fp_offset = 48, overflow_arg_area = 0x7fffffffd4e0, reg_save_area = 0x7fffffffd420}}
value address: 0x7fffffffd408
Type: The type is an array.
Type sizeof: 24

[INFO -- 2018-10-10 09:53:38]
Fault Injection Successful after 2.7879137992858887s
[INFO -- 2018-10-10 09:53:56]
event type: exit
[INFO -- 2018-10-10 09:53:56]
exit code: 0
