[INFO -- 2018-10-15 15:57:08]
Starting flip_value script
version: 1.1
[INFO -- 2018-10-15 15:57:08]
Initialization strings:
[INFO -- 2018-10-15 15:57:08]
(1) file /home/latansini/Desktop/trabalhoftf/carol-fi/sample-code/inverse_nn/inversek2j_nn.out
[INFO -- 2018-10-15 15:57:08]
(2) set args /home/latansini/Desktop/trabalhoftf/carol-fi/sample-code/inverse_nn/input_250k /home/latansini/Desktop/trabalhoftf/carol-fi/sample-code/inverse_nn/output_falha.data
[INFO -- 2018-10-15 15:57:08]
initSignal:6
[INFO -- 2018-10-15 15:57:08]
endSignal:8
[INFO -- 2018-10-15 15:57:08]
faultModel:3
[INFO -- 2018-10-15 15:57:14]
Backtrace BEGIN:
#0  __mpn_lshift () at ../sysdeps/x86_64/lshift.S:65
#1  0x00007ffff7012c57 in __GI_____strtof_l_internal (nptr=<optimized out>, endptr=<optimized out>, group=<optimized out>, loc=<optimized out>) at strtod_l.c:1450
#2  0x00007ffff7011d60 in __GI___strtof_internal (nptr=<optimized out>, endptr=<optimized out>, group=<optimized out>) at strtod.c:54
#3  0x00007ffff702b948 in _IO_vfscanf_internal (s=s@entry=0x608610, format=<optimized out>, argptr=argptr@entry=0x7fffffffd0d8, errp=errp@entry=0x0) at vfscanf.c:2365
#4  0x00007ffff7032162 in __isoc99_fscanf (stream=0x608610, format=<optimized out>) at isoc99_fscanf.c:34
#5  0x00007ffff7bcf187 in fann_create_from_fd () from /usr/local/lib/libfann.so.2
#6  0x00007ffff7bcf608 in fann_create_from_file () from /usr/local/lib/libfann.so.2
#7  0x000000000040199e in inversek2j(float, float, float*, float*) ()
#8  0x0000000000401631 in main ()

60	../sysdeps/x86_64/lshift.S: Arquivo ou diretório não encontrado.

Backtrace END
Memory content before bitflip:0x000x000x000x00
Fault Model: Zero bit-flip
base address to flip value: 0x7fffffffcb70
address max offset: 4
Memory content after  bitflip:0x000x000x000x00
frame name: __GI_____strtof_l_internal
symbol name: bits
symbol filename: strtod_l.c
symbol line: 499
value: 0
value address: 0x7fffffffcb70
Type: The type is an integer type.
Type sizeof: 4

[INFO -- 2018-10-15 15:57:14]
Fault Injection Successful after 6.864358901977539s
[INFO -- 2018-10-15 15:57:19]
event type: exit
[INFO -- 2018-10-15 15:57:19]
exit code: 0
