[INFO -- 2018-12-01 20:00:49]
Starting flip_value script
version: 1.1
[INFO -- 2018-12-01 20:00:49]
Initialization strings:
[INFO -- 2018-12-01 20:00:49]
(1) file /home/latansini/Desktop/CAROL-FI/etapa2/carol-fi/codes/fftfulldup/fft_nn.out
[INFO -- 2018-12-01 20:00:49]
(2) set args 32768 /home/latansini/Desktop/CAROL-FI/etapa2/carol-fi/codes/fftfulldup/output.data
[INFO -- 2018-12-01 20:00:49]
initSignal:0
[INFO -- 2018-12-01 20:00:49]
endSignal:40
[INFO -- 2018-12-01 20:00:49]
faultModel:0
[EXCEPTION -- 2018-12-01 20:00:56]
gdbException: Tentativo de desreferenciar um ponteiro genérico.
[INFO -- 2018-12-01 20:00:56]
Backtrace BEGIN:
#0  __mpn_construct_float (frac_ptr=frac_ptr@entry=0x7fffffffcdb0, expt=<optimized out>, sign=sign@entry=0) at ../sysdeps/ieee754/flt-32/mpn2flt.c:41
#1  0x00007ffff6f95346 in round_and_return (retval=0x7fffffffcdb0, exponent=<optimized out>, negative=negative@entry=0, round_limb=round_limb@entry=12705560546393456640, round_bit=<optimized out>, more_bits=<optimized out>) at strtod_l.c:327
#2  0x00007ffff6f96332 in __GI_____strtof_l_internal (nptr=<optimized out>, endptr=<optimized out>, group=<optimized out>, loc=<optimized out>) at strtod_l.c:1613
#3  0x00007ffff6f94d60 in __GI___strtof_internal (nptr=<optimized out>, endptr=<optimized out>, group=<optimized out>) at strtod.c:54
#4  0x00007ffff6fae948 in _IO_vfscanf_internal (s=s@entry=0x618f00, format=<optimized out>, argptr=argptr@entry=0x7fffffffd2a8, errp=errp@entry=0x0) at vfscanf.c:2365
#5  0x00007ffff6fb5162 in __isoc99_fscanf (stream=0x618f00, format=<optimized out>) at isoc99_fscanf.c:34
#6  0x00007ffff7bcf187 in fann_create_from_fd () from /usr/local/lib/libfann.so.2
#7  0x00007ffff7bcf608 in fann_create_from_file () from /usr/local/lib/libfann.so.2
#8  0x0000000000401de7 in radix2DitCooleyTykeyFft(int, int*, Complex*, Complex*) ()
#9  0x0000000000401857 in main ()

36	in ../sysdeps/ieee754/flt-32/mpn2flt.c

Backtrace END
Memory content before bitflip:0x020x000x000x000x000x000x000x00
Fault Model: Single bit-flip
base address to flip value: 0x7fffffffcd90
address max offset: 8
Memory content after  bitflip:0x020x000x000x000x000x400x000x00
frame name: __GI_____strtof_l_internal
symbol name: numsize
symbol filename: strtod_l.c
symbol line: 485
value: 70368744177666
value address: 0x7fffffffcd90
Type: The type is an integer type.
Type sizeof: 8

[INFO -- 2018-12-01 20:00:56]
Fault Injection Successful after 7.1918699741363525s
[INFO -- 2018-12-01 20:01:28]
event type: exit
[INFO -- 2018-12-01 20:01:28]
exit code: 0
