[INFO -- 2018-10-12 00:52:37]
sending 5 signals using command: 'killall -2 fft_nn.out' after 21.066162549s
[INFO -- 2018-10-12 00:52:38]
sending 5 signals using command: 'killall -2 fft_nn.out' after 21.8908874912s
[INFO -- 2018-10-12 00:52:38]
sending 5 signals using command: 'killall -2 fft_nn.out' after 22.4596679304s
[INFO -- 2018-10-12 00:52:38]
Starting GDB script
[INFO -- 2018-10-12 00:52:38]
initSignal:0.0
[INFO -- 2018-10-12 00:52:38]
endSignal:5.0
[INFO -- 2018-10-12 00:52:41]
sending 5 signals using command: 'killall -2 fft_nn.out' after 2.58033893127s
[INFO -- 2018-10-12 00:52:42]
sending 5 signals using command: 'killall -2 fft_nn.out' after 3.4221219461s
[INFO -- 2018-10-12 00:52:42]
sending 5 signals using command: 'killall -2 fft_nn.out' after 3.65513878544s
[INFO -- 2018-10-12 00:52:59]
Execution finished before waitTime
