[INFO -- 2018-10-09 12:40:05]
sending 5 signals using command: 'killall -2 fft_nn.out' after 21.5762476548s
[INFO -- 2018-10-09 12:40:06]
sending 5 signals using command: 'killall -2 fft_nn.out' after 22.133863936s
[INFO -- 2018-10-09 12:40:06]
sending 5 signals using command: 'killall -2 fft_nn.out' after 22.8432708124s
[INFO -- 2018-10-09 12:40:07]
Starting GDB script
[INFO -- 2018-10-09 12:40:07]
initSignal:0.0
[INFO -- 2018-10-09 12:40:07]
endSignal:5.0
[INFO -- 2018-10-09 12:40:07]
sending 5 signals using command: 'killall -2 fft_nn.out' after 0.352579644847s
[INFO -- 2018-10-09 12:40:08]
sending 5 signals using command: 'killall -2 fft_nn.out' after 1.36059535939s
[INFO -- 2018-10-09 12:40:10]
sending 5 signals using command: 'killall -2 fft_nn.out' after 3.78530820549s
[INFO -- 2018-10-09 12:40:27]
Execution finished before waitTime
