[INFO -- 2018-10-10 22:28:32]
sending 5 signals using command: 'killall -2 fft_nn.out' after 21.0144328428s
[INFO -- 2018-10-10 22:28:33]
sending 5 signals using command: 'killall -2 fft_nn.out' after 22.5516714603s
[INFO -- 2018-10-10 22:28:35]
sending 5 signals using command: 'killall -2 fft_nn.out' after 24.3619619205s
[INFO -- 2018-10-10 22:28:35]
Starting GDB script
[INFO -- 2018-10-10 22:28:35]
initSignal:0.0
[INFO -- 2018-10-10 22:28:35]
endSignal:5.0
[INFO -- 2018-10-10 22:28:38]
sending 5 signals using command: 'killall -2 fft_nn.out' after 3.33316708536s
[INFO -- 2018-10-10 22:28:39]
sending 5 signals using command: 'killall -2 fft_nn.out' after 3.61037603674s
[INFO -- 2018-10-10 22:28:39]
sending 5 signals using command: 'killall -2 fft_nn.out' after 4.0364064838s
[INFO -- 2018-10-10 22:28:56]
Execution finished before waitTime
