[INFO -- 2018-10-11 01:38:03]
sending 5 signals using command: 'killall -2 fft_nn.out' after 21.3161846311s
[INFO -- 2018-10-11 01:38:04]
sending 5 signals using command: 'killall -2 fft_nn.out' after 22.2785231051s
[INFO -- 2018-10-11 01:38:06]
sending 5 signals using command: 'killall -2 fft_nn.out' after 23.8158835172s
[INFO -- 2018-10-11 01:38:06]
Starting GDB script
[INFO -- 2018-10-11 01:38:06]
initSignal:0.0
[INFO -- 2018-10-11 01:38:06]
endSignal:5.0
[INFO -- 2018-10-11 01:38:07]
sending 5 signals using command: 'killall -2 fft_nn.out' after 1.06727432947s
[INFO -- 2018-10-11 01:38:07]
sending 5 signals using command: 'killall -2 fft_nn.out' after 1.37855233531s
[INFO -- 2018-10-11 01:38:09]
sending 5 signals using command: 'killall -2 fft_nn.out' after 3.571978468s
[INFO -- 2018-10-11 01:38:27]
Execution finished before waitTime
