[INFO -- 2018-10-05 20:36:02]
Starting flip_value script
version: 1.1
[INFO -- 2018-10-05 20:36:02]
Initialization strings:
[INFO -- 2018-10-05 20:36:02]
(1) file /tmp/fft_nn/fft_nn.out
[INFO -- 2018-10-05 20:36:02]
(2) set args 32768 /tmp/fft_nn/output_falha.data
[INFO -- 2018-10-05 20:36:02]
initSignal:15
[INFO -- 2018-10-05 20:36:02]
endSignal:25
[INFO -- 2018-10-05 20:36:02]
faultModel:4
[EXCEPTION -- 2018-10-05 20:36:18]
gdbException: No symbol "None" in current context.
[INFO -- 2018-10-05 20:36:18]
Backtrace BEGIN:
#0  str_to_mpn (str=0x7fffffffd4cd "994140625e+00", str@entry=0x7fffffffd4c1 ".43936252593994140625e+00", digcnt=10, digcnt@entry=20, n=n@entry=0x7fffffffd3e0, nsize=nsize@entry=0x7fffffffd3b0, exponent=exponent@entry=0x7fffffffd3c0, decimal_len=decimal_len@entry=1, thousands=thousands@entry=0x0, decimal=<optimized out>) at strtod_l.c:398
#1  0x00007ffff7012c2b in __GI_____strtof_l_internal (nptr=<optimized out>, endptr=<optimized out>, group=<optimized out>, loc=<optimized out>) at strtod_l.c:1427
#2  0x00007ffff7011d60 in __GI___strtof_internal (nptr=<optimized out>, endptr=<optimized out>, group=<optimized out>) at strtod.c:54
#3  0x00007ffff702b948 in _IO_vfscanf_internal (s=s@entry=0x6062c0, format=<optimized out>, argptr=argptr@entry=0x7fffffffd8c8, errp=errp@entry=0x0) at vfscanf.c:2365
#4  0x00007ffff7032162 in __isoc99_fscanf (stream=0x6062c0, format=<optimized out>) at isoc99_fscanf.c:34
#5  0x00007ffff7bcf187 in fann_create_from_fd () from /usr/local/lib/libfann.so.2
#6  0x00007ffff7bcf608 in fann_create_from_file () from /usr/local/lib/libfann.so.2
#7  0x00000000004019b7 in radix2DitCooleyTykeyFft(int, int*, Complex*, Complex*) ()
#8  0x0000000000401631 in main ()

393	in strtod_l.c

Backtrace END
Fliping array at pos: 13
Memory content before bitflip:0x69
Fault Model: LSB bit-flip
base address to flip value: 0x7ffff715cb8d  
address max offset: 1
Memory content after  bitflip:0x68
frame name: __GI_____strtof_l_internal
symbol name: __PRETTY_FUNCTION__
symbol filename: strtof_l.c
symbol line: 0
value: "____strtof_l_hnternal"
value address: 0x7ffff715cb80 <__PRETTY_FUNCTION__.11547>
Type: The type is an array.
Type sizeof: 22
Field name: None
Field Type: A range type, that is, an integer type with bounds.
Field Type sizeof: 8
Field Type range: (0, 21)

[INFO -- 2018-10-05 20:36:18]
Fault Injection Successful after 16.8285870552063s
[INFO -- 2018-10-05 20:36:22]
event type: exit
[INFO -- 2018-10-05 20:36:22]
exit code: 0
