[INFO -- 2018-10-08 20:40:51]
Starting flip_value script
version: 1.1
[INFO -- 2018-10-08 20:40:51]
Initialization strings:
[INFO -- 2018-10-08 20:40:51]
(1) file /tmp/fft_nn/fft_nn.out
[INFO -- 2018-10-08 20:40:51]
(2) set args 32768 /tmp/fft_nn/output_falha.data
[INFO -- 2018-10-08 20:40:51]
initSignal:5
[INFO -- 2018-10-08 20:40:51]
endSignal:10
[INFO -- 2018-10-08 20:40:51]
faultModel:1
[INFO -- 2018-10-08 20:40:58]
Backtrace BEGIN:
#0  __mpn_lshift () at ../sysdeps/x86_64/lshift.S:77
#1  0x00007ffff7012c6e in __GI_____strtof_l_internal (nptr=<optimized out>, endptr=<optimized out>, group=<optimized out>, loc=<optimized out>) at strtod_l.c:1451
#2  0x00007ffff7011d60 in __GI___strtof_internal (nptr=<optimized out>, endptr=<optimized out>, group=<optimized out>) at strtod.c:54
#3  0x00007ffff702b948 in _IO_vfscanf_internal (s=s@entry=0x6062c0, format=<optimized out>, argptr=argptr@entry=0x7fffffffd408, errp=errp@entry=0x0) at vfscanf.c:2365
#4  0x00007ffff7032162 in __isoc99_fscanf (stream=0x6062c0, format=<optimized out>) at isoc99_fscanf.c:34
#5  0x00007ffff7bcf187 in fann_create_from_fd () from /usr/local/lib/libfann.so.2
#6  0x00007ffff7bcf608 in fann_create_from_file () from /usr/local/lib/libfann.so.2
#7  0x00000000004019b7 in radix2DitCooleyTykeyFft(int, int*, Complex*, Complex*) ()
#8  0x0000000000401631 in main ()

72	../sysdeps/x86_64/lshift.S: Arquivo ou diretório não encontrado.

Backtrace END
Fliping a bit of the pointer
Memory content before bitflip:0x700xcf0xff0xff0xff0x7f0x000x00
Fault Model: Double bit-flip
base address to flip value: 0x7fffffffce98
address max offset: 8
Memory content after  bitflip:0x700xcf0xff0xff0x3f0x7f0x000x00
frame name: __GI_____strtof_l_internal
symbol name: start_of_digits
symbol filename: strtod_l.c
symbol line: 504
value: 0x7fffffffcf70 ""
value address: 0x7fffffffce98
Type: The type is a pointer.
Type sizeof: 8

[INFO -- 2018-10-08 20:40:58]
Fault Injection Successful after 7.64253830909729s
[INFO -- 2018-10-08 20:41:11]
event type: exit
[INFO -- 2018-10-08 20:41:11]
exit code: 0
