[INFO -- 2018-10-11 07:11:01]
sending 5 signals using command: 'killall -2 fft_nn.out' after 21.5166624717s
[INFO -- 2018-10-11 07:11:02]
sending 5 signals using command: 'killall -2 fft_nn.out' after 22.2733372802s
[INFO -- 2018-10-11 07:11:04]
sending 5 signals using command: 'killall -2 fft_nn.out' after 24.3549818618s
[INFO -- 2018-10-11 07:11:04]
Starting GDB script
[INFO -- 2018-10-11 07:11:04]
initSignal:0.0
[INFO -- 2018-10-11 07:11:04]
endSignal:5.0
[INFO -- 2018-10-11 07:11:06]
sending 5 signals using command: 'killall -2 fft_nn.out' after 1.80849844402s
[INFO -- 2018-10-11 07:11:06]
sending 5 signals using command: 'killall -2 fft_nn.out' after 2.14364556851s
[INFO -- 2018-10-11 07:11:06]
sending 5 signals using command: 'killall -2 fft_nn.out' after 2.47466434705s
[INFO -- 2018-10-11 07:11:25]
Execution finished before waitTime
