[INFO -- 2018-12-06 02:28:03]
Starting flip_value script
version: 1.1
[INFO -- 2018-12-06 02:28:03]
Initialization strings:
[INFO -- 2018-12-06 02:28:03]
(1) file /home/latansini/Desktop/CAROL-FI/etapa2/carol-fi/codes/kmeans/kmeans-knl-files/kmeans
[INFO -- 2018-12-06 02:28:03]
(2) set args -i /home/latansini/Desktop/CAROL-FI/etapa2/carol-fi/codes/kmeans/kmeans-knl-files/input62500.txt -o /home/latansini/Desktop/CAROL-FI/etapa2/carol-fi/codes/kmeans/kmeans-knl-files/saida_falha.txt
[INFO -- 2018-12-06 02:28:03]
initSignal:0
[INFO -- 2018-12-06 02:28:03]
endSignal:55
[INFO -- 2018-12-06 02:28:03]
faultModel:2
[INFO -- 2018-12-06 02:28:03]
Backtrace BEGIN:
#0  __GI__dl_debug_state () at dl-debug.c:74
#1  0x00007ffff7dde483 in dl_main (phdr=<optimized out>, phdr@entry=0x400040, phnum=<optimized out>, phnum@entry=9, user_entry=user_entry@entry=0x7fffffffdd28, auxv=<optimized out>) at rtld.c:2338
#2  0x00007ffff7df15f5 in _dl_sysdep_start (start_argptr=start_argptr@entry=0x7fffffffde10, dl_main=dl_main@entry=0x7ffff7ddc260 <dl_main>) at ../elf/dl-sysdep.c:249
#3  0x00007ffff7ddbbb8 in _dl_start_final (arg=0x7fffffffde10) at rtld.c:347
#4  _dl_start (arg=0x7fffffffde10) at rtld.c:573
#5  0x00007ffff7ddb268 in _start () from /lib64/ld-linux-x86-64.so.2
#6  0x0000000000000005 in ?? ()
#7  0x00007fffffffe0dc in ?? ()
#8  0x00007fffffffe132 in ?? ()
#9  0x00007fffffffe135 in ?? ()
#10 0x00007fffffffe193 in ?? ()
#11 0x00007fffffffe196 in ?? ()
#12 0x0000000000000000 in ?? ()

69	dl-debug.c: Arquivo ou diretório não encontrado.

Backtrace END
Fliping a bit of the pointer
Memory content before bitflip:0x000x000x000x000x000x000x000x00
Fault Model: Random bit-flip
base address to flip value: 0x7ffff7ffcc88 
address max offset: 8
Memory content after  bitflip:0xb40x570x9b0x790xd50xfe0xdf0x5d
frame name: dl_main
symbol name: preloadlist
symbol filename: rtld.c
symbol line: 894
value: 0x0
value address: 0x7ffff7ffcc88 <preloadlist>
Type: The type is a pointer.
Type sizeof: 8

[INFO -- 2018-12-06 02:28:03]
Fault Injection Successful after 0.8297314643859863s
[INFO -- 2018-12-06 02:28:59]
event type: exit
[INFO -- 2018-12-06 02:28:59]
exit code: 0
