[INFO -- 2018-10-16 06:33:51]
Starting flip_value script
version: 1.1
[INFO -- 2018-10-16 06:33:51]
Initialization strings:
[INFO -- 2018-10-16 06:33:51]
(1) file /home/latansini/Desktop/trabalhoftf/carol-fi/sample-code/inverse_nn/inversek2j_nn.out
[INFO -- 2018-10-16 06:33:51]
(2) set args /home/latansini/Desktop/trabalhoftf/carol-fi/sample-code/inverse_nn/input_250k /home/latansini/Desktop/trabalhoftf/carol-fi/sample-code/inverse_nn/output_falha.data
[INFO -- 2018-10-16 06:33:51]
initSignal:4
[INFO -- 2018-10-16 06:33:51]
endSignal:6
[INFO -- 2018-10-16 06:33:51]
faultModel:2
[INFO -- 2018-10-16 06:33:55]
Backtrace BEGIN:
#0  0x00007ffff7028fe8 in _IO_vfscanf_internal (s=s@entry=0x608610, format=0x7ffff7bd3da5 "(%u, %f) ", argptr=argptr@entry=0x7fffffffd0d8, errp=errp@entry=0x0) at vfscanf.c:358
#1  0x00007ffff7032162 in __isoc99_fscanf (stream=0x608610, format=<optimized out>) at isoc99_fscanf.c:34
#2  0x00007ffff7bcf187 in fann_create_from_fd () from /usr/local/lib/libfann.so.2
#3  0x00007ffff7bcf608 in fann_create_from_file () from /usr/local/lib/libfann.so.2
#4  0x000000000040199e in inversek2j(float, float, float*, float*) ()
#5  0x0000000000401631 in main ()

353	vfscanf.c: Arquivo ou diretório não encontrado.

Backtrace END
Fliping a bit of the pointer
Memory content before bitflip:0xea0xcc0xff0xff0xff0x7f0x000x00
Fault Model: Random bit-flip
base address to flip value: 0x7fffffffcf00
address max offset: 8
Memory content after  bitflip:0x8f0x3a0x930xf30x6b0xa10x6e0xab
frame name: _IO_vfscanf_internal
symbol name: tw
symbol filename: vfscanf.c
symbol line: 271
value: 0x7fffffffccea ""
value address: 0x7fffffffcf00
Type: The type is a pointer.
Type sizeof: 8

[INFO -- 2018-10-16 06:33:55]
Fault Injection Successful after 4.151502847671509s
[INFO -- 2018-10-16 06:34:01]
event type: exit
[INFO -- 2018-10-16 06:34:01]
exit code: 0
