[INFO -- 2018-12-09 15:44:40]
Starting flip_value script
version: 1.1
[INFO -- 2018-12-09 15:44:40]
Initialization strings:
[INFO -- 2018-12-09 15:44:40]
(1) file /home/melkor/ETAPA2/dup_nn/nn-knl-files/nn
[INFO -- 2018-12-09 15:44:40]
(2) set args /home/melkor/ETAPA2/dup_nn/nn-knl-files/filelist 20 5 5 /home/melkor/ETAPA2/dup_nn/nn-knl-files/out20_5_5
[INFO -- 2018-12-09 15:44:40]
initSignal:0
[INFO -- 2018-12-09 15:44:40]
endSignal:1
[INFO -- 2018-12-09 15:44:40]
faultModel:2
[EXCEPTION -- 2018-12-09 15:44:40]
pythonException: invalid frame
[EXCEPTION -- 2018-12-09 15:44:40]
pythonException: invalid frame
[EXCEPTION -- 2018-12-09 15:44:40]
pythonException: invalid frame
[INFO -- 2018-12-09 15:44:40]
Backtrace BEGIN:
#0  0x00007ffff78210d3 in ?? () from /usr/lib/x86_64-linux-gnu/libgomp.so.1
#1  0x00007ffff781fda9 in ?? () from /usr/lib/x86_64-linux-gnu/libgomp.so.1
#2  0x00005555555555ed in main (argc=6, argv=0x7fffffffdf08) at nn.c:196

68	      fclose(logfile);
69	    }
70		
71		
72		if(file != NULL){	// isso aqui tava dando segfault
73			fclose(file);
74		}
75		
76	}
77	

Backtrace END
Memory content before bitflip:0x000x000x000x00
Fault Model: Random bit-flip
base address to flip value: 0x7fffffffdb3c
address max offset: 4
Memory content after  bitflip:0x740x360xfd0xa5
frame name: main
symbol name: done
symbol filename: nn.c
symbol line: 84
value: -1510132108
value address: 0x7fffffffdb3c
Type: The type is an integer type.
Type sizeof: 4

[INFO -- 2018-12-09 15:44:40]
Fault Injection Successful after 0.3237171173095703s
[INFO -- 2018-12-09 15:44:40]
event type: exit
[INFO -- 2018-12-09 15:44:40]
exit code: 0
