[INFO -- 2018-10-15 23:22:53]
Starting flip_value script
version: 1.1
[INFO -- 2018-10-15 23:22:53]
Initialization strings:
[INFO -- 2018-10-15 23:22:53]
(1) file /home/latansini/Desktop/trabalhoftf/carol-fi/sample-code/inverse_nn/inversek2j_nn.out
[INFO -- 2018-10-15 23:22:53]
(2) set args /home/latansini/Desktop/trabalhoftf/carol-fi/sample-code/inverse_nn/input_250k /home/latansini/Desktop/trabalhoftf/carol-fi/sample-code/inverse_nn/output_falha.data
[INFO -- 2018-10-15 23:22:53]
initSignal:4
[INFO -- 2018-10-15 23:22:53]
endSignal:6
[INFO -- 2018-10-15 23:22:53]
faultModel:2
[INFO -- 2018-10-15 23:22:57]
Backtrace BEGIN:
#0  0x00007ffff7028d4a in _IO_vfscanf_internal (s=s@entry=0x608610, format=<optimized out>, argptr=argptr@entry=0x7fffffffd0d8, errp=errp@entry=0x0) at vfscanf.c:2943
#1  0x00007ffff7032162 in __isoc99_fscanf (stream=0x608610, format=<optimized out>) at isoc99_fscanf.c:34
#2  0x00007ffff7bcf187 in fann_create_from_fd () from /usr/local/lib/libfann.so.2
#3  0x00007ffff7bcf608 in fann_create_from_file () from /usr/local/lib/libfann.so.2
#4  0x000000000040199e in inversek2j(float, float, float*, float*) ()
#5  0x0000000000401631 in main ()

2938	vfscanf.c: Arquivo ou diretório não encontrado.

Backtrace END
Fliping a bit of the value pointed by a pointer
Memory content before bitflip:0x00
Fault Model: Random bit-flip
base address to flip value: 0x7fffffffccea 
address max offset: 1
Memory content after  bitflip:0x9f
frame name: _IO_vfscanf_internal
symbol name: tw
symbol filename: vfscanf.c
symbol line: 271
value: 0x7fffffffccea "\237"
value address: 0x7fffffffcf00
Type: The type is a pointer.
Type sizeof: 8

[INFO -- 2018-10-15 23:22:57]
Fault Injection Successful after 4.8119120597839355s
[INFO -- 2018-10-15 23:23:03]
event type: exit
[INFO -- 2018-10-15 23:23:03]
exit code: 0
