[INFO -- 2018-10-11 05:19:05]
Starting flip_value script
version: 1.1
[INFO -- 2018-10-11 05:19:05]
Initialization strings:
[INFO -- 2018-10-11 05:19:05]
(1) file /tmp/fft_nn/fft_nn.out
[INFO -- 2018-10-11 05:19:05]
(2) set args 32768 /tmp/fft_nn/output_falha.data
[INFO -- 2018-10-11 05:19:05]
initSignal:10
[INFO -- 2018-10-11 05:19:05]
endSignal:15
[INFO -- 2018-10-11 05:19:05]
faultModel:2
[EXCEPTION -- 2018-10-11 05:19:18]
gdbException: Tentativo de desreferenciar um ponteiro genérico.
[INFO -- 2018-10-11 05:19:18]
Backtrace BEGIN:
#0  __mpn_construct_float (frac_ptr=frac_ptr@entry=0x7fffffffcf10, expt=0, sign=sign@entry=0) at ../sysdeps/ieee754/flt-32/mpn2flt.c:33
#1  0x00007ffff7012346 in round_and_return (retval=0x7fffffffcf10, exponent=<optimized out>, exponent@entry=0, negative=negative@entry=0, round_limb=round_limb@entry=0, round_bit=<optimized out>, round_bit@entry=0, more_bits=<optimized out>, more_bits@entry=0) at strtod_l.c:327
#2  0x00007ffff70141fd in __GI_____strtof_l_internal (nptr=<optimized out>, endptr=<optimized out>, group=<optimized out>, loc=<optimized out>) at strtod_l.c:1303
#3  0x00007ffff7011d60 in __GI___strtof_internal (nptr=<optimized out>, endptr=<optimized out>, group=<optimized out>) at strtod.c:54
#4  0x00007ffff702b948 in _IO_vfscanf_internal (s=s@entry=0x6062c0, format=<optimized out>, argptr=argptr@entry=0x7fffffffd408, errp=errp@entry=0x0) at vfscanf.c:2365
#5  0x00007ffff7032162 in __isoc99_fscanf (stream=0x6062c0, format=<optimized out>) at isoc99_fscanf.c:34
#6  0x00007ffff7bce8db in fann_create_from_fd () from /usr/local/lib/libfann.so.2
#7  0x00007ffff7bcf608 in fann_create_from_file () from /usr/local/lib/libfann.so.2
#8  0x00000000004019b7 in radix2DitCooleyTykeyFft(int, int*, Complex*, Complex*) ()
#9  0x0000000000401631 in main ()

28	in ../sysdeps/ieee754/flt-32/mpn2flt.c

Backtrace END
Fliping value of field: __routine
Fliping a bit of the pointer
Memory content before bitflip:0xc00x1c0x030xf70xff0x7f0x000x00
Fault Model: Random bit-flip
base address to flip value: 0x7fffffffd280
address max offset: 8
Memory content after  bitflip:0x7c0x190xcf0x750xc40x870xd10x7a
frame name: _IO_vfscanf_internal
symbol name: _buffer
symbol filename: vfscanf.c
symbol line: 358
value: {__routine = 0x7ad187c475cf197c, __arg = 0x6062c0, __canceltype = 0, __prev = 0x0}
value address: 0x7fffffffd280
Type: The type is a structure.
Type sizeof: 32
Field name: __routine
Field Type: The type is a pointer.
Field Type sizeof: 8
Field name: __arg
Field Type: The type is a pointer.
Field Type sizeof: 8
Field name: __canceltype
Field Type: The type is an integer type.
Field Type sizeof: 4
Field name: __prev
Field Type: The type is a pointer.
Field Type sizeof: 8

[INFO -- 2018-10-11 05:19:18]
Fault Injection Successful after 13.201124429702759s
[INFO -- 2018-10-11 05:19:24]
event type: exit
[INFO -- 2018-10-11 05:19:24]
exit code: 0
