[INFO -- 2018-10-18 15:16:56]
Starting flip_value script
version: 1.1
[INFO -- 2018-10-18 15:16:56]
Initialization strings:
[INFO -- 2018-10-18 15:16:56]
(1) file /home/latansini/Desktop/trabalhoftf/carol-fi/sample-code/knn/nn-knl-files/nn
[INFO -- 2018-10-18 15:16:56]
(2) set args /home/latansini/Desktop/trabalhoftf/carol-fi/sample-code/knn/nn-knl-files/filelist 15 25 25 /home/latansini/Desktop/trabalhoftf/carol-fi/sample-code/knn/nn-knl-files/out15_25_25
[INFO -- 2018-10-18 15:16:56]
initSignal:3
[INFO -- 2018-10-18 15:16:56]
endSignal:4
[INFO -- 2018-10-18 15:16:56]
faultModel:3
[EXCEPTION -- 2018-10-18 15:16:59]
pythonException: invalid frame
[EXCEPTION -- 2018-10-18 15:16:59]
pythonException: invalid frame
[INFO -- 2018-10-18 15:16:59]
Backtrace BEGIN:
#0  0x00007ffff78bddf3 in ?? () from /usr/lib/x86_64-linux-gnu/libgomp.so.1
#1  0x00007ffff78bcaf9 in ?? () from /usr/lib/x86_64-linux-gnu/libgomp.so.1
#2  0x0000000000401198 in main (argc=6, argv=0x7fffffffd8b8) at nn.c:115

20	* This program finds the k-nearest neighbors
21	* Usage:	./nn <filelist> <num> <target latitude> <target longitude> <out filename>
22	*			filelist: File with the filenames to the records
23	*			num: Number of nearest neighbors to find
24	*			target lat: Latitude coordinate for distance calculations
25	*			target long: Longitude coordinate for distance calculations
26	* The filelist and data are generated by hurricane_gen.c
27	* REC_WINDOW has been arbitrarily assigned; A larger value would allow more work for the threads
28	*/
29	int main(int argc, char* argv[]) {

Backtrace END
Fliping array at pos: 336
Memory content before bitflip:0x39
Fault Model: Zero bit-flip
base address to flip value: 0x7fffffffd710 
address max offset: 1
Memory content after  bitflip:0x00
frame name: main
symbol name: sandbox
symbol filename: nn.c
symbol line: 32
value: "1991  4 27 18  1 ERNESTO    35.4 135.0   99   30\n1960  8 25  6  8 BERYL      33.8 258.7   74  654\n1950 10 17 18 20 RAFAEL     24.1 255.6  156  287\n1950  7  8  0 11 RAFAEL     16.3  25.2   22  388\n1987"...
value address: 0x7fffffffd5c0
Type: The type is an array.
Type sizeof: 490
Field name: None
Field Type: A range type, that is, an integer type with bounds.
Field Type sizeof: 8
Field Type range: (0, 489)

[INFO -- 2018-10-18 15:16:59]
Fault Injection Successful after 3.741265296936035s
[INFO -- 2018-10-18 15:17:01]
event type: exit
[INFO -- 2018-10-18 15:17:01]
exit code: 0
