[INFO -- 2018-10-18 17:02:18]
Starting flip_value script
version: 1.1
[INFO -- 2018-10-18 17:02:18]
Initialization strings:
[INFO -- 2018-10-18 17:02:18]
(1) file /home/latansini/Desktop/trabalhoftf/carol-fi/sample-code/knn/nn-knl-files/nn
[INFO -- 2018-10-18 17:02:18]
(2) set args /home/latansini/Desktop/trabalhoftf/carol-fi/sample-code/knn/nn-knl-files/filelist 15 25 25 /home/latansini/Desktop/trabalhoftf/carol-fi/sample-code/knn/nn-knl-files/out15_25_25
[INFO -- 2018-10-18 17:02:18]
initSignal:2
[INFO -- 2018-10-18 17:02:18]
endSignal:3
[INFO -- 2018-10-18 17:02:18]
faultModel:2
[EXCEPTION -- 2018-10-18 17:02:21]
pythonException: invalid frame
[EXCEPTION -- 2018-10-18 17:02:21]
pythonException: invalid frame
[INFO -- 2018-10-18 17:02:21]
Backtrace BEGIN:
#0  main (argc=6, argv=0x7fffffffd8b8) at nn.c:131

126	        for( i = 0 ; i < rec_count ; i++ ) {
127	            float max_dist = -1;
128	            int max_idx = 0;
129	            // find a neighbor with greatest dist and take his spot if allowed!
130	            for( j = 0 ; j < k ; j++ ) {
131	                if( neighbors[j].dist > max_dist ) {
132	                    max_dist = neighbors[j].dist;
133	                    max_idx = j;
134	                }
135	            }

Backtrace END
Fliping a bit of the value pointed by a pointer
Fliping value of field: _offset
Memory content before bitflip:0xff0xff0xff0xff0xff0xff0xff0xff
Fault Model: Random bit-flip
base address to flip value: 0x6036d0
address max offset: 8
Memory content after  bitflip:0x450x1d0x0b0x230x5b0x2b0xd70x5d
frame name: main
symbol name: fp
symbol filename: nn.c
symbol line: 30
value: 0x603640
value address: 0x7fffffffd528
Type: The type is a pointer.
Type sizeof: 8

[INFO -- 2018-10-18 17:02:21]
Fault Injection Successful after 3.1729915142059326s
[INFO -- 2018-10-18 17:02:24]
event type: exit
[INFO -- 2018-10-18 17:02:24]
exit code: 0
