[INFO -- 2018-10-10 07:18:48]
Starting flip_value script
version: 1.1
[INFO -- 2018-10-10 07:18:48]
Initialization strings:
[INFO -- 2018-10-10 07:18:48]
(1) file /tmp/fft_nn/fft_nn.out
[INFO -- 2018-10-10 07:18:48]
(2) set args 32768 /tmp/fft_nn/output_falha.data
[INFO -- 2018-10-10 07:18:48]
initSignal:10
[INFO -- 2018-10-10 07:18:48]
endSignal:15
[INFO -- 2018-10-10 07:18:48]
faultModel:2
[EXCEPTION -- 2018-10-10 07:18:59]
gdbException: Tentativo de desreferenciar um ponteiro genérico.
[INFO -- 2018-10-10 07:18:59]
Backtrace BEGIN:
#0  0x00007ffff7029871 in _IO_vfscanf_internal (s=s@entry=0x6062c0, format=<optimized out>, argptr=argptr@entry=0x7fffffffd408, errp=errp@entry=0x0) at vfscanf.c:2115
#1  0x00007ffff7032162 in __isoc99_fscanf (stream=0x6062c0, format=<optimized out>) at isoc99_fscanf.c:34
#2  0x00007ffff7bcf187 in fann_create_from_fd () from /usr/local/lib/libfann.so.2
#3  0x00007ffff7bcf608 in fann_create_from_file () from /usr/local/lib/libfann.so.2
#4  0x00000000004019b7 in radix2DitCooleyTykeyFft(int, int*, Complex*, Complex*) ()
#5  0x0000000000401631 in main ()

2110	in vfscanf.c

Backtrace END
Fliping a bit of the value pointed by a pointer
Memory content before bitflip:0x2e
Fault Model: Random bit-flip
base address to flip value: 0x7fffffffd001 
address max offset: 1
Memory content after  bitflip:0x79
frame name: _IO_vfscanf_internal
symbol name: tw
symbol filename: vfscanf.c
symbol line: 271
value: 0x7fffffffd001 "y48007401823997497234e+00"
value address: 0x7fffffffd230
Type: The type is a pointer.
Type sizeof: 8

[INFO -- 2018-10-10 07:18:59]
Fault Injection Successful after 11.093814849853516s
[INFO -- 2018-10-10 07:19:08]
event type: exit
[INFO -- 2018-10-10 07:19:08]
exit code: 0
