[INFO -- 2018-10-19 03:40:00]
Starting flip_value script
version: 1.1
[INFO -- 2018-10-19 03:40:00]
Initialization strings:
[INFO -- 2018-10-19 03:40:00]
(1) file /home/latansini/Desktop/trabalhoftf/carol-fi/sample-code/knn/nn-knl-files/nn
[INFO -- 2018-10-19 03:40:00]
(2) set args /home/latansini/Desktop/trabalhoftf/carol-fi/sample-code/knn/nn-knl-files/filelist 15 25 25 /home/latansini/Desktop/trabalhoftf/carol-fi/sample-code/knn/nn-knl-files/out15_25_25
[INFO -- 2018-10-19 03:40:00]
initSignal:3
[INFO -- 2018-10-19 03:40:00]
endSignal:4
[INFO -- 2018-10-19 03:40:00]
faultModel:3
[INFO -- 2018-10-19 03:40:03]
Backtrace BEGIN:
#0  0x00007ffff72ffc7d in __GI_____strtod_l_internal (nptr=<optimized out>, endptr=<optimized out>, group=<optimized out>, loc=<optimized out>) at strtod_l.c:1613
#1  0x000000000040152c in main._omp_fn.0 () at nn.c:119
#2  0x0000000000401193 in main (argc=6, argv=0x7fffffffd8b8) at nn.c:115

1608	strtod_l.c: Arquivo ou diretório não encontrado.

Backtrace END
Memory content before bitflip:0x9a0x990xa00x43
Fault Model: Zero bit-flip
base address to flip value: 0x7fffffffd4b4
address max offset: 4
Memory content after  bitflip:0x000x000x000x00
frame name: main._omp_fn.0
symbol name: tmp_long
symbol filename: nn.c
symbol line: 119
value: 0
value address: 0x7fffffffd4b4
Type: A floating point type.
Type sizeof: 4

[INFO -- 2018-10-19 03:40:03]
Fault Injection Successful after 3.1402957439422607s
[INFO -- 2018-10-19 03:40:05]
event type: exit
[INFO -- 2018-10-19 03:40:05]
exit code: 0
