[INFO -- 2018-12-09 19:08:28]
Starting flip_value script
version: 1.1
[INFO -- 2018-12-09 19:08:28]
Initialization strings:
[INFO -- 2018-12-09 19:08:28]
(1) file /home/melkor/ETAPA2/dup_nn/nn-knl-files/nn
[INFO -- 2018-12-09 19:08:28]
(2) set args /home/melkor/ETAPA2/dup_nn/nn-knl-files/filelist 20 5 5 /home/melkor/ETAPA2/dup_nn/nn-knl-files/out20_5_5
[INFO -- 2018-12-09 19:08:28]
initSignal:0
[INFO -- 2018-12-09 19:08:28]
endSignal:1
[INFO -- 2018-12-09 19:08:28]
faultModel:4
[EXCEPTION -- 2018-12-09 19:08:28]
gdbException: Tentativo de desreferenciar um ponteiro genérico.
[EXCEPTION -- 2018-12-09 19:08:29]
pythonException: invalid frame
[EXCEPTION -- 2018-12-09 19:08:29]
pythonException: invalid frame
[EXCEPTION -- 2018-12-09 19:08:29]
pythonException: invalid frame
[INFO -- 2018-12-09 19:08:29]
Backtrace BEGIN:
#0  0x00007ffff7820eed in ?? () from /usr/lib/x86_64-linux-gnu/libgomp.so.1
#1  0x00007ffff781f392 in ?? () from /usr/lib/x86_64-linux-gnu/libgomp.so.1
#2  0x00007ffff7815eca in GOMP_parallel () from /usr/lib/x86_64-linux-gnu/libgomp.so.1
#3  0x00005555555555ed in main (argc=6, argv=0x7fffffffded8) at nn.c:196

2284	in rtld.c

Backtrace END
Memory content before bitflip:0x060x000x000x00
Fault Model: LSB bit-flip
base address to flip value: 0x7fffffffdafc
address max offset: 4
Memory content after  bitflip:0x060x000x000x08
frame name: main
symbol name: argc
symbol filename: nn.c
symbol line: 82
value: 134217734
value address: 0x7fffffffdafc
Type: The type is an integer type.
Type sizeof: 4

[INFO -- 2018-12-09 19:08:29]
Fault Injection Successful after 1.15559983253479s
[INFO -- 2018-12-09 19:08:30]
event type: exit
[INFO -- 2018-12-09 19:08:30]
exit code: 0
