[INFO -- 2018-10-12 07:04:52]
sending 5 signals using command: 'killall -2 fft_nn.out' after 21.7153427887s
[INFO -- 2018-10-12 07:04:52]
sending 5 signals using command: 'killall -2 fft_nn.out' after 21.7810617275s
[INFO -- 2018-10-12 07:04:54]
sending 5 signals using command: 'killall -2 fft_nn.out' after 23.1319878721s
[INFO -- 2018-10-12 07:04:54]
Starting GDB script
[INFO -- 2018-10-12 07:04:54]
initSignal:0.0
[INFO -- 2018-10-12 07:04:54]
endSignal:5.0
[INFO -- 2018-10-12 07:04:57]
sending 5 signals using command: 'killall -2 fft_nn.out' after 3.01784949659s
[INFO -- 2018-10-12 07:04:58]
sending 5 signals using command: 'killall -2 fft_nn.out' after 4.48630774428s
[INFO -- 2018-10-12 07:04:59]
sending 5 signals using command: 'killall -2 fft_nn.out' after 4.99718051471s
[INFO -- 2018-10-12 07:05:15]
Execution finished before waitTime
