[INFO -- 2018-10-10 07:21:06]
Starting flip_value script
version: 1.1
[INFO -- 2018-10-10 07:21:06]
Initialization strings:
[INFO -- 2018-10-10 07:21:06]
(1) file /tmp/fft_nn/fft_nn.out
[INFO -- 2018-10-10 07:21:06]
(2) set args 32768 /tmp/fft_nn/output_falha.data
[INFO -- 2018-10-10 07:21:06]
initSignal:20
[INFO -- 2018-10-10 07:21:06]
endSignal:25
[INFO -- 2018-10-10 07:21:06]
faultModel:4
[EXCEPTION -- 2018-10-10 07:21:26]
pythonException: 'bool' object is not iterable
[INFO -- 2018-10-10 07:21:26]
event type: exit
[INFO -- 2018-10-10 07:21:26]
exit code: 0
