[INFO -- 2018-10-12 01:21:38]
Starting flip_value script
version: 1.1
[INFO -- 2018-10-12 01:21:38]
Initialization strings:
[INFO -- 2018-10-12 01:21:38]
(1) file /tmp/fft_nn/fft_nn.out
[INFO -- 2018-10-12 01:21:38]
(2) set args 32768 /tmp/fft_nn/output_falha.data
[INFO -- 2018-10-12 01:21:38]
initSignal:10
[INFO -- 2018-10-12 01:21:38]
endSignal:15
[INFO -- 2018-10-12 01:21:38]
faultModel:2
[EXCEPTION -- 2018-10-12 01:21:48]
gdbException: Tentativo de desreferenciar um ponteiro genérico.
[INFO -- 2018-10-12 01:21:48]
Backtrace BEGIN:
#0  0x00007ffff7028803 in _IO_vfscanf_internal (s=s@entry=0x6062c0, format=<optimized out>, argptr=argptr@entry=0x7fffffffd408, errp=errp@entry=0x0) at vfscanf.c:433
#1  0x00007ffff7032162 in __isoc99_fscanf (stream=0x6062c0, format=<optimized out>) at isoc99_fscanf.c:34
#2  0x00007ffff7bcf0eb in fann_create_from_fd () from /usr/local/lib/libfann.so.2
#3  0x00007ffff7bcf608 in fann_create_from_file () from /usr/local/lib/libfann.so.2
#4  0x00000000004019b7 in radix2DitCooleyTykeyFft(int, int*, Complex*, Complex*) ()
#5  0x0000000000401631 in main ()

428	in vfscanf.c

Backtrace END
Fliping a bit of the value pointed by a pointer
Memory content before bitflip:0x00
Fault Model: Random bit-flip
base address to flip value: 0x7ffff7bd3da4 
address max offset: 1
Memory content after  bitflip:0xd8
frame name: _IO_vfscanf_internal
symbol name: f
symbol filename: vfscanf.c
symbol line: 216
value: 0x7ffff7bd3da4 "\330(%u, %f) "
value address: 0x7fffffffd1f0
Type: The type is a pointer.
Type sizeof: 8

[INFO -- 2018-10-12 01:21:48]
Fault Injection Successful after 10.196332216262817s
[INFO -- 2018-10-12 01:21:57]
event type: exit
[INFO -- 2018-10-12 01:21:57]
exit code: 0
