[INFO -- 2018-10-09 17:04:10]
sending 5 signals using command: 'killall -2 fft_nn.out' after 23.8640011769s
[INFO -- 2018-10-09 17:04:10]
sending 5 signals using command: 'killall -2 fft_nn.out' after 24.3780007762s
[INFO -- 2018-10-09 17:04:11]
sending 5 signals using command: 'killall -2 fft_nn.out' after 24.8881626354s
[INFO -- 2018-10-09 17:04:11]
Starting GDB script
[INFO -- 2018-10-09 17:04:11]
initSignal:0.0
[INFO -- 2018-10-09 17:04:11]
endSignal:5.0
[INFO -- 2018-10-09 17:04:12]
sending 5 signals using command: 'killall -2 fft_nn.out' after 1.29522246336s
[INFO -- 2018-10-09 17:04:13]
sending 5 signals using command: 'killall -2 fft_nn.out' after 2.27127269171s
[INFO -- 2018-10-09 17:04:13]
sending 5 signals using command: 'killall -2 fft_nn.out' after 2.75667629726s
[INFO -- 2018-10-09 17:04:32]
Execution finished before waitTime
