[INFO -- 2018-10-11 04:18:14]
sending 5 signals using command: 'killall -2 fft_nn.out' after 22.7406037266s
[INFO -- 2018-10-11 04:18:14]
sending 5 signals using command: 'killall -2 fft_nn.out' after 22.7502743946s
[INFO -- 2018-10-11 04:18:15]
sending 5 signals using command: 'killall -2 fft_nn.out' after 24.0144813428s
[INFO -- 2018-10-11 04:18:15]
Starting GDB script
[INFO -- 2018-10-11 04:18:15]
initSignal:0.0
[INFO -- 2018-10-11 04:18:15]
endSignal:5.0
[INFO -- 2018-10-11 04:18:16]
sending 5 signals using command: 'killall -2 fft_nn.out' after 0.920487283435s
[INFO -- 2018-10-11 04:18:19]
sending 5 signals using command: 'killall -2 fft_nn.out' after 3.23841510157s
[INFO -- 2018-10-11 04:18:19]
sending 5 signals using command: 'killall -2 fft_nn.out' after 3.82719614029s
[INFO -- 2018-10-11 04:18:36]
Execution finished before waitTime
