[INFO -- 2018-10-12 17:37:28]
sending 5 signals using command: 'killall -2 fft_nn.out' after 22.4663565015s
[INFO -- 2018-10-12 17:37:29]
sending 5 signals using command: 'killall -2 fft_nn.out' after 24.1455693877s
[INFO -- 2018-10-12 17:37:30]
sending 5 signals using command: 'killall -2 fft_nn.out' after 24.8522472171s
[INFO -- 2018-10-12 17:37:30]
Starting GDB script
[INFO -- 2018-10-12 17:37:30]
initSignal:0.0
[INFO -- 2018-10-12 17:37:30]
endSignal:5.0
[INFO -- 2018-10-12 17:37:32]
sending 5 signals using command: 'killall -2 fft_nn.out' after 1.3457899804s
[INFO -- 2018-10-12 17:37:34]
sending 5 signals using command: 'killall -2 fft_nn.out' after 4.24134542453s
[INFO -- 2018-10-12 17:37:35]
sending 5 signals using command: 'killall -2 fft_nn.out' after 4.5815205594s
[INFO -- 2018-10-12 17:37:51]
Execution finished before waitTime
