[INFO -- 2018-10-15 10:42:23]
Starting flip_value script
version: 1.1
[INFO -- 2018-10-15 10:42:23]
Initialization strings:
[INFO -- 2018-10-15 10:42:23]
(1) file /home/latansini/Desktop/trabalhoftf/carol-fi/sample-code/inverse_nn/inversek2j_nn.out
[INFO -- 2018-10-15 10:42:23]
(2) set args /home/latansini/Desktop/trabalhoftf/carol-fi/sample-code/inverse_nn/input_250k /home/latansini/Desktop/trabalhoftf/carol-fi/sample-code/inverse_nn/output_falha.data
[INFO -- 2018-10-15 10:42:23]
initSignal:40
[INFO -- 2018-10-15 10:42:23]
endSignal:50
[INFO -- 2018-10-15 10:42:23]
faultModel:4
[INFO -- 2018-10-15 10:42:28]
Backtrace BEGIN:
#0  __mpn_lshift () at ../sysdeps/x86_64/lshift.S:77
#1  0x00007ffff7012c6e in __GI_____strtof_l_internal (nptr=<optimized out>, endptr=<optimized out>, group=<optimized out>, loc=<optimized out>) at strtod_l.c:1451
#2  0x00007ffff7011d60 in __GI___strtof_internal (nptr=<optimized out>, endptr=<optimized out>, group=<optimized out>) at strtod.c:54
#3  0x00007ffff702b948 in _IO_vfscanf_internal (s=s@entry=0x608610, format=<optimized out>, argptr=argptr@entry=0x7fffffffd628, errp=errp@entry=0x0) at vfscanf.c:2365
#4  0x00007ffff7032162 in __isoc99_fscanf (stream=0x608610, format=<optimized out>) at isoc99_fscanf.c:34
#5  0x00007ffff7bcf187 in fann_create_from_fd () from /usr/local/lib/libfann.so.2
#6  0x00007ffff7bcf608 in fann_create_from_file () from /usr/local/lib/libfann.so.2
#7  0x000000000040199e in inversek2j(float, float, float*, float*) ()
#8  0x0000000000401631 in main ()

72	../sysdeps/x86_64/lshift.S: Arquivo ou diretório não encontrado.

Backtrace END
Fliping array at pos: 9
Memory content before bitflip:0x040x000x000x000x000x000x000x00
Fault Model: LSB bit-flip
base address to flip value: 0x7fffffffd188
address max offset: 8
Memory content after  bitflip:0x040x000x000x000x000x000x000x02
frame name: __GI_____strtof_l_internal
symbol name: num
symbol filename: strtod_l.c
symbol line: 485
value: {7485429995990558391, 9628562256693840026, 0, 1, 11, 140737488343297, 140737354076069, 140733193388032, 33, 144115188075855876}
value address: 0x7fffffffd140
Type: The type is an array.
Type sizeof: 80
Field name: None
Field Type: A range type, that is, an integer type with bounds.
Field Type sizeof: 8
Field Type range: (0, 9)

[INFO -- 2018-10-15 10:42:28]
Fault Injection Successful after 5.7718892097473145s
[INFO -- 2018-10-15 10:42:44]
event type: exit
[INFO -- 2018-10-15 10:42:44]
exit code: 0
