[INFO -- 2018-10-16 10:16:39]
Starting flip_value script
version: 1.1
[INFO -- 2018-10-16 10:16:39]
Initialization strings:
[INFO -- 2018-10-16 10:16:39]
(1) file /home/latansini/Desktop/trabalhoftf/carol-fi/sample-code/inverse_nn/inversek2j_nn.out
[INFO -- 2018-10-16 10:16:39]
(2) set args /home/latansini/Desktop/trabalhoftf/carol-fi/sample-code/inverse_nn/input_250k /home/latansini/Desktop/trabalhoftf/carol-fi/sample-code/inverse_nn/output_falha.data
[INFO -- 2018-10-16 10:16:39]
initSignal:8
[INFO -- 2018-10-16 10:16:39]
endSignal:10
[INFO -- 2018-10-16 10:16:39]
faultModel:4
[EXCEPTION -- 2018-10-16 10:16:47]
gdbException: Tentativo de desreferenciar um ponteiro genérico.
[INFO -- 2018-10-16 10:16:47]
Backtrace BEGIN:
#0  0x00007ffff70cc567 in munmap () at ../sysdeps/unix/syscall-template.S:81
#1  0x00007ffff704f472 in __GI__IO_setb (f=f@entry=0x608610, b=b@entry=0x0, eb=eb@entry=0x0, a=a@entry=0) at genops.c:401
#2  0x00007ffff704dbb0 in _IO_new_file_close_it (fp=fp@entry=0x608610) at fileops.c:185
#3  0x00007ffff7041a50 in _IO_new_fclose (fp=0x608610) at iofclose.c:59
#4  0x00007ffff7bcf613 in fann_create_from_file () from /usr/local/lib/libfann.so.2
#5  0x000000000040199e in inversek2j(float, float, float*, float*) ()
#6  0x0000000000401631 in main ()

76	../sysdeps/unix/syscall-template.S: Arquivo ou diretório não encontrado.

Backtrace END
Memory content before bitflip:0x000x000x000x00
Fault Model: LSB bit-flip
base address to flip value: 0x7fffffffd20c
address max offset: 4
Memory content after  bitflip:0x000x000x000x40
frame name: __GI__IO_setb
symbol name: a
symbol filename: genops.c
symbol line: 398
value: 1073741824
value address: 0x7fffffffd20c
Type: The type is an integer type.
Type sizeof: 4

[INFO -- 2018-10-16 10:16:47]
Fault Injection Successful after 8.801687717437744s
[INFO -- 2018-10-16 10:16:49]
event type: exit
[INFO -- 2018-10-16 10:16:49]
exit code: 0
