[INFO -- 2018-10-18 22:32:29]
Starting flip_value script
version: 1.1
[INFO -- 2018-10-18 22:32:29]
Initialization strings:
[INFO -- 2018-10-18 22:32:29]
(1) file /home/latansini/Desktop/trabalhoftf/carol-fi/sample-code/knn/nn-knl-files/nn
[INFO -- 2018-10-18 22:32:29]
(2) set args /home/latansini/Desktop/trabalhoftf/carol-fi/sample-code/knn/nn-knl-files/filelist 15 25 25 /home/latansini/Desktop/trabalhoftf/carol-fi/sample-code/knn/nn-knl-files/out15_25_25
[INFO -- 2018-10-18 22:32:29]
initSignal:4
[INFO -- 2018-10-18 22:32:29]
endSignal:5
[INFO -- 2018-10-18 22:32:29]
faultModel:4
[EXCEPTION -- 2018-10-18 22:32:34]
pythonException: invalid frame
[EXCEPTION -- 2018-10-18 22:32:34]
pythonException: invalid frame
[EXCEPTION -- 2018-10-18 22:32:34]
pythonException: invalid frame
[INFO -- 2018-10-18 22:32:34]
Backtrace BEGIN:
#0  0x00007ffff78bdda8 in ?? () from /usr/lib/x86_64-linux-gnu/libgomp.so.1
#1  0x00007ffff78bcaf9 in ?? () from /usr/lib/x86_64-linux-gnu/libgomp.so.1
#2  0x0000000000401198 in main (argc=6, argv=0x7fffffffd8b8) at nn.c:115

20	* This program finds the k-nearest neighbors
21	* Usage:	./nn <filelist> <num> <target latitude> <target longitude> <out filename>
22	*			filelist: File with the filenames to the records
23	*			num: Number of nearest neighbors to find
24	*			target lat: Latitude coordinate for distance calculations
25	*			target long: Longitude coordinate for distance calculations
26	* The filelist and data are generated by hurricane_gen.c
27	* REC_WINDOW has been arbitrarily assigned; A larger value would allow more work for the threads
28	*/
29	int main(int argc, char* argv[]) {

Backtrace END
Fliping array at pos: 475
Memory content before bitflip:0x31
Fault Model: LSB bit-flip
base address to flip value: 0x7fffffffd79b 
address max offset: 1
Memory content after  bitflip:0x21
frame name: main
symbol name: sandbox
symbol filename: nn.c
symbol line: 32
value: "1974 12  8  0 26 MICHAEL    41.6  97.1   57   48\n2004  3 28  6 13 ERNESTO    48.9 184.7   98  370\n1986 10  5 18 27 OSCAR      13.6 160.5   59  785\n1989 11 24 12 12 BERYL      47.1 280.7   46  322\n1996"...
value address: 0x7fffffffd5c0
Type: The type is an array.
Type sizeof: 490
Field name: None
Field Type: A range type, that is, an integer type with bounds.
Field Type sizeof: 8
Field Type range: (0, 489)

[INFO -- 2018-10-18 22:32:34]
Fault Injection Successful after 5.040780067443848s
[INFO -- 2018-10-18 22:32:35]
event type: exit
[INFO -- 2018-10-18 22:32:35]
exit code: 0
