[INFO -- 2018-12-01 16:44:37]
Starting flip_value script
version: 1.1
[INFO -- 2018-12-01 16:44:37]
Initialization strings:
[INFO -- 2018-12-01 16:44:37]
(1) file /home/latansini/Desktop/CAROL-FI/etapa2/carol-fi/codes/fftfulldup/fft_nn.out
[INFO -- 2018-12-01 16:44:37]
(2) set args 32768 /home/latansini/Desktop/CAROL-FI/etapa2/carol-fi/codes/fftfulldup/output.data
[INFO -- 2018-12-01 16:44:37]
initSignal:0
[INFO -- 2018-12-01 16:44:37]
endSignal:40
[INFO -- 2018-12-01 16:44:37]
faultModel:2
[INFO -- 2018-12-01 16:44:37]
Backtrace BEGIN:
#0  0x00007ffff7de47cb in _dl_elf_hash (name_arg=0x7ffff787ca9d "_ZTVSt14basic_ifstreamIwSt11char_traitsIwEE") at ../sysdeps/generic/dl-hash.h:62
#1  do_lookup_x (new_hash=new_hash@entry=3305565623, old_hash=old_hash@entry=0x7fffffffd450, result=result@entry=0x7fffffffd460, scope=<optimized out>, i=<optimized out>, i@entry=0, flags=flags@entry=1, skip=skip@entry=0x0, undef_map=undef_map@entry=0x7ffff7fd64f0) at dl-lookup.c:262
#2  0x00007ffff7de4a31 in _dl_lookup_symbol_x (undef_name=0x7ffff787ca9d "_ZTVSt14basic_ifstreamIwSt11char_traitsIwEE", undef_map=undef_map@entry=0x7ffff7fd64f0, ref=0x7fffffffd5b0, symbol_scope=0x7ffff7fd6848, version=0x7ffff7fd3030, type_class=0, flags=flags@entry=1, skip_map=skip_map@entry=0x0) at dl-lookup.c:737
#3  0x00007ffff7de665d in elf_machine_rela (reloc=0x7ffff78bc5e0, reloc=0x7ffff78bc5e0, skip_ifunc=<optimized out>, reloc_addr_arg=0x7ffff7bb57d8, version=<optimized out>, sym=0x7ffff785dac0, map=0x7ffff7fd64f0) at ../sysdeps/x86_64/dl-machine.h:276
#4  elf_dynamic_do_Rela (skip_ifunc=<optimized out>, lazy=<optimized out>, nrelative=<optimized out>, relsize=<optimized out>, reladdr=<optimized out>, map=0x7ffff7fd64f0) at do-rel.h:137
#5  _dl_relocate_object (scope=<optimized out>, reloc_mode=<optimized out>, consider_profiling=<optimized out>, consider_profiling@entry=0) at dl-reloc.c:264
#6  0x00007ffff7dde3a2 in dl_main (phdr=<optimized out>, phdr@entry=0x400040, phnum=<optimized out>, phnum@entry=9, user_entry=user_entry@entry=0x7fffffffd768, auxv=<optimized out>) at rtld.c:2237
#7  0x00007ffff7df15f5 in _dl_sysdep_start (start_argptr=start_argptr@entry=0x7fffffffd850, dl_main=dl_main@entry=0x7ffff7ddc260 <dl_main>) at ../elf/dl-sysdep.c:249
#8  0x00007ffff7ddbbb8 in _dl_start_final (arg=0x7fffffffd850) at rtld.c:347
#9  _dl_start (arg=0x7fffffffd850) at rtld.c:573
#10 0x00007ffff7ddb268 in _start () from /lib64/ld-linux-x86-64.so.2
#11 0x0000000000000003 in ?? ()
#12 0x00007fffffffdbf2 in ?? ()
#13 0x00007fffffffdc3f in ?? ()
#14 0x00007fffffffdc45 in ?? ()
#15 0x0000000000000000 in ?? ()

57	../sysdeps/generic/dl-hash.h: Arquivo ou diretório não encontrado.

Backtrace END
Fliping a bit of the value pointed by a pointer
Memory content before bitflip:0x55
Fault Model: Random bit-flip
base address to flip value: 0x7ffff7ddc260 
address max offset: 1
Memory content after  bitflip:0x74
frame name: _dl_sysdep_start
symbol name: dl_main
symbol filename: ../elf/dl-sysdep.c
symbol line: 84
value: 0x7ffff7ddc260 <dl_main>
value address: 0x7fffffffd758
Type: The type is a pointer.
Type sizeof: 8

[INFO -- 2018-12-01 16:44:37]
Fault Injection Successful after 0.3949620723724365s
[INFO -- 2018-12-01 16:45:16]
event type: exit
[INFO -- 2018-12-01 16:45:16]
exit code: 0
