[INFO -- 2018-10-15 13:23:29]
Starting flip_value script
version: 1.1
[INFO -- 2018-10-15 13:23:29]
Initialization strings:
[INFO -- 2018-10-15 13:23:29]
(1) file /home/latansini/Desktop/trabalhoftf/carol-fi/sample-code/inverse_nn/inversek2j_nn.out
[INFO -- 2018-10-15 13:23:29]
(2) set args /home/latansini/Desktop/trabalhoftf/carol-fi/sample-code/inverse_nn/input_250k /home/latansini/Desktop/trabalhoftf/carol-fi/sample-code/inverse_nn/output_falha.data
[INFO -- 2018-10-15 13:23:29]
initSignal:8
[INFO -- 2018-10-15 13:23:29]
endSignal:10
[INFO -- 2018-10-15 13:23:29]
faultModel:4
[INFO -- 2018-10-15 13:23:37]
Backtrace BEGIN:
#0  0x00007ffff70cc567 in munmap () at ../sysdeps/unix/syscall-template.S:81
#1  0x00007ffff704f472 in __GI__IO_setb (f=f@entry=0x608610, b=b@entry=0x0, eb=eb@entry=0x0, a=a@entry=0) at genops.c:401
#2  0x00007ffff704dbb0 in _IO_new_file_close_it (fp=fp@entry=0x608610) at fileops.c:185
#3  0x00007ffff7041a50 in _IO_new_fclose (fp=0x608610) at iofclose.c:59
#4  0x00007ffff7bcf613 in fann_create_from_file () from /usr/local/lib/libfann.so.2
#5  0x000000000040199e in inversek2j(float, float, float*, float*) ()
#6  0x0000000000401631 in main ()

76	../sysdeps/unix/syscall-template.S: Arquivo ou diretório não encontrado.

Backtrace END
Memory content before bitflip:0x560x3e0x010x00
Fault Model: LSB bit-flip
base address to flip value: 0x7ffff73989b0 
address max offset: 4
Memory content after  bitflip:0x560x3e0x010x20
frame name: __GI__IO_setb
symbol name: _IO_list_all_stamp
symbol filename: genops.c
symbol line: 42
value: 536952406
value address: 0x7ffff73989b0 <_IO_list_all_stamp>
Type: The type is an integer type.
Type sizeof: 4

[INFO -- 2018-10-15 13:23:37]
Fault Injection Successful after 8.60701060295105s
[INFO -- 2018-10-15 13:23:39]
event type: exit
[INFO -- 2018-10-15 13:23:39]
exit code: 0
