[INFO -- 2018-11-30 22:05:23]
Starting flip_value script
version: 1.1
[INFO -- 2018-11-30 22:05:23]
Initialization strings:
[INFO -- 2018-11-30 22:05:23]
(1) file /home/lignati/carol-fi/codes/inversefulldup/inversek2j.nn.out
[INFO -- 2018-11-30 22:05:23]
(2) set args /home/lignati/carol-fi/codes/inversefulldup/input_250k /home/lignati/carol-fi/codes/inversefulldup/output_falha.data
[INFO -- 2018-11-30 22:05:23]
initSignal:0
[INFO -- 2018-11-30 22:05:23]
endSignal:25
[INFO -- 2018-11-30 22:05:23]
faultModel:0
[INFO -- 2018-11-30 22:05:36]
Backtrace BEGIN:
#0  str_to_mpn (str=0x7fffffffcb38 "77153778076172e+00", str@entry=0x7fffffffcb31 ".62193477153778076172e+00", digcnt=14, digcnt@entry=20, n=n@entry=0x7fffffffca50, nsize=nsize@entry=0x7fffffffca20, exponent=exponent@entry=0x7fffffffca30, decimal_len=decimal_len@entry=1, thousands=thousands@entry=0x0, decimal=<optimized out>) at strtod_l.c:373
#1  0x00007ffff7013c2b in __GI_____strtof_l_internal (nptr=<optimized out>, endptr=<optimized out>, group=<optimized out>, loc=<optimized out>) at strtod_l.c:1427
#2  0x00007ffff7012d60 in __GI___strtof_internal (nptr=<optimized out>, endptr=<optimized out>, group=<optimized out>) at strtod.c:54
#3  0x00007ffff702c948 in _IO_vfscanf_internal (s=s@entry=0x11c818b0, format=<optimized out>, argptr=argptr@entry=0x7fffffffcf38, errp=errp@entry=0x0) at vfscanf.c:2365
#4  0x00007ffff7033162 in __isoc99_fscanf (stream=0x11c818b0, format=<optimized out>) at isoc99_fscanf.c:34
#5  0x00007ffff7bcac42 in fann_create_from_fd () from /usr/local/lib/libfann.so.2
#6  0x00007ffff7bc8073 in fann_create_from_file () from /usr/local/lib/libfann.so.2
#7  0x0000000000402061 in inversek2j(float, float, float*, float*) ()
#8  0x00000000004019dd in main ()

368	strtod_l.c: No such file or directory.

Backtrace END
Fliping a bit of the pointer
Memory content before bitflip:0x000x000x000x000x000x000x000x00
Fault Model: Single bit-flip
base address to flip value: 0x7fffffffc990
address max offset: 8
Memory content after  bitflip:0x000x000x000x000x020x000x000x00
frame name: str_to_mpn
symbol name: thousands
symbol filename: strtod_l.c
symbol line: 340
value: 0x0
value address: 0x7fffffffc990
Type: The type is a pointer.
Type sizeof: 8

[INFO -- 2018-11-30 22:05:36]
Fault Injection Successful after 13.47196340560913s
[INFO -- 2018-11-30 22:05:48]
event type: exit
[INFO -- 2018-11-30 22:05:48]
exit code: 0
