[INFO -- 2018-12-09 16:06:32]
Starting flip_value script
version: 1.1
[INFO -- 2018-12-09 16:06:32]
Initialization strings:
[INFO -- 2018-12-09 16:06:32]
(1) file /home/melkor/ETAPA2/dup_nn/nn-knl-files/nn
[INFO -- 2018-12-09 16:06:32]
(2) set args /home/melkor/ETAPA2/dup_nn/nn-knl-files/filelist 20 5 5 /home/melkor/ETAPA2/dup_nn/nn-knl-files/out20_5_5
[INFO -- 2018-12-09 16:06:32]
initSignal:0
[INFO -- 2018-12-09 16:06:32]
endSignal:1
[INFO -- 2018-12-09 16:06:32]
faultModel:2
[EXCEPTION -- 2018-12-09 16:06:32]
gdbException: Tentativo de desreferenciar um ponteiro genérico.
[INFO -- 2018-12-09 16:06:32]
event type: exit
[INFO -- 2018-12-09 16:06:32]
exit code: 1
