[INFO -- 2018-11-30 16:12:49]
Starting flip_value script
version: 1.1
[INFO -- 2018-11-30 16:12:49]
Initialization strings:
[INFO -- 2018-11-30 16:12:49]
(1) file /home/lignati/carol-fi/codes/inversefulldup/inversek2j.nn.out
[INFO -- 2018-11-30 16:12:49]
(2) set args /home/lignati/carol-fi/codes/inversefulldup/input_250k /home/lignati/carol-fi/codes/inversefulldup/output_falha.data
[INFO -- 2018-11-30 16:12:49]
initSignal:0
[INFO -- 2018-11-30 16:12:49]
endSignal:25
[INFO -- 2018-11-30 16:12:49]
faultModel:2
[INFO -- 2018-11-30 16:12:51]
Backtrace BEGIN:
#0  0x00007ffff7015066 in __GI_____strtof_l_internal (nptr=<optimized out>, endptr=<optimized out>, group=<optimized out>, loc=<optimized out>) at strtod_l.c:1356
#1  0x00007ffff7012d60 in __GI___strtof_internal (nptr=<optimized out>, endptr=<optimized out>, group=<optimized out>) at strtod.c:54
#2  0x00007ffff702c948 in _IO_vfscanf_internal (s=s@entry=0x6085c0, format=<optimized out>, argptr=argptr@entry=0x7fffffffcf38, errp=errp@entry=0x0) at vfscanf.c:2365
#3  0x00007ffff7033162 in __isoc99_fscanf (stream=0x6085c0, format=<optimized out>) at isoc99_fscanf.c:34
#4  0x00007ffff7bcac42 in fann_create_from_fd () from /usr/local/lib/libfann.so.2
#5  0x00007ffff7bc8073 in fann_create_from_file () from /usr/local/lib/libfann.so.2
#6  0x0000000000402061 in inversek2j(float, float, float*, float*) ()
#7  0x000000000040179a in main ()

1351	strtod_l.c: No such file or directory.

Backtrace END
Fliping array at pos: 0
Fliping value of field: gp_offset
Memory content before bitflip:0x100x000x000x00
Fault Model: Random bit-flip
base address to flip value: 0x7fffffffcf38
address max offset: 4
Memory content after  bitflip:0xb90xf00xb90x4d
frame name: __isoc99_fscanf
symbol name: arg
symbol filename: isoc99_fscanf.c
symbol line: 27
value: {{gp_offset = 1304031417, fp_offset = 48, overflow_arg_area = 0x7fffffffd010, reg_save_area = 0x7fffffffcf50}}
value address: 0x7fffffffcf38
Type: The type is an array.
Type sizeof: 24

[INFO -- 2018-11-30 16:12:51]
Fault Injection Successful after 2.931408643722534s
[INFO -- 2018-11-30 16:13:14]
event type: exit
[INFO -- 2018-11-30 16:13:14]
exit code: 0
