[INFO -- 2018-10-12 03:06:22]
Starting flip_value script
version: 1.1
[INFO -- 2018-10-12 03:06:22]
Initialization strings:
[INFO -- 2018-10-12 03:06:22]
(1) file /tmp/fft_nn/fft_nn.out
[INFO -- 2018-10-12 03:06:22]
(2) set args 32768 /tmp/fft_nn/output_falha.data
[INFO -- 2018-10-12 03:06:22]
initSignal:10
[INFO -- 2018-10-12 03:06:22]
endSignal:15
[INFO -- 2018-10-12 03:06:22]
faultModel:2
[EXCEPTION -- 2018-10-12 03:06:32]
pythonException: empty range for randrange() (0,0, 0)
[INFO -- 2018-10-12 03:06:32]
Backtrace BEGIN:
#0  _pthread_cleanup_push_defer (buffer=0x7fffffffd280, routine=0x7ffff7031cc0 <__funlockfile>, arg=0x6062c0) at cleanup_defer_compat.c:30
#1  0x00007ffff7029fd5 in _IO_vfscanf_internal (s=s@entry=0x6062c0, format=0x7ffff7bd3da5 "(%u, %f) ", argptr=argptr@entry=0x7fffffffd408, errp=errp@entry=0x0) at vfscanf.c:358
#2  0x00007ffff7032162 in __isoc99_fscanf (stream=0x6062c0, format=<optimized out>) at isoc99_fscanf.c:34
#3  0x00007ffff7bcf187 in fann_create_from_fd () from /usr/local/lib/libfann.so.2
#4  0x00007ffff7bcf608 in fann_create_from_file () from /usr/local/lib/libfann.so.2
#5  0x00000000004019b7 in radix2DitCooleyTykeyFft(int, int*, Complex*, Complex*) ()
#6  0x0000000000401631 in main ()

25	in cleanup_defer_compat.c

Backtrace END
Fliping a bit of the value pointed by a pointer
Fliping value of field: __locales
Fliping array at pos: 9
Fliping a bit of the value pointed by a pointer
Fliping value of field: nstrings
Memory content before bitflip:0x0d0x000x000x00
Fault Model: Random bit-flip
base address to flip value: 0x7ffff73948d8 
address max offset: 4
Memory content after  bitflip:0x010x380x9f0xd8
frame name: _IO_vfscanf_internal
symbol name: loc
symbol filename: vfscanf.c
symbol line: 225
value: 0x7ffff7397060 <_nl_global_locale>
value address: 0x7fffffffd1d8
Type: The type is a pointer.
Type sizeof: 8

[INFO -- 2018-10-12 03:06:32]
Fault Injection Successful after 10.89987587928772s
[INFO -- 2018-10-12 03:06:42]
event type: exit
[INFO -- 2018-10-12 03:06:42]
exit code: 0
