[INFO -- 2018-10-09 10:48:34]
sending 5 signals using command: 'killall -2 fft_nn.out' after 22.8236907031s
[INFO -- 2018-10-09 10:48:34]
sending 5 signals using command: 'killall -2 fft_nn.out' after 23.0133789823s
[INFO -- 2018-10-09 10:48:36]
sending 5 signals using command: 'killall -2 fft_nn.out' after 24.0694624004s
[INFO -- 2018-10-09 10:48:36]
Starting GDB script
[INFO -- 2018-10-09 10:48:36]
initSignal:0.0
[INFO -- 2018-10-09 10:48:36]
endSignal:5.0
[INFO -- 2018-10-09 10:48:36]
sending 5 signals using command: 'killall -2 fft_nn.out' after 0.690126234985s
[INFO -- 2018-10-09 10:48:37]
sending 5 signals using command: 'killall -2 fft_nn.out' after 1.27073608093s
[INFO -- 2018-10-09 10:48:39]
sending 5 signals using command: 'killall -2 fft_nn.out' after 3.31676674158s
[INFO -- 2018-10-09 10:48:57]
Execution finished before waitTime
