[INFO -- 2018-10-12 09:56:26]
sending 5 signals using command: 'killall -2 fft_nn.out' after 20.9872541313s
[INFO -- 2018-10-12 09:56:26]
sending 5 signals using command: 'killall -2 fft_nn.out' after 21.4743328912s
[INFO -- 2018-10-12 09:56:29]
sending 5 signals using command: 'killall -2 fft_nn.out' after 24.4597717046s
[INFO -- 2018-10-12 09:56:29]
Starting GDB script
[INFO -- 2018-10-12 09:56:29]
initSignal:0.0
[INFO -- 2018-10-12 09:56:29]
endSignal:5.0
[INFO -- 2018-10-12 09:56:31]
sending 5 signals using command: 'killall -2 fft_nn.out' after 1.56538756191s
[INFO -- 2018-10-12 09:56:31]
sending 5 signals using command: 'killall -2 fft_nn.out' after 1.73550192921s
[INFO -- 2018-10-12 09:56:32]
sending 5 signals using command: 'killall -2 fft_nn.out' after 2.45862231985s
[INFO -- 2018-10-12 09:56:50]
Execution finished before waitTime
