[INFO -- 2018-10-04 18:04:01]
Starting flip_value script
version: 1.1
[INFO -- 2018-10-04 18:04:01]
Initialization strings:
[INFO -- 2018-10-04 18:04:01]
(1) file /tmp/inversek2j_nn/inversek2j_nn.out
[INFO -- 2018-10-04 18:04:01]
(2) set args /tmp/inversek2j_nn/input  /tmp/inversek2j_nn/output_falha.data
[INFO -- 2018-10-04 18:04:01]
initSignal:0
[INFO -- 2018-10-04 18:04:01]
endSignal:1
[INFO -- 2018-10-04 18:04:01]
faultModel:2
[INFO -- 2018-10-04 18:04:01]
Backtrace BEGIN:
#0  __GI__dl_debug_state () at dl-debug.c:74
#1  0x00007ffff7dde483 in dl_main (phdr=<optimized out>, phdr@entry=0x400040, phnum=<optimized out>, phnum@entry=9, user_entry=user_entry@entry=0x7fffffffdd28, auxv=<optimized out>) at rtld.c:2338
#2  0x00007ffff7df15f5 in _dl_sysdep_start (start_argptr=start_argptr@entry=0x7fffffffde10, dl_main=dl_main@entry=0x7ffff7ddc260 <dl_main>) at ../elf/dl-sysdep.c:249
#3  0x00007ffff7ddbbb8 in _dl_start_final (arg=0x7fffffffde10) at rtld.c:347
#4  _dl_start (arg=0x7fffffffde10) at rtld.c:573
#5  0x00007ffff7ddb268 in _start () from /lib64/ld-linux-x86-64.so.2
#6  0x0000000000000003 in ?? ()
#7  0x00007fffffffe195 in ?? ()
#8  0x00007fffffffe1ba in ?? ()
#9  0x00007fffffffe1d3 in ?? ()
#10 0x0000000000000000 in ?? ()

69	dl-debug.c: Arquivo ou diretório não encontrado.

Backtrace END
Memory content before bitflip:0x000x000x000x00
Fault Model: Random bit-flip
base address to flip value: 0x7ffff7ffce68 
address max offset: 4
Memory content after  bitflip:0xc40x330x760x4c
frame name: _dl_sysdep_start
symbol name: __libc_enable_secure
symbol filename: ../elf/dl-sysdep.c
symbol line: 56
value: 1282814916
value address: 0x7ffff7ffce68 <__libc_enable_secure>
Type: The type is an integer type.
Type sizeof: 4

[INFO -- 2018-10-04 18:04:01]
Fault Injection Successful after 0.9079306125640869s
[INFO -- 2018-10-04 18:04:01]
event type: exit
[INFO -- 2018-10-04 18:04:01]
exit code: 0
