[INFO -- 2018-10-08 13:00:47]
sending 5 signals using command: 'killall -2 fft_nn.out' after 22.8013854036s
[INFO -- 2018-10-08 13:00:47]
sending 5 signals using command: 'killall -2 fft_nn.out' after 23.1627947088s
[INFO -- 2018-10-08 13:00:49]
sending 5 signals using command: 'killall -2 fft_nn.out' after 24.8541079068s
[INFO -- 2018-10-08 13:00:49]
Starting GDB script
[INFO -- 2018-10-08 13:00:49]
initSignal:0.0
[INFO -- 2018-10-08 13:00:49]
endSignal:5.0
[INFO -- 2018-10-08 13:00:50]
sending 5 signals using command: 'killall -2 fft_nn.out' after 0.378208898979s
[INFO -- 2018-10-08 13:00:50]
sending 5 signals using command: 'killall -2 fft_nn.out' after 1.00416409521s
[INFO -- 2018-10-08 13:00:53]
sending 5 signals using command: 'killall -2 fft_nn.out' after 3.28597672929s
[INFO -- 2018-10-08 13:01:10]
Execution finished before waitTime
