[INFO -- 2018-10-08 01:00:06]
sending 5 signals using command: 'killall -2 fft_nn.out' after 23.3497395971s
[INFO -- 2018-10-08 01:00:06]
sending 5 signals using command: 'killall -2 fft_nn.out' after 23.3618809225s
[INFO -- 2018-10-08 01:00:07]
sending 5 signals using command: 'killall -2 fft_nn.out' after 24.4883342017s
[INFO -- 2018-10-08 01:00:07]
Starting GDB script
[INFO -- 2018-10-08 01:00:07]
initSignal:0.0
[INFO -- 2018-10-08 01:00:07]
endSignal:5.0
[INFO -- 2018-10-08 01:00:09]
sending 5 signals using command: 'killall -2 fft_nn.out' after 1.3156959307s
[INFO -- 2018-10-08 01:00:11]
sending 5 signals using command: 'killall -2 fft_nn.out' after 4.00092102665s
[INFO -- 2018-10-08 01:00:12]
sending 5 signals using command: 'killall -2 fft_nn.out' after 4.78665103914s
[INFO -- 2018-10-08 01:00:28]
Execution finished before waitTime
