[INFO -- 2018-10-12 04:58:34]
Starting flip_value script
version: 1.1
[INFO -- 2018-10-12 04:58:34]
Initialization strings:
[INFO -- 2018-10-12 04:58:34]
(1) file /tmp/fft_nn/fft_nn.out
[INFO -- 2018-10-12 04:58:34]
(2) set args 32768 /tmp/fft_nn/output_falha.data
[INFO -- 2018-10-12 04:58:34]
initSignal:0
[INFO -- 2018-10-12 04:58:34]
endSignal:5
[INFO -- 2018-10-12 04:58:34]
faultModel:0
[INFO -- 2018-10-12 04:58:36]
Backtrace BEGIN:
#0  str_to_mpn (str=0x7fffffffd005 "97897315025329590e-02", str@entry=0x7fffffffd000 "9.86697897315025329590e-02", digcnt=17, digcnt@entry=20, n=n@entry=0x7fffffffcf20, nsize=nsize@entry=0x7fffffffcef0, exponent=exponent@entry=0x7fffffffcf00, decimal_len=decimal_len@entry=1, thousands=thousands@entry=0x0, decimal=<optimized out>) at strtod_l.c:399
#1  0x00007ffff7012c2b in __GI_____strtof_l_internal (nptr=<optimized out>, endptr=<optimized out>, group=<optimized out>, loc=<optimized out>) at strtod_l.c:1427
#2  0x00007ffff7011d60 in __GI___strtof_internal (nptr=<optimized out>, endptr=<optimized out>, group=<optimized out>) at strtod.c:54
#3  0x00007ffff702b948 in _IO_vfscanf_internal (s=s@entry=0x6062c0, format=<optimized out>, argptr=argptr@entry=0x7fffffffd408, errp=errp@entry=0x0) at vfscanf.c:2365
#4  0x00007ffff7032162 in __isoc99_fscanf (stream=0x6062c0, format=<optimized out>) at isoc99_fscanf.c:34
#5  0x00007ffff7bcf187 in fann_create_from_fd () from /usr/local/lib/libfann.so.2
#6  0x00007ffff7bcf608 in fann_create_from_file () from /usr/local/lib/libfann.so.2
#7  0x00000000004019b7 in radix2DitCooleyTykeyFft(int, int*, Complex*, Complex*) ()
#8  0x0000000000401631 in main ()

394	strtod_l.c: Arquivo ou diretório não encontrado.

Backtrace END
Fliping a bit of the pointer
Memory content before bitflip:0x000xd00xff0xff0xff0x7f0x000x00
Fault Model: Single bit-flip
base address to flip value: 0x7fffffffcea8
address max offset: 8
Memory content after  bitflip:0x000xd00xff0xfe0xff0x7f0x000x00
frame name: __GI_____strtof_l_internal
symbol name: startp
symbol filename: strtod_l.c
symbol line: 504
value: 0x7fffffffd000 "9.86697897315025329590e-02"
value address: 0x7fffffffcea8
Type: The type is a pointer.
Type sizeof: 8

[INFO -- 2018-10-12 04:58:36]
Fault Injection Successful after 2.43394136428833s
[INFO -- 2018-10-12 04:58:53]
event type: exit
[INFO -- 2018-10-12 04:58:53]
exit code: 0
