[INFO -- 2018-10-08 20:26:32]
Starting flip_value script
version: 1.1
[INFO -- 2018-10-08 20:26:32]
Initialization strings:
[INFO -- 2018-10-08 20:26:32]
(1) file /tmp/fft_nn/fft_nn.out
[INFO -- 2018-10-08 20:26:32]
(2) set args 32768 /tmp/fft_nn/output_falha.data
[INFO -- 2018-10-08 20:26:32]
initSignal:10
[INFO -- 2018-10-08 20:26:32]
endSignal:15
[INFO -- 2018-10-08 20:26:32]
faultModel:2
[INFO -- 2018-10-08 20:26:43]
Backtrace BEGIN:
#0  _IO_vfscanf_internal (s=s@entry=0x6062c0, format=0x7ffff7bd3da5 "(%u, %f) ", argptr=argptr@entry=0x7fffffffd408, errp=errp@entry=0x0) at vfscanf.c:358
#1  0x00007ffff7032162 in __isoc99_fscanf (stream=0x6062c0, format=<optimized out>) at isoc99_fscanf.c:34
#2  0x00007ffff7bcf187 in fann_create_from_fd () from /usr/local/lib/libfann.so.2
#3  0x00007ffff7bcf608 in fann_create_from_file () from /usr/local/lib/libfann.so.2
#4  0x00000000004019b7 in radix2DitCooleyTykeyFft(int, int*, Complex*, Complex*) ()
#5  0x0000000000401631 in main ()

353	vfscanf.c: Arquivo ou diretório não encontrado.

Backtrace END
Memory content before bitflip:0x010x000x000x00
Fault Model: Random bit-flip
base address to flip value: 0x7fffffffd1e8
address max offset: 4
Memory content after  bitflip:0xc80xf60xac0x73
frame name: _IO_vfscanf_internal
symbol name: _avail
symbol filename: vfscanf.c
symbol line: 358
value: 1940715208
value address: 0x7fffffffd1e8
Type: The type is an integer type.
Type sizeof: 4

[INFO -- 2018-10-08 20:26:43]
Fault Injection Successful after 11.796257257461548s
[INFO -- 2018-10-08 20:26:52]
event type: exit
[INFO -- 2018-10-08 20:26:52]
exit code: 0
