[INFO -- 2018-12-01 13:05:01]
Starting flip_value script
version: 1.1
[INFO -- 2018-12-01 13:05:01]
Initialization strings:
[INFO -- 2018-12-01 13:05:01]
(1) file /home/lignati/carol-fi/codes/inversefulldup/inversek2j.nn.out
[INFO -- 2018-12-01 13:05:01]
(2) set args /home/lignati/carol-fi/codes/inversefulldup/input_250k /home/lignati/carol-fi/codes/inversefulldup/output_falha.data
[INFO -- 2018-12-01 13:05:01]
initSignal:0
[INFO -- 2018-12-01 13:05:01]
endSignal:25
[INFO -- 2018-12-01 13:05:01]
faultModel:2
[EXCEPTION -- 2018-12-01 13:05:05]
gdbException: Attempt to dereference a generic pointer.
[INFO -- 2018-12-01 13:05:05]
Backtrace BEGIN:
#0  _IO_vfscanf_internal (s=s@entry=0x6085c0, format=<optimized out>, argptr=argptr@entry=0x7fffffffcf38, errp=errp@entry=0x0) at vfscanf.c:223
#1  0x00007ffff7033162 in __isoc99_fscanf (stream=0x6085c0, format=<optimized out>) at isoc99_fscanf.c:34
#2  0x00007ffff7bcac42 in fann_create_from_fd () from /usr/local/lib/libfann.so.2
#3  0x00007ffff7bc8073 in fann_create_from_file () from /usr/local/lib/libfann.so.2
#4  0x0000000000402061 in inversek2j(float, float, float*, float*) ()
#5  0x000000000040179a in main ()

218	in vfscanf.c

Backtrace END
Fliping a bit of the pointer
Memory content before bitflip:0x000x000x000x000x000x000x000x00
Fault Model: Random bit-flip
base address to flip value: 0x7fffffffccb8
address max offset: 8
Memory content after  bitflip:0xb80x3c0xac0x910xcb0x870x4d0xe2
frame name: _IO_vfscanf_internal
symbol name: ptrs_to_free
symbol filename: vfscanf.c
symbol line: 250
value: 0x0
value address: 0x7fffffffccb8
Type: The type is a pointer.
Type sizeof: 8

[INFO -- 2018-12-01 13:05:05]
Fault Injection Successful after 4.070961236953735s
[INFO -- 2018-12-01 13:05:26]
event type: exit
[INFO -- 2018-12-01 13:05:26]
exit code: 0
