[INFO -- 2018-10-10 00:18:49]
Starting flip_value script
version: 1.1
[INFO -- 2018-10-10 00:18:49]
Initialization strings:
[INFO -- 2018-10-10 00:18:49]
(1) file /tmp/fft_nn/fft_nn.out
[INFO -- 2018-10-10 00:18:49]
(2) set args 32768 /tmp/fft_nn/output_falha.data
[INFO -- 2018-10-10 00:18:49]
initSignal:10
[INFO -- 2018-10-10 00:18:49]
endSignal:15
[INFO -- 2018-10-10 00:18:49]
faultModel:2
[INFO -- 2018-10-10 00:19:01]
Backtrace BEGIN:
#0  __mpn_construct_float (frac_ptr=frac_ptr@entry=0x7fffffffcf10, expt=<optimized out>, sign=sign@entry=0) at ../sysdeps/ieee754/flt-32/mpn2flt.c:41
#1  0x00007ffff7012346 in round_and_return (retval=0x7fffffffcf10, exponent=<optimized out>, negative=negative@entry=0, round_limb=round_limb@entry=7463787295041126400, round_bit=<optimized out>, more_bits=<optimized out>) at strtod_l.c:327
#2  0x00007ffff7013332 in __GI_____strtof_l_internal (nptr=<optimized out>, endptr=<optimized out>, group=<optimized out>, loc=<optimized out>) at strtod_l.c:1613
#3  0x00007ffff7011d60 in __GI___strtof_internal (nptr=<optimized out>, endptr=<optimized out>, group=<optimized out>) at strtod.c:54
#4  0x00007ffff702b948 in _IO_vfscanf_internal (s=s@entry=0x6062c0, format=<optimized out>, argptr=argptr@entry=0x7fffffffd408, errp=errp@entry=0x0) at vfscanf.c:2365
#5  0x00007ffff7032162 in __isoc99_fscanf (stream=0x6062c0, format=<optimized out>) at isoc99_fscanf.c:34
#6  0x00007ffff7bcf187 in fann_create_from_fd () from /usr/local/lib/libfann.so.2
#7  0x00007ffff7bcf608 in fann_create_from_file () from /usr/local/lib/libfann.so.2
#8  0x00000000004019b7 in radix2DitCooleyTykeyFft(int, int*, Complex*, Complex*) ()
#9  0x0000000000401631 in main ()

36	../sysdeps/ieee754/flt-32/mpn2flt.c: Arquivo ou diretório não encontrado.

Backtrace END
Fliping array at pos: 0
Fliping value of field: gp_offset
Memory content before bitflip:0x100x000x000x00
Fault Model: Random bit-flip
base address to flip value: 0x7fffffffd408
address max offset: 4
Memory content after  bitflip:0x500x050x120x54
frame name: __isoc99_fscanf
symbol name: arg
symbol filename: isoc99_fscanf.c
symbol line: 27
value: {{gp_offset = 1410467152, fp_offset = 48, overflow_arg_area = 0x7fffffffd4e0, reg_save_area = 0x7fffffffd420}}
value address: 0x7fffffffd408
Type: The type is an array.
Type sizeof: 24

[INFO -- 2018-10-10 00:19:01]
Fault Injection Successful after 12.491365194320679s
[INFO -- 2018-10-10 00:19:10]
event type: exit
[INFO -- 2018-10-10 00:19:10]
exit code: 0
