[INFO -- 2018-10-11 19:29:08]
sending 5 signals using command: 'killall -2 fft_nn.out' after 22.5628461755s
[INFO -- 2018-10-11 19:29:09]
sending 5 signals using command: 'killall -2 fft_nn.out' after 23.1346168252s
[INFO -- 2018-10-11 19:29:10]
sending 5 signals using command: 'killall -2 fft_nn.out' after 24.7682942127s
[INFO -- 2018-10-11 19:29:10]
Starting GDB script
[INFO -- 2018-10-11 19:29:10]
initSignal:0.0
[INFO -- 2018-10-11 19:29:10]
endSignal:5.0
[INFO -- 2018-10-11 19:29:12]
sending 5 signals using command: 'killall -2 fft_nn.out' after 1.61746948597s
[INFO -- 2018-10-11 19:29:13]
sending 5 signals using command: 'killall -2 fft_nn.out' after 2.95441771496s
[INFO -- 2018-10-11 19:29:14]
sending 5 signals using command: 'killall -2 fft_nn.out' after 3.32883028524s
[INFO -- 2018-10-11 19:29:31]
Execution finished before waitTime
