[INFO -- 2018-10-11 07:50:00]
Starting flip_value script
version: 1.1
[INFO -- 2018-10-11 07:50:00]
Initialization strings:
[INFO -- 2018-10-11 07:50:00]
(1) file /tmp/fft_nn/fft_nn.out
[INFO -- 2018-10-11 07:50:00]
(2) set args 32768 /tmp/fft_nn/output_falha.data
[INFO -- 2018-10-11 07:50:00]
initSignal:5
[INFO -- 2018-10-11 07:50:00]
endSignal:10
[INFO -- 2018-10-11 07:50:00]
faultModel:1
[EXCEPTION -- 2018-10-11 07:50:06]
gdbException: Tentativo de desreferenciar um ponteiro genérico.
[EXCEPTION -- 2018-10-11 07:50:06]
gdbException: Tentativo de desreferenciar um ponteiro genérico.
[EXCEPTION -- 2018-10-11 07:50:06]
gdbException: Tentativo de desreferenciar um ponteiro genérico.
[INFO -- 2018-10-11 07:50:06]
Backtrace BEGIN:
#0  __GI_____strtof_l_internal (nptr=<optimized out>, endptr=0x7fffffffd230, group=<optimized out>, loc=<optimized out>) at strtod_l.c:858
#1  0x00007ffff7011d60 in __GI___strtof_internal (nptr=<optimized out>, endptr=<optimized out>, group=<optimized out>) at strtod.c:54
#2  0x00007ffff702b948 in _IO_vfscanf_internal (s=s@entry=0x6062c0, format=<optimized out>, argptr=argptr@entry=0x7fffffffd408, errp=errp@entry=0x0) at vfscanf.c:2365
#3  0x00007ffff7032162 in __isoc99_fscanf (stream=0x6062c0, format=<optimized out>) at isoc99_fscanf.c:34
#4  0x00007ffff7bcf187 in fann_create_from_fd () from /usr/local/lib/libfann.so.2
#5  0x00007ffff7bcf608 in fann_create_from_file () from /usr/local/lib/libfann.so.2
#6  0x00000000004019b7 in radix2DitCooleyTykeyFft(int, int*, Complex*, Complex*) ()
#7  0x0000000000401631 in main ()

853	strtod_l.c: Arquivo ou diretório não encontrado.

Backtrace END
Memory content before bitflip:0x020x000x000x000x000x000x000x00
Fault Model: Double bit-flip
base address to flip value: 0x7fffffffcef0
address max offset: 8
Memory content after  bitflip:0x020x140x000x000x000x000x000x00
frame name: __GI_____strtof_l_internal
symbol name: numsize
symbol filename: strtod_l.c
symbol line: 485
value: 5122
value address: 0x7fffffffcef0
Type: The type is an integer type.
Type sizeof: 8

[INFO -- 2018-10-11 07:50:06]
Fault Injection Successful after 6.230167388916016s
[INFO -- 2018-10-11 07:50:19]
event type: exit
[INFO -- 2018-10-11 07:50:19]
exit code: 0
