[INFO -- 2018-10-11 16:05:35]
Starting flip_value script
version: 1.1
[INFO -- 2018-10-11 16:05:35]
Initialization strings:
[INFO -- 2018-10-11 16:05:35]
(1) file /tmp/fft_nn/fft_nn.out
[INFO -- 2018-10-11 16:05:35]
(2) set args 32768 /tmp/fft_nn/output_falha.data
[INFO -- 2018-10-11 16:05:35]
initSignal:10
[INFO -- 2018-10-11 16:05:35]
endSignal:15
[INFO -- 2018-10-11 16:05:35]
faultModel:2
[EXCEPTION -- 2018-10-11 16:05:46]
gdbException: Tentativo de desreferenciar um ponteiro genérico.
[INFO -- 2018-10-11 16:05:46]
Backtrace BEGIN:
#0  0x00007ffff705773d in __libc_calloc (n=<optimized out>, elem_size=<optimized out>) at malloc.c:3296
#1  0x00007ffff7bca458 in fann_allocate_connections () from /usr/local/lib/libfann.so.2
#2  0x00007ffff7bcf11f in fann_create_from_fd () from /usr/local/lib/libfann.so.2
#3  0x00007ffff7bcf608 in fann_create_from_file () from /usr/local/lib/libfann.so.2
#4  0x00000000004019b7 in radix2DitCooleyTykeyFft(int, int*, Complex*, Complex*) ()
#5  0x0000000000401631 in main ()

3291	malloc.c: Arquivo ou diretório não encontrado.

Backtrace END
Memory content before bitflip:0x000x000x000x000x000x000x000x00
Fault Model: Random bit-flip
base address to flip value: 0x7ffff7398b00 
address max offset: 8
Memory content after  bitflip:0x410x400x3f0x950x1f0xb50xd50x1f
frame name: __libc_calloc
symbol name: arena_mem
symbol filename: arena.c
symbol line: 90
value: 2293938732467699777
value address: 0x7ffff7398b00 <arena_mem>
Type: The type is an integer type.
Type sizeof: 8

[INFO -- 2018-10-11 16:05:46]
Fault Injection Successful after 11.83919095993042s
[INFO -- 2018-10-11 16:05:55]
event type: exit
[INFO -- 2018-10-11 16:05:55]
exit code: 0
