[INFO -- 2018-11-30 23:53:58]
Starting flip_value script
version: 1.1
[INFO -- 2018-11-30 23:53:58]
Initialization strings:
[INFO -- 2018-11-30 23:53:58]
(1) file /home/latansini/Desktop/CAROL-FI/etapa2/carol-fi/codes/fftfulldup/fft_nn.out
[INFO -- 2018-11-30 23:53:58]
(2) set args 32768 /home/latansini/Desktop/CAROL-FI/etapa2/carol-fi/codes/fftfulldup/output.data
[INFO -- 2018-11-30 23:53:58]
initSignal:0
[INFO -- 2018-11-30 23:53:58]
endSignal:40
[INFO -- 2018-11-30 23:53:58]
faultModel:1
[EXCEPTION -- 2018-11-30 23:54:12]
gdbException: Tentativo de desreferenciar um ponteiro genérico.
[INFO -- 2018-11-30 23:54:12]
Backtrace BEGIN:
#0  0x00007ffff6fae682 in _IO_vfscanf_internal (s=s@entry=0x618f00, format=<optimized out>, argptr=argptr@entry=0x7fffffffd2a8, errp=errp@entry=0x0) at vfscanf.c:1857
#1  0x00007ffff6fb5162 in __isoc99_fscanf (stream=0x618f00, format=<optimized out>) at isoc99_fscanf.c:34
#2  0x00007ffff7bcf187 in fann_create_from_fd () from /usr/local/lib/libfann.so.2
#3  0x00007ffff7bcf608 in fann_create_from_file () from /usr/local/lib/libfann.so.2
#4  0x0000000000401de7 in radix2DitCooleyTykeyFft(int, int*, Complex*, Complex*) ()
#5  0x0000000000401857 in main ()

1852	in vfscanf.c

Backtrace END
Fliping value of field: __value
Fliping value of field name: __wch
Memory content before bitflip:0x000x000x000x00
Fault Model: Double bit-flip
base address to flip value: 0x7fffffffd0c4
address max offset: 4
Memory content after  bitflip:0x240x000x000x00
frame name: _IO_vfscanf_internal
symbol name: state
symbol filename: vfscanf.c
symbol line: 252
value: {__count = 0, __value = {__wch = 36, __wchb = "$\000\000"}}
value address: 0x7fffffffd0c0
Type: The type is a structure.
Type sizeof: 8
Field name: __count
Field Type: The type is an integer type.
Field Type sizeof: 4
Field name: __value
Field Type: The type is a union.
Field Type sizeof: 4

[INFO -- 2018-11-30 23:54:12]
Fault Injection Successful after 14.3219895362854s
[INFO -- 2018-11-30 23:54:37]
event type: exit
[INFO -- 2018-11-30 23:54:37]
exit code: 0
