[INFO -- 2018-10-17 16:14:43]
Starting flip_value script
version: 1.1
[INFO -- 2018-10-17 16:14:43]
Initialization strings:
[INFO -- 2018-10-17 16:14:43]
(1) file /home/latansini/Desktop/trabalhoftf/carol-fi/sample-code/inverse_nn/inversek2j_nn.out
[INFO -- 2018-10-17 16:14:43]
(2) set args /home/latansini/Desktop/trabalhoftf/carol-fi/sample-code/inverse_nn/input_250k /home/latansini/Desktop/trabalhoftf/carol-fi/sample-code/inverse_nn/output_falha.data
[INFO -- 2018-10-17 16:14:43]
initSignal:2
[INFO -- 2018-10-17 16:14:43]
endSignal:4
[INFO -- 2018-10-17 16:14:43]
faultModel:1
[INFO -- 2018-10-17 16:14:46]
Backtrace BEGIN:
#0  0x00007ffff704fd8a in __GI__IO_sputbackc (fp=fp@entry=0x608610, c=c@entry=49) at genops.c:742
#1  0x00007ffff7028b63 in _IO_vfscanf_internal (s=s@entry=0x608610, format=<optimized out>, argptr=argptr@entry=0x7fffffffd0d8, errp=errp@entry=0x0) at vfscanf.c:625
#2  0x00007ffff7032162 in __isoc99_fscanf (stream=0x608610, format=<optimized out>) at isoc99_fscanf.c:34
#3  0x00007ffff7bcf187 in fann_create_from_fd () from /usr/local/lib/libfann.so.2
#4  0x00007ffff7bcf608 in fann_create_from_file () from /usr/local/lib/libfann.so.2
#5  0x000000000040199e in inversek2j(float, float, float*, float*) ()
#6  0x0000000000401631 in main ()

737	genops.c: Arquivo ou diretório não encontrado.

Backtrace END
Memory content before bitflip:0x00
Fault Model: Double bit-flip
base address to flip value: 0x7ffff7398990 
address max offset: 1
Memory content after  bitflip:0x09
frame name: __GI__IO_sputbackc
symbol name: dealloc_buffers
symbol filename: genops.c
symbol line: 943
value: 9
value address: 0x7ffff7398990 <dealloc_buffers>
Type: A boolean type.
Type sizeof: 1

[INFO -- 2018-10-17 16:14:46]
Fault Injection Successful after 3.1745760440826416s
[INFO -- 2018-10-17 16:14:54]
event type: exit
[INFO -- 2018-10-17 16:14:54]
exit code: 0
