[INFO -- 2018-12-02 06:40:25]
Starting flip_value script
version: 1.1
[INFO -- 2018-12-02 06:40:25]
Initialization strings:
[INFO -- 2018-12-02 06:40:25]
(1) file /home/latansini/Desktop/CAROL-FI/etapa2/carol-fi/codes/fftfulldup/fft_nn.out
[INFO -- 2018-12-02 06:40:25]
(2) set args 32768 /home/latansini/Desktop/CAROL-FI/etapa2/carol-fi/codes/fftfulldup/output.data
[INFO -- 2018-12-02 06:40:25]
initSignal:0
[INFO -- 2018-12-02 06:40:25]
endSignal:40
[INFO -- 2018-12-02 06:40:25]
faultModel:3
[INFO -- 2018-12-02 06:40:28]
Backtrace BEGIN:
#0  strlen () at ../sysdeps/x86_64/strlen.S:106
#1  0x00007ffff6f9559b in __GI_____strtof_l_internal (nptr=0x7fffffffcea0 "0.500000", endptr=0x7fffffffd0d0, group=<optimized out>, loc=0x7ffff731a060 <_nl_global_locale>) at strtod_l.c:572
#2  0x00007ffff6f94d60 in __GI___strtof_internal (nptr=<optimized out>, endptr=<optimized out>, group=<optimized out>) at strtod.c:54
#3  0x00007ffff6fae948 in _IO_vfscanf_internal (s=s@entry=0x618f00, format=<optimized out>, argptr=argptr@entry=0x7fffffffd2a8, errp=errp@entry=0x0) at vfscanf.c:2365
#4  0x00007ffff6fb5162 in __isoc99_fscanf (stream=0x618f00, format=<optimized out>) at isoc99_fscanf.c:34
#5  0x00007ffff7bcea93 in fann_create_from_fd () from /usr/local/lib/libfann.so.2
#6  0x00007ffff7bcf608 in fann_create_from_file () from /usr/local/lib/libfann.so.2
#7  0x0000000000401de7 in radix2DitCooleyTykeyFft(int, int*, Complex*, Complex*) ()
#8  0x0000000000401857 in main ()

101	../sysdeps/x86_64/strlen.S: Arquivo ou diretório não encontrado.

Backtrace END
Memory content before bitflip:0x010x000x000x000x000x000x000x00
Fault Model: Zero bit-flip
base address to flip value: 0x7fffffffcd90
address max offset: 8
Memory content after  bitflip:0x000x000x000x000x000x000x000x00
frame name: __GI_____strtof_l_internal
symbol name: numsize
symbol filename: strtod_l.c
symbol line: 485
value: 0
value address: 0x7fffffffcd90
Type: The type is an integer type.
Type sizeof: 8

[INFO -- 2018-12-02 06:40:28]
Fault Injection Successful after 3.8459157943725586s
[INFO -- 2018-12-02 06:41:04]
event type: exit
[INFO -- 2018-12-02 06:41:04]
exit code: 0
