 32700  -2519074.500000   -2519158.500000 
 32444  -525190.125000   -525357.375000 
 32188  -292516.656250   -292448.000000 
 31932  -204131.765625   -204066.781250 
 31676  -155893.390625   -155872.031250 
 31420  -125828.062500   -125767.585938 
 31164  -105817.859375   -105937.453125 
 30908  -89335.968750   -89313.648438 
 30652  -80260.585938   -80118.523438 
 30396  -70461.578125   -70201.843750 
 30140  -63066.054688   -63247.335938 
 29884  -58068.257812   -58141.960938 
 29628  -53512.734375   -53404.460938 
 29372  -48647.921875   -48511.203125 
 29116  -44224.273438   -44294.984375 
 28860  -40905.285156   -40948.339844 
 28604  -39279.484375   -39260.734375 
 28348  -36350.984375   -36320.292969 
 28092  -33743.781250   -33725.160156 
 27836  -31866.898438   -31862.687500 
 27580  -30090.511719   -30120.042969 
 27324  -28451.917969   -28501.361328 
 27068  -27199.929688   -27173.085938 
 26812  -25347.623047   -25322.158203 
 26556  -24590.308594   -24592.558594 
 26300  -22929.109375   -22939.224609 
 26044  -21697.796875   -21729.880859 
 25788  -20760.189453   -20732.951172 
 25532  -19762.417969   -19713.734375 
 25276  -18569.394531   -18530.882812 
 25020  -17621.488281   -17704.464844 
 24764  -16994.636719   -16966.078125 
 24508  -15724.806641   -15640.046875 
 24252  -15700.392578   -15525.902344 
 23996  -14593.563477   -14680.628906 
 23740  -13898.707031   -13972.453125 
 23484  -13218.265625   -13213.222656 
 23228  -12456.650391   -12480.765625 
 22972  -11998.689453   -11906.269531 
 22716  -11086.773438   -11107.136719 
 22460  -10663.246094   -10800.894531 
 22204  -9827.306641   -10099.750000 
 21948  -9819.810547   -9611.029297 
 21692  -9320.822266   -9240.912109 
 21436  -8638.667969   -8792.871094 
 21180  -7986.261719   -8177.927734 
 20924  -7774.890625   -7626.222656 
 20668  -7201.484375   -7188.009766 
 20412  -6655.083984   -6758.630859 
 20156  -6094.964844   -6313.548828 
 19900  -5869.378906   -5766.412109 
 19644  -5440.253906   -5323.285156 
 19388  -4832.064453   -4879.869141 
 19132  -4313.919922   -4417.177734 
 18876  -4018.033203   -4009.623047 
 18620  -3615.015625   -3541.273438 
 18364  -3253.046875   -3229.238281 
 18108  -2824.320312   -2810.988281 
 17852  -2411.578125   -2476.597656 
 17596  -2206.968750   -2172.093750 
 17340  -1926.421875   -1860.437500 
 17084  -1553.531250   -1505.406250 
 16828  -1052.875000   -1145.125000 
 16572  -744.843750   -715.156250 
 16316  4266.750000   4350.875000 
 16060  544.625000   712.562500 
 15804  852.203125   782.609375 
 15548  1205.375000   1138.625000 
 15292  1536.179688   1514.093750 
 15036  2075.406250   2011.242188 
 14780  2298.625000   2429.578125 
 14524  2777.925781   2752.617188 
 14268  3466.925781   3299.304688 
 14012  4067.804688   3746.406250 
 13756  3934.943359   4172.396484 
 13500  4526.060547   4628.212891 
 13244  5232.931641   5068.412109 
 12988  5725.429688   5500.355469 
 12732  5685.433594   5821.746094 
 12476  6032.652344   6108.382812 
 12220  7223.062500   7158.148438 
 11964  7496.277344   7350.000000 
 11708  7813.013672   7822.660156 
 11452  8307.304688   8374.925781 
 11196  8852.589844   8897.363281 
 10940  9412.359375   9458.871094 
 10684  10151.761719   10052.980469 
 10428  10364.513672   10407.673828 
 10172  11158.597656   11255.388672 
 9916  11537.238281   11693.972656 
 9660  12418.921875   12299.337891 
 9404  13019.115234   12976.943359 
 9148  13487.792969   13561.480469 
 8892  13852.347656   13955.559570 
 8636  14617.869141   14569.731445 
 8380  15403.271484   15343.417969 
 8124  17663.425781   17666.648438 
 7868  17434.660156   17446.029297 
 7612  18169.681641   18218.781250 
 7356  19227.052734   19230.125000 
 7100  20179.789062   20117.554688 
 6844  21210.578125   21130.386719 
 6588  22237.810547   22310.033203 
 6332  23034.437500   23026.140625 
 6076  24975.316406   24933.769531 
 5820  26088.191406   26034.373047 
 5564  27595.169922   27616.560547 
 5308  29618.804688   29635.759766 
 5052  31573.890625   31580.691406 
 4796  33138.550781   33132.843750 
 4540  34869.625000   34833.312500 
 4284  37010.742188   37064.964844 
 4028  40637.578125   40694.523438 
 3772  43305.312500   43421.351562 
 3516  46502.929688   46396.339844 
 3260  50644.929688   50569.664062 
 3004  55246.835938   55335.617188 
 2748  60612.289062   60762.625000 
 2492  67787.328125   67706.914062 
 2236  74522.015625   74469.976562 
 1980  86303.445312   86338.015625 
 1724  97709.312500   97783.906250 
 1468  115278.710938   115287.648438 
 1212  141368.812500   141314.281250 
 956  180730.562500   180688.250000 
 700  244453.312500   244431.281250 
 444  386565.937500   386650.750000 
 188  914996.500000   914962.500000 
