[INFO -- 2018-10-10 19:21:47]
sending 5 signals using command: 'killall -2 fft_nn.out' after 22.2702255698s
[INFO -- 2018-10-10 19:21:50]
sending 5 signals using command: 'killall -2 fft_nn.out' after 24.4889825248s
[INFO -- 2018-10-10 19:21:50]
sending 5 signals using command: 'killall -2 fft_nn.out' after 24.701285519s
[INFO -- 2018-10-10 19:21:50]
Starting GDB script
[INFO -- 2018-10-10 19:21:50]
initSignal:0.0
[INFO -- 2018-10-10 19:21:50]
endSignal:5.0
[INFO -- 2018-10-10 19:21:54]
sending 5 signals using command: 'killall -2 fft_nn.out' after 3.90104125842s
[INFO -- 2018-10-10 19:21:54]
sending 5 signals using command: 'killall -2 fft_nn.out' after 4.00721455039s
[INFO -- 2018-10-10 19:21:55]
sending 5 signals using command: 'killall -2 fft_nn.out' after 4.80132842666s
[INFO -- 2018-10-10 19:22:11]
Execution finished before waitTime
