[INFO -- 2018-12-09 15:17:44]
Starting flip_value script
version: 1.1
[INFO -- 2018-12-09 15:17:44]
Initialization strings:
[INFO -- 2018-12-09 15:17:44]
(1) file /home/melkor/ETAPA2/dup_nn/nn-knl-files/nn
[INFO -- 2018-12-09 15:17:44]
(2) set args /home/melkor/ETAPA2/dup_nn/nn-knl-files/filelist 20 5 5 /home/melkor/ETAPA2/dup_nn/nn-knl-files/out20_5_5
[INFO -- 2018-12-09 15:17:44]
initSignal:0
[INFO -- 2018-12-09 15:17:44]
endSignal:1
[INFO -- 2018-12-09 15:17:44]
faultModel:4
[INFO -- 2018-12-09 15:17:45]
Backtrace BEGIN:
#0  0x00007ffff7820ee6 in ?? () from /usr/lib/x86_64-linux-gnu/libgomp.so.1
#1  0x00007ffff781f392 in ?? () from /usr/lib/x86_64-linux-gnu/libgomp.so.1
#2  0x00007ffff7815eca in GOMP_parallel () from /usr/lib/x86_64-linux-gnu/libgomp.so.1
#3  0x00005555555555ed in main (argc=6, argv=0x7fffffffdf08) at nn.c:196

68	      fclose(logfile);
69	    }
70		
71		
72		if(file != NULL){	// isso aqui tava dando segfault
73			fclose(file);
74		}
75		
76	}
77	

Backtrace END
Fliping array at pos: 20
Memory content before bitflip:0x64
Fault Model: LSB bit-flip
base address to flip value: 0x7fffffffdbf4 
address max offset: 1
Memory content after  bitflip:0x6c
frame name: main
symbol name: dbname
symbol filename: nn.c
symbol line: 85
value: "/home/melkor/ETAPA2/lup_nn/nn-knl-files/cane4_0.db", '\000' <repete 13 vezes>
value address: 0x7fffffffdbe0
Type: The type is an array.
Type sizeof: 64
Field name: None
Field Type: A range type, that is, an integer type with bounds.
Field Type sizeof: 8
Field Type range: (0, 63)

[INFO -- 2018-12-09 15:17:45]
Fault Injection Successful after 1.0750722885131836s
[INFO -- 2018-12-09 15:17:45]
event type: exit
[INFO -- 2018-12-09 15:17:45]
exit code: 0
