[INFO -- 2018-10-17 08:22:22]
Starting flip_value script
version: 1.1
[INFO -- 2018-10-17 08:22:22]
Initialization strings:
[INFO -- 2018-10-17 08:22:22]
(1) file /home/latansini/Desktop/trabalhoftf/carol-fi/sample-code/inverse_nn/inversek2j_nn.out
[INFO -- 2018-10-17 08:22:22]
(2) set args /home/latansini/Desktop/trabalhoftf/carol-fi/sample-code/inverse_nn/input_250k /home/latansini/Desktop/trabalhoftf/carol-fi/sample-code/inverse_nn/output_falha.data
[INFO -- 2018-10-17 08:22:22]
initSignal:8
[INFO -- 2018-10-17 08:22:22]
endSignal:10
[INFO -- 2018-10-17 08:22:22]
faultModel:4
[INFO -- 2018-10-17 08:22:30]
Backtrace BEGIN:
#0  0x00007ffff70299f9 in _IO_vfscanf_internal (s=s@entry=0x608610, format=<optimized out>, argptr=argptr@entry=0x7fffffffd0d8, errp=errp@entry=0x0) at vfscanf.c:1724
#1  0x00007ffff7032162 in __isoc99_fscanf (stream=0x608610, format=<optimized out>) at isoc99_fscanf.c:34
#2  0x00007ffff7bcf0eb in fann_create_from_fd () from /usr/local/lib/libfann.so.2
#3  0x00007ffff7bcf608 in fann_create_from_file () from /usr/local/lib/libfann.so.2
#4  0x000000000040199e in inversek2j(float, float, float*, float*) ()
#5  0x0000000000401631 in main ()

1719	vfscanf.c: Arquivo ou diretório não encontrado.

Backtrace END
Fliping a bit of the value pointed by a pointer
Memory content before bitflip:0x00
Fault Model: LSB bit-flip
base address to flip value: 0x7fffffffccea 
address max offset: 1
Memory content after  bitflip:0x80
frame name: _IO_vfscanf_internal
symbol name: tw
symbol filename: vfscanf.c
symbol line: 271
value: 0x7fffffffccea "\200"
value address: 0x7fffffffcf00
Type: The type is a pointer.
Type sizeof: 8

[INFO -- 2018-10-17 08:22:30]
Fault Injection Successful after 8.788149118423462s
[INFO -- 2018-10-17 08:22:32]
event type: exit
[INFO -- 2018-10-17 08:22:32]
exit code: 0
