[INFO -- 2018-12-01 00:44:05]
Starting flip_value script
version: 1.1
[INFO -- 2018-12-01 00:44:05]
Initialization strings:
[INFO -- 2018-12-01 00:44:05]
(1) file /home/latansini/Desktop/CAROL-FI/etapa2/carol-fi/codes/fftfulldup/fft_nn.out
[INFO -- 2018-12-01 00:44:05]
(2) set args 32768 /home/latansini/Desktop/CAROL-FI/etapa2/carol-fi/codes/fftfulldup/output.data
[INFO -- 2018-12-01 00:44:05]
initSignal:0
[INFO -- 2018-12-01 00:44:05]
endSignal:40
[INFO -- 2018-12-01 00:44:05]
faultModel:2
[INFO -- 2018-12-01 00:44:09]
Backtrace BEGIN:
#0  0x00007ffff6fab803 in _IO_vfscanf_internal (s=s@entry=0x618f00, format=<optimized out>, argptr=argptr@entry=0x7fffffffd2a8, errp=errp@entry=0x0) at vfscanf.c:433
#1  0x00007ffff6fb5162 in __isoc99_fscanf (stream=0x618f00, format=<optimized out>) at isoc99_fscanf.c:34
#2  0x00007ffff7bcf0eb in fann_create_from_fd () from /usr/local/lib/libfann.so.2
#3  0x00007ffff7bcf608 in fann_create_from_file () from /usr/local/lib/libfann.so.2
#4  0x0000000000401de7 in radix2DitCooleyTykeyFft(int, int*, Complex*, Complex*) ()
#5  0x0000000000401857 in main ()

428	vfscanf.c: Arquivo ou diretório não encontrado.

Backtrace END
Fliping value of field: __routine
Fliping a bit of the value pointed by a pointer
Memory content before bitflip:0x48
Fault Model: Random bit-flip
base address to flip value: 0x7ffff6fb4cc0 
address max offset: 1
Memory content after  bitflip:0x6c
frame name: _IO_vfscanf_internal
symbol name: _buffer
symbol filename: vfscanf.c
symbol line: 358
value: {__routine = 0x7ffff6fb4cc0 <__funlockfile>, __arg = 0x618f00, __canceltype = 0, __prev = 0x0}
value address: 0x7fffffffd120
Type: The type is a structure.
Type sizeof: 32
Field name: __routine
Field Type: The type is a pointer.
Field Type sizeof: 8
Field name: __arg
Field Type: The type is a pointer.
Field Type sizeof: 8
Field name: __canceltype
Field Type: The type is an integer type.
Field Type sizeof: 4
Field name: __prev
Field Type: The type is a pointer.
Field Type sizeof: 8

[INFO -- 2018-12-01 00:44:09]
Fault Injection Successful after 4.966461420059204s
[INFO -- 2018-12-01 00:44:44]
event type: exit
[INFO -- 2018-12-01 00:44:44]
exit code: 0
