[INFO -- 2018-11-30 18:00:06]
Starting flip_value script
version: 1.1
[INFO -- 2018-11-30 18:00:06]
Initialization strings:
[INFO -- 2018-11-30 18:00:06]
(1) file /home/latansini/Desktop/CAROL-FI/etapa2/carol-fi/codes/fftfulldup/fft_nn.out
[INFO -- 2018-11-30 18:00:06]
(2) set args 32768 /home/latansini/Desktop/CAROL-FI/etapa2/carol-fi/codes/fftfulldup/output.data
[INFO -- 2018-11-30 18:00:06]
initSignal:0
[INFO -- 2018-11-30 18:00:06]
endSignal:40
[INFO -- 2018-11-30 18:00:06]
faultModel:2
[INFO -- 2018-11-30 18:00:23]
Backtrace BEGIN:
#0  _IO_vfscanf_internal (s=s@entry=0x618f00, format=<optimized out>, argptr=argptr@entry=0x7fffffffd2a8, errp=errp@entry=0x0) at vfscanf.c:1385
#1  0x00007ffff6fb5162 in __isoc99_fscanf (stream=0x618f00, format=<optimized out>) at isoc99_fscanf.c:34
#2  0x00007ffff7bcf0eb in fann_create_from_fd () from /usr/local/lib/libfann.so.2
#3  0x00007ffff7bcf608 in fann_create_from_file () from /usr/local/lib/libfann.so.2
#4  0x0000000000401de7 in radix2DitCooleyTykeyFft(int, int*, Complex*, Complex*) ()
#5  0x0000000000401857 in main ()

1380	vfscanf.c: Arquivo ou diretório não encontrado.

Backtrace END
Fliping a bit of the pointer
Memory content before bitflip:0x000x000x000x000x000x000x000x00
Fault Model: Random bit-flip
base address to flip value: 0x7fffffffd038
address max offset: 8
Memory content after  bitflip:0x3e0x070x460x7d0xe40x0e0x650xa5
frame name: _IO_vfscanf_internal
symbol name: str
symbol filename: vfscanf.c
symbol line: 262
value: 0x0
value address: 0x7fffffffd038
Type: The type is a pointer.
Type sizeof: 8

[INFO -- 2018-11-30 18:00:23]
Fault Injection Successful after 17.44589352607727s
[INFO -- 2018-11-30 18:00:45]
event type: exit
[INFO -- 2018-11-30 18:00:45]
exit code: 0
