[INFO -- 2018-12-01 09:35:31]
Starting flip_value script
version: 1.1
[INFO -- 2018-12-01 09:35:31]
Initialization strings:
[INFO -- 2018-12-01 09:35:31]
(1) file /home/lignati/carol-fi/codes/inversefulldup/inversek2j.nn.out
[INFO -- 2018-12-01 09:35:31]
(2) set args /home/lignati/carol-fi/codes/inversefulldup/input_250k /home/lignati/carol-fi/codes/inversefulldup/output_falha.data
[INFO -- 2018-12-01 09:35:31]
initSignal:0
[INFO -- 2018-12-01 09:35:31]
endSignal:25
[INFO -- 2018-12-01 09:35:31]
faultModel:3
[INFO -- 2018-12-01 09:35:33]
Backtrace BEGIN:
#0  0x00007ffff702af02 in _IO_vfscanf_internal (s=s@entry=0x6085c0, format=<optimized out>, argptr=argptr@entry=0x7fffffffcf38, errp=errp@entry=0x0) at vfscanf.c:1827
#1  0x00007ffff7033162 in __isoc99_fscanf (stream=0x6085c0, format=<optimized out>) at isoc99_fscanf.c:34
#2  0x00007ffff7bcac42 in fann_create_from_fd () from /usr/local/lib/libfann.so.2
#3  0x00007ffff7bc8073 in fann_create_from_file () from /usr/local/lib/libfann.so.2
#4  0x0000000000402061 in inversek2j(float, float, float*, float*) ()
#5  0x000000000040179a in main ()

1822	vfscanf.c: No such file or directory.

Backtrace END
Memory content before bitflip:0x000x010x000x000x000x000x000x00
Fault Model: Zero bit-flip
base address to flip value: 0x7fffffffcd10
address max offset: 8
Memory content after  bitflip:0x000x000x000x000x000x000x000x00
frame name: _IO_vfscanf_internal
symbol name: wpmax
symbol filename: vfscanf.c
symbol line: 273
value: 0
value address: 0x7fffffffcd10
Type: The type is an integer type.
Type sizeof: 8

[INFO -- 2018-12-01 09:35:33]
Fault Injection Successful after 2.1233158111572266s
[INFO -- 2018-12-01 09:35:57]
event type: exit
[INFO -- 2018-12-01 09:35:57]
exit code: 0
