[INFO -- 2018-10-10 03:27:01]
sending 5 signals using command: 'killall -2 fft_nn.out' after 21.9561396415s
[INFO -- 2018-10-10 03:27:03]
sending 5 signals using command: 'killall -2 fft_nn.out' after 23.7124834526s
[INFO -- 2018-10-10 03:27:03]
sending 5 signals using command: 'killall -2 fft_nn.out' after 24.0991106217s
[INFO -- 2018-10-10 03:27:04]
Starting GDB script
[INFO -- 2018-10-10 03:27:04]
initSignal:0.0
[INFO -- 2018-10-10 03:27:04]
endSignal:5.0
[INFO -- 2018-10-10 03:27:04]
sending 5 signals using command: 'killall -2 fft_nn.out' after 0.37674435363s
[INFO -- 2018-10-10 03:27:04]
sending 5 signals using command: 'killall -2 fft_nn.out' after 0.726572566677s
[INFO -- 2018-10-10 03:27:08]
sending 5 signals using command: 'killall -2 fft_nn.out' after 3.98077262039s
[INFO -- 2018-10-10 03:27:24]
Execution finished before waitTime
