[INFO -- 2018-10-10 03:27:04]
Starting flip_value script
version: 1.1
[INFO -- 2018-10-10 03:27:04]
Initialization strings:
[INFO -- 2018-10-10 03:27:04]
(1) file /tmp/fft_nn/fft_nn.out
[INFO -- 2018-10-10 03:27:04]
(2) set args 32768 /tmp/fft_nn/output_falha.data
[INFO -- 2018-10-10 03:27:04]
initSignal:0
[INFO -- 2018-10-10 03:27:04]
endSignal:5
[INFO -- 2018-10-10 03:27:04]
faultModel:0
[INFO -- 2018-10-10 03:27:04]
Backtrace BEGIN:
#0  0x00007ffff704fd8a in __GI__IO_sputbackc (fp=fp@entry=0x6062c0, c=c@entry=50) at genops.c:742
#1  0x00007ffff7028b63 in _IO_vfscanf_internal (s=s@entry=0x6062c0, format=<optimized out>, argptr=argptr@entry=0x7fffffffd408, errp=errp@entry=0x0) at vfscanf.c:625
#2  0x00007ffff7032162 in __isoc99_fscanf (stream=0x6062c0, format=<optimized out>) at isoc99_fscanf.c:34
#3  0x00007ffff7bcf0eb in fann_create_from_fd () from /usr/local/lib/libfann.so.2
#4  0x00007ffff7bcf608 in fann_create_from_file () from /usr/local/lib/libfann.so.2
#5  0x00000000004019b7 in radix2DitCooleyTykeyFft(int, int*, Complex*, Complex*) ()
#6  0x0000000000401631 in main ()

737	genops.c: Arquivo ou diretório não encontrado.

Backtrace END
Memory content before bitflip:0x00
Fault Model: Single bit-flip
base address to flip value: 0x7ffff7398990 
address max offset: 1
Memory content after  bitflip:0x08
frame name: __GI__IO_sputbackc
symbol name: dealloc_buffers
symbol filename: genops.c
symbol line: 943
value: 8
value address: 0x7ffff7398990 <dealloc_buffers>
Type: A boolean type.
Type sizeof: 1

[INFO -- 2018-10-10 03:27:04]
Fault Injection Successful after 0.4495730400085449s
[INFO -- 2018-10-10 03:27:24]
event type: exit
[INFO -- 2018-10-10 03:27:24]
exit code: 0
