[INFO -- 2018-12-04 02:58:50]
Starting flip_value script
version: 1.1
[INFO -- 2018-12-04 02:58:50]
Initialization strings:
[INFO -- 2018-12-04 02:58:50]
(1) file /home/latansini/carol-fi/carol-fi/codes/nnfulldup/nn-knl-files/nn
[INFO -- 2018-12-04 02:58:50]
(2) set args /home/latansini/carol-fi/carol-fi/codes/nnfulldup/nn-knl-files/filelist 20 5 5 /home/latansini/carol-fi/carol-fi/codes/nnfulldup/nn-knl-files/out20_5_5
[INFO -- 2018-12-04 02:58:50]
initSignal:0
[INFO -- 2018-12-04 02:58:50]
endSignal:2
[INFO -- 2018-12-04 02:58:50]
faultModel:4
[EXCEPTION -- 2018-12-04 02:58:51]
pythonException: invalid frame
[EXCEPTION -- 2018-12-04 02:58:51]
pythonException: invalid frame
[EXCEPTION -- 2018-12-04 02:58:51]
pythonException: invalid frame
[EXCEPTION -- 2018-12-04 02:58:51]
pythonException: invalid frame
[INFO -- 2018-12-04 02:58:51]
Backtrace BEGIN:
#0  0x00007ffff78d4e84 in ?? () from /usr/lib/x86_64-linux-gnu/libgomp.so.1
#1  0x00007ffff78d3ae9 in ?? () from /usr/lib/x86_64-linux-gnu/libgomp.so.1
#2  0x0000000000400f98 in nn_wrapper (filename=0x7fffffffe7d7 "/home/latansini/carol-fi/carol-fi/codes/nnfulldup/nn-knl-files/filelist", k=20, target_lat=5, target_long=5) at nn.c:97
#3  0x000000000040148d in main (argc=6, argv=0x7fffffffe568) at nn.c:195

168			fclose(logfile);
169		}
170	
171		if(file!= NULL){
172	    		fclose(file);
173		}
174	}
175	
176	int main(int argc, char* argv[]) {
177	    int    k=0;

Backtrace END
Fliping array at pos: 483
Memory content before bitflip:0x39
Fault Model: LSB bit-flip
base address to flip value: 0x7fffffffe3b3 
address max offset: 1
Memory content after  bitflip:0x31
frame name: nn_wrapper
symbol name: sandbox
symbol filename: nn.c
symbol line: 30
value: "1964 10  3  6 19 BERYL      17.3 141.9  135  296\n1988 11 13  0 14 DEBBY      39.0 191.6  115  477\n1984  4 28  0 23 DEBBY      40.4 108.2   72  263\n1961  2  7  0 28 OSCAR      44.1 224.7   94  275\n1955"...
value address: 0x7fffffffe1d0
Type: The type is an array.
Type sizeof: 490
Field name: None
Field Type: A range type, that is, an integer type with bounds.
Field Type sizeof: 8
Field Type range: (0L, 489L)

[INFO -- 2018-12-04 02:58:51]
Fault Injection Successful after 1.59700202942s
[INFO -- 2018-12-04 02:58:53]
event type: exit
[INFO -- 2018-12-04 02:58:53]
exit code: 0
