[INFO -- 2018-10-07 12:02:12]
sending 5 signals using command: 'killall -2 fft_nn.out' after 20.3859309417s
[INFO -- 2018-10-07 12:02:13]
sending 5 signals using command: 'killall -2 fft_nn.out' after 21.8739843992s
[INFO -- 2018-10-07 12:02:16]
sending 5 signals using command: 'killall -2 fft_nn.out' after 24.3580159733s
[INFO -- 2018-10-07 12:02:16]
Starting GDB script
[INFO -- 2018-10-07 12:02:16]
initSignal:0.0
[INFO -- 2018-10-07 12:02:16]
endSignal:5.0
[INFO -- 2018-10-07 12:02:17]
sending 5 signals using command: 'killall -2 fft_nn.out' after 1.36592122049s
[INFO -- 2018-10-07 12:02:18]
sending 5 signals using command: 'killall -2 fft_nn.out' after 2.05219942204s
[INFO -- 2018-10-07 12:02:19]
sending 5 signals using command: 'killall -2 fft_nn.out' after 3.53565639224s
[INFO -- 2018-10-07 12:02:36]
Execution finished before waitTime
