[INFO -- 2018-10-11 14:09:41]
Starting flip_value script
version: 1.1
[INFO -- 2018-10-11 14:09:41]
Initialization strings:
[INFO -- 2018-10-11 14:09:41]
(1) file /tmp/fft_nn/fft_nn.out
[INFO -- 2018-10-11 14:09:41]
(2) set args 32768 /tmp/fft_nn/output_falha.data
[INFO -- 2018-10-11 14:09:41]
initSignal:5
[INFO -- 2018-10-11 14:09:41]
endSignal:10
[INFO -- 2018-10-11 14:09:41]
faultModel:1
[INFO -- 2018-10-11 14:09:47]
Backtrace BEGIN:
#0  __GI_____strtoul_l_internal (nptr=nptr@entry=0x7fffffffd000 "150", endptr=endptr@entry=0x7fffffffd230, base=10, group=group@entry=0, loc=0x7ffff7397060 <_nl_global_locale>) at ../stdlib/strtol_l.c:232
#1  0x00007ffff7011410 in __GI___strtoul_internal (nptr=nptr@entry=0x7fffffffd000 "150", endptr=endptr@entry=0x7fffffffd230, base=<optimized out>, group=group@entry=0) at ../stdlib/strtol.c:97
#2  0x00007ffff7029f02 in _IO_vfscanf_internal (s=s@entry=0x6062c0, format=<optimized out>, argptr=argptr@entry=0x7fffffffd408, errp=errp@entry=0x0) at vfscanf.c:1827
#3  0x00007ffff7032162 in __isoc99_fscanf (stream=0x6062c0, format=<optimized out>) at isoc99_fscanf.c:34
#4  0x00007ffff7bcec16 in fann_create_from_fd () from /usr/local/lib/libfann.so.2
#5  0x00007ffff7bcf608 in fann_create_from_file () from /usr/local/lib/libfann.so.2
#6  0x00000000004019b7 in radix2DitCooleyTykeyFft(int, int*, Complex*, Complex*) ()
#7  0x0000000000401631 in main ()

227	../stdlib/strtol_l.c: Arquivo ou diretório não encontrado.

Backtrace END
Fliping a bit of the pointer
Memory content before bitflip:0x000x000x000x000x000x000x000x00
Fault Model: Double bit-flip
base address to flip value: 0x7fffffffd188
address max offset: 8
Memory content after  bitflip:0x090x000x000x000x000x000x000x00
frame name: _IO_vfscanf_internal
symbol name: ptrs_to_free
symbol filename: vfscanf.c
symbol line: 250
value: 0x0
value address: 0x7fffffffd188
Type: The type is a pointer.
Type sizeof: 8

[INFO -- 2018-10-11 14:09:47]
Fault Injection Successful after 6.8410325050354s
[INFO -- 2018-10-11 14:10:00]
event type: exit
[INFO -- 2018-10-11 14:10:00]
exit code: 0
