[INFO -- 2018-10-07 23:52:34]
sending 5 signals using command: 'killall -2 fft_nn.out' after 22.5683856392s
[INFO -- 2018-10-07 23:52:35]
sending 5 signals using command: 'killall -2 fft_nn.out' after 23.1982872823s
[INFO -- 2018-10-07 23:52:36]
sending 5 signals using command: 'killall -2 fft_nn.out' after 24.4129126581s
[INFO -- 2018-10-07 23:52:36]
Starting GDB script
[INFO -- 2018-10-07 23:52:36]
initSignal:0.0
[INFO -- 2018-10-07 23:52:36]
endSignal:5.0
[INFO -- 2018-10-07 23:52:37]
sending 5 signals using command: 'killall -2 fft_nn.out' after 0.57570251799s
[INFO -- 2018-10-07 23:52:37]
sending 5 signals using command: 'killall -2 fft_nn.out' after 0.837557902733s
[INFO -- 2018-10-07 23:52:40]
sending 5 signals using command: 'killall -2 fft_nn.out' after 3.4242139661s
[INFO -- 2018-10-07 23:52:57]
Execution finished before waitTime
