[INFO -- 2018-10-07 06:48:13]
sending 5 signals using command: 'killall -2 fft_nn.out' after 23.2421657027s
[INFO -- 2018-10-07 06:48:14]
sending 5 signals using command: 'killall -2 fft_nn.out' after 24.8107303742s
[INFO -- 2018-10-07 06:48:14]
sending 5 signals using command: 'killall -2 fft_nn.out' after 24.9919895665s
[INFO -- 2018-10-07 06:48:15]
Starting GDB script
[INFO -- 2018-10-07 06:48:15]
initSignal:0.0
[INFO -- 2018-10-07 06:48:15]
endSignal:5.0
[INFO -- 2018-10-07 06:48:16]
sending 5 signals using command: 'killall -2 fft_nn.out' after 1.73288906148s
[INFO -- 2018-10-07 06:48:18]
sending 5 signals using command: 'killall -2 fft_nn.out' after 3.67962843473s
[INFO -- 2018-10-07 06:48:19]
sending 5 signals using command: 'killall -2 fft_nn.out' after 4.03759729765s
[INFO -- 2018-10-07 06:48:35]
Execution finished before waitTime
