[INFO -- 2018-12-03 22:20:36]
Starting flip_value script
version: 1.1
[INFO -- 2018-12-03 22:20:36]
Initialization strings:
[INFO -- 2018-12-03 22:20:36]
(1) file /home/latansini/carol-fi/carol-fi/codes/nnfulldup/nn-knl-files/nn
[INFO -- 2018-12-03 22:20:36]
(2) set args /home/latansini/carol-fi/carol-fi/codes/nnfulldup/nn-knl-files/filelist 20 5 5 /home/latansini/carol-fi/carol-fi/codes/nnfulldup/nn-knl-files/out20_5_5
[INFO -- 2018-12-03 22:20:36]
initSignal:0
[INFO -- 2018-12-03 22:20:36]
endSignal:2
[INFO -- 2018-12-03 22:20:36]
faultModel:2
[EXCEPTION -- 2018-12-03 22:20:36]
pythonException: invalid frame
[EXCEPTION -- 2018-12-03 22:20:36]
pythonException: invalid frame
[EXCEPTION -- 2018-12-03 22:20:36]
pythonException: invalid frame
[EXCEPTION -- 2018-12-03 22:20:36]
pythonException: invalid frame
[EXCEPTION -- 2018-12-03 22:20:36]
pythonException: invalid frame
[EXCEPTION -- 2018-12-03 22:20:36]
pythonException: invalid frame
[INFO -- 2018-12-03 22:20:36]
Backtrace BEGIN:
#0  0x00007ffff78d4e84 in ?? () from /usr/lib/x86_64-linux-gnu/libgomp.so.1
#1  0x00007ffff78d3ae9 in ?? () from /usr/lib/x86_64-linux-gnu/libgomp.so.1
#2  0x0000000000400f98 in nn_wrapper (filename=0x7fffffffe7d7 "/home/latansini/carol-fi/carol-fi/codes/nnfulldup/nn-knl-files/filelist", k=20, target_lat=5, target_long=5) at nn.c:97
#3  0x000000000040148d in main (argc=6, argv=0x7fffffffe568) at nn.c:195

178	    float target_lat, target_long;
179	    char * gold_filename, * filename;
180	    struct neighbor *data1 = NULL;
181	    struct neighbor *data2 = NULL;
182	
183	    if(argc < 6) {
184	        fprintf(stderr, "Invalid set of arguments:\n");
185	        fprintf(stderr, "%s <filelist> <num neighbors to find> <target latitude> <target longitude> <out filename>\n",argv[0]);
186	        exit(-1);
187	    }

Backtrace END
Fliping array at pos: 417
Memory content before bitflip:0x20
Fault Model: Random bit-flip
base address to flip value: 0x7fffffffe371 
address max offset: 1
Memory content after  bitflip:0x0b
frame name: nn_wrapper
symbol name: sandbox
symbol filename: nn.c
symbol line: 30
value: "1972  1 11  0 19 HELENE     28.7 285.7  107  810\n1991 12 18  6  8 ISAAC      46.0 151.6  124  473\n2002  1 21  6 11 WILLIAM    15.9 230.8  151  270\n1993  5 16 18 24 BERYL      58.2 214.5   49  537\n1997"...
value address: 0x7fffffffe1d0
Type: The type is an array.
Type sizeof: 490
Field name: None
Field Type: A range type, that is, an integer type with bounds.
Field Type sizeof: 8
Field Type range: (0L, 489L)

[INFO -- 2018-12-03 22:20:36]
Fault Injection Successful after 0.80323600769s
[INFO -- 2018-12-03 22:20:38]
event type: exit
[INFO -- 2018-12-03 22:20:38]
exit code: 0
