[INFO -- 2018-10-12 11:13:25]
sending 5 signals using command: 'killall -2 fft_nn.out' after 22.190814452s
[INFO -- 2018-10-12 11:13:25]
sending 5 signals using command: 'killall -2 fft_nn.out' after 22.1953825175s
[INFO -- 2018-10-12 11:13:28]
sending 5 signals using command: 'killall -2 fft_nn.out' after 24.9276117552s
[INFO -- 2018-10-12 11:13:28]
Starting GDB script
[INFO -- 2018-10-12 11:13:28]
initSignal:0.0
[INFO -- 2018-10-12 11:13:28]
endSignal:5.0
[INFO -- 2018-10-12 11:13:31]
sending 5 signals using command: 'killall -2 fft_nn.out' after 3.36908314669s
[INFO -- 2018-10-12 11:13:31]
sending 5 signals using command: 'killall -2 fft_nn.out' after 3.4976616304s
[INFO -- 2018-10-12 11:13:32]
sending 5 signals using command: 'killall -2 fft_nn.out' after 4.32192106294s
[INFO -- 2018-10-12 11:13:49]
Execution finished before waitTime
