[INFO -- 2018-12-03 04:21:04]
Starting flip_value script
version: 1.1
[INFO -- 2018-12-03 04:21:04]
Initialization strings:
[INFO -- 2018-12-03 04:21:04]
(1) file /home/latansini/carol-fi/carol-fi/codes/nnfulldup/nn-knl-files/nn
[INFO -- 2018-12-03 04:21:04]
(2) set args /home/latansini/carol-fi/carol-fi/codes/nnfulldup/nn-knl-files/filelist 20 5 5 /home/latansini/carol-fi/carol-fi/codes/nnfulldup/nn-knl-files/out20_5_5
[INFO -- 2018-12-03 04:21:04]
initSignal:0
[INFO -- 2018-12-03 04:21:04]
endSignal:2
[INFO -- 2018-12-03 04:21:04]
faultModel:4
[EXCEPTION -- 2018-12-03 04:21:05]
pythonException: invalid frame
[EXCEPTION -- 2018-12-03 04:21:05]
pythonException: invalid frame
[EXCEPTION -- 2018-12-03 04:21:05]
pythonException: invalid frame
[EXCEPTION -- 2018-12-03 04:21:05]
pythonException: invalid frame
[EXCEPTION -- 2018-12-03 04:21:05]
pythonException: invalid frame
[EXCEPTION -- 2018-12-03 04:21:05]
gdbException: A syntax error in expression, near `...'.
[EXCEPTION -- 2018-12-03 04:21:05]
pythonException: invalid frame
[EXCEPTION -- 2018-12-03 04:21:05]
pythonException: invalid frame
[EXCEPTION -- 2018-12-03 04:21:05]
pythonException: invalid frame
[EXCEPTION -- 2018-12-03 04:21:05]
gdbException: A syntax error in expression, near `...'.
[EXCEPTION -- 2018-12-03 04:21:05]
pythonException: invalid frame
[EXCEPTION -- 2018-12-03 04:21:05]
pythonException: invalid frame
[EXCEPTION -- 2018-12-03 04:21:05]
pythonException: invalid frame
[EXCEPTION -- 2018-12-03 04:21:05]
pythonException: invalid frame
[EXCEPTION -- 2018-12-03 04:21:05]
pythonException: invalid frame
[EXCEPTION -- 2018-12-03 04:21:05]
pythonException: invalid frame
[INFO -- 2018-12-03 04:21:05]
Backtrace BEGIN:
#0  0x00007ffff78d4c9e in ?? () from /usr/lib/x86_64-linux-gnu/libgomp.so.1
#1  0x00007ffff78d26f0 in ?? () from /usr/lib/x86_64-linux-gnu/libgomp.so.1
#2  0x00007ffff76b0064 in start_thread (arg=0x7ffff42f6700) at pthread_create.c:309
#3  0x00007ffff73e562d in clone () at ../sysdeps/unix/sysv/linux/x86_64/clone.S:111

188	
189	    filename = argv[1];
190	    k = atoi(argv[2]);
191	    target_lat = atof(argv[3]);
192	    target_long = atof(argv[4]);
193	    gold_filename = argv[5];
194	
195	    data1 = nn_wrapper(filename, k, target_lat, target_long);
196	    data2 = nn_wrapper(filename, k, target_lat, target_long);
197	

Backtrace END
Fliping array at pos: 440
Memory content before bitflip:0x0a
Fault Model: LSB bit-flip
base address to flip value: 0x7fffffffe388 
address max offset: 1
Memory content after  bitflip:0x2a
frame name: nn_wrapper
symbol name: sandbox
symbol filename: nn.c
symbol line: 30
value: "1973  6 27 18  1 PATTY      33.7 193.2  119  898\n1978  3 17 12  5 LESLIE     49.0 142.9   42  653\n1954  2 21  0 14 PATTY      17.3  92.0  141  313\n1998 10 18 18 27 GORDON     19.5 271.6   77   45\n1998"...
value address: 0x7fffffffe1d0
Type: The type is an array.
Type sizeof: 490
Field name: None
Field Type: A range type, that is, an integer type with bounds.
Field Type sizeof: 8
Field Type range: (0L, 489L)

[INFO -- 2018-12-03 04:21:05]
Fault Injection Successful after 1.14474105835s
[INFO -- 2018-12-03 04:21:07]
event type: exit
[INFO -- 2018-12-03 04:21:07]
exit code: 0
