[INFO -- 2018-10-11 07:02:10]
sending 5 signals using command: 'killall -2 fft_nn.out' after 22.3212387839s
[INFO -- 2018-10-11 07:02:11]
sending 5 signals using command: 'killall -2 fft_nn.out' after 23.2878162652s
[INFO -- 2018-10-11 07:02:11]
sending 5 signals using command: 'killall -2 fft_nn.out' after 23.3800139365s
[INFO -- 2018-10-11 07:02:11]
Starting GDB script
[INFO -- 2018-10-11 07:02:11]
initSignal:0.0
[INFO -- 2018-10-11 07:02:11]
endSignal:5.0
[INFO -- 2018-10-11 07:02:12]
sending 5 signals using command: 'killall -2 fft_nn.out' after 1.15431477395s
[INFO -- 2018-10-11 07:02:13]
sending 5 signals using command: 'killall -2 fft_nn.out' after 1.94339260509s
[INFO -- 2018-10-11 07:02:16]
sending 5 signals using command: 'killall -2 fft_nn.out' after 4.59126039053s
[INFO -- 2018-10-11 07:02:32]
Execution finished before waitTime
