[INFO -- 2018-10-12 08:39:34]
Starting flip_value script
version: 1.1
[INFO -- 2018-10-12 08:39:34]
Initialization strings:
[INFO -- 2018-10-12 08:39:34]
(1) file /tmp/fft_nn/fft_nn.out
[INFO -- 2018-10-12 08:39:34]
(2) set args 32768 /tmp/fft_nn/output_falha.data
[INFO -- 2018-10-12 08:39:34]
initSignal:0
[INFO -- 2018-10-12 08:39:34]
endSignal:5
[INFO -- 2018-10-12 08:39:34]
faultModel:0
[EXCEPTION -- 2018-10-12 08:39:34]
gdbException: Tentativo de desreferenciar um ponteiro genérico.
[INFO -- 2018-10-12 08:39:34]
Backtrace BEGIN:
#0  0x00007ffff7011e46 in str_to_mpn (str=0x7fffffffd012 "3281e-01", str@entry=0x7fffffffd000 "3.84576916694641113281e-01", digcnt=4, digcnt@entry=21, n=n@entry=0x7fffffffcf20, nsize=nsize@entry=0x7fffffffcef0, exponent=exponent@entry=0x7fffffffcf00, decimal_len=decimal_len@entry=1, thousands=thousands@entry=0x0, decimal=<optimized out>) at strtod_l.c:398
#1  0x00007ffff7012c2b in __GI_____strtof_l_internal (nptr=<optimized out>, endptr=<optimized out>, group=<optimized out>, loc=<optimized out>) at strtod_l.c:1427
#2  0x00007ffff7011d60 in __GI___strtof_internal (nptr=<optimized out>, endptr=<optimized out>, group=<optimized out>) at strtod.c:54
#3  0x00007ffff702b948 in _IO_vfscanf_internal (s=s@entry=0x6062c0, format=<optimized out>, argptr=argptr@entry=0x7fffffffd408, errp=errp@entry=0x0) at vfscanf.c:2365
#4  0x00007ffff7032162 in __isoc99_fscanf (stream=0x6062c0, format=<optimized out>) at isoc99_fscanf.c:34
#5  0x00007ffff7bcf187 in fann_create_from_fd () from /usr/local/lib/libfann.so.2
#6  0x00007ffff7bcf608 in fann_create_from_file () from /usr/local/lib/libfann.so.2
#7  0x00000000004019b7 in radix2DitCooleyTykeyFft(int, int*, Complex*, Complex*) ()
#8  0x0000000000401631 in main ()

393	in strtod_l.c

Backtrace END
Memory content before bitflip:0x000x000x000x00
Fault Model: Single bit-flip
base address to flip value: 0x7fffffffce80
address max offset: 4
Memory content after  bitflip:0x000x000x000x80
frame name: __GI_____strtof_l_internal
symbol name: negative
symbol filename: strtod_l.c
symbol line: 484
value: -2147483648
value address: 0x7fffffffce80
Type: The type is an integer type.
Type sizeof: 4

[INFO -- 2018-10-12 08:39:34]
Fault Injection Successful after 0.4416232109069824s
[INFO -- 2018-10-12 08:39:53]
event type: exit
[INFO -- 2018-10-12 08:39:53]
exit code: 0
