[INFO -- 2018-12-04 01:23:02]
Starting flip_value script
version: 1.1
[INFO -- 2018-12-04 01:23:02]
Initialization strings:
[INFO -- 2018-12-04 01:23:02]
(1) file /home/latansini/carol-fi/carol-fi/codes/nnfulldup/nn-knl-files/nn
[INFO -- 2018-12-04 01:23:02]
(2) set args /home/latansini/carol-fi/carol-fi/codes/nnfulldup/nn-knl-files/filelist 20 5 5 /home/latansini/carol-fi/carol-fi/codes/nnfulldup/nn-knl-files/out20_5_5
[INFO -- 2018-12-04 01:23:02]
initSignal:0
[INFO -- 2018-12-04 01:23:02]
endSignal:2
[INFO -- 2018-12-04 01:23:02]
faultModel:2
[INFO -- 2018-12-04 01:23:02]
Backtrace BEGIN:
#0  __lll_lock_wait_private () at ../nptl/sysdeps/unix/sysv/linux/x86_64/lowlevellock.S:95
#1  0x00007ffff76b1119 in _L_lock_3133 () from /lib/x86_64-linux-gnu/libpthread.so.0
#2  0x00007ffff76b0241 in start_thread (arg=0x7ffff72fc700) at pthread_create.c:298
#3  0x00007ffff73e562d in clone () at ../sysdeps/unix/sysv/linux/x86_64/clone.S:111

90	../nptl/sysdeps/unix/sysv/linux/x86_64/lowlevellock.S: No such file or directory.

Backtrace END
Memory content before bitflip:0x100x000x000x00
Fault Model: Random bit-flip
base address to flip value: 0x7ffff76b9a28 
address max offset: 4
Memory content after  bitflip:0xf80x480x310x81
frame name: allocate_stack
symbol name: _thread_db_sizeof_pthread_key_data
symbol filename: ../nptl_db/structs.def
symbol line: 66
value: 2167490808
value address: 0x7ffff76b9a28 <_thread_db_sizeof_pthread_key_struct>
Type: The type is an integer type.
Type sizeof: 4

[INFO -- 2018-12-04 01:23:02]
Fault Injection Successful after 0.267525911331s
[INFO -- 2018-12-04 01:23:04]
event type: exit
[INFO -- 2018-12-04 01:23:04]
exit code: 0
