[INFO -- 2018-10-18 20:37:02]
Starting flip_value script
version: 1.1
[INFO -- 2018-10-18 20:37:02]
Initialization strings:
[INFO -- 2018-10-18 20:37:02]
(1) file /home/latansini/Desktop/trabalhoftf/carol-fi/sample-code/knn/nn-knl-files/nn
[INFO -- 2018-10-18 20:37:02]
(2) set args /home/latansini/Desktop/trabalhoftf/carol-fi/sample-code/knn/nn-knl-files/filelist 15 25 25 /home/latansini/Desktop/trabalhoftf/carol-fi/sample-code/knn/nn-knl-files/out15_25_25
[INFO -- 2018-10-18 20:37:02]
initSignal:2
[INFO -- 2018-10-18 20:37:02]
endSignal:3
[INFO -- 2018-10-18 20:37:02]
faultModel:2
[EXCEPTION -- 2018-10-18 20:37:04]
pythonException: invalid frame
[EXCEPTION -- 2018-10-18 20:37:04]
pythonException: invalid frame
[EXCEPTION -- 2018-10-18 20:37:04]
pythonException: invalid frame
[EXCEPTION -- 2018-10-18 20:37:04]
gdbException: A syntax error in expression, near `...'.
[EXCEPTION -- 2018-10-18 20:37:04]
pythonException: invalid frame
[EXCEPTION -- 2018-10-18 20:37:04]
pythonException: invalid frame
[EXCEPTION -- 2018-10-18 20:37:04]
pythonException: invalid frame
[INFO -- 2018-10-18 20:37:04]
Backtrace BEGIN:
#0  0x00007ffff78bdc2e in ?? () from /usr/lib/x86_64-linux-gnu/libgomp.so.1
#1  0x00007ffff78bc0e2 in ?? () from /usr/lib/x86_64-linux-gnu/libgomp.so.1
#2  0x0000000000401184 in main (argc=6, argv=0x7fffffffd8b8) at nn.c:115

30	    FILE   *flist,*fp;
31	    int    i=0,j=0, k=0, rec_count=0, done=0;
32	    char   sandbox[REC_LENGTH * REC_WINDOW], *rec_iter,*rec_iter2, dbname[64];
33	    struct neighbor *neighbors = NULL;
34	    float target_lat, target_long, tmp_lat=0, tmp_long=0;
35	    char * gold_filename;
36	    long rec_sum = 0;
37	
38	    if(argc < 6) {
39	        fprintf(stderr, "Invalid set of arguments:\n");

Backtrace END
Memory content before bitflip:0x000x000xc80x41
Fault Model: Random bit-flip
base address to flip value: 0x7fffffffd50c
address max offset: 4
Memory content after  bitflip:0x080x960xb30x5c
frame name: main
symbol name: target_long
symbol filename: nn.c
symbol line: 34
value: 4,04391855e+17
value address: 0x7fffffffd50c
Type: A floating point type.
Type sizeof: 4

[INFO -- 2018-10-18 20:37:04]
Fault Injection Successful after 2.7513585090637207s
[INFO -- 2018-10-18 20:37:07]
event type: exit
[INFO -- 2018-10-18 20:37:07]
exit code: 0
