[INFO -- 2018-10-06 15:07:57]
sending 5 signals using command: 'killall -2 fft_nn.out' after 20.7504583181s
[INFO -- 2018-10-06 15:07:58]
sending 5 signals using command: 'killall -2 fft_nn.out' after 22.1142295604s
[INFO -- 2018-10-06 15:08:00]
sending 5 signals using command: 'killall -2 fft_nn.out' after 23.7951089367s
[INFO -- 2018-10-06 15:08:00]
Starting GDB script
[INFO -- 2018-10-06 15:08:00]
initSignal:0.0
[INFO -- 2018-10-06 15:08:00]
endSignal:5.0
[INFO -- 2018-10-06 15:08:02]
sending 5 signals using command: 'killall -2 fft_nn.out' after 2.0723722242s
[INFO -- 2018-10-06 15:08:03]
sending 5 signals using command: 'killall -2 fft_nn.out' after 3.46207030857s
[INFO -- 2018-10-06 15:08:03]
sending 5 signals using command: 'killall -2 fft_nn.out' after 3.72329682426s
[INFO -- 2018-10-06 15:08:20]
Execution finished before waitTime
