[INFO -- 2018-10-06 10:18:59]
sending 5 signals using command: 'killall -2 fft_nn.out' after 21.7554294607s
[INFO -- 2018-10-06 10:18:59]
sending 5 signals using command: 'killall -2 fft_nn.out' after 22.2086642724s
[INFO -- 2018-10-06 10:19:00]
sending 5 signals using command: 'killall -2 fft_nn.out' after 23.2592967048s
[INFO -- 2018-10-06 10:19:00]
Starting GDB script
[INFO -- 2018-10-06 10:19:00]
initSignal:0.0
[INFO -- 2018-10-06 10:19:00]
endSignal:5.0
[INFO -- 2018-10-06 10:19:02]
sending 5 signals using command: 'killall -2 fft_nn.out' after 2.09773815063s
[INFO -- 2018-10-06 10:19:02]
sending 5 signals using command: 'killall -2 fft_nn.out' after 2.10847235342s
[INFO -- 2018-10-06 10:19:04]
sending 5 signals using command: 'killall -2 fft_nn.out' after 3.58096966105s
[INFO -- 2018-10-06 10:19:20]
Execution finished before waitTime
