[INFO -- 2018-12-03 07:12:48]
Starting flip_value script
version: 1.1
[INFO -- 2018-12-03 07:12:48]
Initialization strings:
[INFO -- 2018-12-03 07:12:48]
(1) file /home/latansini/carol-fi/carol-fi/codes/nnfulldup/nn-knl-files/nn
[INFO -- 2018-12-03 07:12:48]
(2) set args /home/latansini/carol-fi/carol-fi/codes/nnfulldup/nn-knl-files/filelist 20 5 5 /home/latansini/carol-fi/carol-fi/codes/nnfulldup/nn-knl-files/out20_5_5
[INFO -- 2018-12-03 07:12:48]
initSignal:0
[INFO -- 2018-12-03 07:12:48]
endSignal:2
[INFO -- 2018-12-03 07:12:48]
faultModel:3
[EXCEPTION -- 2018-12-03 07:12:49]
pythonException: invalid frame
[EXCEPTION -- 2018-12-03 07:12:49]
gdbException: A syntax error in expression, near `...'.
[EXCEPTION -- 2018-12-03 07:12:49]
pythonException: invalid frame
[EXCEPTION -- 2018-12-03 07:12:49]
pythonException: invalid frame
[EXCEPTION -- 2018-12-03 07:12:49]
pythonException: invalid frame
[EXCEPTION -- 2018-12-03 07:12:49]
pythonException: invalid frame
[EXCEPTION -- 2018-12-03 07:12:49]
pythonException: invalid frame
[EXCEPTION -- 2018-12-03 07:12:49]
pythonException: invalid frame
[EXCEPTION -- 2018-12-03 07:12:49]
pythonException: invalid frame
[EXCEPTION -- 2018-12-03 07:12:49]
pythonException: invalid frame
[EXCEPTION -- 2018-12-03 07:12:49]
pythonException: invalid frame
[EXCEPTION -- 2018-12-03 07:12:49]
pythonException: invalid frame
[EXCEPTION -- 2018-12-03 07:12:49]
pythonException: invalid frame
[EXCEPTION -- 2018-12-03 07:12:49]
pythonException: invalid frame
[INFO -- 2018-12-03 07:12:49]
Backtrace BEGIN:
#0  0x00007ffff78d4c70 in ?? () from /usr/lib/x86_64-linux-gnu/libgomp.so.1
#1  0x00007ffff78d26f0 in ?? () from /usr/lib/x86_64-linux-gnu/libgomp.so.1
#2  0x00007ffff76b0064 in start_thread (arg=0x7ffff42f6700) at pthread_create.c:309
#3  0x00007ffff73e562d in clone () at ../sysdeps/unix/sysv/linux/x86_64/clone.S:111

178	    float target_lat, target_long;
179	    char * gold_filename, * filename;
180	    struct neighbor *data1 = NULL;
181	    struct neighbor *data2 = NULL;
182	
183	    if(argc < 6) {
184	        fprintf(stderr, "Invalid set of arguments:\n");
185	        fprintf(stderr, "%s <filelist> <num neighbors to find> <target latitude> <target longitude> <out filename>\n",argv[0]);
186	        exit(-1);
187	    }

Backtrace END
Fliping array at pos: 48
Memory content before bitflip:0x200x2f0x6a0xf70xff0x7f0x000x00
Fault Model: Zero bit-flip
base address to flip value: 0x7fffffffde70
address max offset: 8
Memory content after  bitflip:0x000x000x000x000x000x000x000x00
frame name: __GI_____strtod_l_internal
symbol name: num
symbol filename: strtod_l.c
symbol line: 500
value: {10376293541461622784, 7, 18446744073709551504, 140737488347144, 6302192, 140737488347040, 6302192, 140737346612537, 4199663, 140737488348096, 6302192, 6302448, 0, 4294967297, 1, 0, 0, 0, 6303688, 6305024, 139637976727552, 4199663, 0, 140737340850286, 6302448, 0, 4294967298, 1, 0, 0, 0, 140737488347195, 140737344306496, 4294967296, 0, 140737488348096, 6302192, 6302448, 0, 140737341956074, 0, 140737488347288, 140737488347610, 2090733056, 0, 0, 0, 0, 0, 0, 4200184, 0, 1, 140737488355327, 140733193388032, 0, 140733193388032, 140737488347008, 0}
value address: 0x7fffffffdcf0
Type: The type is an array.
Type sizeof: 472
Field name: None
Field Type: A range type, that is, an integer type with bounds.
Field Type sizeof: 8
Field Type range: (0L, 58L)

[INFO -- 2018-12-03 07:12:49]
Fault Injection Successful after 1.58695292473s
[INFO -- 2018-12-03 07:12:51]
event type: exit
[INFO -- 2018-12-03 07:12:51]
exit code: 0
