[INFO -- 2018-12-09 14:52:55]
Starting flip_value script
version: 1.1
[INFO -- 2018-12-09 14:52:55]
Initialization strings:
[INFO -- 2018-12-09 14:52:55]
(1) file /home/melkor/ETAPA2/dup_nn/nn-knl-files/nn
[INFO -- 2018-12-09 14:52:55]
(2) set args /home/melkor/ETAPA2/dup_nn/nn-knl-files/filelist 20 5 5 /home/melkor/ETAPA2/dup_nn/nn-knl-files/out20_5_5
[INFO -- 2018-12-09 14:52:55]
initSignal:0
[INFO -- 2018-12-09 14:52:55]
endSignal:1
[INFO -- 2018-12-09 14:52:55]
faultModel:4
[EXCEPTION -- 2018-12-09 14:52:55]
gdbException: Tentativo de desreferenciar um ponteiro genérico.
[INFO -- 2018-12-09 14:52:56]
event type: exit
[INFO -- 2018-12-09 14:52:56]
exit code: 0
