[INFO -- 2018-10-12 16:51:12]
sending 5 signals using command: 'killall -2 fft_nn.out' after 22.8637180365s
[INFO -- 2018-10-12 16:51:13]
sending 5 signals using command: 'killall -2 fft_nn.out' after 23.6737690515s
[INFO -- 2018-10-12 16:51:13]
sending 5 signals using command: 'killall -2 fft_nn.out' after 24.2327629842s
[INFO -- 2018-10-12 16:51:13]
Starting GDB script
[INFO -- 2018-10-12 16:51:13]
initSignal:0.0
[INFO -- 2018-10-12 16:51:13]
endSignal:5.0
[INFO -- 2018-10-12 16:51:14]
sending 5 signals using command: 'killall -2 fft_nn.out' after 0.16459382001s
[INFO -- 2018-10-12 16:51:15]
sending 5 signals using command: 'killall -2 fft_nn.out' after 2.04323392578s
[INFO -- 2018-10-12 16:51:16]
sending 5 signals using command: 'killall -2 fft_nn.out' after 2.29155125687s
[INFO -- 2018-10-12 16:51:34]
Execution finished before waitTime
