[INFO -- 2018-12-09 15:08:09]
Starting flip_value script
version: 1.1
[INFO -- 2018-12-09 15:08:09]
Initialization strings:
[INFO -- 2018-12-09 15:08:09]
(1) file /home/melkor/ETAPA2/dup_nn/nn-knl-files/nn
[INFO -- 2018-12-09 15:08:09]
(2) set args /home/melkor/ETAPA2/dup_nn/nn-knl-files/filelist 20 5 5 /home/melkor/ETAPA2/dup_nn/nn-knl-files/out20_5_5
[INFO -- 2018-12-09 15:08:09]
initSignal:0
[INFO -- 2018-12-09 15:08:09]
endSignal:1
[INFO -- 2018-12-09 15:08:09]
faultModel:3
[EXCEPTION -- 2018-12-09 15:08:09]
gdbException: Tentativo de desreferenciar um ponteiro genérico.
[EXCEPTION -- 2018-12-09 15:08:10]
pythonException: invalid frame
[EXCEPTION -- 2018-12-09 15:08:10]
pythonException: invalid frame
[INFO -- 2018-12-09 15:08:10]
Backtrace BEGIN:
#0  0x00007ffff7820fb0 in ?? () from /usr/lib/x86_64-linux-gnu/libgomp.so.1
#1  0x00007ffff781f392 in ?? () from /usr/lib/x86_64-linux-gnu/libgomp.so.1
#2  0x00007ffff7815eca in GOMP_parallel () from /usr/lib/x86_64-linux-gnu/libgomp.so.1
#3  0x00005555555555ed in main (argc=6, argv=0x7fffffffdf08) at nn.c:196

2284	in rtld.c

Backtrace END
Memory content before bitflip:0x000x000xa00x40
Fault Model: Zero bit-flip
base address to flip value: 0x7fffffffdb68
address max offset: 4
Memory content after  bitflip:0x000x000x000x00
frame name: main
symbol name: target_lat_dup
symbol filename: nn.c
symbol line: 92
value: 0
value address: 0x7fffffffdb68
Type: A floating point type.
Type sizeof: 4

[INFO -- 2018-12-09 15:08:10]
Fault Injection Successful after 1.4851922988891602s
[INFO -- 2018-12-09 15:08:11]
event type: exit
[INFO -- 2018-12-09 15:08:11]
exit code: 0
