[INFO -- 2018-10-09 12:16:46]
Starting flip_value script
version: 1.1
[INFO -- 2018-10-09 12:16:46]
Initialization strings:
[INFO -- 2018-10-09 12:16:46]
(1) file /tmp/fft_nn/fft_nn.out
[INFO -- 2018-10-09 12:16:46]
(2) set args 32768 /tmp/fft_nn/output_falha.data
[INFO -- 2018-10-09 12:16:46]
initSignal:10
[INFO -- 2018-10-09 12:16:46]
endSignal:15
[INFO -- 2018-10-09 12:16:46]
faultModel:2
[EXCEPTION -- 2018-10-09 12:16:57]
gdbException: Tentativo de desreferenciar um ponteiro genérico.
[INFO -- 2018-10-09 12:16:57]
Backtrace BEGIN:
#0  0x00007ffff700ddfd in __mpn_construct_float (frac_ptr=frac_ptr@entry=0x7fffffffcf10, expt=<optimized out>, sign=sign@entry=0) at ../sysdeps/ieee754/flt-32/mpn2flt.c:40
#1  0x00007ffff7012346 in round_and_return (retval=0x7fffffffcf10, exponent=<optimized out>, negative=negative@entry=0, round_limb=round_limb@entry=4551566097010130943, round_bit=<optimized out>, more_bits=<optimized out>) at strtod_l.c:327
#2  0x00007ffff7013332 in __GI_____strtof_l_internal (nptr=<optimized out>, endptr=<optimized out>, group=<optimized out>, loc=<optimized out>) at strtod_l.c:1613
#3  0x00007ffff7011d60 in __GI___strtof_internal (nptr=<optimized out>, endptr=<optimized out>, group=<optimized out>) at strtod.c:54
#4  0x00007ffff702b948 in _IO_vfscanf_internal (s=s@entry=0x6062c0, format=<optimized out>, argptr=argptr@entry=0x7fffffffd408, errp=errp@entry=0x0) at vfscanf.c:2365
#5  0x00007ffff7032162 in __isoc99_fscanf (stream=0x6062c0, format=<optimized out>) at isoc99_fscanf.c:34
#6  0x00007ffff7bcf187 in fann_create_from_fd () from /usr/local/lib/libfann.so.2
#7  0x00007ffff7bcf608 in fann_create_from_file () from /usr/local/lib/libfann.so.2
#8  0x00000000004019b7 in radix2DitCooleyTykeyFft(int, int*, Complex*, Complex*) ()
#9  0x0000000000401631 in main ()

35	../sysdeps/ieee754/flt-32/mpn2flt.c: Arquivo ou diretório não encontrado.

Backtrace END
Fliping value of field: __prev
Fliping a bit of the pointer
Memory content before bitflip:0x000x000x000x000x000x000x000x00
Fault Model: Random bit-flip
base address to flip value: 0x7fffffffd298
address max offset: 8
Memory content after  bitflip:0x220x6d0xea0x870x2c0x4b0x550xd2
frame name: _IO_vfscanf_internal
symbol name: _buffer
symbol filename: vfscanf.c
symbol line: 358
value: {__routine = 0x7ffff7031cc0 <__funlockfile>, __arg = 0x6062c0, __canceltype = 0, __prev = 0xd2554b2c87ea6d22}
value address: 0x7fffffffd280
Type: The type is a structure.
Type sizeof: 32
Field name: __routine
Field Type: The type is a pointer.
Field Type sizeof: 8
Field name: __arg
Field Type: The type is a pointer.
Field Type sizeof: 8
Field name: __canceltype
Field Type: The type is an integer type.
Field Type sizeof: 4
Field name: __prev
Field Type: The type is a pointer.
Field Type sizeof: 8

[INFO -- 2018-10-09 12:16:57]
Fault Injection Successful after 11.55988073348999s
[INFO -- 2018-10-09 12:17:06]
event type: exit
[INFO -- 2018-10-09 12:17:06]
exit code: 0
