[INFO -- 2018-10-18 18:48:08]
Starting flip_value script
version: 1.1
[INFO -- 2018-10-18 18:48:08]
Initialization strings:
[INFO -- 2018-10-18 18:48:08]
(1) file /home/latansini/Desktop/trabalhoftf/carol-fi/sample-code/knn/nn-knl-files/nn
[INFO -- 2018-10-18 18:48:08]
(2) set args /home/latansini/Desktop/trabalhoftf/carol-fi/sample-code/knn/nn-knl-files/filelist 15 25 25 /home/latansini/Desktop/trabalhoftf/carol-fi/sample-code/knn/nn-knl-files/out15_25_25
[INFO -- 2018-10-18 18:48:08]
initSignal:0
[INFO -- 2018-10-18 18:48:08]
endSignal:1
[INFO -- 2018-10-18 18:48:08]
faultModel:0
[EXCEPTION -- 2018-10-18 18:48:08]
gdbException: Tentativo de desreferenciar um ponteiro genérico.
[INFO -- 2018-10-18 18:48:08]
Backtrace BEGIN:
#0  0x00007ffff78bdc06 in ?? () from /usr/lib/x86_64-linux-gnu/libgomp.so.1
#1  0x00007ffff78bc0e2 in ?? () from /usr/lib/x86_64-linux-gnu/libgomp.so.1
#2  0x0000000000401184 in main (argc=6, argv=0x7fffffffd8b8) at nn.c:115

69	in dl-debug.c

Backtrace END
Memory content before bitflip:0x0a0x000x000x00
Fault Model: Single bit-flip
base address to flip value: 0x7fffffffd51c
address max offset: 4
Memory content after  bitflip:0x0a0x080x000x00
frame name: main
symbol name: rec_count
symbol filename: nn.c
symbol line: 31
value: 2058
value address: 0x7fffffffd51c
Type: The type is an integer type.
Type sizeof: 4

[INFO -- 2018-10-18 18:48:08]
Fault Injection Successful after 0.4912106990814209s
[INFO -- 2018-10-18 18:48:13]
event type: exit
[INFO -- 2018-10-18 18:48:13]
exit code: 0
