[INFO -- 2018-10-08 02:15:11]
Starting flip_value script
version: 1.1
[INFO -- 2018-10-08 02:15:11]
Initialization strings:
[INFO -- 2018-10-08 02:15:11]
(1) file /tmp/fft_nn/fft_nn.out
[INFO -- 2018-10-08 02:15:11]
(2) set args 32768 /tmp/fft_nn/output_falha.data
[INFO -- 2018-10-08 02:15:11]
initSignal:15
[INFO -- 2018-10-08 02:15:11]
endSignal:25
[INFO -- 2018-10-08 02:15:11]
faultModel:4
[INFO -- 2018-10-08 02:15:26]
Backtrace BEGIN:
#0  0x00007ffff7032197 in _IO_acquire_lock_clear_flags2_fct (p=<synthetic pointer>) at ../libio/libioP.h:915
#1  __isoc99_fscanf (stream=0x6062c0, format=<optimized out>) at isoc99_fscanf.c:30
#2  0x00007ffff7bcf187 in fann_create_from_fd () from /usr/local/lib/libfann.so.2
#3  0x00007ffff7bcf608 in fann_create_from_file () from /usr/local/lib/libfann.so.2
#4  0x00000000004019b7 in radix2DitCooleyTykeyFft(int, int*, Complex*, Complex*) ()
#5  0x0000000000401631 in main ()

910	../libio/libioP.h: Arquivo ou diretório não encontrado.

Backtrace END
Fliping array at pos: 0
Fliping value of field: gp_offset
Memory content before bitflip:0x100x000x000x00
Fault Model: LSB bit-flip
base address to flip value: 0x7fffffffd8c8
address max offset: 4
Memory content after  bitflip:0x100x000x000x04
frame name: _IO_acquire_lock_clear_flags2_fct
symbol name: arg
symbol filename: isoc99_fscanf.c
symbol line: 27
value: {{gp_offset = 67108880, fp_offset = 48, overflow_arg_area = 0x7fffffffd9a0, reg_save_area = 0x7fffffffd8e0}}
value address: 0x7fffffffd8c8
Type: The type is an array.
Type sizeof: 24

[INFO -- 2018-10-08 02:15:26]
Fault Injection Successful after 15.723692893981934s
[INFO -- 2018-10-08 02:15:31]
event type: exit
[INFO -- 2018-10-08 02:15:31]
exit code: 0
