[INFO -- 2018-10-15 15:43:25]
Starting flip_value script
version: 1.1
[INFO -- 2018-10-15 15:43:25]
Initialization strings:
[INFO -- 2018-10-15 15:43:25]
(1) file /home/latansini/Desktop/trabalhoftf/carol-fi/sample-code/inverse_nn/inversek2j_nn.out
[INFO -- 2018-10-15 15:43:25]
(2) set args /home/latansini/Desktop/trabalhoftf/carol-fi/sample-code/inverse_nn/input_250k /home/latansini/Desktop/trabalhoftf/carol-fi/sample-code/inverse_nn/output_falha.data
[INFO -- 2018-10-15 15:43:25]
initSignal:0
[INFO -- 2018-10-15 15:43:25]
endSignal:2
[INFO -- 2018-10-15 15:43:25]
faultModel:0
[INFO -- 2018-10-15 15:43:26]
Backtrace BEGIN:
#0  0x00007ffff7028677 in _IO_vfscanf_internal (s=s@entry=0x608610, format=0x7ffff7bd3d97 "(%u, %u, %f) ", argptr=argptr@entry=0x7fffffffd0d8, errp=errp@entry=0x0) at vfscanf.c:314
#1  0x00007ffff7032162 in __isoc99_fscanf (stream=0x608610, format=<optimized out>) at isoc99_fscanf.c:34
#2  0x00007ffff7bcf0eb in fann_create_from_fd () from /usr/local/lib/libfann.so.2
#3  0x00007ffff7bcf608 in fann_create_from_file () from /usr/local/lib/libfann.so.2
#4  0x000000000040199e in inversek2j(float, float, float*, float*) ()
#5  0x0000000000401631 in main ()

309	vfscanf.c: Arquivo ou diretório não encontrado.

Backtrace END
Fliping value of field: __value
Fliping value of field name: __wch
Memory content before bitflip:0x000x000x000x00
Fault Model: Single bit-flip
base address to flip value: 0x7fffffffcef4
address max offset: 4
Memory content after  bitflip:0x000x000x000x80
frame name: _IO_vfscanf_internal
symbol name: state
symbol filename: vfscanf.c
symbol line: 252
value: {__count = 0, __value = {__wch = 2147483648, __wchb = "\000\000\000\200"}}
value address: 0x7fffffffcef0
Type: The type is a structure.
Type sizeof: 8
Field name: __count
Field Type: The type is an integer type.
Field Type sizeof: 4
Field name: __value
Field Type: The type is a union.
Field Type sizeof: 4

[INFO -- 2018-10-15 15:43:26]
Fault Injection Successful after 1.8010563850402832s
[INFO -- 2018-10-15 15:43:36]
event type: exit
[INFO -- 2018-10-15 15:43:36]
exit code: 0
