[INFO -- 2018-10-07 18:08:24]
sending 5 signals using command: 'killall -2 fft_nn.out' after 21.7574554632s
[INFO -- 2018-10-07 18:08:25]
sending 5 signals using command: 'killall -2 fft_nn.out' after 23.0634337238s
[INFO -- 2018-10-07 18:08:25]
sending 5 signals using command: 'killall -2 fft_nn.out' after 23.1104178784s
[INFO -- 2018-10-07 18:08:25]
Starting GDB script
[INFO -- 2018-10-07 18:08:25]
initSignal:0.0
[INFO -- 2018-10-07 18:08:25]
endSignal:5.0
[INFO -- 2018-10-07 18:08:26]
sending 5 signals using command: 'killall -2 fft_nn.out' after 0.423759875957s
[INFO -- 2018-10-07 18:08:27]
sending 5 signals using command: 'killall -2 fft_nn.out' after 1.20222122267s
[INFO -- 2018-10-07 18:08:30]
sending 5 signals using command: 'killall -2 fft_nn.out' after 4.76424249408s
[INFO -- 2018-10-07 18:08:46]
Execution finished before waitTime
