[INFO -- 2018-10-10 10:15:24]
sending 5 signals using command: 'killall -2 fft_nn.out' after 21.2749178726s
[INFO -- 2018-10-10 10:15:24]
sending 5 signals using command: 'killall -2 fft_nn.out' after 21.7939727687s
[INFO -- 2018-10-10 10:15:25]
sending 5 signals using command: 'killall -2 fft_nn.out' after 23.0237130976s
[INFO -- 2018-10-10 10:15:25]
Starting GDB script
[INFO -- 2018-10-10 10:15:25]
initSignal:0.0
[INFO -- 2018-10-10 10:15:25]
endSignal:5.0
[INFO -- 2018-10-10 10:15:25]
sending 5 signals using command: 'killall -2 fft_nn.out' after 0.0584045617014s
[INFO -- 2018-10-10 10:15:27]
sending 5 signals using command: 'killall -2 fft_nn.out' after 1.4111577936s
[INFO -- 2018-10-10 10:15:28]
sending 5 signals using command: 'killall -2 fft_nn.out' after 2.33981221664s
[INFO -- 2018-10-10 10:15:46]
Execution finished before waitTime
