[INFO -- 2018-10-07 09:14:23]
Starting flip_value script
version: 1.1
[INFO -- 2018-10-07 09:14:23]
Initialization strings:
[INFO -- 2018-10-07 09:14:23]
(1) file /tmp/fft_nn/fft_nn.out
[INFO -- 2018-10-07 09:14:23]
(2) set args 32768 /tmp/fft_nn/output_falha.data
[INFO -- 2018-10-07 09:14:23]
initSignal:0
[INFO -- 2018-10-07 09:14:23]
endSignal:5
[INFO -- 2018-10-07 09:14:23]
faultModel:0
[INFO -- 2018-10-07 09:14:25]
Backtrace BEGIN:
#0  0x00007ffff7012759 in __GI_____strtof_l_internal (nptr=0x7fffffffd4c0 "1.19101452827453613281e+00", endptr=0x7fffffffd6f0, group=<optimized out>, loc=<optimized out>) at strtod_l.c:850
#1  0x00007ffff7011d60 in __GI___strtof_internal (nptr=<optimized out>, endptr=<optimized out>, group=<optimized out>) at strtod.c:54
#2  0x00007ffff702b948 in _IO_vfscanf_internal (s=s@entry=0x6062c0, format=<optimized out>, argptr=argptr@entry=0x7fffffffd8c8, errp=errp@entry=0x0) at vfscanf.c:2365
#3  0x00007ffff7032162 in __isoc99_fscanf (stream=0x6062c0, format=<optimized out>) at isoc99_fscanf.c:34
#4  0x00007ffff7bcf187 in fann_create_from_fd () from /usr/local/lib/libfann.so.2
#5  0x00007ffff7bcf608 in fann_create_from_file () from /usr/local/lib/libfann.so.2
#6  0x00000000004019b7 in radix2DitCooleyTykeyFft(int, int*, Complex*, Complex*) ()
#7  0x0000000000401631 in main ()

845	strtod_l.c: Arquivo ou diretório não encontrado.

Backtrace END
Memory content before bitflip:0x020x000x000x000x000x000x000x00
Fault Model: Single bit-flip
base address to flip value: 0x7fffffffd3b0
address max offset: 8
Memory content after  bitflip:0x020x000x000x000x000x000x080x00
frame name: __GI_____strtof_l_internal
symbol name: numsize
symbol filename: strtod_l.c
symbol line: 485
value: 2251799813685250
value address: 0x7fffffffd3b0
Type: The type is an integer type.
Type sizeof: 8

[INFO -- 2018-10-07 09:14:25]
Fault Injection Successful after 2.5208756923675537s
[INFO -- 2018-10-07 09:14:43]
event type: exit
[INFO -- 2018-10-07 09:14:43]
exit code: 0
