[INFO -- 2018-10-16 15:41:39]
Starting flip_value script
version: 1.1
[INFO -- 2018-10-16 15:41:39]
Initialization strings:
[INFO -- 2018-10-16 15:41:39]
(1) file /home/latansini/Desktop/trabalhoftf/carol-fi/sample-code/inverse_nn/inversek2j_nn.out
[INFO -- 2018-10-16 15:41:39]
(2) set args /home/latansini/Desktop/trabalhoftf/carol-fi/sample-code/inverse_nn/input_250k /home/latansini/Desktop/trabalhoftf/carol-fi/sample-code/inverse_nn/output_falha.data
[INFO -- 2018-10-16 15:41:39]
initSignal:4
[INFO -- 2018-10-16 15:41:39]
endSignal:6
[INFO -- 2018-10-16 15:41:39]
faultModel:2
[EXCEPTION -- 2018-10-16 15:41:43]
gdbException: Tentativo de desreferenciar um ponteiro genérico.
[INFO -- 2018-10-16 15:41:43]
Backtrace BEGIN:
#0  0x00007ffff70120e2 in get_rounding_mode () at ../sysdeps/generic/get-rounding-mode.h:94
#1  round_and_return (retval=0x7fffffffcbe0, exponent=3, negative=negative@entry=0, round_limb=round_limb@entry=3791767003455291391, round_bit=43, more_bits=1) at strtod_l.c:202
#2  0x00007ffff7013332 in __GI_____strtof_l_internal (nptr=<optimized out>, endptr=<optimized out>, group=<optimized out>, loc=<optimized out>) at strtod_l.c:1613
#3  0x00007ffff7011d60 in __GI___strtof_internal (nptr=<optimized out>, endptr=<optimized out>, group=<optimized out>) at strtod.c:54
#4  0x00007ffff702b948 in _IO_vfscanf_internal (s=s@entry=0x608610, format=<optimized out>, argptr=argptr@entry=0x7fffffffd0d8, errp=errp@entry=0x0) at vfscanf.c:2365
#5  0x00007ffff7032162 in __isoc99_fscanf (stream=0x608610, format=<optimized out>) at isoc99_fscanf.c:34
#6  0x00007ffff7bcf187 in fann_create_from_fd () from /usr/local/lib/libfann.so.2
#7  0x00007ffff7bcf608 in fann_create_from_file () from /usr/local/lib/libfann.so.2
#8  0x000000000040199e in inversek2j(float, float, float*, float*) ()
#9  0x0000000000401631 in main ()

89	in ../sysdeps/generic/get-rounding-mode.h

Backtrace END
Fliping a bit of the pointer
Memory content before bitflip:0x400xcc0xff0xff0xff0x7f0x000x00
Fault Model: Random bit-flip
base address to flip value: 0x7fffffffcb68
address max offset: 8
Memory content after  bitflip:0x260xa90x390xaf0xd80x3d0x4e0xa3
frame name: __GI_____strtof_l_internal
symbol name: start_of_digits
symbol filename: strtod_l.c
symbol line: 504
value: 0x7fffffffcc40 ""
value address: 0x7fffffffcb68
Type: The type is a pointer.
Type sizeof: 8

[INFO -- 2018-10-16 15:41:43]
Fault Injection Successful after 4.970475912094116s
[INFO -- 2018-10-16 15:41:49]
event type: exit
[INFO -- 2018-10-16 15:41:49]
exit code: 0
