[INFO -- 2018-12-01 10:39:16]
Starting flip_value script
version: 1.1
[INFO -- 2018-12-01 10:39:16]
Initialization strings:
[INFO -- 2018-12-01 10:39:16]
(1) file /home/latansini/Desktop/CAROL-FI/etapa2/carol-fi/codes/fftfulldup/fft_nn.out
[INFO -- 2018-12-01 10:39:16]
(2) set args 32768 /home/latansini/Desktop/CAROL-FI/etapa2/carol-fi/codes/fftfulldup/output.data
[INFO -- 2018-12-01 10:39:16]
initSignal:0
[INFO -- 2018-12-01 10:39:16]
endSignal:40
[INFO -- 2018-12-01 10:39:16]
faultModel:0
[EXCEPTION -- 2018-12-01 10:39:31]
gdbException: Tentativo de desreferenciar um ponteiro genérico.
[INFO -- 2018-12-01 10:39:31]
Backtrace BEGIN:
#0  __mpn_mul_1 () at ../sysdeps/x86_64/mul_1.S:42
#1  0x00007ffff6f8fcd1 in __mpn_mul (prodp=prodp@entry=0x7fffffffce10, up=0x7ffff70ce088 <__tens+72>, usize=1, vp=vp@entry=0x7fffffffcdc0, vsize=vsize@entry=1) at mul.c:90
#2  0x00007ffff6f95bb9 in __GI_____strtof_l_internal (nptr=<optimized out>, endptr=<optimized out>, group=<optimized out>, loc=<optimized out>) at strtod_l.c:1408
#3  0x00007ffff6f94d60 in __GI___strtof_internal (nptr=<optimized out>, endptr=<optimized out>, group=<optimized out>) at strtod.c:54
#4  0x00007ffff6fae948 in _IO_vfscanf_internal (s=s@entry=0x618f00, format=<optimized out>, argptr=argptr@entry=0x7fffffffd2a8, errp=errp@entry=0x0) at vfscanf.c:2365
#5  0x00007ffff6fb5162 in __isoc99_fscanf (stream=0x618f00, format=<optimized out>) at isoc99_fscanf.c:34
#6  0x00007ffff7bcf187 in fann_create_from_fd () from /usr/local/lib/libfann.so.2
#7  0x00007ffff7bcf608 in fann_create_from_file () from /usr/local/lib/libfann.so.2
#8  0x0000000000401de7 in radix2DitCooleyTykeyFft(int, int*, Complex*, Complex*) ()
#9  0x0000000000401857 in main ()

37	in ../sysdeps/x86_64/mul_1.S

Backtrace END
Fliping array at pos: 0
Fliping value of field: gp_offset
Memory content before bitflip:0x100x000x000x00
Fault Model: Single bit-flip
base address to flip value: 0x7fffffffd2a8
address max offset: 4
Memory content after  bitflip:0x100x000x000x08
frame name: __isoc99_fscanf
symbol name: arg
symbol filename: isoc99_fscanf.c
symbol line: 27
value: {{gp_offset = 134217744, fp_offset = 48, overflow_arg_area = 0x7fffffffd380, reg_save_area = 0x7fffffffd2c0}}
value address: 0x7fffffffd2a8
Type: The type is an array.
Type sizeof: 24

[INFO -- 2018-12-01 10:39:31]
Fault Injection Successful after 15.09720778465271s
[INFO -- 2018-12-01 10:39:55]
event type: exit
[INFO -- 2018-12-01 10:39:55]
exit code: 0
