[INFO -- 2018-12-09 14:49:20]
Starting flip_value script
version: 1.1
[INFO -- 2018-12-09 14:49:20]
Initialization strings:
[INFO -- 2018-12-09 14:49:20]
(1) file /home/melkor/ETAPA2/dup_nn/nn-knl-files/nn
[INFO -- 2018-12-09 14:49:20]
(2) set args /home/melkor/ETAPA2/dup_nn/nn-knl-files/filelist 20 5 5 /home/melkor/ETAPA2/dup_nn/nn-knl-files/out20_5_5
[INFO -- 2018-12-09 14:49:20]
initSignal:0
[INFO -- 2018-12-09 14:49:20]
endSignal:1
[INFO -- 2018-12-09 14:49:20]
faultModel:4
[EXCEPTION -- 2018-12-09 14:49:20]
pythonException: invalid frame
[INFO -- 2018-12-09 14:49:20]
Backtrace BEGIN:
#0  0x00007ffff7820ee6 in ?? () from /usr/lib/x86_64-linux-gnu/libgomp.so.1
#1  0x00007ffff781f392 in ?? () from /usr/lib/x86_64-linux-gnu/libgomp.so.1
#2  0x00007ffff7815eca in GOMP_parallel () from /usr/lib/x86_64-linux-gnu/libgomp.so.1
#3  0x00005555555555ed in main (argc=6, argv=0x7fffffffdf08) at nn.c:196

68	      fclose(logfile);
69	    }
70		
71		
72		if(file != NULL){	// isso aqui tava dando segfault
73			fclose(file);
74		}
75		
76	}
77	

Backtrace END
Memory content before bitflip:0x000x000x000x00
Fault Model: LSB bit-flip
base address to flip value: 0x7fffffffdb40
address max offset: 4
Memory content after  bitflip:0x000x000x000x80
frame name: main
symbol name: done_dup
symbol filename: nn.c
symbol line: 93
value: -2147483648
value address: 0x7fffffffdb40
Type: The type is an integer type.
Type sizeof: 4

[INFO -- 2018-12-09 14:49:20]
Fault Injection Successful after 0.9081482887268066s
[INFO -- 2018-12-09 14:49:22]
event type: exit
[INFO -- 2018-12-09 14:49:22]
exit code: 0
