[INFO -- 2018-10-07 23:37:44]
sending 5 signals using command: 'killall -2 fft_nn.out' after 21.623933103s
[INFO -- 2018-10-07 23:37:45]
sending 5 signals using command: 'killall -2 fft_nn.out' after 22.6575608552s
[INFO -- 2018-10-07 23:37:45]
sending 5 signals using command: 'killall -2 fft_nn.out' after 22.8959708009s
[INFO -- 2018-10-07 23:37:45]
Starting GDB script
[INFO -- 2018-10-07 23:37:45]
initSignal:0.0
[INFO -- 2018-10-07 23:37:45]
endSignal:5.0
[INFO -- 2018-10-07 23:37:46]
sending 5 signals using command: 'killall -2 fft_nn.out' after 0.980731219902s
[INFO -- 2018-10-07 23:37:46]
sending 5 signals using command: 'killall -2 fft_nn.out' after 1.25095804234s
[INFO -- 2018-10-07 23:37:48]
sending 5 signals using command: 'killall -2 fft_nn.out' after 2.54143205604s
[INFO -- 2018-10-07 23:38:05]
Execution finished before waitTime
