[INFO -- 2018-10-11 20:20:19]
sending 5 signals using command: 'killall -2 fft_nn.out' after 21.872360395s
[INFO -- 2018-10-11 20:20:20]
sending 5 signals using command: 'killall -2 fft_nn.out' after 22.337322638s
[INFO -- 2018-10-11 20:20:21]
sending 5 signals using command: 'killall -2 fft_nn.out' after 23.824794969s
[INFO -- 2018-10-11 20:20:21]
Starting GDB script
[INFO -- 2018-10-11 20:20:21]
initSignal:0.0
[INFO -- 2018-10-11 20:20:21]
endSignal:5.0
[INFO -- 2018-10-11 20:20:22]
sending 5 signals using command: 'killall -2 fft_nn.out' after 0.316924464518s
[INFO -- 2018-10-11 20:20:22]
sending 5 signals using command: 'killall -2 fft_nn.out' after 1.02537542458s
[INFO -- 2018-10-11 20:20:26]
sending 5 signals using command: 'killall -2 fft_nn.out' after 4.88898387734s
[INFO -- 2018-10-11 20:20:42]
Execution finished before waitTime
