[INFO -- 2018-10-09 23:26:51]
Starting flip_value script
version: 1.1
[INFO -- 2018-10-09 23:26:51]
Initialization strings:
[INFO -- 2018-10-09 23:26:51]
(1) file /tmp/fft_nn/fft_nn.out
[INFO -- 2018-10-09 23:26:51]
(2) set args 32768 /tmp/fft_nn/output_falha.data
[INFO -- 2018-10-09 23:26:51]
initSignal:5
[INFO -- 2018-10-09 23:26:51]
endSignal:10
[INFO -- 2018-10-09 23:26:51]
faultModel:1
[INFO -- 2018-10-09 23:26:56]
Backtrace BEGIN:
#0  __GI_____strtof_l_internal (nptr=0x7fffffffd000 "0.", '0' <repete 20 vezes>, "e+00", endptr=0x7fffffffd230, group=<optimized out>, loc=0x7ffff7397060 <_nl_global_locale>) at strtod_l.c:719
#1  0x00007ffff7011d60 in __GI___strtof_internal (nptr=<optimized out>, endptr=<optimized out>, group=<optimized out>) at strtod.c:54
#2  0x00007ffff702b948 in _IO_vfscanf_internal (s=s@entry=0x6062c0, format=<optimized out>, argptr=argptr@entry=0x7fffffffd408, errp=errp@entry=0x0) at vfscanf.c:2365
#3  0x00007ffff7032162 in __isoc99_fscanf (stream=0x6062c0, format=<optimized out>) at isoc99_fscanf.c:34
#4  0x00007ffff7bcf0eb in fann_create_from_fd () from /usr/local/lib/libfann.so.2
#5  0x00007ffff7bcf608 in fann_create_from_file () from /usr/local/lib/libfann.so.2
#6  0x00000000004019b7 in radix2DitCooleyTykeyFft(int, int*, Complex*, Complex*) ()
#7  0x0000000000401631 in main ()

714	strtod_l.c: Arquivo ou diretório não encontrado.

Backtrace END
Fliping array at pos: 2
Memory content before bitflip:0x440x000x000x000x000x000x000x00
Fault Model: Double bit-flip
base address to flip value: 0x7fffffffcf30
address max offset: 8
Memory content after  bitflip:0x440x000x810x000x000x000x000x00
frame name: __GI_____strtof_l_internal
symbol name: num
symbol filename: strtod_l.c
symbol line: 485
value: {5764607523034234880, 6250000093132257461, 8454212, 4, 18865251664, 6812, 6812, 6812, 188, 188}
value address: 0x7fffffffcf20
Type: The type is an array.
Type sizeof: 80
Field name: None
Field Type: A range type, that is, an integer type with bounds.
Field Type sizeof: 8
Field Type range: (0, 9)

[INFO -- 2018-10-09 23:26:56]
Fault Injection Successful after 5.252081871032715s
[INFO -- 2018-10-09 23:27:11]
event type: exit
[INFO -- 2018-10-09 23:27:11]
exit code: 0
