[INFO -- 2018-10-09 01:39:51]
sending 5 signals using command: 'killall -2 fft_nn.out' after 21.9461903524s
[INFO -- 2018-10-09 01:39:51]
sending 5 signals using command: 'killall -2 fft_nn.out' after 22.3636939551s
[INFO -- 2018-10-09 01:39:54]
sending 5 signals using command: 'killall -2 fft_nn.out' after 24.7543104928s
[INFO -- 2018-10-09 01:39:54]
Starting GDB script
[INFO -- 2018-10-09 01:39:54]
initSignal:0.0
[INFO -- 2018-10-09 01:39:54]
endSignal:5.0
[INFO -- 2018-10-09 01:39:55]
sending 5 signals using command: 'killall -2 fft_nn.out' after 1.53843946633s
[INFO -- 2018-10-09 01:39:57]
sending 5 signals using command: 'killall -2 fft_nn.out' after 3.5737222156s
[INFO -- 2018-10-09 01:39:58]
sending 5 signals using command: 'killall -2 fft_nn.out' after 4.57084630795s
[INFO -- 2018-10-09 01:40:15]
Execution finished before waitTime
