[INFO -- 2018-10-19 05:59:55]
Starting flip_value script
version: 1.1
[INFO -- 2018-10-19 05:59:55]
Initialization strings:
[INFO -- 2018-10-19 05:59:55]
(1) file /home/latansini/Desktop/trabalhoftf/carol-fi/sample-code/knn/nn-knl-files/nn
[INFO -- 2018-10-19 05:59:55]
(2) set args /home/latansini/Desktop/trabalhoftf/carol-fi/sample-code/knn/nn-knl-files/filelist 15 25 25 /home/latansini/Desktop/trabalhoftf/carol-fi/sample-code/knn/nn-knl-files/out15_25_25
[INFO -- 2018-10-19 05:59:55]
initSignal:2
[INFO -- 2018-10-19 05:59:55]
endSignal:3
[INFO -- 2018-10-19 05:59:55]
faultModel:2
[EXCEPTION -- 2018-10-19 05:59:57]
pythonException: invalid frame
[INFO -- 2018-10-19 05:59:57]
Backtrace BEGIN:
#0  0x00007ffff72ffaad in __GI_____strtod_l_internal (nptr=<optimized out>, endptr=<optimized out>, group=<optimized out>, loc=<optimized out>) at strtod_l.c:1450
#1  0x000000000040150f in main._omp_fn.0 () at nn.c:118
#2  0x0000000000401193 in main (argc=6, argv=0x7fffffffd8b8) at nn.c:115

1445	strtod_l.c: Arquivo ou diretório não encontrado.

Backtrace END
Memory content before bitflip:0x000x000x000x00
Fault Model: Random bit-flip
base address to flip value: 0x7fffffffd520
address max offset: 4
Memory content after  bitflip:0x370x700x320x93
frame name: main
symbol name: tmp_lat
symbol filename: nn.c
symbol line: 34
value: -2,25220848e-27
value address: 0x7fffffffd520
Type: A floating point type.
Type sizeof: 4

[INFO -- 2018-10-19 05:59:57]
Fault Injection Successful after 2.4126503467559814s
[INFO -- 2018-10-19 06:00:00]
event type: exit
[INFO -- 2018-10-19 06:00:00]
exit code: 0
