[INFO -- 2018-10-10 05:08:51]
Starting flip_value script
version: 1.1
[INFO -- 2018-10-10 05:08:51]
Initialization strings:
[INFO -- 2018-10-10 05:08:51]
(1) file /tmp/fft_nn/fft_nn.out
[INFO -- 2018-10-10 05:08:51]
(2) set args 32768 /tmp/fft_nn/output_falha.data
[INFO -- 2018-10-10 05:08:51]
initSignal:10
[INFO -- 2018-10-10 05:08:51]
endSignal:15
[INFO -- 2018-10-10 05:08:51]
faultModel:2
[INFO -- 2018-10-10 05:09:02]
Backtrace BEGIN:
#0  __libc_calloc (n=<optimized out>, elem_size=<optimized out>) at malloc.c:3255
#1  0x00007ffff7bca3e4 in fann_allocate_neurons () from /usr/local/lib/libfann.so.2
#2  0x00007ffff7bcf086 in fann_create_from_fd () from /usr/local/lib/libfann.so.2
#3  0x00007ffff7bcf608 in fann_create_from_file () from /usr/local/lib/libfann.so.2
#4  0x00000000004019b7 in radix2DitCooleyTykeyFft(int, int*, Complex*, Complex*) ()
#5  0x0000000000401631 in main ()

3250	malloc.c: Arquivo ou diretório não encontrado.

Backtrace END
Fliping value of field: max_total_mem
Memory content before bitflip:0x000x000x000x000x000x000x000x00
Fault Model: Random bit-flip
base address to flip value: 0x7ffff73961e8 
address max offset: 8
Memory content after  bitflip:0x6f0x6d0x9b0x190x5e0xd90x970x3d
frame name: __libc_calloc
symbol name: mp_
symbol filename: malloc.c
symbol line: 1751
value: {trim_threshold = 131072, top_pad = 131072, mmap_threshold = 131072, arena_test = 8, arena_max = 0, n_mmaps = 3, n_mmaps_max = 65536, max_n_mmaps = 3, no_dyn_threshold = 0, mmapped_mem = 667648, max_mmapped_mem = 667648, max_total_mem = 4438254955976682863, sbrk_base = 0x604000 ""}
value address: 0x7ffff73961a0 <mp_>
Type: The type is a structure.
Type sizeof: 88
Field name: trim_threshold
Field Type: The type is an integer type.
Field Type sizeof: 8
Field name: top_pad
Field Type: The type is an integer type.
Field Type sizeof: 8
Field name: mmap_threshold
Field Type: The type is an integer type.
Field Type sizeof: 8
Field name: arena_test
Field Type: The type is an integer type.
Field Type sizeof: 8
Field name: arena_max
Field Type: The type is an integer type.
Field Type sizeof: 8
Field name: n_mmaps
Field Type: The type is an integer type.
Field Type sizeof: 4
Field name: n_mmaps_max
Field Type: The type is an integer type.
Field Type sizeof: 4
Field name: max_n_mmaps
Field Type: The type is an integer type.
Field Type sizeof: 4
Field name: no_dyn_threshold
Field Type: The type is an integer type.
Field Type sizeof: 4
Field name: mmapped_mem
Field Type: The type is an integer type.
Field Type sizeof: 8
Field name: max_mmapped_mem
Field Type: The type is an integer type.
Field Type sizeof: 8
Field name: max_total_mem
Field Type: The type is an integer type.
Field Type sizeof: 8
Field name: sbrk_base
Field Type: The type is a pointer.
Field Type sizeof: 8

[INFO -- 2018-10-10 05:09:02]
Fault Injection Successful after 11.813676357269287s
[INFO -- 2018-10-10 05:09:11]
event type: exit
[INFO -- 2018-10-10 05:09:11]
exit code: 0
