[INFO -- 2018-10-09 19:52:15]
sending 5 signals using command: 'killall -2 fft_nn.out' after 22.9685828286s
[INFO -- 2018-10-09 19:52:16]
sending 5 signals using command: 'killall -2 fft_nn.out' after 24.2311226002s
[INFO -- 2018-10-09 19:52:17]
sending 5 signals using command: 'killall -2 fft_nn.out' after 24.8440117169s
[INFO -- 2018-10-09 19:52:17]
Starting GDB script
[INFO -- 2018-10-09 19:52:17]
initSignal:0.0
[INFO -- 2018-10-09 19:52:17]
endSignal:5.0
[INFO -- 2018-10-09 19:52:18]
sending 5 signals using command: 'killall -2 fft_nn.out' after 0.760837878418s
[INFO -- 2018-10-09 19:52:18]
sending 5 signals using command: 'killall -2 fft_nn.out' after 0.983974017444s
[INFO -- 2018-10-09 19:52:22]
sending 5 signals using command: 'killall -2 fft_nn.out' after 4.59961345437s
[INFO -- 2018-10-09 19:52:38]
Execution finished before waitTime
