[INFO -- 2018-11-30 18:49:22]
Starting flip_value script
version: 1.1
[INFO -- 2018-11-30 18:49:22]
Initialization strings:
[INFO -- 2018-11-30 18:49:22]
(1) file /home/latansini/Desktop/CAROL-FI/etapa2/carol-fi/codes/fftfulldup/fft_nn.out
[INFO -- 2018-11-30 18:49:22]
(2) set args 32768 /home/latansini/Desktop/CAROL-FI/etapa2/carol-fi/codes/fftfulldup/output.data
[INFO -- 2018-11-30 18:49:22]
initSignal:0
[INFO -- 2018-11-30 18:49:22]
endSignal:40
[INFO -- 2018-11-30 18:49:22]
faultModel:0
[INFO -- 2018-11-30 18:49:33]
Backtrace BEGIN:
#0  __GI__IO_sputbackc (fp=fp@entry=0x618f00, c=c@entry=44) at genops.c:726
#1  0x00007ffff6fac27b in _IO_vfscanf_internal (s=s@entry=0x618f00, format=<optimized out>, argptr=argptr@entry=0x7fffffffd2a8, errp=errp@entry=0x0) at vfscanf.c:1811
#2  0x00007ffff6fb5162 in __isoc99_fscanf (stream=0x618f00, format=<optimized out>) at isoc99_fscanf.c:34
#3  0x00007ffff7bcf187 in fann_create_from_fd () from /usr/local/lib/libfann.so.2
#4  0x00007ffff7bcf608 in fann_create_from_file () from /usr/local/lib/libfann.so.2
#5  0x0000000000401de7 in radix2DitCooleyTykeyFft(int, int*, Complex*, Complex*) ()
#6  0x0000000000401857 in main ()

721	genops.c: Arquivo ou diretório não encontrado.

Backtrace END
Memory content before bitflip:0x00
Fault Model: Single bit-flip
base address to flip value: 0x7ffff731b990 
address max offset: 1
Memory content after  bitflip:0x01
frame name: __GI__IO_sputbackc
symbol name: dealloc_buffers
symbol filename: genops.c
symbol line: 943
value: true
value address: 0x7ffff731b990 <dealloc_buffers>
Type: A boolean type.
Type sizeof: 1

[INFO -- 2018-11-30 18:49:33]
Fault Injection Successful after 11.66148853302002s
[INFO -- 2018-11-30 18:50:01]
event type: exit
[INFO -- 2018-11-30 18:50:01]
exit code: 0
