[INFO -- 2018-10-16 17:47:42]
Starting flip_value script
version: 1.1
[INFO -- 2018-10-16 17:47:42]
Initialization strings:
[INFO -- 2018-10-16 17:47:42]
(1) file /home/latansini/Desktop/trabalhoftf/carol-fi/sample-code/inverse_nn/inversek2j_nn.out
[INFO -- 2018-10-16 17:47:42]
(2) set args /home/latansini/Desktop/trabalhoftf/carol-fi/sample-code/inverse_nn/input_250k /home/latansini/Desktop/trabalhoftf/carol-fi/sample-code/inverse_nn/output_falha.data
[INFO -- 2018-10-16 17:47:42]
initSignal:6
[INFO -- 2018-10-16 17:47:42]
endSignal:8
[INFO -- 2018-10-16 17:47:42]
faultModel:3
[INFO -- 2018-10-16 17:47:49]
Backtrace BEGIN:
#0  __isoc99_fscanf (stream=0x608610, format=0x7ffff7bd38c2 "cascade_activation_functions=") at isoc99_fscanf.c:26
#1  0x00007ffff7bced55 in fann_create_from_fd () from /usr/local/lib/libfann.so.2
#2  0x00007ffff7bcf608 in fann_create_from_file () from /usr/local/lib/libfann.so.2
#3  0x000000000040199e in inversek2j(float, float, float*, float*) ()
#4  0x0000000000401631 in main ()

21	isoc99_fscanf.c: Arquivo ou diretório não encontrado.

Backtrace END
Fliping array at pos: 0
Fliping value of field: fp_offset
Memory content before bitflip:0x300x000x000x00
Fault Model: Zero bit-flip
base address to flip value: 0x7fffffffd0dc
address max offset: 4
Memory content after  bitflip:0x000x000x000x00
frame name: __isoc99_fscanf
symbol name: arg
symbol filename: isoc99_fscanf.c
symbol line: 27
value: {{gp_offset = 16, fp_offset = 0, overflow_arg_area = 0x7fffffffd1b0, reg_save_area = 0x7fffffffd0f0}}
value address: 0x7fffffffd0d8
Type: The type is an array.
Type sizeof: 24

[INFO -- 2018-10-16 17:47:49]
Fault Injection Successful after 7.2224204540252686s
[INFO -- 2018-10-16 17:47:52]
event type: exit
[INFO -- 2018-10-16 17:47:52]
exit code: 0
