[INFO -- 2018-10-10 04:37:02]
sending 5 signals using command: 'killall -2 fft_nn.out' after 21.7055313155s
[INFO -- 2018-10-10 04:37:05]
sending 5 signals using command: 'killall -2 fft_nn.out' after 24.2823168754s
[INFO -- 2018-10-10 04:37:06]
sending 5 signals using command: 'killall -2 fft_nn.out' after 24.9199638561s
[INFO -- 2018-10-10 04:37:06]
Starting GDB script
[INFO -- 2018-10-10 04:37:06]
initSignal:0.0
[INFO -- 2018-10-10 04:37:06]
endSignal:5.0
[INFO -- 2018-10-10 04:37:06]
sending 5 signals using command: 'killall -2 fft_nn.out' after 0.190660320678s
[INFO -- 2018-10-10 04:37:08]
sending 5 signals using command: 'killall -2 fft_nn.out' after 2.00600074662s
[INFO -- 2018-10-10 04:37:08]
sending 5 signals using command: 'killall -2 fft_nn.out' after 2.19400273157s
[INFO -- 2018-10-10 04:37:27]
Execution finished before waitTime
