[INFO -- 2018-10-12 00:19:24]
Starting flip_value script
version: 1.1
[INFO -- 2018-10-12 00:19:24]
Initialization strings:
[INFO -- 2018-10-12 00:19:24]
(1) file /tmp/fft_nn/fft_nn.out
[INFO -- 2018-10-12 00:19:24]
(2) set args 32768 /tmp/fft_nn/output_falha.data
[INFO -- 2018-10-12 00:19:24]
initSignal:5
[INFO -- 2018-10-12 00:19:24]
endSignal:10
[INFO -- 2018-10-12 00:19:24]
faultModel:1
[INFO -- 2018-10-12 00:19:29]
Backtrace BEGIN:
#0  __expf_finite () at ../sysdeps/x86_64/fpu/e_expf.S:82
#1  0x00007ffff75e8a42 in __GI___expf (x=1,26659381) at ../sysdeps/ieee754/flt-32/w_expf.c:26
#2  0x00007ffff7bc5284 in fann_run () from /usr/local/lib/libfann.so.2
#3  0x00000000004019ce in radix2DitCooleyTykeyFft(int, int*, Complex*, Complex*) ()
#4  0x0000000000401631 in main ()

77	../sysdeps/x86_64/fpu/e_expf.S: Arquivo ou diretório não encontrado.

Backtrace END
Memory content before bitflip:0xbf0x1f0xa20x3f
Fault Model: Double bit-flip
base address to flip value: 0x7fffffffd54c
address max offset: 4
Memory content after  bitflip:0x2f0x1f0xa20x3f
frame name: __GI___expf
symbol name: x
symbol filename: ../sysdeps/ieee754/flt-32/w_expf.c
symbol line: 24
value: 1,26657665
value address: 0x7fffffffd54c
Type: A floating point type.
Type sizeof: 4

[INFO -- 2018-10-12 00:19:29]
Fault Injection Successful after 5.283477783203125s
[INFO -- 2018-10-12 00:19:43]
event type: exit
[INFO -- 2018-10-12 00:19:43]
exit code: 0
