[INFO -- 2018-11-30 18:17:39]
Starting flip_value script
version: 1.1
[INFO -- 2018-11-30 18:17:39]
Initialization strings:
[INFO -- 2018-11-30 18:17:39]
(1) file /home/lignati/carol-fi/codes/inversefulldup/inversek2j.nn.out
[INFO -- 2018-11-30 18:17:39]
(2) set args /home/lignati/carol-fi/codes/inversefulldup/input_250k /home/lignati/carol-fi/codes/inversefulldup/output_falha.data
[INFO -- 2018-11-30 18:17:39]
initSignal:0
[INFO -- 2018-11-30 18:17:39]
endSignal:25
[INFO -- 2018-11-30 18:17:39]
faultModel:2
[INFO -- 2018-11-30 18:17:43]
Backtrace BEGIN:
#0  0x00007ffff702a871 in _IO_vfscanf_internal (s=s@entry=0x6085c0, format=<optimized out>, argptr=argptr@entry=0x7fffffffcf38, errp=errp@entry=0x0) at vfscanf.c:2115
#1  0x00007ffff7033162 in __isoc99_fscanf (stream=0x6085c0, format=<optimized out>) at isoc99_fscanf.c:34
#2  0x00007ffff7bcac42 in fann_create_from_fd () from /usr/local/lib/libfann.so.2
#3  0x00007ffff7bc8073 in fann_create_from_file () from /usr/local/lib/libfann.so.2
#4  0x0000000000402061 in inversek2j(float, float, float*, float*) ()
#5  0x000000000040179a in main ()

2110	vfscanf.c: No such file or directory.

Backtrace END
Fliping a bit of the pointer
Memory content before bitflip:0x320xcb0xff0xff0xff0x7f0x000x00
Fault Model: Random bit-flip
base address to flip value: 0x7fffffffcd60
address max offset: 8
Memory content after  bitflip:0xcc0x5a0x0f0x450xdf0xfb0xd00x34
frame name: _IO_vfscanf_internal
symbol name: tw
symbol filename: vfscanf.c
symbol line: 271
value: 0x7fffffffcb32 "40010725259780883789e-01"
value address: 0x7fffffffcd60
Type: The type is a pointer.
Type sizeof: 8

[INFO -- 2018-11-30 18:17:43]
Fault Injection Successful after 4.1646435260772705s
[INFO -- 2018-11-30 18:18:04]
event type: exit
[INFO -- 2018-11-30 18:18:04]
exit code: 0
