[INFO -- 2018-10-11 07:16:25]
sending 5 signals using command: 'killall -2 fft_nn.out' after 23.7521565506s
[INFO -- 2018-10-11 07:16:26]
sending 5 signals using command: 'killall -2 fft_nn.out' after 24.4569651117s
[INFO -- 2018-10-11 07:16:26]
sending 5 signals using command: 'killall -2 fft_nn.out' after 24.91026525s
[INFO -- 2018-10-11 07:16:26]
Starting GDB script
[INFO -- 2018-10-11 07:16:26]
initSignal:0.0
[INFO -- 2018-10-11 07:16:27]
endSignal:5.0
[INFO -- 2018-10-11 07:16:29]
sending 5 signals using command: 'killall -2 fft_nn.out' after 2.31572069518s
[INFO -- 2018-10-11 07:16:29]
sending 5 signals using command: 'killall -2 fft_nn.out' after 2.55000838392s
[INFO -- 2018-10-11 07:16:29]
sending 5 signals using command: 'killall -2 fft_nn.out' after 2.97355261791s
[INFO -- 2018-10-11 07:16:47]
Execution finished before waitTime
