[INFO -- 2018-10-12 06:41:40]
Starting flip_value script
version: 1.1
[INFO -- 2018-10-12 06:41:40]
Initialization strings:
[INFO -- 2018-10-12 06:41:40]
(1) file /tmp/fft_nn/fft_nn.out
[INFO -- 2018-10-12 06:41:40]
(2) set args 32768 /tmp/fft_nn/output_falha.data
[INFO -- 2018-10-12 06:41:40]
initSignal:10
[INFO -- 2018-10-12 06:41:40]
endSignal:15
[INFO -- 2018-10-12 06:41:40]
faultModel:2
[INFO -- 2018-10-12 06:41:50]
Backtrace BEGIN:
#0  _IO_vfscanf_internal (s=s@entry=0x6062c0, format=<optimized out>, argptr=argptr@entry=0x7fffffffd408, errp=errp@entry=0x0) at vfscanf.c:2006
#1  0x00007ffff7032162 in __isoc99_fscanf (stream=0x6062c0, format=<optimized out>) at isoc99_fscanf.c:34
#2  0x00007ffff7bcf187 in fann_create_from_fd () from /usr/local/lib/libfann.so.2
#3  0x00007ffff7bcf608 in fann_create_from_file () from /usr/local/lib/libfann.so.2
#4  0x00000000004019b7 in radix2DitCooleyTykeyFft(int, int*, Complex*, Complex*) ()
#5  0x0000000000401631 in main ()

2001	vfscanf.c: Arquivo ou diretório não encontrado.

Backtrace END
Memory content before bitflip:0x01
Fault Model: Random bit-flip
base address to flip value: 0x7fffffffd170 
address max offset: 1
Memory content after  bitflip:0x37
frame name: _IO_vfscanf_internal
symbol name: got_digit
symbol filename: vfscanf.c
symbol line: 232
value: 55 '7'
value address: 0x7fffffffd170 "7\321\377\377\377\177"
Type: The type is an integer type.
Type sizeof: 1

[INFO -- 2018-10-12 06:41:50]
Fault Injection Successful after 10.647817611694336s
[INFO -- 2018-10-12 06:41:59]
event type: exit
[INFO -- 2018-10-12 06:41:59]
exit code: 0
