[INFO -- 2018-12-01 05:04:26]
Starting flip_value script
version: 1.1
[INFO -- 2018-12-01 05:04:26]
Initialization strings:
[INFO -- 2018-12-01 05:04:26]
(1) file /home/latansini/Desktop/CAROL-FI/etapa2/carol-fi/codes/fftfulldup/fft_nn.out
[INFO -- 2018-12-01 05:04:26]
(2) set args 32768 /home/latansini/Desktop/CAROL-FI/etapa2/carol-fi/codes/fftfulldup/output.data
[INFO -- 2018-12-01 05:04:26]
initSignal:0
[INFO -- 2018-12-01 05:04:26]
endSignal:40
[INFO -- 2018-12-01 05:04:26]
faultModel:2
[INFO -- 2018-12-01 05:04:45]
Backtrace BEGIN:
#0  0x00007ffff7046360 in __read_nocancel () at ../sysdeps/unix/syscall-template.S:81
#1  0x00007ffff6fd15b0 in _IO_new_file_underflow (fp=0x618f00) at fileops.c:613
#2  0x00007ffff6fd253e in __GI__IO_default_uflow (fp=0x618f00) at genops.c:435
#3  0x00007ffff6fb2de9 in _IO_vfscanf_internal (s=s@entry=0x618f00, format=<optimized out>, argptr=argptr@entry=0x7fffffffd2a8, errp=errp@entry=0x0) at vfscanf.c:2936
#4  0x00007ffff6fb5162 in __isoc99_fscanf (stream=0x618f00, format=<optimized out>) at isoc99_fscanf.c:34
#5  0x00007ffff7bcf187 in fann_create_from_fd () from /usr/local/lib/libfann.so.2
#6  0x00007ffff7bcf608 in fann_create_from_file () from /usr/local/lib/libfann.so.2
#7  0x0000000000401de7 in radix2DitCooleyTykeyFft(int, int*, Complex*, Complex*) ()
#8  0x0000000000401879 in main ()

76	../sysdeps/unix/syscall-template.S: Arquivo ou diretório não encontrado.

Backtrace END
Fliping array at pos: 16
Memory content before bitflip:0x72
Fault Model: Random bit-flip
base address to flip value: 0x7ffff70dfc10  
address max offset: 1
Memory content after  bitflip:0xad
frame name: _IO_vfscanf_internal
symbol name: __PRETTY_FUNCTION__
symbol filename: vfscanf.c
symbol line: 0
value: "_IO_vfscanf_inte\255nal"
value address: 0x7ffff70dfc00 <__PRETTY_FUNCTION__.11925>
Type: The type is an array.
Type sizeof: 21
Field name: None
Field Type: A range type, that is, an integer type with bounds.
Field Type sizeof: 8
Field Type range: (0, 20)

[INFO -- 2018-12-01 05:04:45]
Fault Injection Successful after 19.90640377998352s
[INFO -- 2018-12-01 05:05:05]
event type: exit
[INFO -- 2018-12-01 05:05:05]
exit code: 0
