[INFO -- 2018-10-09 01:13:22]
sending 5 signals using command: 'killall -2 fft_nn.out' after 22.4844993233s
[INFO -- 2018-10-09 01:13:22]
sending 5 signals using command: 'killall -2 fft_nn.out' after 22.8544455316s
[INFO -- 2018-10-09 01:13:24]
sending 5 signals using command: 'killall -2 fft_nn.out' after 24.7653165421s
[INFO -- 2018-10-09 01:13:24]
Starting GDB script
[INFO -- 2018-10-09 01:13:24]
initSignal:0.0
[INFO -- 2018-10-09 01:13:24]
endSignal:5.0
[INFO -- 2018-10-09 01:13:25]
sending 5 signals using command: 'killall -2 fft_nn.out' after 1.02043348882s
[INFO -- 2018-10-09 01:13:28]
sending 5 signals using command: 'killall -2 fft_nn.out' after 3.98550356946s
[INFO -- 2018-10-09 01:13:29]
sending 5 signals using command: 'killall -2 fft_nn.out' after 4.91565454755s
[INFO -- 2018-10-09 01:13:45]
Execution finished before waitTime
