[INFO -- 2018-10-11 06:41:25]
Starting flip_value script
version: 1.1
[INFO -- 2018-10-11 06:41:25]
Initialization strings:
[INFO -- 2018-10-11 06:41:25]
(1) file /tmp/fft_nn/fft_nn.out
[INFO -- 2018-10-11 06:41:25]
(2) set args 32768 /tmp/fft_nn/output_falha.data
[INFO -- 2018-10-11 06:41:25]
initSignal:0
[INFO -- 2018-10-11 06:41:25]
endSignal:5
[INFO -- 2018-10-11 06:41:25]
faultModel:0
[INFO -- 2018-10-11 06:41:26]
Backtrace BEGIN:
#0  0x00007ffff70138f2 in __GI_____strtof_l_internal (nptr=<optimized out>, endptr=<optimized out>, group=<optimized out>, loc=<optimized out>) at strtod_l.c:1592
#1  0x00007ffff7011d60 in __GI___strtof_internal (nptr=<optimized out>, endptr=<optimized out>, group=<optimized out>) at strtod.c:54
#2  0x00007ffff702b948 in _IO_vfscanf_internal (s=s@entry=0x6062c0, format=<optimized out>, argptr=argptr@entry=0x7fffffffd408, errp=errp@entry=0x0) at vfscanf.c:2365
#3  0x00007ffff7032162 in __isoc99_fscanf (stream=0x6062c0, format=<optimized out>) at isoc99_fscanf.c:34
#4  0x00007ffff7bcf187 in fann_create_from_fd () from /usr/local/lib/libfann.so.2
#5  0x00007ffff7bcf608 in fann_create_from_file () from /usr/local/lib/libfann.so.2
#6  0x00000000004019b7 in radix2DitCooleyTykeyFft(int, int*, Complex*, Complex*) ()
#7  0x0000000000401631 in main ()

1587	strtod_l.c: Arquivo ou diretório não encontrado.

Backtrace END
Fliping a bit of the value pointed by a pointer
Memory content before bitflip:0x00
Fault Model: Single bit-flip
base address to flip value: 0x7fffffffcf70 
address max offset: 1
Memory content after  bitflip:0x04
frame name: __GI_____strtof_l_internal
symbol name: start_of_digits
symbol filename: strtod_l.c
symbol line: 504
value: 0x7fffffffcf70 "\004"
value address: 0x7fffffffce98
Type: The type is a pointer.
Type sizeof: 8

[INFO -- 2018-10-11 06:41:26]
Fault Injection Successful after 1.1220660209655762s
[INFO -- 2018-10-11 06:41:44]
event type: exit
[INFO -- 2018-10-11 06:41:44]
exit code: 0
