[INFO -- 2018-10-18 23:55:27]
Starting flip_value script
version: 1.1
[INFO -- 2018-10-18 23:55:27]
Initialization strings:
[INFO -- 2018-10-18 23:55:27]
(1) file /home/latansini/Desktop/trabalhoftf/carol-fi/sample-code/knn/nn-knl-files/nn
[INFO -- 2018-10-18 23:55:27]
(2) set args /home/latansini/Desktop/trabalhoftf/carol-fi/sample-code/knn/nn-knl-files/filelist 15 25 25 /home/latansini/Desktop/trabalhoftf/carol-fi/sample-code/knn/nn-knl-files/out15_25_25
[INFO -- 2018-10-18 23:55:27]
initSignal:0
[INFO -- 2018-10-18 23:55:27]
endSignal:1
[INFO -- 2018-10-18 23:55:27]
faultModel:0
[EXCEPTION -- 2018-10-18 23:55:27]
gdbException: Tentativo de desreferenciar um ponteiro genérico.
[EXCEPTION -- 2018-10-18 23:55:27]
pythonException: invalid frame
[EXCEPTION -- 2018-10-18 23:55:27]
pythonException: invalid frame
[EXCEPTION -- 2018-10-18 23:55:27]
pythonException: invalid frame
[INFO -- 2018-10-18 23:55:27]
Backtrace BEGIN:
#0  0x00007ffff78bdc06 in ?? () from /usr/lib/x86_64-linux-gnu/libgomp.so.1
#1  0x00007ffff78bc0e2 in ?? () from /usr/lib/x86_64-linux-gnu/libgomp.so.1
#2  0x0000000000401184 in main (argc=6, argv=0x7fffffffd8b8) at nn.c:115

69	in dl-debug.c

Backtrace END
Fliping a bit of the value pointed by a pointer
Fliping a bit of the value pointed by a pointer
Memory content before bitflip:0x2f
Fault Model: Single bit-flip
base address to flip value: 0x7fffffffdc57 
address max offset: 1
Memory content after  bitflip:0x27
frame name: main
symbol name: argv
symbol filename: nn.c
symbol line: 29
value: 0x7fffffffd8b8
value address: 0x7fffffffd4e0
Type: The type is a pointer.
Type sizeof: 8

[INFO -- 2018-10-18 23:55:27]
Fault Injection Successful after 0.969419002532959s
[INFO -- 2018-10-18 23:55:33]
event type: exit
[INFO -- 2018-10-18 23:55:33]
exit code: 0
