[INFO -- 2018-10-10 02:09:13]
Starting flip_value script
version: 1.1
[INFO -- 2018-10-10 02:09:13]
Initialization strings:
[INFO -- 2018-10-10 02:09:13]
(1) file /tmp/fft_nn/fft_nn.out
[INFO -- 2018-10-10 02:09:13]
(2) set args 32768 /tmp/fft_nn/output_falha.data
[INFO -- 2018-10-10 02:09:13]
initSignal:10
[INFO -- 2018-10-10 02:09:13]
endSignal:15
[INFO -- 2018-10-10 02:09:13]
faultModel:2
[EXCEPTION -- 2018-10-10 02:09:26]
gdbException: Tentativo de desreferenciar um ponteiro genérico.
[INFO -- 2018-10-10 02:09:27]
Backtrace BEGIN:
#0  0x00007ffff70cc53a in mmap64 () at ../sysdeps/unix/syscall-template.S:81
#1  0x00007ffff704182c in __GI__IO_file_doallocate (fp=0x6062c0) at filedoalloc.c:128
#2  0x00007ffff704f4b5 in __GI__IO_doallocbuf (fp=fp@entry=0x6062c0) at genops.c:418
#3  0x00007ffff704d3ec in __GI__IO_file_xsgetn (fp=0x6062c0, data=0x1944ddf0, n=13) at fileops.c:1379
#4  0x00007ffff704286f in __GI__IO_fread (buf=<optimized out>, size=1, count=13, fp=0x6062c0) at iofread.c:42
#5  0x00007ffff7bce817 in fann_create_from_fd () from /usr/local/lib/libfann.so.2
#6  0x00007ffff7bcf608 in fann_create_from_file () from /usr/local/lib/libfann.so.2
#7  0x00000000004019b7 in radix2DitCooleyTykeyFft(int, int*, Complex*, Complex*) ()
#8  0x0000000000401631 in main ()

76	../sysdeps/unix/syscall-template.S: Arquivo ou diretório não encontrado.

Backtrace END
Memory content before bitflip:0x00
Fault Model: Random bit-flip
base address to flip value: 0x7ffff7398990 
address max offset: 1
Memory content after  bitflip:0x4e
frame name: __GI__IO_doallocbuf
symbol name: dealloc_buffers
symbol filename: genops.c
symbol line: 943
value: 78
value address: 0x7ffff7398990 <dealloc_buffers>
Type: A boolean type.
Type sizeof: 1

[INFO -- 2018-10-10 02:09:27]
Fault Injection Successful after 14.008294582366943s
[INFO -- 2018-10-10 02:09:33]
event type: exit
[INFO -- 2018-10-10 02:09:33]
exit code: 0
