[INFO -- 2018-10-07 02:38:29]
sending 5 signals using command: 'killall -2 fft_nn.out' after 20.7770944968s
[INFO -- 2018-10-07 02:38:31]
sending 5 signals using command: 'killall -2 fft_nn.out' after 22.335986911s
[INFO -- 2018-10-07 02:38:32]
sending 5 signals using command: 'killall -2 fft_nn.out' after 23.3969391191s
[INFO -- 2018-10-07 02:38:32]
Starting GDB script
[INFO -- 2018-10-07 02:38:32]
initSignal:0.0
[INFO -- 2018-10-07 02:38:32]
endSignal:5.0
[INFO -- 2018-10-07 02:38:33]
sending 5 signals using command: 'killall -2 fft_nn.out' after 0.852288919858s
[INFO -- 2018-10-07 02:38:33]
sending 5 signals using command: 'killall -2 fft_nn.out' after 1.00963965297s
[INFO -- 2018-10-07 02:38:36]
sending 5 signals using command: 'killall -2 fft_nn.out' after 4.17648787168s
[INFO -- 2018-10-07 02:38:52]
Execution finished before waitTime
