[INFO -- 2018-12-09 19:03:31]
Starting flip_value script
version: 1.1
[INFO -- 2018-12-09 19:03:31]
Initialization strings:
[INFO -- 2018-12-09 19:03:31]
(1) file /home/melkor/ETAPA2/dup_nn/nn-knl-files/nn
[INFO -- 2018-12-09 19:03:31]
(2) set args /home/melkor/ETAPA2/dup_nn/nn-knl-files/filelist 20 5 5 /home/melkor/ETAPA2/dup_nn/nn-knl-files/out20_5_5
[INFO -- 2018-12-09 19:03:31]
initSignal:0
[INFO -- 2018-12-09 19:03:31]
endSignal:1
[INFO -- 2018-12-09 19:03:31]
faultModel:2
[EXCEPTION -- 2018-12-09 19:03:31]
pythonException: invalid frame
[EXCEPTION -- 2018-12-09 19:03:31]
pythonException: invalid frame
[EXCEPTION -- 2018-12-09 19:03:31]
pythonException: invalid frame
[INFO -- 2018-12-09 19:03:31]
Backtrace BEGIN:
#0  malloc (n=14) at dl-minimal.c:50
#1  <function called from gdb>
#2  clone () at ../sysdeps/unix/sysv/linux/x86_64/clone.S:78
#3  0x00007ffff6ffbec5 in create_thread (thread_ran=<synthetic pointer>, stackaddr=0x7ffff5ff0f40, stopped_start=<synthetic pointer>, attr=0x7ffff7a36600, pd=0x7ffff5ff1700) at ../sysdeps/unix/sysv/linux/createthread.c:100
#4  __pthread_create_2_1 (newthread=<optimized out>, attr=<optimized out>, start_routine=<optimized out>, arg=0x7fffffffd920) at pthread_create.c:797
#5  0x00007ffff781ef52 in ?? () from /usr/lib/x86_64-linux-gnu/libgomp.so.1
#6  0x00007ffff7815eca in GOMP_parallel () from /usr/lib/x86_64-linux-gnu/libgomp.so.1
#7  0x00005555555555ed in main (argc=6, argv=0x7fffffffded8) at nn.c:196

45	dl-minimal.c: Arquivo ou diretório inexistente.

Backtrace END
Memory content before bitflip:0x060x000x000x00
Fault Model: Random bit-flip
base address to flip value: 0x7fffffffdafc
address max offset: 4
Memory content after  bitflip:0xae0x310x6d0xd9
frame name: main
symbol name: argc
symbol filename: nn.c
symbol line: 82
value: -647155282
value address: 0x7fffffffdafc
Type: The type is an integer type.
Type sizeof: 4

[INFO -- 2018-12-09 19:03:31]
Fault Injection Successful after 0.7410080432891846s
[INFO -- 2018-12-09 19:03:33]
event type: exit
[INFO -- 2018-12-09 19:03:33]
exit code: 0
