[INFO -- 2018-10-09 18:33:01]
Starting flip_value script
version: 1.1
[INFO -- 2018-10-09 18:33:01]
Initialization strings:
[INFO -- 2018-10-09 18:33:01]
(1) file /tmp/fft_nn/fft_nn.out
[INFO -- 2018-10-09 18:33:01]
(2) set args 32768 /tmp/fft_nn/output_falha.data
[INFO -- 2018-10-09 18:33:01]
initSignal:10
[INFO -- 2018-10-09 18:33:01]
endSignal:15
[INFO -- 2018-10-09 18:33:01]
faultModel:2
[INFO -- 2018-10-09 18:33:13]
Backtrace BEGIN:
#0  0x00007ffff702981a in _IO_vfscanf_internal (s=s@entry=0x6062c0, format=<optimized out>, argptr=argptr@entry=0x7fffffffd408, errp=errp@entry=0x0) at vfscanf.c:2077
#1  0x00007ffff7032162 in __isoc99_fscanf (stream=0x6062c0, format=<optimized out>) at isoc99_fscanf.c:34
#2  0x00007ffff7bcf187 in fann_create_from_fd () from /usr/local/lib/libfann.so.2
#3  0x00007ffff7bcf608 in fann_create_from_file () from /usr/local/lib/libfann.so.2
#4  0x00000000004019b7 in radix2DitCooleyTykeyFft(int, int*, Complex*, Complex*) ()
#5  0x0000000000401631 in main ()

2072	vfscanf.c: Arquivo ou diretório não encontrado.

Backtrace END
Memory content before bitflip:0x00
Fault Model: Random bit-flip
base address to flip value: 0x7fffffffd130 
address max offset: 1
Memory content after  bitflip:0xe3
frame name: _IO_vfscanf_internal
symbol name: negative
symbol filename: vfscanf.c
symbol line: 232
value: -29 '\343'
value address: 0x7fffffffd130 <incomplete sequence \343>
Type: The type is an integer type.
Type sizeof: 1

[INFO -- 2018-10-09 18:33:13]
Fault Injection Successful after 12.829015016555786s
[INFO -- 2018-10-09 18:33:21]
event type: exit
[INFO -- 2018-10-09 18:33:21]
exit code: 0
