[INFO -- 2018-12-01 07:30:18]
Starting flip_value script
version: 1.1
[INFO -- 2018-12-01 07:30:18]
Initialization strings:
[INFO -- 2018-12-01 07:30:18]
(1) file /home/lignati/carol-fi/codes/inversefulldup/inversek2j.nn.out
[INFO -- 2018-12-01 07:30:18]
(2) set args /home/lignati/carol-fi/codes/inversefulldup/input_250k /home/lignati/carol-fi/codes/inversefulldup/output_falha.data
[INFO -- 2018-12-01 07:30:18]
initSignal:0
[INFO -- 2018-12-01 07:30:18]
endSignal:25
[INFO -- 2018-12-01 07:30:18]
faultModel:0
[INFO -- 2018-12-01 07:30:24]
Backtrace BEGIN:
#0  __mpn_mul_1 () at ../sysdeps/x86_64/mul_1.S:50
#1  0x00007ffff700dcd1 in __mpn_mul (prodp=prodp@entry=0x7fffffffcaa0, up=0x7ffff714c088 <__tens+72>, usize=1, vp=vp@entry=0x7fffffffca50, vsize=vsize@entry=1) at mul.c:90
#2  0x00007ffff7013bb9 in __GI_____strtof_l_internal (nptr=<optimized out>, endptr=<optimized out>, group=<optimized out>, loc=<optimized out>) at strtod_l.c:1408
#3  0x00007ffff7012d60 in __GI___strtof_internal (nptr=<optimized out>, endptr=<optimized out>, group=<optimized out>) at strtod.c:54
#4  0x00007ffff702c948 in _IO_vfscanf_internal (s=s@entry=0x6085c0, format=<optimized out>, argptr=argptr@entry=0x7fffffffcf38, errp=errp@entry=0x0) at vfscanf.c:2365
#5  0x00007ffff7033162 in __isoc99_fscanf (stream=0x6085c0, format=<optimized out>) at isoc99_fscanf.c:34
#6  0x00007ffff7bcac42 in fann_create_from_fd () from /usr/local/lib/libfann.so.2
#7  0x00007ffff7bc8073 in fann_create_from_file () from /usr/local/lib/libfann.so.2
#8  0x0000000000402061 in inversek2j(float, float, float*, float*) ()
#9  0x000000000040179a in main ()

45	../sysdeps/x86_64/mul_1.S: No such file or directory.

Backtrace END
Fliping value of field: __routine
Fliping a bit of the pointer
Memory content before bitflip:0xc00x2c0x030xf70xff0x7f0x000x00
Fault Model: Single bit-flip
base address to flip value: 0x7fffffffcdb0
address max offset: 8
Memory content after  bitflip:0xc00x2c0x130xf70xff0x7f0x000x00
frame name: _IO_vfscanf_internal
symbol name: _buffer
symbol filename: vfscanf.c
symbol line: 358
value: {__routine = 0x7ffff7132cc0 <__strncpy_ssse3+6720>, __arg = 0x6085c0, __canceltype = -145006152, __prev = 0x2e21c1}
value address: 0x7fffffffcdb0
Type: The type is a structure.
Type sizeof: 32
Field name: __routine
Field Type: The type is a pointer.
Field Type sizeof: 8
Field name: __arg
Field Type: The type is a pointer.
Field Type sizeof: 8
Field name: __canceltype
Field Type: The type is an integer type.
Field Type sizeof: 4
Field name: __prev
Field Type: The type is a pointer.
Field Type sizeof: 8

[INFO -- 2018-12-01 07:30:24]
Fault Injection Successful after 6.5992138385772705s
[INFO -- 2018-12-01 07:30:43]
event type: exit
[INFO -- 2018-12-01 07:30:43]
exit code: 0
