[INFO -- 2018-12-05 17:50:53]
Starting flip_value script
version: 1.1
[INFO -- 2018-12-05 17:50:53]
Initialization strings:
[INFO -- 2018-12-05 17:50:53]
(1) file /home/latansini/Desktop/CAROL-FI/etapa2/carol-fi/codes/kmeans/kmeans-knl-files/kmeans
[INFO -- 2018-12-05 17:50:53]
(2) set args -i /home/latansini/Desktop/CAROL-FI/etapa2/carol-fi/codes/kmeans/kmeans-knl-files/input62500.txt -o /home/latansini/Desktop/CAROL-FI/etapa2/carol-fi/codes/kmeans/kmeans-knl-files/saida_falha.txt
[INFO -- 2018-12-05 17:50:53]
initSignal:0
[INFO -- 2018-12-05 17:50:53]
endSignal:55
[INFO -- 2018-12-05 17:50:53]
faultModel:1
[INFO -- 2018-12-05 17:50:53]
Backtrace BEGIN:
#0  0x00007ffff76061c3 in __GI_____strtod_l_internal (nptr=<optimized out>, endptr=0x0, group=<optimized out>, loc=<optimized out>) at strtod_l.c:1176
#1  0x0000000000402033 in kmeans_wrapper (isBinaryFile=0, filename=0x7fffffffe135 "/home/latansini/Desktop/CAROL-FI/etapa2/carol-fi/codes/kmeans/kmeans-knl-files/input62500.txt", threshold=0,00100000005, nclusters=5) at kmeans.c:167
#2  0x00000000004025d4 in main (argc=5, argv=0x7fffffffde18) at kmeans.c:304

1171	strtod_l.c: Arquivo ou diretório não encontrado.

Backtrace END
Fliping array at pos: 0
Memory content before bitflip:0x000x000x000x000x000xa00x160x00
Fault Model: Double bit-flip
base address to flip value: 0x7fffffffd430
address max offset: 8
Memory content after  bitflip:0x000x280x000x000x000xa00x160x00
frame name: __GI_____strtod_l_internal
symbol name: retval
symbol filename: strtod_l.c
symbol line: 497
value: {6368371348088832}
value address: 0x7fffffffd430
Type: The type is an array.
Type sizeof: 8
Field name: None
Field Type: A range type, that is, an integer type with bounds.
Field Type sizeof: 8
Field Type range: (0, 0)

[INFO -- 2018-12-05 17:50:53]
Fault Injection Successful after 0.4319801330566406s
[INFO -- 2018-12-05 17:51:48]
event type: exit
[INFO -- 2018-12-05 17:51:48]
exit code: 0
