[INFO -- 2018-10-15 16:04:41]
Starting flip_value script
version: 1.1
[INFO -- 2018-10-15 16:04:41]
Initialization strings:
[INFO -- 2018-10-15 16:04:41]
(1) file /home/latansini/Desktop/trabalhoftf/carol-fi/sample-code/inverse_nn/inversek2j_nn.out
[INFO -- 2018-10-15 16:04:41]
(2) set args /home/latansini/Desktop/trabalhoftf/carol-fi/sample-code/inverse_nn/input_250k /home/latansini/Desktop/trabalhoftf/carol-fi/sample-code/inverse_nn/output_falha.data
[INFO -- 2018-10-15 16:04:41]
initSignal:0
[INFO -- 2018-10-15 16:04:41]
endSignal:2
[INFO -- 2018-10-15 16:04:41]
faultModel:0
[INFO -- 2018-10-15 16:04:41]
Backtrace BEGIN:
#0  0x00007ffff701270a in __GI_____strtof_l_internal (nptr=0x6085d8 "0.604286", endptr=0x7fffffffd208, group=<optimized out>, loc=0x7ffff7394400 <_nl_C_locobj>) at strtod_l.c:791
#1  0x00007ffff7936d5e in void std::__convert_to_v<float>(char const*, float&, std::_Ios_Iostate&, __locale_struct* const&) () from /usr/lib/x86_64-linux-gnu/libstdc++.so.6
#2  0x00007ffff794a706 in std::num_get<char, std::istreambuf_iterator<char, std::char_traits<char> > >::do_get(std::istreambuf_iterator<char, std::char_traits<char> >, std::istreambuf_iterator<char, std::char_traits<char> >, std::ios_base&, std::_Ios_Iostate&, float&) const () from /usr/lib/x86_64-linux-gnu/libstdc++.so.6
#3  0x00007ffff793b0d5 in std::istream& std::istream::_M_extract<float>(float&) () from /usr/lib/x86_64-linux-gnu/libstdc++.so.6
#4  0x0000000000401470 in main ()

786	strtod_l.c: Arquivo ou diretório não encontrado.

Backtrace END
Fliping array at pos: 8
Memory content before bitflip:0x000x000x000x000x000x000x000x00
Fault Model: Single bit-flip
base address to flip value: 0x7fffffffd1b0
address max offset: 8
Memory content after  bitflip:0x000x000x400x000x000x000x000x00
frame name: __GI_____strtof_l_internal
symbol name: den
symbol filename: strtod_l.c
symbol line: 494
value: {140737488344416, 9, 140737343357880, 140737488343488, 140737488343567, 140737346903469, 140737488343472, 32, 4194304, 4294967295}
value address: 0x7fffffffd170
Type: The type is an array.
Type sizeof: 80
Field name: None
Field Type: A range type, that is, an integer type with bounds.
Field Type sizeof: 8
Field Type range: (0, 9)

[INFO -- 2018-10-15 16:04:41]
Fault Injection Successful after 0.3634347915649414s
[INFO -- 2018-10-15 16:04:51]
event type: exit
[INFO -- 2018-10-15 16:04:51]
exit code: 0
