[INFO -- 2018-12-09 17:35:38]
Starting flip_value script
version: 1.1
[INFO -- 2018-12-09 17:35:38]
Initialization strings:
[INFO -- 2018-12-09 17:35:38]
(1) file /home/melkor/ETAPA2/dup_nn/nn-knl-files/nn
[INFO -- 2018-12-09 17:35:38]
(2) set args /home/melkor/ETAPA2/dup_nn/nn-knl-files/filelist 20 5 5 /home/melkor/ETAPA2/dup_nn/nn-knl-files/out20_5_5
[INFO -- 2018-12-09 17:35:38]
initSignal:0
[INFO -- 2018-12-09 17:35:38]
endSignal:1
[INFO -- 2018-12-09 17:35:38]
faultModel:2
[EXCEPTION -- 2018-12-09 17:35:38]
pythonException: invalid frame
[EXCEPTION -- 2018-12-09 17:35:38]
pythonException: invalid frame
[EXCEPTION -- 2018-12-09 17:35:38]
pythonException: invalid frame
[INFO -- 2018-12-09 17:35:38]
Backtrace BEGIN:
#0  0x00007ffff7820f0e in ?? () from /usr/lib/x86_64-linux-gnu/libgomp.so.1
#1  0x00007ffff781f392 in ?? () from /usr/lib/x86_64-linux-gnu/libgomp.so.1
#2  0x00007ffff7815eca in GOMP_parallel () from /usr/lib/x86_64-linux-gnu/libgomp.so.1
#3  0x00005555555555ed in main (argc=6, argv=0x7fffffffded8) at nn.c:196

68	      fclose(logfile);
69	    }
70		
71		
72		if(file != NULL){	// isso aqui tava dando segfault
73			fclose(file);
74		}
75		
76	}
77	

Backtrace END
Memory content before bitflip:0x000x000xa00x40
Fault Model: Random bit-flip
base address to flip value: 0x7fffffffdb30
address max offset: 4
Memory content after  bitflip:0x380x1d0xfc0xe6
frame name: main
symbol name: target_lat
symbol filename: nn.c
symbol line: 87
value: -5.95287672e+23
value address: 0x7fffffffdb30
Type: A floating point type.
Type sizeof: 4

[INFO -- 2018-12-09 17:35:38]
Fault Injection Successful after 0.5416569709777832s
[INFO -- 2018-12-09 17:35:40]
event type: exit
[INFO -- 2018-12-09 17:35:40]
exit code: 0
