[INFO -- 2018-10-07 12:48:52]
Starting flip_value script
version: 1.1
[INFO -- 2018-10-07 12:48:52]
Initialization strings:
[INFO -- 2018-10-07 12:48:52]
(1) file /tmp/fft_nn/fft_nn.out
[INFO -- 2018-10-07 12:48:52]
(2) set args 32768 /tmp/fft_nn/output_falha.data
[INFO -- 2018-10-07 12:48:52]
initSignal:5
[INFO -- 2018-10-07 12:48:52]
endSignal:10
[INFO -- 2018-10-07 12:48:52]
faultModel:1
[EXCEPTION -- 2018-10-07 12:48:58]
gdbException: Tentativo de desreferenciar um ponteiro genérico.
[EXCEPTION -- 2018-10-07 12:48:58]
gdbException: Tentativo de desreferenciar um ponteiro genérico.
[EXCEPTION -- 2018-10-07 12:48:58]
gdbException: Tentativo de desreferenciar um ponteiro genérico.
[INFO -- 2018-10-07 12:48:58]
Backtrace BEGIN:
#0  __GI___strtof_internal (nptr=0x7fffffffd4c0 "5.", '0' <repete 20 vezes>, "e-01", endptr=0x7fffffffd6f0, group=0) at strtod.c:54
#1  0x00007ffff702b948 in _IO_vfscanf_internal (s=s@entry=0x6062c0, format=<optimized out>, argptr=argptr@entry=0x7fffffffd8c8, errp=errp@entry=0x0) at vfscanf.c:2365
#2  0x00007ffff7032162 in __isoc99_fscanf (stream=0x6062c0, format=<optimized out>) at isoc99_fscanf.c:34
#3  0x00007ffff7bcf0eb in fann_create_from_fd () from /usr/local/lib/libfann.so.2
#4  0x00007ffff7bcf608 in fann_create_from_file () from /usr/local/lib/libfann.so.2
#5  0x00000000004019b7 in radix2DitCooleyTykeyFft(int, int*, Complex*, Complex*) ()
#6  0x0000000000401631 in main ()

49	strtod.c: Arquivo ou diretório não encontrado.

Backtrace END
Fliping array at pos: 9
Memory content before bitflip:0x6e
Fault Model: Double bit-flip
base address to flip value: 0x7ffff715cc09  
address max offset: 1
Memory content after  bitflip:0xec
frame name: _IO_vfscanf_internal
symbol name: __PRETTY_FUNCTION__
symbol filename: vfscanf.c
symbol line: 0
value: "_IO_vfsca\354f_internal"
value address: 0x7ffff715cc00 <__PRETTY_FUNCTION__.11925>
Type: The type is an array.
Type sizeof: 21
Field name: None
Field Type: A range type, that is, an integer type with bounds.
Field Type sizeof: 8
Field Type range: (0, 20)

[INFO -- 2018-10-07 12:48:58]
Fault Injection Successful after 6.190250635147095s
[INFO -- 2018-10-07 12:49:12]
event type: exit
[INFO -- 2018-10-07 12:49:12]
exit code: 0
