[INFO -- 2018-10-11 23:56:55]
sending 5 signals using command: 'killall -2 fft_nn.out' after 21.6034900963s
[INFO -- 2018-10-11 23:56:55]
sending 5 signals using command: 'killall -2 fft_nn.out' after 21.8747674014s
[INFO -- 2018-10-11 23:56:56]
sending 5 signals using command: 'killall -2 fft_nn.out' after 22.7396702936s
[INFO -- 2018-10-11 23:56:56]
Starting GDB script
[INFO -- 2018-10-11 23:56:56]
initSignal:0.0
[INFO -- 2018-10-11 23:56:56]
endSignal:5.0
[INFO -- 2018-10-11 23:56:57]
sending 5 signals using command: 'killall -2 fft_nn.out' after 0.70983677675s
[INFO -- 2018-10-11 23:56:58]
sending 5 signals using command: 'killall -2 fft_nn.out' after 1.91081552703s
[INFO -- 2018-10-11 23:56:58]
sending 5 signals using command: 'killall -2 fft_nn.out' after 1.92924322039s
[INFO -- 2018-10-11 23:57:17]
Execution finished before waitTime
