[INFO -- 2018-10-10 14:53:23]
sending 5 signals using command: 'killall -2 fft_nn.out' after 21.9947913996s
[INFO -- 2018-10-10 14:53:24]
sending 5 signals using command: 'killall -2 fft_nn.out' after 23.2501858146s
[INFO -- 2018-10-10 14:53:26]
sending 5 signals using command: 'killall -2 fft_nn.out' after 24.8079269141s
[INFO -- 2018-10-10 14:53:26]
Starting GDB script
[INFO -- 2018-10-10 14:53:26]
initSignal:0.0
[INFO -- 2018-10-10 14:53:26]
endSignal:5.0
[INFO -- 2018-10-10 14:53:26]
sending 5 signals using command: 'killall -2 fft_nn.out' after 0.508842061377s
[INFO -- 2018-10-10 14:53:28]
sending 5 signals using command: 'killall -2 fft_nn.out' after 2.39427821847s
[INFO -- 2018-10-10 14:53:31]
sending 5 signals using command: 'killall -2 fft_nn.out' after 4.79149779311s
[INFO -- 2018-10-10 14:53:47]
Execution finished before waitTime
