[INFO -- 2018-10-09 06:07:07]
sending 5 signals using command: 'killall -2 fft_nn.out' after 21.4786911508s
[INFO -- 2018-10-09 06:07:08]
sending 5 signals using command: 'killall -2 fft_nn.out' after 22.3302371686s
[INFO -- 2018-10-09 06:07:08]
sending 5 signals using command: 'killall -2 fft_nn.out' after 22.6284675098s
[INFO -- 2018-10-09 06:07:08]
Starting GDB script
[INFO -- 2018-10-09 06:07:08]
initSignal:0.0
[INFO -- 2018-10-09 06:07:08]
endSignal:5.0
[INFO -- 2018-10-09 06:07:10]
sending 5 signals using command: 'killall -2 fft_nn.out' after 1.85839705513s
[INFO -- 2018-10-09 06:07:10]
sending 5 signals using command: 'killall -2 fft_nn.out' after 2.16458881851s
[INFO -- 2018-10-09 06:07:12]
sending 5 signals using command: 'killall -2 fft_nn.out' after 3.77849401965s
[INFO -- 2018-10-09 06:07:29]
Execution finished before waitTime
