[INFO -- 2018-12-09 18:37:16]
Starting flip_value script
version: 1.1
[INFO -- 2018-12-09 18:37:16]
Initialization strings:
[INFO -- 2018-12-09 18:37:16]
(1) file /home/melkor/ETAPA2/dup_nn/nn-knl-files/nn
[INFO -- 2018-12-09 18:37:16]
(2) set args /home/melkor/ETAPA2/dup_nn/nn-knl-files/filelist 20 5 5 /home/melkor/ETAPA2/dup_nn/nn-knl-files/out20_5_5
[INFO -- 2018-12-09 18:37:16]
initSignal:0
[INFO -- 2018-12-09 18:37:16]
endSignal:1
[INFO -- 2018-12-09 18:37:16]
faultModel:4
[INFO -- 2018-12-09 18:37:17]
Backtrace BEGIN:
#0  0x0000555555555633 in main (argc=6, argv=0x7fffffffded8) at nn.c:215

210	        for( i = 0 ; i < rec_count ; i++ ) {
211	            float max_dist = -1;
212	            int max_idx = 0;
213	            // find a neighbor with greatest dist and take his spot if allowed!
214	            for( j = 0 ; j < k ; j++ ) {
215	                if( neighbors[j].dist > max_dist ) {
216	                    max_dist = neighbors[j].dist;
217	                    max_idx = j;
218	                }
219	            }

Backtrace END
Memory content before bitflip:0x6c0x3a0x040x000x000x000x000x00
Fault Model: LSB bit-flip
base address to flip value: 0x7fffffffdb48
address max offset: 8
Memory content after  bitflip:0x6c0x3a0x040x000x000x000x000x02
frame name: main
symbol name: rec_sum
symbol filename: nn.c
symbol line: 89
value: 144115188076132972
value address: 0x7fffffffdb48
Type: The type is an integer type.
Type sizeof: 8

[INFO -- 2018-12-09 18:37:17]
Fault Injection Successful after 1.0956697463989258s
[INFO -- 2018-12-09 18:37:18]
event type: exit
[INFO -- 2018-12-09 18:37:18]
exit code: 0
