[INFO -- 2018-10-09 09:25:50]
sending 5 signals using command: 'killall -2 fft_nn.out' after 21.1810159721s
[INFO -- 2018-10-09 09:25:52]
sending 5 signals using command: 'killall -2 fft_nn.out' after 22.259101592s
[INFO -- 2018-10-09 09:25:54]
sending 5 signals using command: 'killall -2 fft_nn.out' after 24.2170574449s
[INFO -- 2018-10-09 09:25:54]
Starting GDB script
[INFO -- 2018-10-09 09:25:54]
initSignal:0.0
[INFO -- 2018-10-09 09:25:54]
endSignal:5.0
[INFO -- 2018-10-09 09:25:55]
sending 5 signals using command: 'killall -2 fft_nn.out' after 1.59803967534s
[INFO -- 2018-10-09 09:25:57]
sending 5 signals using command: 'killall -2 fft_nn.out' after 3.84475949049s
[INFO -- 2018-10-09 09:25:58]
sending 5 signals using command: 'killall -2 fft_nn.out' after 4.69251563847s
[INFO -- 2018-10-09 09:26:15]
Execution finished before waitTime
