[INFO -- 2018-12-03 05:55:17]
Starting flip_value script
version: 1.1
[INFO -- 2018-12-03 05:55:17]
Initialization strings:
[INFO -- 2018-12-03 05:55:17]
(1) file /home/latansini/carol-fi/carol-fi/codes/nnfulldup/nn-knl-files/nn
[INFO -- 2018-12-03 05:55:17]
(2) set args /home/latansini/carol-fi/carol-fi/codes/nnfulldup/nn-knl-files/filelist 20 5 5 /home/latansini/carol-fi/carol-fi/codes/nnfulldup/nn-knl-files/out20_5_5
[INFO -- 2018-12-03 05:55:17]
initSignal:0
[INFO -- 2018-12-03 05:55:17]
endSignal:2
[INFO -- 2018-12-03 05:55:17]
faultModel:1
[EXCEPTION -- 2018-12-03 05:55:18]
gdbException: Attempt to dereference a generic pointer.
[INFO -- 2018-12-03 05:55:18]
Backtrace BEGIN:
#0  0x00007ffff78d4e84 in ?? () from /usr/lib/x86_64-linux-gnu/libgomp.so.1
#1  0x00007ffff78d3ae9 in ?? () from /usr/lib/x86_64-linux-gnu/libgomp.so.1
#2  0x0000000000400f98 in nn_wrapper (filename=0x7fffffffe7d7 "/home/latansini/carol-fi/carol-fi/codes/nnfulldup/nn-knl-files/filelist", k=20, target_lat=5, target_long=5) at nn.c:97
#3  0x000000000040148d in main (argc=6, argv=0x7fffffffe568) at nn.c:195

69	in dl-debug.c

Backtrace END
Fliping a bit of the value pointed by a pointer
Memory content before bitflip:0x9f0x050x940x43
Fault Model: Double bit-flip
base address to flip value: 0x6029c0
address max offset: 4
Memory content after  bitflip:0xb70x050x940x43
frame name: nn_wrapper
symbol name: z
symbol filename: nn.c
symbol line: 64
value: 0x6029c0
value address: 0x7fffffffe408
Type: The type is a pointer.
Type sizeof: 8

[INFO -- 2018-12-03 05:55:18]
Fault Injection Successful after 1.27001190186s
[INFO -- 2018-12-03 05:55:20]
event type: exit
[INFO -- 2018-12-03 05:55:20]
exit code: 0
