[INFO -- 2018-10-10 12:22:49]
sending 5 signals using command: 'killall -2 fft_nn.out' after 21.3770382228s
[INFO -- 2018-10-10 12:22:51]
sending 5 signals using command: 'killall -2 fft_nn.out' after 22.4836404159s
[INFO -- 2018-10-10 12:22:53]
sending 5 signals using command: 'killall -2 fft_nn.out' after 24.6559689412s
[INFO -- 2018-10-10 12:22:53]
Starting GDB script
[INFO -- 2018-10-10 12:22:53]
initSignal:0.0
[INFO -- 2018-10-10 12:22:53]
endSignal:5.0
[INFO -- 2018-10-10 12:22:53]
sending 5 signals using command: 'killall -2 fft_nn.out' after 0.45905435166s
[INFO -- 2018-10-10 12:22:55]
sending 5 signals using command: 'killall -2 fft_nn.out' after 2.32575626715s
[INFO -- 2018-10-10 12:22:56]
sending 5 signals using command: 'killall -2 fft_nn.out' after 2.96905697361s
[INFO -- 2018-10-10 12:23:14]
Execution finished before waitTime
