[INFO -- 2018-11-30 18:32:03]
Starting flip_value script
version: 1.1
[INFO -- 2018-11-30 18:32:03]
Initialization strings:
[INFO -- 2018-11-30 18:32:03]
(1) file /home/lignati/carol-fi/codes/inversefulldup/inversek2j.nn.out
[INFO -- 2018-11-30 18:32:03]
(2) set args /home/lignati/carol-fi/codes/inversefulldup/input_250k /home/lignati/carol-fi/codes/inversefulldup/output_falha.data
[INFO -- 2018-11-30 18:32:03]
initSignal:0
[INFO -- 2018-11-30 18:32:03]
endSignal:25
[INFO -- 2018-11-30 18:32:03]
faultModel:2
[INFO -- 2018-11-30 18:32:05]
Backtrace BEGIN:
#0  0x00007ffff7012e5f in str_to_mpn (str=0x7fffffffcb37 "063750982284546e-03", str@entry=0x7fffffffcb30 "7.60421063750982284546e-03", digcnt=15, digcnt@entry=21, n=n@entry=0x7fffffffca50, nsize=nsize@entry=0x7fffffffca20, exponent=exponent@entry=0x7fffffffca30, decimal_len=decimal_len@entry=1, thousands=thousands@entry=0x0, decimal=<optimized out>) at strtod_l.c:354
#1  0x00007ffff7013c2b in __GI_____strtof_l_internal (nptr=<optimized out>, endptr=<optimized out>, group=<optimized out>, loc=<optimized out>) at strtod_l.c:1427
#2  0x00007ffff7012d60 in __GI___strtof_internal (nptr=<optimized out>, endptr=<optimized out>, group=<optimized out>) at strtod.c:54
#3  0x00007ffff702c948 in _IO_vfscanf_internal (s=s@entry=0x6085c0, format=<optimized out>, argptr=argptr@entry=0x7fffffffcf38, errp=errp@entry=0x0) at vfscanf.c:2365
#4  0x00007ffff7033162 in __isoc99_fscanf (stream=0x6085c0, format=<optimized out>) at isoc99_fscanf.c:34
#5  0x00007ffff7bcac42 in fann_create_from_fd () from /usr/local/lib/libfann.so.2
#6  0x00007ffff7bc8073 in fann_create_from_file () from /usr/local/lib/libfann.so.2
#7  0x0000000000402061 in inversek2j(float, float, float*, float*) ()
#8  0x000000000040179a in main ()

349	strtod_l.c: No such file or directory.

Backtrace END
Memory content before bitflip:0xfe0xff0xff0xff0xff0xff0xff0xff
Fault Model: Random bit-flip
base address to flip value: 0x7fffffffca30
address max offset: 8
Memory content after  bitflip:0x8c0x560xcf0xcf0xb60x6f0x140x9d
frame name: __GI_____strtof_l_internal
symbol name: exponent
symbol filename: strtod_l.c
symbol line: 486
value: -7127949479259449716
value address: 0x7fffffffca30
Type: The type is an integer type.
Type sizeof: 8

[INFO -- 2018-11-30 18:32:05]
Fault Injection Successful after 2.350743532180786s
[INFO -- 2018-11-30 18:32:28]
event type: exit
[INFO -- 2018-11-30 18:32:28]
exit code: 0
