[INFO -- 2018-10-11 05:11:09]
sending 5 signals using command: 'killall -2 fft_nn.out' after 21.904508927s
[INFO -- 2018-10-11 05:11:11]
sending 5 signals using command: 'killall -2 fft_nn.out' after 23.9672951548s
[INFO -- 2018-10-11 05:11:12]
sending 5 signals using command: 'killall -2 fft_nn.out' after 24.5460858156s
[INFO -- 2018-10-11 05:11:12]
Starting GDB script
[INFO -- 2018-10-11 05:11:12]
initSignal:0.0
[INFO -- 2018-10-11 05:11:12]
endSignal:5.0
[INFO -- 2018-10-11 05:11:12]
sending 5 signals using command: 'killall -2 fft_nn.out' after 0.81837594325s
[INFO -- 2018-10-11 05:11:15]
sending 5 signals using command: 'killall -2 fft_nn.out' after 2.93100950435s
[INFO -- 2018-10-11 05:11:15]
sending 5 signals using command: 'killall -2 fft_nn.out' after 3.27944181971s
[INFO -- 2018-10-11 05:11:33]
Execution finished before waitTime
