[INFO -- 2018-10-08 10:36:08]
sending 5 signals using command: 'killall -2 fft_nn.out' after 21.9604473067s
[INFO -- 2018-10-08 10:36:08]
sending 5 signals using command: 'killall -2 fft_nn.out' after 22.3672821211s
[INFO -- 2018-10-08 10:36:10]
sending 5 signals using command: 'killall -2 fft_nn.out' after 24.0291572293s
[INFO -- 2018-10-08 10:36:10]
Starting GDB script
[INFO -- 2018-10-08 10:36:10]
initSignal:0.0
[INFO -- 2018-10-08 10:36:10]
endSignal:5.0
[INFO -- 2018-10-08 10:36:11]
sending 5 signals using command: 'killall -2 fft_nn.out' after 1.77802854711s
[INFO -- 2018-10-08 10:36:12]
sending 5 signals using command: 'killall -2 fft_nn.out' after 2.15507987912s
[INFO -- 2018-10-08 10:36:15]
sending 5 signals using command: 'killall -2 fft_nn.out' after 4.79007858268s
[INFO -- 2018-10-08 10:36:30]
Execution finished before waitTime
