[INFO -- 2018-12-01 07:13:06]
Starting flip_value script
version: 1.1
[INFO -- 2018-12-01 07:13:06]
Initialization strings:
[INFO -- 2018-12-01 07:13:06]
(1) file /home/latansini/Desktop/CAROL-FI/etapa2/carol-fi/codes/fftfulldup/fft_nn.out
[INFO -- 2018-12-01 07:13:06]
(2) set args 32768 /home/latansini/Desktop/CAROL-FI/etapa2/carol-fi/codes/fftfulldup/output.data
[INFO -- 2018-12-01 07:13:06]
initSignal:0
[INFO -- 2018-12-01 07:13:06]
endSignal:40
[INFO -- 2018-12-01 07:13:06]
faultModel:2
[EXCEPTION -- 2018-12-01 07:13:22]
gdbException: Tentativo de desreferenciar um ponteiro genérico.
[INFO -- 2018-12-01 07:13:22]
Backtrace BEGIN:
#0  0x00007ffff6f95362 in round_away (mode=0, more_bits=true, half_bit=true, last_digit_odd=false, negative=false) at ../include/rounding-mode.h:52
#1  round_and_return (retval=0x7fffffffcdb0, exponent=0, negative=negative@entry=0, round_limb=round_limb@entry=14933872592686153727, round_bit=<optimized out>, more_bits=1) at strtod_l.c:296
#2  0x00007ffff6f96332 in __GI_____strtof_l_internal (nptr=<optimized out>, endptr=<optimized out>, group=<optimized out>, loc=<optimized out>) at strtod_l.c:1613
#3  0x00007ffff6f94d60 in __GI___strtof_internal (nptr=<optimized out>, endptr=<optimized out>, group=<optimized out>) at strtod.c:54
#4  0x00007ffff6fae948 in _IO_vfscanf_internal (s=s@entry=0x618f00, format=<optimized out>, argptr=argptr@entry=0x7fffffffd2a8, errp=errp@entry=0x0) at vfscanf.c:2365
#5  0x00007ffff6fb5162 in __isoc99_fscanf (stream=0x618f00, format=<optimized out>) at isoc99_fscanf.c:34
#6  0x00007ffff7bcf187 in fann_create_from_fd () from /usr/local/lib/libfann.so.2
#7  0x00007ffff7bcf608 in fann_create_from_file () from /usr/local/lib/libfann.so.2
#8  0x0000000000401de7 in radix2DitCooleyTykeyFft(int, int*, Complex*, Complex*) ()
#9  0x0000000000401857 in main ()

47	in ../include/rounding-mode.h

Backtrace END
Fliping array at pos: 1
Memory content before bitflip:0x000x000x620xac0xc50xeb0x780xad
Fault Model: Random bit-flip
base address to flip value: 0x7fffffffce18
address max offset: 8
Memory content after  bitflip:0xa00x080xf00xcc0xc30xd00x350x4f
frame name: __GI_____strtof_l_internal
symbol name: den
symbol filename: strtod_l.c
symbol line: 494
value: {0, 5707697642137454752, 188, 188, 4, 27455186257, 140737488343248, 5, 18446744073709551615, 4294956504}
value address: 0x7fffffffce10
Type: The type is an array.
Type sizeof: 80
Field name: None
Field Type: A range type, that is, an integer type with bounds.
Field Type sizeof: 8
Field Type range: (0, 9)

[INFO -- 2018-12-01 07:13:22]
Fault Injection Successful after 16.368391513824463s
[INFO -- 2018-12-01 07:13:45]
event type: exit
[INFO -- 2018-12-01 07:13:45]
exit code: 0
