[INFO -- 2018-10-11 22:17:40]
sending 5 signals using command: 'killall -2 fft_nn.out' after 22.8549514902s
[INFO -- 2018-10-11 22:17:41]
sending 5 signals using command: 'killall -2 fft_nn.out' after 23.9842352264s
[INFO -- 2018-10-11 22:17:41]
sending 5 signals using command: 'killall -2 fft_nn.out' after 24.6933448851s
[INFO -- 2018-10-11 22:17:42]
Starting GDB script
[INFO -- 2018-10-11 22:17:42]
initSignal:0.0
[INFO -- 2018-10-11 22:17:42]
endSignal:5.0
[INFO -- 2018-10-11 22:17:42]
sending 5 signals using command: 'killall -2 fft_nn.out' after 0.569220986252s
[INFO -- 2018-10-11 22:17:44]
sending 5 signals using command: 'killall -2 fft_nn.out' after 2.82655479779s
[INFO -- 2018-10-11 22:17:46]
sending 5 signals using command: 'killall -2 fft_nn.out' after 4.88640734334s
[INFO -- 2018-10-11 22:18:02]
Execution finished before waitTime
