[INFO -- 2018-10-17 05:04:13]
Starting flip_value script
version: 1.1
[INFO -- 2018-10-17 05:04:13]
Initialization strings:
[INFO -- 2018-10-17 05:04:13]
(1) file /home/latansini/Desktop/trabalhoftf/carol-fi/sample-code/inverse_nn/inversek2j_nn.out
[INFO -- 2018-10-17 05:04:13]
(2) set args /home/latansini/Desktop/trabalhoftf/carol-fi/sample-code/inverse_nn/input_250k /home/latansini/Desktop/trabalhoftf/carol-fi/sample-code/inverse_nn/output_falha.data
[INFO -- 2018-10-17 05:04:13]
initSignal:0
[INFO -- 2018-10-17 05:04:13]
endSignal:2
[INFO -- 2018-10-17 05:04:13]
faultModel:0
[INFO -- 2018-10-17 05:04:14]
Backtrace BEGIN:
#0  0x00007ffff700cc86 in __mpn_mul (prodp=prodp@entry=0x7fffffffcc40, up=0x7ffff714b088 <__tens+72>, usize=1, vp=vp@entry=0x7fffffffcbf0, vsize=vsize@entry=1) at mul.c:57
#1  0x00007ffff7012bb9 in __GI_____strtof_l_internal (nptr=<optimized out>, endptr=<optimized out>, group=<optimized out>, loc=<optimized out>) at strtod_l.c:1408
#2  0x00007ffff7011d60 in __GI___strtof_internal (nptr=<optimized out>, endptr=<optimized out>, group=<optimized out>) at strtod.c:54
#3  0x00007ffff702b948 in _IO_vfscanf_internal (s=s@entry=0x608610, format=<optimized out>, argptr=argptr@entry=0x7fffffffd0d8, errp=errp@entry=0x0) at vfscanf.c:2365
#4  0x00007ffff7032162 in __isoc99_fscanf (stream=0x608610, format=<optimized out>) at isoc99_fscanf.c:34
#5  0x00007ffff7bcf187 in fann_create_from_fd () from /usr/local/lib/libfann.so.2
#6  0x00007ffff7bcf608 in fann_create_from_file () from /usr/local/lib/libfann.so.2
#7  0x000000000040199e in inversek2j(float, float, float*, float*) ()
#8  0x0000000000401631 in main ()

52	mul.c: Arquivo ou diretório não encontrado.

Backtrace END
Fliping array at pos: 15
Memory content before bitflip:0x74
Fault Model: Single bit-flip
base address to flip value: 0x7ffff715cb8f  
address max offset: 1
Memory content after  bitflip:0x54
frame name: __GI_____strtof_l_internal
symbol name: __PRETTY_FUNCTION__
symbol filename: strtof_l.c
symbol line: 0
value: "____strtof_l_inTernal"
value address: 0x7ffff715cb80 <__PRETTY_FUNCTION__.11547>
Type: The type is an array.
Type sizeof: 22
Field name: None
Field Type: A range type, that is, an integer type with bounds.
Field Type sizeof: 8
Field Type range: (0, 21)

[INFO -- 2018-10-17 05:04:14]
Fault Injection Successful after 1.875840663909912s
[INFO -- 2018-10-17 05:04:23]
event type: exit
[INFO -- 2018-10-17 05:04:23]
exit code: 0
