[INFO -- 2018-10-11 03:08:57]
sending 5 signals using command: 'killall -2 fft_nn.out' after 21.2058694809s
[INFO -- 2018-10-11 03:08:57]
sending 5 signals using command: 'killall -2 fft_nn.out' after 21.2728293481s
[INFO -- 2018-10-11 03:08:58]
sending 5 signals using command: 'killall -2 fft_nn.out' after 22.9335719658s
[INFO -- 2018-10-11 03:08:58]
Starting GDB script
[INFO -- 2018-10-11 03:08:58]
initSignal:0.0
[INFO -- 2018-10-11 03:08:58]
endSignal:5.0
[INFO -- 2018-10-11 03:09:00]
sending 5 signals using command: 'killall -2 fft_nn.out' after 1.76777299588s
[INFO -- 2018-10-11 03:09:01]
sending 5 signals using command: 'killall -2 fft_nn.out' after 2.71851132203s
[INFO -- 2018-10-11 03:09:02]
sending 5 signals using command: 'killall -2 fft_nn.out' after 3.46760848926s
[INFO -- 2018-10-11 03:09:19]
Execution finished before waitTime
