[INFO -- 2018-10-08 22:20:46]
sending 5 signals using command: 'killall -2 fft_nn.out' after 21.6983631363s
[INFO -- 2018-10-08 22:20:47]
sending 5 signals using command: 'killall -2 fft_nn.out' after 23.031762386s
[INFO -- 2018-10-08 22:20:48]
sending 5 signals using command: 'killall -2 fft_nn.out' after 23.5948601599s
[INFO -- 2018-10-08 22:20:48]
Starting GDB script
[INFO -- 2018-10-08 22:20:48]
initSignal:0.0
[INFO -- 2018-10-08 22:20:48]
endSignal:5.0
[INFO -- 2018-10-08 22:20:49]
sending 5 signals using command: 'killall -2 fft_nn.out' after 0.943207897512s
[INFO -- 2018-10-08 22:20:51]
sending 5 signals using command: 'killall -2 fft_nn.out' after 2.46367016821s
[INFO -- 2018-10-08 22:20:53]
sending 5 signals using command: 'killall -2 fft_nn.out' after 4.65594425889s
[INFO -- 2018-10-08 22:21:09]
Execution finished before waitTime
