[INFO -- 2018-10-12 05:00:19]
sending 5 signals using command: 'killall -2 fft_nn.out' after 21.3179983576s
[INFO -- 2018-10-12 05:00:19]
sending 5 signals using command: 'killall -2 fft_nn.out' after 21.7037543884s
[INFO -- 2018-10-12 05:00:19]
sending 5 signals using command: 'killall -2 fft_nn.out' after 21.8380640174s
[INFO -- 2018-10-12 05:00:19]
Starting GDB script
[INFO -- 2018-10-12 05:00:19]
initSignal:0.0
[INFO -- 2018-10-12 05:00:19]
endSignal:5.0
[INFO -- 2018-10-12 05:00:20]
sending 5 signals using command: 'killall -2 fft_nn.out' after 0.921165953615s
[INFO -- 2018-10-12 05:00:22]
sending 5 signals using command: 'killall -2 fft_nn.out' after 2.2140146298s
[INFO -- 2018-10-12 05:00:22]
sending 5 signals using command: 'killall -2 fft_nn.out' after 2.45907580465s
[INFO -- 2018-10-12 05:00:40]
Execution finished before waitTime
