[INFO -- 2018-10-09 16:39:17]
Starting flip_value script
version: 1.1
[INFO -- 2018-10-09 16:39:17]
Initialization strings:
[INFO -- 2018-10-09 16:39:17]
(1) file /tmp/fft_nn/fft_nn.out
[INFO -- 2018-10-09 16:39:17]
(2) set args 32768 /tmp/fft_nn/output_falha.data
[INFO -- 2018-10-09 16:39:17]
initSignal:20
[INFO -- 2018-10-09 16:39:17]
endSignal:25
[INFO -- 2018-10-09 16:39:17]
faultModel:4
[INFO -- 2018-10-09 16:39:37]
Backtrace BEGIN:
#0  __mpn_mul_1 () at ../sysdeps/x86_64/mul_1.S:32
#1  0x00007ffff70230a8 in hack_digit () at printf_fp.c:263
#2  0x00007ffff7023f68 in ___printf_fp (fp=fp@entry=0x7fffffffd2a0, info=info@entry=0x7fffffffce10, args=args@entry=0x7fffffffcde0) at printf_fp.c:939
#3  0x00007ffff70226d3 in _IO_vfprintf_internal (s=s@entry=0x7fffffffd2a0, format=<optimized out>, format@entry=0x7fffffffd5a0 "%.*g", ap=ap@entry=0x7fffffffd408) at vfprintf.c:1660
#4  0x00007ffff7046499 in _IO_vsnprintf (string=0x7fffffffd510 "", maxlen=<optimized out>, format=0x7fffffffd5a0 "%.*g", args=0x7fffffffd408) at vsnprintf.c:119
#5  0x00007ffff793ee10 in ?? () from /usr/lib/x86_64-linux-gnu/libstdc++.so.6
#6  0x00007ffff7945264 in std::ostreambuf_iterator<char, std::char_traits<char> > std::num_put<char, std::ostreambuf_iterator<char, std::char_traits<char> > >::_M_insert_float<double>(std::ostreambuf_iterator<char, std::char_traits<char> >, std::ios_base&, char, char, double) const () from /usr/lib/x86_64-linux-gnu/libstdc++.so.6
#7  0x00007ffff7945550 in std::num_put<char, std::ostreambuf_iterator<char, std::char_traits<char> > >::do_put(std::ostreambuf_iterator<char, std::char_traits<char> >, std::ios_base&, char, double) const () from /usr/lib/x86_64-linux-gnu/libstdc++.so.6
#8  0x00007ffff7950af5 in std::ostream& std::ostream::_M_insert<double>(double) () from /usr/lib/x86_64-linux-gnu/libstdc++.so.6
#9  0x0000000000401690 in main ()

27	../sysdeps/x86_64/mul_1.S: Arquivo ou diretório não encontrado.

Backtrace END
Memory content before bitflip:0x300xcc0xff0xff0xff0x7f0x000x00
Fault Model: LSB bit-flip
base address to flip value: 0x7fffffffc9e8
address max offset: 8
Memory content after  bitflip:0x300xcc0xff0xff0xff0x7f0x000x01
frame name: hack_digit
symbol name: fracsize
symbol filename: printf_fp.c
symbol line: 190
value: 72198331526270000
value address: 0x7fffffffc9e8
Type: The type is an integer type.
Type sizeof: 8

[INFO -- 2018-10-09 16:39:37]
Fault Injection Successful after 20.208751440048218s
[INFO -- 2018-10-09 16:39:37]
event type: exit
[INFO -- 2018-10-09 16:39:37]
exit code: 0
