[INFO -- 2018-12-02 06:20:24]
Starting flip_value script
version: 1.1
[INFO -- 2018-12-02 06:20:24]
Initialization strings:
[INFO -- 2018-12-02 06:20:24]
(1) file /home/latansini/Desktop/CAROL-FI/etapa2/carol-fi/codes/fftfulldup/fft_nn.out
[INFO -- 2018-12-02 06:20:24]
(2) set args 32768 /home/latansini/Desktop/CAROL-FI/etapa2/carol-fi/codes/fftfulldup/output.data
[INFO -- 2018-12-02 06:20:24]
initSignal:0
[INFO -- 2018-12-02 06:20:24]
endSignal:40
[INFO -- 2018-12-02 06:20:24]
faultModel:2
[INFO -- 2018-12-02 06:20:27]
Backtrace BEGIN:
#0  __expf_finite () at ../sysdeps/x86_64/fpu/e_expf.S:97
#1  0x00007ffff756ba42 in __GI___expf (x=-2,43951178) at ../sysdeps/ieee754/flt-32/w_expf.c:26
#2  0x00007ffff7bc5284 in fann_run () from /usr/local/lib/libfann.so.2
#3  0x0000000000401dfe in radix2DitCooleyTykeyFft(int, int*, Complex*, Complex*) ()
#4  0x0000000000401857 in main ()

92	../sysdeps/x86_64/fpu/e_expf.S: Arquivo ou diretório não encontrado.

Backtrace END
Memory content before bitflip:0xf60x200x1c0xc0
Fault Model: Random bit-flip
base address to flip value: 0x7fffffffd3ec
address max offset: 4
Memory content after  bitflip:0xab0xfc0xba0x89
frame name: __GI___expf
symbol name: x
symbol filename: ../sysdeps/ieee754/flt-32/w_expf.c
symbol line: 24
value: -4,5015479e-33
value address: 0x7fffffffd3ec
Type: A floating point type.
Type sizeof: 4

[INFO -- 2018-12-02 06:20:27]
Fault Injection Successful after 3.448697090148926s
[INFO -- 2018-12-02 06:21:03]
event type: exit
[INFO -- 2018-12-02 06:21:03]
exit code: 0
