[INFO -- 2018-10-10 04:16:27]
sending 5 signals using command: 'killall -2 fft_nn.out' after 21.7228162158s
[INFO -- 2018-10-10 04:16:29]
sending 5 signals using command: 'killall -2 fft_nn.out' after 23.5775320561s
[INFO -- 2018-10-10 04:16:29]
sending 5 signals using command: 'killall -2 fft_nn.out' after 23.7043786209s
[INFO -- 2018-10-10 04:16:29]
Starting GDB script
[INFO -- 2018-10-10 04:16:29]
initSignal:0.0
[INFO -- 2018-10-10 04:16:29]
endSignal:5.0
[INFO -- 2018-10-10 04:16:29]
sending 5 signals using command: 'killall -2 fft_nn.out' after 0.146557944947s
[INFO -- 2018-10-10 04:16:31]
sending 5 signals using command: 'killall -2 fft_nn.out' after 2.24166585593s
[INFO -- 2018-10-10 04:16:33]
sending 5 signals using command: 'killall -2 fft_nn.out' after 3.99043267349s
[INFO -- 2018-10-10 04:16:50]
Execution finished before waitTime
