[INFO -- 2018-10-10 20:17:36]
sending 5 signals using command: 'killall -2 fft_nn.out' after 23.5145650186s
[INFO -- 2018-10-10 20:17:36]
sending 5 signals using command: 'killall -2 fft_nn.out' after 23.5385613705s
[INFO -- 2018-10-10 20:17:37]
sending 5 signals using command: 'killall -2 fft_nn.out' after 23.9993615618s
[INFO -- 2018-10-10 20:17:37]
Starting GDB script
[INFO -- 2018-10-10 20:17:37]
initSignal:0.0
[INFO -- 2018-10-10 20:17:37]
endSignal:5.0
[INFO -- 2018-10-10 20:17:38]
sending 5 signals using command: 'killall -2 fft_nn.out' after 1.230829678s
[INFO -- 2018-10-10 20:17:39]
sending 5 signals using command: 'killall -2 fft_nn.out' after 1.99222924137s
[INFO -- 2018-10-10 20:17:40]
sending 5 signals using command: 'killall -2 fft_nn.out' after 2.92207301651s
[INFO -- 2018-10-10 20:17:58]
Execution finished before waitTime
