[INFO -- 2018-10-11 03:01:49]
sending 5 signals using command: 'killall -2 fft_nn.out' after 23.3514509487s
[INFO -- 2018-10-11 03:01:49]
sending 5 signals using command: 'killall -2 fft_nn.out' after 24.0038373726s
[INFO -- 2018-10-11 03:01:50]
sending 5 signals using command: 'killall -2 fft_nn.out' after 24.8747630201s
[INFO -- 2018-10-11 03:01:50]
Starting GDB script
[INFO -- 2018-10-11 03:01:50]
initSignal:0.0
[INFO -- 2018-10-11 03:01:50]
endSignal:5.0
[INFO -- 2018-10-11 03:01:51]
sending 5 signals using command: 'killall -2 fft_nn.out' after 1.00300270028s
[INFO -- 2018-10-11 03:01:52]
sending 5 signals using command: 'killall -2 fft_nn.out' after 1.67057966205s
[INFO -- 2018-10-11 03:01:55]
sending 5 signals using command: 'killall -2 fft_nn.out' after 4.69477133699s
[INFO -- 2018-10-11 03:02:11]
Execution finished before waitTime
