[INFO -- 2018-12-02 16:57:16]
Starting flip_value script
version: 1.1
[INFO -- 2018-12-02 16:57:16]
Initialization strings:
[INFO -- 2018-12-02 16:57:16]
(1) file /home/latansini/Desktop/CAROL-FI/etapa2/carol-fi/codes/fftfulldup/fft_nn.out
[INFO -- 2018-12-02 16:57:16]
(2) set args 32768 /home/latansini/Desktop/CAROL-FI/etapa2/carol-fi/codes/fftfulldup/output.data
[INFO -- 2018-12-02 16:57:16]
initSignal:0
[INFO -- 2018-12-02 16:57:16]
endSignal:40
[INFO -- 2018-12-02 16:57:16]
faultModel:2
[EXCEPTION -- 2018-12-02 16:57:29]
gdbException: Tentativo de desreferenciar um ponteiro genérico.
[INFO -- 2018-12-02 16:57:29]
Backtrace BEGIN:
#0  0x00007ffff7045d44 in __GI___fxstat (vers=<optimized out>, fd=5, buf=0x7fffffffd250) at ../sysdeps/unix/sysv/linux/wordsize-64/fxstat.c:35
#1  0x00007ffff6fc47d5 in __GI__IO_file_doallocate (fp=0x618f00) at filedoalloc.c:111
#2  0x00007ffff6fd24b5 in __GI__IO_doallocbuf (fp=fp@entry=0x618f00) at genops.c:418
#3  0x00007ffff6fd03ec in __GI__IO_file_xsgetn (fp=0x618f00, data=0x18a693e0, n=13) at fileops.c:1379
#4  0x00007ffff6fc586f in __GI__IO_fread (buf=<optimized out>, size=1, count=13, fp=0x618f00) at iofread.c:42
#5  0x00007ffff7bce817 in fann_create_from_fd () from /usr/local/lib/libfann.so.2
#6  0x00007ffff7bcf608 in fann_create_from_file () from /usr/local/lib/libfann.so.2
#7  0x0000000000401de7 in radix2DitCooleyTykeyFft(int, int*, Complex*, Complex*) ()
#8  0x0000000000401857 in main ()

30	../sysdeps/unix/sysv/linux/wordsize-64/fxstat.c: Arquivo ou diretório não encontrado.

Backtrace END
Fliping value of field: st_blocks
Memory content before bitflip:0x100x000x000x000x000x000x000x00
Fault Model: Random bit-flip
base address to flip value: 0x7fffffffd290
address max offset: 8
Memory content after  bitflip:0x3e0xbd0xb90x250xda0xe40xfa0x34
frame name: __GI__IO_file_doallocate
symbol name: st
symbol filename: filedoalloc.c
symbol line: 99
value: {st_dev = 2050, st_ino = 4856708, st_nlink = 1, st_mode = 33188, st_uid = 1000, st_gid = 1000, __pad0 = 0, st_rdev = 0, st_size = 5506, st_blksize = 4096, st_blocks = 3817615259736849726, st_atim = {tv_sec = 1543745538, tv_nsec = 1515377}, st_mtim = {tv_sec = 1537838998, tv_nsec = 0}, st_ctim = {tv_sec = 1543399938, tv_nsec = 866456162}, __glibc_reserved = {0, 0, 0}}
value address: 0x7fffffffd250
Type: The type is a structure.
Type sizeof: 144
Field name: st_dev
Field Type: The type is an integer type.
Field Type sizeof: 8
Field name: st_ino
Field Type: The type is an integer type.
Field Type sizeof: 8
Field name: st_nlink
Field Type: The type is an integer type.
Field Type sizeof: 8
Field name: st_mode
Field Type: The type is an integer type.
Field Type sizeof: 4
Field name: st_uid
Field Type: The type is an integer type.
Field Type sizeof: 4
Field name: st_gid
Field Type: The type is an integer type.
Field Type sizeof: 4
Field name: __pad0
Field Type: The type is an integer type.
Field Type sizeof: 4
Field name: st_rdev
Field Type: The type is an integer type.
Field Type sizeof: 8
Field name: st_size
Field Type: The type is an integer type.
Field Type sizeof: 8
Field name: st_blksize
Field Type: The type is an integer type.
Field Type sizeof: 8
Field name: st_blocks
Field Type: The type is an integer type.
Field Type sizeof: 8
Field name: st_atim
Field Type: The type is a structure.
Field Type sizeof: 16
Field name: st_mtim
Field Type: The type is a structure.
Field Type sizeof: 16
Field name: st_ctim
Field Type: The type is a structure.
Field Type sizeof: 16
Field name: __glibc_reserved
Field Type: The type is an array.
Field Type sizeof: 24

[INFO -- 2018-12-02 16:57:29]
Fault Injection Successful after 13.53617525100708s
[INFO -- 2018-12-02 16:57:55]
event type: exit
[INFO -- 2018-12-02 16:57:55]
exit code: 0
