[INFO -- 2018-10-11 09:15:15]
sending 5 signals using command: 'killall -2 fft_nn.out' after 24.0016337982s
[INFO -- 2018-10-11 09:15:15]
sending 5 signals using command: 'killall -2 fft_nn.out' after 24.0303206822s
[INFO -- 2018-10-11 09:15:16]
sending 5 signals using command: 'killall -2 fft_nn.out' after 24.9964484376s
[INFO -- 2018-10-11 09:15:17]
Starting GDB script
[INFO -- 2018-10-11 09:15:17]
initSignal:0.0
[INFO -- 2018-10-11 09:15:17]
endSignal:5.0
[INFO -- 2018-10-11 09:15:18]
sending 5 signals using command: 'killall -2 fft_nn.out' after 1.52649529388s
[INFO -- 2018-10-11 09:15:18]
sending 5 signals using command: 'killall -2 fft_nn.out' after 1.60358085498s
[INFO -- 2018-10-11 09:15:21]
sending 5 signals using command: 'killall -2 fft_nn.out' after 4.42295775773s
[INFO -- 2018-10-11 09:15:37]
Execution finished before waitTime
