[INFO -- 2018-10-15 10:06:11]
Starting flip_value script
version: 1.1
[INFO -- 2018-10-15 10:06:11]
Initialization strings:
[INFO -- 2018-10-15 10:06:11]
(1) file /home/latansini/Desktop/trabalhoftf/carol-fi/sample-code/inverse_nn/inversek2j_nn.out
[INFO -- 2018-10-15 10:06:11]
(2) set args /home/latansini/Desktop/trabalhoftf/carol-fi/sample-code/inverse_nn/input_250k /home/latansini/Desktop/trabalhoftf/carol-fi/sample-code/inverse_nn/output_falha.data
[INFO -- 2018-10-15 10:06:11]
initSignal:20
[INFO -- 2018-10-15 10:06:11]
endSignal:30
[INFO -- 2018-10-15 10:06:11]
faultModel:2
[EXCEPTION -- 2018-10-15 10:06:31]
gdbException: Tentativo de desreferenciar um ponteiro genérico.
[INFO -- 2018-10-15 10:06:31]
Backtrace BEGIN:
#0  0x00007ffff7011e02 in str_to_mpn (str=str@entry=0x7fffffffcd10 "2.38699245452880859375e+00", digcnt=digcnt@entry=1, n=n@entry=0x7fffffffcc30, nsize=nsize@entry=0x7fffffffcc00, exponent=exponent@entry=0x7fffffffcc10, decimal_len=decimal_len@entry=1, thousands=thousands@entry=0x0, decimal=0x7ffff715614b <dot> ".") at strtod_l.c:337
#1  0x00007ffff7013c0a in __GI_____strtof_l_internal (nptr=<optimized out>, endptr=0x7fffffffcf40, group=<optimized out>, loc=<optimized out>) at strtod_l.c:1176
#2  0x00007ffff7011d60 in __GI___strtof_internal (nptr=<optimized out>, endptr=<optimized out>, group=<optimized out>) at strtod.c:54
#3  0x00007ffff702b948 in _IO_vfscanf_internal (s=s@entry=0x608610, format=<optimized out>, argptr=argptr@entry=0x7fffffffd118, errp=errp@entry=0x0) at vfscanf.c:2365
#4  0x00007ffff7032162 in __isoc99_fscanf (stream=0x608610, format=<optimized out>) at isoc99_fscanf.c:34
#5  0x00007ffff7bcf187 in fann_create_from_fd () from /usr/local/lib/libfann.so.2
#6  0x00007ffff7bcf608 in fann_create_from_file () from /usr/local/lib/libfann.so.2
#7  0x000000000040199e in inversek2j(float, float, float*, float*) ()
#8  0x0000000000401631 in main ()

332	in strtod_l.c

Backtrace END
Memory content before bitflip:0x000x000x000x00
Fault Model: Random bit-flip
base address to flip value: 0x7fffffffcee0
address max offset: 4
Memory content after  bitflip:0x4d0xb50xac0x40
frame name: _IO_vfscanf_internal
symbol name: flags
symbol filename: vfscanf.c
symbol line: 222
value: 1085060429
value address: 0x7fffffffcee0
Type: The type is an integer type.
Type sizeof: 4

[INFO -- 2018-10-15 10:06:31]
Fault Injection Successful after 20.818172216415405s
[INFO -- 2018-10-15 10:07:02]
event type: exit
[INFO -- 2018-10-15 10:07:02]
exit code: 0
