[INFO -- 2018-10-11 01:04:32]
sending 5 signals using command: 'killall -2 fft_nn.out' after 21.6685225631s
[INFO -- 2018-10-11 01:04:33]
sending 5 signals using command: 'killall -2 fft_nn.out' after 22.6533225326s
[INFO -- 2018-10-11 01:04:33]
sending 5 signals using command: 'killall -2 fft_nn.out' after 22.7435449074s
[INFO -- 2018-10-11 01:04:34]
Starting GDB script
[INFO -- 2018-10-11 01:04:34]
initSignal:0.0
[INFO -- 2018-10-11 01:04:34]
endSignal:5.0
[INFO -- 2018-10-11 01:04:34]
sending 5 signals using command: 'killall -2 fft_nn.out' after 0.67523639812s
[INFO -- 2018-10-11 01:04:37]
sending 5 signals using command: 'killall -2 fft_nn.out' after 3.31324598937s
[INFO -- 2018-10-11 01:04:38]
sending 5 signals using command: 'killall -2 fft_nn.out' after 4.70298657429s
[INFO -- 2018-10-11 01:04:54]
Execution finished before waitTime
