[INFO -- 2018-10-09 18:04:45]
Starting flip_value script
version: 1.1
[INFO -- 2018-10-09 18:04:45]
Initialization strings:
[INFO -- 2018-10-09 18:04:45]
(1) file /tmp/fft_nn/fft_nn.out
[INFO -- 2018-10-09 18:04:45]
(2) set args 32768 /tmp/fft_nn/output_falha.data
[INFO -- 2018-10-09 18:04:45]
initSignal:10
[INFO -- 2018-10-09 18:04:45]
endSignal:15
[INFO -- 2018-10-09 18:04:45]
faultModel:2
[EXCEPTION -- 2018-10-09 18:04:56]
gdbException: Tentativo de desreferenciar um ponteiro genérico.
[EXCEPTION -- 2018-10-09 18:04:56]
gdbException: Tentativo de desreferenciar um ponteiro genérico.
[INFO -- 2018-10-09 18:04:56]
Backtrace BEGIN:
#0  0x00007ffff70138f2 in __GI_____strtof_l_internal (nptr=<optimized out>, endptr=<optimized out>, group=<optimized out>, loc=<optimized out>) at strtod_l.c:1592
#1  0x00007ffff7011d60 in __GI___strtof_internal (nptr=<optimized out>, endptr=<optimized out>, group=<optimized out>) at strtod.c:54
#2  0x00007ffff702b948 in _IO_vfscanf_internal (s=s@entry=0x6062c0, format=<optimized out>, argptr=argptr@entry=0x7fffffffd408, errp=errp@entry=0x0) at vfscanf.c:2365
#3  0x00007ffff7032162 in __isoc99_fscanf (stream=0x6062c0, format=<optimized out>) at isoc99_fscanf.c:34
#4  0x00007ffff7bcf187 in fann_create_from_fd () from /usr/local/lib/libfann.so.2
#5  0x00007ffff7bcf608 in fann_create_from_file () from /usr/local/lib/libfann.so.2
#6  0x00000000004019b7 in radix2DitCooleyTykeyFft(int, int*, Complex*, Complex*) ()
#7  0x0000000000401631 in main ()

1587	strtod_l.c: Arquivo ou diretório não encontrado.

Backtrace END
Memory content before bitflip:0x020x000x000x000x000x000x000x00
Fault Model: Random bit-flip
base address to flip value: 0x7fffffffcef0
address max offset: 8
Memory content after  bitflip:0x720x440x590x0a0x2a0x6e0x010xd0
frame name: __GI_____strtof_l_internal
symbol name: numsize
symbol filename: strtod_l.c
symbol line: 485
value: -3458361912002526094
value address: 0x7fffffffcef0
Type: The type is an integer type.
Type sizeof: 8

[INFO -- 2018-10-09 18:04:56]
Fault Injection Successful after 11.390761852264404s
[INFO -- 2018-10-09 18:05:05]
event type: exit
[INFO -- 2018-10-09 18:05:05]
exit code: 0
