[INFO -- 2018-10-11 06:02:23]
sending 5 signals using command: 'killall -2 fft_nn.out' after 21.8362593268s
[INFO -- 2018-10-11 06:02:25]
sending 5 signals using command: 'killall -2 fft_nn.out' after 23.8265819677s
[INFO -- 2018-10-11 06:02:25]
sending 5 signals using command: 'killall -2 fft_nn.out' after 24.5873125468s
[INFO -- 2018-10-11 06:02:26]
Starting GDB script
[INFO -- 2018-10-11 06:02:26]
initSignal:0.0
[INFO -- 2018-10-11 06:02:26]
endSignal:5.0
[INFO -- 2018-10-11 06:02:26]
sending 5 signals using command: 'killall -2 fft_nn.out' after 0.78012787764s
[INFO -- 2018-10-11 06:02:28]
sending 5 signals using command: 'killall -2 fft_nn.out' after 1.99707524217s
[INFO -- 2018-10-11 06:02:28]
sending 5 signals using command: 'killall -2 fft_nn.out' after 2.33001023417s
[INFO -- 2018-10-11 06:02:46]
Execution finished before waitTime
