[INFO -- 2018-10-12 14:16:20]
Starting flip_value script
version: 1.1
[INFO -- 2018-10-12 14:16:20]
Initialization strings:
[INFO -- 2018-10-12 14:16:20]
(1) file /tmp/fft_nn/fft_nn.out
[INFO -- 2018-10-12 14:16:20]
(2) set args 32768 /tmp/fft_nn/output_falha.data
[INFO -- 2018-10-12 14:16:20]
initSignal:15
[INFO -- 2018-10-12 14:16:20]
endSignal:20
[INFO -- 2018-10-12 14:16:20]
faultModel:3
[INFO -- 2018-10-12 14:16:36]
Backtrace BEGIN:
#0  __GI___libc_malloc (bytes=568) at malloc.c:2889
#1  0x00007ffff704237d in __fopen_internal (filename=0x4025a3 "./fft.nn", mode=0x7ffff7bd3cd1 "r", is32=1) at iofopen.c:73
#2  0x00007ffff7bcf5f5 in fann_create_from_file () from /usr/local/lib/libfann.so.2
#3  0x00000000004019b7 in radix2DitCooleyTykeyFft(int, int*, Complex*, Complex*) ()
#4  0x0000000000401631 in main ()

2884	malloc.c: Arquivo ou diretório não encontrado.

Backtrace END
Memory content before bitflip:0x000x000x000x000x000x000x000x00
Fault Model: Zero bit-flip
base address to flip value: 0x7ffff7398b00 
address max offset: 8
Memory content after  bitflip:0x000x000x000x000x000x000x000x00
frame name: __GI___libc_malloc
symbol name: arena_mem
symbol filename: arena.c
symbol line: 90
value: 0
value address: 0x7ffff7398b00 <arena_mem>
Type: The type is an integer type.
Type sizeof: 8

[INFO -- 2018-10-12 14:16:36]
Fault Injection Successful after 16.018989324569702s
[INFO -- 2018-10-12 14:16:39]
event type: exit
[INFO -- 2018-10-12 14:16:39]
exit code: 0
