[INFO -- 2018-10-18 15:08:02]
Starting flip_value script
version: 1.1
[INFO -- 2018-10-18 15:08:02]
Initialization strings:
[INFO -- 2018-10-18 15:08:02]
(1) file /home/latansini/Desktop/trabalhoftf/carol-fi/sample-code/knn/nn-knl-files/nn
[INFO -- 2018-10-18 15:08:02]
(2) set args /home/latansini/Desktop/trabalhoftf/carol-fi/sample-code/knn/nn-knl-files/filelist 15 25 25 /home/latansini/Desktop/trabalhoftf/carol-fi/sample-code/knn/nn-knl-files/out15_25_25
[INFO -- 2018-10-18 15:08:02]
initSignal:2
[INFO -- 2018-10-18 15:08:02]
endSignal:3
[INFO -- 2018-10-18 15:08:02]
faultModel:2
[EXCEPTION -- 2018-10-18 15:08:04]
pythonException: invalid frame
[EXCEPTION -- 2018-10-18 15:08:04]
pythonException: invalid frame
[INFO -- 2018-10-18 15:08:04]
Backtrace BEGIN:
#0  strlen () at ../sysdeps/x86_64/strlen.S:112
#1  0x00007ffff72ff3e9 in __GI_____strtod_l_internal (nptr=0x7fffffffd5db " 58.5 128.8  143  111\n1954  8 16 18  2 CHRIS      12.5 300.0   74  277\n1973  4  4 12 27 SANDY      10.8  42.0   32  790\n1990  1 25  6  2 GORDON     58.3  89.1   25  878\n1951  2  6  6  1 LESLIE     58."..., endptr=0x0, group=<optimized out>, loc=0x7ffff7681060 <_nl_global_locale>) at strtod_l.c:572
#2  0x000000000040150f in main._omp_fn.0 () at nn.c:118
#3  0x0000000000401193 in main (argc=6, argv=0x7fffffffd8b8) at nn.c:115

107	../sysdeps/x86_64/strlen.S: Arquivo ou diretório não encontrado.

Backtrace END
Fliping a bit of the value pointed by a pointer
Fliping a bit of the value pointed by a pointer
Memory content before bitflip:0x2f
Fault Model: Random bit-flip
base address to flip value: 0x7fffffffdc57 
address max offset: 1
Memory content after  bitflip:0x01
frame name: main
symbol name: argv
symbol filename: nn.c
symbol line: 29
value: 0x7fffffffd8b8
value address: 0x7fffffffd4e0
Type: The type is a pointer.
Type sizeof: 8

[INFO -- 2018-10-18 15:08:04]
Fault Injection Successful after 2.6136460304260254s
[INFO -- 2018-10-18 15:08:08]
event type: exit
[INFO -- 2018-10-18 15:08:08]
exit code: 0
