[INFO -- 2018-10-07 05:16:12]
sending 5 signals using command: 'killall -2 fft_nn.out' after 22.9358280416s
[INFO -- 2018-10-07 05:16:13]
sending 5 signals using command: 'killall -2 fft_nn.out' after 24.2652053327s
[INFO -- 2018-10-07 05:16:14]
sending 5 signals using command: 'killall -2 fft_nn.out' after 24.6012886693s
[INFO -- 2018-10-07 05:16:14]
Starting GDB script
[INFO -- 2018-10-07 05:16:14]
initSignal:0.0
[INFO -- 2018-10-07 05:16:14]
endSignal:5.0
[INFO -- 2018-10-07 05:16:15]
sending 5 signals using command: 'killall -2 fft_nn.out' after 1.55485362653s
[INFO -- 2018-10-07 05:16:15]
sending 5 signals using command: 'killall -2 fft_nn.out' after 1.62592075197s
[INFO -- 2018-10-07 05:16:17]
sending 5 signals using command: 'killall -2 fft_nn.out' after 3.05334858518s
[INFO -- 2018-10-07 05:16:34]
Execution finished before waitTime
