[INFO -- 2018-10-18 18:25:01]
Starting flip_value script
version: 1.1
[INFO -- 2018-10-18 18:25:01]
Initialization strings:
[INFO -- 2018-10-18 18:25:01]
(1) file /home/latansini/Desktop/trabalhoftf/carol-fi/sample-code/knn/nn-knl-files/nn
[INFO -- 2018-10-18 18:25:01]
(2) set args /home/latansini/Desktop/trabalhoftf/carol-fi/sample-code/knn/nn-knl-files/filelist 15 25 25 /home/latansini/Desktop/trabalhoftf/carol-fi/sample-code/knn/nn-knl-files/out15_25_25
[INFO -- 2018-10-18 18:25:01]
initSignal:0
[INFO -- 2018-10-18 18:25:01]
endSignal:1
[INFO -- 2018-10-18 18:25:01]
faultModel:0
[INFO -- 2018-10-18 18:25:01]
Backtrace BEGIN:
#0  0x000000000040122d in main (argc=6, argv=0x7fffffffd8b8) at nn.c:131

126	        for( i = 0 ; i < rec_count ; i++ ) {
127	            float max_dist = -1;
128	            int max_idx = 0;
129	            // find a neighbor with greatest dist and take his spot if allowed!
130	            for( j = 0 ; j < k ; j++ ) {
131	                if( neighbors[j].dist > max_dist ) {
132	                    max_dist = neighbors[j].dist;
133	                    max_idx = j;
134	                }
135	            }

Backtrace END
Memory content before bitflip:0xe60xff0xff0x3e
Fault Model: Single bit-flip
base address to flip value: 0x7fffffffd510
address max offset: 4
Memory content after  bitflip:0xe60xff0xff0x3f
frame name: main
symbol name: max_dist
symbol filename: nn.c
symbol line: 127
value: 1,9999969
value address: 0x7fffffffd510
Type: A floating point type.
Type sizeof: 4

[INFO -- 2018-10-18 18:25:01]
Fault Injection Successful after 0.5587983131408691s
[INFO -- 2018-10-18 18:25:06]
event type: exit
[INFO -- 2018-10-18 18:25:06]
exit code: 0
