[INFO -- 2018-10-18 15:54:28]
Starting flip_value script
version: 1.1
[INFO -- 2018-10-18 15:54:28]
Initialization strings:
[INFO -- 2018-10-18 15:54:28]
(1) file /home/latansini/Desktop/trabalhoftf/carol-fi/sample-code/knn/nn-knl-files/nn
[INFO -- 2018-10-18 15:54:28]
(2) set args /home/latansini/Desktop/trabalhoftf/carol-fi/sample-code/knn/nn-knl-files/filelist 15 25 25 /home/latansini/Desktop/trabalhoftf/carol-fi/sample-code/knn/nn-knl-files/out15_25_25
[INFO -- 2018-10-18 15:54:28]
initSignal:2
[INFO -- 2018-10-18 15:54:28]
endSignal:3
[INFO -- 2018-10-18 15:54:28]
faultModel:2
[EXCEPTION -- 2018-10-18 15:54:31]
pythonException: invalid frame
[EXCEPTION -- 2018-10-18 15:54:31]
pythonException: invalid literal for int() with base 16: '0x7fffffffd646 ...'
[EXCEPTION -- 2018-10-18 15:54:31]
pythonException: invalid frame
[EXCEPTION -- 2018-10-18 15:54:31]
pythonException: invalid frame
[INFO -- 2018-10-18 15:54:31]
Backtrace BEGIN:
#0  0x00007ffff78bddf3 in ?? () from /usr/lib/x86_64-linux-gnu/libgomp.so.1
#1  0x00007ffff78bb6da in ?? () from /usr/lib/x86_64-linux-gnu/libgomp.so.1
#2  0x00007ffff768f184 in start_thread (arg=0x7ffff60b7700) at pthread_create.c:312
#3  0x00007ffff73bc03d in clone () at ../sysdeps/unix/sysv/linux/x86_64/clone.S:111

1511	in strtod_l.c

Backtrace END
Memory content before bitflip:0x0f0x000x000x00
Fault Model: Random bit-flip
base address to flip value: 0x7fffffffd500
address max offset: 4
Memory content after  bitflip:0x8b0x2c0xd30xcc
frame name: main
symbol name: j
symbol filename: nn.c
symbol line: 31
value: -858575733
value address: 0x7fffffffd500
Type: The type is an integer type.
Type sizeof: 4

[INFO -- 2018-10-18 15:54:31]
Fault Injection Successful after 3.046173095703125s
[INFO -- 2018-10-18 15:54:34]
event type: exit
[INFO -- 2018-10-18 15:54:34]
exit code: 0
