[INFO -- 2018-10-11 00:18:13]
sending 5 signals using command: 'killall -2 fft_nn.out' after 22.8230652502s
[INFO -- 2018-10-11 00:18:14]
sending 5 signals using command: 'killall -2 fft_nn.out' after 23.0746818923s
[INFO -- 2018-10-11 00:18:14]
sending 5 signals using command: 'killall -2 fft_nn.out' after 23.8432457368s
[INFO -- 2018-10-11 00:18:15]
Starting GDB script
[INFO -- 2018-10-11 00:18:15]
initSignal:0.0
[INFO -- 2018-10-11 00:18:15]
endSignal:5.0
[INFO -- 2018-10-11 00:18:15]
sending 5 signals using command: 'killall -2 fft_nn.out' after 0.676869246088s
[INFO -- 2018-10-11 00:18:17]
sending 5 signals using command: 'killall -2 fft_nn.out' after 2.19147964801s
[INFO -- 2018-10-11 00:18:19]
sending 5 signals using command: 'killall -2 fft_nn.out' after 4.52788666532s
[INFO -- 2018-10-11 00:18:35]
Execution finished before waitTime
