[INFO -- 2018-10-11 16:42:38]
sending 5 signals using command: 'killall -2 fft_nn.out' after 23.0913504137s
[INFO -- 2018-10-11 16:42:39]
sending 5 signals using command: 'killall -2 fft_nn.out' after 24.1261428489s
[INFO -- 2018-10-11 16:42:39]
sending 5 signals using command: 'killall -2 fft_nn.out' after 24.2464672746s
[INFO -- 2018-10-11 16:42:39]
Starting GDB script
[INFO -- 2018-10-11 16:42:39]
initSignal:0.0
[INFO -- 2018-10-11 16:42:39]
endSignal:5.0
[INFO -- 2018-10-11 16:42:40]
sending 5 signals using command: 'killall -2 fft_nn.out' after 0.747074810801s
[INFO -- 2018-10-11 16:42:41]
sending 5 signals using command: 'killall -2 fft_nn.out' after 1.33741381376s
[INFO -- 2018-10-11 16:42:44]
sending 5 signals using command: 'killall -2 fft_nn.out' after 4.39943528399s
[INFO -- 2018-10-11 16:43:00]
Execution finished before waitTime
