[INFO -- 2018-10-15 20:38:35]
Starting flip_value script
version: 1.1
[INFO -- 2018-10-15 20:38:35]
Initialization strings:
[INFO -- 2018-10-15 20:38:35]
(1) file /home/latansini/Desktop/trabalhoftf/carol-fi/sample-code/inverse_nn/inversek2j_nn.out
[INFO -- 2018-10-15 20:38:35]
(2) set args /home/latansini/Desktop/trabalhoftf/carol-fi/sample-code/inverse_nn/input_250k /home/latansini/Desktop/trabalhoftf/carol-fi/sample-code/inverse_nn/output_falha.data
[INFO -- 2018-10-15 20:38:35]
initSignal:4
[INFO -- 2018-10-15 20:38:35]
endSignal:6
[INFO -- 2018-10-15 20:38:35]
faultModel:2
[INFO -- 2018-10-15 20:38:39]
Backtrace BEGIN:
#0  0x00007ffff701284f in __GI_____strtof_l_internal (nptr=<optimized out>, endptr=0x7fffffffcf00, group=<optimized out>, loc=<optimized out>) at strtod_l.c:925
#1  0x00007ffff7011d60 in __GI___strtof_internal (nptr=<optimized out>, endptr=<optimized out>, group=<optimized out>) at strtod.c:54
#2  0x00007ffff702b948 in _IO_vfscanf_internal (s=s@entry=0x608610, format=<optimized out>, argptr=argptr@entry=0x7fffffffd0d8, errp=errp@entry=0x0) at vfscanf.c:2365
#3  0x00007ffff7032162 in __isoc99_fscanf (stream=0x608610, format=<optimized out>) at isoc99_fscanf.c:34
#4  0x00007ffff7bcef44 in fann_create_from_fd () from /usr/local/lib/libfann.so.2
#5  0x00007ffff7bcf608 in fann_create_from_file () from /usr/local/lib/libfann.so.2
#6  0x000000000040199e in inversek2j(float, float, float*, float*) ()
#7  0x0000000000401631 in main ()

920	strtod_l.c: Arquivo ou diretório não encontrado.

Backtrace END
Fliping array at pos: 6
Memory content before bitflip:0x000xcf0xff0xff0xff0x7f0x000x00
Fault Model: Random bit-flip
base address to flip value: 0x7fffffffcc70
address max offset: 8
Memory content after  bitflip:0x210x730x060x170x080x170xab0xe2
frame name: __GI_____strtof_l_internal
symbol name: den
symbol filename: strtod_l.c
symbol line: 494
value: {0, 15625000000000000000, 140737488342016, 140737353958896, 140737488345168, 832, 16333173797102711585, 5, 18446744073709551615, 3792}
value address: 0x7fffffffcc40
Type: The type is an array.
Type sizeof: 80
Field name: None
Field Type: A range type, that is, an integer type with bounds.
Field Type sizeof: 8
Field Type range: (0, 9)

[INFO -- 2018-10-15 20:38:39]
Fault Injection Successful after 4.115785121917725s
[INFO -- 2018-10-15 20:38:45]
event type: exit
[INFO -- 2018-10-15 20:38:45]
exit code: 0
