[INFO -- 2018-12-01 17:09:13]
Starting flip_value script
version: 1.1
[INFO -- 2018-12-01 17:09:13]
Initialization strings:
[INFO -- 2018-12-01 17:09:13]
(1) file /home/latansini/Desktop/CAROL-FI/etapa2/carol-fi/codes/fftfulldup/fft_nn.out
[INFO -- 2018-12-01 17:09:13]
(2) set args 32768 /home/latansini/Desktop/CAROL-FI/etapa2/carol-fi/codes/fftfulldup/output.data
[INFO -- 2018-12-01 17:09:13]
initSignal:0
[INFO -- 2018-12-01 17:09:13]
endSignal:40
[INFO -- 2018-12-01 17:09:13]
faultModel:0
[EXCEPTION -- 2018-12-01 17:09:15]
gdbException: Tentativo de desreferenciar um ponteiro genérico.
[INFO -- 2018-12-01 17:09:15]
Backtrace BEGIN:
#0  0x00007ffff6fab677 in _IO_vfscanf_internal (s=s@entry=0x618f00, format=0x7ffff7bd4060 "cascade_num_candidate_groups=%u\n", argptr=argptr@entry=0x7fffffffd2a8, errp=errp@entry=0x0) at vfscanf.c:314
#1  0x00007ffff6fb5162 in __isoc99_fscanf (stream=0x618f00, format=<optimized out>) at isoc99_fscanf.c:34
#2  0x00007ffff7bcec6c in fann_create_from_fd () from /usr/local/lib/libfann.so.2
#3  0x00007ffff7bcf608 in fann_create_from_file () from /usr/local/lib/libfann.so.2
#4  0x0000000000401de7 in radix2DitCooleyTykeyFft(int, int*, Complex*, Complex*) ()
#5  0x0000000000401857 in main ()

309	in vfscanf.c

Backtrace END
Fliping array at pos: 1
Memory content before bitflip:0x49
Fault Model: Single bit-flip
base address to flip value: 0x7ffff70dfc01  
address max offset: 1
Memory content after  bitflip:0x4b
frame name: _IO_vfscanf_internal
symbol name: __PRETTY_FUNCTION__
symbol filename: vfscanf.c
symbol line: 0
value: "_KO_vfscanf_internal"
value address: 0x7ffff70dfc00 <__PRETTY_FUNCTION__.11925>
Type: The type is an array.
Type sizeof: 21
Field name: None
Field Type: A range type, that is, an integer type with bounds.
Field Type sizeof: 8
Field Type range: (0, 20)

[INFO -- 2018-12-01 17:09:15]
Fault Injection Successful after 2.5771379470825195s
[INFO -- 2018-12-01 17:09:52]
event type: exit
[INFO -- 2018-12-01 17:09:52]
exit code: 0
