[INFO -- 2018-10-11 09:03:11]
sending 5 signals using command: 'killall -2 fft_nn.out' after 21.4470298446s
[INFO -- 2018-10-11 09:03:12]
sending 5 signals using command: 'killall -2 fft_nn.out' after 21.7935365465s
[INFO -- 2018-10-11 09:03:13]
sending 5 signals using command: 'killall -2 fft_nn.out' after 23.0166388319s
[INFO -- 2018-10-11 09:03:13]
Starting GDB script
[INFO -- 2018-10-11 09:03:13]
initSignal:0.0
[INFO -- 2018-10-11 09:03:13]
endSignal:5.0
[INFO -- 2018-10-11 09:03:13]
sending 5 signals using command: 'killall -2 fft_nn.out' after 0.0595978137825s
[INFO -- 2018-10-11 09:03:16]
sending 5 signals using command: 'killall -2 fft_nn.out' after 2.94249338017s
[INFO -- 2018-10-11 09:03:18]
sending 5 signals using command: 'killall -2 fft_nn.out' after 4.51683992298s
[INFO -- 2018-10-11 09:03:34]
Execution finished before waitTime
