[INFO -- 2018-10-10 00:48:22]
sending 5 signals using command: 'killall -2 fft_nn.out' after 21.6106359557s
[INFO -- 2018-10-10 00:48:22]
sending 5 signals using command: 'killall -2 fft_nn.out' after 21.7719982678s
[INFO -- 2018-10-10 00:48:24]
sending 5 signals using command: 'killall -2 fft_nn.out' after 24.0615615599s
[INFO -- 2018-10-10 00:48:24]
Starting GDB script
[INFO -- 2018-10-10 00:48:24]
initSignal:0.0
[INFO -- 2018-10-10 00:48:24]
endSignal:5.0
[INFO -- 2018-10-10 00:48:25]
sending 5 signals using command: 'killall -2 fft_nn.out' after 0.333578288385s
[INFO -- 2018-10-10 00:48:27]
sending 5 signals using command: 'killall -2 fft_nn.out' after 2.20245453961s
[INFO -- 2018-10-10 00:48:28]
sending 5 signals using command: 'killall -2 fft_nn.out' after 3.61449376392s
[INFO -- 2018-10-10 00:48:45]
Execution finished before waitTime
