[INFO -- 2018-10-08 09:58:43]
Starting flip_value script
version: 1.1
[INFO -- 2018-10-08 09:58:43]
Initialization strings:
[INFO -- 2018-10-08 09:58:43]
(1) file /tmp/fft_nn/fft_nn.out
[INFO -- 2018-10-08 09:58:43]
(2) set args 32768 /tmp/fft_nn/output_falha.data
[INFO -- 2018-10-08 09:58:43]
initSignal:5
[INFO -- 2018-10-08 09:58:43]
endSignal:10
[INFO -- 2018-10-08 09:58:43]
faultModel:1
[EXCEPTION -- 2018-10-08 09:58:48]
gdbException: Tentativo de desreferenciar um ponteiro genérico.
[INFO -- 2018-10-08 09:58:48]
Backtrace BEGIN:
#0  0x00007ffff7011abd in __GI_____strtoul_l_internal (nptr=nptr@entry=0x7fffffffd4c0 "10", endptr=endptr@entry=0x7fffffffd6f0, base=<optimized out>, group=group@entry=0, loc=<optimized out>) at ../stdlib/strtol_l.c:531
#1  0x00007ffff7011410 in __GI___strtoul_internal (nptr=nptr@entry=0x7fffffffd4c0 "10", endptr=endptr@entry=0x7fffffffd6f0, base=<optimized out>, group=group@entry=0) at ../stdlib/strtol.c:97
#2  0x00007ffff7029f02 in _IO_vfscanf_internal (s=s@entry=0x6062c0, format=<optimized out>, argptr=argptr@entry=0x7fffffffd8c8, errp=errp@entry=0x0) at vfscanf.c:1827
#3  0x00007ffff7032162 in __isoc99_fscanf (stream=0x6062c0, format=<optimized out>) at isoc99_fscanf.c:34
#4  0x00007ffff7bcf187 in fann_create_from_fd () from /usr/local/lib/libfann.so.2
#5  0x00007ffff7bcf608 in fann_create_from_file () from /usr/local/lib/libfann.so.2
#6  0x00000000004019b7 in radix2DitCooleyTykeyFft(int, int*, Complex*, Complex*) ()
#7  0x0000000000401631 in main ()

526	../stdlib/strtol_l.c: Arquivo ou diretório não encontrado.

Backtrace END
Fliping value of field: __canceltype
Memory content before bitflip:0x000x000x000x00
Fault Model: Double bit-flip
base address to flip value: 0x7fffffffd750
address max offset: 4
Memory content after  bitflip:0x000x240x000x00
frame name: _IO_vfscanf_internal
symbol name: _buffer
symbol filename: vfscanf.c
symbol line: 358
value: {__routine = 0x7ffff7031cc0 <__funlockfile>, __arg = 0x6062c0, __canceltype = 9216, __prev = 0x0}
value address: 0x7fffffffd740
Type: The type is a structure.
Type sizeof: 32
Field name: __routine
Field Type: The type is a pointer.
Field Type sizeof: 8
Field name: __arg
Field Type: The type is a pointer.
Field Type sizeof: 8
Field name: __canceltype
Field Type: The type is an integer type.
Field Type sizeof: 4
Field name: __prev
Field Type: The type is a pointer.
Field Type sizeof: 8

[INFO -- 2018-10-08 09:58:48]
Fault Injection Successful after 5.906954050064087s
[INFO -- 2018-10-08 09:59:03]
event type: exit
[INFO -- 2018-10-08 09:59:03]
exit code: 0
