[INFO -- 2018-10-12 10:43:47]
Starting flip_value script
version: 1.1
[INFO -- 2018-10-12 10:43:47]
Initialization strings:
[INFO -- 2018-10-12 10:43:47]
(1) file /tmp/fft_nn/fft_nn.out
[INFO -- 2018-10-12 10:43:47]
(2) set args 32768 /tmp/fft_nn/output_falha.data
[INFO -- 2018-10-12 10:43:47]
initSignal:0
[INFO -- 2018-10-12 10:43:47]
endSignal:5
[INFO -- 2018-10-12 10:43:47]
faultModel:0
[EXCEPTION -- 2018-10-12 10:43:47]
gdbException: Tentativo de desreferenciar um ponteiro genérico.
[EXCEPTION -- 2018-10-12 10:43:47]
gdbException: Tentativo de desreferenciar um ponteiro genérico.
[INFO -- 2018-10-12 10:43:47]
Backtrace BEGIN:
#0  _IO_vfscanf_internal (s=s@entry=0x6062c0, format=<optimized out>, argptr=argptr@entry=0x7fffffffd408, errp=errp@entry=0x0) at vfscanf.c:2353
#1  0x00007ffff7032162 in __isoc99_fscanf (stream=0x6062c0, format=<optimized out>) at isoc99_fscanf.c:34
#2  0x00007ffff7bcf187 in fann_create_from_fd () from /usr/local/lib/libfann.so.2
#3  0x00007ffff7bcf608 in fann_create_from_file () from /usr/local/lib/libfann.so.2
#4  0x00000000004019b7 in radix2DitCooleyTykeyFft(int, int*, Complex*, Complex*) ()
#5  0x0000000000401631 in main ()

2348	in vfscanf.c

Backtrace END
Fliping array at pos: 0
Fliping value of field: fp_offset
Memory content before bitflip:0x300x000x000x00
Fault Model: Single bit-flip
base address to flip value: 0x7fffffffd40c
address max offset: 4
Memory content after  bitflip:0x300x000x010x00
frame name: __isoc99_fscanf
symbol name: arg
symbol filename: isoc99_fscanf.c
symbol line: 27
value: {{gp_offset = 16, fp_offset = 65584, overflow_arg_area = 0x7fffffffd4e0, reg_save_area = 0x7fffffffd420}}
value address: 0x7fffffffd408
Type: The type is an array.
Type sizeof: 24

[INFO -- 2018-10-12 10:43:47]
Fault Injection Successful after 0.9646396636962891s
[INFO -- 2018-10-12 10:44:07]
event type: exit
[INFO -- 2018-10-12 10:44:07]
exit code: 0
