[INFO -- 2018-10-09 08:37:55]
sending 5 signals using command: 'killall -2 fft_nn.out' after 22.5406205281s
[INFO -- 2018-10-09 08:37:55]
sending 5 signals using command: 'killall -2 fft_nn.out' after 22.8284367059s
[INFO -- 2018-10-09 08:37:55]
sending 5 signals using command: 'killall -2 fft_nn.out' after 22.8596371173s
[INFO -- 2018-10-09 08:37:55]
Starting GDB script
[INFO -- 2018-10-09 08:37:55]
initSignal:0.0
[INFO -- 2018-10-09 08:37:55]
endSignal:5.0
[INFO -- 2018-10-09 08:37:56]
sending 5 signals using command: 'killall -2 fft_nn.out' after 0.385220673302s
[INFO -- 2018-10-09 08:37:56]
sending 5 signals using command: 'killall -2 fft_nn.out' after 1.24917558018s
[INFO -- 2018-10-09 08:37:59]
sending 5 signals using command: 'killall -2 fft_nn.out' after 3.42855006203s
[INFO -- 2018-10-09 08:38:16]
Execution finished before waitTime
