[INFO -- 2018-10-05 20:24:44]
Starting flip_value script
version: 1.1
[INFO -- 2018-10-05 20:24:44]
Initialization strings:
[INFO -- 2018-10-05 20:24:44]
(1) file /tmp/fft_nn/fft_nn.out
[INFO -- 2018-10-05 20:24:44]
(2) set args 32768 /tmp/fft_nn/output_falha.data
[INFO -- 2018-10-05 20:24:44]
initSignal:15
[INFO -- 2018-10-05 20:24:44]
endSignal:25
[INFO -- 2018-10-05 20:24:44]
faultModel:4
[INFO -- 2018-10-05 20:25:02]
Backtrace BEGIN:
#0  0x00007ffff701193d in __GI_____strtoul_l_internal (nptr=nptr@entry=0x7fffffffd4c0 "12", endptr=endptr@entry=0x7fffffffd6f0, base=10, group=group@entry=0, loc=0x7ffff7397060 <_nl_global_locale>) at ../stdlib/strtol_l.c:298
#1  0x00007ffff7011410 in __GI___strtoul_internal (nptr=nptr@entry=0x7fffffffd4c0 "12", endptr=endptr@entry=0x7fffffffd6f0, base=<optimized out>, group=group@entry=0) at ../stdlib/strtol.c:97
#2  0x00007ffff7029f02 in _IO_vfscanf_internal (s=s@entry=0x6062c0, format=<optimized out>, argptr=argptr@entry=0x7fffffffd8c8, errp=errp@entry=0x0) at vfscanf.c:1827
#3  0x00007ffff7032162 in __isoc99_fscanf (stream=0x6062c0, format=<optimized out>) at isoc99_fscanf.c:34
#4  0x00007ffff7bcf187 in fann_create_from_fd () from /usr/local/lib/libfann.so.2
#5  0x00007ffff7bcf608 in fann_create_from_file () from /usr/local/lib/libfann.so.2
#6  0x00000000004019b7 in radix2DitCooleyTykeyFft(int, int*, Complex*, Complex*) ()
#7  0x0000000000401631 in main ()

293	../stdlib/strtol_l.c: Arquivo ou diretório não encontrado.

Backtrace END
Fliping a bit of the pointer
Memory content before bitflip:0x000x000x000x000x000x000x000x00
Fault Model: LSB bit-flip
base address to flip value: 0x7fffffffd6d8
address max offset: 8
Memory content after  bitflip:0x000x000x000x000x000x000x000x80
frame name: _IO_vfscanf_internal
symbol name: wstr
symbol filename: vfscanf.c
symbol line: 263
value: 0x0
value address: 0x7fffffffd6d8
Type: The type is a pointer.
Type sizeof: 8

[INFO -- 2018-10-05 20:25:02]
Fault Injection Successful after 18.90111756324768s
[INFO -- 2018-10-05 20:25:04]
event type: exit
[INFO -- 2018-10-05 20:25:04]
exit code: 0
