[INFO -- 2018-10-11 14:25:12]
sending 5 signals using command: 'killall -2 fft_nn.out' after 21.9790835122s
[INFO -- 2018-10-11 14:25:14]
sending 5 signals using command: 'killall -2 fft_nn.out' after 23.7594909548s
[INFO -- 2018-10-11 14:25:15]
sending 5 signals using command: 'killall -2 fft_nn.out' after 24.7011898135s
[INFO -- 2018-10-11 14:25:15]
Starting GDB script
[INFO -- 2018-10-11 14:25:15]
initSignal:0.0
[INFO -- 2018-10-11 14:25:15]
endSignal:5.0
[INFO -- 2018-10-11 14:25:16]
sending 5 signals using command: 'killall -2 fft_nn.out' after 0.856460354319s
[INFO -- 2018-10-11 14:25:18]
sending 5 signals using command: 'killall -2 fft_nn.out' after 2.9220449488s
[INFO -- 2018-10-11 14:25:18]
sending 5 signals using command: 'killall -2 fft_nn.out' after 3.67211059085s
[INFO -- 2018-10-11 14:25:36]
Execution finished before waitTime
