[INFO -- 2018-10-17 00:50:17]
Starting flip_value script
version: 1.1
[INFO -- 2018-10-17 00:50:17]
Initialization strings:
[INFO -- 2018-10-17 00:50:17]
(1) file /home/latansini/Desktop/trabalhoftf/carol-fi/sample-code/inverse_nn/inversek2j_nn.out
[INFO -- 2018-10-17 00:50:17]
(2) set args /home/latansini/Desktop/trabalhoftf/carol-fi/sample-code/inverse_nn/input_250k /home/latansini/Desktop/trabalhoftf/carol-fi/sample-code/inverse_nn/output_falha.data
[INFO -- 2018-10-17 00:50:17]
initSignal:4
[INFO -- 2018-10-17 00:50:17]
endSignal:6
[INFO -- 2018-10-17 00:50:17]
faultModel:2
[EXCEPTION -- 2018-10-17 00:50:21]
gdbException: Tentativo de desreferenciar um ponteiro genérico.
[INFO -- 2018-10-17 00:50:21]
Backtrace BEGIN:
#0  __GI_____strtof_l_internal (nptr=<optimized out>, endptr=<optimized out>, group=<optimized out>, loc=<optimized out>) at strtod_l.c:1418
#1  0x00007ffff7011d60 in __GI___strtof_internal (nptr=<optimized out>, endptr=<optimized out>, group=<optimized out>) at strtod.c:54
#2  0x00007ffff702b948 in _IO_vfscanf_internal (s=s@entry=0x608610, format=<optimized out>, argptr=argptr@entry=0x7fffffffd0d8, errp=errp@entry=0x0) at vfscanf.c:2365
#3  0x00007ffff7032162 in __isoc99_fscanf (stream=0x608610, format=<optimized out>) at isoc99_fscanf.c:34
#4  0x00007ffff7bcf187 in fann_create_from_fd () from /usr/local/lib/libfann.so.2
#5  0x00007ffff7bcf608 in fann_create_from_file () from /usr/local/lib/libfann.so.2
#6  0x000000000040199e in inversek2j(float, float, float*, float*) ()
#7  0x0000000000401631 in main ()

1413	in strtod_l.c

Backtrace END
Memory content before bitflip:0x000x010x000x000x000x000x000x00
Fault Model: Random bit-flip
base address to flip value: 0x7fffffffceb0
address max offset: 8
Memory content after  bitflip:0xe70xee0x940xdc0x450x250x210x0a
frame name: _IO_vfscanf_internal
symbol name: wpmax
symbol filename: vfscanf.c
symbol line: 273
value: 729905596594450151
value address: 0x7fffffffceb0
Type: The type is an integer type.
Type sizeof: 8

[INFO -- 2018-10-17 00:50:21]
Fault Injection Successful after 4.363728046417236s
[INFO -- 2018-10-17 00:50:27]
event type: exit
[INFO -- 2018-10-17 00:50:27]
exit code: 0
