[INFO -- 2018-10-10 04:18:14]
sending 5 signals using command: 'killall -2 fft_nn.out' after 21.48068267s
[INFO -- 2018-10-10 04:18:17]
sending 5 signals using command: 'killall -2 fft_nn.out' after 24.1713472817s
[INFO -- 2018-10-10 04:18:18]
sending 5 signals using command: 'killall -2 fft_nn.out' after 24.9334512258s
[INFO -- 2018-10-10 04:18:18]
Starting GDB script
[INFO -- 2018-10-10 04:18:18]
initSignal:0.0
[INFO -- 2018-10-10 04:18:18]
endSignal:5.0
[INFO -- 2018-10-10 04:18:21]
sending 5 signals using command: 'killall -2 fft_nn.out' after 2.88027684454s
[INFO -- 2018-10-10 04:18:22]
sending 5 signals using command: 'killall -2 fft_nn.out' after 4.36115378966s
[INFO -- 2018-10-10 04:18:22]
sending 5 signals using command: 'killall -2 fft_nn.out' after 4.67916700863s
[INFO -- 2018-10-10 04:18:39]
Execution finished before waitTime
