[INFO -- 2018-10-12 11:18:20]
sending 5 signals using command: 'killall -2 fft_nn.out' after 24.0303001539s
[INFO -- 2018-10-12 11:18:20]
sending 5 signals using command: 'killall -2 fft_nn.out' after 24.3725083049s
[INFO -- 2018-10-12 11:18:21]
sending 5 signals using command: 'killall -2 fft_nn.out' after 24.5668828752s
[INFO -- 2018-10-12 11:18:21]
Starting GDB script
[INFO -- 2018-10-12 11:18:21]
initSignal:0.0
[INFO -- 2018-10-12 11:18:21]
endSignal:5.0
[INFO -- 2018-10-12 11:18:21]
sending 5 signals using command: 'killall -2 fft_nn.out' after 0.10768587906s
[INFO -- 2018-10-12 11:18:23]
sending 5 signals using command: 'killall -2 fft_nn.out' after 2.23018073139s
[INFO -- 2018-10-12 11:18:23]
sending 5 signals using command: 'killall -2 fft_nn.out' after 2.31317185578s
[INFO -- 2018-10-12 11:18:42]
Execution finished before waitTime
