[INFO -- 2018-12-09 14:32:37]
Starting flip_value script
version: 1.1
[INFO -- 2018-12-09 14:32:37]
Initialization strings:
[INFO -- 2018-12-09 14:32:37]
(1) file /home/melkor/ETAPA2/dup_nn/nn-knl-files/nn
[INFO -- 2018-12-09 14:32:37]
(2) set args /home/melkor/ETAPA2/dup_nn/nn-knl-files/filelist 20 5 5 /home/melkor/ETAPA2/dup_nn/nn-knl-files/out20_5_5
[INFO -- 2018-12-09 14:32:37]
initSignal:0
[INFO -- 2018-12-09 14:32:37]
endSignal:1
[INFO -- 2018-12-09 14:32:37]
faultModel:4
[EXCEPTION -- 2018-12-09 14:32:37]
gdbException: Tentativo de desreferenciar um ponteiro genérico.
[EXCEPTION -- 2018-12-09 14:32:37]
pythonException: invalid frame
[EXCEPTION -- 2018-12-09 14:32:37]
pythonException: invalid frame
[EXCEPTION -- 2018-12-09 14:32:37]
pythonException: invalid frame
[INFO -- 2018-12-09 14:32:37]
Backtrace BEGIN:
#0  0x00007ffff78210d3 in ?? () from /usr/lib/x86_64-linux-gnu/libgomp.so.1
#1  0x00007ffff781fda9 in ?? () from /usr/lib/x86_64-linux-gnu/libgomp.so.1
#2  0x00005555555555ed in main (argc=6, argv=0x7fffffffdf08) at nn.c:196

2284	in rtld.c

Backtrace END
Fliping array at pos: 62
Memory content before bitflip:0x00
Fault Model: LSB bit-flip
base address to flip value: 0x7fffffffdc1e 
address max offset: 1
Memory content after  bitflip:0x08
frame name: main
symbol name: dbname
symbol filename: nn.c
symbol line: 85
value: "/home/melkor/ETAPA2/dup_nn/nn-knl-files/cane4_0.db", '\000' <repete 12 vezes>, "\b"
value address: 0x7fffffffdbe0
Type: The type is an array.
Type sizeof: 64
Field name: None
Field Type: A range type, that is, an integer type with bounds.
Field Type sizeof: 8
Field Type range: (0, 63)

[INFO -- 2018-12-09 14:32:37]
Fault Injection Successful after 0.7638115882873535s
[INFO -- 2018-12-09 14:32:38]
event type: exit
[INFO -- 2018-12-09 14:32:38]
exit code: 0
