[INFO -- 2018-10-12 15:28:02]
sending 5 signals using command: 'killall -2 fft_nn.out' after 22.8808508027s
[INFO -- 2018-10-12 15:28:03]
sending 5 signals using command: 'killall -2 fft_nn.out' after 23.8406939544s
[INFO -- 2018-10-12 15:28:03]
sending 5 signals using command: 'killall -2 fft_nn.out' after 24.6306708604s
[INFO -- 2018-10-12 15:28:03]
Starting GDB script
[INFO -- 2018-10-12 15:28:03]
initSignal:0.0
[INFO -- 2018-10-12 15:28:03]
endSignal:5.0
[INFO -- 2018-10-12 15:28:03]
sending 5 signals using command: 'killall -2 fft_nn.out' after 0.026510522408s
[INFO -- 2018-10-12 15:28:05]
sending 5 signals using command: 'killall -2 fft_nn.out' after 1.11151952468s
[INFO -- 2018-10-12 15:28:07]
sending 5 signals using command: 'killall -2 fft_nn.out' after 3.19674447624s
[INFO -- 2018-10-12 15:28:24]
Execution finished before waitTime
