[INFO -- 2018-10-08 10:59:39]
Starting flip_value script
version: 1.1
[INFO -- 2018-10-08 10:59:39]
Initialization strings:
[INFO -- 2018-10-08 10:59:39]
(1) file /tmp/fft_nn/fft_nn.out
[INFO -- 2018-10-08 10:59:39]
(2) set args 32768 /tmp/fft_nn/output_falha.data
[INFO -- 2018-10-08 10:59:39]
initSignal:15
[INFO -- 2018-10-08 10:59:39]
endSignal:25
[INFO -- 2018-10-08 10:59:39]
faultModel:4
[EXCEPTION -- 2018-10-08 10:59:55]
gdbException: Tentativo de desreferenciar um ponteiro genérico.
[INFO -- 2018-10-08 10:59:55]
Backtrace BEGIN:
#0  0x00007ffff7032121 in __isoc99_fscanf (stream=0x6062c0, format=0x7ffff7bd3da5 "(%u, %f) ") at isoc99_fscanf.c:30
#1  0x00007ffff7bcf187 in fann_create_from_fd () from /usr/local/lib/libfann.so.2
#2  0x00007ffff7bcf608 in fann_create_from_file () from /usr/local/lib/libfann.so.2
#3  0x00000000004019b7 in radix2DitCooleyTykeyFft(int, int*, Complex*, Complex*) ()
#4  0x0000000000401631 in main ()

25	isoc99_fscanf.c: Arquivo ou diretório não encontrado.

Backtrace END
Fliping array at pos: 0
Fliping value of field: fp_offset
Memory content before bitflip:0x300x000x000x00
Fault Model: LSB bit-flip
base address to flip value: 0x7fffffffd8cc
address max offset: 4
Memory content after  bitflip:0x300x000x000x80
frame name: __isoc99_fscanf
symbol name: arg
symbol filename: isoc99_fscanf.c
symbol line: 27
value: {{gp_offset = 16, fp_offset = 2147483696, overflow_arg_area = 0x7fffffffd9a0, reg_save_area = 0x7fffffffd8e0}}
value address: 0x7fffffffd8c8
Type: The type is an array.
Type sizeof: 24

[INFO -- 2018-10-08 10:59:55]
Fault Injection Successful after 16.02104616165161s
[INFO -- 2018-10-08 10:59:59]
event type: exit
[INFO -- 2018-10-08 10:59:59]
exit code: 0
