[INFO -- 2018-10-12 11:23:31]
sending 5 signals using command: 'killall -2 fft_nn.out' after 22.2681230359s
[INFO -- 2018-10-12 11:23:32]
sending 5 signals using command: 'killall -2 fft_nn.out' after 22.6111228714s
[INFO -- 2018-10-12 11:23:33]
sending 5 signals using command: 'killall -2 fft_nn.out' after 24.4260849909s
[INFO -- 2018-10-12 11:23:33]
Starting GDB script
[INFO -- 2018-10-12 11:23:33]
initSignal:0.0
[INFO -- 2018-10-12 11:23:33]
endSignal:5.0
[INFO -- 2018-10-12 11:23:34]
sending 5 signals using command: 'killall -2 fft_nn.out' after 0.59846036505s
[INFO -- 2018-10-12 11:23:36]
sending 5 signals using command: 'killall -2 fft_nn.out' after 2.82444543754s
[INFO -- 2018-10-12 11:23:37]
sending 5 signals using command: 'killall -2 fft_nn.out' after 3.23122595742s
[INFO -- 2018-10-12 11:23:54]
Execution finished before waitTime
