[INFO -- 2018-10-12 03:19:09]
sending 5 signals using command: 'killall -2 fft_nn.out' after 22.2012689958s
[INFO -- 2018-10-12 03:19:10]
sending 5 signals using command: 'killall -2 fft_nn.out' after 22.9529460002s
[INFO -- 2018-10-12 03:19:12]
sending 5 signals using command: 'killall -2 fft_nn.out' after 24.9041024283s
[INFO -- 2018-10-12 03:19:12]
Starting GDB script
[INFO -- 2018-10-12 03:19:12]
initSignal:0.0
[INFO -- 2018-10-12 03:19:12]
endSignal:5.0
[INFO -- 2018-10-12 03:19:12]
sending 5 signals using command: 'killall -2 fft_nn.out' after 0.029230040804s
[INFO -- 2018-10-12 03:19:14]
sending 5 signals using command: 'killall -2 fft_nn.out' after 2.59184362996s
[INFO -- 2018-10-12 03:19:16]
sending 5 signals using command: 'killall -2 fft_nn.out' after 4.12777145131s
[INFO -- 2018-10-12 03:19:33]
Execution finished before waitTime
