[INFO -- 2018-11-30 22:49:20]
Starting flip_value script
version: 1.1
[INFO -- 2018-11-30 22:49:20]
Initialization strings:
[INFO -- 2018-11-30 22:49:20]
(1) file /home/lignati/carol-fi/codes/inversefulldup/inversek2j.nn.out
[INFO -- 2018-11-30 22:49:20]
(2) set args /home/lignati/carol-fi/codes/inversefulldup/input_250k /home/lignati/carol-fi/codes/inversefulldup/output_falha.data
[INFO -- 2018-11-30 22:49:20]
initSignal:0
[INFO -- 2018-11-30 22:49:20]
endSignal:25
[INFO -- 2018-11-30 22:49:20]
faultModel:3
[INFO -- 2018-11-30 22:49:35]
Backtrace BEGIN:
#0  0x00007ffff70c4360 in __read_nocancel () at ../sysdeps/unix/syscall-template.S:81
#1  0x00007ffff704f5b0 in _IO_new_file_underflow (fp=0x11c818b0) at fileops.c:613
#2  0x00007ffff705053e in __GI__IO_default_uflow (fp=0x11c818b0) at genops.c:435
#3  0x00007ffff7030de9 in _IO_vfscanf_internal (s=s@entry=0x11c818b0, format=<optimized out>, argptr=argptr@entry=0x7fffffffcf38, errp=errp@entry=0x0) at vfscanf.c:2936
#4  0x00007ffff7033162 in __isoc99_fscanf (stream=0x11c818b0, format=<optimized out>) at isoc99_fscanf.c:34
#5  0x00007ffff7bcac42 in fann_create_from_fd () from /usr/local/lib/libfann.so.2
#6  0x00007ffff7bc8073 in fann_create_from_file () from /usr/local/lib/libfann.so.2
#7  0x0000000000402061 in inversek2j(float, float, float*, float*) ()
#8  0x00000000004019dd in main ()

76	../sysdeps/unix/syscall-template.S: No such file or directory.

Backtrace END
Memory content before bitflip:0x000x000x000x000x000x000x000x00
Fault Model: Zero bit-flip
base address to flip value: 0x7fffffffcce0
address max offset: 8
Memory content after  bitflip:0x000x000x000x000x000x000x000x00
frame name: _IO_vfscanf_internal
symbol name: strsize
symbol filename: vfscanf.c
symbol line: 265
value: 0
value address: 0x7fffffffcce0
Type: The type is an integer type.
Type sizeof: 8

[INFO -- 2018-11-30 22:49:35]
Fault Injection Successful after 15.260242462158203s
[INFO -- 2018-11-30 22:49:45]
event type: exit
[INFO -- 2018-11-30 22:49:45]
exit code: 0
