[INFO -- 2018-10-11 03:48:31]
sending 5 signals using command: 'killall -2 fft_nn.out' after 22.7701143396s
[INFO -- 2018-10-11 03:48:32]
sending 5 signals using command: 'killall -2 fft_nn.out' after 23.9296929764s
[INFO -- 2018-10-11 03:48:33]
sending 5 signals using command: 'killall -2 fft_nn.out' after 24.3961102055s
[INFO -- 2018-10-11 03:48:33]
Starting GDB script
[INFO -- 2018-10-11 03:48:33]
initSignal:0.0
[INFO -- 2018-10-11 03:48:33]
endSignal:5.0
[INFO -- 2018-10-11 03:48:36]
sending 5 signals using command: 'killall -2 fft_nn.out' after 3.30434484215s
[INFO -- 2018-10-11 03:48:37]
sending 5 signals using command: 'killall -2 fft_nn.out' after 4.01584865336s
[INFO -- 2018-10-11 03:48:37]
sending 5 signals using command: 'killall -2 fft_nn.out' after 4.27467475391s
[INFO -- 2018-10-11 03:48:54]
Execution finished before waitTime
