[INFO -- 2018-11-30 18:10:50]
Starting flip_value script
version: 1.1
[INFO -- 2018-11-30 18:10:50]
Initialization strings:
[INFO -- 2018-11-30 18:10:50]
(1) file /home/lignati/carol-fi/codes/inversefulldup/inversek2j.nn.out
[INFO -- 2018-11-30 18:10:50]
(2) set args /home/lignati/carol-fi/codes/inversefulldup/input_250k /home/lignati/carol-fi/codes/inversefulldup/output_falha.data
[INFO -- 2018-11-30 18:10:50]
initSignal:0
[INFO -- 2018-11-30 18:10:50]
endSignal:25
[INFO -- 2018-11-30 18:10:50]
faultModel:1
[EXCEPTION -- 2018-11-30 18:10:51]
gdbException: Attempt to dereference a generic pointer.
[INFO -- 2018-11-30 18:10:51]
Backtrace BEGIN:
#0  _IO_vfscanf_internal (s=s@entry=0x6085c0, format=<optimized out>, argptr=argptr@entry=0x7fffffffcf38, errp=errp@entry=0x0) at vfscanf.c:1873
#1  0x00007ffff7033162 in __isoc99_fscanf (stream=0x6085c0, format=<optimized out>) at isoc99_fscanf.c:34
#2  0x00007ffff7bcaadf in fann_create_from_fd () from /usr/local/lib/libfann.so.2
#3  0x00007ffff7bc8073 in fann_create_from_file () from /usr/local/lib/libfann.so.2
#4  0x0000000000402061 in inversek2j(float, float, float*, float*) ()
#5  0x000000000040179a in main ()

1868	in vfscanf.c

Backtrace END
Fliping array at pos: 19
Memory content before bitflip:0x6c
Fault Model: Double bit-flip
base address to flip value: 0x7ffff715dc13  
address max offset: 1
Memory content after  bitflip:0x0c
frame name: _IO_vfscanf_internal
symbol name: __PRETTY_FUNCTION__
symbol filename: vfscanf.c
symbol line: 0
value: "_IO_vfscanf_interna\f"
value address: 0x7ffff715dc00 <__PRETTY_FUNCTION__.11925>
Type: The type is an array.
Type sizeof: 21
Field name: None
Field Type: A range type, that is, an integer type with bounds.
Field Type sizeof: 8
Field Type range: (0, 20)

[INFO -- 2018-11-30 18:10:51]
Fault Injection Successful after 1.925379991531372s
[INFO -- 2018-11-30 18:11:16]
event type: exit
[INFO -- 2018-11-30 18:11:16]
exit code: 0
