[INFO -- 2018-10-19 01:32:12]
Starting flip_value script
version: 1.1
[INFO -- 2018-10-19 01:32:12]
Initialization strings:
[INFO -- 2018-10-19 01:32:12]
(1) file /home/latansini/Desktop/trabalhoftf/carol-fi/sample-code/knn/nn-knl-files/nn
[INFO -- 2018-10-19 01:32:12]
(2) set args /home/latansini/Desktop/trabalhoftf/carol-fi/sample-code/knn/nn-knl-files/filelist 15 25 25 /home/latansini/Desktop/trabalhoftf/carol-fi/sample-code/knn/nn-knl-files/out15_25_25
[INFO -- 2018-10-19 01:32:12]
initSignal:0
[INFO -- 2018-10-19 01:32:12]
endSignal:1
[INFO -- 2018-10-19 01:32:12]
faultModel:0
[EXCEPTION -- 2018-10-19 01:32:12]
pythonException: invalid frame
[INFO -- 2018-10-19 01:32:12]
Backtrace BEGIN:
#0  __GI_____strtod_l_internal (nptr=<optimized out>, endptr=<optimized out>, group=<optimized out>, loc=<optimized out>) at strtod_l.c:1516
#1  0x000000000040152c in main._omp_fn.0 () at nn.c:119
#2  0x0000000000401193 in main (argc=6, argv=0x7fffffffd8b8) at nn.c:115

1511	strtod_l.c: Arquivo ou diretório não encontrado.

Backtrace END
Memory content before bitflip:0x0a0x000x000x00
Fault Model: Single bit-flip
base address to flip value: 0x7fffffffd570
address max offset: 4
Memory content after  bitflip:0x0a0x000x000x80
frame name: main._omp_fn.0
symbol name: rec_count
symbol filename: nn.c
symbol line: 31
value: -2147483638
value address: 0x7fffffffd570
Type: The type is an integer type.
Type sizeof: 4

[INFO -- 2018-10-19 01:32:12]
Fault Injection Successful after 0.6882250308990479s
[INFO -- 2018-10-19 01:32:17]
event type: exit
[INFO -- 2018-10-19 01:32:17]
exit code: 0
