[INFO -- 2018-10-05 21:49:33]
Starting flip_value script
version: 1.1
[INFO -- 2018-10-05 21:49:33]
Initialization strings:
[INFO -- 2018-10-05 21:49:33]
(1) file /tmp/fft_nn/fft_nn.out
[INFO -- 2018-10-05 21:49:33]
(2) set args 32768 /tmp/fft_nn/output_falha.data
[INFO -- 2018-10-05 21:49:33]
initSignal:5
[INFO -- 2018-10-05 21:49:33]
endSignal:10
[INFO -- 2018-10-05 21:49:33]
faultModel:1
[INFO -- 2018-10-05 21:49:38]
Backtrace BEGIN:
#0  _IO_vfscanf_internal (s=s@entry=0x6062c0, format=<optimized out>, argptr=argptr@entry=0x7fffffffd8c8, errp=errp@entry=0x0) at vfscanf.c:1779
#1  0x00007ffff7032162 in __isoc99_fscanf (stream=0x6062c0, format=<optimized out>) at isoc99_fscanf.c:34
#2  0x00007ffff7bcf0eb in fann_create_from_fd () from /usr/local/lib/libfann.so.2
#3  0x00007ffff7bcf608 in fann_create_from_file () from /usr/local/lib/libfann.so.2
#4  0x00000000004019b7 in radix2DitCooleyTykeyFft(int, int*, Complex*, Complex*) ()
#5  0x0000000000401631 in main ()

1774	vfscanf.c: Arquivo ou diretório não encontrado.

Backtrace END
Fliping a bit of the pointer
Memory content before bitflip:0xc10xd40xff0xff0xff0x7f0x000x00
Fault Model: Double bit-flip
base address to flip value: 0x7fffffffd6f0
address max offset: 8
Memory content after  bitflip:0xc10xd40xff0xff0xff0xfe0x000x00
frame name: _IO_vfscanf_internal
symbol name: tw
symbol filename: vfscanf.c
symbol line: 271
value: 0x7fffffffd4c1 ""
value address: 0x7fffffffd6f0
Type: The type is a pointer.
Type sizeof: 8

[INFO -- 2018-10-05 21:49:38]
Fault Injection Successful after 5.442623853683472s
[INFO -- 2018-10-05 21:49:53]
event type: exit
[INFO -- 2018-10-05 21:49:53]
exit code: 0
