[INFO -- 2018-10-10 18:48:16]
sending 5 signals using command: 'killall -2 fft_nn.out' after 22.248906783s
[INFO -- 2018-10-10 18:48:16]
sending 5 signals using command: 'killall -2 fft_nn.out' after 22.2926315607s
[INFO -- 2018-10-10 18:48:19]
sending 5 signals using command: 'killall -2 fft_nn.out' after 24.9265773935s
[INFO -- 2018-10-10 18:48:19]
Starting GDB script
[INFO -- 2018-10-10 18:48:19]
initSignal:0.0
[INFO -- 2018-10-10 18:48:19]
endSignal:5.0
[INFO -- 2018-10-10 18:48:19]
sending 5 signals using command: 'killall -2 fft_nn.out' after 0.210889556521s
[INFO -- 2018-10-10 18:48:20]
sending 5 signals using command: 'killall -2 fft_nn.out' after 0.771256014758s
[INFO -- 2018-10-10 18:48:21]
sending 5 signals using command: 'killall -2 fft_nn.out' after 1.82969636098s
[INFO -- 2018-10-10 18:48:40]
Execution finished before waitTime
