[INFO -- 2018-10-08 20:37:45]
Starting flip_value script
version: 1.1
[INFO -- 2018-10-08 20:37:45]
Initialization strings:
[INFO -- 2018-10-08 20:37:45]
(1) file /tmp/fft_nn/fft_nn.out
[INFO -- 2018-10-08 20:37:45]
(2) set args 32768 /tmp/fft_nn/output_falha.data
[INFO -- 2018-10-08 20:37:45]
initSignal:10
[INFO -- 2018-10-08 20:37:45]
endSignal:15
[INFO -- 2018-10-08 20:37:45]
faultModel:2
[INFO -- 2018-10-08 20:37:56]
Backtrace BEGIN:
#0  0x00007ffff702b682 in _IO_vfscanf_internal (s=s@entry=0x6062c0, format=<optimized out>, argptr=argptr@entry=0x7fffffffd408, errp=errp@entry=0x0) at vfscanf.c:1857
#1  0x00007ffff7032162 in __isoc99_fscanf (stream=0x6062c0, format=<optimized out>) at isoc99_fscanf.c:34
#2  0x00007ffff7bcf0eb in fann_create_from_fd () from /usr/local/lib/libfann.so.2
#3  0x00007ffff7bcf608 in fann_create_from_file () from /usr/local/lib/libfann.so.2
#4  0x00000000004019b7 in radix2DitCooleyTykeyFft(int, int*, Complex*, Complex*) ()
#5  0x0000000000401631 in main ()

1852	vfscanf.c: Arquivo ou diretório não encontrado.

Backtrace END
Memory content before bitflip:0x000x000x000x00
Fault Model: Random bit-flip
base address to flip value: 0x7fffffffd1d0
address max offset: 4
Memory content after  bitflip:0x280xdd0xc20x68
frame name: _IO_vfscanf_internal
symbol name: flags
symbol filename: vfscanf.c
symbol line: 222
value: 1757601064
value address: 0x7fffffffd1d0
Type: The type is an integer type.
Type sizeof: 4

[INFO -- 2018-10-08 20:37:56]
Fault Injection Successful after 11.649574041366577s
[INFO -- 2018-10-08 20:38:05]
event type: exit
[INFO -- 2018-10-08 20:38:05]
exit code: 0
