[INFO -- 2018-10-19 03:31:56]
Starting flip_value script
version: 1.1
[INFO -- 2018-10-19 03:31:56]
Initialization strings:
[INFO -- 2018-10-19 03:31:56]
(1) file /home/latansini/Desktop/trabalhoftf/carol-fi/sample-code/knn/nn-knl-files/nn
[INFO -- 2018-10-19 03:31:56]
(2) set args /home/latansini/Desktop/trabalhoftf/carol-fi/sample-code/knn/nn-knl-files/filelist 15 25 25 /home/latansini/Desktop/trabalhoftf/carol-fi/sample-code/knn/nn-knl-files/out15_25_25
[INFO -- 2018-10-19 03:31:56]
initSignal:4
[INFO -- 2018-10-19 03:31:56]
endSignal:5
[INFO -- 2018-10-19 03:31:56]
faultModel:4
[EXCEPTION -- 2018-10-19 03:32:00]
pythonException: invalid frame
[EXCEPTION -- 2018-10-19 03:32:00]
pythonException: invalid frame
[EXCEPTION -- 2018-10-19 03:32:00]
pythonException: invalid frame
[INFO -- 2018-10-19 03:32:00]
Backtrace BEGIN:
#0  0x00007ffff78bdc2e in ?? () from /usr/lib/x86_64-linux-gnu/libgomp.so.1
#1  0x00007ffff78bc0e2 in ?? () from /usr/lib/x86_64-linux-gnu/libgomp.so.1
#2  0x0000000000401184 in main (argc=6, argv=0x7fffffffd8b8) at nn.c:115

20	* This program finds the k-nearest neighbors
21	* Usage:	./nn <filelist> <num> <target latitude> <target longitude> <out filename>
22	*			filelist: File with the filenames to the records
23	*			num: Number of nearest neighbors to find
24	*			target lat: Latitude coordinate for distance calculations
25	*			target long: Longitude coordinate for distance calculations
26	* The filelist and data are generated by hurricane_gen.c
27	* REC_WINDOW has been arbitrarily assigned; A larger value would allow more work for the threads
28	*/
29	int main(int argc, char* argv[]) {

Backtrace END
Fliping array at pos: 307
Memory content before bitflip:0x20
Fault Model: LSB bit-flip
base address to flip value: 0x7fffffffd6f3 
address max offset: 1
Memory content after  bitflip:0x21
frame name: main
symbol name: sandbox
symbol filename: nn.c
symbol line: 32
value: "1966 11 13 18 24 CHRIS      50.2 273.0  103  441\n2000 12  6 12  9 ISAAC      48.3 134.8   55  622\n1956  5 13  6 20 HELENE     10.2 253.6  164  292\n1999  7 13 18 19 NADINE     25.1 104.4  109  245\n1959"...
value address: 0x7fffffffd5c0
Type: The type is an array.
Type sizeof: 490
Field name: None
Field Type: A range type, that is, an integer type with bounds.
Field Type sizeof: 8
Field Type range: (0, 489)

[INFO -- 2018-10-19 03:32:00]
Fault Injection Successful after 4.246976613998413s
[INFO -- 2018-10-19 03:32:01]
event type: exit
[INFO -- 2018-10-19 03:32:01]
exit code: 0
