[INFO -- 2018-10-09 11:55:37]
Starting flip_value script
version: 1.1
[INFO -- 2018-10-09 11:55:37]
Initialization strings:
[INFO -- 2018-10-09 11:55:37]
(1) file /tmp/fft_nn/fft_nn.out
[INFO -- 2018-10-09 11:55:37]
(2) set args 32768 /tmp/fft_nn/output_falha.data
[INFO -- 2018-10-09 11:55:37]
initSignal:5
[INFO -- 2018-10-09 11:55:37]
endSignal:10
[INFO -- 2018-10-09 11:55:37]
faultModel:1
[INFO -- 2018-10-09 11:55:42]
Backtrace BEGIN:
#0  __GI___strtof_internal (nptr=0x7fffffffd000 "1.200000", endptr=0x7fffffffd230, group=0) at strtod.c:54
#1  0x00007ffff702b948 in _IO_vfscanf_internal (s=s@entry=0x6062c0, format=<optimized out>, argptr=argptr@entry=0x7fffffffd408, errp=errp@entry=0x0) at vfscanf.c:2365
#2  0x00007ffff7032162 in __isoc99_fscanf (stream=0x6062c0, format=<optimized out>) at isoc99_fscanf.c:34
#3  0x00007ffff7bcea68 in fann_create_from_fd () from /usr/local/lib/libfann.so.2
#4  0x00007ffff7bcf608 in fann_create_from_file () from /usr/local/lib/libfann.so.2
#5  0x00000000004019b7 in radix2DitCooleyTykeyFft(int, int*, Complex*, Complex*) ()
#6  0x0000000000401631 in main ()

49	strtod.c: Arquivo ou diretório não encontrado.

Backtrace END
Fliping a bit of the pointer
Memory content before bitflip:0x080xd00xff0xff0xff0x7f0x000x00
Fault Model: Double bit-flip
base address to flip value: 0x7fffffffd230
address max offset: 8
Memory content after  bitflip:0x080xd00xff0xfc0xff0x7f0x000x00
frame name: _IO_vfscanf_internal
symbol name: tw
symbol filename: vfscanf.c
symbol line: 271
value: 0x7fffffffd008 ""
value address: 0x7fffffffd230
Type: The type is a pointer.
Type sizeof: 8

[INFO -- 2018-10-09 11:55:42]
Fault Injection Successful after 5.34060263633728s
[INFO -- 2018-10-09 11:55:57]
event type: exit
[INFO -- 2018-10-09 11:55:57]
exit code: 0
