[INFO -- 2018-10-08 16:05:04]
sending 5 signals using command: 'killall -2 fft_nn.out' after 22.627545187s
[INFO -- 2018-10-08 16:05:04]
sending 5 signals using command: 'killall -2 fft_nn.out' after 22.9567316413s
[INFO -- 2018-10-08 16:05:05]
sending 5 signals using command: 'killall -2 fft_nn.out' after 23.3494283211s
[INFO -- 2018-10-08 16:05:05]
Starting GDB script
[INFO -- 2018-10-08 16:05:05]
initSignal:0.0
[INFO -- 2018-10-08 16:05:05]
endSignal:5.0
[INFO -- 2018-10-08 16:05:05]
sending 5 signals using command: 'killall -2 fft_nn.out' after 0.574601132097s
[INFO -- 2018-10-08 16:05:08]
sending 5 signals using command: 'killall -2 fft_nn.out' after 2.73150977722s
[INFO -- 2018-10-08 16:05:08]
sending 5 signals using command: 'killall -2 fft_nn.out' after 3.46189625697s
[INFO -- 2018-10-08 16:05:26]
Execution finished before waitTime
