[INFO -- 2018-10-11 06:04:12]
sending 5 signals using command: 'killall -2 fft_nn.out' after 23.1332960369s
[INFO -- 2018-10-11 06:04:13]
sending 5 signals using command: 'killall -2 fft_nn.out' after 23.313824516s
[INFO -- 2018-10-11 06:04:13]
sending 5 signals using command: 'killall -2 fft_nn.out' after 24.1387972366s
[INFO -- 2018-10-11 06:04:14]
Starting GDB script
[INFO -- 2018-10-11 06:04:14]
initSignal:0.0
[INFO -- 2018-10-11 06:04:14]
endSignal:5.0
[INFO -- 2018-10-11 06:04:16]
sending 5 signals using command: 'killall -2 fft_nn.out' after 2.25812775328s
[INFO -- 2018-10-11 06:04:16]
sending 5 signals using command: 'killall -2 fft_nn.out' after 2.4883571816s
[INFO -- 2018-10-11 06:04:17]
sending 5 signals using command: 'killall -2 fft_nn.out' after 3.37604564697s
[INFO -- 2018-10-11 06:04:34]
Execution finished before waitTime
