[INFO -- 2018-11-30 14:45:15]
Starting flip_value script
version: 1.1
[INFO -- 2018-11-30 14:45:15]
Initialization strings:
[INFO -- 2018-11-30 14:45:15]
(1) file /home/lignati/carol-fi/codes/inversefulldup/inversek2j.nn.out
[INFO -- 2018-11-30 14:45:15]
(2) set args /home/lignati/carol-fi/codes/inversefulldup/input_250k /home/lignati/carol-fi/codes/inversefulldup/output_falha.data
[INFO -- 2018-11-30 14:45:15]
initSignal:0
[INFO -- 2018-11-30 14:45:15]
endSignal:25
[INFO -- 2018-11-30 14:45:15]
faultModel:4
[INFO -- 2018-11-30 14:45:21]
Backtrace BEGIN:
#0  __GI___exp (x=-9,1648416519165039) at ../sysdeps/ieee754/dbl-64/w_exp.c:27
#1  0x00007ffff7bc4986 in fann_run () from /usr/local/lib/libfann.so.2
#2  0x0000000000402078 in inversek2j(float, float, float*, float*) ()
#3  0x000000000040179a in main ()

22	../sysdeps/ieee754/dbl-64/w_exp.c: No such file or directory.

Backtrace END
Memory content before bitflip:0x000x000x000x200x660x540x220xc0
Fault Model: LSB bit-flip
base address to flip value: 0x7fffffffd008
address max offset: 8
Memory content after  bitflip:0x000x000x000x200x660x540x220xc4
frame name: __GI___exp
symbol name: x
symbol filename: ../sysdeps/ieee754/dbl-64/w_exp.c
symbol line: 24
value: -1,6906148842897723e+20
value address: 0x7fffffffd008
Type: A floating point type.
Type sizeof: 8

[INFO -- 2018-11-30 14:45:21]
Fault Injection Successful after 6.518966436386108s
[INFO -- 2018-11-30 14:45:41]
event type: exit
[INFO -- 2018-11-30 14:45:41]
exit code: 0
