[INFO -- 2018-10-10 19:37:12]
sending 5 signals using command: 'killall -2 fft_nn.out' after 21.9966611818s
[INFO -- 2018-10-10 19:37:14]
sending 5 signals using command: 'killall -2 fft_nn.out' after 23.5944657727s
[INFO -- 2018-10-10 19:37:14]
sending 5 signals using command: 'killall -2 fft_nn.out' after 24.3525730194s
[INFO -- 2018-10-10 19:37:15]
Starting GDB script
[INFO -- 2018-10-10 19:37:15]
initSignal:0.0
[INFO -- 2018-10-10 19:37:15]
endSignal:5.0
[INFO -- 2018-10-10 19:37:18]
sending 5 signals using command: 'killall -2 fft_nn.out' after 3.21435124705s
[INFO -- 2018-10-10 19:37:19]
sending 5 signals using command: 'killall -2 fft_nn.out' after 4.79869348213s
[INFO -- 2018-10-10 19:37:19]
sending 5 signals using command: 'killall -2 fft_nn.out' after 4.80407055897s
[INFO -- 2018-10-10 19:37:35]
Execution finished before waitTime
