[INFO -- 2018-10-09 16:55:37]
sending 5 signals using command: 'killall -2 fft_nn.out' after 21.6980433721s
[INFO -- 2018-10-09 16:55:37]
sending 5 signals using command: 'killall -2 fft_nn.out' after 21.9132165366s
[INFO -- 2018-10-09 16:55:39]
sending 5 signals using command: 'killall -2 fft_nn.out' after 23.3277509579s
[INFO -- 2018-10-09 16:55:39]
Starting GDB script
[INFO -- 2018-10-09 16:55:39]
initSignal:0.0
[INFO -- 2018-10-09 16:55:39]
endSignal:5.0
[INFO -- 2018-10-09 16:55:41]
sending 5 signals using command: 'killall -2 fft_nn.out' after 1.81664207226s
[INFO -- 2018-10-09 16:55:41]
sending 5 signals using command: 'killall -2 fft_nn.out' after 2.01618713926s
[INFO -- 2018-10-09 16:55:44]
sending 5 signals using command: 'killall -2 fft_nn.out' after 4.94265766603s
[INFO -- 2018-10-09 16:56:00]
Execution finished before waitTime
