[INFO -- 2018-12-04 18:40:13]
Starting flip_value script
version: 1.1
[INFO -- 2018-12-04 18:40:13]
Initialization strings:
[INFO -- 2018-12-04 18:40:13]
(1) file /home/latansini/Desktop/CAROL-FI/etapa2/carol-fi/codes/kmeans/kmeans-knl-files/kmeans
[INFO -- 2018-12-04 18:40:13]
(2) set args -i /home/latansini/Desktop/CAROL-FI/etapa2/carol-fi/codes/kmeans/kmeans-knl-files/input62500.txt -o /home/latansini/Desktop/CAROL-FI/etapa2/carol-fi/codes/kmeans/kmeans-knl-files/saida_falha.txt
[INFO -- 2018-12-04 18:40:13]
initSignal:0
[INFO -- 2018-12-04 18:40:13]
endSignal:55
[INFO -- 2018-12-04 18:40:13]
faultModel:1
[INFO -- 2018-12-04 18:40:45]
Backtrace BEGIN:
#0  euclid_dist_2 (pt1=0x7ffff558a888, pt2=0x6044d8, numdims=34) at kmeans_clustering.c:108
#1  0x0000000000400efb in find_nearest_point (pt=0x7ffff558a888, nfeatures=34, pts=0x604310, npts=5) at kmeans_clustering.c:89
#2  0x0000000000401952 in kmeans_clustering._omp_fn.0 () at kmeans_clustering.c:194
#3  0x00007ffff7bb8d3f in GOMP_parallel () from /usr/lib/x86_64-linux-gnu/libgomp.so.1
#4  0x00000000004014c3 in kmeans_clustering (feature=0x7ffff7eda010, nfeatures=34, npoints=62500, nclusters=5, threshold=0,00100000005, membership=0x604b20) at kmeans_clustering.c:183
#5  0x0000000000401b42 in cluster (numObjects=62500, numAttributes=34, attributes=0x7ffff7eda010, nclusters=5, threshold=0,00100000005, cluster_centres=0x7fffffffdd20) at cluster.c:94
#6  0x000000000040211b in kmeans_wrapper (isBinaryFile=0, filename=0x7fffffffe5ab "/home/latansini/Desktop/CAROL-FI/etapa2/carol-fi/codes/kmeans/kmeans-knl-files/input62500.txt", threshold=0,00100000005, nclusters=5) at kmeans.c:180
#7  0x000000000040261b in main (argc=5, argv=0x7fffffffe2b8) at kmeans.c:309

103	                    int    numdims)
104	{
105	    int i;
106	    float ans=0.0;
107	
108	    for (i=0; i<numdims; i++)
109	        ans += (pt1[i]-pt2[i]) * (pt1[i]-pt2[i]);
110	
111	    return(ans);
112	}

Backtrace END
Memory content before bitflip:0x6f0x120x830x3a
Fault Model: Double bit-flip
base address to flip value: 0x7fffffffe1a0
address max offset: 4
Memory content after  bitflip:0x6f0x300x830x3a
frame name: main
symbol name: threshold
symbol filename: kmeans.c
symbol line: 270
value: 0,00100089412
value address: 0x7fffffffe1a0
Type: A floating point type.
Type sizeof: 4

[INFO -- 2018-12-04 18:40:45]
Fault Injection Successful after 32.671871185302734s
[INFO -- 2018-12-04 18:41:08]
event type: exit
[INFO -- 2018-12-04 18:41:08]
exit code: 0
