[INFO -- 2018-10-06 06:15:06]
Starting flip_value script
version: 1.1
[INFO -- 2018-10-06 06:15:06]
Initialization strings:
[INFO -- 2018-10-06 06:15:06]
(1) file /tmp/fft_nn/fft_nn.out
[INFO -- 2018-10-06 06:15:06]
(2) set args 32768 /tmp/fft_nn/output_falha.data
[INFO -- 2018-10-06 06:15:06]
initSignal:15
[INFO -- 2018-10-06 06:15:06]
endSignal:25
[INFO -- 2018-10-06 06:15:06]
faultModel:4
[EXCEPTION -- 2018-10-06 06:15:22]
gdbException: Tentativo de desreferenciar um ponteiro genérico.
[INFO -- 2018-10-06 06:15:22]
Backtrace BEGIN:
#0  _IO_vfscanf_internal (s=s@entry=0x6062c0, format=<optimized out>, argptr=argptr@entry=0x7fffffffd8c8, errp=errp@entry=0x0) at vfscanf.c:2044
#1  0x00007ffff7032162 in __isoc99_fscanf (stream=0x6062c0, format=<optimized out>) at isoc99_fscanf.c:34
#2  0x00007ffff7bcecea in fann_create_from_fd () from /usr/local/lib/libfann.so.2
#3  0x00007ffff7bcf608 in fann_create_from_file () from /usr/local/lib/libfann.so.2
#4  0x00000000004019b7 in radix2DitCooleyTykeyFft(int, int*, Complex*, Complex*) ()
#5  0x0000000000401631 in main ()

2039	in vfscanf.c

Backtrace END
Memory content before bitflip:0x01
Fault Model: LSB bit-flip
base address to flip value: 0x7fffffffd630 
address max offset: 1
Memory content after  bitflip:0x00
frame name: _IO_vfscanf_internal
symbol name: got_digit
symbol filename: vfscanf.c
symbol line: 232
value: 0 '\000'
value address: 0x7fffffffd630 ""
Type: The type is an integer type.
Type sizeof: 1

[INFO -- 2018-10-06 06:15:22]
Fault Injection Successful after 16.463666915893555s
[INFO -- 2018-10-06 06:15:26]
event type: exit
[INFO -- 2018-10-06 06:15:26]
exit code: 0
