[INFO -- 2018-12-01 10:33:15]
Starting flip_value script
version: 1.1
[INFO -- 2018-12-01 10:33:15]
Initialization strings:
[INFO -- 2018-12-01 10:33:15]
(1) file /home/lignati/carol-fi/codes/inversefulldup/inversek2j.nn.out
[INFO -- 2018-12-01 10:33:15]
(2) set args /home/lignati/carol-fi/codes/inversefulldup/input_250k /home/lignati/carol-fi/codes/inversefulldup/output_falha.data
[INFO -- 2018-12-01 10:33:15]
initSignal:0
[INFO -- 2018-12-01 10:33:15]
endSignal:25
[INFO -- 2018-12-01 10:33:15]
faultModel:3
[INFO -- 2018-12-01 10:33:16]
Backtrace BEGIN:
#0  0x00007ffff701319b in round_and_return (retval=<optimized out>, exponent=<optimized out>, negative=negative@entry=0, round_limb=<optimized out>, round_limb@entry=3987463030769188863, round_bit=<optimized out>, more_bits=<optimized out>) at strtod_l.c:328
#1  0x00007ffff7014332 in __GI_____strtof_l_internal (nptr=<optimized out>, endptr=<optimized out>, group=<optimized out>, loc=<optimized out>) at strtod_l.c:1613
#2  0x00007ffff7012d60 in __GI___strtof_internal (nptr=<optimized out>, endptr=<optimized out>, group=<optimized out>) at strtod.c:54
#3  0x00007ffff702c948 in _IO_vfscanf_internal (s=s@entry=0x6085c0, format=<optimized out>, argptr=argptr@entry=0x7fffffffcf38, errp=errp@entry=0x0) at vfscanf.c:2365
#4  0x00007ffff7033162 in __isoc99_fscanf (stream=0x6085c0, format=<optimized out>) at isoc99_fscanf.c:34
#5  0x00007ffff7bcac42 in fann_create_from_fd () from /usr/local/lib/libfann.so.2
#6  0x00007ffff7bc8073 in fann_create_from_file () from /usr/local/lib/libfann.so.2
#7  0x0000000000402061 in inversek2j(float, float, float*, float*) ()
#8  0x000000000040179a in main ()

323	strtod_l.c: No such file or directory.

Backtrace END
Memory content before bitflip:0x000x000x000x00
Fault Model: Zero bit-flip
base address to flip value: 0x7fffffffc9b0
address max offset: 4
Memory content after  bitflip:0x000x000x000x00
frame name: __GI_____strtof_l_internal
symbol name: negative
symbol filename: strtod_l.c
symbol line: 484
value: 0
value address: 0x7fffffffc9b0
Type: The type is an integer type.
Type sizeof: 4

[INFO -- 2018-12-01 10:33:16]
Fault Injection Successful after 1.0933001041412354s
[INFO -- 2018-12-01 10:33:40]
event type: exit
[INFO -- 2018-12-01 10:33:40]
exit code: 0
