[INFO -- 2018-10-05 21:18:06]
Starting flip_value script
version: 1.1
[INFO -- 2018-10-05 21:18:06]
Initialization strings:
[INFO -- 2018-10-05 21:18:06]
(1) file /tmp/fft_nn/fft_nn.out
[INFO -- 2018-10-05 21:18:06]
(2) set args 32768 /tmp/fft_nn/output_falha.data
[INFO -- 2018-10-05 21:18:06]
initSignal:5
[INFO -- 2018-10-05 21:18:06]
endSignal:10
[INFO -- 2018-10-05 21:18:06]
faultModel:1
[INFO -- 2018-10-05 21:18:12]
Backtrace BEGIN:
#0  0x00007ffff7057647 in __libc_calloc (n=<optimized out>, elem_size=<optimized out>) at malloc.c:3240
#1  0x00007ffff7bca378 in fann_allocate_neurons () from /usr/local/lib/libfann.so.2
#2  0x00007ffff7bcf086 in fann_create_from_fd () from /usr/local/lib/libfann.so.2
#3  0x00007ffff7bcf608 in fann_create_from_file () from /usr/local/lib/libfann.so.2
#4  0x00000000004019b7 in radix2DitCooleyTykeyFft(int, int*, Complex*, Complex*) ()
#5  0x0000000000401631 in main ()

3235	malloc.c: Arquivo ou diretório não encontrado.

Backtrace END
Fliping value of field: top_pad
Memory content before bitflip:0x000x000x020x000x000x000x000x00
Fault Model: Double bit-flip
base address to flip value: 0x7ffff73961a8 
address max offset: 8
Memory content after  bitflip:0x000x500x020x000x000x000x000x00
frame name: __libc_calloc
symbol name: mp_
symbol filename: malloc.c
symbol line: 1751
value: {trim_threshold = 131072, top_pad = 151552, mmap_threshold = 131072, arena_test = 8, arena_max = 0, n_mmaps = 3, n_mmaps_max = 65536, max_n_mmaps = 3, no_dyn_threshold = 0, mmapped_mem = 667648, max_mmapped_mem = 667648, max_total_mem = 0, sbrk_base = 0x604000 ""}
value address: 0x7ffff73961a0 <mp_>
Type: The type is a structure.
Type sizeof: 88
Field name: trim_threshold
Field Type: The type is an integer type.
Field Type sizeof: 8
Field name: top_pad
Field Type: The type is an integer type.
Field Type sizeof: 8
Field name: mmap_threshold
Field Type: The type is an integer type.
Field Type sizeof: 8
Field name: arena_test
Field Type: The type is an integer type.
Field Type sizeof: 8
Field name: arena_max
Field Type: The type is an integer type.
Field Type sizeof: 8
Field name: n_mmaps
Field Type: The type is an integer type.
Field Type sizeof: 4
Field name: n_mmaps_max
Field Type: The type is an integer type.
Field Type sizeof: 4
Field name: max_n_mmaps
Field Type: The type is an integer type.
Field Type sizeof: 4
Field name: no_dyn_threshold
Field Type: The type is an integer type.
Field Type sizeof: 4
Field name: mmapped_mem
Field Type: The type is an integer type.
Field Type sizeof: 8
Field name: max_mmapped_mem
Field Type: The type is an integer type.
Field Type sizeof: 8
Field name: max_total_mem
Field Type: The type is an integer type.
Field Type sizeof: 8
Field name: sbrk_base
Field Type: The type is a pointer.
Field Type sizeof: 8

[INFO -- 2018-10-05 21:18:12]
Fault Injection Successful after 6.037382364273071s
[INFO -- 2018-10-05 21:18:26]
event type: exit
[INFO -- 2018-10-05 21:18:26]
exit code: 0
