[INFO -- 2018-12-01 09:32:09]
Starting flip_value script
version: 1.1
[INFO -- 2018-12-01 09:32:09]
Initialization strings:
[INFO -- 2018-12-01 09:32:09]
(1) file /home/lignati/carol-fi/codes/inversefulldup/inversek2j.nn.out
[INFO -- 2018-12-01 09:32:09]
(2) set args /home/lignati/carol-fi/codes/inversefulldup/input_250k /home/lignati/carol-fi/codes/inversefulldup/output_falha.data
[INFO -- 2018-12-01 09:32:09]
initSignal:0
[INFO -- 2018-12-01 09:32:09]
endSignal:25
[INFO -- 2018-12-01 09:32:09]
faultModel:4
[INFO -- 2018-12-01 09:32:11]
Backtrace BEGIN:
#0  0x00007ffff702a871 in _IO_vfscanf_internal (s=s@entry=0x6085c0, format=<optimized out>, argptr=argptr@entry=0x7fffffffcf38, errp=errp@entry=0x0) at vfscanf.c:2115
#1  0x00007ffff7033162 in __isoc99_fscanf (stream=0x6085c0, format=<optimized out>) at isoc99_fscanf.c:34
#2  0x00007ffff7bcac42 in fann_create_from_fd () from /usr/local/lib/libfann.so.2
#3  0x00007ffff7bc8073 in fann_create_from_file () from /usr/local/lib/libfann.so.2
#4  0x0000000000402061 in inversek2j(float, float, float*, float*) ()
#5  0x000000000040179a in main ()

2110	vfscanf.c: No such file or directory.

Backtrace END
Memory content before bitflip:0x000x000x000x00
Fault Model: LSB bit-flip
base address to flip value: 0x7fffffffcd00
address max offset: 4
Memory content after  bitflip:0x000x000x000x80
frame name: _IO_vfscanf_internal
symbol name: flags
symbol filename: vfscanf.c
symbol line: 222
value: -2147483648
value address: 0x7fffffffcd00
Type: The type is an integer type.
Type sizeof: 4

[INFO -- 2018-12-01 09:32:11]
Fault Injection Successful after 2.452059268951416s
[INFO -- 2018-12-01 09:32:34]
event type: exit
[INFO -- 2018-12-01 09:32:34]
exit code: 0
