[INFO -- 2018-10-12 10:35:04]
sending 5 signals using command: 'killall -2 fft_nn.out' after 23.4756823563s
[INFO -- 2018-10-12 10:35:04]
sending 5 signals using command: 'killall -2 fft_nn.out' after 23.5138659586s
[INFO -- 2018-10-12 10:35:05]
sending 5 signals using command: 'killall -2 fft_nn.out' after 24.3467170344s
[INFO -- 2018-10-12 10:35:05]
Starting GDB script
[INFO -- 2018-10-12 10:35:05]
initSignal:0.0
[INFO -- 2018-10-12 10:35:05]
endSignal:5.0
[INFO -- 2018-10-12 10:35:07]
sending 5 signals using command: 'killall -2 fft_nn.out' after 1.43725427891s
[INFO -- 2018-10-12 10:35:09]
sending 5 signals using command: 'killall -2 fft_nn.out' after 3.89852851895s
[INFO -- 2018-10-12 10:35:10]
sending 5 signals using command: 'killall -2 fft_nn.out' after 4.48118136894s
[INFO -- 2018-10-12 10:35:26]
Execution finished before waitTime
