[INFO -- 2018-10-07 23:26:58]
sending 5 signals using command: 'killall -2 fft_nn.out' after 21.6645493381s
[INFO -- 2018-10-07 23:27:00]
sending 5 signals using command: 'killall -2 fft_nn.out' after 22.7212425916s
[INFO -- 2018-10-07 23:27:01]
sending 5 signals using command: 'killall -2 fft_nn.out' after 24.5873915621s
[INFO -- 2018-10-07 23:27:02]
Starting GDB script
[INFO -- 2018-10-07 23:27:02]
initSignal:0.0
[INFO -- 2018-10-07 23:27:02]
endSignal:5.0
[INFO -- 2018-10-07 23:27:02]
sending 5 signals using command: 'killall -2 fft_nn.out' after 0.756256266255s
[INFO -- 2018-10-07 23:27:02]
sending 5 signals using command: 'killall -2 fft_nn.out' after 0.788729963838s
[INFO -- 2018-10-07 23:27:06]
sending 5 signals using command: 'killall -2 fft_nn.out' after 4.62761262524s
[INFO -- 2018-10-07 23:27:22]
Execution finished before waitTime
