[INFO -- 2018-10-16 06:52:39]
Starting flip_value script
version: 1.1
[INFO -- 2018-10-16 06:52:39]
Initialization strings:
[INFO -- 2018-10-16 06:52:39]
(1) file /home/latansini/Desktop/trabalhoftf/carol-fi/sample-code/inverse_nn/inversek2j_nn.out
[INFO -- 2018-10-16 06:52:39]
(2) set args /home/latansini/Desktop/trabalhoftf/carol-fi/sample-code/inverse_nn/input_250k /home/latansini/Desktop/trabalhoftf/carol-fi/sample-code/inverse_nn/output_falha.data
[INFO -- 2018-10-16 06:52:39]
initSignal:4
[INFO -- 2018-10-16 06:52:39]
endSignal:6
[INFO -- 2018-10-16 06:52:39]
faultModel:2
[INFO -- 2018-10-16 06:52:43]
Backtrace BEGIN:
#0  0x00007ffff7029871 in _IO_vfscanf_internal (s=s@entry=0x608610, format=<optimized out>, argptr=argptr@entry=0x7fffffffd0d8, errp=errp@entry=0x0) at vfscanf.c:2115
#1  0x00007ffff7032162 in __isoc99_fscanf (stream=0x608610, format=<optimized out>) at isoc99_fscanf.c:34
#2  0x00007ffff7bcf187 in fann_create_from_fd () from /usr/local/lib/libfann.so.2
#3  0x00007ffff7bcf608 in fann_create_from_file () from /usr/local/lib/libfann.so.2
#4  0x000000000040199e in inversek2j(float, float, float*, float*) ()
#5  0x0000000000401631 in main ()

2110	vfscanf.c: Arquivo ou diretório não encontrado.

Backtrace END
Fliping a bit of the value pointed by a pointer
Memory content before bitflip:0x30
Fault Model: Random bit-flip
base address to flip value: 0x7fffffffccd2 
address max offset: 1
Memory content after  bitflip:0xd9
frame name: _IO_vfscanf_internal
symbol name: tw
symbol filename: vfscanf.c
symbol line: 271
value: 0x7fffffffccd2 "\331\060\061\061\064\060\065\071\064\071\071\060\061\061\062\063\060\064\066\071e+00"
value address: 0x7fffffffcf00
Type: The type is a pointer.
Type sizeof: 8

[INFO -- 2018-10-16 06:52:43]
Fault Injection Successful after 4.945652723312378s
[INFO -- 2018-10-16 06:52:49]
event type: exit
[INFO -- 2018-10-16 06:52:49]
exit code: 0
