[INFO -- 2018-12-03 23:56:57]
Starting flip_value script
version: 1.1
[INFO -- 2018-12-03 23:56:57]
Initialization strings:
[INFO -- 2018-12-03 23:56:57]
(1) file /home/latansini/carol-fi/carol-fi/codes/nnfulldup/nn-knl-files/nn
[INFO -- 2018-12-03 23:56:57]
(2) set args /home/latansini/carol-fi/carol-fi/codes/nnfulldup/nn-knl-files/filelist 20 5 5 /home/latansini/carol-fi/carol-fi/codes/nnfulldup/nn-knl-files/out20_5_5
[INFO -- 2018-12-03 23:56:57]
initSignal:0
[INFO -- 2018-12-03 23:56:57]
endSignal:2
[INFO -- 2018-12-03 23:56:57]
faultModel:2
[INFO -- 2018-12-03 23:56:58]
Backtrace BEGIN:
#0  0x00007ffff78d4e84 in ?? () from /usr/lib/x86_64-linux-gnu/libgomp.so.1
#1  0x00007ffff78d3ae9 in ?? () from /usr/lib/x86_64-linux-gnu/libgomp.so.1
#2  0x0000000000400f98 in nn_wrapper (filename=0x7fffffffe7d7 "/home/latansini/carol-fi/carol-fi/codes/nnfulldup/nn-knl-files/filelist", k=20, target_lat=5, target_long=5) at nn.c:97
#3  0x000000000040148d in main (argc=6, argv=0x7fffffffe568) at nn.c:195

168			fclose(logfile);
169		}
170	
171		if(file!= NULL){
172	    		fclose(file);
173		}
174	}
175	
176	int main(int argc, char* argv[]) {
177	    int    k=0;

Backtrace END
Fliping array at pos: 398
Memory content before bitflip:0x32
Fault Model: Random bit-flip
base address to flip value: 0x7fffffffe35e 
address max offset: 1
Memory content after  bitflip:0xbd
frame name: nn_wrapper
symbol name: sandbox
symbol filename: nn.c
symbol line: 30
value: "1961  9 15  6  3 MICHAEL    51.5  93.3  126  447\n1957 12 24  0  8 HELENE     53.3 218.3   42  590\n1964  7 12 18 23 OSCAR      30.6 311.3   61  252\n1979  1 19  0 20 WILLIAM    10.3 300.8   47  511\n1985"...
value address: 0x7fffffffe1d0
Type: The type is an array.
Type sizeof: 490
Field name: None
Field Type: A range type, that is, an integer type with bounds.
Field Type sizeof: 8
Field Type range: (0L, 489L)

[INFO -- 2018-12-03 23:56:58]
Fault Injection Successful after 1.09737706184s
[INFO -- 2018-12-03 23:56:59]
event type: exit
[INFO -- 2018-12-03 23:56:59]
exit code: 0
