[INFO -- 2018-10-18 13:08:29]
Starting flip_value script
version: 1.1
[INFO -- 2018-10-18 13:08:29]
Initialization strings:
[INFO -- 2018-10-18 13:08:29]
(1) file /home/latansini/Desktop/trabalhoftf/carol-fi/sample-code/knn/nn-knl-files/nn
[INFO -- 2018-10-18 13:08:29]
(2) set args /home/latansini/Desktop/trabalhoftf/carol-fi/sample-code/knn/nn-knl-files/filelist 15 25 25 /home/latansini/Desktop/trabalhoftf/carol-fi/sample-code/knn/nn-knl-files/out15_25_25
[INFO -- 2018-10-18 13:08:29]
initSignal:4
[INFO -- 2018-10-18 13:08:29]
endSignal:5
[INFO -- 2018-10-18 13:08:29]
faultModel:4
[INFO -- 2018-10-18 13:08:33]
Backtrace BEGIN:
#0  0x00007ffff78bdc0b in ?? () from /usr/lib/x86_64-linux-gnu/libgomp.so.1
#1  0x00007ffff78bc0e2 in ?? () from /usr/lib/x86_64-linux-gnu/libgomp.so.1
#2  0x0000000000401184 in main (argc=6, argv=0x7fffffffd8b8) at nn.c:115

20	* This program finds the k-nearest neighbors
21	* Usage:	./nn <filelist> <num> <target latitude> <target longitude> <out filename>
22	*			filelist: File with the filenames to the records
23	*			num: Number of nearest neighbors to find
24	*			target lat: Latitude coordinate for distance calculations
25	*			target long: Longitude coordinate for distance calculations
26	* The filelist and data are generated by hurricane_gen.c
27	* REC_WINDOW has been arbitrarily assigned; A larger value would allow more work for the threads
28	*/
29	int main(int argc, char* argv[]) {

Backtrace END
Fliping array at pos: 484
Memory content before bitflip:0x20
Fault Model: LSB bit-flip
base address to flip value: 0x7fffffffd7a4 
address max offset: 1
Memory content after  bitflip:0x28
frame name: main
symbol name: sandbox
symbol filename: nn.c
symbol line: 32
value: "1967  9 16 18 24 ISAAC      21.8  37.8   15  658\n1963  1 14 12 27 KIRK       69.7 166.1  125  591\n1961  8 10 12 10 NADINE     40.8 148.3   68  252\n1994  8 17 12 11 HELENE     16.4  53.9  154  221\n1995"...
value address: 0x7fffffffd5c0
Type: The type is an array.
Type sizeof: 490
Field name: None
Field Type: A range type, that is, an integer type with bounds.
Field Type sizeof: 8
Field Type range: (0, 489)

[INFO -- 2018-10-18 13:08:33]
Fault Injection Successful after 4.8082592487335205s
[INFO -- 2018-10-18 13:08:35]
event type: exit
[INFO -- 2018-10-18 13:08:35]
exit code: 0
