[INFO -- 2018-10-11 08:04:17]
Starting flip_value script
version: 1.1
[INFO -- 2018-10-11 08:04:17]
Initialization strings:
[INFO -- 2018-10-11 08:04:17]
(1) file /tmp/fft_nn/fft_nn.out
[INFO -- 2018-10-11 08:04:17]
(2) set args 32768 /tmp/fft_nn/output_falha.data
[INFO -- 2018-10-11 08:04:17]
initSignal:15
[INFO -- 2018-10-11 08:04:17]
endSignal:20
[INFO -- 2018-10-11 08:04:17]
faultModel:3
[EXCEPTION -- 2018-10-11 08:04:32]
gdbException: Tentativo de desreferenciar um ponteiro genérico.
[EXCEPTION -- 2018-10-11 08:04:32]
gdbException: Tentativo de desreferenciar um ponteiro genérico.
[INFO -- 2018-10-11 08:04:32]
Backtrace BEGIN:
#0  0x00007ffff700cc86 in __mpn_mul (prodp=prodp@entry=0x7fffffffcf20, up=0x7ffff714b088 <__tens+72>, usize=1, vp=vp@entry=0x7fffffffcf70, vsize=vsize@entry=1) at mul.c:57
#1  0x00007ffff7012bb9 in __GI_____strtof_l_internal (nptr=<optimized out>, endptr=<optimized out>, group=<optimized out>, loc=<optimized out>) at strtod_l.c:1408
#2  0x00007ffff7011d60 in __GI___strtof_internal (nptr=<optimized out>, endptr=<optimized out>, group=<optimized out>) at strtod.c:54
#3  0x00007ffff702b948 in _IO_vfscanf_internal (s=s@entry=0x6062c0, format=<optimized out>, argptr=argptr@entry=0x7fffffffd408, errp=errp@entry=0x0) at vfscanf.c:2365
#4  0x00007ffff7032162 in __isoc99_fscanf (stream=0x6062c0, format=<optimized out>) at isoc99_fscanf.c:34
#5  0x00007ffff7bcf187 in fann_create_from_fd () from /usr/local/lib/libfann.so.2
#6  0x00007ffff7bcf608 in fann_create_from_file () from /usr/local/lib/libfann.so.2
#7  0x00000000004019b7 in radix2DitCooleyTykeyFft(int, int*, Complex*, Complex*) ()
#8  0x0000000000401631 in main ()

52	mul.c: Arquivo ou diretório não encontrado.

Backtrace END
Fliping array at pos: 2
Memory content before bitflip:0x5f
Fault Model: Zero bit-flip
base address to flip value: 0x7ffff715cb82  
address max offset: 1
Memory content after  bitflip:0x00
frame name: __GI_____strtof_l_internal
symbol name: __PRETTY_FUNCTION__
symbol filename: strtof_l.c
symbol line: 0
value: "__\000_strtof_l_internal"
value address: 0x7ffff715cb80 <__PRETTY_FUNCTION__.11547>
Type: The type is an array.
Type sizeof: 22
Field name: None
Field Type: A range type, that is, an integer type with bounds.
Field Type sizeof: 8
Field Type range: (0, 21)

[INFO -- 2018-10-11 08:04:32]
Fault Injection Successful after 15.897776365280151s
[INFO -- 2018-10-11 08:04:37]
event type: exit
[INFO -- 2018-10-11 08:04:37]
exit code: 0
