[INFO -- 2018-10-19 04:44:39]
Starting flip_value script
version: 1.1
[INFO -- 2018-10-19 04:44:39]
Initialization strings:
[INFO -- 2018-10-19 04:44:39]
(1) file /home/latansini/Desktop/trabalhoftf/carol-fi/sample-code/knn/nn-knl-files/nn
[INFO -- 2018-10-19 04:44:39]
(2) set args /home/latansini/Desktop/trabalhoftf/carol-fi/sample-code/knn/nn-knl-files/filelist 15 25 25 /home/latansini/Desktop/trabalhoftf/carol-fi/sample-code/knn/nn-knl-files/out15_25_25
[INFO -- 2018-10-19 04:44:39]
initSignal:2
[INFO -- 2018-10-19 04:44:39]
endSignal:3
[INFO -- 2018-10-19 04:44:39]
faultModel:2
[EXCEPTION -- 2018-10-19 04:44:41]
pythonException: invalid frame
[EXCEPTION -- 2018-10-19 04:44:41]
pythonException: invalid frame
[INFO -- 2018-10-19 04:44:41]
Backtrace BEGIN:
#0  0x00007ffff72ff903 in __GI_____strtod_l_internal (nptr=<optimized out>, endptr=<optimized out>, group=<optimized out>, loc=<optimized out>) at strtod_l.c:1335
#1  0x000000000040150f in main._omp_fn.0 () at nn.c:118
#2  0x0000000000401193 in main (argc=6, argv=0x7fffffffd8b8) at nn.c:115

1330	strtod_l.c: Arquivo ou diretório não encontrado.

Backtrace END
Memory content before bitflip:0x000x000x000x00
Fault Model: Random bit-flip
base address to flip value: 0x7fffffffd520
address max offset: 4
Memory content after  bitflip:0xce0x5b0x8f0xbb
frame name: main
symbol name: tmp_lat
symbol filename: nn.c
symbol line: 34
value: -0,00437495764
value address: 0x7fffffffd520
Type: A floating point type.
Type sizeof: 4

[INFO -- 2018-10-19 04:44:41]
Fault Injection Successful after 2.760942220687866s
[INFO -- 2018-10-19 04:44:45]
event type: exit
[INFO -- 2018-10-19 04:44:45]
exit code: 0
