[INFO -- 2018-10-16 19:34:04]
Starting flip_value script
version: 1.1
[INFO -- 2018-10-16 19:34:04]
Initialization strings:
[INFO -- 2018-10-16 19:34:04]
(1) file /home/latansini/Desktop/trabalhoftf/carol-fi/sample-code/inverse_nn/inversek2j_nn.out
[INFO -- 2018-10-16 19:34:04]
(2) set args /home/latansini/Desktop/trabalhoftf/carol-fi/sample-code/inverse_nn/input_250k /home/latansini/Desktop/trabalhoftf/carol-fi/sample-code/inverse_nn/output_falha.data
[INFO -- 2018-10-16 19:34:04]
initSignal:2
[INFO -- 2018-10-16 19:34:04]
endSignal:4
[INFO -- 2018-10-16 19:34:04]
faultModel:1
[EXCEPTION -- 2018-10-16 19:34:05]
gdbException: Tentativo de desreferenciar um ponteiro genérico.
[INFO -- 2018-10-16 19:34:05]
Backtrace BEGIN:
#0  0x00007ffff703207d in __isoc99_fscanf (stream=0x608610, format=0x7ffff7bd40f8 "cascade_activation_steepnesses_count=%u\n") at isoc99_fscanf.c:26
#1  0x00007ffff7bceebc in fann_create_from_fd () from /usr/local/lib/libfann.so.2
#2  0x00007ffff7bcf608 in fann_create_from_file () from /usr/local/lib/libfann.so.2
#3  0x000000000040199e in inversek2j(float, float, float*, float*) ()
#4  0x0000000000401631 in main ()

21	in isoc99_fscanf.c

Backtrace END
Fliping array at pos: 0
Fliping value of field: gp_offset
Memory content before bitflip:0x100x000x000x00
Fault Model: Double bit-flip
base address to flip value: 0x7fffffffd0d8
address max offset: 4
Memory content after  bitflip:0x020x000x000x00
frame name: __isoc99_fscanf
symbol name: arg
symbol filename: isoc99_fscanf.c
symbol line: 27
value: {{gp_offset = 2, fp_offset = 48, overflow_arg_area = 0x7fffffffd1b0, reg_save_area = 0x7fffffffd0f0}}
value address: 0x7fffffffd0d8
Type: The type is an array.
Type sizeof: 24

[INFO -- 2018-10-16 19:34:05]
Fault Injection Successful after 1.9479949474334717s
[INFO -- 2018-10-16 19:34:14]
event type: exit
[INFO -- 2018-10-16 19:34:14]
exit code: 0
