[INFO -- 2018-10-11 15:00:32]
sending 5 signals using command: 'killall -2 fft_nn.out' after 23.6553500618s
[INFO -- 2018-10-11 15:00:32]
sending 5 signals using command: 'killall -2 fft_nn.out' after 23.773141281s
[INFO -- 2018-10-11 15:00:33]
sending 5 signals using command: 'killall -2 fft_nn.out' after 24.5508941658s
[INFO -- 2018-10-11 15:00:33]
Starting GDB script
[INFO -- 2018-10-11 15:00:33]
initSignal:0.0
[INFO -- 2018-10-11 15:00:33]
endSignal:5.0
[INFO -- 2018-10-11 15:00:35]
sending 5 signals using command: 'killall -2 fft_nn.out' after 1.69101586434s
[INFO -- 2018-10-11 15:00:35]
sending 5 signals using command: 'killall -2 fft_nn.out' after 1.85508640264s
[INFO -- 2018-10-11 15:00:35]
sending 5 signals using command: 'killall -2 fft_nn.out' after 2.06113636821s
[INFO -- 2018-10-11 15:00:54]
Execution finished before waitTime
