[INFO -- 2018-10-18 19:47:01]
Starting flip_value script
version: 1.1
[INFO -- 2018-10-18 19:47:01]
Initialization strings:
[INFO -- 2018-10-18 19:47:01]
(1) file /home/latansini/Desktop/trabalhoftf/carol-fi/sample-code/knn/nn-knl-files/nn
[INFO -- 2018-10-18 19:47:01]
(2) set args /home/latansini/Desktop/trabalhoftf/carol-fi/sample-code/knn/nn-knl-files/filelist 15 25 25 /home/latansini/Desktop/trabalhoftf/carol-fi/sample-code/knn/nn-knl-files/out15_25_25
[INFO -- 2018-10-18 19:47:01]
initSignal:2
[INFO -- 2018-10-18 19:47:01]
endSignal:3
[INFO -- 2018-10-18 19:47:01]
faultModel:2
[EXCEPTION -- 2018-10-18 19:47:03]
pythonException: invalid frame
[INFO -- 2018-10-18 19:47:03]
Backtrace BEGIN:
#0  __memcpy_sse2 () at ../sysdeps/x86_64/multiarch/../memcpy.S:216
#1  0x00007ffff7337323 in __GI__IO_file_xsgetn (fp=0x603640, data=<optimized out>, n=490) at fileops.c:1387
#2  0x00007ffff732c86f in __GI__IO_fread (buf=<optimized out>, size=49, count=10, fp=0x603640) at iofread.c:42
#3  0x0000000000401027 in main (argc=6, argv=0x7fffffffd8b8) at nn.c:85

211	../sysdeps/x86_64/multiarch/../memcpy.S: Arquivo ou diretório não encontrado.

Backtrace END
Fliping a bit of the pointer
Memory content before bitflip:0xb80xd80xff0xff0xff0x7f0x000x00
Fault Model: Random bit-flip
base address to flip value: 0x7fffffffd4e0
address max offset: 8
Memory content after  bitflip:0x350x960xb00x7d0xd70xf30x030x11
frame name: main
symbol name: argv
symbol filename: nn.c
symbol line: 29
value: 0x7fffffffd8b8
value address: 0x7fffffffd4e0
Type: The type is a pointer.
Type sizeof: 8

[INFO -- 2018-10-18 19:47:03]
Fault Injection Successful after 2.383089065551758s
[INFO -- 2018-10-18 19:47:06]
event type: exit
[INFO -- 2018-10-18 19:47:06]
exit code: 0
