[INFO -- 2018-10-06 03:46:23]
sending 5 signals using command: 'killall -2 fft_nn.out' after 21.5539975745s
[INFO -- 2018-10-06 03:46:23]
sending 5 signals using command: 'killall -2 fft_nn.out' after 21.6166834038s
[INFO -- 2018-10-06 03:46:25]
sending 5 signals using command: 'killall -2 fft_nn.out' after 23.2803157132s
[INFO -- 2018-10-06 03:46:25]
Starting GDB script
[INFO -- 2018-10-06 03:46:25]
initSignal:0.0
[INFO -- 2018-10-06 03:46:25]
endSignal:5.0
[INFO -- 2018-10-06 03:46:25]
sending 5 signals using command: 'killall -2 fft_nn.out' after 0.184471010496s
[INFO -- 2018-10-06 03:46:26]
sending 5 signals using command: 'killall -2 fft_nn.out' after 1.27815090903s
[INFO -- 2018-10-06 03:46:29]
sending 5 signals using command: 'killall -2 fft_nn.out' after 4.40795756095s
[INFO -- 2018-10-06 03:46:45]
Execution finished before waitTime
