[INFO -- 2018-12-05 13:31:54]
Starting flip_value script
version: 1.1
[INFO -- 2018-12-05 13:31:54]
Initialization strings:
[INFO -- 2018-12-05 13:31:54]
(1) file /home/latansini/Desktop/CAROL-FI/etapa2/carol-fi/codes/kmeans/kmeans-knl-files/kmeans
[INFO -- 2018-12-05 13:31:54]
(2) set args -i /home/latansini/Desktop/CAROL-FI/etapa2/carol-fi/codes/kmeans/kmeans-knl-files/input62500.txt -o /home/latansini/Desktop/CAROL-FI/etapa2/carol-fi/codes/kmeans/kmeans-knl-files/saida_falha.txt
[INFO -- 2018-12-05 13:31:54]
initSignal:0
[INFO -- 2018-12-05 13:31:54]
endSignal:55
[INFO -- 2018-12-05 13:31:54]
faultModel:2
[INFO -- 2018-12-05 13:32:06]
Backtrace BEGIN:
#0  0x0000000000400f2d in find_nearest_point (pt=<error reading variable: can't compute CFA for this frame>, nfeatures=<error reading variable: can't compute CFA for this frame>, pts=<error reading variable: can't compute CFA for this frame>, npts=<error reading variable: can't compute CFA for this frame>) at kmeans_clustering.c:96
#1  0x0000000000401952 in kmeans_clustering._omp_fn.0 () at kmeans_clustering.c:194
#2  0x00007ffff7bb8d3f in GOMP_parallel () from /usr/lib/x86_64-linux-gnu/libgomp.so.1
#3  0x00000000004014c3 in kmeans_clustering (feature=0x7ffff7f55010, nfeatures=34, npoints=62500, nclusters=5, threshold=0,00100000005, membership=0x7ffff7f17010) at kmeans_clustering.c:183
#4  0x0000000000401b42 in cluster (numObjects=62500, numAttributes=34, attributes=0x7ffff7f55010, nclusters=5, threshold=0,00100000005, cluster_centres=0x7fffffffd880) at cluster.c:94
#5  0x000000000040211b in kmeans_wrapper (isBinaryFile=0, filename=0x7fffffffe135 "/home/latansini/Desktop/CAROL-FI/etapa2/carol-fi/codes/kmeans/kmeans-knl-files/input62500.txt", threshold=0,00100000005, nclusters=5) at kmeans.c:180
#6  0x00000000004025d4 in main (argc=5, argv=0x7fffffffde18) at kmeans.c:304

91	            min_dist = dist;
92	            index    = i;
93	        }
94	    }
95	    return(index);
96	}
97	
98	/*----< euclid_dist_2() >----------------------------------------------------*/
99	/* multi-dimensional spatial Euclid distance square */
100	__inline

Backtrace END
Fliping a bit of the pointer
Memory content before bitflip:0xc80xe10xff0xf70xff0x7f0x000x00
Fault Model: Random bit-flip
base address to flip value: 0x7fffffffd828
address max offset: 8
Memory content after  bitflip:0xea0xc90xa80x130x8a0xbf0x850x1b
frame name: cluster
symbol name: tmp_cluster_centres
symbol filename: cluster.c
symbol line: 88
value: 0x7ffff7ffe1c8
value address: 0x7fffffffd828
Type: The type is a pointer.
Type sizeof: 8

[INFO -- 2018-12-05 13:32:06]
Fault Injection Successful after 12.04326343536377s
[INFO -- 2018-12-05 13:32:49]
event type: exit
[INFO -- 2018-12-05 13:32:49]
exit code: 0
