[INFO -- 2018-12-04 01:03:13]
Starting flip_value script
version: 1.1
[INFO -- 2018-12-04 01:03:13]
Initialization strings:
[INFO -- 2018-12-04 01:03:13]
(1) file /home/latansini/carol-fi/carol-fi/codes/nnfulldup/nn-knl-files/nn
[INFO -- 2018-12-04 01:03:13]
(2) set args /home/latansini/carol-fi/carol-fi/codes/nnfulldup/nn-knl-files/filelist 20 5 5 /home/latansini/carol-fi/carol-fi/codes/nnfulldup/nn-knl-files/out20_5_5
[INFO -- 2018-12-04 01:03:13]
initSignal:0
[INFO -- 2018-12-04 01:03:13]
endSignal:2
[INFO -- 2018-12-04 01:03:13]
faultModel:3
[EXCEPTION -- 2018-12-04 01:03:14]
gdbException: Attempt to dereference a generic pointer.
[EXCEPTION -- 2018-12-04 01:03:15]
pythonException: invalid frame
[EXCEPTION -- 2018-12-04 01:03:15]
pythonException: invalid frame
[EXCEPTION -- 2018-12-04 01:03:15]
pythonException: invalid frame
[EXCEPTION -- 2018-12-04 01:03:15]
pythonException: invalid frame
[EXCEPTION -- 2018-12-04 01:03:15]
pythonException: invalid frame
[EXCEPTION -- 2018-12-04 01:03:15]
pythonException: invalid frame
[EXCEPTION -- 2018-12-04 01:03:15]
gdbException: A syntax error in expression, near `...'.
[EXCEPTION -- 2018-12-04 01:03:15]
pythonException: invalid frame
[INFO -- 2018-12-04 01:03:15]
Backtrace BEGIN:
#0  0x00007ffff78d4c9e in ?? () from /usr/lib/x86_64-linux-gnu/libgomp.so.1
#1  0x00007ffff78d26f0 in ?? () from /usr/lib/x86_64-linux-gnu/libgomp.so.1
#2  0x00007ffff76b0064 in start_thread (arg=0x7ffff42f6700) at pthread_create.c:309
#3  0x00007ffff73e562d in clone () at ../sysdeps/unix/sysv/linux/x86_64/clone.S:111

69	in dl-debug.c

Backtrace END
Memory content before bitflip:0x060x000x000x00
Fault Model: Zero bit-flip
base address to flip value: 0x7fffffffe44c
address max offset: 4
Memory content after  bitflip:0x000x000x000x00
frame name: main
symbol name: argc
symbol filename: nn.c
symbol line: 176
value: 0
value address: 0x7fffffffe44c
Type: The type is an integer type.
Type sizeof: 4

[INFO -- 2018-12-04 01:03:15]
Fault Injection Successful after 2.09279608727s
[INFO -- 2018-12-04 01:03:16]
event type: exit
[INFO -- 2018-12-04 01:03:16]
exit code: 0
