[INFO -- 2018-12-01 05:01:45]
Starting flip_value script
version: 1.1
[INFO -- 2018-12-01 05:01:45]
Initialization strings:
[INFO -- 2018-12-01 05:01:45]
(1) file /home/lignati/carol-fi/codes/inversefulldup/inversek2j.nn.out
[INFO -- 2018-12-01 05:01:45]
(2) set args /home/lignati/carol-fi/codes/inversefulldup/input_250k /home/lignati/carol-fi/codes/inversefulldup/output_falha.data
[INFO -- 2018-12-01 05:01:45]
initSignal:0
[INFO -- 2018-12-01 05:01:45]
endSignal:25
[INFO -- 2018-12-01 05:01:45]
faultModel:4
[INFO -- 2018-12-01 05:01:54]
Backtrace BEGIN:
#0  __mpn_mul_1 () at ../sysdeps/x86_64/mul_1.S:44
#1  0x00007ffff700dcd1 in __mpn_mul (prodp=prodp@entry=0x7fffffffca50, up=0x7ffff714c068 <__tens+40>, usize=1, vp=vp@entry=0x7fffffffcaa0, vsize=vsize@entry=1) at mul.c:90
#2  0x00007ffff7013bb9 in __GI_____strtof_l_internal (nptr=<optimized out>, endptr=<optimized out>, group=<optimized out>, loc=<optimized out>) at strtod_l.c:1408
#3  0x00007ffff7012d60 in __GI___strtof_internal (nptr=<optimized out>, endptr=<optimized out>, group=<optimized out>) at strtod.c:54
#4  0x00007ffff702c948 in _IO_vfscanf_internal (s=s@entry=0x6085c0, format=<optimized out>, argptr=argptr@entry=0x7fffffffcf38, errp=errp@entry=0x0) at vfscanf.c:2365
#5  0x00007ffff7033162 in __isoc99_fscanf (stream=0x6085c0, format=<optimized out>) at isoc99_fscanf.c:34
#6  0x00007ffff7bcac42 in fann_create_from_fd () from /usr/local/lib/libfann.so.2
#7  0x00007ffff7bc8073 in fann_create_from_file () from /usr/local/lib/libfann.so.2
#8  0x0000000000402061 in inversek2j(float, float, float*, float*) ()
#9  0x000000000040179a in main ()

39	../sysdeps/x86_64/mul_1.S: No such file or directory.

Backtrace END
Fliping array at pos: 0
Fliping value of field: gp_offset
Memory content before bitflip:0x100x000x000x00
Fault Model: LSB bit-flip
base address to flip value: 0x7fffffffcf38
address max offset: 4
Memory content after  bitflip:0x100x000x000x02
frame name: __isoc99_fscanf
symbol name: arg
symbol filename: isoc99_fscanf.c
symbol line: 27
value: {{gp_offset = 33554448, fp_offset = 48, overflow_arg_area = 0x7fffffffd010, reg_save_area = 0x7fffffffcf50}}
value address: 0x7fffffffcf38
Type: The type is an array.
Type sizeof: 24

[INFO -- 2018-12-01 05:01:54]
Fault Injection Successful after 9.102211713790894s
[INFO -- 2018-12-01 05:02:10]
event type: exit
[INFO -- 2018-12-01 05:02:10]
exit code: 0
