[INFO -- 2018-10-08 19:02:33]
Starting flip_value script
version: 1.1
[INFO -- 2018-10-08 19:02:33]
Initialization strings:
[INFO -- 2018-10-08 19:02:33]
(1) file /tmp/fft_nn/fft_nn.out
[INFO -- 2018-10-08 19:02:33]
(2) set args 32768 /tmp/fft_nn/output_falha.data
[INFO -- 2018-10-08 19:02:33]
initSignal:15
[INFO -- 2018-10-08 19:02:33]
endSignal:20
[INFO -- 2018-10-08 19:02:33]
faultModel:3
[EXCEPTION -- 2018-10-08 19:02:48]
gdbException: Tentativo de desreferenciar um ponteiro genérico.
[INFO -- 2018-10-08 19:02:48]
Backtrace BEGIN:
#0  0x00007ffff70286cf in _IO_vfscanf_internal (s=s@entry=0x6062c0, format=0x7ffff7bd3da5 "(%u, %f) ", argptr=argptr@entry=0x7fffffffd408, errp=errp@entry=0x0) at vfscanf.c:335
#1  0x00007ffff7032162 in __isoc99_fscanf (stream=0x6062c0, format=<optimized out>) at isoc99_fscanf.c:34
#2  0x00007ffff7bcf187 in fann_create_from_fd () from /usr/local/lib/libfann.so.2
#3  0x00007ffff7bcf608 in fann_create_from_file () from /usr/local/lib/libfann.so.2
#4  0x00000000004019b7 in radix2DitCooleyTykeyFft(int, int*, Complex*, Complex*) ()
#5  0x0000000000401631 in main ()

330	in vfscanf.c

Backtrace END
Fliping a bit of the value pointed by a pointer
Fliping value of field: usage_count
Memory content before bitflip:0xff0xff0xff0xff
Fault Model: Zero bit-flip
base address to flip value: 0x7ffff7393d70 
address max offset: 4
Memory content after  bitflip:0x000x000x000x00
frame name: _IO_vfscanf_internal
symbol name: curctype
symbol filename: vfscanf.c
symbol line: 226
value: 0x7ffff7393d40 <_nl_C_LC_CTYPE>
value address: 0x7fffffffd150
Type: The type is a pointer.
Type sizeof: 8

[INFO -- 2018-10-08 19:02:48]
Fault Injection Successful after 15.939145565032959s
[INFO -- 2018-10-08 19:02:53]
event type: exit
[INFO -- 2018-10-08 19:02:53]
exit code: 0
