[19]: 1989  2  9  0  1 GORDON      7.1   4.6   83  398 1996  2 15 12  1 NADINE      8.5   0.1  138  804
[18]: 2004  7  4  0 13 WILLIAM     7.1   5.8   46  355 1965 11 23  0  6 RAFAEL      7.6   0.2   74  699
[17]: 1996 11 23  6 22 DEBBY       7.0   5.9   76   11 1989  6  3  0 23 NADINE      7.3   0.2  143  549
[16]: 1987  8  9 18  7 HELENE      7.0   5.1   38  562 1974 11 27 18  3 RAFAEL      7.5   0.1   45  271
[15]: 1987  7 22 12 26 ISAAC       7.1   5.7  137  580 1969  3 25 12 13 VALERIE     7.8   0.2  109  409
[14]: 1984  8 17  6 26 NADINE      7.1   4.5   38   58 1992  9  2 12  6 MICHAEL     7.5   0.0  143  586
[13]: 1979  7  3  6 24 BERYL       7.3   4.8  143   77 1963  3  2 18 27 JOYCE       7.5   0.1   58  540
[12]: 1977  8 24  0 16 SANDY       7.1   4.1  153  341 1990  5 25 18 14 GORDON      7.2   0.2  160  848
[11]: 1988  2 14 18 24 GORDON      7.0   6.1   37  617 1959 10 22  0  6 MICHAEL     8.0   0.1   44  445
[10]: 1991  7 24  0 22 RAFAEL      7.2   4.8   79  482 1960  2 10 18 21 FLORENCE    7.3   0.2   84   55
[9]: 1981 10 16 18 28 KIRK        7.2   5.6   81  406 1999  9  4  0 14 PATTY       7.8   0.2   31  628
[8]: 1993  5 11  6 15 RAFAEL      7.2   4.5   41  322 1966  7  6  6  7 ALBERTO     7.8   0.0   85  564
[7]: 1998  9  5 12  5 PATTY       7.0   6.0   39   51 1972 10 10 18 24 DEBBY       7.0   0.3   76  129
[6]: 2003  5 11  0 17 NADINE      7.0   5.9   83  638 1971 11 27  6  4 ISAAC       7.2   0.1  125  362
[5]: 1991 12 27  6  3 ISAAC       7.0   4.1  118  263 1992  3  4 12  3 RAFAEL      7.8   0.1  121  131
[4]: 1964  2 13  0 22 KIRK        7.1   4.8  119  506 1976  8 27  0 27 JOYCE       7.1   0.1   46  174
[3]: 1971 10  4 12  8 KIRK        7.1   5.9   54   36 1959 11 20 18  7 RAFAEL      8.4   0.1   86  680
[2]: 1990 11 27  6  6 WILLIAM     7.1   5.9  132  577 1974 10  8  0 27 OSCAR       7.3   0.1  130  337
[1]: 1981  2 28 18 11 RAFAEL      7.1   5.3   37  100 1975 12  6  6  8 FLORENCE    7.3   0.2   74  155
[0]: 1961  9  9 18 17 OSCAR       7.1   5.6   15   79 1969  9 17  0 10 JOYCE       7.2   0.1   48  646
