[INFO -- 2018-12-09 18:16:14]
Starting flip_value script
version: 1.1
[INFO -- 2018-12-09 18:16:14]
Initialization strings:
[INFO -- 2018-12-09 18:16:14]
(1) file /home/melkor/ETAPA2/dup_nn/nn-knl-files/nn
[INFO -- 2018-12-09 18:16:14]
(2) set args /home/melkor/ETAPA2/dup_nn/nn-knl-files/filelist 20 5 5 /home/melkor/ETAPA2/dup_nn/nn-knl-files/out20_5_5
[INFO -- 2018-12-09 18:16:14]
initSignal:0
[INFO -- 2018-12-09 18:16:14]
endSignal:1
[INFO -- 2018-12-09 18:16:14]
faultModel:2
[INFO -- 2018-12-09 18:16:14]
Backtrace BEGIN:
#0  dl_main (phdr=<optimized out>, phnum=<optimized out>, user_entry=<optimized out>, auxv=<optimized out>) at rtld.c:2289
#1  0x00007ffff7defdd0 in _dl_sysdep_start (start_argptr=start_argptr@entry=0x7fffffffded0, dl_main=dl_main@entry=0x7ffff7dd7660 <dl_main>) at ../elf/dl-sysdep.c:253
#2  0x00007ffff7dd7128 in _dl_start_final (arg=0x7fffffffded0) at rtld.c:414
#3  _dl_start (arg=0x7fffffffded0) at rtld.c:521
#4  0x00007ffff7dd6098 in _start () from /lib64/ld-linux-x86-64.so.2
#5  0x0000000000000006 in ?? ()
#6  0x00007fffffffe251 in ?? ()
#7  0x00007fffffffe27c in ?? ()
#8  0x00007fffffffe2ad in ?? ()
#9  0x00007fffffffe2b0 in ?? ()
#10 0x00007fffffffe2b2 in ?? ()
#11 0x00007fffffffe2b4 in ?? ()
#12 0x0000000000000000 in ?? ()

2284	rtld.c: Arquivo ou diretório inexistente.

Backtrace END
Memory content before bitflip:0x060x000x000x00
Fault Model: Random bit-flip
base address to flip value: 0x7ffff7ffc748 
address max offset: 4
Memory content after  bitflip:0x5b0xff0x8f0x64
frame name: _dl_start
symbol name: _dl_argc
symbol filename: rtld.c
symbol line: 82
value: 1687158619
value address: 0x7ffff7ffc748 <_dl_argc>
Type: The type is an integer type.
Type sizeof: 4

[INFO -- 2018-12-09 18:16:14]
Fault Injection Successful after 0.41694188117980957s
[INFO -- 2018-12-09 18:16:15]
event type: exit
[INFO -- 2018-12-09 18:16:15]
exit code: 0
