[INFO -- 2018-12-03 06:51:57]
Starting flip_value script
version: 1.1
[INFO -- 2018-12-03 06:51:57]
Initialization strings:
[INFO -- 2018-12-03 06:51:57]
(1) file /home/latansini/carol-fi/carol-fi/codes/nnfulldup/nn-knl-files/nn
[INFO -- 2018-12-03 06:51:57]
(2) set args /home/latansini/carol-fi/carol-fi/codes/nnfulldup/nn-knl-files/filelist 20 5 5 /home/latansini/carol-fi/carol-fi/codes/nnfulldup/nn-knl-files/out20_5_5
[INFO -- 2018-12-03 06:51:57]
initSignal:0
[INFO -- 2018-12-03 06:51:57]
endSignal:2
[INFO -- 2018-12-03 06:51:57]
faultModel:2
[EXCEPTION -- 2018-12-03 06:51:57]
pythonException: invalid frame
[EXCEPTION -- 2018-12-03 06:51:57]
pythonException: invalid frame
[EXCEPTION -- 2018-12-03 06:51:57]
pythonException: invalid frame
[EXCEPTION -- 2018-12-03 06:51:57]
pythonException: invalid frame
[EXCEPTION -- 2018-12-03 06:51:57]
pythonException: invalid frame
[EXCEPTION -- 2018-12-03 06:51:57]
pythonException: invalid frame
[INFO -- 2018-12-03 06:51:57]
Backtrace BEGIN:
#0  0x0000000000400fee in nn_wrapper (filename=0x7fffffffe7d7 "/home/latansini/carol-fi/carol-fi/codes/nnfulldup/nn-knl-files/filelist", k=20, target_lat=5, target_long=5) at nn.c:113
#1  0x000000000040148d in main (argc=6, argv=0x7fffffffe568) at nn.c:195

108	        for( i = 0 ; i < rec_count ; i++ ) {
109	            float max_dist = -1;
110	            int max_idx = 0;
111	            // find a neighbor with greatest dist and take his spot if allowed!
112	            for( j = 0 ; j < k ; j++ ) {
113	                if( neighbors[j].dist > max_dist ) {
114	                    max_dist = neighbors[j].dist;
115	                    max_idx = j;
116	                }
117	            }

Backtrace END
Memory content before bitflip:0x060x000x000x00
Fault Model: Random bit-flip
base address to flip value: 0x7fffffffe44c
address max offset: 4
Memory content after  bitflip:0x7b0xf00x7c0x4f
frame name: main
symbol name: argc
symbol filename: nn.c
symbol line: 176
value: 1333588091
value address: 0x7fffffffe44c
Type: The type is an integer type.
Type sizeof: 4

[INFO -- 2018-12-03 06:51:57]
Fault Injection Successful after 0.824830055237s
[INFO -- 2018-12-03 06:51:59]
event type: exit
[INFO -- 2018-12-03 06:51:59]
exit code: 0
