[INFO -- 2018-10-05 20:06:06]
Starting flip_value script
version: 1.1
[INFO -- 2018-10-05 20:06:06]
Initialization strings:
[INFO -- 2018-10-05 20:06:06]
(1) file /tmp/fft_nn/fft_nn.out
[INFO -- 2018-10-05 20:06:06]
(2) set args 32768 /tmp/fft_nn/output_falha.data
[INFO -- 2018-10-05 20:06:06]
initSignal:15
[INFO -- 2018-10-05 20:06:06]
endSignal:25
[INFO -- 2018-10-05 20:06:06]
faultModel:4
[INFO -- 2018-10-05 20:06:22]
Backtrace BEGIN:
#0  __mpn_add_1 (s2_limb=9816727680839283770, s1_size=1, s1_ptr=0x7fffffffd3e8, res_ptr=0x7fffffffd3e8) at ../stdlib/gmp.h:448
#1  str_to_mpn (str=0x7fffffffd4d6 "e+00", str@entry=0x7fffffffd4c1 ".83603703975677490234e+00", digcnt=<optimized out>, digcnt@entry=20, n=n@entry=0x7fffffffd3e0, nsize=nsize@entry=0x7fffffffd3b0, exponent=exponent@entry=0x7fffffffd3c0, decimal_len=decimal_len@entry=1, thousands=thousands@entry=0x0, decimal=<optimized out>) at strtod_l.c:421
#2  0x00007ffff7012c2b in __GI_____strtof_l_internal (nptr=<optimized out>, endptr=<optimized out>, group=<optimized out>, loc=<optimized out>) at strtod_l.c:1427
#3  0x00007ffff7011d60 in __GI___strtof_internal (nptr=<optimized out>, endptr=<optimized out>, group=<optimized out>) at strtod.c:54
#4  0x00007ffff702b948 in _IO_vfscanf_internal (s=s@entry=0x6062c0, format=<optimized out>, argptr=argptr@entry=0x7fffffffd8c8, errp=errp@entry=0x0) at vfscanf.c:2365
#5  0x00007ffff7032162 in __isoc99_fscanf (stream=0x6062c0, format=<optimized out>) at isoc99_fscanf.c:34
#6  0x00007ffff7bcf187 in fann_create_from_fd () from /usr/local/lib/libfann.so.2
#7  0x00007ffff7bcf608 in fann_create_from_file () from /usr/local/lib/libfann.so.2
#8  0x00000000004019b7 in radix2DitCooleyTykeyFft(int, int*, Complex*, Complex*) ()
#9  0x0000000000401631 in main ()

443	../stdlib/gmp.h: Arquivo ou diretório não encontrado.

Backtrace END
Memory content before bitflip:0x010x000x000x00
Fault Model: LSB bit-flip
base address to flip value: 0x7fffffffd360
address max offset: 4
Memory content after  bitflip:0x010x000x000x02
frame name: __GI_____strtof_l_internal
symbol name: bits
symbol filename: strtod_l.c
symbol line: 499
value: 33554433
value address: 0x7fffffffd360
Type: The type is an integer type.
Type sizeof: 4

[INFO -- 2018-10-05 20:06:22]
Fault Injection Successful after 16.446030616760254s
[INFO -- 2018-10-05 20:06:26]
event type: exit
[INFO -- 2018-10-05 20:06:26]
exit code: 0
