[INFO -- 2018-10-12 14:27:34]
sending 5 signals using command: 'killall -2 fft_nn.out' after 21.5100899461s
[INFO -- 2018-10-12 14:27:34]
sending 5 signals using command: 'killall -2 fft_nn.out' after 21.4928293073s
[INFO -- 2018-10-12 14:27:37]
sending 5 signals using command: 'killall -2 fft_nn.out' after 24.941090404s
[INFO -- 2018-10-12 14:27:37]
Starting GDB script
[INFO -- 2018-10-12 14:27:37]
initSignal:0.0
[INFO -- 2018-10-12 14:27:37]
endSignal:5.0
[INFO -- 2018-10-12 14:27:40]
sending 5 signals using command: 'killall -2 fft_nn.out' after 2.29427403066s
[INFO -- 2018-10-12 14:27:40]
sending 5 signals using command: 'killall -2 fft_nn.out' after 2.79407815295s
[INFO -- 2018-10-12 14:27:40]
sending 5 signals using command: 'killall -2 fft_nn.out' after 3.06704868832s
[INFO -- 2018-10-12 14:27:58]
Execution finished before waitTime
