[INFO -- 2018-10-16 00:04:22]
Starting flip_value script
version: 1.1
[INFO -- 2018-10-16 00:04:22]
Initialization strings:
[INFO -- 2018-10-16 00:04:22]
(1) file /home/latansini/Desktop/trabalhoftf/carol-fi/sample-code/inverse_nn/inversek2j_nn.out
[INFO -- 2018-10-16 00:04:22]
(2) set args /home/latansini/Desktop/trabalhoftf/carol-fi/sample-code/inverse_nn/input_250k /home/latansini/Desktop/trabalhoftf/carol-fi/sample-code/inverse_nn/output_falha.data
[INFO -- 2018-10-16 00:04:22]
initSignal:4
[INFO -- 2018-10-16 00:04:22]
endSignal:6
[INFO -- 2018-10-16 00:04:22]
faultModel:2
[INFO -- 2018-10-16 00:04:26]
Backtrace BEGIN:
#0  0x00007ffff70120f0 in get_rounding_mode () at ../sysdeps/generic/get-rounding-mode.h:94
#1  round_and_return (retval=0x7fffffffcbe0, exponent=-1, negative=negative@entry=0, round_limb=round_limb@entry=9223372036854775808, round_bit=39, more_bits=0) at strtod_l.c:202
#2  0x00007ffff7013332 in __GI_____strtof_l_internal (nptr=<optimized out>, endptr=<optimized out>, group=<optimized out>, loc=<optimized out>) at strtod_l.c:1613
#3  0x00007ffff7011d60 in __GI___strtof_internal (nptr=<optimized out>, endptr=<optimized out>, group=<optimized out>) at strtod.c:54
#4  0x00007ffff702b948 in _IO_vfscanf_internal (s=s@entry=0x608610, format=<optimized out>, argptr=argptr@entry=0x7fffffffd0d8, errp=errp@entry=0x0) at vfscanf.c:2365
#5  0x00007ffff7032162 in __isoc99_fscanf (stream=0x608610, format=<optimized out>) at isoc99_fscanf.c:34
#6  0x00007ffff7bcf0eb in fann_create_from_fd () from /usr/local/lib/libfann.so.2
#7  0x00007ffff7bcf608 in fann_create_from_file () from /usr/local/lib/libfann.so.2
#8  0x000000000040199e in inversek2j(float, float, float*, float*) ()
#9  0x0000000000401631 in main ()

89	../sysdeps/generic/get-rounding-mode.h: Arquivo ou diretório não encontrado.

Backtrace END
Fliping array at pos: 0
Fliping value of field: gp_offset
Memory content before bitflip:0x100x000x000x00
Fault Model: Random bit-flip
base address to flip value: 0x7fffffffd0d8
address max offset: 4
Memory content after  bitflip:0xae0x510x840x55
frame name: __isoc99_fscanf
symbol name: arg
symbol filename: isoc99_fscanf.c
symbol line: 27
value: {{gp_offset = 1434735022, fp_offset = 48, overflow_arg_area = 0x7fffffffd1b0, reg_save_area = 0x7fffffffd0f0}}
value address: 0x7fffffffd0d8
Type: The type is an array.
Type sizeof: 24

[INFO -- 2018-10-16 00:04:26]
Fault Injection Successful after 4.789844751358032s
[INFO -- 2018-10-16 00:04:33]
event type: exit
[INFO -- 2018-10-16 00:04:33]
exit code: 0
