[INFO -- 2018-10-11 14:13:35]
Starting flip_value script
version: 1.1
[INFO -- 2018-10-11 14:13:35]
Initialization strings:
[INFO -- 2018-10-11 14:13:36]
(1) file /tmp/fft_nn/fft_nn.out
[INFO -- 2018-10-11 14:13:36]
(2) set args 32768 /tmp/fft_nn/output_falha.data
[INFO -- 2018-10-11 14:13:36]
initSignal:10
[INFO -- 2018-10-11 14:13:36]
endSignal:15
[INFO -- 2018-10-11 14:13:36]
faultModel:2
[EXCEPTION -- 2018-10-11 14:13:46]
gdbException: No symbol "None" in current context.
[INFO -- 2018-10-11 14:13:46]
Backtrace BEGIN:
#0  str_to_mpn (str=0x7fffffffd00e "01464844e+00", str@entry=0x7fffffffd001 ".42360663414001464844e+00", digcnt=9, digcnt@entry=20, n=n@entry=0x7fffffffcf20, nsize=nsize@entry=0x7fffffffcef0, exponent=exponent@entry=0x7fffffffcf00, decimal_len=decimal_len@entry=1, thousands=thousands@entry=0x0, decimal=<optimized out>) at strtod_l.c:399
#1  0x00007ffff7012c2b in __GI_____strtof_l_internal (nptr=<optimized out>, endptr=<optimized out>, group=<optimized out>, loc=<optimized out>) at strtod_l.c:1427
#2  0x00007ffff7011d60 in __GI___strtof_internal (nptr=<optimized out>, endptr=<optimized out>, group=<optimized out>) at strtod.c:54
#3  0x00007ffff702b948 in _IO_vfscanf_internal (s=s@entry=0x6062c0, format=<optimized out>, argptr=argptr@entry=0x7fffffffd408, errp=errp@entry=0x0) at vfscanf.c:2365
#4  0x00007ffff7032162 in __isoc99_fscanf (stream=0x6062c0, format=<optimized out>) at isoc99_fscanf.c:34
#5  0x00007ffff7bcf187 in fann_create_from_fd () from /usr/local/lib/libfann.so.2
#6  0x00007ffff7bcf608 in fann_create_from_file () from /usr/local/lib/libfann.so.2
#7  0x00000000004019b7 in radix2DitCooleyTykeyFft(int, int*, Complex*, Complex*) ()
#8  0x0000000000401631 in main ()

394	in strtod_l.c

Backtrace END
Fliping a bit of the value pointed by a pointer
Memory content before bitflip:0x000x000x000x000x000x000x000x00
Fault Model: Random bit-flip
base address to flip value: 0x7fffffffcf00
address max offset: 8
Memory content after  bitflip:0x7a0x9d0xf20x180x8b0x5a0x2d0x0e
frame name: str_to_mpn
symbol name: exponent
symbol filename: strtod_l.c
symbol line: 338
value: 0x7fffffffcf00
value address: 0x7fffffffce18
Type: The type is a pointer.
Type sizeof: 8

[INFO -- 2018-10-11 14:13:46]
Fault Injection Successful after 10.065494537353516s
[INFO -- 2018-10-11 14:13:55]
event type: exit
[INFO -- 2018-10-11 14:13:55]
exit code: 0
