[INFO -- 2018-10-12 18:23:14]
Starting flip_value script
version: 1.1
[INFO -- 2018-10-12 18:23:14]
Initialization strings:
[INFO -- 2018-10-12 18:23:14]
(1) file /tmp/fft_nn/fft_nn.out
[INFO -- 2018-10-12 18:23:14]
(2) set args 32768 /tmp/fft_nn/output_falha.data
[INFO -- 2018-10-12 18:23:14]
initSignal:10
[INFO -- 2018-10-12 18:23:14]
endSignal:15
[INFO -- 2018-10-12 18:23:14]
faultModel:2
[EXCEPTION -- 2018-10-12 18:23:24]
gdbException: Tentativo de desreferenciar um ponteiro genérico.
[EXCEPTION -- 2018-10-12 18:23:24]
gdbException: Tentativo de desreferenciar um ponteiro genérico.
[INFO -- 2018-10-12 18:23:24]
Backtrace BEGIN:
#0  str_to_mpn (str=0x7fffffffd004 "0000", str@entry=0x7fffffffd003 "10000", digcnt=<optimized out>, digcnt@entry=1, n=n@entry=0x7fffffffcf20, nsize=nsize@entry=0x7fffffffcef0, exponent=exponent@entry=0x7fffffffcf00, decimal_len=decimal_len@entry=1, thousands=thousands@entry=0x0, decimal=<optimized out>) at strtod_l.c:412
#1  0x00007ffff7012c2b in __GI_____strtof_l_internal (nptr=<optimized out>, endptr=<optimized out>, group=<optimized out>, loc=<optimized out>) at strtod_l.c:1427
#2  0x00007ffff7011d60 in __GI___strtof_internal (nptr=<optimized out>, endptr=<optimized out>, group=<optimized out>) at strtod.c:54
#3  0x00007ffff702b948 in _IO_vfscanf_internal (s=s@entry=0x6062c0, format=<optimized out>, argptr=argptr@entry=0x7fffffffd408, errp=errp@entry=0x0) at vfscanf.c:2365
#4  0x00007ffff7032162 in __isoc99_fscanf (stream=0x6062c0, format=<optimized out>) at isoc99_fscanf.c:34
#5  0x00007ffff7bceb6a in fann_create_from_fd () from /usr/local/lib/libfann.so.2
#6  0x00007ffff7bcf608 in fann_create_from_file () from /usr/local/lib/libfann.so.2
#7  0x00000000004019b7 in radix2DitCooleyTykeyFft(int, int*, Complex*, Complex*) ()
#8  0x0000000000401631 in main ()

407	strtod_l.c: Arquivo ou diretório não encontrado.

Backtrace END
Fliping array at pos: 5
Memory content before bitflip:0x180xd70xff0xff0xff0x7f0x000x00
Fault Model: Random bit-flip
base address to flip value: 0x7fffffffcf98
address max offset: 8
Memory content after  bitflip:0xcb0x540x950xd30xfb0xb90x1b0x9e
frame name: __GI_____strtof_l_internal
symbol name: den
symbol filename: strtod_l.c
symbol line: 494
value: {100, 15625000000000000000, 0, 0, 0, 11392904173601510603, 140737488343600, 5, 18446744073709551615, 4160570904}
value address: 0x7fffffffcf70
Type: The type is an array.
Type sizeof: 80
Field name: None
Field Type: A range type, that is, an integer type with bounds.
Field Type sizeof: 8
Field Type range: (0, 9)

[INFO -- 2018-10-12 18:23:24]
Fault Injection Successful after 10.995731592178345s
[INFO -- 2018-10-12 18:23:33]
event type: exit
[INFO -- 2018-10-12 18:23:33]
exit code: 0
