[INFO -- 2018-10-12 11:04:06]
sending 5 signals using command: 'killall -2 fft_nn.out' after 21.2389443329s
[INFO -- 2018-10-12 11:04:08]
sending 5 signals using command: 'killall -2 fft_nn.out' after 23.4104554309s
[INFO -- 2018-10-12 11:04:09]
sending 5 signals using command: 'killall -2 fft_nn.out' after 23.5380511665s
[INFO -- 2018-10-12 11:04:09]
Starting GDB script
[INFO -- 2018-10-12 11:04:09]
initSignal:0.0
[INFO -- 2018-10-12 11:04:09]
endSignal:5.0
[INFO -- 2018-10-12 11:04:09]
sending 5 signals using command: 'killall -2 fft_nn.out' after 0.031514484603s
[INFO -- 2018-10-12 11:04:10]
sending 5 signals using command: 'killall -2 fft_nn.out' after 0.898412386062s
[INFO -- 2018-10-12 11:04:10]
sending 5 signals using command: 'killall -2 fft_nn.out' after 1.15174317428s
[INFO -- 2018-10-12 11:04:30]
Execution finished before waitTime
