[INFO -- 2018-11-30 21:30:18]
Starting flip_value script
version: 1.1
[INFO -- 2018-11-30 21:30:18]
Initialization strings:
[INFO -- 2018-11-30 21:30:18]
(1) file /home/latansini/Desktop/CAROL-FI/etapa2/carol-fi/codes/fftfulldup/fft_nn.out
[INFO -- 2018-11-30 21:30:18]
(2) set args 32768 /home/latansini/Desktop/CAROL-FI/etapa2/carol-fi/codes/fftfulldup/output.data
[INFO -- 2018-11-30 21:30:18]
initSignal:0
[INFO -- 2018-11-30 21:30:18]
endSignal:40
[INFO -- 2018-11-30 21:30:18]
faultModel:1
[INFO -- 2018-11-30 21:30:27]
Backtrace BEGIN:
#0  0x00007ffff6fac8b5 in _IO_vfscanf_internal (s=s@entry=0x618f00, format=<optimized out>, argptr=argptr@entry=0x7fffffffd2a8, errp=errp@entry=0x0) at vfscanf.c:2119
#1  0x00007ffff6fb5162 in __isoc99_fscanf (stream=0x618f00, format=<optimized out>) at isoc99_fscanf.c:34
#2  0x00007ffff7bcf0eb in fann_create_from_fd () from /usr/local/lib/libfann.so.2
#3  0x00007ffff7bcf608 in fann_create_from_file () from /usr/local/lib/libfann.so.2
#4  0x0000000000401de7 in radix2DitCooleyTykeyFft(int, int*, Complex*, Complex*) ()
#5  0x0000000000401857 in main ()

2114	vfscanf.c: Arquivo ou diretório não encontrado.

Backtrace END
Fliping array at pos: 0
Memory content before bitflip:0x5f
Fault Model: Double bit-flip
base address to flip value: 0x7ffff70dfc00  
address max offset: 1
Memory content after  bitflip:0x17
frame name: _IO_vfscanf_internal
symbol name: __PRETTY_FUNCTION__
symbol filename: vfscanf.c
symbol line: 0
value: "\027IO_vfscanf_internal"
value address: 0x7ffff70dfc00 <__PRETTY_FUNCTION__.11925>
Type: The type is an array.
Type sizeof: 21
Field name: None
Field Type: A range type, that is, an integer type with bounds.
Field Type sizeof: 8
Field Type range: (0, 20)

[INFO -- 2018-11-30 21:30:27]
Fault Injection Successful after 9.03184962272644s
[INFO -- 2018-11-30 21:30:57]
event type: exit
[INFO -- 2018-11-30 21:30:57]
exit code: 0
