[INFO -- 2018-10-17 15:01:59]
Starting flip_value script
version: 1.1
[INFO -- 2018-10-17 15:01:59]
Initialization strings:
[INFO -- 2018-10-17 15:01:59]
(1) file /home/latansini/Desktop/trabalhoftf/carol-fi/sample-code/inverse_nn/inversek2j_nn.out
[INFO -- 2018-10-17 15:01:59]
(2) set args /home/latansini/Desktop/trabalhoftf/carol-fi/sample-code/inverse_nn/input_250k /home/latansini/Desktop/trabalhoftf/carol-fi/sample-code/inverse_nn/output_falha.data
[INFO -- 2018-10-17 15:01:59]
initSignal:6
[INFO -- 2018-10-17 15:01:59]
endSignal:8
[INFO -- 2018-10-17 15:01:59]
faultModel:3
[INFO -- 2018-10-17 15:02:07]
Backtrace BEGIN:
#0  0x00007ffff70c3360 in __read_nocancel () at ../sysdeps/unix/syscall-template.S:81
#1  0x00007ffff704e5b0 in _IO_new_file_underflow (fp=0x608610) at fileops.c:613
#2  0x00007ffff704f53e in __GI__IO_default_uflow (fp=0x608610) at genops.c:435
#3  0x00007ffff702fde9 in _IO_vfscanf_internal (s=s@entry=0x608610, format=<optimized out>, argptr=argptr@entry=0x7fffffffd0d8, errp=errp@entry=0x0) at vfscanf.c:2936
#4  0x00007ffff7032162 in __isoc99_fscanf (stream=0x608610, format=<optimized out>) at isoc99_fscanf.c:34
#5  0x00007ffff7bcf187 in fann_create_from_fd () from /usr/local/lib/libfann.so.2
#6  0x00007ffff7bcf608 in fann_create_from_file () from /usr/local/lib/libfann.so.2
#7  0x000000000040199e in inversek2j(float, float, float*, float*) ()
#8  0x0000000000401631 in main ()

76	../sysdeps/unix/syscall-template.S: Arquivo ou diretório não encontrado.

Backtrace END
Memory content before bitflip:0x000x010x000x000x000x000x000x00
Fault Model: Zero bit-flip
base address to flip value: 0x7fffffffceb0
address max offset: 8
Memory content after  bitflip:0x000x000x000x000x000x000x000x00
frame name: _IO_vfscanf_internal
symbol name: wpmax
symbol filename: vfscanf.c
symbol line: 273
value: 0
value address: 0x7fffffffceb0
Type: The type is an integer type.
Type sizeof: 8

[INFO -- 2018-10-17 15:02:07]
Fault Injection Successful after 8.223518133163452s
[INFO -- 2018-10-17 15:02:10]
event type: exit
[INFO -- 2018-10-17 15:02:10]
exit code: 0
