[INFO -- 2018-10-11 13:42:33]
sending 5 signals using command: 'killall -2 fft_nn.out' after 21.5052590895s
[INFO -- 2018-10-11 13:42:34]
sending 5 signals using command: 'killall -2 fft_nn.out' after 21.5709207258s
[INFO -- 2018-10-11 13:42:37]
sending 5 signals using command: 'killall -2 fft_nn.out' after 24.9126293798s
[INFO -- 2018-10-11 13:42:37]
Starting GDB script
[INFO -- 2018-10-11 13:42:37]
initSignal:0.0
[INFO -- 2018-10-11 13:42:37]
endSignal:5.0
[INFO -- 2018-10-11 13:42:38]
sending 5 signals using command: 'killall -2 fft_nn.out' after 0.861472656736s
[INFO -- 2018-10-11 13:42:38]
sending 5 signals using command: 'killall -2 fft_nn.out' after 0.870866709023s
[INFO -- 2018-10-11 13:42:42]
sending 5 signals using command: 'killall -2 fft_nn.out' after 4.71296065208s
[INFO -- 2018-10-11 13:42:58]
Execution finished before waitTime
