[INFO -- 2018-10-19 14:43:16]
Starting flip_value script
version: 1.1
[INFO -- 2018-10-19 14:43:16]
Initialization strings:
[INFO -- 2018-10-19 14:43:16]
(1) file /home/latansini/Desktop/trabalhoftf/carol-fi/sample-code/knn/nn-knl-files/nn
[INFO -- 2018-10-19 14:43:16]
(2) set args /home/latansini/Desktop/trabalhoftf/carol-fi/sample-code/knn/nn-knl-files/filelist 15 25 25 /home/latansini/Desktop/trabalhoftf/carol-fi/sample-code/knn/nn-knl-files/out15_25_25
[INFO -- 2018-10-19 14:43:16]
initSignal:0
[INFO -- 2018-10-19 14:43:16]
endSignal:1
[INFO -- 2018-10-19 14:43:16]
faultModel:0
[INFO -- 2018-10-19 14:43:16]
Backtrace BEGIN:
#0  __GI__dl_debug_state () at dl-debug.c:74
#1  0x00007ffff7dde483 in dl_main (phdr=<optimized out>, phdr@entry=0x400040, phnum=<optimized out>, phnum@entry=9, user_entry=user_entry@entry=0x7fffffffd7c8, auxv=<optimized out>) at rtld.c:2338
#2  0x00007ffff7df15f5 in _dl_sysdep_start (start_argptr=start_argptr@entry=0x7fffffffd8b0, dl_main=dl_main@entry=0x7ffff7ddc260 <dl_main>) at ../elf/dl-sysdep.c:249
#3  0x00007ffff7ddbbb8 in _dl_start_final (arg=0x7fffffffd8b0) at rtld.c:347
#4  _dl_start (arg=0x7fffffffd8b0) at rtld.c:573
#5  0x00007ffff7ddb268 in _start () from /lib64/ld-linux-x86-64.so.2
#6  0x0000000000000006 in ?? ()
#7  0x00007fffffffdc57 in ?? ()
#8  0x00007fffffffdca4 in ?? ()
#9  0x00007fffffffdcf7 in ?? ()
#10 0x00007fffffffdcfa in ?? ()
#11 0x00007fffffffdcfd in ?? ()
#12 0x00007fffffffdd00 in ?? ()
#13 0x0000000000000000 in ?? ()

69	dl-debug.c: Arquivo ou diretório não encontrado.

Backtrace END
Fliping array at pos: 3
Memory content before bitflip:0x6d
Fault Model: Single bit-flip
base address to flip value: 0x7ffff7df6615  
address max offset: 1
Memory content after  bitflip:0x2d
frame name: dl_main
symbol name: __PRETTY_FUNCTION__
symbol filename: rtld.c
symbol line: 0
value: "dl_-ain"
value address: 0x7ffff7df6612 <__PRETTY_FUNCTION__.9692>
Type: The type is an array.
Type sizeof: 8
Field name: None
Field Type: A range type, that is, an integer type with bounds.
Field Type sizeof: 8
Field Type range: (0, 7)

[INFO -- 2018-10-19 14:43:16]
Fault Injection Successful after 0.6778218746185303s
[INFO -- 2018-10-19 14:43:22]
event type: exit
[INFO -- 2018-10-19 14:43:22]
exit code: 0
