[INFO -- 2018-10-09 00:02:02]
Starting flip_value script
version: 1.1
[INFO -- 2018-10-09 00:02:02]
Initialization strings:
[INFO -- 2018-10-09 00:02:02]
(1) file /tmp/fft_nn/fft_nn.out
[INFO -- 2018-10-09 00:02:02]
(2) set args 32768 /tmp/fft_nn/output_falha.data
[INFO -- 2018-10-09 00:02:02]
initSignal:5
[INFO -- 2018-10-09 00:02:02]
endSignal:10
[INFO -- 2018-10-09 00:02:02]
faultModel:1
[EXCEPTION -- 2018-10-09 00:02:08]
gdbException: Tentativo de desreferenciar um ponteiro genérico.
[INFO -- 2018-10-09 00:02:08]
Backtrace BEGIN:
#0  0x00007ffff70c3360 in __read_nocancel () at ../sysdeps/unix/syscall-template.S:81
#1  0x00007ffff704e5b0 in _IO_new_file_underflow (fp=0x6062c0) at fileops.c:613
#2  0x00007ffff704f53e in __GI__IO_default_uflow (fp=0x6062c0) at genops.c:435
#3  0x00007ffff702fde9 in _IO_vfscanf_internal (s=s@entry=0x6062c0, format=<optimized out>, argptr=argptr@entry=0x7fffffffd408, errp=errp@entry=0x0) at vfscanf.c:2936
#4  0x00007ffff7032162 in __isoc99_fscanf (stream=0x6062c0, format=<optimized out>) at isoc99_fscanf.c:34
#5  0x00007ffff7bcf187 in fann_create_from_fd () from /usr/local/lib/libfann.so.2
#6  0x00007ffff7bcf608 in fann_create_from_file () from /usr/local/lib/libfann.so.2
#7  0x00000000004019b7 in radix2DitCooleyTykeyFft(int, int*, Complex*, Complex*) ()
#8  0x0000000000401631 in main ()

76	in ../sysdeps/unix/syscall-template.S

Backtrace END
Memory content before bitflip:0x000x000x000x000x000x000x000x00
Fault Model: Double bit-flip
base address to flip value: 0x7fffffffd1b0
address max offset: 8
Memory content after  bitflip:0x410x000x000x000x000x000x000x00
frame name: _IO_vfscanf_internal
symbol name: strsize
symbol filename: vfscanf.c
symbol line: 265
value: 65
value address: 0x7fffffffd1b0
Type: The type is an integer type.
Type sizeof: 8

[INFO -- 2018-10-09 00:02:08]
Fault Injection Successful after 6.425761461257935s
[INFO -- 2018-10-09 00:02:23]
event type: exit
[INFO -- 2018-10-09 00:02:23]
exit code: 0
