[INFO -- 2018-10-12 12:50:15]
sending 5 signals using command: 'killall -2 fft_nn.out' after 23.3652820145s
[INFO -- 2018-10-12 12:50:16]
sending 5 signals using command: 'killall -2 fft_nn.out' after 24.366746786s
[INFO -- 2018-10-12 12:50:16]
sending 5 signals using command: 'killall -2 fft_nn.out' after 24.7332843932s
[INFO -- 2018-10-12 12:50:16]
Starting GDB script
[INFO -- 2018-10-12 12:50:16]
initSignal:0.0
[INFO -- 2018-10-12 12:50:16]
endSignal:5.0
[INFO -- 2018-10-12 12:50:17]
sending 5 signals using command: 'killall -2 fft_nn.out' after 1.03526288007s
[INFO -- 2018-10-12 12:50:18]
sending 5 signals using command: 'killall -2 fft_nn.out' after 2.09925243869s
[INFO -- 2018-10-12 12:50:20]
sending 5 signals using command: 'killall -2 fft_nn.out' after 4.00372962893s
[INFO -- 2018-10-12 12:50:37]
Execution finished before waitTime
