[INFO -- 2018-10-11 06:51:57]
Starting flip_value script
version: 1.1
[INFO -- 2018-10-11 06:51:57]
Initialization strings:
[INFO -- 2018-10-11 06:51:57]
(1) file /tmp/fft_nn/fft_nn.out
[INFO -- 2018-10-11 06:51:57]
(2) set args 32768 /tmp/fft_nn/output_falha.data
[INFO -- 2018-10-11 06:51:57]
initSignal:0
[INFO -- 2018-10-11 06:51:57]
endSignal:5
[INFO -- 2018-10-11 06:51:57]
faultModel:0
[INFO -- 2018-10-11 06:51:58]
Backtrace BEGIN:
#0  0x00007ffff702976c in _IO_vfscanf_internal (s=s@entry=0x6062c0, format=<optimized out>, argptr=argptr@entry=0x7fffffffd408, errp=errp@entry=0x0) at vfscanf.c:1882
#1  0x00007ffff7032162 in __isoc99_fscanf (stream=0x6062c0, format=<optimized out>) at isoc99_fscanf.c:34
#2  0x00007ffff7bcf0eb in fann_create_from_fd () from /usr/local/lib/libfann.so.2
#3  0x00007ffff7bcf608 in fann_create_from_file () from /usr/local/lib/libfann.so.2
#4  0x00000000004019b7 in radix2DitCooleyTykeyFft(int, int*, Complex*, Complex*) ()
#5  0x0000000000401631 in main ()

1877	vfscanf.c: Arquivo ou diretório não encontrado.

Backtrace END
Memory content before bitflip:0x000x010x000x000x000x000x000x00
Fault Model: Single bit-flip
base address to flip value: 0x7fffffffd1e0
address max offset: 8
Memory content after  bitflip:0x000x010x000x000x000x000x080x00
frame name: _IO_vfscanf_internal
symbol name: wpmax
symbol filename: vfscanf.c
symbol line: 273
value: 2251799813685504
value address: 0x7fffffffd1e0
Type: The type is an integer type.
Type sizeof: 8

[INFO -- 2018-10-11 06:51:58]
Fault Injection Successful after 1.3513469696044922s
[INFO -- 2018-10-11 06:52:16]
event type: exit
[INFO -- 2018-10-11 06:52:16]
exit code: 0
