[INFO -- 2018-10-11 15:04:40]
Starting flip_value script
version: 1.1
[INFO -- 2018-10-11 15:04:40]
Initialization strings:
[INFO -- 2018-10-11 15:04:40]
(1) file /tmp/fft_nn/fft_nn.out
[INFO -- 2018-10-11 15:04:40]
(2) set args 32768 /tmp/fft_nn/output_falha.data
[INFO -- 2018-10-11 15:04:40]
initSignal:10
[INFO -- 2018-10-11 15:04:40]
endSignal:15
[INFO -- 2018-10-11 15:04:40]
faultModel:2
[INFO -- 2018-10-11 15:04:51]
Backtrace BEGIN:
#0  0x00007ffff7011dee in str_to_mpn (str=str@entry=0x7fffffffd000 "1.99442312121391296387e-01", digcnt=digcnt@entry=21, n=n@entry=0x7fffffffcf20, nsize=nsize@entry=0x7fffffffcef0, exponent=exponent@entry=0x7fffffffcf00, decimal_len=decimal_len@entry=1, thousands=thousands@entry=0x0, decimal=<optimized out>) at strtod_l.c:337
#1  0x00007ffff7012c2b in __GI_____strtof_l_internal (nptr=<optimized out>, endptr=<optimized out>, group=<optimized out>, loc=<optimized out>) at strtod_l.c:1427
#2  0x00007ffff7011d60 in __GI___strtof_internal (nptr=<optimized out>, endptr=<optimized out>, group=<optimized out>) at strtod.c:54
#3  0x00007ffff702b948 in _IO_vfscanf_internal (s=s@entry=0x6062c0, format=<optimized out>, argptr=argptr@entry=0x7fffffffd408, errp=errp@entry=0x0) at vfscanf.c:2365
#4  0x00007ffff7032162 in __isoc99_fscanf (stream=0x6062c0, format=<optimized out>) at isoc99_fscanf.c:34
#5  0x00007ffff7bcf187 in fann_create_from_fd () from /usr/local/lib/libfann.so.2
#6  0x00007ffff7bcf608 in fann_create_from_file () from /usr/local/lib/libfann.so.2
#7  0x00000000004019b7 in radix2DitCooleyTykeyFft(int, int*, Complex*, Complex*) ()
#8  0x0000000000401631 in main ()

332	strtod_l.c: Arquivo ou diretório não encontrado.

Backtrace END
Fliping array at pos: 3
Memory content before bitflip:0x000x000x000x000x000x000x000x00
Fault Model: Random bit-flip
base address to flip value: 0x7fffffffcf88
address max offset: 8
Memory content after  bitflip:0x100xc20x6f0x520x960x480x890x61
frame name: __GI_____strtof_l_internal
symbol name: den
symbol filename: strtod_l.c
symbol line: 494
value: {3875820019684212736, 54, 0, 7028228503953719824, 0, 140737488344856, 140737488343600, 5, 18446744073709551615, 4160570904}
value address: 0x7fffffffcf70
Type: The type is an array.
Type sizeof: 80
Field name: None
Field Type: A range type, that is, an integer type with bounds.
Field Type sizeof: 8
Field Type range: (0, 9)

[INFO -- 2018-10-11 15:04:51]
Fault Injection Successful after 11.25176453590393s
[INFO -- 2018-10-11 15:05:00]
event type: exit
[INFO -- 2018-10-11 15:05:00]
exit code: 0
