[INFO -- 2018-10-12 01:39:56]
sending 5 signals using command: 'killall -2 fft_nn.out' after 23.5958687861s
[INFO -- 2018-10-12 01:39:57]
sending 5 signals using command: 'killall -2 fft_nn.out' after 23.8771353758s
[INFO -- 2018-10-12 01:39:57]
sending 5 signals using command: 'killall -2 fft_nn.out' after 24.337247331s
[INFO -- 2018-10-12 01:39:57]
Starting GDB script
[INFO -- 2018-10-12 01:39:57]
initSignal:0.0
[INFO -- 2018-10-12 01:39:57]
endSignal:5.0
[INFO -- 2018-10-12 01:39:57]
sending 5 signals using command: 'killall -2 fft_nn.out' after 0.0372813192189s
[INFO -- 2018-10-12 01:39:58]
sending 5 signals using command: 'killall -2 fft_nn.out' after 0.568300918614s
[INFO -- 2018-10-12 01:40:02]
sending 5 signals using command: 'killall -2 fft_nn.out' after 4.55805771777s
[INFO -- 2018-10-12 01:40:18]
Execution finished before waitTime
