[INFO -- 2018-10-09 05:19:40]
sending 5 signals using command: 'killall -2 fft_nn.out' after 22.2207521923s
[INFO -- 2018-10-09 05:19:42]
sending 5 signals using command: 'killall -2 fft_nn.out' after 23.8359004479s
[INFO -- 2018-10-09 05:19:43]
sending 5 signals using command: 'killall -2 fft_nn.out' after 24.8810384968s
[INFO -- 2018-10-09 05:19:43]
Starting GDB script
[INFO -- 2018-10-09 05:19:43]
initSignal:0.0
[INFO -- 2018-10-09 05:19:43]
endSignal:5.0
[INFO -- 2018-10-09 05:19:44]
sending 5 signals using command: 'killall -2 fft_nn.out' after 1.06702090267s
[INFO -- 2018-10-09 05:19:46]
sending 5 signals using command: 'killall -2 fft_nn.out' after 3.46574907544s
[INFO -- 2018-10-09 05:19:47]
sending 5 signals using command: 'killall -2 fft_nn.out' after 3.84482434748s
[INFO -- 2018-10-09 05:20:04]
Execution finished before waitTime
