[INFO -- 2018-10-09 17:51:22]
sending 5 signals using command: 'killall -2 fft_nn.out' after 21.7091475887s
[INFO -- 2018-10-09 17:51:23]
sending 5 signals using command: 'killall -2 fft_nn.out' after 22.2483551226s
[INFO -- 2018-10-09 17:51:23]
sending 5 signals using command: 'killall -2 fft_nn.out' after 22.7652759068s
[INFO -- 2018-10-09 17:51:23]
Starting GDB script
[INFO -- 2018-10-09 17:51:23]
initSignal:0.0
[INFO -- 2018-10-09 17:51:23]
endSignal:5.0
[INFO -- 2018-10-09 17:51:24]
sending 5 signals using command: 'killall -2 fft_nn.out' after 1.23183045058s
[INFO -- 2018-10-09 17:51:25]
sending 5 signals using command: 'killall -2 fft_nn.out' after 2.20435971543s
[INFO -- 2018-10-09 17:51:27]
sending 5 signals using command: 'killall -2 fft_nn.out' after 4.20755576388s
[INFO -- 2018-10-09 17:51:44]
Execution finished before waitTime
