[INFO -- 2018-10-09 19:55:39]
Starting flip_value script
version: 1.1
[INFO -- 2018-10-09 19:55:39]
Initialization strings:
[INFO -- 2018-10-09 19:55:39]
(1) file /tmp/fft_nn/fft_nn.out
[INFO -- 2018-10-09 19:55:39]
(2) set args 32768 /tmp/fft_nn/output_falha.data
[INFO -- 2018-10-09 19:55:39]
initSignal:0
[INFO -- 2018-10-09 19:55:39]
endSignal:5
[INFO -- 2018-10-09 19:55:39]
faultModel:0
[EXCEPTION -- 2018-10-09 19:55:43]
gdbException: Tentativo de desreferenciar um ponteiro genérico.
[INFO -- 2018-10-09 19:55:43]
Backtrace BEGIN:
#0  __GI___libc_realloc (oldmem=0x7649ea0, bytes=40) at malloc.c:2962
#1  0x00007ffff7bced34 in fann_create_from_fd () from /usr/local/lib/libfann.so.2
#2  0x00007ffff7bcf608 in fann_create_from_file () from /usr/local/lib/libfann.so.2
#3  0x00000000004019b7 in radix2DitCooleyTykeyFft(int, int*, Complex*, Complex*) ()
#4  0x0000000000401631 in main ()

2957	malloc.c: Arquivo ou diretório não encontrado.

Backtrace END
Memory content before bitflip:0x010x000x000x00
Fault Model: Single bit-flip
base address to flip value: 0x7ffff7396190 
address max offset: 4
Memory content after  bitflip:0x090x000x000x00
frame name: __GI___libc_realloc
symbol name: check_action
symbol filename: malloc.c
symbol line: 1854
value: 9
value address: 0x7ffff7396190 <check_action>
Type: The type is an integer type.
Type sizeof: 4

[INFO -- 2018-10-09 19:55:43]
Fault Injection Successful after 4.057848691940308s
[INFO -- 2018-10-09 19:55:59]
event type: exit
[INFO -- 2018-10-09 19:55:59]
exit code: 0
