[INFO -- 2018-12-09 16:49:24]
Starting flip_value script
version: 1.1
[INFO -- 2018-12-09 16:49:24]
Initialization strings:
[INFO -- 2018-12-09 16:49:24]
(1) file /home/melkor/ETAPA2/dup_nn/nn-knl-files/nn
[INFO -- 2018-12-09 16:49:24]
(2) set args /home/melkor/ETAPA2/dup_nn/nn-knl-files/filelist 20 5 5 /home/melkor/ETAPA2/dup_nn/nn-knl-files/out20_5_5
[INFO -- 2018-12-09 16:49:24]
initSignal:0
[INFO -- 2018-12-09 16:49:24]
endSignal:1
[INFO -- 2018-12-09 16:49:24]
faultModel:1
[EXCEPTION -- 2018-12-09 16:49:24]
gdbException: Tentativo de desreferenciar um ponteiro genérico.
[INFO -- 2018-12-09 16:49:24]
Backtrace BEGIN:
#0  0x00007ffff78210d3 in ?? () from /usr/lib/x86_64-linux-gnu/libgomp.so.1
#1  0x00007ffff781fda9 in ?? () from /usr/lib/x86_64-linux-gnu/libgomp.so.1
#2  0x00005555555555ed in main (argc=6, argv=0x7fffffffded8) at nn.c:196

2284	in rtld.c

Backtrace END
Memory content before bitflip:0x000x000x000x00
Fault Model: Double bit-flip
base address to flip value: 0x7fffffffdb28
address max offset: 4
Memory content after  bitflip:0x120x000x000x00
frame name: main
symbol name: tmp_long
symbol filename: nn.c
symbol line: 87
value: 2.52233724e-44
value address: 0x7fffffffdb28
Type: A floating point type.
Type sizeof: 4

[INFO -- 2018-12-09 16:49:24]
Fault Injection Successful after 0.9549627304077148s
[INFO -- 2018-12-09 16:49:25]
event type: exit
[INFO -- 2018-12-09 16:49:25]
exit code: 0
