[INFO -- 2018-10-11 15:44:32]
sending 5 signals using command: 'killall -2 fft_nn.out' after 23.0693672131s
[INFO -- 2018-10-11 15:44:33]
sending 5 signals using command: 'killall -2 fft_nn.out' after 24.3208558842s
[INFO -- 2018-10-11 15:44:33]
sending 5 signals using command: 'killall -2 fft_nn.out' after 24.4202195406s
[INFO -- 2018-10-11 15:44:33]
Starting GDB script
[INFO -- 2018-10-11 15:44:33]
initSignal:0.0
[INFO -- 2018-10-11 15:44:33]
endSignal:5.0
[INFO -- 2018-10-11 15:44:36]
sending 5 signals using command: 'killall -2 fft_nn.out' after 2.51529948051s
[INFO -- 2018-10-11 15:44:37]
sending 5 signals using command: 'killall -2 fft_nn.out' after 3.15829040175s
[INFO -- 2018-10-11 15:44:38]
sending 5 signals using command: 'killall -2 fft_nn.out' after 4.19049432963s
[INFO -- 2018-10-11 15:44:54]
Execution finished before waitTime
