[INFO -- 2018-12-09 18:52:20]
Starting flip_value script
version: 1.1
[INFO -- 2018-12-09 18:52:20]
Initialization strings:
[INFO -- 2018-12-09 18:52:20]
(1) file /home/melkor/ETAPA2/dup_nn/nn-knl-files/nn
[INFO -- 2018-12-09 18:52:20]
(2) set args /home/melkor/ETAPA2/dup_nn/nn-knl-files/filelist 20 5 5 /home/melkor/ETAPA2/dup_nn/nn-knl-files/out20_5_5
[INFO -- 2018-12-09 18:52:20]
initSignal:0
[INFO -- 2018-12-09 18:52:20]
endSignal:1
[INFO -- 2018-12-09 18:52:20]
faultModel:1
[EXCEPTION -- 2018-12-09 18:52:20]
pythonException: invalid frame
[EXCEPTION -- 2018-12-09 18:52:20]
pythonException: invalid frame
[EXCEPTION -- 2018-12-09 18:52:20]
gdbException: A syntax error in expression, near `...'.
[EXCEPTION -- 2018-12-09 18:52:20]
pythonException: invalid frame
[EXCEPTION -- 2018-12-09 18:52:20]
pythonException: invalid frame
[EXCEPTION -- 2018-12-09 18:52:20]
pythonException: invalid frame
[EXCEPTION -- 2018-12-09 18:52:20]
pythonException: invalid frame
[INFO -- 2018-12-09 18:52:20]
Backtrace BEGIN:
#0  0x00007ffff782108e in ?? () from /usr/lib/x86_64-linux-gnu/libgomp.so.1
#1  0x00007ffff781fda9 in ?? () from /usr/lib/x86_64-linux-gnu/libgomp.so.1
#2  0x00005555555555ed in main (argc=6, argv=0x7fffffffded8) at nn.c:196

78	
79	// onde tem OBS é onde mudei algo pra duplicação
80	
81	
82	int main(int argc, char* argv[]) {
83	    FILE   *flist,*fp;
84	    int    i=0,j=0, k=0, rec_count=0, done=0;
85	    char   sandbox[REC_LENGTH * REC_WINDOW], *rec_iter,*rec_iter2, dbname[64];
86	    struct neighbor *neighbors = NULL;
87	    float target_lat, target_long, tmp_lat=0, tmp_long=0;

Backtrace END
Fliping a bit of the value pointed by a pointer
Fliping a bit of the pointer
Memory content before bitflip:0x510xe20xff0xff0xff0x7f0x000x00
Fault Model: Double bit-flip
base address to flip value: 0x7fffffffded8
address max offset: 8
Memory content after  bitflip:0x510xe20xff0xff0xd70x7f0x000x00
frame name: main
symbol name: argv
symbol filename: nn.c
symbol line: 82
value: 0x7fffffffded8
value address: 0x7fffffffdaf0
Type: The type is a pointer.
Type sizeof: 8

[INFO -- 2018-12-09 18:52:20]
Fault Injection Successful after 0.6882386207580566s
[INFO -- 2018-12-09 18:52:22]
event type: exit
[INFO -- 2018-12-09 18:52:22]
exit code: 0
