[INFO -- 2018-10-07 00:23:38]
Starting flip_value script
version: 1.1
[INFO -- 2018-10-07 00:23:38]
Initialization strings:
[INFO -- 2018-10-07 00:23:38]
(1) file /tmp/fft_nn/fft_nn.out
[INFO -- 2018-10-07 00:23:38]
(2) set args 32768 /tmp/fft_nn/output_falha.data
[INFO -- 2018-10-07 00:23:38]
initSignal:5
[INFO -- 2018-10-07 00:23:38]
endSignal:10
[INFO -- 2018-10-07 00:23:38]
faultModel:1
[INFO -- 2018-10-07 00:23:44]
Backtrace BEGIN:
#0  strlen () at ../sysdeps/x86_64/strlen.S:111
#1  0x00007ffff701259b in __GI_____strtof_l_internal (nptr=0x7fffffffd4c0 "1.41326236724853515625e+00", endptr=0x7fffffffd6f0, group=<optimized out>, loc=0x7ffff7397060 <_nl_global_locale>) at strtod_l.c:572
#2  0x00007ffff7011d60 in __GI___strtof_internal (nptr=<optimized out>, endptr=<optimized out>, group=<optimized out>) at strtod.c:54
#3  0x00007ffff702b948 in _IO_vfscanf_internal (s=s@entry=0x6062c0, format=<optimized out>, argptr=argptr@entry=0x7fffffffd8c8, errp=errp@entry=0x0) at vfscanf.c:2365
#4  0x00007ffff7032162 in __isoc99_fscanf (stream=0x6062c0, format=<optimized out>) at isoc99_fscanf.c:34
#5  0x00007ffff7bcf187 in fann_create_from_fd () from /usr/local/lib/libfann.so.2
#6  0x00007ffff7bcf608 in fann_create_from_file () from /usr/local/lib/libfann.so.2
#7  0x00000000004019b7 in radix2DitCooleyTykeyFft(int, int*, Complex*, Complex*) ()
#8  0x0000000000401631 in main ()

106	../sysdeps/x86_64/strlen.S: Arquivo ou diretório não encontrado.

Backtrace END
Fliping array at pos: 0
Fliping value of field: fp_offset
Memory content before bitflip:0x300x000x000x00
Fault Model: Double bit-flip
base address to flip value: 0x7fffffffd8cc
address max offset: 4
Memory content after  bitflip:0x300x000x000x03
frame name: __isoc99_fscanf
symbol name: arg
symbol filename: isoc99_fscanf.c
symbol line: 27
value: {{gp_offset = 16, fp_offset = 50331696, overflow_arg_area = 0x7fffffffd9a0, reg_save_area = 0x7fffffffd8e0}}
value address: 0x7fffffffd8c8
Type: The type is an array.
Type sizeof: 24

[INFO -- 2018-10-07 00:23:44]
Fault Injection Successful after 6.267379522323608s
[INFO -- 2018-10-07 00:23:58]
event type: exit
[INFO -- 2018-10-07 00:23:58]
exit code: 0
