[INFO -- 2018-10-12 07:11:34]
sending 5 signals using command: 'killall -2 fft_nn.out' after 22.6011123282s
[INFO -- 2018-10-12 07:11:34]
sending 5 signals using command: 'killall -2 fft_nn.out' after 23.0987589223s
[INFO -- 2018-10-12 07:11:34]
sending 5 signals using command: 'killall -2 fft_nn.out' after 23.1741814616s
[INFO -- 2018-10-12 07:11:34]
Starting GDB script
[INFO -- 2018-10-12 07:11:34]
initSignal:0.0
[INFO -- 2018-10-12 07:11:34]
endSignal:5.0
[INFO -- 2018-10-12 07:11:36]
sending 5 signals using command: 'killall -2 fft_nn.out' after 1.25364854694s
[INFO -- 2018-10-12 07:11:37]
sending 5 signals using command: 'killall -2 fft_nn.out' after 2.78637299982s
[INFO -- 2018-10-12 07:11:39]
sending 5 signals using command: 'killall -2 fft_nn.out' after 4.81205693645s
[INFO -- 2018-10-12 07:11:55]
Execution finished before waitTime
