[INFO -- 2018-12-01 23:44:21]
Starting flip_value script
version: 1.1
[INFO -- 2018-12-01 23:44:21]
Initialization strings:
[INFO -- 2018-12-01 23:44:21]
(1) file /home/latansini/Desktop/CAROL-FI/etapa2/carol-fi/codes/fftfulldup/fft_nn.out
[INFO -- 2018-12-01 23:44:21]
(2) set args 32768 /home/latansini/Desktop/CAROL-FI/etapa2/carol-fi/codes/fftfulldup/output.data
[INFO -- 2018-12-01 23:44:21]
initSignal:0
[INFO -- 2018-12-01 23:44:21]
endSignal:40
[INFO -- 2018-12-01 23:44:21]
faultModel:4
[INFO -- 2018-12-01 23:44:41]
Backtrace BEGIN:
#0  __GI_____strtoul_l_internal (nptr=nptr@entry=0x7fffffffcea0 "3", endptr=endptr@entry=0x7fffffffd0d0, base=10, group=group@entry=0, loc=0x7ffff731a060 <_nl_global_locale>) at ../stdlib/strtol_l.c:232
#1  0x00007ffff6f94410 in __GI___strtoul_internal (nptr=nptr@entry=0x7fffffffcea0 "3", endptr=endptr@entry=0x7fffffffd0d0, base=<optimized out>, group=group@entry=0) at ../stdlib/strtol.c:97
#2  0x00007ffff6facf02 in _IO_vfscanf_internal (s=s@entry=0x618f00, format=<optimized out>, argptr=argptr@entry=0x7fffffffd2a8, errp=errp@entry=0x0) at vfscanf.c:1827
#3  0x00007ffff6fb5162 in __isoc99_fscanf (stream=0x618f00, format=<optimized out>) at isoc99_fscanf.c:34
#4  0x00007ffff7bcf187 in fann_create_from_fd () from /usr/local/lib/libfann.so.2
#5  0x00007ffff7bcf608 in fann_create_from_file () from /usr/local/lib/libfann.so.2
#6  0x0000000000401de7 in radix2DitCooleyTykeyFft(int, int*, Complex*, Complex*) ()
#7  0x0000000000401879 in main ()

227	../stdlib/strtol_l.c: Arquivo ou diretório não encontrado.

Backtrace END
Fliping a bit of the pointer
Memory content before bitflip:0xba0xce0xff0xff0xff0x7f0x000x00
Fault Model: LSB bit-flip
base address to flip value: 0x7fffffffd0d0
address max offset: 8
Memory content after  bitflip:0xba0xce0xff0xff0xff0x7f0x000x04
frame name: _IO_vfscanf_internal
symbol name: tw
symbol filename: vfscanf.c
symbol line: 271
value: 0x7fffffffceba ""
value address: 0x7fffffffd0d0
Type: The type is a pointer.
Type sizeof: 8

[INFO -- 2018-12-01 23:44:41]
Fault Injection Successful after 20.514622688293457s
[INFO -- 2018-12-01 23:45:00]
event type: exit
[INFO -- 2018-12-01 23:45:00]
exit code: 0
