[INFO -- 2018-10-09 14:06:48]
sending 5 signals using command: 'killall -2 fft_nn.out' after 21.5965437453s
[INFO -- 2018-10-09 14:06:50]
sending 5 signals using command: 'killall -2 fft_nn.out' after 23.7257266996s
[INFO -- 2018-10-09 14:06:50]
sending 5 signals using command: 'killall -2 fft_nn.out' after 23.8950525322s
[INFO -- 2018-10-09 14:06:50]
Starting GDB script
[INFO -- 2018-10-09 14:06:50]
initSignal:0.0
[INFO -- 2018-10-09 14:06:50]
endSignal:5.0
[INFO -- 2018-10-09 14:06:53]
sending 5 signals using command: 'killall -2 fft_nn.out' after 2.78223502096s
[INFO -- 2018-10-09 14:06:54]
sending 5 signals using command: 'killall -2 fft_nn.out' after 3.97437007151s
[INFO -- 2018-10-09 14:06:55]
sending 5 signals using command: 'killall -2 fft_nn.out' after 4.80917643717s
[INFO -- 2018-10-09 14:07:11]
Execution finished before waitTime
