[INFO -- 2018-11-30 17:22:49]
Starting flip_value script
version: 1.1
[INFO -- 2018-11-30 17:22:49]
Initialization strings:
[INFO -- 2018-11-30 17:22:49]
(1) file /home/lignati/carol-fi/codes/inversefulldup/inversek2j.nn.out
[INFO -- 2018-11-30 17:22:49]
(2) set args /home/lignati/carol-fi/codes/inversefulldup/input_250k /home/lignati/carol-fi/codes/inversefulldup/output_falha.data
[INFO -- 2018-11-30 17:22:49]
initSignal:0
[INFO -- 2018-11-30 17:22:49]
endSignal:25
[INFO -- 2018-11-30 17:22:49]
faultModel:4
[INFO -- 2018-11-30 17:22:58]
Backtrace BEGIN:
#0  0x00007ffff7013395 in round_and_return (retval=0x7fffffffca40, exponent=-3, negative=negative@entry=0, round_limb=round_limb@entry=4610417182008934400, round_bit=<optimized out>, more_bits=1) at strtod_l.c:315
#1  0x00007ffff7014332 in __GI_____strtof_l_internal (nptr=<optimized out>, endptr=<optimized out>, group=<optimized out>, loc=<optimized out>) at strtod_l.c:1613
#2  0x00007ffff7012d60 in __GI___strtof_internal (nptr=<optimized out>, endptr=<optimized out>, group=<optimized out>) at strtod.c:54
#3  0x00007ffff702c948 in _IO_vfscanf_internal (s=s@entry=0x6085c0, format=<optimized out>, argptr=argptr@entry=0x7fffffffcf38, errp=errp@entry=0x0) at vfscanf.c:2365
#4  0x00007ffff7033162 in __isoc99_fscanf (stream=0x6085c0, format=<optimized out>) at isoc99_fscanf.c:34
#5  0x00007ffff7bcac42 in fann_create_from_fd () from /usr/local/lib/libfann.so.2
#6  0x00007ffff7bc8073 in fann_create_from_file () from /usr/local/lib/libfann.so.2
#7  0x0000000000402061 in inversek2j(float, float, float*, float*) ()
#8  0x000000000040179a in main ()

310	strtod_l.c: No such file or directory.

Backtrace END
Fliping array at pos: 0
Memory content before bitflip:0xf80xed0xff0x000x000x000x000x00
Fault Model: LSB bit-flip
base address to flip value: 0x7fffffffca40
address max offset: 8
Memory content after  bitflip:0xf80xed0xff0x000x000x000x000x10
frame name: __GI_____strtof_l_internal
symbol name: retval
symbol filename: strtod_l.c
symbol line: 497
value: {1152921504623619576}
value address: 0x7fffffffca40
Type: The type is an array.
Type sizeof: 8
Field name: None
Field Type: A range type, that is, an integer type with bounds.
Field Type sizeof: 8
Field Type range: (0, 0)

[INFO -- 2018-11-30 17:22:58]
Fault Injection Successful after 9.132669687271118s
[INFO -- 2018-11-30 17:23:14]
event type: exit
[INFO -- 2018-11-30 17:23:14]
exit code: 0
