[INFO -- 2018-12-09 14:30:27]
Starting flip_value script
version: 1.1
[INFO -- 2018-12-09 14:30:27]
Initialization strings:
[INFO -- 2018-12-09 14:30:27]
(1) file /home/melkor/ETAPA2/dup_nn/nn-knl-files/nn
[INFO -- 2018-12-09 14:30:27]
(2) set args /home/melkor/ETAPA2/dup_nn/nn-knl-files/filelist 20 5 5 /home/melkor/ETAPA2/dup_nn/nn-knl-files/out20_5_5
[INFO -- 2018-12-09 14:30:27]
initSignal:0
[INFO -- 2018-12-09 14:30:27]
endSignal:1
[INFO -- 2018-12-09 14:30:27]
faultModel:1
[EXCEPTION -- 2018-12-09 14:30:27]
gdbException: Tentativo de desreferenciar um ponteiro genérico.
[EXCEPTION -- 2018-12-09 14:30:27]
pythonException: invalid frame
[EXCEPTION -- 2018-12-09 14:30:27]
pythonException: invalid frame
[EXCEPTION -- 2018-12-09 14:30:27]
pythonException: invalid frame
[INFO -- 2018-12-09 14:30:27]
Backtrace BEGIN:
#0  0x00007ffff78210d3 in ?? () from /usr/lib/x86_64-linux-gnu/libgomp.so.1
#1  0x00007ffff781fda9 in ?? () from /usr/lib/x86_64-linux-gnu/libgomp.so.1
#2  0x00005555555555ed in main (argc=6, argv=0x7fffffffdf08) at nn.c:196

78	
79	// onde tem OBS é onde mudei algo pra duplicação
80	
81	
82	int main(int argc, char* argv[]) {
83	    FILE   *flist,*fp;
84	    int    i=0,j=0, k=0, rec_count=0, done=0;
85	    char   sandbox[REC_LENGTH * REC_WINDOW], *rec_iter,*rec_iter2, dbname[64];
86	    struct neighbor *neighbors = NULL;
87	    float target_lat, target_long, tmp_lat=0, tmp_long=0;

Backtrace END
Fliping a bit of the value pointed by a pointer
Memory content before bitflip:0x950x870xa00x43
Fault Model: Double bit-flip
base address to flip value: 0x55555575a110
address max offset: 4
Memory content after  bitflip:0x950x870x210x43
frame name: main
symbol name: z
symbol filename: nn.c
symbol line: 153
value: 0x55555575a110
value address: 0x7fffffffdba0
Type: The type is a pointer.
Type sizeof: 8

[INFO -- 2018-12-09 14:30:27]
Fault Injection Successful after 0.8380622863769531s
[INFO -- 2018-12-09 14:30:28]
event type: exit
[INFO -- 2018-12-09 14:30:28]
exit code: 0
