[INFO -- 2018-10-06 04:48:57]
Starting flip_value script
version: 1.1
[INFO -- 2018-10-06 04:48:57]
Initialization strings:
[INFO -- 2018-10-06 04:48:57]
(1) file /tmp/fft_nn/fft_nn.out
[INFO -- 2018-10-06 04:48:57]
(2) set args 32768 /tmp/fft_nn/output_falha.data
[INFO -- 2018-10-06 04:48:57]
initSignal:5
[INFO -- 2018-10-06 04:48:57]
endSignal:10
[INFO -- 2018-10-06 04:48:57]
faultModel:1
[EXCEPTION -- 2018-10-06 04:49:03]
gdbException: Tentativo de desreferenciar um ponteiro genérico.
[INFO -- 2018-10-06 04:49:04]
Backtrace BEGIN:
#0  0x00007ffff7011f75 in str_to_mpn (str=0x7fffffffd4c3 "5335960388183593750e+01", str@entry=0x7fffffffd4c0 "1.25335960388183593750e+01", digcnt=<optimized out>, digcnt@entry=2, n=n@entry=0x7fffffffd3e0, nsize=nsize@entry=0x7fffffffd3b0, exponent=exponent@entry=0x7fffffffd3c0, decimal_len=decimal_len@entry=1, thousands=thousands@entry=0x0, decimal=0x7ffff715614b <dot> ".") at strtod_l.c:403
#1  0x00007ffff7013c0a in __GI_____strtof_l_internal (nptr=<optimized out>, endptr=0x7fffffffd6f0, group=<optimized out>, loc=<optimized out>) at strtod_l.c:1176
#2  0x00007ffff7011d60 in __GI___strtof_internal (nptr=<optimized out>, endptr=<optimized out>, group=<optimized out>) at strtod.c:54
#3  0x00007ffff702b948 in _IO_vfscanf_internal (s=s@entry=0x6062c0, format=<optimized out>, argptr=argptr@entry=0x7fffffffd8c8, errp=errp@entry=0x0) at vfscanf.c:2365
#4  0x00007ffff7032162 in __isoc99_fscanf (stream=0x6062c0, format=<optimized out>) at isoc99_fscanf.c:34
#5  0x00007ffff7bcf187 in fann_create_from_fd () from /usr/local/lib/libfann.so.2
#6  0x00007ffff7bcf608 in fann_create_from_file () from /usr/local/lib/libfann.so.2
#7  0x00000000004019b7 in radix2DitCooleyTykeyFft(int, int*, Complex*, Complex*) ()
#8  0x0000000000401631 in main ()

398	in strtod_l.c

Backtrace END
Fliping a bit of the pointer
Memory content before bitflip:0x000x000x000x000x000x000x000x00
Fault Model: Double bit-flip
base address to flip value: 0x7fffffffd320
address max offset: 8
Memory content after  bitflip:0x000x000x000x000x000x000xa00x00
frame name: str_to_mpn
symbol name: thousands
symbol filename: strtod_l.c
symbol line: 340
value: 0x0
value address: 0x7fffffffd320
Type: The type is a pointer.
Type sizeof: 8

[INFO -- 2018-10-06 04:49:04]
Fault Injection Successful after 7.018146991729736s
[INFO -- 2018-10-06 04:49:17]
event type: exit
[INFO -- 2018-10-06 04:49:17]
exit code: 0
