[INFO -- 2018-12-09 15:12:30]
Starting flip_value script
version: 1.1
[INFO -- 2018-12-09 15:12:30]
Initialization strings:
[INFO -- 2018-12-09 15:12:30]
(1) file /home/melkor/ETAPA2/dup_nn/nn-knl-files/nn
[INFO -- 2018-12-09 15:12:30]
(2) set args /home/melkor/ETAPA2/dup_nn/nn-knl-files/filelist 20 5 5 /home/melkor/ETAPA2/dup_nn/nn-knl-files/out20_5_5
[INFO -- 2018-12-09 15:12:30]
initSignal:0
[INFO -- 2018-12-09 15:12:30]
endSignal:1
[INFO -- 2018-12-09 15:12:30]
faultModel:3
[EXCEPTION -- 2018-12-09 15:12:30]
gdbException: Tentativo de desreferenciar um ponteiro genérico.
[INFO -- 2018-12-09 15:12:30]
Backtrace BEGIN:
#0  0x00007ffff782108a in ?? () from /usr/lib/x86_64-linux-gnu/libgomp.so.1
#1  0x00007ffff781fda9 in ?? () from /usr/lib/x86_64-linux-gnu/libgomp.so.1
#2  0x00005555555555ed in main (argc=6, argv=0x7fffffffdf08) at nn.c:196

2284	in rtld.c

Backtrace END
Fliping array at pos: 26
Memory content before bitflip:0x2f
Fault Model: Zero bit-flip
base address to flip value: 0x7fffffffdbfa 
address max offset: 1
Memory content after  bitflip:0x00
frame name: main
symbol name: dbname
symbol filename: nn.c
symbol line: 85
value: "/home/melkor/ETAPA2/dup_nn\000nn-knl-files/cane4_0.db", '\000' <repete 13 vezes>
value address: 0x7fffffffdbe0
Type: The type is an array.
Type sizeof: 64
Field name: None
Field Type: A range type, that is, an integer type with bounds.
Field Type sizeof: 8
Field Type range: (0, 63)

[INFO -- 2018-12-09 15:12:30]
Fault Injection Successful after 0.8144397735595703s
[INFO -- 2018-12-09 15:12:31]
event type: exit
[INFO -- 2018-12-09 15:12:31]
exit code: 0
