[INFO -- 2018-12-01 09:09:49]
Starting flip_value script
version: 1.1
[INFO -- 2018-12-01 09:09:49]
Initialization strings:
[INFO -- 2018-12-01 09:09:49]
(1) file /home/lignati/carol-fi/codes/inversefulldup/inversek2j.nn.out
[INFO -- 2018-12-01 09:09:49]
(2) set args /home/lignati/carol-fi/codes/inversefulldup/input_250k /home/lignati/carol-fi/codes/inversefulldup/output_falha.data
[INFO -- 2018-12-01 09:09:49]
initSignal:0
[INFO -- 2018-12-01 09:09:49]
endSignal:25
[INFO -- 2018-12-01 09:09:49]
faultModel:1
[INFO -- 2018-12-01 09:09:55]
Backtrace BEGIN:
#0  _IO_vfscanf_internal (s=s@entry=0x6085c0, format=<optimized out>, argptr=argptr@entry=0x7fffffffcf38, errp=errp@entry=0x0) at vfscanf.c:2119
#1  0x00007ffff7033162 in __isoc99_fscanf (stream=0x6085c0, format=<optimized out>) at isoc99_fscanf.c:34
#2  0x00007ffff7bcac42 in fann_create_from_fd () from /usr/local/lib/libfann.so.2
#3  0x00007ffff7bc8073 in fann_create_from_file () from /usr/local/lib/libfann.so.2
#4  0x0000000000402061 in inversek2j(float, float, float*, float*) ()
#5  0x000000000040179a in main ()

2114	vfscanf.c: No such file or directory.

Backtrace END
Fliping array at pos: 13
Memory content before bitflip:0x6e
Fault Model: Double bit-flip
base address to flip value: 0x7ffff715dc0d  
address max offset: 1
Memory content after  bitflip:0x64
frame name: _IO_vfscanf_internal
symbol name: __PRETTY_FUNCTION__
symbol filename: vfscanf.c
symbol line: 0
value: "_IO_vfscanf_idternal"
value address: 0x7ffff715dc00 <__PRETTY_FUNCTION__.11925>
Type: The type is an array.
Type sizeof: 21
Field name: None
Field Type: A range type, that is, an integer type with bounds.
Field Type sizeof: 8
Field Type range: (0, 20)

[INFO -- 2018-12-01 09:09:55]
Fault Injection Successful after 6.832762241363525s
[INFO -- 2018-12-01 09:10:14]
event type: exit
[INFO -- 2018-12-01 09:10:14]
exit code: 0
