[INFO -- 2018-11-30 16:04:54]
Starting flip_value script
version: 1.1
[INFO -- 2018-11-30 16:04:54]
Initialization strings:
[INFO -- 2018-11-30 16:04:54]
(1) file /home/lignati/carol-fi/codes/inversefulldup/inversek2j.nn.out
[INFO -- 2018-11-30 16:04:54]
(2) set args /home/lignati/carol-fi/codes/inversefulldup/input_250k /home/lignati/carol-fi/codes/inversefulldup/output_falha.data
[INFO -- 2018-11-30 16:04:54]
initSignal:0
[INFO -- 2018-11-30 16:04:54]
endSignal:25
[INFO -- 2018-11-30 16:04:54]
faultModel:2
[INFO -- 2018-11-30 16:05:04]
Backtrace BEGIN:
#0  0x00007ffff702967e in _IO_vfscanf_internal (s=s@entry=0x6085c0, format=0x7ffff7bd55ac "(%u, %f) ", argptr=argptr@entry=0x7fffffffcf38, errp=errp@entry=0x0) at vfscanf.c:314
#1  0x00007ffff7033162 in __isoc99_fscanf (stream=0x6085c0, format=<optimized out>) at isoc99_fscanf.c:34
#2  0x00007ffff7bcac42 in fann_create_from_fd () from /usr/local/lib/libfann.so.2
#3  0x00007ffff7bc8073 in fann_create_from_file () from /usr/local/lib/libfann.so.2
#4  0x0000000000402061 in inversek2j(float, float, float*, float*) ()
#5  0x000000000040179a in main ()

309	vfscanf.c: No such file or directory.

Backtrace END
Fliping array at pos: 18
Memory content before bitflip:0x61
Fault Model: Random bit-flip
base address to flip value: 0x7ffff715dc12  
address max offset: 1
Memory content after  bitflip:0x00
frame name: _IO_vfscanf_internal
symbol name: __PRETTY_FUNCTION__
symbol filename: vfscanf.c
symbol line: 0
value: "_IO_vfscanf_intern\000l"
value address: 0x7ffff715dc00 <__PRETTY_FUNCTION__.11925>
Type: The type is an array.
Type sizeof: 21
Field name: None
Field Type: A range type, that is, an integer type with bounds.
Field Type sizeof: 8
Field Type range: (0, 20)

[INFO -- 2018-11-30 16:05:04]
Fault Injection Successful after 10.457426309585571s
[INFO -- 2018-11-30 16:05:19]
event type: exit
[INFO -- 2018-11-30 16:05:19]
exit code: 0
