[INFO -- 2018-10-11 00:06:00]
Starting flip_value script
version: 1.1
[INFO -- 2018-10-11 00:06:00]
Initialization strings:
[INFO -- 2018-10-11 00:06:00]
(1) file /tmp/fft_nn/fft_nn.out
[INFO -- 2018-10-11 00:06:00]
(2) set args 32768 /tmp/fft_nn/output_falha.data
[INFO -- 2018-10-11 00:06:00]
initSignal:0
[INFO -- 2018-10-11 00:06:00]
endSignal:5
[INFO -- 2018-10-11 00:06:00]
faultModel:0
[INFO -- 2018-10-11 00:06:01]
Backtrace BEGIN:
#0  0x00007ffff7028825 in _IO_vfscanf_internal (s=s@entry=0x6062c0, format=<optimized out>, argptr=argptr@entry=0x7fffffffd408, errp=errp@entry=0x0) at vfscanf.c:440
#1  0x00007ffff7032162 in __isoc99_fscanf (stream=0x6062c0, format=<optimized out>) at isoc99_fscanf.c:34
#2  0x00007ffff7bceefc in fann_create_from_fd () from /usr/local/lib/libfann.so.2
#3  0x00007ffff7bcf608 in fann_create_from_file () from /usr/local/lib/libfann.so.2
#4  0x00000000004019b7 in radix2DitCooleyTykeyFft(int, int*, Complex*, Complex*) ()
#5  0x0000000000401631 in main ()

435	vfscanf.c: Arquivo ou diretório não encontrado.

Backtrace END
Memory content before bitflip:0x00
Fault Model: Single bit-flip
base address to flip value: 0x7fffffffd1a8
address max offset: 1
Memory content after  bitflip:0x02
frame name: _IO_vfscanf_internal
symbol name: use_malloc
symbol filename: vfscanf.c
symbol line: 275
value: 2
value address: 0x7fffffffd1a8
Type: A boolean type.
Type sizeof: 1

[INFO -- 2018-10-11 00:06:01]
Fault Injection Successful after 1.2152214050292969s
[INFO -- 2018-10-11 00:06:19]
event type: exit
[INFO -- 2018-10-11 00:06:19]
exit code: 0
