[INFO -- 2018-10-06 01:55:44]
Starting flip_value script
version: 1.1
[INFO -- 2018-10-06 01:55:44]
Initialization strings:
[INFO -- 2018-10-06 01:55:44]
(1) file /tmp/fft_nn/fft_nn.out
[INFO -- 2018-10-06 01:55:44]
(2) set args 32768 /tmp/fft_nn/output_falha.data
[INFO -- 2018-10-06 01:55:44]
initSignal:15
[INFO -- 2018-10-06 01:55:44]
endSignal:25
[INFO -- 2018-10-06 01:55:44]
faultModel:4
[EXCEPTION -- 2018-10-06 01:56:00]
gdbException: Tentativo de desreferenciar um ponteiro genérico.
[INFO -- 2018-10-06 01:56:00]
Backtrace BEGIN:
#0  _IO_vfscanf_internal (s=s@entry=0x6062c0, format=<optimized out>, argptr=argptr@entry=0x7fffffffd8c8, errp=errp@entry=0x0) at vfscanf.c:2011
#1  0x00007ffff7032162 in __isoc99_fscanf (stream=0x6062c0, format=<optimized out>) at isoc99_fscanf.c:34
#2  0x00007ffff7bcf187 in fann_create_from_fd () from /usr/local/lib/libfann.so.2
#3  0x00007ffff7bcf608 in fann_create_from_file () from /usr/local/lib/libfann.so.2
#4  0x00000000004019b7 in radix2DitCooleyTykeyFft(int, int*, Complex*, Complex*) ()
#5  0x0000000000401631 in main ()

2006	in vfscanf.c

Backtrace END
Memory content before bitflip:0x000x000x000x00
Fault Model: LSB bit-flip
base address to flip value: 0x7fffffffd690
address max offset: 4
Memory content after  bitflip:0x000x000x000x04
frame name: _IO_vfscanf_internal
symbol name: flags
symbol filename: vfscanf.c
symbol line: 222
value: 67108864
value address: 0x7fffffffd690
Type: The type is an integer type.
Type sizeof: 4

[INFO -- 2018-10-06 01:56:00]
Fault Injection Successful after 16.199180841445923s
[INFO -- 2018-10-06 01:56:04]
event type: exit
[INFO -- 2018-10-06 01:56:04]
exit code: 0
