[INFO -- 2018-10-10 09:27:07]
sending 5 signals using command: 'killall -2 fft_nn.out' after 22.2757440051s
[INFO -- 2018-10-10 09:27:09]
sending 5 signals using command: 'killall -2 fft_nn.out' after 23.6838176455s
[INFO -- 2018-10-10 09:27:10]
sending 5 signals using command: 'killall -2 fft_nn.out' after 24.6228394661s
[INFO -- 2018-10-10 09:27:10]
Starting GDB script
[INFO -- 2018-10-10 09:27:10]
initSignal:0.0
[INFO -- 2018-10-10 09:27:10]
endSignal:5.0
[INFO -- 2018-10-10 09:27:11]
sending 5 signals using command: 'killall -2 fft_nn.out' after 0.761506097756s
[INFO -- 2018-10-10 09:27:14]
sending 5 signals using command: 'killall -2 fft_nn.out' after 4.2844769335s
[INFO -- 2018-10-10 09:27:14]
sending 5 signals using command: 'killall -2 fft_nn.out' after 4.6896322887s
[INFO -- 2018-10-10 09:27:31]
Execution finished before waitTime
