[INFO -- 2018-10-17 05:57:56]
Starting flip_value script
version: 1.1
[INFO -- 2018-10-17 05:57:56]
Initialization strings:
[INFO -- 2018-10-17 05:57:56]
(1) file /home/latansini/Desktop/trabalhoftf/carol-fi/sample-code/inverse_nn/inversek2j_nn.out
[INFO -- 2018-10-17 05:57:56]
(2) set args /home/latansini/Desktop/trabalhoftf/carol-fi/sample-code/inverse_nn/input_250k /home/latansini/Desktop/trabalhoftf/carol-fi/sample-code/inverse_nn/output_falha.data
[INFO -- 2018-10-17 05:57:56]
initSignal:0
[INFO -- 2018-10-17 05:57:56]
endSignal:2
[INFO -- 2018-10-17 05:57:56]
faultModel:0
[EXCEPTION -- 2018-10-17 05:57:56]
gdbException: Tentativo de desreferenciar um ponteiro genérico.
[INFO -- 2018-10-17 05:57:56]
Backtrace BEGIN:
#0  0x00007ffff7014381 in __GI_____strtof_l_internal (nptr=<optimized out>, endptr=0x7fffffffcf00, group=<optimized out>, loc=<optimized out>) at strtod_l.c:851
#1  0x00007ffff7011d60 in __GI___strtof_internal (nptr=<optimized out>, endptr=<optimized out>, group=<optimized out>) at strtod.c:54
#2  0x00007ffff702b948 in _IO_vfscanf_internal (s=s@entry=0x608610, format=<optimized out>, argptr=argptr@entry=0x7fffffffd0d8, errp=errp@entry=0x0) at vfscanf.c:2365
#3  0x00007ffff7032162 in __isoc99_fscanf (stream=0x608610, format=<optimized out>) at isoc99_fscanf.c:34
#4  0x00007ffff7bcf187 in fann_create_from_fd () from /usr/local/lib/libfann.so.2
#5  0x00007ffff7bcf608 in fann_create_from_file () from /usr/local/lib/libfann.so.2
#6  0x000000000040199e in inversek2j(float, float, float*, float*) ()
#7  0x0000000000401631 in main ()

846	in strtod_l.c

Backtrace END
Memory content before bitflip:0x000x000x000x000x000x000x000x00
Fault Model: Single bit-flip
base address to flip value: 0x7fffffffcbd0
address max offset: 8
Memory content after  bitflip:0x000x000x000x000x200x000x000x00
frame name: __GI_____strtof_l_internal
symbol name: exponent
symbol filename: strtod_l.c
symbol line: 486
value: 137438953472
value address: 0x7fffffffcbd0
Type: The type is an integer type.
Type sizeof: 8

[INFO -- 2018-10-17 05:57:56]
Fault Injection Successful after 0.9371013641357422s
[INFO -- 2018-10-17 05:58:06]
event type: exit
[INFO -- 2018-10-17 05:58:06]
exit code: 0
