[INFO -- 2018-10-08 00:51:24]
Starting flip_value script
version: 1.1
[INFO -- 2018-10-08 00:51:24]
Initialization strings:
[INFO -- 2018-10-08 00:51:24]
(1) file /tmp/fft_nn/fft_nn.out
[INFO -- 2018-10-08 00:51:24]
(2) set args 32768 /tmp/fft_nn/output_falha.data
[INFO -- 2018-10-08 00:51:24]
initSignal:15
[INFO -- 2018-10-08 00:51:24]
endSignal:25
[INFO -- 2018-10-08 00:51:24]
faultModel:4
[EXCEPTION -- 2018-10-08 00:51:41]
gdbException: Tentativo de desreferenciar um ponteiro genérico.
[INFO -- 2018-10-08 00:51:41]
Backtrace BEGIN:
#0  _pthread_cleanup_push_defer (buffer=0x7fffffffd740, routine=0x7ffff7031cc0 <__funlockfile>, arg=0x6062c0) at cleanup_defer_compat.c:30
#1  0x00007ffff7029fd5 in _IO_vfscanf_internal (s=s@entry=0x6062c0, format=0x7ffff7bd37c8 "rprop_delta_max=%f\n", argptr=argptr@entry=0x7fffffffd8c8, errp=errp@entry=0x0) at vfscanf.c:358
#2  0x00007ffff7032162 in __isoc99_fscanf (stream=0x6062c0, format=<optimized out>) at isoc99_fscanf.c:34
#3  0x00007ffff7bceae9 in fann_create_from_fd () from /usr/local/lib/libfann.so.2
#4  0x00007ffff7bcf608 in fann_create_from_file () from /usr/local/lib/libfann.so.2
#5  0x00000000004019b7 in radix2DitCooleyTykeyFft(int, int*, Complex*, Complex*) ()
#6  0x0000000000401631 in main ()

25	in cleanup_defer_compat.c

Backtrace END
Fliping value of field: __value
Fliping value of field name: __wchb
Fliping array at pos: 3
Memory content before bitflip:0x00
Fault Model: LSB bit-flip
base address to flip value: 0x7fffffffd6e7 
address max offset: 1
Memory content after  bitflip:0x10
frame name: _IO_vfscanf_internal
symbol name: state
symbol filename: vfscanf.c
symbol line: 252
value: {__count = 0, __value = {__wch = 268435456, __wchb = "\000\000\000\020"}}
value address: 0x7fffffffd6e0
Type: The type is a structure.
Type sizeof: 8
Field name: __count
Field Type: The type is an integer type.
Field Type sizeof: 4
Field name: __value
Field Type: The type is a union.
Field Type sizeof: 4

[INFO -- 2018-10-08 00:51:41]
Fault Injection Successful after 17.044726133346558s
[INFO -- 2018-10-08 00:51:43]
event type: exit
[INFO -- 2018-10-08 00:51:43]
exit code: 0
