[INFO -- 2018-10-18 22:37:53]
Starting flip_value script
version: 1.1
[INFO -- 2018-10-18 22:37:53]
Initialization strings:
[INFO -- 2018-10-18 22:37:53]
(1) file /home/latansini/Desktop/trabalhoftf/carol-fi/sample-code/knn/nn-knl-files/nn
[INFO -- 2018-10-18 22:37:53]
(2) set args /home/latansini/Desktop/trabalhoftf/carol-fi/sample-code/knn/nn-knl-files/filelist 15 25 25 /home/latansini/Desktop/trabalhoftf/carol-fi/sample-code/knn/nn-knl-files/out15_25_25
[INFO -- 2018-10-18 22:37:53]
initSignal:4
[INFO -- 2018-10-18 22:37:53]
endSignal:5
[INFO -- 2018-10-18 22:37:53]
faultModel:4
[INFO -- 2018-10-18 22:37:58]
Backtrace BEGIN:
#0  0x00007ffff78bddb6 in ?? () from /usr/lib/x86_64-linux-gnu/libgomp.so.1
#1  0x00007ffff78bcaf9 in ?? () from /usr/lib/x86_64-linux-gnu/libgomp.so.1
#2  0x0000000000401198 in main (argc=6, argv=0x7fffffffd8b8) at nn.c:115

20	* This program finds the k-nearest neighbors
21	* Usage:	./nn <filelist> <num> <target latitude> <target longitude> <out filename>
22	*			filelist: File with the filenames to the records
23	*			num: Number of nearest neighbors to find
24	*			target lat: Latitude coordinate for distance calculations
25	*			target long: Longitude coordinate for distance calculations
26	* The filelist and data are generated by hurricane_gen.c
27	* REC_WINDOW has been arbitrarily assigned; A larger value would allow more work for the threads
28	*/
29	int main(int argc, char* argv[]) {

Backtrace END
Memory content before bitflip:0x570xe50x0b0x010x000x000x000x00
Fault Model: LSB bit-flip
base address to flip value: 0x7fffffffd530
address max offset: 8
Memory content after  bitflip:0x570xe50x0b0x010x000x000x000x02
frame name: main
symbol name: rec_sum
symbol filename: nn.c
symbol line: 36
value: 144115188093412695
value address: 0x7fffffffd530
Type: The type is an integer type.
Type sizeof: 8

[INFO -- 2018-10-18 22:37:58]
Fault Injection Successful after 5.395432710647583s
[INFO -- 2018-10-18 22:37:59]
event type: exit
[INFO -- 2018-10-18 22:37:59]
exit code: 0
