[INFO -- 2018-10-17 12:27:55]
Starting flip_value script
version: 1.1
[INFO -- 2018-10-17 12:27:55]
Initialization strings:
[INFO -- 2018-10-17 12:27:55]
(1) file /home/latansini/Desktop/trabalhoftf/carol-fi/sample-code/inverse_nn/inversek2j_nn.out
[INFO -- 2018-10-17 12:27:55]
(2) set args /home/latansini/Desktop/trabalhoftf/carol-fi/sample-code/inverse_nn/input_250k /home/latansini/Desktop/trabalhoftf/carol-fi/sample-code/inverse_nn/output_falha.data
[INFO -- 2018-10-17 12:27:55]
initSignal:4
[INFO -- 2018-10-17 12:27:55]
endSignal:6
[INFO -- 2018-10-17 12:27:55]
faultModel:2
[EXCEPTION -- 2018-10-17 12:27:59]
gdbException: Tentativo de desreferenciar um ponteiro genérico.
[INFO -- 2018-10-17 12:27:59]
Backtrace BEGIN:
#0  __GI__IO_sputbackc (fp=fp@entry=0x608610, c=<optimized out>) at genops.c:742
#1  0x00007ffff7028926 in _IO_vfscanf_internal (s=s@entry=0x608610, format=<optimized out>, argptr=argptr@entry=0x7fffffffd0d8, errp=errp@entry=0x0) at vfscanf.c:2938
#2  0x00007ffff7032162 in __isoc99_fscanf (stream=0x608610, format=<optimized out>) at isoc99_fscanf.c:34
#3  0x00007ffff7bcf187 in fann_create_from_fd () from /usr/local/lib/libfann.so.2
#4  0x00007ffff7bcf608 in fann_create_from_file () from /usr/local/lib/libfann.so.2
#5  0x000000000040199e in inversek2j(float, float, float*, float*) ()
#6  0x0000000000401631 in main ()

737	genops.c: Arquivo ou diretório não encontrado.

Backtrace END
Fliping a bit of the pointer
Memory content before bitflip:0x000x000x000x000x000x000x000x00
Fault Model: Random bit-flip
base address to flip value: 0x7fffffffcee8
address max offset: 8
Memory content after  bitflip:0x130x9d0xe80x2a0x910x310xd50x21
frame name: _IO_vfscanf_internal
symbol name: wstr
symbol filename: vfscanf.c
symbol line: 263
value: 0x0
value address: 0x7fffffffcee8
Type: The type is a pointer.
Type sizeof: 8

[INFO -- 2018-10-17 12:27:59]
Fault Injection Successful after 4.613292217254639s
[INFO -- 2018-10-17 12:28:05]
event type: exit
[INFO -- 2018-10-17 12:28:05]
exit code: 0
