[INFO -- 2018-10-09 09:44:37]
sending 5 signals using command: 'killall -2 fft_nn.out' after 21.8819488313s
[INFO -- 2018-10-09 09:44:39]
sending 5 signals using command: 'killall -2 fft_nn.out' after 24.0999899394s
[INFO -- 2018-10-09 09:44:40]
sending 5 signals using command: 'killall -2 fft_nn.out' after 24.8314983342s
[INFO -- 2018-10-09 09:44:40]
Starting GDB script
[INFO -- 2018-10-09 09:44:40]
initSignal:0.0
[INFO -- 2018-10-09 09:44:40]
endSignal:5.0
[INFO -- 2018-10-09 09:44:41]
sending 5 signals using command: 'killall -2 fft_nn.out' after 0.356117179175s
[INFO -- 2018-10-09 09:44:41]
sending 5 signals using command: 'killall -2 fft_nn.out' after 0.522056347293s
[INFO -- 2018-10-09 09:44:43]
sending 5 signals using command: 'killall -2 fft_nn.out' after 2.85310225224s
[INFO -- 2018-10-09 09:45:01]
Execution finished before waitTime
