[INFO -- 2018-10-05 15:14:17]
sending 5 signals using command: 'killall -2 fft_nn.out' after 21.7700879029s
[INFO -- 2018-10-05 15:14:17]
sending 5 signals using command: 'killall -2 fft_nn.out' after 22.0915414664s
[INFO -- 2018-10-05 15:14:18]
sending 5 signals using command: 'killall -2 fft_nn.out' after 22.6957828086s
[INFO -- 2018-10-05 15:14:18]
Starting GDB script
[INFO -- 2018-10-05 15:14:18]
initSignal:0.0
[INFO -- 2018-10-05 15:14:18]
endSignal:5.0
[INFO -- 2018-10-05 15:14:21]
sending 5 signals using command: 'killall -2 fft_nn.out' after 2.62401547816s
[INFO -- 2018-10-05 15:14:21]
sending 5 signals using command: 'killall -2 fft_nn.out' after 2.76440669819s
[INFO -- 2018-10-05 15:14:22]
sending 5 signals using command: 'killall -2 fft_nn.out' after 4.2965021471s
[INFO -- 2018-10-05 15:14:38]
Execution finished before waitTime
