[INFO -- 2018-10-08 00:16:25]
sending 5 signals using command: 'killall -2 fft_nn.out' after 21.2212941089s
[INFO -- 2018-10-08 00:16:25]
sending 5 signals using command: 'killall -2 fft_nn.out' after 21.3628109348s
[INFO -- 2018-10-08 00:16:28]
sending 5 signals using command: 'killall -2 fft_nn.out' after 24.1048733463s
[INFO -- 2018-10-08 00:16:28]
Starting GDB script
[INFO -- 2018-10-08 00:16:28]
initSignal:0.0
[INFO -- 2018-10-08 00:16:28]
endSignal:5.0
[INFO -- 2018-10-08 00:16:28]
sending 5 signals using command: 'killall -2 fft_nn.out' after 0.0194189640478s
[INFO -- 2018-10-08 00:16:30]
sending 5 signals using command: 'killall -2 fft_nn.out' after 1.86375322226s
[INFO -- 2018-10-08 00:16:31]
sending 5 signals using command: 'killall -2 fft_nn.out' after 3.22420299388s
[INFO -- 2018-10-08 00:16:48]
Execution finished before waitTime
