[INFO -- 2018-12-09 14:59:58]
Starting flip_value script
version: 1.1
[INFO -- 2018-12-09 14:59:58]
Initialization strings:
[INFO -- 2018-12-09 14:59:58]
(1) file /home/melkor/ETAPA2/dup_nn/nn-knl-files/nn
[INFO -- 2018-12-09 14:59:58]
(2) set args /home/melkor/ETAPA2/dup_nn/nn-knl-files/filelist 20 5 5 /home/melkor/ETAPA2/dup_nn/nn-knl-files/out20_5_5
[INFO -- 2018-12-09 14:59:58]
initSignal:0
[INFO -- 2018-12-09 14:59:58]
endSignal:1
[INFO -- 2018-12-09 14:59:58]
faultModel:4
[EXCEPTION -- 2018-12-09 14:59:58]
pythonException: invalid frame
[INFO -- 2018-12-09 14:59:58]
Backtrace BEGIN:
#0  0x00007ffff7820ee6 in ?? () from /usr/lib/x86_64-linux-gnu/libgomp.so.1
#1  0x00007ffff781e94b in ?? () from /usr/lib/x86_64-linux-gnu/libgomp.so.1
#2  0x00007ffff6ffb6db in start_thread (arg=0x7ffff6ff3700) at pthread_create.c:463
#3  0x00007ffff753888f in clone () at ../sysdeps/unix/sysv/linux/x86_64/clone.S:95

68	      fclose(logfile);
69	    }
70		
71		
72		if(file != NULL){	// isso aqui tava dando segfault
73			fclose(file);
74		}
75		
76	}
77	

Backtrace END
Memory content before bitflip:0x000x000xa00x40
Fault Model: LSB bit-flip
base address to flip value: 0x7fffffffdb6c
address max offset: 4
Memory content after  bitflip:0x000x000xa00x41
frame name: main
symbol name: target_long_dup
symbol filename: nn.c
symbol line: 92
value: 20
value address: 0x7fffffffdb6c
Type: A floating point type.
Type sizeof: 4

[INFO -- 2018-12-09 14:59:58]
Fault Injection Successful after 0.27329134941101074s
[INFO -- 2018-12-09 14:59:58]
event type: exit
[INFO -- 2018-12-09 14:59:58]
exit code: 0
