[INFO -- 2018-10-10 21:29:37]
sending 5 signals using command: 'killall -2 fft_nn.out' after 22.9511262523s
[INFO -- 2018-10-10 21:29:38]
sending 5 signals using command: 'killall -2 fft_nn.out' after 23.2304766306s
[INFO -- 2018-10-10 21:29:39]
sending 5 signals using command: 'killall -2 fft_nn.out' after 24.9333872927s
[INFO -- 2018-10-10 21:29:39]
Starting GDB script
[INFO -- 2018-10-10 21:29:39]
initSignal:0.0
[INFO -- 2018-10-10 21:29:39]
endSignal:5.0
[INFO -- 2018-10-10 21:29:41]
sending 5 signals using command: 'killall -2 fft_nn.out' after 1.40761859372s
[INFO -- 2018-10-10 21:29:42]
sending 5 signals using command: 'killall -2 fft_nn.out' after 2.82836762092s
[INFO -- 2018-10-10 21:29:44]
sending 5 signals using command: 'killall -2 fft_nn.out' after 4.86661919516s
[INFO -- 2018-10-10 21:30:00]
Execution finished before waitTime
