[INFO -- 2018-10-12 08:58:51]
sending 5 signals using command: 'killall -2 fft_nn.out' after 24.2421210163s
[INFO -- 2018-10-12 08:58:51]
sending 5 signals using command: 'killall -2 fft_nn.out' after 24.4561784028s
[INFO -- 2018-10-12 08:58:51]
sending 5 signals using command: 'killall -2 fft_nn.out' after 24.8269596021s
[INFO -- 2018-10-12 08:58:51]
Starting GDB script
[INFO -- 2018-10-12 08:58:51]
initSignal:0.0
[INFO -- 2018-10-12 08:58:51]
endSignal:5.0
[INFO -- 2018-10-12 08:58:52]
sending 5 signals using command: 'killall -2 fft_nn.out' after 1.00085315978s
[INFO -- 2018-10-12 08:58:54]
sending 5 signals using command: 'killall -2 fft_nn.out' after 3.1748631649s
[INFO -- 2018-10-12 08:58:56]
sending 5 signals using command: 'killall -2 fft_nn.out' after 4.80337505192s
[INFO -- 2018-10-12 08:59:12]
Execution finished before waitTime
