[INFO -- 2018-10-10 02:12:05]
sending 5 signals using command: 'killall -2 fft_nn.out' after 21.5703357405s
[INFO -- 2018-10-10 02:12:05]
sending 5 signals using command: 'killall -2 fft_nn.out' after 22.3434409609s
[INFO -- 2018-10-10 02:12:07]
sending 5 signals using command: 'killall -2 fft_nn.out' after 24.1344010259s
[INFO -- 2018-10-10 02:12:07]
Starting GDB script
[INFO -- 2018-10-10 02:12:07]
initSignal:0.0
[INFO -- 2018-10-10 02:12:07]
endSignal:5.0
[INFO -- 2018-10-10 02:12:08]
sending 5 signals using command: 'killall -2 fft_nn.out' after 0.305639997606s
[INFO -- 2018-10-10 02:12:10]
sending 5 signals using command: 'killall -2 fft_nn.out' after 3.12862952415s
[INFO -- 2018-10-10 02:12:12]
sending 5 signals using command: 'killall -2 fft_nn.out' after 4.64235661653s
[INFO -- 2018-10-10 02:12:28]
Execution finished before waitTime
