[INFO -- 2018-10-06 11:00:18]
Starting flip_value script
version: 1.1
[INFO -- 2018-10-06 11:00:18]
Initialization strings:
[INFO -- 2018-10-06 11:00:18]
(1) file /tmp/fft_nn/fft_nn.out
[INFO -- 2018-10-06 11:00:18]
(2) set args 32768 /tmp/fft_nn/output_falha.data
[INFO -- 2018-10-06 11:00:18]
initSignal:0
[INFO -- 2018-10-06 11:00:18]
endSignal:5
[INFO -- 2018-10-06 11:00:18]
faultModel:0
[INFO -- 2018-10-06 11:00:20]
Backtrace BEGIN:
#0  0x00007ffff7011ab3 in __GI_____strtoul_l_internal (nptr=nptr@entry=0x7fffffffd4c0 "0", endptr=endptr@entry=0x7fffffffd6f0, base=<optimized out>, group=group@entry=0, loc=<optimized out>) at ../stdlib/strtol_l.c:513
#1  0x00007ffff7011410 in __GI___strtoul_internal (nptr=nptr@entry=0x7fffffffd4c0 "0", endptr=endptr@entry=0x7fffffffd6f0, base=<optimized out>, group=group@entry=0) at ../stdlib/strtol.c:97
#2  0x00007ffff7029f02 in _IO_vfscanf_internal (s=s@entry=0x6062c0, format=<optimized out>, argptr=argptr@entry=0x7fffffffd8c8, errp=errp@entry=0x0) at vfscanf.c:1827
#3  0x00007ffff7032162 in __isoc99_fscanf (stream=0x6062c0, format=<optimized out>) at isoc99_fscanf.c:34
#4  0x00007ffff7bcf0eb in fann_create_from_fd () from /usr/local/lib/libfann.so.2
#5  0x00007ffff7bcf608 in fann_create_from_file () from /usr/local/lib/libfann.so.2
#6  0x00000000004019b7 in radix2DitCooleyTykeyFft(int, int*, Complex*, Complex*) ()
#7  0x0000000000401631 in main ()

508	../stdlib/strtol_l.c: Arquivo ou diretório não encontrado.

Backtrace END
Memory content before bitflip:0x0a0x000x000x00
Fault Model: Single bit-flip
base address to flip value: 0x7fffffffd6c8
address max offset: 4
Memory content after  bitflip:0x4a0x000x000x00
frame name: _IO_vfscanf_internal
symbol name: width
symbol filename: vfscanf.c
symbol line: 221
value: 74
value address: 0x7fffffffd6c8
Type: The type is an integer type.
Type sizeof: 4

[INFO -- 2018-10-06 11:00:20]
Fault Injection Successful after 2.1466429233551025s
[INFO -- 2018-10-06 11:00:38]
event type: exit
[INFO -- 2018-10-06 11:00:38]
exit code: 0
