[INFO -- 2018-10-16 12:00:55]
Starting flip_value script
version: 1.1
[INFO -- 2018-10-16 12:00:55]
Initialization strings:
[INFO -- 2018-10-16 12:00:55]
(1) file /home/latansini/Desktop/trabalhoftf/carol-fi/sample-code/inverse_nn/inversek2j_nn.out
[INFO -- 2018-10-16 12:00:55]
(2) set args /home/latansini/Desktop/trabalhoftf/carol-fi/sample-code/inverse_nn/input_250k /home/latansini/Desktop/trabalhoftf/carol-fi/sample-code/inverse_nn/output_falha.data
[INFO -- 2018-10-16 12:00:55]
initSignal:8
[INFO -- 2018-10-16 12:00:55]
endSignal:10
[INFO -- 2018-10-16 12:00:55]
faultModel:4
[INFO -- 2018-10-16 12:01:03]
Backtrace BEGIN:
#0  __GI__IO_sputbackc (fp=fp@entry=0x608610, c=c@entry=49) at genops.c:730
#1  0x00007ffff7028b63 in _IO_vfscanf_internal (s=s@entry=0x608610, format=<optimized out>, argptr=argptr@entry=0x7fffffffd0d8, errp=errp@entry=0x0) at vfscanf.c:625
#2  0x00007ffff7032162 in __isoc99_fscanf (stream=0x608610, format=<optimized out>) at isoc99_fscanf.c:34
#3  0x00007ffff7bcf187 in fann_create_from_fd () from /usr/local/lib/libfann.so.2
#4  0x00007ffff7bcf608 in fann_create_from_file () from /usr/local/lib/libfann.so.2
#5  0x000000000040199e in inversek2j(float, float, float*, float*) ()
#6  0x0000000000401631 in main ()

725	genops.c: Arquivo ou diretório não encontrado.

Backtrace END
Fliping a bit of the pointer
Memory content before bitflip:0x000x000x000x000x000x000x000x00
Fault Model: LSB bit-flip
base address to flip value: 0x7ffff73989a0 
address max offset: 8
Memory content after  bitflip:0x000x000x000x000x000x000x000x01
frame name: __GI__IO_sputbackc
symbol name: run_fp
symbol filename: genops.c
symbol line: 45
value: 0x0
value address: 0x7ffff73989a0 <run_fp>
Type: The type is a pointer.
Type sizeof: 8

[INFO -- 2018-10-16 12:01:03]
Fault Injection Successful after 8.214508056640625s
[INFO -- 2018-10-16 12:01:05]
event type: exit
[INFO -- 2018-10-16 12:01:05]
exit code: 0
