[INFO -- 2018-10-07 02:04:45]
Starting flip_value script
version: 1.1
[INFO -- 2018-10-07 02:04:45]
Initialization strings:
[INFO -- 2018-10-07 02:04:45]
(1) file /tmp/fft_nn/fft_nn.out
[INFO -- 2018-10-07 02:04:45]
(2) set args 32768 /tmp/fft_nn/output_falha.data
[INFO -- 2018-10-07 02:04:45]
initSignal:0
[INFO -- 2018-10-07 02:04:45]
endSignal:5
[INFO -- 2018-10-07 02:04:45]
faultModel:0
[INFO -- 2018-10-07 02:04:45]
Backtrace BEGIN:
#0  __GI__dl_debug_state () at dl-debug.c:74
#1  0x00007ffff7dde483 in dl_main (phdr=<optimized out>, phdr@entry=0x400040, phnum=<optimized out>, phnum@entry=9, user_entry=user_entry@entry=0x7fffffffdd68, auxv=<optimized out>) at rtld.c:2338
#2  0x00007ffff7df15f5 in _dl_sysdep_start (start_argptr=start_argptr@entry=0x7fffffffde50, dl_main=dl_main@entry=0x7ffff7ddc260 <dl_main>) at ../elf/dl-sysdep.c:249
#3  0x00007ffff7ddbbb8 in _dl_start_final (arg=0x7fffffffde50) at rtld.c:347
#4  _dl_start (arg=0x7fffffffde50) at rtld.c:573
#5  0x00007ffff7ddb268 in _start () from /lib64/ld-linux-x86-64.so.2
#6  0x0000000000000003 in ?? ()
#7  0x00007fffffffe103 in ?? ()
#8  0x00007fffffffe11a in ?? ()
#9  0x00007fffffffe120 in ?? ()
#10 0x0000000000000000 in ?? ()

69	dl-debug.c: Arquivo ou diretório não encontrado.

Backtrace END
Memory content before bitflip:0x030x000x000x00
Fault Model: Single bit-flip
base address to flip value: 0x7ffff7ffce08 
address max offset: 4
Memory content after  bitflip:0x020x000x000x00
frame name: _dl_start_final
symbol name: _dl_argc
symbol filename: rtld.c
symbol line: 83
value: 2
value address: 0x7ffff7ffce08 <_dl_argc>
Type: The type is an integer type.
Type sizeof: 4

[INFO -- 2018-10-07 02:04:45]
Fault Injection Successful after 0.8583111763000488s
[INFO -- 2018-10-07 02:05:05]
event type: exit
[INFO -- 2018-10-07 02:05:05]
exit code: 0
