[INFO -- 2018-11-30 13:45:17]
Starting flip_value script
version: 1.1
[INFO -- 2018-11-30 13:45:17]
Initialization strings:
[INFO -- 2018-11-30 13:45:17]
(1) file /home/lignati/carol-fi/codes/inversefulldup/inversek2j.nn.out
[INFO -- 2018-11-30 13:45:17]
(2) set args /home/lignati/carol-fi/codes/inversefulldup/input_250k /home/lignati/carol-fi/codes/inversefulldup/output_falha.data
[INFO -- 2018-11-30 13:45:17]
initSignal:0
[INFO -- 2018-11-30 13:45:17]
endSignal:25
[INFO -- 2018-11-30 13:45:17]
faultModel:0
[INFO -- 2018-11-30 13:45:18]
Backtrace BEGIN:
#0  _IO_vfscanf_internal (s=s@entry=0x6085c0, format=<optimized out>, argptr=argptr@entry=0x7fffffffcf38, errp=errp@entry=0x0) at vfscanf.c:1777
#1  0x00007ffff7033162 in __isoc99_fscanf (stream=0x6085c0, format=<optimized out>) at isoc99_fscanf.c:34
#2  0x00007ffff7bcac42 in fann_create_from_fd () from /usr/local/lib/libfann.so.2
#3  0x00007ffff7bc8073 in fann_create_from_file () from /usr/local/lib/libfann.so.2
#4  0x0000000000402061 in inversek2j(float, float, float*, float*) ()
#5  0x000000000040179a in main ()

1772	vfscanf.c: No such file or directory.

Backtrace END
Memory content before bitflip:0x000x000x000x000x000x000x000x00
Fault Model: Single bit-flip
base address to flip value: 0x7fffffffcce0
address max offset: 8
Memory content after  bitflip:0x000x000x000x000x000x000x000x40
frame name: _IO_vfscanf_internal
symbol name: strsize
symbol filename: vfscanf.c
symbol line: 265
value: 4611686018427387904
value address: 0x7fffffffcce0
Type: The type is an integer type.
Type sizeof: 8

[INFO -- 2018-11-30 13:45:18]
Fault Injection Successful after 1.3589723110198975s
[INFO -- 2018-11-30 13:45:44]
event type: exit
[INFO -- 2018-11-30 13:45:44]
exit code: 0
