[INFO -- 2018-12-01 07:40:59]
Starting flip_value script
version: 1.1
[INFO -- 2018-12-01 07:40:59]
Initialization strings:
[INFO -- 2018-12-01 07:40:59]
(1) file /home/lignati/carol-fi/codes/inversefulldup/inversek2j.nn.out
[INFO -- 2018-12-01 07:40:59]
(2) set args /home/lignati/carol-fi/codes/inversefulldup/input_250k /home/lignati/carol-fi/codes/inversefulldup/output_falha.data
[INFO -- 2018-12-01 07:40:59]
initSignal:0
[INFO -- 2018-12-01 07:40:59]
endSignal:25
[INFO -- 2018-12-01 07:40:59]
faultModel:4
[INFO -- 2018-12-01 07:41:00]
Backtrace BEGIN:
#0  0x00007ffff70cd567 in munmap () at ../sysdeps/unix/syscall-template.S:81
#1  0x00007ffff7050472 in __GI__IO_setb (f=f@entry=0x6085c0, b=b@entry=0x0, eb=eb@entry=0x0, a=a@entry=0) at genops.c:401
#2  0x00007ffff704ebb0 in _IO_new_file_close_it (fp=fp@entry=0x6085c0) at fileops.c:185
#3  0x00007ffff7042a50 in _IO_new_fclose (fp=0x6085c0) at iofclose.c:59
#4  0x00007ffff7bc8083 in fann_create_from_file () from /usr/local/lib/libfann.so.2
#5  0x0000000000402061 in inversek2j(float, float, float*, float*) ()
#6  0x000000000040179a in main ()

76	../sysdeps/unix/syscall-template.S: No such file or directory.

Backtrace END
Memory content before bitflip:0x000x000x000x00
Fault Model: LSB bit-flip
base address to flip value: 0x7fffffffd02c
address max offset: 4
Memory content after  bitflip:0x000x000x000x02
frame name: __GI__IO_setb
symbol name: a
symbol filename: genops.c
symbol line: 398
value: 33554432
value address: 0x7fffffffd02c
Type: The type is an integer type.
Type sizeof: 4

[INFO -- 2018-12-01 07:41:00]
Fault Injection Successful after 1.2109661102294922s
[INFO -- 2018-12-01 07:41:24]
event type: exit
[INFO -- 2018-12-01 07:41:24]
exit code: 0
