[INFO -- 2018-12-03 06:49:09]
Starting flip_value script
version: 1.1
[INFO -- 2018-12-03 06:49:09]
Initialization strings:
[INFO -- 2018-12-03 06:49:09]
(1) file /home/latansini/carol-fi/carol-fi/codes/nnfulldup/nn-knl-files/nn
[INFO -- 2018-12-03 06:49:09]
(2) set args /home/latansini/carol-fi/carol-fi/codes/nnfulldup/nn-knl-files/filelist 20 5 5 /home/latansini/carol-fi/carol-fi/codes/nnfulldup/nn-knl-files/out20_5_5
[INFO -- 2018-12-03 06:49:09]
initSignal:0
[INFO -- 2018-12-03 06:49:09]
endSignal:2
[INFO -- 2018-12-03 06:49:09]
faultModel:2
[EXCEPTION -- 2018-12-03 06:49:10]
pythonException: invalid frame
[INFO -- 2018-12-03 06:49:10]
Backtrace BEGIN:
#0  __lll_lock_wait_private () at ../nptl/sysdeps/unix/sysv/linux/x86_64/lowlevellock.S:95
#1  0x00007ffff76b1119 in _L_lock_3133 () from /lib/x86_64-linux-gnu/libpthread.so.0
#2  0x00007ffff76b0241 in start_thread (arg=0x7ffff72fc700) at pthread_create.c:298
#3  0x00007ffff73e562d in clone () at ../sysdeps/unix/sysv/linux/x86_64/clone.S:111

90	../nptl/sysdeps/unix/sysv/linux/x86_64/lowlevellock.S: No such file or directory.

Backtrace END
Memory content before bitflip:0x000x000x000x000x000x000x000x00
Fault Model: Random bit-flip
base address to flip value: 0x7ffff78c4300 
address max offset: 8
Memory content after  bitflip:0xa40xb50x5b0x6a0x2d0xa30xfd0x84
frame name: __pthread_create_2_1
symbol name: in_flight_stack
symbol filename: allocatestack.c
symbol line: 119
value: 9582994997567534500
value address: 0x7ffff78c4300 <in_flight_stack>
Type: The type is an integer type.
Type sizeof: 8

[INFO -- 2018-12-03 06:49:10]
Fault Injection Successful after 1.1285879612s
[INFO -- 2018-12-03 06:49:12]
event type: exit
[INFO -- 2018-12-03 06:49:12]
exit code: 0
