[INFO -- 2018-10-06 00:03:10]
Starting flip_value script
version: 1.1
[INFO -- 2018-10-06 00:03:10]
Initialization strings:
[INFO -- 2018-10-06 00:03:10]
(1) file /tmp/fft_nn/fft_nn.out
[INFO -- 2018-10-06 00:03:10]
(2) set args 32768 /tmp/fft_nn/output_falha.data
[INFO -- 2018-10-06 00:03:10]
initSignal:0
[INFO -- 2018-10-06 00:03:10]
endSignal:5
[INFO -- 2018-10-06 00:03:10]
faultModel:0
[INFO -- 2018-10-06 00:03:13]
Backtrace BEGIN:
#0  0x00007ffff70297cf in _IO_vfscanf_internal (s=s@entry=0x6062c0, format=<optimized out>, argptr=argptr@entry=0x7fffffffd8c8, errp=errp@entry=0x0) at vfscanf.c:1895
#1  0x00007ffff7032162 in __isoc99_fscanf (stream=0x6062c0, format=<optimized out>) at isoc99_fscanf.c:34
#2  0x00007ffff7bcef44 in fann_create_from_fd () from /usr/local/lib/libfann.so.2
#3  0x00007ffff7bcf608 in fann_create_from_file () from /usr/local/lib/libfann.so.2
#4  0x00000000004019b7 in radix2DitCooleyTykeyFft(int, int*, Complex*, Complex*) ()
#5  0x0000000000401631 in main ()

1890	vfscanf.c: Arquivo ou diretório não encontrado.

Backtrace END
Fliping value of field: __value
Fliping value of field name: __wchb
Fliping array at pos: 1
Memory content before bitflip:0x00
Fault Model: Single bit-flip
base address to flip value: 0x7fffffffd6e5 
address max offset: 1
Memory content after  bitflip:0x10
frame name: _IO_vfscanf_internal
symbol name: state
symbol filename: vfscanf.c
symbol line: 252
value: {__count = 0, __value = {__wch = 4096, __wchb = "\000\020\000"}}
value address: 0x7fffffffd6e0
Type: The type is a structure.
Type sizeof: 8
Field name: __count
Field Type: The type is an integer type.
Field Type sizeof: 4
Field name: __value
Field Type: The type is a union.
Field Type sizeof: 4

[INFO -- 2018-10-06 00:03:13]
Fault Injection Successful after 3.069274425506592s
[INFO -- 2018-10-06 00:03:30]
event type: exit
[INFO -- 2018-10-06 00:03:30]
exit code: 0
