[INFO -- 2018-10-04 15:37:24]
sending 5 signals using command: 'killall -2 inversek2j_nn.out' after 6.97247657133s
[INFO -- 2018-10-04 15:37:25]
sending 5 signals using command: 'killall -2 inversek2j_nn.out' after 7.26699609096s
[INFO -- 2018-10-04 15:38:04]
sending 5 signals using command: 'killall -2 inversek2j_nn.out' after 46.1976898383s
[INFO -- 2018-10-04 15:38:04]
Starting GDB script
[INFO -- 2018-10-04 15:38:04]
initSignal:0.0
[INFO -- 2018-10-04 15:38:04]
endSignal:48.0
[INFO -- 2018-10-04 15:38:15]
sending 5 signals using command: 'killall -2 inversek2j_nn.out' after 11.5393607639s
[INFO -- 2018-10-04 15:38:26]
sending 5 signals using command: 'killall -2 inversek2j_nn.out' after 22.5652820002s
[INFO -- 2018-10-04 15:38:51]
sending 5 signals using command: 'killall -2 inversek2j_nn.out' after 47.0511865452s
[INFO -- 2018-10-04 15:39:40]
Execution did not finish before waitTime
