[INFO -- 2018-10-12 04:17:57]
sending 5 signals using command: 'killall -2 fft_nn.out' after 22.3412328622s
[INFO -- 2018-10-12 04:17:58]
sending 5 signals using command: 'killall -2 fft_nn.out' after 22.5558345582s
[INFO -- 2018-10-12 04:17:59]
sending 5 signals using command: 'killall -2 fft_nn.out' after 23.9959060627s
[INFO -- 2018-10-12 04:17:59]
Starting GDB script
[INFO -- 2018-10-12 04:17:59]
initSignal:0.0
[INFO -- 2018-10-12 04:17:59]
endSignal:5.0
[INFO -- 2018-10-12 04:18:00]
sending 5 signals using command: 'killall -2 fft_nn.out' after 0.477805879703s
[INFO -- 2018-10-12 04:18:00]
sending 5 signals using command: 'killall -2 fft_nn.out' after 0.727939952543s
[INFO -- 2018-10-12 04:18:02]
sending 5 signals using command: 'killall -2 fft_nn.out' after 3.20243720508s
[INFO -- 2018-10-12 04:18:20]
Execution finished before waitTime
