[INFO -- 2018-12-09 18:20:29]
Starting flip_value script
version: 1.1
[INFO -- 2018-12-09 18:20:29]
Initialization strings:
[INFO -- 2018-12-09 18:20:29]
(1) file /home/melkor/ETAPA2/dup_nn/nn-knl-files/nn
[INFO -- 2018-12-09 18:20:29]
(2) set args /home/melkor/ETAPA2/dup_nn/nn-knl-files/filelist 20 5 5 /home/melkor/ETAPA2/dup_nn/nn-knl-files/out20_5_5
[INFO -- 2018-12-09 18:20:29]
initSignal:0
[INFO -- 2018-12-09 18:20:29]
endSignal:1
[INFO -- 2018-12-09 18:20:29]
faultModel:1
[INFO -- 2018-12-09 18:20:30]
Backtrace BEGIN:
#0  0x00007ffff7820eeb in ?? () from /usr/lib/x86_64-linux-gnu/libgomp.so.1
#1  0x00007ffff781f392 in ?? () from /usr/lib/x86_64-linux-gnu/libgomp.so.1
#2  0x00007ffff7815eca in GOMP_parallel () from /usr/lib/x86_64-linux-gnu/libgomp.so.1
#3  0x00005555555555ed in main (argc=6, argv=0x7fffffffded8) at nn.c:196

88	    char * gold_filename;
89	    long rec_sum = 0;
90		
91		//OBS: variaveis duplicadas
92		float target_lat_dup, target_long_dup; 
93		int done_dup=0, k_dup=0;
94		struct neighbor *neighbors_dup = NULL;
95	
96	    if(argc < 6) {
97	        fprintf(stderr, "Invalid set of arguments:\n");

Backtrace END
Memory content before bitflip:0x000x000x000x00
Fault Model: Double bit-flip
base address to flip value: 0x7fffffffdb28
address max offset: 4
Memory content after  bitflip:0x480x000x000x00
frame name: main
symbol name: tmp_long
symbol filename: nn.c
symbol line: 87
value: 1.00893489e-43
value address: 0x7fffffffdb28
Type: A floating point type.
Type sizeof: 4

[INFO -- 2018-12-09 18:20:30]
Fault Injection Successful after 1.077141523361206s
[INFO -- 2018-12-09 18:20:31]
event type: exit
[INFO -- 2018-12-09 18:20:31]
exit code: 0
