[INFO -- 2018-10-18 19:03:44]
Starting flip_value script
version: 1.1
[INFO -- 2018-10-18 19:03:44]
Initialization strings:
[INFO -- 2018-10-18 19:03:44]
(1) file /home/latansini/Desktop/trabalhoftf/carol-fi/sample-code/knn/nn-knl-files/nn
[INFO -- 2018-10-18 19:03:44]
(2) set args /home/latansini/Desktop/trabalhoftf/carol-fi/sample-code/knn/nn-knl-files/filelist 15 25 25 /home/latansini/Desktop/trabalhoftf/carol-fi/sample-code/knn/nn-knl-files/out15_25_25
[INFO -- 2018-10-18 19:03:44]
initSignal:0
[INFO -- 2018-10-18 19:03:44]
endSignal:1
[INFO -- 2018-10-18 19:03:44]
faultModel:0
[EXCEPTION -- 2018-10-18 19:03:44]
pythonException: invalid frame
[INFO -- 2018-10-18 19:03:44]
Backtrace BEGIN:
#0  0x00007ffff7300b88 in __GI_____strtod_l_internal (nptr=<optimized out>, endptr=<optimized out>, group=<optimized out>, loc=<optimized out>) at strtod_l.c:1516
#1  0x000000000040152c in main._omp_fn.0 () at nn.c:119
#2  0x0000000000401193 in main (argc=6, argv=0x7fffffffd8b8) at nn.c:115

1511	strtod_l.c: Arquivo ou diretório não encontrado.

Backtrace END
Memory content before bitflip:0x0a0x000x000x00
Fault Model: Single bit-flip
base address to flip value: 0x7fffffffd51c
address max offset: 4
Memory content after  bitflip:0x0e0x000x000x00
frame name: main
symbol name: rec_count
symbol filename: nn.c
symbol line: 31
value: 14
value address: 0x7fffffffd51c
Type: The type is an integer type.
Type sizeof: 4

[INFO -- 2018-10-18 19:03:44]
Fault Injection Successful after 0.8966786861419678s
[INFO -- 2018-10-18 19:03:50]
event type: exit
[INFO -- 2018-10-18 19:03:50]
exit code: 0
