[INFO -- 2018-10-19 02:07:51]
Starting flip_value script
version: 1.1
[INFO -- 2018-10-19 02:07:51]
Initialization strings:
[INFO -- 2018-10-19 02:07:51]
(1) file /home/latansini/Desktop/trabalhoftf/carol-fi/sample-code/knn/nn-knl-files/nn
[INFO -- 2018-10-19 02:07:51]
(2) set args /home/latansini/Desktop/trabalhoftf/carol-fi/sample-code/knn/nn-knl-files/filelist 15 25 25 /home/latansini/Desktop/trabalhoftf/carol-fi/sample-code/knn/nn-knl-files/out15_25_25
[INFO -- 2018-10-19 02:07:51]
initSignal:4
[INFO -- 2018-10-19 02:07:51]
endSignal:5
[INFO -- 2018-10-19 02:07:51]
faultModel:4
[EXCEPTION -- 2018-10-19 02:07:55]
pythonException: invalid frame
[INFO -- 2018-10-19 02:07:55]
Backtrace BEGIN:
#0  0x000000000040121e in main (argc=6, argv=0x7fffffffd8b8) at nn.c:131

126	        for( i = 0 ; i < rec_count ; i++ ) {
127	            float max_dist = -1;
128	            int max_idx = 0;
129	            // find a neighbor with greatest dist and take his spot if allowed!
130	            for( j = 0 ; j < k ; j++ ) {
131	                if( neighbors[j].dist > max_dist ) {
132	                    max_dist = neighbors[j].dist;
133	                    max_idx = j;
134	                }
135	            }

Backtrace END
Fliping a bit of the pointer
Memory content before bitflip:0xb80xd80xff0xff0xff0x7f0x000x00
Fault Model: LSB bit-flip
base address to flip value: 0x7fffffffd4e0
address max offset: 8
Memory content after  bitflip:0xb80xd80xff0xff0xff0x7f0x000x40
frame name: main
symbol name: argv
symbol filename: nn.c
symbol line: 29
value: 0x7fffffffd8b8
value address: 0x7fffffffd4e0
Type: The type is a pointer.
Type sizeof: 8

[INFO -- 2018-10-19 02:07:55]
Fault Injection Successful after 4.1429762840271s
[INFO -- 2018-10-19 02:07:56]
event type: exit
[INFO -- 2018-10-19 02:07:56]
exit code: 0
