[INFO -- 2018-10-11 06:23:53]
sending 5 signals using command: 'killall -2 fft_nn.out' after 21.7757841983s
[INFO -- 2018-10-11 06:23:54]
sending 5 signals using command: 'killall -2 fft_nn.out' after 22.3248185552s
[INFO -- 2018-10-11 06:23:56]
sending 5 signals using command: 'killall -2 fft_nn.out' after 24.613274415s
[INFO -- 2018-10-11 06:23:56]
Starting GDB script
[INFO -- 2018-10-11 06:23:56]
initSignal:0.0
[INFO -- 2018-10-11 06:23:56]
endSignal:5.0
[INFO -- 2018-10-11 06:23:57]
sending 5 signals using command: 'killall -2 fft_nn.out' after 0.721904858472s
[INFO -- 2018-10-11 06:24:00]
sending 5 signals using command: 'killall -2 fft_nn.out' after 3.86954891733s
[INFO -- 2018-10-11 06:24:01]
sending 5 signals using command: 'killall -2 fft_nn.out' after 4.47483060962s
[INFO -- 2018-10-11 06:24:17]
Execution finished before waitTime
