[INFO -- 2018-10-10 14:29:25]
Starting flip_value script
version: 1.1
[INFO -- 2018-10-10 14:29:25]
Initialization strings:
[INFO -- 2018-10-10 14:29:25]
(1) file /tmp/fft_nn/fft_nn.out
[INFO -- 2018-10-10 14:29:25]
(2) set args 32768 /tmp/fft_nn/output_falha.data
[INFO -- 2018-10-10 14:29:25]
initSignal:10
[INFO -- 2018-10-10 14:29:25]
endSignal:15
[INFO -- 2018-10-10 14:29:25]
faultModel:2
[INFO -- 2018-10-10 14:29:36]
Backtrace BEGIN:
#0  _IO_vfscanf_internal (s=s@entry=0x6062c0, format=<optimized out>, argptr=argptr@entry=0x7fffffffd408, errp=errp@entry=0x0) at vfscanf.c:440
#1  0x00007ffff7032162 in __isoc99_fscanf (stream=0x6062c0, format=<optimized out>) at isoc99_fscanf.c:34
#2  0x00007ffff7bce8db in fann_create_from_fd () from /usr/local/lib/libfann.so.2
#3  0x00007ffff7bcf608 in fann_create_from_file () from /usr/local/lib/libfann.so.2
#4  0x00000000004019b7 in radix2DitCooleyTykeyFft(int, int*, Complex*, Complex*) ()
#5  0x0000000000401631 in main ()

435	vfscanf.c: Arquivo ou diretório não encontrado.

Backtrace END
Fliping a bit of the value pointed by a pointer
Memory content before bitflip:0x00
Fault Model: Random bit-flip
base address to flip value: 0x7fffffffd008 
address max offset: 1
Memory content after  bitflip:0x69
frame name: _IO_vfscanf_internal
symbol name: tw
symbol filename: vfscanf.c
symbol line: 271
value: 0x7fffffffd008 "i2121391296387e-01"
value address: 0x7fffffffd230
Type: The type is a pointer.
Type sizeof: 8

[INFO -- 2018-10-10 14:29:36]
Fault Injection Successful after 11.434162139892578s
[INFO -- 2018-10-10 14:29:44]
event type: exit
[INFO -- 2018-10-10 14:29:44]
exit code: 0
