[INFO -- 2018-10-05 17:17:11]
sending 5 signals using command: 'killall -2 fft_nn.out' after 22.500268857s
[INFO -- 2018-10-05 17:17:11]
sending 5 signals using command: 'killall -2 fft_nn.out' after 22.5944873446s
[INFO -- 2018-10-05 17:17:12]
sending 5 signals using command: 'killall -2 fft_nn.out' after 23.0740652401s
[INFO -- 2018-10-05 17:17:12]
Starting GDB script
[INFO -- 2018-10-05 17:17:12]
initSignal:0.0
[INFO -- 2018-10-05 17:17:12]
endSignal:5.0
[INFO -- 2018-10-05 17:17:12]
sending 5 signals using command: 'killall -2 fft_nn.out' after 0.308427336627s
[INFO -- 2018-10-05 17:17:13]
sending 5 signals using command: 'killall -2 fft_nn.out' after 0.577847769655s
[INFO -- 2018-10-05 17:17:15]
sending 5 signals using command: 'killall -2 fft_nn.out' after 3.07500456988s
[INFO -- 2018-10-05 17:17:32]
Execution finished before waitTime
