[INFO -- 2018-10-05 18:07:44]
Starting flip_value script
version: 1.1
[INFO -- 2018-10-05 18:07:44]
Initialization strings:
[INFO -- 2018-10-05 18:07:44]
(1) file /tmp/fft_nn/fft_nn.out
[INFO -- 2018-10-05 18:07:44]
(2) set args 32768 /tmp/fft_nn/output_falha.data
[INFO -- 2018-10-05 18:07:44]
initSignal:10
[INFO -- 2018-10-05 18:07:44]
endSignal:15
[INFO -- 2018-10-05 18:07:44]
faultModel:3
[INFO -- 2018-10-05 18:07:54]
Backtrace BEGIN:
#0  __mpn_mul_1 () at ../sysdeps/x86_64/mul_1.S:44
#1  0x00007ffff7011fef in str_to_mpn (str=0x7fffffffd4d5 "0e-01", str@entry=0x7fffffffd4c0 "1.93684831261634826660e-01", digcnt=<optimized out>, digcnt@entry=20, n=n@entry=0x7fffffffd3e0, nsize=nsize@entry=0x7fffffffd3b0, exponent=exponent@entry=0x7fffffffd3c0, decimal_len=decimal_len@entry=1, thousands=thousands@entry=0x0, decimal=<optimized out>) at strtod_l.c:420
#2  0x00007ffff7012c2b in __GI_____strtof_l_internal (nptr=<optimized out>, endptr=<optimized out>, group=<optimized out>, loc=<optimized out>) at strtod_l.c:1427
#3  0x00007ffff7011d60 in __GI___strtof_internal (nptr=<optimized out>, endptr=<optimized out>, group=<optimized out>) at strtod.c:54
#4  0x00007ffff702b948 in _IO_vfscanf_internal (s=s@entry=0x6062c0, format=<optimized out>, argptr=argptr@entry=0x7fffffffd8c8, errp=errp@entry=0x0) at vfscanf.c:2365
#5  0x00007ffff7032162 in __isoc99_fscanf (stream=0x6062c0, format=<optimized out>) at isoc99_fscanf.c:34
#6  0x00007ffff7bcf187 in fann_create_from_fd () from /usr/local/lib/libfann.so.2
#7  0x00007ffff7bcf608 in fann_create_from_file () from /usr/local/lib/libfann.so.2
#8  0x00000000004019b7 in radix2DitCooleyTykeyFft(int, int*, Complex*, Complex*) ()
#9  0x0000000000401631 in main ()

39	../sysdeps/x86_64/mul_1.S: Arquivo ou diretório não encontrado.

Backtrace END
Fliping a bit of the pointer
Memory content before bitflip:0x000x000x000x000x000x000x000x00
Fault Model: Zero bit-flip
base address to flip value: 0x7fffffffd320
address max offset: 8
Memory content after  bitflip:0x000x000x000x000x000x000x000x00
frame name: str_to_mpn
symbol name: thousands
symbol filename: strtod_l.c
symbol line: 340
value: 0x0
value address: 0x7fffffffd320
Type: The type is a pointer.
Type sizeof: 8

[INFO -- 2018-10-05 18:07:54]
Fault Injection Successful after 10.973724603652954s
[INFO -- 2018-10-05 18:08:04]
event type: exit
[INFO -- 2018-10-05 18:08:04]
exit code: 0
