[INFO -- 2018-11-30 22:53:37]
Starting flip_value script
version: 1.1
[INFO -- 2018-11-30 22:53:37]
Initialization strings:
[INFO -- 2018-11-30 22:53:37]
(1) file /home/lignati/carol-fi/codes/inversefulldup/inversek2j.nn.out
[INFO -- 2018-11-30 22:53:37]
(2) set args /home/lignati/carol-fi/codes/inversefulldup/input_250k /home/lignati/carol-fi/codes/inversefulldup/output_falha.data
[INFO -- 2018-11-30 22:53:37]
initSignal:0
[INFO -- 2018-11-30 22:53:37]
endSignal:25
[INFO -- 2018-11-30 22:53:37]
faultModel:3
[INFO -- 2018-11-30 22:53:38]
Backtrace BEGIN:
#0  0x00007ffff702a1cb in _IO_vfscanf_internal (s=s@entry=0x6085c0, format=<optimized out>, argptr=argptr@entry=0x7fffffffcf38, errp=errp@entry=0x0) at vfscanf.c:1729
#1  0x00007ffff7033162 in __isoc99_fscanf (stream=0x6085c0, format=<optimized out>) at isoc99_fscanf.c:34
#2  0x00007ffff7bcac42 in fann_create_from_fd () from /usr/local/lib/libfann.so.2
#3  0x00007ffff7bc8073 in fann_create_from_file () from /usr/local/lib/libfann.so.2
#4  0x0000000000402061 in inversek2j(float, float, float*, float*) ()
#5  0x000000000040179a in main ()

1724	vfscanf.c: No such file or directory.

Backtrace END
Fliping a bit of the pointer
Memory content before bitflip:0x000x000x000x000x000x000x000x00
Fault Model: Zero bit-flip
base address to flip value: 0x7fffffffcce8
address max offset: 8
Memory content after  bitflip:0x000x000x000x000x000x000x000x00
frame name: _IO_vfscanf_internal
symbol name: strptr
symbol filename: vfscanf.c
symbol line: 264
value: 0x0
value address: 0x7fffffffcce8
Type: The type is a pointer.
Type sizeof: 8

[INFO -- 2018-11-30 22:53:38]
Fault Injection Successful after 1.9899754524230957s
[INFO -- 2018-11-30 22:54:02]
event type: exit
[INFO -- 2018-11-30 22:54:02]
exit code: 0
