[INFO -- 2018-10-16 20:10:35]
Starting flip_value script
version: 1.1
[INFO -- 2018-10-16 20:10:35]
Initialization strings:
[INFO -- 2018-10-16 20:10:35]
(1) file /home/latansini/Desktop/trabalhoftf/carol-fi/sample-code/inverse_nn/inversek2j_nn.out
[INFO -- 2018-10-16 20:10:35]
(2) set args /home/latansini/Desktop/trabalhoftf/carol-fi/sample-code/inverse_nn/input_250k /home/latansini/Desktop/trabalhoftf/carol-fi/sample-code/inverse_nn/output_falha.data
[INFO -- 2018-10-16 20:10:35]
initSignal:6
[INFO -- 2018-10-16 20:10:35]
endSignal:8
[INFO -- 2018-10-16 20:10:35]
faultModel:3
[INFO -- 2018-10-16 20:10:41]
Backtrace BEGIN:
#0  0x00007ffff7057222 in __GI___libc_realloc (oldmem=0xaf7ec10, bytes=10) at malloc.c:2954
#1  0x00007ffff7bceedb in fann_create_from_fd () from /usr/local/lib/libfann.so.2
#2  0x00007ffff7bcf608 in fann_create_from_file () from /usr/local/lib/libfann.so.2
#3  0x000000000040199e in inversek2j(float, float, float*, float*) ()
#4  0x0000000000401631 in main ()

2949	malloc.c: Arquivo ou diretório não encontrado.

Backtrace END
Memory content before bitflip:0x000x000x000x00
Fault Model: Zero bit-flip
base address to flip value: 0x7ffff7398b20 
address max offset: 4
Memory content after  bitflip:0x000x000x000x00
frame name: __GI___libc_realloc
symbol name: list_lock
symbol filename: arena.c
symbol line: 78
value: 0
value address: 0x7ffff7398b20 <list_lock>
Type: The type is an integer type.
Type sizeof: 4

[INFO -- 2018-10-16 20:10:41]
Fault Injection Successful after 6.579321384429932s
[INFO -- 2018-10-16 20:10:45]
event type: exit
[INFO -- 2018-10-16 20:10:45]
exit code: 0
