[INFO -- 2018-11-30 15:16:22]
Starting flip_value script
version: 1.1
[INFO -- 2018-11-30 15:16:22]
Initialization strings:
[INFO -- 2018-11-30 15:16:22]
(1) file /home/lignati/carol-fi/codes/inversefulldup/inversek2j.nn.out
[INFO -- 2018-11-30 15:16:22]
(2) set args /home/lignati/carol-fi/codes/inversefulldup/input_250k /home/lignati/carol-fi/codes/inversefulldup/output_falha.data
[INFO -- 2018-11-30 15:16:22]
initSignal:0
[INFO -- 2018-11-30 15:16:22]
endSignal:25
[INFO -- 2018-11-30 15:16:22]
faultModel:3
[INFO -- 2018-11-30 15:16:23]
Backtrace BEGIN:
#0  _IO_vfscanf_internal (s=s@entry=0x6085c0, format=<optimized out>, argptr=argptr@entry=0x7fffffffcf38, errp=errp@entry=0x0) at vfscanf.c:430
#1  0x00007ffff7033162 in __isoc99_fscanf (stream=0x6085c0, format=<optimized out>) at isoc99_fscanf.c:34
#2  0x00007ffff7bc9d58 in fann_create_from_fd () from /usr/local/lib/libfann.so.2
#3  0x00007ffff7bc8073 in fann_create_from_file () from /usr/local/lib/libfann.so.2
#4  0x0000000000402061 in inversek2j(float, float, float*, float*) ()
#5  0x000000000040179a in main ()

425	vfscanf.c: No such file or directory.

Backtrace END
Memory content before bitflip:0x00
Fault Model: Zero bit-flip
base address to flip value: 0x7fffffffccd8
address max offset: 1
Memory content after  bitflip:0x00
frame name: _IO_vfscanf_internal
symbol name: use_malloc
symbol filename: vfscanf.c
symbol line: 275
value: false
value address: 0x7fffffffccd8
Type: A boolean type.
Type sizeof: 1

[INFO -- 2018-11-30 15:16:23]
Fault Injection Successful after 1.9308557510375977s
[INFO -- 2018-11-30 15:16:47]
event type: exit
[INFO -- 2018-11-30 15:16:47]
exit code: 0
