[INFO -- 2018-10-18 17:42:36]
Starting flip_value script
version: 1.1
[INFO -- 2018-10-18 17:42:36]
Initialization strings:
[INFO -- 2018-10-18 17:42:36]
(1) file /home/latansini/Desktop/trabalhoftf/carol-fi/sample-code/knn/nn-knl-files/nn
[INFO -- 2018-10-18 17:42:36]
(2) set args /home/latansini/Desktop/trabalhoftf/carol-fi/sample-code/knn/nn-knl-files/filelist 15 25 25 /home/latansini/Desktop/trabalhoftf/carol-fi/sample-code/knn/nn-knl-files/out15_25_25
[INFO -- 2018-10-18 17:42:36]
initSignal:2
[INFO -- 2018-10-18 17:42:36]
endSignal:3
[INFO -- 2018-10-18 17:42:36]
faultModel:2
[EXCEPTION -- 2018-10-18 17:42:38]
pythonException: invalid frame
[EXCEPTION -- 2018-10-18 17:42:38]
pythonException: invalid frame
[EXCEPTION -- 2018-10-18 17:42:38]
pythonException: invalid frame
[INFO -- 2018-10-18 17:42:38]
Backtrace BEGIN:
#0  0x00007ffff7300b7f in __GI_____strtod_l_internal (nptr=<optimized out>, endptr=<optimized out>, group=<optimized out>, loc=<optimized out>) at strtod_l.c:1516
#1  0x000000000040150f in main._omp_fn.0 () at nn.c:118
#2  0x0000000000401193 in main (argc=6, argv=0x7fffffffd8b8) at nn.c:115

1511	strtod_l.c: Arquivo ou diretório não encontrado.

Backtrace END
Memory content before bitflip:0x0a0x000x000x00
Fault Model: Random bit-flip
base address to flip value: 0x7fffffffd570
address max offset: 4
Memory content after  bitflip:0x7f0xf00x8a0xec
frame name: main._omp_fn.0
symbol name: rec_count
symbol filename: nn.c
symbol line: 31
value: -326438785
value address: 0x7fffffffd570
Type: The type is an integer type.
Type sizeof: 4

[INFO -- 2018-10-18 17:42:38]
Fault Injection Successful after 2.3462839126586914s
[INFO -- 2018-10-18 17:42:41]
event type: exit
[INFO -- 2018-10-18 17:42:41]
exit code: 0
