[INFO -- 2018-10-10 20:52:46]
Starting flip_value script
version: 1.1
[INFO -- 2018-10-10 20:52:46]
Initialization strings:
[INFO -- 2018-10-10 20:52:46]
(1) file /tmp/fft_nn/fft_nn.out
[INFO -- 2018-10-10 20:52:46]
(2) set args 32768 /tmp/fft_nn/output_falha.data
[INFO -- 2018-10-10 20:52:46]
initSignal:5
[INFO -- 2018-10-10 20:52:46]
endSignal:10
[INFO -- 2018-10-10 20:52:46]
faultModel:1
[INFO -- 2018-10-10 20:52:53]
Backtrace BEGIN:
#0  0x00007ffff70298b5 in _IO_vfscanf_internal (s=s@entry=0x6062c0, format=<optimized out>, argptr=argptr@entry=0x7fffffffd408, errp=errp@entry=0x0) at vfscanf.c:2119
#1  0x00007ffff7032162 in __isoc99_fscanf (stream=0x6062c0, format=<optimized out>) at isoc99_fscanf.c:34
#2  0x00007ffff7bcef44 in fann_create_from_fd () from /usr/local/lib/libfann.so.2
#3  0x00007ffff7bcf608 in fann_create_from_file () from /usr/local/lib/libfann.so.2
#4  0x00000000004019b7 in radix2DitCooleyTykeyFft(int, int*, Complex*, Complex*) ()
#5  0x0000000000401631 in main ()

2114	vfscanf.c: Arquivo ou diretório não encontrado.

Backtrace END
Fliping value of field: __canceltype
Memory content before bitflip:0x000x000x000x00
Fault Model: Double bit-flip
base address to flip value: 0x7fffffffd290
address max offset: 4
Memory content after  bitflip:0x000x000x480x00
frame name: _IO_vfscanf_internal
symbol name: _buffer
symbol filename: vfscanf.c
symbol line: 358
value: {__routine = 0x7ffff7031cc0 <__funlockfile>, __arg = 0x6062c0, __canceltype = 4718592, __prev = 0x0}
value address: 0x7fffffffd280
Type: The type is a structure.
Type sizeof: 32
Field name: __routine
Field Type: The type is a pointer.
Field Type sizeof: 8
Field name: __arg
Field Type: The type is a pointer.
Field Type sizeof: 8
Field name: __canceltype
Field Type: The type is an integer type.
Field Type sizeof: 4
Field name: __prev
Field Type: The type is a pointer.
Field Type sizeof: 8

[INFO -- 2018-10-10 20:52:53]
Fault Injection Successful after 7.399834632873535s
[INFO -- 2018-10-10 20:53:06]
event type: exit
[INFO -- 2018-10-10 20:53:06]
exit code: 0
