[INFO -- 2018-10-15 19:40:57]
Starting flip_value script
version: 1.1
[INFO -- 2018-10-15 19:40:57]
Initialization strings:
[INFO -- 2018-10-15 19:40:57]
(1) file /home/latansini/Desktop/trabalhoftf/carol-fi/sample-code/inverse_nn/inversek2j_nn.out
[INFO -- 2018-10-15 19:40:57]
(2) set args /home/latansini/Desktop/trabalhoftf/carol-fi/sample-code/inverse_nn/input_250k /home/latansini/Desktop/trabalhoftf/carol-fi/sample-code/inverse_nn/output_falha.data
[INFO -- 2018-10-15 19:40:57]
initSignal:6
[INFO -- 2018-10-15 19:40:57]
endSignal:8
[INFO -- 2018-10-15 19:40:57]
faultModel:3
[INFO -- 2018-10-15 19:41:03]
Backtrace BEGIN:
#0  0x00007ffff7029276 in _IO_vfscanf_internal (s=s@entry=0x608610, format=<optimized out>, argptr=argptr@entry=0x7fffffffd0d8, errp=errp@entry=0x0) at vfscanf.c:1811
#1  0x00007ffff7032162 in __isoc99_fscanf (stream=0x608610, format=<optimized out>) at isoc99_fscanf.c:34
#2  0x00007ffff7bcf0eb in fann_create_from_fd () from /usr/local/lib/libfann.so.2
#3  0x00007ffff7bcf608 in fann_create_from_file () from /usr/local/lib/libfann.so.2
#4  0x000000000040199e in inversek2j(float, float, float*, float*) ()
#5  0x0000000000401631 in main ()

1806	vfscanf.c: Arquivo ou diretório não encontrado.

Backtrace END
Memory content before bitflip:0x0a0x000x000x00
Fault Model: Zero bit-flip
base address to flip value: 0x7fffffffced8
address max offset: 4
Memory content after  bitflip:0x000x000x000x00
frame name: _IO_vfscanf_internal
symbol name: width
symbol filename: vfscanf.c
symbol line: 221
value: 0
value address: 0x7fffffffced8
Type: The type is an integer type.
Type sizeof: 4

[INFO -- 2018-10-15 19:41:03]
Fault Injection Successful after 6.968666076660156s
[INFO -- 2018-10-15 19:41:07]
event type: exit
[INFO -- 2018-10-15 19:41:07]
exit code: 0
