[INFO -- 2018-12-09 15:57:51]
sending 5 signals using command: 'killall -2 nn' after 0.445751076199s
[INFO -- 2018-12-09 15:57:52]
sending 5 signals using command: 'killall -2 nn' after 0.784950520134s
[INFO -- 2018-12-09 15:57:52]
sending 5 signals using command: 'killall -2 nn' after 0.962386177781s
[INFO -- 2018-12-09 15:57:52]
Starting GDB script
[INFO -- 2018-12-09 15:57:52]
initSignal:0.0
[INFO -- 2018-12-09 15:57:52]
endSignal:1.0
[INFO -- 2018-12-09 15:57:52]
sending 5 signals using command: 'killall -2 nn' after 0.0194908054155s
[INFO -- 2018-12-09 15:57:52]
sending 5 signals using command: 'killall -2 nn' after 0.0729669286651s
[INFO -- 2018-12-09 15:57:52]
sending 5 signals using command: 'killall -2 nn' after 0.114523012385s
[INFO -- 2018-12-09 15:57:52]
Execution finished before waitTime
