[INFO -- 2018-10-19 10:54:38]
Starting flip_value script
version: 1.1
[INFO -- 2018-10-19 10:54:38]
Initialization strings:
[INFO -- 2018-10-19 10:54:38]
(1) file /home/latansini/Desktop/trabalhoftf/carol-fi/sample-code/knn/nn-knl-files/nn
[INFO -- 2018-10-19 10:54:38]
(2) set args /home/latansini/Desktop/trabalhoftf/carol-fi/sample-code/knn/nn-knl-files/filelist 15 25 25 /home/latansini/Desktop/trabalhoftf/carol-fi/sample-code/knn/nn-knl-files/out15_25_25
[INFO -- 2018-10-19 10:54:38]
initSignal:2
[INFO -- 2018-10-19 10:54:38]
endSignal:3
[INFO -- 2018-10-19 10:54:38]
faultModel:2
[EXCEPTION -- 2018-10-19 10:54:41]
pythonException: invalid frame
[EXCEPTION -- 2018-10-19 10:54:41]
pythonException: invalid frame
[EXCEPTION -- 2018-10-19 10:54:41]
pythonException: invalid frame
[INFO -- 2018-10-19 10:54:41]
Backtrace BEGIN:
#0  0x00007ffff78bdc0b in ?? () from /usr/lib/x86_64-linux-gnu/libgomp.so.1
#1  0x00007ffff78bc0e2 in ?? () from /usr/lib/x86_64-linux-gnu/libgomp.so.1
#2  0x0000000000401184 in main (argc=6, argv=0x7fffffffd8b8) at nn.c:115

20	* This program finds the k-nearest neighbors
21	* Usage:	./nn <filelist> <num> <target latitude> <target longitude> <out filename>
22	*			filelist: File with the filenames to the records
23	*			num: Number of nearest neighbors to find
24	*			target lat: Latitude coordinate for distance calculations
25	*			target long: Longitude coordinate for distance calculations
26	* The filelist and data are generated by hurricane_gen.c
27	* REC_WINDOW has been arbitrarily assigned; A larger value would allow more work for the threads
28	*/
29	int main(int argc, char* argv[]) {

Backtrace END
Memory content before bitflip:0xb50xd80x7c0x000x000x000x000x00
Fault Model: Random bit-flip
base address to flip value: 0x7fffffffd530
address max offset: 8
Memory content after  bitflip:0x400x4f0x1c0x0e0x490x960x230x95
frame name: main
symbol name: rec_sum
symbol filename: nn.c
symbol line: 36
value: -7700145697359900864
value address: 0x7fffffffd530
Type: The type is an integer type.
Type sizeof: 8

[INFO -- 2018-10-19 10:54:41]
Fault Injection Successful after 3.143556594848633s
[INFO -- 2018-10-19 10:54:44]
event type: exit
[INFO -- 2018-10-19 10:54:44]
exit code: 0
