[INFO -- 2018-10-11 15:51:38]
sending 5 signals using command: 'killall -2 fft_nn.out' after 20.9425920785s
[INFO -- 2018-10-11 15:51:39]
sending 5 signals using command: 'killall -2 fft_nn.out' after 21.3671093352s
[INFO -- 2018-10-11 15:51:40]
sending 5 signals using command: 'killall -2 fft_nn.out' after 22.1787279508s
[INFO -- 2018-10-11 15:51:40]
Starting GDB script
[INFO -- 2018-10-11 15:51:40]
initSignal:0.0
[INFO -- 2018-10-11 15:51:40]
endSignal:5.0
[INFO -- 2018-10-11 15:51:41]
sending 5 signals using command: 'killall -2 fft_nn.out' after 1.60259765501s
[INFO -- 2018-10-11 15:51:42]
sending 5 signals using command: 'killall -2 fft_nn.out' after 2.44492115277s
[INFO -- 2018-10-11 15:51:43]
sending 5 signals using command: 'killall -2 fft_nn.out' after 3.63179186514s
[INFO -- 2018-10-11 15:52:01]
Execution finished before waitTime
