[INFO -- 2018-12-01 01:01:55]
Starting flip_value script
version: 1.1
[INFO -- 2018-12-01 01:01:55]
Initialization strings:
[INFO -- 2018-12-01 01:01:55]
(1) file /home/lignati/carol-fi/codes/inversefulldup/inversek2j.nn.out
[INFO -- 2018-12-01 01:01:55]
(2) set args /home/lignati/carol-fi/codes/inversefulldup/input_250k /home/lignati/carol-fi/codes/inversefulldup/output_falha.data
[INFO -- 2018-12-01 01:01:55]
initSignal:0
[INFO -- 2018-12-01 01:01:55]
endSignal:25
[INFO -- 2018-12-01 01:01:55]
faultModel:1
[INFO -- 2018-12-01 01:02:02]
Backtrace BEGIN:
#0  __GI_____strtoul_l_internal (nptr=nptr@entry=0x7fffffffcb30 "3", endptr=endptr@entry=0x7fffffffcd60, base=10, group=group@entry=0, loc=0x7ffff7398060 <_nl_global_locale>) at ../stdlib/strtol_l.c:232
#1  0x00007ffff7012410 in __GI___strtoul_internal (nptr=nptr@entry=0x7fffffffcb30 "3", endptr=endptr@entry=0x7fffffffcd60, base=<optimized out>, group=group@entry=0) at ../stdlib/strtol.c:97
#2  0x00007ffff702af02 in _IO_vfscanf_internal (s=s@entry=0x6085c0, format=<optimized out>, argptr=argptr@entry=0x7fffffffcf38, errp=errp@entry=0x0) at vfscanf.c:1827
#3  0x00007ffff7033162 in __isoc99_fscanf (stream=0x6085c0, format=<optimized out>) at isoc99_fscanf.c:34
#4  0x00007ffff7bcaadf in fann_create_from_fd () from /usr/local/lib/libfann.so.2
#5  0x00007ffff7bc8073 in fann_create_from_file () from /usr/local/lib/libfann.so.2
#6  0x0000000000402061 in inversek2j(float, float, float*, float*) ()
#7  0x000000000040179a in main ()

227	../stdlib/strtol_l.c: No such file or directory.

Backtrace END
Memory content before bitflip:0x000x000x000x00
Fault Model: Double bit-flip
base address to flip value: 0x7fffffffcd00
address max offset: 4
Memory content after  bitflip:0xa00x000x000x00
frame name: _IO_vfscanf_internal
symbol name: flags
symbol filename: vfscanf.c
symbol line: 222
value: 160
value address: 0x7fffffffcd00
Type: The type is an integer type.
Type sizeof: 4

[INFO -- 2018-12-01 01:02:02]
Fault Injection Successful after 7.5481953620910645s
[INFO -- 2018-12-01 01:02:20]
event type: exit
[INFO -- 2018-12-01 01:02:20]
exit code: 0
