[INFO -- 2018-12-09 14:48:08]
Starting flip_value script
version: 1.1
[INFO -- 2018-12-09 14:48:08]
Initialization strings:
[INFO -- 2018-12-09 14:48:08]
(1) file /home/melkor/ETAPA2/dup_nn/nn-knl-files/nn
[INFO -- 2018-12-09 14:48:08]
(2) set args /home/melkor/ETAPA2/dup_nn/nn-knl-files/filelist 20 5 5 /home/melkor/ETAPA2/dup_nn/nn-knl-files/out20_5_5
[INFO -- 2018-12-09 14:48:08]
initSignal:0
[INFO -- 2018-12-09 14:48:08]
endSignal:1
[INFO -- 2018-12-09 14:48:08]
faultModel:1
[EXCEPTION -- 2018-12-09 14:48:09]
pythonException: invalid frame
[EXCEPTION -- 2018-12-09 14:48:09]
pythonException: invalid frame
[EXCEPTION -- 2018-12-09 14:48:09]
gdbException: A syntax error in expression, near `...'.
[EXCEPTION -- 2018-12-09 14:48:09]
pythonException: invalid frame
[EXCEPTION -- 2018-12-09 14:48:09]
pythonException: invalid frame
[EXCEPTION -- 2018-12-09 14:48:09]
pythonException: invalid frame
[EXCEPTION -- 2018-12-09 14:48:09]
pythonException: invalid frame
[INFO -- 2018-12-09 14:48:09]
Backtrace BEGIN:
#0  0x00007ffff7820eeb in ?? () from /usr/lib/x86_64-linux-gnu/libgomp.so.1
#1  0x00007ffff781f392 in ?? () from /usr/lib/x86_64-linux-gnu/libgomp.so.1
#2  0x00007ffff7815eca in GOMP_parallel () from /usr/lib/x86_64-linux-gnu/libgomp.so.1
#3  0x00005555555555ed in main (argc=6, argv=0x7fffffffdf08) at nn.c:196

88	    char * gold_filename;
89	    long rec_sum = 0;
90		
91		//OBS: variaveis duplicadas
92		float target_lat_dup, target_long_dup; 
93		int done_dup=0, k_dup=0;
94		struct neighbor *neighbors_dup = NULL;
95	
96	    if(argc < 6) {
97	        fprintf(stderr, "Invalid set of arguments:\n");

Backtrace END
Memory content before bitflip:0x0a0x000x000x00
Fault Model: Double bit-flip
base address to flip value: 0x7fffffffdb34
address max offset: 4
Memory content after  bitflip:0x0a0x000x000x44
frame name: main
symbol name: i
symbol filename: nn.c
symbol line: 84
value: 1140850698
value address: 0x7fffffffdb34
Type: The type is an integer type.
Type sizeof: 4

[INFO -- 2018-12-09 14:48:09]
Fault Injection Successful after 1.31632661819458s
[INFO -- 2018-12-09 14:48:09]
event type: exit
[INFO -- 2018-12-09 14:48:09]
exit code: 0
