[INFO -- 2018-10-06 23:12:48]
sending 5 signals using command: 'killall -2 fft_nn.out' after 21.0261340907s
[INFO -- 2018-10-06 23:12:50]
sending 5 signals using command: 'killall -2 fft_nn.out' after 22.9063943611s
[INFO -- 2018-10-06 23:12:51]
sending 5 signals using command: 'killall -2 fft_nn.out' after 24.1645491776s
[INFO -- 2018-10-06 23:12:51]
Starting GDB script
[INFO -- 2018-10-06 23:12:51]
initSignal:0.0
[INFO -- 2018-10-06 23:12:51]
endSignal:5.0
[INFO -- 2018-10-06 23:12:53]
sending 5 signals using command: 'killall -2 fft_nn.out' after 2.09955161669s
[INFO -- 2018-10-06 23:12:53]
sending 5 signals using command: 'killall -2 fft_nn.out' after 2.1583399637s
[INFO -- 2018-10-06 23:12:54]
sending 5 signals using command: 'killall -2 fft_nn.out' after 2.79837145394s
[INFO -- 2018-10-06 23:13:11]
Execution finished before waitTime
