[INFO -- 2018-12-01 00:42:50]
Starting flip_value script
version: 1.1
[INFO -- 2018-12-01 00:42:50]
Initialization strings:
[INFO -- 2018-12-01 00:42:50]
(1) file /home/lignati/carol-fi/codes/inversefulldup/inversek2j.nn.out
[INFO -- 2018-12-01 00:42:50]
(2) set args /home/lignati/carol-fi/codes/inversefulldup/input_250k /home/lignati/carol-fi/codes/inversefulldup/output_falha.data
[INFO -- 2018-12-01 00:42:50]
initSignal:0
[INFO -- 2018-12-01 00:42:50]
endSignal:25
[INFO -- 2018-12-01 00:42:50]
faultModel:0
[INFO -- 2018-12-01 00:42:57]
Backtrace BEGIN:
#0  round_and_return (retval=0x7fffffffca40, exponent=1, negative=negative@entry=0, round_limb=round_limb@entry=1591859740554559488, round_bit=41, more_bits=1) at strtod_l.c:202
#1  0x00007ffff7014332 in __GI_____strtof_l_internal (nptr=<optimized out>, endptr=<optimized out>, group=<optimized out>, loc=<optimized out>) at strtod_l.c:1613
#2  0x00007ffff7012d60 in __GI___strtof_internal (nptr=<optimized out>, endptr=<optimized out>, group=<optimized out>) at strtod.c:54
#3  0x00007ffff702c948 in _IO_vfscanf_internal (s=s@entry=0x6085c0, format=<optimized out>, argptr=argptr@entry=0x7fffffffcf38, errp=errp@entry=0x0) at vfscanf.c:2365
#4  0x00007ffff7033162 in __isoc99_fscanf (stream=0x6085c0, format=<optimized out>) at isoc99_fscanf.c:34
#5  0x00007ffff7bcac42 in fann_create_from_fd () from /usr/local/lib/libfann.so.2
#6  0x00007ffff7bc8073 in fann_create_from_file () from /usr/local/lib/libfann.so.2
#7  0x0000000000402061 in inversek2j(float, float, float*, float*) ()
#8  0x000000000040179a in main ()

197	strtod_l.c: No such file or directory.

Backtrace END
Memory content before bitflip:0x020x000x000x000x000x000x000x00
Fault Model: Single bit-flip
base address to flip value: 0x7fffffffca20
address max offset: 8
Memory content after  bitflip:0x020x400x000x000x000x000x000x00
frame name: __GI_____strtof_l_internal
symbol name: numsize
symbol filename: strtod_l.c
symbol line: 485
value: 16386
value address: 0x7fffffffca20
Type: The type is an integer type.
Type sizeof: 8

[INFO -- 2018-12-01 00:42:57]
Fault Injection Successful after 7.008633613586426s
[INFO -- 2018-12-01 00:43:15]
event type: exit
[INFO -- 2018-12-01 00:43:15]
exit code: 0
