[INFO -- 2018-10-09 11:09:20]
Starting flip_value script
version: 1.1
[INFO -- 2018-10-09 11:09:20]
Initialization strings:
[INFO -- 2018-10-09 11:09:20]
(1) file /tmp/fft_nn/fft_nn.out
[INFO -- 2018-10-09 11:09:20]
(2) set args 32768 /tmp/fft_nn/output_falha.data
[INFO -- 2018-10-09 11:09:20]
initSignal:5
[INFO -- 2018-10-09 11:09:20]
endSignal:10
[INFO -- 2018-10-09 11:09:20]
faultModel:1
[EXCEPTION -- 2018-10-09 11:09:26]
gdbException: Tentativo de desreferenciar um ponteiro genérico.
[EXCEPTION -- 2018-10-09 11:09:26]
gdbException: Tentativo de desreferenciar um ponteiro genérico.
[EXCEPTION -- 2018-10-09 11:09:26]
gdbException: Tentativo de desreferenciar um ponteiro genérico.
[INFO -- 2018-10-09 11:09:26]
Backtrace BEGIN:
#0  0x00007ffff7029722 in _IO_vfscanf_internal (s=s@entry=0x6062c0, format=<optimized out>, argptr=argptr@entry=0x7fffffffd408, errp=errp@entry=0x0) at vfscanf.c:1873
#1  0x00007ffff7032162 in __isoc99_fscanf (stream=0x6062c0, format=<optimized out>) at isoc99_fscanf.c:34
#2  0x00007ffff7bcef44 in fann_create_from_fd () from /usr/local/lib/libfann.so.2
#3  0x00007ffff7bcf608 in fann_create_from_file () from /usr/local/lib/libfann.so.2
#4  0x00000000004019b7 in radix2DitCooleyTykeyFft(int, int*, Complex*, Complex*) ()
#5  0x0000000000401631 in main ()

1868	in vfscanf.c

Backtrace END
Fliping a bit of the value pointed by a pointer
Memory content before bitflip:0x00
Fault Model: Double bit-flip
base address to flip value: 0x7fffffffd001 
address max offset: 1
Memory content after  bitflip:0x0a
frame name: _IO_vfscanf_internal
symbol name: tw
symbol filename: vfscanf.c
symbol line: 271
value: 0x7fffffffd001 "\n"
value address: 0x7fffffffd230
Type: The type is a pointer.
Type sizeof: 8

[INFO -- 2018-10-09 11:09:26]
Fault Injection Successful after 6.720881938934326s
[INFO -- 2018-10-09 11:09:40]
event type: exit
[INFO -- 2018-10-09 11:09:40]
exit code: 0
