[INFO -- 2018-10-11 04:04:53]
sending 5 signals using command: 'killall -2 fft_nn.out' after 21.6442884121s
[INFO -- 2018-10-11 04:04:53]
sending 5 signals using command: 'killall -2 fft_nn.out' after 22.1595832065s
[INFO -- 2018-10-11 04:04:55]
sending 5 signals using command: 'killall -2 fft_nn.out' after 23.9140801793s
[INFO -- 2018-10-11 04:04:55]
Starting GDB script
[INFO -- 2018-10-11 04:04:55]
initSignal:0.0
[INFO -- 2018-10-11 04:04:55]
endSignal:5.0
[INFO -- 2018-10-11 04:04:57]
sending 5 signals using command: 'killall -2 fft_nn.out' after 1.91805855634s
[INFO -- 2018-10-11 04:04:58]
sending 5 signals using command: 'killall -2 fft_nn.out' after 2.48407297032s
[INFO -- 2018-10-11 04:04:59]
sending 5 signals using command: 'killall -2 fft_nn.out' after 3.19303901736s
[INFO -- 2018-10-11 04:05:16]
Execution finished before waitTime
