[INFO -- 2018-12-03 14:41:39]
Starting flip_value script
version: 1.1
[INFO -- 2018-12-03 14:41:39]
Initialization strings:
[INFO -- 2018-12-03 14:41:39]
(1) file /home/latansini/carol-fi/carol-fi/codes/nnfulldup/nn-knl-files/nn
[INFO -- 2018-12-03 14:41:39]
(2) set args /home/latansini/carol-fi/carol-fi/codes/nnfulldup/nn-knl-files/filelist 20 5 5 /home/latansini/carol-fi/carol-fi/codes/nnfulldup/nn-knl-files/out20_5_5
[INFO -- 2018-12-03 14:41:39]
initSignal:0
[INFO -- 2018-12-03 14:41:39]
endSignal:2
[INFO -- 2018-12-03 14:41:39]
faultModel:4
[INFO -- 2018-12-03 14:41:40]
Backtrace BEGIN:
#0  __GI_____strtod_l_internal (nptr=<optimized out>, endptr=0x0, group=<optimized out>, loc=0x7ffff76a2f20 <_nl_global_locale>) at strtod_l.c:1090
#1  0x000000000040156a in nn_wrapper._omp_fn.0 () at nn.c:100
#2  0x00007ffff78ce7df in GOMP_parallel () from /usr/lib/x86_64-linux-gnu/libgomp.so.1
#3  0x0000000000400f98 in nn_wrapper (filename=0x7fffffffe7d7 "/home/latansini/carol-fi/carol-fi/codes/nnfulldup/nn-knl-files/filelist", k=20, target_lat=5, target_long=5) at nn.c:97
#4  0x000000000040148d in main (argc=6, argv=0x7fffffffe568) at nn.c:195

1085	strtod_l.c: No such file or directory.

Backtrace END
Memory content before bitflip:0x000x000xa00x40
Fault Model: LSB bit-flip
base address to flip value: 0x7fffffffe180
address max offset: 4
Memory content after  bitflip:0x000x000xa00x00
frame name: nn_wrapper
symbol name: target_lat
symbol filename: nn.c
symbol line: 28
value: 1.46936794e-38
value address: 0x7fffffffe180
Type: A floating point type.
Type sizeof: 4

[INFO -- 2018-12-03 14:41:40]
Fault Injection Successful after 1.33057904243s
[INFO -- 2018-12-03 14:41:42]
event type: exit
[INFO -- 2018-12-03 14:41:42]
exit code: 0
