[INFO -- 2018-10-11 17:54:18]
sending 5 signals using command: 'killall -2 fft_nn.out' after 21.6384512242s
[INFO -- 2018-10-11 17:54:18]
sending 5 signals using command: 'killall -2 fft_nn.out' after 21.9220689711s
[INFO -- 2018-10-11 17:54:18]
sending 5 signals using command: 'killall -2 fft_nn.out' after 21.956411528s
[INFO -- 2018-10-11 17:54:18]
Starting GDB script
[INFO -- 2018-10-11 17:54:18]
initSignal:0.0
[INFO -- 2018-10-11 17:54:18]
endSignal:5.0
[INFO -- 2018-10-11 17:54:20]
sending 5 signals using command: 'killall -2 fft_nn.out' after 1.58380442703s
[INFO -- 2018-10-11 17:54:20]
sending 5 signals using command: 'killall -2 fft_nn.out' after 1.68302660202s
[INFO -- 2018-10-11 17:54:23]
sending 5 signals using command: 'killall -2 fft_nn.out' after 4.25047957789s
[INFO -- 2018-10-11 17:54:39]
Execution finished before waitTime
