[INFO -- 2018-10-16 22:00:04]
Starting flip_value script
version: 1.1
[INFO -- 2018-10-16 22:00:04]
Initialization strings:
[INFO -- 2018-10-16 22:00:04]
(1) file /home/latansini/Desktop/trabalhoftf/carol-fi/sample-code/inverse_nn/inversek2j_nn.out
[INFO -- 2018-10-16 22:00:04]
(2) set args /home/latansini/Desktop/trabalhoftf/carol-fi/sample-code/inverse_nn/input_250k /home/latansini/Desktop/trabalhoftf/carol-fi/sample-code/inverse_nn/output_falha.data
[INFO -- 2018-10-16 22:00:04]
initSignal:4
[INFO -- 2018-10-16 22:00:04]
endSignal:6
[INFO -- 2018-10-16 22:00:04]
faultModel:2
[EXCEPTION -- 2018-10-16 22:00:09]
gdbException: Tentativo de desreferenciar um ponteiro genérico.
[INFO -- 2018-10-16 22:00:09]
Backtrace BEGIN:
#0  str_to_mpn (str=0x7fffffffccd8 "65463256835938e+00", str@entry=0x7fffffffccd1 ".42421865463256835938e+00", digcnt=15, digcnt@entry=20, n=n@entry=0x7fffffffcbf0, nsize=nsize@entry=0x7fffffffcbc0, exponent=exponent@entry=0x7fffffffcbd0, decimal_len=decimal_len@entry=1, thousands=thousands@entry=0x0, decimal=<optimized out>) at strtod_l.c:399
#1  0x00007ffff7012c2b in __GI_____strtof_l_internal (nptr=<optimized out>, endptr=<optimized out>, group=<optimized out>, loc=<optimized out>) at strtod_l.c:1427
#2  0x00007ffff7011d60 in __GI___strtof_internal (nptr=<optimized out>, endptr=<optimized out>, group=<optimized out>) at strtod.c:54
#3  0x00007ffff702b948 in _IO_vfscanf_internal (s=s@entry=0x608610, format=<optimized out>, argptr=argptr@entry=0x7fffffffd0d8, errp=errp@entry=0x0) at vfscanf.c:2365
#4  0x00007ffff7032162 in __isoc99_fscanf (stream=0x608610, format=<optimized out>) at isoc99_fscanf.c:34
#5  0x00007ffff7bcf187 in fann_create_from_fd () from /usr/local/lib/libfann.so.2
#6  0x00007ffff7bcf608 in fann_create_from_file () from /usr/local/lib/libfann.so.2
#7  0x000000000040199e in inversek2j(float, float, float*, float*) ()
#8  0x0000000000401631 in main ()

394	strtod_l.c: Arquivo ou diretório não encontrado.

Backtrace END
Memory content before bitflip:0x000x000x000x00
Fault Model: Random bit-flip
base address to flip value: 0x7fffffffcb50
address max offset: 4
Memory content after  bitflip:0x5c0x090xbe0xfb
frame name: __GI_____strtof_l_internal
symbol name: negative
symbol filename: strtod_l.c
symbol line: 484
value: -71431844
value address: 0x7fffffffcb50
Type: The type is an integer type.
Type sizeof: 4

[INFO -- 2018-10-16 22:00:09]
Fault Injection Successful after 5.250775098800659s
[INFO -- 2018-10-16 22:00:15]
event type: exit
[INFO -- 2018-10-16 22:00:15]
exit code: 0
