[INFO -- 2018-10-07 09:47:47]
sending 5 signals using command: 'killall -2 fft_nn.out' after 22.1075823567s
[INFO -- 2018-10-07 09:47:49]
sending 5 signals using command: 'killall -2 fft_nn.out' after 23.797629106s
[INFO -- 2018-10-07 09:47:50]
sending 5 signals using command: 'killall -2 fft_nn.out' after 24.6772444799s
[INFO -- 2018-10-07 09:47:50]
Starting GDB script
[INFO -- 2018-10-07 09:47:50]
initSignal:0.0
[INFO -- 2018-10-07 09:47:50]
endSignal:5.0
[INFO -- 2018-10-07 09:47:52]
sending 5 signals using command: 'killall -2 fft_nn.out' after 1.75205372207s
[INFO -- 2018-10-07 09:47:53]
sending 5 signals using command: 'killall -2 fft_nn.out' after 3.55885119015s
[INFO -- 2018-10-07 09:47:54]
sending 5 signals using command: 'killall -2 fft_nn.out' after 3.63354672421s
[INFO -- 2018-10-07 09:48:10]
Execution finished before waitTime
