[INFO -- 2018-10-16 01:21:36]
Starting flip_value script
version: 1.1
[INFO -- 2018-10-16 01:21:36]
Initialization strings:
[INFO -- 2018-10-16 01:21:36]
(1) file /home/latansini/Desktop/trabalhoftf/carol-fi/sample-code/inverse_nn/inversek2j_nn.out
[INFO -- 2018-10-16 01:21:36]
(2) set args /home/latansini/Desktop/trabalhoftf/carol-fi/sample-code/inverse_nn/input_250k /home/latansini/Desktop/trabalhoftf/carol-fi/sample-code/inverse_nn/output_falha.data
[INFO -- 2018-10-16 01:21:36]
initSignal:8
[INFO -- 2018-10-16 01:21:36]
endSignal:10
[INFO -- 2018-10-16 01:21:36]
faultModel:4
[EXCEPTION -- 2018-10-16 01:21:44]
gdbException: Tentativo de desreferenciar um ponteiro genérico.
[INFO -- 2018-10-16 01:21:44]
Backtrace BEGIN:
#0  __GI_____strtoul_l_internal (nptr=nptr@entry=0x7fffffffccd0 "17", endptr=endptr@entry=0x7fffffffcf00, base=<optimized out>, group=group@entry=0, loc=<optimized out>) at ../stdlib/strtol_l.c:473
#1  0x00007ffff7011410 in __GI___strtoul_internal (nptr=nptr@entry=0x7fffffffccd0 "17", endptr=endptr@entry=0x7fffffffcf00, base=<optimized out>, group=group@entry=0) at ../stdlib/strtol.c:97
#2  0x00007ffff7029f02 in _IO_vfscanf_internal (s=s@entry=0x608610, format=<optimized out>, argptr=argptr@entry=0x7fffffffd0d8, errp=errp@entry=0x0) at vfscanf.c:1827
#3  0x00007ffff7032162 in __isoc99_fscanf (stream=0x608610, format=<optimized out>) at isoc99_fscanf.c:34
#4  0x00007ffff7bcf0eb in fann_create_from_fd () from /usr/local/lib/libfann.so.2
#5  0x00007ffff7bcf608 in fann_create_from_file () from /usr/local/lib/libfann.so.2
#6  0x000000000040199e in inversek2j(float, float, float*, float*) ()
#7  0x0000000000401631 in main ()

468	../stdlib/strtol_l.c: Arquivo ou diretório não encontrado.

Backtrace END
Fliping a bit of the pointer
Memory content before bitflip:0xea0xcc0xff0xff0xff0x7f0x000x00
Fault Model: LSB bit-flip
base address to flip value: 0x7fffffffcf00
address max offset: 8
Memory content after  bitflip:0xea0xcc0xff0xff0xff0x7f0x000x01
frame name: _IO_vfscanf_internal
symbol name: tw
symbol filename: vfscanf.c
symbol line: 271
value: 0x7fffffffccea ""
value address: 0x7fffffffcf00
Type: The type is a pointer.
Type sizeof: 8

[INFO -- 2018-10-16 01:21:44]
Fault Injection Successful after 8.892062187194824s
[INFO -- 2018-10-16 01:21:46]
event type: exit
[INFO -- 2018-10-16 01:21:46]
exit code: 0
