[INFO -- 2018-10-12 07:52:16]
sending 5 signals using command: 'killall -2 fft_nn.out' after 22.504659683s
[INFO -- 2018-10-12 07:52:17]
sending 5 signals using command: 'killall -2 fft_nn.out' after 23.6775863545s
[INFO -- 2018-10-12 07:52:18]
sending 5 signals using command: 'killall -2 fft_nn.out' after 24.5500669869s
[INFO -- 2018-10-12 07:52:18]
Starting GDB script
[INFO -- 2018-10-12 07:52:18]
initSignal:0.0
[INFO -- 2018-10-12 07:52:18]
endSignal:5.0
[INFO -- 2018-10-12 07:52:19]
sending 5 signals using command: 'killall -2 fft_nn.out' after 0.858082753894s
[INFO -- 2018-10-12 07:52:19]
sending 5 signals using command: 'killall -2 fft_nn.out' after 1.02005960771s
[INFO -- 2018-10-12 07:52:22]
sending 5 signals using command: 'killall -2 fft_nn.out' after 3.90122865997s
[INFO -- 2018-10-12 07:52:39]
Execution finished before waitTime
