[INFO -- 2018-10-10 07:01:16]
sending 5 signals using command: 'killall -2 fft_nn.out' after 22.6544357713s
[INFO -- 2018-10-10 07:01:16]
sending 5 signals using command: 'killall -2 fft_nn.out' after 22.8184597646s
[INFO -- 2018-10-10 07:01:17]
sending 5 signals using command: 'killall -2 fft_nn.out' after 23.9609156462s
[INFO -- 2018-10-10 07:01:17]
Starting GDB script
[INFO -- 2018-10-10 07:01:17]
initSignal:0.0
[INFO -- 2018-10-10 07:01:17]
endSignal:5.0
[INFO -- 2018-10-10 07:01:19]
sending 5 signals using command: 'killall -2 fft_nn.out' after 1.72468220486s
[INFO -- 2018-10-10 07:01:20]
sending 5 signals using command: 'killall -2 fft_nn.out' after 2.27849988102s
[INFO -- 2018-10-10 07:01:21]
sending 5 signals using command: 'killall -2 fft_nn.out' after 3.77593174885s
[INFO -- 2018-10-10 07:01:38]
Execution finished before waitTime
