[INFO -- 2018-10-11 14:40:18]
sending 5 signals using command: 'killall -2 fft_nn.out' after 23.1355910267s
[INFO -- 2018-10-11 14:40:19]
sending 5 signals using command: 'killall -2 fft_nn.out' after 23.269742463s
[INFO -- 2018-10-11 14:40:19]
sending 5 signals using command: 'killall -2 fft_nn.out' after 23.5788632895s
[INFO -- 2018-10-11 14:40:19]
Starting GDB script
[INFO -- 2018-10-11 14:40:19]
initSignal:0.0
[INFO -- 2018-10-11 14:40:19]
endSignal:5.0
[INFO -- 2018-10-11 14:40:20]
sending 5 signals using command: 'killall -2 fft_nn.out' after 1.45111568585s
[INFO -- 2018-10-11 14:40:21]
sending 5 signals using command: 'killall -2 fft_nn.out' after 2.45194703624s
[INFO -- 2018-10-11 14:40:24]
sending 5 signals using command: 'killall -2 fft_nn.out' after 4.76043987337s
[INFO -- 2018-10-11 14:40:40]
Execution finished before waitTime
