[INFO -- 2018-10-18 23:43:35]
Starting flip_value script
version: 1.1
[INFO -- 2018-10-18 23:43:35]
Initialization strings:
[INFO -- 2018-10-18 23:43:35]
(1) file /home/latansini/Desktop/trabalhoftf/carol-fi/sample-code/knn/nn-knl-files/nn
[INFO -- 2018-10-18 23:43:35]
(2) set args /home/latansini/Desktop/trabalhoftf/carol-fi/sample-code/knn/nn-knl-files/filelist 15 25 25 /home/latansini/Desktop/trabalhoftf/carol-fi/sample-code/knn/nn-knl-files/out15_25_25
[INFO -- 2018-10-18 23:43:35]
initSignal:4
[INFO -- 2018-10-18 23:43:35]
endSignal:5
[INFO -- 2018-10-18 23:43:35]
faultModel:4
[EXCEPTION -- 2018-10-18 23:43:39]
pythonException: invalid frame
[INFO -- 2018-10-18 23:43:39]
Backtrace BEGIN:
#0  0x0000000000401255 in main (argc=6, argv=0x7fffffffd8b8) at nn.c:132

127	            float max_dist = -1;
128	            int max_idx = 0;
129	            // find a neighbor with greatest dist and take his spot if allowed!
130	            for( j = 0 ; j < k ; j++ ) {
131	                if( neighbors[j].dist > max_dist ) {
132	                    max_dist = neighbors[j].dist;
133	                    max_idx = j;
134	                }
135	            }
136	            // compare each record with max value to find the nearest neighbor

Backtrace END
Memory content before bitflip:0x9a0xb80xf90x000x000x000x000x00
Fault Model: LSB bit-flip
base address to flip value: 0x7fffffffd530
address max offset: 8
Memory content after  bitflip:0x9a0xb80xf90x000x000x000x000x20
frame name: main
symbol name: rec_sum
symbol filename: nn.c
symbol line: 36
value: 2305843009230059674
value address: 0x7fffffffd530
Type: The type is an integer type.
Type sizeof: 8

[INFO -- 2018-10-18 23:43:39]
Fault Injection Successful after 4.583442687988281s
[INFO -- 2018-10-18 23:43:41]
event type: exit
[INFO -- 2018-10-18 23:43:41]
exit code: 0
