[INFO -- 2018-12-04 03:25:01]
Starting flip_value script
version: 1.1
[INFO -- 2018-12-04 03:25:01]
Initialization strings:
[INFO -- 2018-12-04 03:25:01]
(1) file /home/latansini/carol-fi/carol-fi/codes/nnfulldup/nn-knl-files/nn
[INFO -- 2018-12-04 03:25:01]
(2) set args /home/latansini/carol-fi/carol-fi/codes/nnfulldup/nn-knl-files/filelist 20 5 5 /home/latansini/carol-fi/carol-fi/codes/nnfulldup/nn-knl-files/out20_5_5
[INFO -- 2018-12-04 03:25:01]
initSignal:0
[INFO -- 2018-12-04 03:25:01]
endSignal:2
[INFO -- 2018-12-04 03:25:01]
faultModel:3
[EXCEPTION -- 2018-12-04 03:25:02]
pythonException: invalid frame
[EXCEPTION -- 2018-12-04 03:25:02]
pythonException: invalid frame
[EXCEPTION -- 2018-12-04 03:25:02]
pythonException: invalid frame
[INFO -- 2018-12-04 03:25:02]
Backtrace BEGIN:
#0  0x00007ffff78d4c79 in ?? () from /usr/lib/x86_64-linux-gnu/libgomp.so.1
#1  0x00007ffff78d2d39 in ?? () from /usr/lib/x86_64-linux-gnu/libgomp.so.1
#2  0x00007ffff78ce7da in GOMP_parallel () from /usr/lib/x86_64-linux-gnu/libgomp.so.1
#3  0x0000000000400f98 in nn_wrapper (filename=0x7fffffffe7d7 "/home/latansini/carol-fi/carol-fi/codes/nnfulldup/nn-knl-files/filelist", k=20, target_lat=5, target_long=5) at nn.c:97
#4  0x000000000040148d in main (argc=6, argv=0x7fffffffe568) at nn.c:195

168			fclose(logfile);
169		}
170	
171		if(file!= NULL){
172	    		fclose(file);
173		}
174	}
175	
176	int main(int argc, char* argv[]) {
177	    int    k=0;

Backtrace END
Fliping array at pos: 406
Memory content before bitflip:0x20
Fault Model: Zero bit-flip
base address to flip value: 0x7fffffffe366 
address max offset: 1
Memory content after  bitflip:0x00
frame name: nn_wrapper
symbol name: sandbox
symbol filename: nn.c
symbol line: 30
value: "1952  7 20 18 19 VALERIE    54.5  95.0   44  888\n1950  3  2  6 18 SANDY      24.5 240.8   89  426\n1963 12 11  6 17 SANDY      51.9 320.2   70   94\n1954  8 17 18 14 HELENE     27.6 214.4   32  309\n1970"...
value address: 0x7fffffffe1d0
Type: The type is an array.
Type sizeof: 490
Field name: None
Field Type: A range type, that is, an integer type with bounds.
Field Type sizeof: 8
Field Type range: (0L, 489L)

[INFO -- 2018-12-04 03:25:02]
Fault Injection Successful after 1.4555079937s
[INFO -- 2018-12-04 03:25:04]
event type: exit
[INFO -- 2018-12-04 03:25:04]
exit code: 0
