[INFO -- 2018-10-09 22:48:22]
sending 5 signals using command: 'killall -2 fft_nn.out' after 24.1316219289s
[INFO -- 2018-10-09 22:48:22]
sending 5 signals using command: 'killall -2 fft_nn.out' after 24.4194500939s
[INFO -- 2018-10-09 22:48:23]
sending 5 signals using command: 'killall -2 fft_nn.out' after 24.8617606568s
[INFO -- 2018-10-09 22:48:23]
Starting GDB script
[INFO -- 2018-10-09 22:48:23]
initSignal:0.0
[INFO -- 2018-10-09 22:48:23]
endSignal:5.0
[INFO -- 2018-10-09 22:48:23]
sending 5 signals using command: 'killall -2 fft_nn.out' after 0.163367688467s
[INFO -- 2018-10-09 22:48:27]
sending 5 signals using command: 'killall -2 fft_nn.out' after 3.94691055204s
[INFO -- 2018-10-09 22:48:28]
sending 5 signals using command: 'killall -2 fft_nn.out' after 4.86358847826s
[INFO -- 2018-10-09 22:48:44]
Execution finished before waitTime
