[INFO -- 2018-12-01 11:30:31]
Starting flip_value script
version: 1.1
[INFO -- 2018-12-01 11:30:31]
Initialization strings:
[INFO -- 2018-12-01 11:30:31]
(1) file /home/lignati/carol-fi/codes/inversefulldup/inversek2j.nn.out
[INFO -- 2018-12-01 11:30:31]
(2) set args /home/lignati/carol-fi/codes/inversefulldup/input_250k /home/lignati/carol-fi/codes/inversefulldup/output_falha.data
[INFO -- 2018-12-01 11:30:31]
initSignal:0
[INFO -- 2018-12-01 11:30:31]
endSignal:25
[INFO -- 2018-12-01 11:30:31]
faultModel:4
[INFO -- 2018-12-01 11:30:46]
Backtrace BEGIN:
#0  _IO_vfscanf_internal (s=s@entry=0x11c818b0, format=<optimized out>, argptr=argptr@entry=0x7fffffffcf38, errp=errp@entry=0x0) at vfscanf.c:2011
#1  0x00007ffff7033162 in __isoc99_fscanf (stream=0x11c818b0, format=<optimized out>) at isoc99_fscanf.c:34
#2  0x00007ffff7bc944f in fann_create_from_fd () from /usr/local/lib/libfann.so.2
#3  0x00007ffff7bc8073 in fann_create_from_file () from /usr/local/lib/libfann.so.2
#4  0x0000000000402061 in inversek2j(float, float, float*, float*) ()
#5  0x00000000004019dd in main ()

2006	vfscanf.c: No such file or directory.

Backtrace END
Memory content before bitflip:0x000x000x000x00
Fault Model: LSB bit-flip
base address to flip value: 0x7fffffffcd00
address max offset: 4
Memory content after  bitflip:0x000x000x000x20
frame name: _IO_vfscanf_internal
symbol name: flags
symbol filename: vfscanf.c
symbol line: 222
value: 536870912
value address: 0x7fffffffcd00
Type: The type is an integer type.
Type sizeof: 4

[INFO -- 2018-12-01 11:30:46]
Fault Injection Successful after 15.651396751403809s
[INFO -- 2018-12-01 11:30:57]
event type: exit
[INFO -- 2018-12-01 11:30:57]
exit code: 0
