[INFO -- 2018-10-10 12:50:56]
sending 5 signals using command: 'killall -2 fft_nn.out' after 20.9594677625s
[INFO -- 2018-10-10 12:50:59]
sending 5 signals using command: 'killall -2 fft_nn.out' after 24.0477045608s
[INFO -- 2018-10-10 12:50:59]
sending 5 signals using command: 'killall -2 fft_nn.out' after 24.1288212307s
[INFO -- 2018-10-10 12:50:59]
Starting GDB script
[INFO -- 2018-10-10 12:50:59]
initSignal:0.0
[INFO -- 2018-10-10 12:50:59]
endSignal:5.0
[INFO -- 2018-10-10 12:50:59]
sending 5 signals using command: 'killall -2 fft_nn.out' after 0.0445785429067s
[INFO -- 2018-10-10 12:51:00]
sending 5 signals using command: 'killall -2 fft_nn.out' after 1.44830811189s
[INFO -- 2018-10-10 12:51:01]
sending 5 signals using command: 'killall -2 fft_nn.out' after 2.12443133728s
[INFO -- 2018-10-10 12:51:20]
Execution finished before waitTime
