[INFO -- 2018-10-15 14:09:22]
Starting flip_value script
version: 1.1
[INFO -- 2018-10-15 14:09:22]
Initialization strings:
[INFO -- 2018-10-15 14:09:22]
(1) file /home/latansini/Desktop/trabalhoftf/carol-fi/sample-code/inverse_nn/inversek2j_nn.out
[INFO -- 2018-10-15 14:09:22]
(2) set args /home/latansini/Desktop/trabalhoftf/carol-fi/sample-code/inverse_nn/input_250k /home/latansini/Desktop/trabalhoftf/carol-fi/sample-code/inverse_nn/output_falha.data
[INFO -- 2018-10-15 14:09:22]
initSignal:0
[INFO -- 2018-10-15 14:09:22]
endSignal:2
[INFO -- 2018-10-15 14:09:22]
faultModel:0
[INFO -- 2018-10-15 14:09:22]
Backtrace BEGIN:
#0  0x00007ffff704fd8a in __GI__IO_sputbackc (fp=fp@entry=0x608610, c=c@entry=49) at genops.c:742
#1  0x00007ffff7028b63 in _IO_vfscanf_internal (s=s@entry=0x608610, format=<optimized out>, argptr=argptr@entry=0x7fffffffd0d8, errp=errp@entry=0x0) at vfscanf.c:625
#2  0x00007ffff7032162 in __isoc99_fscanf (stream=0x608610, format=<optimized out>) at isoc99_fscanf.c:34
#3  0x00007ffff7bcf187 in fann_create_from_fd () from /usr/local/lib/libfann.so.2
#4  0x00007ffff7bcf608 in fann_create_from_file () from /usr/local/lib/libfann.so.2
#5  0x000000000040199e in inversek2j(float, float, float*, float*) ()
#6  0x0000000000401631 in main ()

737	genops.c: Arquivo ou diretório não encontrado.

Backtrace END
Fliping array at pos: 20
Memory content before bitflip:0x00
Fault Model: Single bit-flip
base address to flip value: 0x7ffff715cc14  
address max offset: 1
Memory content after  bitflip:0x08
frame name: _IO_vfscanf_internal
symbol name: __PRETTY_FUNCTION__
symbol filename: vfscanf.c
symbol line: 0
value: "_IO_vfscanf_internal\b"
value address: 0x7ffff715cc00 <__PRETTY_FUNCTION__.11925>
Type: The type is an array.
Type sizeof: 21
Field name: None
Field Type: A range type, that is, an integer type with bounds.
Field Type sizeof: 8
Field Type range: (0, 20)

[INFO -- 2018-10-15 14:09:22]
Fault Injection Successful after 0.8962905406951904s
[INFO -- 2018-10-15 14:09:32]
event type: exit
[INFO -- 2018-10-15 14:09:32]
exit code: 0
