[INFO -- 2018-10-10 01:18:40]
sending 5 signals using command: 'killall -2 fft_nn.out' after 21.5601523606s
[INFO -- 2018-10-10 01:18:42]
sending 5 signals using command: 'killall -2 fft_nn.out' after 22.767362175s
[INFO -- 2018-10-10 01:18:42]
sending 5 signals using command: 'killall -2 fft_nn.out' after 23.3552241183s
[INFO -- 2018-10-10 01:18:42]
Starting GDB script
[INFO -- 2018-10-10 01:18:42]
initSignal:0.0
[INFO -- 2018-10-10 01:18:42]
endSignal:5.0
[INFO -- 2018-10-10 01:18:43]
sending 5 signals using command: 'killall -2 fft_nn.out' after 0.314433032353s
[INFO -- 2018-10-10 01:18:43]
sending 5 signals using command: 'killall -2 fft_nn.out' after 0.414206441665s
[INFO -- 2018-10-10 01:18:44]
sending 5 signals using command: 'killall -2 fft_nn.out' after 1.34974219153s
[INFO -- 2018-10-10 01:19:03]
Execution finished before waitTime
