[INFO -- 2018-10-09 22:50:10]
sending 5 signals using command: 'killall -2 fft_nn.out' after 23.4372682683s
[INFO -- 2018-10-09 22:50:10]
sending 5 signals using command: 'killall -2 fft_nn.out' after 23.5409927671s
[INFO -- 2018-10-09 22:50:11]
sending 5 signals using command: 'killall -2 fft_nn.out' after 24.2513570951s
[INFO -- 2018-10-09 22:50:11]
Starting GDB script
[INFO -- 2018-10-09 22:50:11]
initSignal:0.0
[INFO -- 2018-10-09 22:50:11]
endSignal:5.0
[INFO -- 2018-10-09 22:50:12]
sending 5 signals using command: 'killall -2 fft_nn.out' after 1.20647257563s
[INFO -- 2018-10-09 22:50:13]
sending 5 signals using command: 'killall -2 fft_nn.out' after 1.98853520945s
[INFO -- 2018-10-09 22:50:14]
sending 5 signals using command: 'killall -2 fft_nn.out' after 3.11909292358s
[INFO -- 2018-10-09 22:50:32]
Execution finished before waitTime
