[INFO -- 2018-10-09 22:36:01]
sending 5 signals using command: 'killall -2 fft_nn.out' after 21.7689120983s
[INFO -- 2018-10-09 22:36:02]
sending 5 signals using command: 'killall -2 fft_nn.out' after 23.3366950406s
[INFO -- 2018-10-09 22:36:03]
sending 5 signals using command: 'killall -2 fft_nn.out' after 24.2916436246s
[INFO -- 2018-10-09 22:36:03]
Starting GDB script
[INFO -- 2018-10-09 22:36:03]
initSignal:0.0
[INFO -- 2018-10-09 22:36:03]
endSignal:5.0
[INFO -- 2018-10-09 22:36:04]
sending 5 signals using command: 'killall -2 fft_nn.out' after 0.495556961852s
[INFO -- 2018-10-09 22:36:04]
sending 5 signals using command: 'killall -2 fft_nn.out' after 0.784827088395s
[INFO -- 2018-10-09 22:36:07]
sending 5 signals using command: 'killall -2 fft_nn.out' after 3.67676205115s
[INFO -- 2018-10-09 22:36:24]
Execution finished before waitTime
