[INFO -- 2018-10-12 13:54:44]
sending 5 signals using command: 'killall -2 fft_nn.out' after 23.1624969185s
[INFO -- 2018-10-12 13:54:44]
sending 5 signals using command: 'killall -2 fft_nn.out' after 23.202741586s
[INFO -- 2018-10-12 13:54:45]
sending 5 signals using command: 'killall -2 fft_nn.out' after 24.0081695931s
[INFO -- 2018-10-12 13:54:45]
Starting GDB script
[INFO -- 2018-10-12 13:54:45]
initSignal:0.0
[INFO -- 2018-10-12 13:54:45]
endSignal:5.0
[INFO -- 2018-10-12 13:54:45]
sending 5 signals using command: 'killall -2 fft_nn.out' after 0.267588084166s
[INFO -- 2018-10-12 13:54:45]
sending 5 signals using command: 'killall -2 fft_nn.out' after 0.436306412519s
[INFO -- 2018-10-12 13:54:47]
sending 5 signals using command: 'killall -2 fft_nn.out' after 2.54255664682s
[INFO -- 2018-10-12 13:55:06]
Execution finished before waitTime
