[INFO -- 2018-10-17 12:50:35]
Starting flip_value script
version: 1.1
[INFO -- 2018-10-17 12:50:35]
Initialization strings:
[INFO -- 2018-10-17 12:50:35]
(1) file /home/latansini/Desktop/trabalhoftf/carol-fi/sample-code/inverse_nn/inversek2j_nn.out
[INFO -- 2018-10-17 12:50:35]
(2) set args /home/latansini/Desktop/trabalhoftf/carol-fi/sample-code/inverse_nn/input_250k /home/latansini/Desktop/trabalhoftf/carol-fi/sample-code/inverse_nn/output_falha.data
[INFO -- 2018-10-17 12:50:35]
initSignal:0
[INFO -- 2018-10-17 12:50:35]
endSignal:2
[INFO -- 2018-10-17 12:50:35]
faultModel:0
[INFO -- 2018-10-17 12:50:35]
Backtrace BEGIN:
#0  0x00007ffff7df373a in mmap64 () at ../sysdeps/unix/syscall-template.S:81
#1  0x00007ffff7df1bf4 in __libc_memalign (align=<optimized out>, n=n@entry=4352) at dl-minimal.c:77
#2  0x00007ffff7decb6a in _dl_allocate_tls_storage () at dl-tls.c:341
#3  0x00007ffff7ddaf2f in init_tls () at rtld.c:781
#4  0x00007ffff7dde0ef in dl_main (phdr=<optimized out>, phdr@entry=0x400040, phnum=<optimized out>, phnum@entry=9, user_entry=user_entry@entry=0x7fffffffd768, auxv=<optimized out>) at rtld.c:1850
#5  0x00007ffff7df15f5 in _dl_sysdep_start (start_argptr=start_argptr@entry=0x7fffffffd850, dl_main=dl_main@entry=0x7ffff7ddc260 <dl_main>) at ../elf/dl-sysdep.c:249
#6  0x00007ffff7ddbbb8 in _dl_start_final (arg=0x7fffffffd850) at rtld.c:347
#7  _dl_start (arg=0x7fffffffd850) at rtld.c:573
#8  0x00007ffff7ddb268 in _start () from /lib64/ld-linux-x86-64.so.2
#9  0x0000000000000003 in ?? ()
#10 0x00007fffffffdbe5 in ?? ()
#11 0x00007fffffffdc3b in ?? ()
#12 0x00007fffffffdc8a in ?? ()
#13 0x0000000000000000 in ?? ()

76	../sysdeps/unix/syscall-template.S: Arquivo ou diretório não encontrado.

Backtrace END
Fliping a bit of the pointer
Memory content before bitflip:0x000x000x000x000x000x000x000x00
Fault Model: Single bit-flip
base address to flip value: 0x7ffff7ffcc90 
address max offset: 8
Memory content after  bitflip:0x000x000x000x010x000x000x000x00
frame name: dl_main
symbol name: library_path
symbol filename: rtld.c
symbol line: 892
value: 0x0
value address: 0x7ffff7ffcc90 <library_path>
Type: The type is a pointer.
Type sizeof: 8

[INFO -- 2018-10-17 12:50:35]
Fault Injection Successful after 0.14137005805969238s
[INFO -- 2018-10-17 12:50:45]
event type: exit
[INFO -- 2018-10-17 12:50:45]
exit code: 0
