[INFO -- 2018-11-30 14:42:10]
Starting flip_value script
version: 1.1
[INFO -- 2018-11-30 14:42:10]
Initialization strings:
[INFO -- 2018-11-30 14:42:10]
(1) file /home/lignati/carol-fi/codes/inversefulldup/inversek2j.nn.out
[INFO -- 2018-11-30 14:42:10]
(2) set args /home/lignati/carol-fi/codes/inversefulldup/input_250k /home/lignati/carol-fi/codes/inversefulldup/output_falha.data
[INFO -- 2018-11-30 14:42:10]
initSignal:0
[INFO -- 2018-11-30 14:42:10]
endSignal:25
[INFO -- 2018-11-30 14:42:10]
faultModel:2
[INFO -- 2018-11-30 14:42:23]
Backtrace BEGIN:
#0  _IO_vfscanf_internal (s=s@entry=0x11c818b0, format=<optimized out>, argptr=argptr@entry=0x7fffffffcf38, errp=errp@entry=0x0) at vfscanf.c:1431
#1  0x00007ffff7033162 in __isoc99_fscanf (stream=0x11c818b0, format=<optimized out>) at isoc99_fscanf.c:34
#2  0x00007ffff7bcac42 in fann_create_from_fd () from /usr/local/lib/libfann.so.2
#3  0x00007ffff7bc8073 in fann_create_from_file () from /usr/local/lib/libfann.so.2
#4  0x0000000000402061 in inversek2j(float, float, float*, float*) ()
#5  0x00000000004019dd in main ()

1426	vfscanf.c: No such file or directory.

Backtrace END
Fliping array at pos: 0
Fliping value of field: gp_offset
Memory content before bitflip:0x100x000x000x00
Fault Model: Random bit-flip
base address to flip value: 0x7fffffffcf38
address max offset: 4
Memory content after  bitflip:0x900xe70x270x19
frame name: __isoc99_fscanf
symbol name: arg
symbol filename: isoc99_fscanf.c
symbol line: 27
value: {{gp_offset = 422045584, fp_offset = 48, overflow_arg_area = 0x7fffffffd010, reg_save_area = 0x7fffffffcf50}}
value address: 0x7fffffffcf38
Type: The type is an array.
Type sizeof: 24

[INFO -- 2018-11-30 14:42:23]
Fault Injection Successful after 13.354577779769897s
[INFO -- 2018-11-30 14:42:35]
event type: exit
[INFO -- 2018-11-30 14:42:35]
exit code: 0
