[INFO -- 2018-12-03 07:46:19]
Starting flip_value script
version: 1.1
[INFO -- 2018-12-03 07:46:19]
Initialization strings:
[INFO -- 2018-12-03 07:46:19]
(1) file /home/latansini/carol-fi/carol-fi/codes/nnfulldup/nn-knl-files/nn
[INFO -- 2018-12-03 07:46:19]
(2) set args /home/latansini/carol-fi/carol-fi/codes/nnfulldup/nn-knl-files/filelist 20 5 5 /home/latansini/carol-fi/carol-fi/codes/nnfulldup/nn-knl-files/out20_5_5
[INFO -- 2018-12-03 07:46:19]
initSignal:0
[INFO -- 2018-12-03 07:46:19]
endSignal:2
[INFO -- 2018-12-03 07:46:19]
faultModel:4
[EXCEPTION -- 2018-12-03 07:46:19]
gdbException: Attempt to dereference a generic pointer.
[EXCEPTION -- 2018-12-03 07:46:19]
gdbException: A syntax error in expression, near `...'.
[EXCEPTION -- 2018-12-03 07:46:19]
pythonException: invalid frame
[EXCEPTION -- 2018-12-03 07:46:19]
pythonException: invalid frame
[EXCEPTION -- 2018-12-03 07:46:19]
pythonException: invalid frame
[EXCEPTION -- 2018-12-03 07:46:19]
pythonException: invalid frame
[EXCEPTION -- 2018-12-03 07:46:19]
pythonException: invalid frame
[EXCEPTION -- 2018-12-03 07:46:19]
pythonException: invalid frame
[EXCEPTION -- 2018-12-03 07:46:19]
pythonException: invalid frame
[EXCEPTION -- 2018-12-03 07:46:19]
pythonException: invalid frame
[EXCEPTION -- 2018-12-03 07:46:19]
pythonException: invalid frame
[EXCEPTION -- 2018-12-03 07:46:19]
pythonException: invalid frame
[EXCEPTION -- 2018-12-03 07:46:19]
pythonException: invalid frame
[EXCEPTION -- 2018-12-03 07:46:19]
pythonException: invalid frame
[EXCEPTION -- 2018-12-03 07:46:19]
pythonException: invalid frame
[INFO -- 2018-12-03 07:46:19]
Backtrace BEGIN:
#0  0x00007ffff78d4c9e in ?? () from /usr/lib/x86_64-linux-gnu/libgomp.so.1
#1  0x00007ffff78d26f0 in ?? () from /usr/lib/x86_64-linux-gnu/libgomp.so.1
#2  0x00007ffff76b0064 in start_thread (arg=0x7ffff42f6700) at pthread_create.c:309
#3  0x00007ffff73e562d in clone () at ../sysdeps/unix/sysv/linux/x86_64/clone.S:111

69	in dl-debug.c

Backtrace END
Memory content before bitflip:0xd50xbb0x060x000x000x000x000x00
Fault Model: LSB bit-flip
base address to flip value: 0x7fffffffe410
address max offset: 8
Memory content after  bitflip:0xd50xbb0x060x000x000x000x000x40
frame name: nn_wrapper
symbol name: rec_sum
symbol filename: nn.c
symbol line: 33
value: 4611686018427829205
value address: 0x7fffffffe410
Type: The type is an integer type.
Type sizeof: 8

[INFO -- 2018-12-03 07:46:19]
Fault Injection Successful after 0.867633104324s
[INFO -- 2018-12-03 07:46:21]
event type: exit
[INFO -- 2018-12-03 07:46:21]
exit code: 0
