[INFO -- 2018-12-01 03:53:16]
Starting flip_value script
version: 1.1
[INFO -- 2018-12-01 03:53:16]
Initialization strings:
[INFO -- 2018-12-01 03:53:16]
(1) file /home/latansini/Desktop/CAROL-FI/etapa2/carol-fi/codes/fftfulldup/fft_nn.out
[INFO -- 2018-12-01 03:53:16]
(2) set args 32768 /home/latansini/Desktop/CAROL-FI/etapa2/carol-fi/codes/fftfulldup/output.data
[INFO -- 2018-12-01 03:53:16]
initSignal:0
[INFO -- 2018-12-01 03:53:16]
endSignal:40
[INFO -- 2018-12-01 03:53:16]
faultModel:3
[EXCEPTION -- 2018-12-01 03:53:24]
gdbException: Tentativo de desreferenciar um ponteiro genérico.
[INFO -- 2018-12-01 03:53:24]
Backtrace BEGIN:
#0  0x00007ffff6f90df7 in __mpn_construct_float (frac_ptr=frac_ptr@entry=0x7fffffffcdb0, expt=<optimized out>, sign=sign@entry=0) at ../sysdeps/ieee754/flt-32/mpn2flt.c:35
#1  0x00007ffff6f95346 in round_and_return (retval=0x7fffffffcdb0, exponent=<optimized out>, negative=negative@entry=0, round_limb=round_limb@entry=3244737978404175872, round_bit=<optimized out>, more_bits=<optimized out>) at strtod_l.c:327
#2  0x00007ffff6f96332 in __GI_____strtof_l_internal (nptr=<optimized out>, endptr=<optimized out>, group=<optimized out>, loc=<optimized out>) at strtod_l.c:1613
#3  0x00007ffff6f94d60 in __GI___strtof_internal (nptr=<optimized out>, endptr=<optimized out>, group=<optimized out>) at strtod.c:54
#4  0x00007ffff6fae948 in _IO_vfscanf_internal (s=s@entry=0x618f00, format=<optimized out>, argptr=argptr@entry=0x7fffffffd2a8, errp=errp@entry=0x0) at vfscanf.c:2365
#5  0x00007ffff6fb5162 in __isoc99_fscanf (stream=0x618f00, format=<optimized out>) at isoc99_fscanf.c:34
#6  0x00007ffff7bcf187 in fann_create_from_fd () from /usr/local/lib/libfann.so.2
#7  0x00007ffff7bcf608 in fann_create_from_file () from /usr/local/lib/libfann.so.2
#8  0x0000000000401de7 in radix2DitCooleyTykeyFft(int, int*, Complex*, Complex*) ()
#9  0x0000000000401857 in main ()

30	in ../sysdeps/ieee754/flt-32/mpn2flt.c

Backtrace END
Fliping array at pos: 0
Fliping value of field: fp_offset
Memory content before bitflip:0x300x000x000x00
Fault Model: Zero bit-flip
base address to flip value: 0x7fffffffd2ac
address max offset: 4
Memory content after  bitflip:0x000x000x000x00
frame name: __isoc99_fscanf
symbol name: arg
symbol filename: isoc99_fscanf.c
symbol line: 27
value: {{gp_offset = 16, fp_offset = 0, overflow_arg_area = 0x7fffffffd380, reg_save_area = 0x7fffffffd2c0}}
value address: 0x7fffffffd2a8
Type: The type is an array.
Type sizeof: 24

[INFO -- 2018-12-01 03:53:24]
Fault Injection Successful after 8.775080442428589s
[INFO -- 2018-12-01 03:53:55]
event type: exit
[INFO -- 2018-12-01 03:53:55]
exit code: 0
