[INFO -- 2018-10-16 16:43:38]
Starting flip_value script
version: 1.1
[INFO -- 2018-10-16 16:43:38]
Initialization strings:
[INFO -- 2018-10-16 16:43:38]
(1) file /home/latansini/Desktop/trabalhoftf/carol-fi/sample-code/inverse_nn/inversek2j_nn.out
[INFO -- 2018-10-16 16:43:38]
(2) set args /home/latansini/Desktop/trabalhoftf/carol-fi/sample-code/inverse_nn/input_250k /home/latansini/Desktop/trabalhoftf/carol-fi/sample-code/inverse_nn/output_falha.data
[INFO -- 2018-10-16 16:43:38]
initSignal:0
[INFO -- 2018-10-16 16:43:38]
endSignal:2
[INFO -- 2018-10-16 16:43:38]
faultModel:0
[INFO -- 2018-10-16 16:43:38]
Backtrace BEGIN:
#0  str_to_mpn (str=0x6085d9 ".460755", str@entry=0x6085d8 "1.460755", digcnt=<optimized out>, digcnt@entry=1, n=n@entry=0x7fffffffd120, nsize=nsize@entry=0x7fffffffd0f0, exponent=exponent@entry=0x7fffffffd100, decimal_len=decimal_len@entry=1, thousands=thousands@entry=0x0, decimal=0x7ffff715614b <dot> ".") at strtod_l.c:415
#1  0x00007ffff7013c0a in __GI_____strtof_l_internal (nptr=<optimized out>, endptr=0x7fffffffd208, group=<optimized out>, loc=<optimized out>) at strtod_l.c:1176
#2  0x00007ffff7936d5e in void std::__convert_to_v<float>(char const*, float&, std::_Ios_Iostate&, __locale_struct* const&) () from /usr/lib/x86_64-linux-gnu/libstdc++.so.6
#3  0x00007ffff794a706 in std::num_get<char, std::istreambuf_iterator<char, std::char_traits<char> > >::do_get(std::istreambuf_iterator<char, std::char_traits<char> >, std::istreambuf_iterator<char, std::char_traits<char> >, std::ios_base&, std::_Ios_Iostate&, float&) const () from /usr/lib/x86_64-linux-gnu/libstdc++.so.6
#4  0x00007ffff793b0d5 in std::istream& std::istream::_M_extract<float>(float&) () from /usr/lib/x86_64-linux-gnu/libstdc++.so.6
#5  0x0000000000401470 in main ()

410	strtod_l.c: Arquivo ou diretório não encontrado.

Backtrace END
Fliping a bit of the pointer
Memory content before bitflip:0xd80x850x600x000x000x000x000x00
Fault Model: Single bit-flip
base address to flip value: 0x7fffffffd098
address max offset: 8
Memory content after  bitflip:0xd80x850x600x020x000x000x000x00
frame name: __GI_____strtof_l_internal
symbol name: start_of_digits
symbol filename: strtod_l.c
symbol line: 504
value: 0x6085d8 "1.460755"
value address: 0x7fffffffd098
Type: The type is a pointer.
Type sizeof: 8

[INFO -- 2018-10-16 16:43:38]
Fault Injection Successful after 0.573246955871582s
[INFO -- 2018-10-16 16:43:48]
event type: exit
[INFO -- 2018-10-16 16:43:48]
exit code: 0
