[INFO -- 2018-10-08 12:56:51]
Starting flip_value script
version: 1.1
[INFO -- 2018-10-08 12:56:51]
Initialization strings:
[INFO -- 2018-10-08 12:56:51]
(1) file /tmp/fft_nn/fft_nn.out
[INFO -- 2018-10-08 12:56:51]
(2) set args 32768 /tmp/fft_nn/output_falha.data
[INFO -- 2018-10-08 12:56:51]
initSignal:0
[INFO -- 2018-10-08 12:56:51]
endSignal:5
[INFO -- 2018-10-08 12:56:51]
faultModel:0
[INFO -- 2018-10-08 12:56:52]
Backtrace BEGIN:
#0  __GI__IO_sputbackc (fp=fp@entry=0x6062c0, c=55) at genops.c:733
#1  0x00007ffff7028926 in _IO_vfscanf_internal (s=s@entry=0x6062c0, format=<optimized out>, argptr=argptr@entry=0x7fffffffd408, errp=errp@entry=0x0) at vfscanf.c:2938
#2  0x00007ffff7032162 in __isoc99_fscanf (stream=0x6062c0, format=<optimized out>) at isoc99_fscanf.c:34
#3  0x00007ffff7bcef44 in fann_create_from_fd () from /usr/local/lib/libfann.so.2
#4  0x00007ffff7bcf608 in fann_create_from_file () from /usr/local/lib/libfann.so.2
#5  0x00000000004019b7 in radix2DitCooleyTykeyFft(int, int*, Complex*, Complex*) ()
#6  0x0000000000401631 in main ()

728	genops.c: Arquivo ou diretório não encontrado.

Backtrace END
Fliping a bit of the pointer
Memory content before bitflip:0x000x000x000x000x000x000x000x00
Fault Model: Single bit-flip
base address to flip value: 0x7ffff73989a0 
address max offset: 8
Memory content after  bitflip:0x000x000x000x000x000x000x100x00
frame name: __GI__IO_sputbackc
symbol name: run_fp
symbol filename: genops.c
symbol line: 45
value: 0x0
value address: 0x7ffff73989a0 <run_fp>
Type: The type is a pointer.
Type sizeof: 8

[INFO -- 2018-10-08 12:56:52]
Fault Injection Successful after 1.240065336227417s
[INFO -- 2018-10-08 12:57:12]
event type: exit
[INFO -- 2018-10-08 12:57:12]
exit code: 0
