[INFO -- 2018-10-07 09:01:21]
sending 5 signals using command: 'killall -2 fft_nn.out' after 23.4101308534s
[INFO -- 2018-10-07 09:01:21]
sending 5 signals using command: 'killall -2 fft_nn.out' after 24.2478580453s
[INFO -- 2018-10-07 09:01:22]
sending 5 signals using command: 'killall -2 fft_nn.out' after 24.6976024121s
[INFO -- 2018-10-07 09:01:22]
Starting GDB script
[INFO -- 2018-10-07 09:01:22]
initSignal:0.0
[INFO -- 2018-10-07 09:01:22]
endSignal:5.0
[INFO -- 2018-10-07 09:01:22]
sending 5 signals using command: 'killall -2 fft_nn.out' after 0.216758641147s
[INFO -- 2018-10-07 09:01:24]
sending 5 signals using command: 'killall -2 fft_nn.out' after 2.43593748893s
[INFO -- 2018-10-07 09:01:26]
sending 5 signals using command: 'killall -2 fft_nn.out' after 3.7956335864s
[INFO -- 2018-10-07 09:01:42]
Execution finished before waitTime
