[INFO -- 2018-10-12 00:24:28]
Starting flip_value script
version: 1.1
[INFO -- 2018-10-12 00:24:28]
Initialization strings:
[INFO -- 2018-10-12 00:24:28]
(1) file /tmp/fft_nn/fft_nn.out
[INFO -- 2018-10-12 00:24:28]
(2) set args 32768 /tmp/fft_nn/output_falha.data
[INFO -- 2018-10-12 00:24:28]
initSignal:5
[INFO -- 2018-10-12 00:24:28]
endSignal:10
[INFO -- 2018-10-12 00:24:28]
faultModel:1
[EXCEPTION -- 2018-10-12 00:24:33]
gdbException: Tentativo de desreferenciar um ponteiro genérico.
[INFO -- 2018-10-12 00:24:33]
Backtrace BEGIN:
#0  0x00007ffff702985f in _IO_vfscanf_internal (s=s@entry=0x6062c0, format=<optimized out>, argptr=argptr@entry=0x7fffffffd408, errp=errp@entry=0x0) at vfscanf.c:2013
#1  0x00007ffff7032162 in __isoc99_fscanf (stream=0x6062c0, format=<optimized out>) at isoc99_fscanf.c:34
#2  0x00007ffff7bcf187 in fann_create_from_fd () from /usr/local/lib/libfann.so.2
#3  0x00007ffff7bcf608 in fann_create_from_file () from /usr/local/lib/libfann.so.2
#4  0x00000000004019b7 in radix2DitCooleyTykeyFft(int, int*, Complex*, Complex*) ()
#5  0x0000000000401631 in main ()

2008	in vfscanf.c

Backtrace END
Fliping a bit of the value pointed by a pointer
Memory content before bitflip:0x38
Fault Model: Double bit-flip
base address to flip value: 0x7fffffffd002 
address max offset: 1
Memory content after  bitflip:0x19
frame name: _IO_vfscanf_internal
symbol name: tw
symbol filename: vfscanf.c
symbol line: 271
value: 0x7fffffffd002 "\031\060\066\065\063\066\070\067\065\065\063\064\060\065\067\066\061\067\061\071e+00"
value address: 0x7fffffffd230
Type: The type is a pointer.
Type sizeof: 8

[INFO -- 2018-10-12 00:24:33]
Fault Injection Successful after 5.4131152629852295s
[INFO -- 2018-10-12 00:24:47]
event type: exit
[INFO -- 2018-10-12 00:24:47]
exit code: 0
