[INFO -- 2018-10-17 09:59:10]
Starting flip_value script
version: 1.1
[INFO -- 2018-10-17 09:59:10]
Initialization strings:
[INFO -- 2018-10-17 09:59:10]
(1) file /home/latansini/Desktop/trabalhoftf/carol-fi/sample-code/inverse_nn/inversek2j_nn.out
[INFO -- 2018-10-17 09:59:10]
(2) set args /home/latansini/Desktop/trabalhoftf/carol-fi/sample-code/inverse_nn/input_250k /home/latansini/Desktop/trabalhoftf/carol-fi/sample-code/inverse_nn/output_falha.data
[INFO -- 2018-10-17 09:59:10]
initSignal:0
[INFO -- 2018-10-17 09:59:10]
endSignal:2
[INFO -- 2018-10-17 09:59:10]
faultModel:0
[INFO -- 2018-10-17 09:59:10]
Backtrace BEGIN:
#0  __mpn_add_1 (s2_limb=5774390112081464009, s1_size=<optimized out>, s1_ptr=<optimized out>, res_ptr=<optimized out>) at ../stdlib/gmp.h:469
#1  str_to_mpn (str=0x7fffffffcce6 "e+00", str@entry=0x7fffffffccd1 ".24221134185791015625e+00", digcnt=<optimized out>, digcnt@entry=20, n=n@entry=0x7fffffffcbf0, nsize=nsize@entry=0x7fffffffcbc0, exponent=exponent@entry=0x7fffffffcbd0, decimal_len=decimal_len@entry=1, thousands=thousands@entry=0x0, decimal=<optimized out>) at strtod_l.c:421
#2  0x00007ffff7012c2b in __GI_____strtof_l_internal (nptr=<optimized out>, endptr=<optimized out>, group=<optimized out>, loc=<optimized out>) at strtod_l.c:1427
#3  0x00007ffff7011d60 in __GI___strtof_internal (nptr=<optimized out>, endptr=<optimized out>, group=<optimized out>) at strtod.c:54
#4  0x00007ffff702b948 in _IO_vfscanf_internal (s=s@entry=0x608610, format=<optimized out>, argptr=argptr@entry=0x7fffffffd0d8, errp=errp@entry=0x0) at vfscanf.c:2365
#5  0x00007ffff7032162 in __isoc99_fscanf (stream=0x608610, format=<optimized out>) at isoc99_fscanf.c:34
#6  0x00007ffff7bcf187 in fann_create_from_fd () from /usr/local/lib/libfann.so.2
#7  0x00007ffff7bcf608 in fann_create_from_file () from /usr/local/lib/libfann.so.2
#8  0x000000000040199e in inversek2j(float, float, float*, float*) ()
#9  0x0000000000401631 in main ()

464	../stdlib/gmp.h: Arquivo ou diretório não encontrado.

Backtrace END
Memory content before bitflip:0x000x010x000x000x000x000x000x00
Fault Model: Single bit-flip
base address to flip value: 0x7fffffffceb0
address max offset: 8
Memory content after  bitflip:0x000x010x080x000x000x000x000x00
frame name: _IO_vfscanf_internal
symbol name: wpmax
symbol filename: vfscanf.c
symbol line: 273
value: 524544
value address: 0x7fffffffceb0
Type: The type is an integer type.
Type sizeof: 8

[INFO -- 2018-10-17 09:59:10]
Fault Injection Successful after 0.7512185573577881s
[INFO -- 2018-10-17 09:59:20]
event type: exit
[INFO -- 2018-10-17 09:59:20]
exit code: 0
