[INFO -- 2018-10-10 20:07:15]
sending 5 signals using command: 'killall -2 fft_nn.out' after 21.5039123045s
[INFO -- 2018-10-10 20:07:15]
sending 5 signals using command: 'killall -2 fft_nn.out' after 22.1130567304s
[INFO -- 2018-10-10 20:07:17]
sending 5 signals using command: 'killall -2 fft_nn.out' after 23.4324361447s
[INFO -- 2018-10-10 20:07:17]
Starting GDB script
[INFO -- 2018-10-10 20:07:17]
initSignal:0.0
[INFO -- 2018-10-10 20:07:17]
endSignal:5.0
[INFO -- 2018-10-10 20:07:19]
sending 5 signals using command: 'killall -2 fft_nn.out' after 2.50328060743s
[INFO -- 2018-10-10 20:07:21]
sending 5 signals using command: 'killall -2 fft_nn.out' after 3.74535987069s
[INFO -- 2018-10-10 20:07:21]
sending 5 signals using command: 'killall -2 fft_nn.out' after 3.83574200457s
[INFO -- 2018-10-10 20:07:38]
Execution finished before waitTime
