[INFO -- 2018-10-05 20:22:03]
Starting flip_value script
version: 1.1
[INFO -- 2018-10-05 20:22:03]
Initialization strings:
[INFO -- 2018-10-05 20:22:03]
(1) file /tmp/fft_nn/fft_nn.out
[INFO -- 2018-10-05 20:22:03]
(2) set args 32768 /tmp/fft_nn/output_falha.data
[INFO -- 2018-10-05 20:22:03]
initSignal:15
[INFO -- 2018-10-05 20:22:03]
endSignal:25
[INFO -- 2018-10-05 20:22:03]
faultModel:4
[EXCEPTION -- 2018-10-05 20:22:21]
gdbException: Tentativo de desreferenciar um ponteiro genérico.
[INFO -- 2018-10-05 20:22:21]
Backtrace BEGIN:
#0  0x00007ffff7029726 in _IO_vfscanf_internal (s=s@entry=0x6062c0, format=<optimized out>, argptr=argptr@entry=0x7fffffffd8c8, errp=errp@entry=0x0) at vfscanf.c:1873
#1  0x00007ffff7032162 in __isoc99_fscanf (stream=0x6062c0, format=<optimized out>) at isoc99_fscanf.c:34
#2  0x00007ffff7bcf187 in fann_create_from_fd () from /usr/local/lib/libfann.so.2
#3  0x00007ffff7bcf608 in fann_create_from_file () from /usr/local/lib/libfann.so.2
#4  0x00000000004019b7 in radix2DitCooleyTykeyFft(int, int*, Complex*, Complex*) ()
#5  0x0000000000401631 in main ()

1868	in vfscanf.c

Backtrace END
Fliping value of field: __routine
Fliping a bit of the value pointed by a pointer
Memory content before bitflip:0x48
Fault Model: LSB bit-flip
base address to flip value: 0x7ffff7031cc0 
address max offset: 1
Memory content after  bitflip:0x4c
frame name: _IO_vfscanf_internal
symbol name: _buffer
symbol filename: vfscanf.c
symbol line: 358
value: {__routine = 0x7ffff7031cc0 <__funlockfile>, __arg = 0x6062c0, __canceltype = 0, __prev = 0x0}
value address: 0x7fffffffd740
Type: The type is a structure.
Type sizeof: 32
Field name: __routine
Field Type: The type is a pointer.
Field Type sizeof: 8
Field name: __arg
Field Type: The type is a pointer.
Field Type sizeof: 8
Field name: __canceltype
Field Type: The type is an integer type.
Field Type sizeof: 4
Field name: __prev
Field Type: The type is a pointer.
Field Type sizeof: 8

[INFO -- 2018-10-05 20:22:21]
Fault Injection Successful after 18.15192437171936s
[INFO -- 2018-10-05 20:22:23]
event type: exit
[INFO -- 2018-10-05 20:22:23]
exit code: 0
