[INFO -- 2018-11-30 20:29:00]
Starting flip_value script
version: 1.1
[INFO -- 2018-11-30 20:29:00]
Initialization strings:
[INFO -- 2018-11-30 20:29:00]
(1) file /home/latansini/Desktop/CAROL-FI/etapa2/carol-fi/codes/fftfulldup/fft_nn.out
[INFO -- 2018-11-30 20:29:00]
(2) set args 32768 /home/latansini/Desktop/CAROL-FI/etapa2/carol-fi/codes/fftfulldup/output.data
[INFO -- 2018-11-30 20:29:00]
initSignal:0
[INFO -- 2018-11-30 20:29:00]
endSignal:40
[INFO -- 2018-11-30 20:29:00]
faultModel:4
[INFO -- 2018-11-30 20:29:10]
Backtrace BEGIN:
#0  0x00007ffff704f53a in mmap64 () at ../sysdeps/unix/syscall-template.S:81
#1  0x00007ffff6fc482c in __GI__IO_file_doallocate (fp=0x618f00) at filedoalloc.c:128
#2  0x00007ffff6fd24b5 in __GI__IO_doallocbuf (fp=fp@entry=0x618f00) at genops.c:418
#3  0x00007ffff6fd03ec in __GI__IO_file_xsgetn (fp=0x618f00, data=0x13d312a0, n=13) at fileops.c:1379
#4  0x00007ffff6fc586f in __GI__IO_fread (buf=<optimized out>, size=1, count=13, fp=0x618f00) at iofread.c:42
#5  0x00007ffff7bce817 in fann_create_from_fd () from /usr/local/lib/libfann.so.2
#6  0x00007ffff7bcf608 in fann_create_from_file () from /usr/local/lib/libfann.so.2
#7  0x0000000000401de7 in radix2DitCooleyTykeyFft(int, int*, Complex*, Complex*) ()
#8  0x0000000000401857 in main ()

76	../sysdeps/unix/syscall-template.S: Arquivo ou diretório não encontrado.

Backtrace END
Memory content before bitflip:0x0e0x110x040x00
Fault Model: LSB bit-flip
base address to flip value: 0x7ffff731b9b0 
address max offset: 4
Memory content after  bitflip:0x0e0x110x040x01
frame name: __GI__IO_doallocbuf
symbol name: _IO_list_all_stamp
symbol filename: genops.c
symbol line: 42
value: 17043726
value address: 0x7ffff731b9b0 <_IO_list_all_stamp>
Type: The type is an integer type.
Type sizeof: 4

[INFO -- 2018-11-30 20:29:10]
Fault Injection Successful after 10.984289646148682s
[INFO -- 2018-11-30 20:29:39]
event type: exit
[INFO -- 2018-11-30 20:29:39]
exit code: 0
