[INFO -- 2018-10-18 20:06:43]
Starting flip_value script
version: 1.1
[INFO -- 2018-10-18 20:06:43]
Initialization strings:
[INFO -- 2018-10-18 20:06:43]
(1) file /home/latansini/Desktop/trabalhoftf/carol-fi/sample-code/knn/nn-knl-files/nn
[INFO -- 2018-10-18 20:06:43]
(2) set args /home/latansini/Desktop/trabalhoftf/carol-fi/sample-code/knn/nn-knl-files/filelist 15 25 25 /home/latansini/Desktop/trabalhoftf/carol-fi/sample-code/knn/nn-knl-files/out15_25_25
[INFO -- 2018-10-18 20:06:43]
initSignal:2
[INFO -- 2018-10-18 20:06:43]
endSignal:3
[INFO -- 2018-10-18 20:06:43]
faultModel:2
[INFO -- 2018-10-18 20:06:45]
Backtrace BEGIN:
#0  0x00007ffff78bddf3 in ?? () from /usr/lib/x86_64-linux-gnu/libgomp.so.1
#1  0x00007ffff78bcaf9 in ?? () from /usr/lib/x86_64-linux-gnu/libgomp.so.1
#2  0x0000000000401198 in main (argc=6, argv=0x7fffffffd8b8) at nn.c:115

20	* This program finds the k-nearest neighbors
21	* Usage:	./nn <filelist> <num> <target latitude> <target longitude> <out filename>
22	*			filelist: File with the filenames to the records
23	*			num: Number of nearest neighbors to find
24	*			target lat: Latitude coordinate for distance calculations
25	*			target long: Longitude coordinate for distance calculations
26	* The filelist and data are generated by hurricane_gen.c
27	* REC_WINDOW has been arbitrarily assigned; A larger value would allow more work for the threads
28	*/
29	int main(int argc, char* argv[]) {

Backtrace END
Fliping array at pos: 359
Memory content before bitflip:0x20
Fault Model: Random bit-flip
base address to flip value: 0x7fffffffd727 
address max offset: 1
Memory content after  bitflip:0xb7
frame name: main
symbol name: sandbox
symbol filename: nn.c
symbol line: 32
value: "1954  6  1  0  5 FLORENCE   22.4 139.1  105  170\n2001  1 12 12 16 DEBBY      28.8 288.9  109  545\n2000  7  7 18 26 ERNESTO    49.2  89.1   52  621\n1972  9 23  6 13 NADINE     11.8 162.6   26  589\n1989"...
value address: 0x7fffffffd5c0
Type: The type is an array.
Type sizeof: 490
Field name: None
Field Type: A range type, that is, an integer type with bounds.
Field Type sizeof: 8
Field Type range: (0, 489)

[INFO -- 2018-10-18 20:06:45]
Fault Injection Successful after 2.6045219898223877s
[INFO -- 2018-10-18 20:06:49]
event type: exit
[INFO -- 2018-10-18 20:06:49]
exit code: 0
