[INFO -- 2018-10-12 08:11:51]
sending 5 signals using command: 'killall -2 fft_nn.out' after 21.2430513534s
[INFO -- 2018-10-12 08:11:52]
sending 5 signals using command: 'killall -2 fft_nn.out' after 22.0779137565s
[INFO -- 2018-10-12 08:11:54]
sending 5 signals using command: 'killall -2 fft_nn.out' after 24.6228711376s
[INFO -- 2018-10-12 08:11:55]
Starting GDB script
[INFO -- 2018-10-12 08:11:55]
initSignal:0.0
[INFO -- 2018-10-12 08:11:55]
endSignal:5.0
[INFO -- 2018-10-12 08:11:56]
sending 5 signals using command: 'killall -2 fft_nn.out' after 1.4199493918s
[INFO -- 2018-10-12 08:11:57]
sending 5 signals using command: 'killall -2 fft_nn.out' after 2.02910784392s
[INFO -- 2018-10-12 08:11:59]
sending 5 signals using command: 'killall -2 fft_nn.out' after 4.76536863408s
[INFO -- 2018-10-12 08:12:15]
Execution finished before waitTime
