[INFO -- 2018-12-01 09:47:47]
Starting flip_value script
version: 1.1
[INFO -- 2018-12-01 09:47:47]
Initialization strings:
[INFO -- 2018-12-01 09:47:47]
(1) file /home/lignati/carol-fi/codes/inversefulldup/inversek2j.nn.out
[INFO -- 2018-12-01 09:47:47]
(2) set args /home/lignati/carol-fi/codes/inversefulldup/input_250k /home/lignati/carol-fi/codes/inversefulldup/output_falha.data
[INFO -- 2018-12-01 09:47:47]
initSignal:0
[INFO -- 2018-12-01 09:47:47]
endSignal:25
[INFO -- 2018-12-01 09:47:47]
faultModel:3
[INFO -- 2018-12-01 09:47:55]
Backtrace BEGIN:
#0  0x00007ffff702a7cc in _IO_vfscanf_internal (s=s@entry=0x6085c0, format=<optimized out>, argptr=argptr@entry=0x7fffffffcf38, errp=errp@entry=0x0) at vfscanf.c:1895
#1  0x00007ffff7033162 in __isoc99_fscanf (stream=0x6085c0, format=<optimized out>) at isoc99_fscanf.c:34
#2  0x00007ffff7bcac42 in fann_create_from_fd () from /usr/local/lib/libfann.so.2
#3  0x00007ffff7bc8073 in fann_create_from_file () from /usr/local/lib/libfann.so.2
#4  0x0000000000402061 in inversek2j(float, float, float*, float*) ()
#5  0x000000000040179a in main ()

1890	vfscanf.c: No such file or directory.

Backtrace END
Fliping a bit of the pointer
Memory content before bitflip:0x000x000x000x000x000x000x000x00
Fault Model: Zero bit-flip
base address to flip value: 0x7fffffffccb8
address max offset: 8
Memory content after  bitflip:0x000x000x000x000x000x000x000x00
frame name: _IO_vfscanf_internal
symbol name: ptrs_to_free
symbol filename: vfscanf.c
symbol line: 250
value: 0x0
value address: 0x7fffffffccb8
Type: The type is a pointer.
Type sizeof: 8

[INFO -- 2018-12-01 09:47:55]
Fault Injection Successful after 8.43958067893982s
[INFO -- 2018-12-01 09:48:12]
event type: exit
[INFO -- 2018-12-01 09:48:12]
exit code: 0
