[INFO -- 2018-10-06 16:31:40]
Starting flip_value script
version: 1.1
[INFO -- 2018-10-06 16:31:40]
Initialization strings:
[INFO -- 2018-10-06 16:31:40]
(1) file /tmp/fft_nn/fft_nn.out
[INFO -- 2018-10-06 16:31:40]
(2) set args 32768 /tmp/fft_nn/output_falha.data
[INFO -- 2018-10-06 16:31:40]
initSignal:15
[INFO -- 2018-10-06 16:31:40]
endSignal:25
[INFO -- 2018-10-06 16:31:40]
faultModel:4
[INFO -- 2018-10-06 16:31:59]
Backtrace BEGIN:
#0  __memcpy_sse2 () at ../sysdeps/x86_64/multiarch/../memcpy.S:127
#1  0x00007ffff70143de in __GI_____strtof_l_internal (nptr=<optimized out>, endptr=<optimized out>, group=<optimized out>, loc=<optimized out>) at strtod_l.c:1424
#2  0x00007ffff7011d60 in __GI___strtof_internal (nptr=<optimized out>, endptr=<optimized out>, group=<optimized out>) at strtod.c:54
#3  0x00007ffff702b948 in _IO_vfscanf_internal (s=s@entry=0x6062c0, format=<optimized out>, argptr=argptr@entry=0x7fffffffd8c8, errp=errp@entry=0x0) at vfscanf.c:2365
#4  0x00007ffff7032162 in __isoc99_fscanf (stream=0x6062c0, format=<optimized out>) at isoc99_fscanf.c:34
#5  0x00007ffff7bcf187 in fann_create_from_fd () from /usr/local/lib/libfann.so.2
#6  0x00007ffff7bcf608 in fann_create_from_file () from /usr/local/lib/libfann.so.2
#7  0x00000000004019b7 in radix2DitCooleyTykeyFft(int, int*, Complex*, Complex*) ()
#8  0x0000000000401631 in main ()

122	../sysdeps/x86_64/multiarch/../memcpy.S: Arquivo ou diretório não encontrado.

Backtrace END
Fliping array at pos: 0
Fliping value of field: fp_offset
Memory content before bitflip:0x300x000x000x00
Fault Model: LSB bit-flip
base address to flip value: 0x7fffffffd8cc
address max offset: 4
Memory content after  bitflip:0x300x000x000x04
frame name: __isoc99_fscanf
symbol name: arg
symbol filename: isoc99_fscanf.c
symbol line: 27
value: {{gp_offset = 16, fp_offset = 67108912, overflow_arg_area = 0x7fffffffd9a0, reg_save_area = 0x7fffffffd8e0}}
value address: 0x7fffffffd8c8
Type: The type is an array.
Type sizeof: 24

[INFO -- 2018-10-06 16:31:59]
Fault Injection Successful after 19.50098943710327s
[INFO -- 2018-10-06 16:32:00]
event type: exit
[INFO -- 2018-10-06 16:32:00]
exit code: 0
