[INFO -- 2018-10-09 05:44:14]
sending 5 signals using command: 'killall -2 fft_nn.out' after 22.2161496822s
[INFO -- 2018-10-09 05:44:15]
sending 5 signals using command: 'killall -2 fft_nn.out' after 23.2989334485s
[INFO -- 2018-10-09 05:44:16]
sending 5 signals using command: 'killall -2 fft_nn.out' after 23.7959714134s
[INFO -- 2018-10-09 05:44:16]
Starting GDB script
[INFO -- 2018-10-09 05:44:16]
initSignal:0.0
[INFO -- 2018-10-09 05:44:16]
endSignal:5.0
[INFO -- 2018-10-09 05:44:18]
sending 5 signals using command: 'killall -2 fft_nn.out' after 1.92280169313s
[INFO -- 2018-10-09 05:44:18]
sending 5 signals using command: 'killall -2 fft_nn.out' after 2.08206204961s
[INFO -- 2018-10-09 05:44:20]
sending 5 signals using command: 'killall -2 fft_nn.out' after 4.42804252457s
[INFO -- 2018-10-09 05:44:37]
Execution finished before waitTime
