[INFO -- 2018-10-19 15:15:52]
Starting flip_value script
version: 1.1
[INFO -- 2018-10-19 15:15:52]
Initialization strings:
[INFO -- 2018-10-19 15:15:52]
(1) file /home/latansini/Desktop/trabalhoftf/carol-fi/sample-code/knn/nn-knl-files/nn
[INFO -- 2018-10-19 15:15:52]
(2) set args /home/latansini/Desktop/trabalhoftf/carol-fi/sample-code/knn/nn-knl-files/filelist 15 25 25 /home/latansini/Desktop/trabalhoftf/carol-fi/sample-code/knn/nn-knl-files/out15_25_25
[INFO -- 2018-10-19 15:15:52]
initSignal:2
[INFO -- 2018-10-19 15:15:52]
endSignal:3
[INFO -- 2018-10-19 15:15:52]
faultModel:2
[EXCEPTION -- 2018-10-19 15:15:54]
pythonException: invalid frame
[EXCEPTION -- 2018-10-19 15:15:54]
pythonException: invalid frame
[EXCEPTION -- 2018-10-19 15:15:54]
pythonException: invalid frame
[INFO -- 2018-10-19 15:15:54]
Backtrace BEGIN:
#0  0x000000000040120f in main (argc=6, argv=0x7fffffffd8b8) at nn.c:131

126	        for( i = 0 ; i < rec_count ; i++ ) {
127	            float max_dist = -1;
128	            int max_idx = 0;
129	            // find a neighbor with greatest dist and take his spot if allowed!
130	            for( j = 0 ; j < k ; j++ ) {
131	                if( neighbors[j].dist > max_dist ) {
132	                    max_dist = neighbors[j].dist;
133	                    max_idx = j;
134	                }
135	            }

Backtrace END
Fliping a bit of the value pointed by a pointer
Fliping value of field: _vtable_offset
Memory content before bitflip:0x73
Fault Model: Random bit-flip
base address to flip value: 0x7ffff78a9b60 
address max offset: 1
Memory content after  bitflip:0x21
frame name: main
symbol name: file
symbol filename: nn.c
symbol line: 145
value: 0x7ffff78a9ade
value address: 0x7fffffffd558
Type: The type is a pointer.
Type sizeof: 8

[INFO -- 2018-10-19 15:15:54]
Fault Injection Successful after 2.5521786212921143s
[INFO -- 2018-10-19 15:15:58]
event type: exit
[INFO -- 2018-10-19 15:15:58]
exit code: 0
