[INFO -- 2018-12-03 04:48:47]
Starting flip_value script
version: 1.1
[INFO -- 2018-12-03 04:48:47]
Initialization strings:
[INFO -- 2018-12-03 04:48:47]
(1) file /home/latansini/carol-fi/carol-fi/codes/nnfulldup/nn-knl-files/nn
[INFO -- 2018-12-03 04:48:47]
(2) set args /home/latansini/carol-fi/carol-fi/codes/nnfulldup/nn-knl-files/filelist 20 5 5 /home/latansini/carol-fi/carol-fi/codes/nnfulldup/nn-knl-files/out20_5_5
[INFO -- 2018-12-03 04:48:47]
initSignal:0
[INFO -- 2018-12-03 04:48:47]
endSignal:2
[INFO -- 2018-12-03 04:48:47]
faultModel:1
[EXCEPTION -- 2018-12-03 04:48:48]
pythonException: invalid frame
[EXCEPTION -- 2018-12-03 04:48:48]
pythonException: invalid frame
[EXCEPTION -- 2018-12-03 04:48:48]
pythonException: invalid frame
[EXCEPTION -- 2018-12-03 04:48:48]
pythonException: invalid frame
[EXCEPTION -- 2018-12-03 04:48:48]
pythonException: invalid frame
[EXCEPTION -- 2018-12-03 04:48:48]
pythonException: invalid frame
[INFO -- 2018-12-03 04:48:48]
Backtrace BEGIN:
#0  __mpn_lshift () at ../sysdeps/x86_64/lshift.S:60
#1  0x00007ffff733b0ff in __GI_____strtod_l_internal (nptr=<optimized out>, endptr=<optimized out>, group=<optimized out>, loc=<optimized out>) at strtod_l.c:1306
#2  0x000000000040156a in nn_wrapper._omp_fn.0 () at nn.c:100
#3  0x00007ffff78ce7df in GOMP_parallel () from /usr/lib/x86_64-linux-gnu/libgomp.so.1
#4  0x0000000000400f98 in nn_wrapper (filename=0x7fffffffe7d7 "/home/latansini/carol-fi/carol-fi/codes/nnfulldup/nn-knl-files/filelist", k=20, target_lat=5, target_long=5) at nn.c:97
#5  0x000000000040148d in main (argc=6, argv=0x7fffffffe568) at nn.c:195

55	../sysdeps/x86_64/lshift.S: No such file or directory.

Backtrace END
Fliping a bit of the value pointed by a pointer
Memory content before bitflip:0xc10x100x300x42
Fault Model: Double bit-flip
base address to flip value: 0x6029c0
address max offset: 4
Memory content after  bitflip:0xc10x100x300x4e
frame name: nn_wrapper
symbol name: z
symbol filename: nn.c
symbol line: 64
value: 0x6029c0
value address: 0x7fffffffe408
Type: The type is a pointer.
Type sizeof: 8

[INFO -- 2018-12-03 04:48:48]
Fault Injection Successful after 1.33981895447s
[INFO -- 2018-12-03 04:48:50]
event type: exit
[INFO -- 2018-12-03 04:48:50]
exit code: 0
