[INFO -- 2018-10-15 18:50:38]
Starting flip_value script
version: 1.1
[INFO -- 2018-10-15 18:50:38]
Initialization strings:
[INFO -- 2018-10-15 18:50:38]
(1) file /home/latansini/Desktop/trabalhoftf/carol-fi/sample-code/inverse_nn/inversek2j_nn.out
[INFO -- 2018-10-15 18:50:38]
(2) set args /home/latansini/Desktop/trabalhoftf/carol-fi/sample-code/inverse_nn/input_250k /home/latansini/Desktop/trabalhoftf/carol-fi/sample-code/inverse_nn/output_falha.data
[INFO -- 2018-10-15 18:50:38]
initSignal:4
[INFO -- 2018-10-15 18:50:38]
endSignal:6
[INFO -- 2018-10-15 18:50:38]
faultModel:2
[INFO -- 2018-10-15 18:50:42]
Backtrace BEGIN:
#0  _IO_vfscanf_internal (s=s@entry=0x608610, format=0x7ffff7bd3da5 "(%u, %f) ", argptr=argptr@entry=0x7fffffffd0d8, errp=errp@entry=0x0) at vfscanf.c:320
#1  0x00007ffff7032162 in __isoc99_fscanf (stream=0x608610, format=<optimized out>) at isoc99_fscanf.c:34
#2  0x00007ffff7bcf187 in fann_create_from_fd () from /usr/local/lib/libfann.so.2
#3  0x00007ffff7bcf608 in fann_create_from_file () from /usr/local/lib/libfann.so.2
#4  0x000000000040199e in inversek2j(float, float, float*, float*) ()
#5  0x0000000000401631 in main ()

315	vfscanf.c: Arquivo ou diretório não encontrado.

Backtrace END
Fliping value of field: __value
Fliping value of field name: __wchb
Fliping array at pos: 0
Memory content before bitflip:0x00
Fault Model: Random bit-flip
base address to flip value: 0x7fffffffcef4 
address max offset: 1
Memory content after  bitflip:0xdd
frame name: _IO_vfscanf_internal
symbol name: state
symbol filename: vfscanf.c
symbol line: 252
value: {__count = 0, __value = {__wch = 221, __wchb = "\335\000\000"}}
value address: 0x7fffffffcef0
Type: The type is a structure.
Type sizeof: 8
Field name: __count
Field Type: The type is an integer type.
Field Type sizeof: 4
Field name: __value
Field Type: The type is a union.
Field Type sizeof: 4

[INFO -- 2018-10-15 18:50:42]
Fault Injection Successful after 4.937667608261108s
[INFO -- 2018-10-15 18:50:48]
event type: exit
[INFO -- 2018-10-15 18:50:48]
exit code: 0
