[INFO -- 2018-10-11 08:41:15]
sending 5 signals using command: 'killall -2 fft_nn.out' after 21.5355495716s
[INFO -- 2018-10-11 08:41:15]
sending 5 signals using command: 'killall -2 fft_nn.out' after 21.7115728491s
[INFO -- 2018-10-11 08:41:18]
sending 5 signals using command: 'killall -2 fft_nn.out' after 24.7888791725s
[INFO -- 2018-10-11 08:41:18]
Starting GDB script
[INFO -- 2018-10-11 08:41:18]
initSignal:0.0
[INFO -- 2018-10-11 08:41:18]
endSignal:5.0
[INFO -- 2018-10-11 08:41:19]
sending 5 signals using command: 'killall -2 fft_nn.out' after 0.330866837941s
[INFO -- 2018-10-11 08:41:22]
sending 5 signals using command: 'killall -2 fft_nn.out' after 3.57745787794s
[INFO -- 2018-10-11 08:41:23]
sending 5 signals using command: 'killall -2 fft_nn.out' after 4.01937319442s
[INFO -- 2018-10-11 08:41:39]
Execution finished before waitTime
