[INFO -- 2018-11-30 22:47:32]
Starting flip_value script
version: 1.1
[INFO -- 2018-11-30 22:47:32]
Initialization strings:
[INFO -- 2018-11-30 22:47:32]
(1) file /home/latansini/Desktop/CAROL-FI/etapa2/carol-fi/codes/fftfulldup/fft_nn.out
[INFO -- 2018-11-30 22:47:32]
(2) set args 32768 /home/latansini/Desktop/CAROL-FI/etapa2/carol-fi/codes/fftfulldup/output.data
[INFO -- 2018-11-30 22:47:32]
initSignal:0
[INFO -- 2018-11-30 22:47:32]
endSignal:40
[INFO -- 2018-11-30 22:47:32]
faultModel:2
[INFO -- 2018-11-30 22:47:44]
Backtrace BEGIN:
#0  __mpn_lshift () at ../sysdeps/x86_64/lshift.S:29
#1  0x00007ffff6f95c6e in __GI_____strtof_l_internal (nptr=<optimized out>, endptr=<optimized out>, group=<optimized out>, loc=<optimized out>) at strtod_l.c:1451
#2  0x00007ffff6f94d60 in __GI___strtof_internal (nptr=<optimized out>, endptr=<optimized out>, group=<optimized out>) at strtod.c:54
#3  0x00007ffff6fae948 in _IO_vfscanf_internal (s=s@entry=0x618f00, format=<optimized out>, argptr=argptr@entry=0x7fffffffd2a8, errp=errp@entry=0x0) at vfscanf.c:2365
#4  0x00007ffff6fb5162 in __isoc99_fscanf (stream=0x618f00, format=<optimized out>) at isoc99_fscanf.c:34
#5  0x00007ffff7bcf187 in fann_create_from_fd () from /usr/local/lib/libfann.so.2
#6  0x00007ffff7bcf608 in fann_create_from_file () from /usr/local/lib/libfann.so.2
#7  0x0000000000401de7 in radix2DitCooleyTykeyFft(int, int*, Complex*, Complex*) ()
#8  0x0000000000401857 in main ()

24	../sysdeps/x86_64/lshift.S: Arquivo ou diretório não encontrado.

Backtrace END
Fliping array at pos: 3
Memory content before bitflip:0x380x020x000x000x000x000x000x00
Fault Model: Random bit-flip
base address to flip value: 0x7fffffffcdd8
address max offset: 8
Memory content after  bitflip:0xc00x910x5d0x4b0x510xb30x6d0x57
frame name: __GI_____strtof_l_internal
symbol name: num
symbol filename: strtod_l.c
symbol line: 485
value: {13081023735679371661, 4, 568, 6299888615499338176, 568, 68, 68, 4, 18865251664, 6812}
value address: 0x7fffffffcdc0
Type: The type is an array.
Type sizeof: 80
Field name: None
Field Type: A range type, that is, an integer type with bounds.
Field Type sizeof: 8
Field Type range: (0, 9)

[INFO -- 2018-11-30 22:47:44]
Fault Injection Successful after 12.519731283187866s
[INFO -- 2018-11-30 22:48:12]
event type: exit
[INFO -- 2018-11-30 22:48:12]
exit code: 0
