[INFO -- 2018-10-08 18:01:12]
sending 5 signals using command: 'killall -2 fft_nn.out' after 22.022983156s
[INFO -- 2018-10-08 18:01:14]
sending 5 signals using command: 'killall -2 fft_nn.out' after 24.1410152028s
[INFO -- 2018-10-08 18:01:14]
sending 5 signals using command: 'killall -2 fft_nn.out' after 24.5229200346s
[INFO -- 2018-10-08 18:01:15]
Starting GDB script
[INFO -- 2018-10-08 18:01:15]
initSignal:0.0
[INFO -- 2018-10-08 18:01:15]
endSignal:5.0
[INFO -- 2018-10-08 18:01:15]
sending 5 signals using command: 'killall -2 fft_nn.out' after 0.408056630677s
[INFO -- 2018-10-08 18:01:15]
sending 5 signals using command: 'killall -2 fft_nn.out' after 0.6075662566s
[INFO -- 2018-10-08 18:01:16]
sending 5 signals using command: 'killall -2 fft_nn.out' after 1.46983951752s
[INFO -- 2018-10-08 18:01:35]
Execution finished before waitTime
