[INFO -- 2018-10-08 21:35:11]
sending 5 signals using command: 'killall -2 fft_nn.out' after 20.9889815474s
[INFO -- 2018-10-08 21:35:11]
sending 5 signals using command: 'killall -2 fft_nn.out' after 21.0403869306s
[INFO -- 2018-10-08 21:35:11]
sending 5 signals using command: 'killall -2 fft_nn.out' after 21.4462559864s
[INFO -- 2018-10-08 21:35:11]
Starting GDB script
[INFO -- 2018-10-08 21:35:11]
initSignal:0.0
[INFO -- 2018-10-08 21:35:11]
endSignal:5.0
[INFO -- 2018-10-08 21:35:13]
sending 5 signals using command: 'killall -2 fft_nn.out' after 1.12758978034s
[INFO -- 2018-10-08 21:35:16]
sending 5 signals using command: 'killall -2 fft_nn.out' after 4.29606203764s
[INFO -- 2018-10-08 21:35:16]
sending 5 signals using command: 'killall -2 fft_nn.out' after 4.32877630205s
[INFO -- 2018-10-08 21:35:32]
Execution finished before waitTime
