[INFO -- 2018-10-10 20:27:03]
sending 5 signals using command: 'killall -2 fft_nn.out' after 20.9789143841s
[INFO -- 2018-10-10 20:27:04]
sending 5 signals using command: 'killall -2 fft_nn.out' after 21.4662299563s
[INFO -- 2018-10-10 20:27:04]
sending 5 signals using command: 'killall -2 fft_nn.out' after 21.6890740293s
[INFO -- 2018-10-10 20:27:04]
Starting GDB script
[INFO -- 2018-10-10 20:27:04]
initSignal:0.0
[INFO -- 2018-10-10 20:27:04]
endSignal:5.0
[INFO -- 2018-10-10 20:27:07]
sending 5 signals using command: 'killall -2 fft_nn.out' after 3.1901973839s
[INFO -- 2018-10-10 20:27:08]
sending 5 signals using command: 'killall -2 fft_nn.out' after 4.10887503881s
[INFO -- 2018-10-10 20:27:09]
sending 5 signals using command: 'killall -2 fft_nn.out' after 4.93532486942s
[INFO -- 2018-10-10 20:27:25]
Execution finished before waitTime
