[INFO -- 2018-12-03 19:32:21]
Starting flip_value script
version: 1.1
[INFO -- 2018-12-03 19:32:21]
Initialization strings:
[INFO -- 2018-12-03 19:32:21]
(1) file /home/latansini/carol-fi/carol-fi/codes/nnfulldup/nn-knl-files/nn
[INFO -- 2018-12-03 19:32:21]
(2) set args /home/latansini/carol-fi/carol-fi/codes/nnfulldup/nn-knl-files/filelist 20 5 5 /home/latansini/carol-fi/carol-fi/codes/nnfulldup/nn-knl-files/out20_5_5
[INFO -- 2018-12-03 19:32:21]
initSignal:0
[INFO -- 2018-12-03 19:32:21]
endSignal:2
[INFO -- 2018-12-03 19:32:21]
faultModel:1
[EXCEPTION -- 2018-12-03 19:32:22]
pythonException: invalid frame
[EXCEPTION -- 2018-12-03 19:32:22]
pythonException: invalid frame
[EXCEPTION -- 2018-12-03 19:32:22]
pythonException: invalid frame
[EXCEPTION -- 2018-12-03 19:32:22]
pythonException: invalid frame
[EXCEPTION -- 2018-12-03 19:32:22]
pythonException: invalid frame
[EXCEPTION -- 2018-12-03 19:32:22]
pythonException: invalid frame
[EXCEPTION -- 2018-12-03 19:32:22]
pythonException: invalid frame
[INFO -- 2018-12-03 19:32:22]
Backtrace BEGIN:
#0  0x00007ffff78d4cf9 in ?? () from /usr/lib/x86_64-linux-gnu/libgomp.so.1
#1  0x00007ffff78d2d39 in ?? () from /usr/lib/x86_64-linux-gnu/libgomp.so.1
#2  0x00007ffff78ce7da in GOMP_parallel () from /usr/lib/x86_64-linux-gnu/libgomp.so.1
#3  0x0000000000400f98 in nn_wrapper (filename=0x7fffffffe7d7 "/home/latansini/carol-fi/carol-fi/codes/nnfulldup/nn-knl-files/filelist", k=20, target_lat=5, target_long=5) at nn.c:97
#4  0x000000000040148d in main (argc=6, argv=0x7fffffffe568) at nn.c:195

168			fclose(logfile);
169		}
170	
171		if(file!= NULL){
172	    		fclose(file);
173		}
174	}
175	
176	int main(int argc, char* argv[]) {
177	    int    k=0;

Backtrace END
Fliping array at pos: 291
Memory content before bitflip:0x31
Fault Model: Double bit-flip
base address to flip value: 0x7fffffffe2f3 
address max offset: 1
Memory content after  bitflip:0x75
frame name: nn_wrapper
symbol name: sandbox
symbol filename: nn.c
symbol line: 30
value: "1998  3 10  6 14 FLORENCE   68.8 179.2  155  507\n1978 12 19 12  8 SANDY      28.4 285.0  140   50\n1971 11  5  0  1 LESLIE     19.7 292.7   24  169\n1985  3 22 12 23 TONY       45.6 158.4   66  589\n1964"...
value address: 0x7fffffffe1d0
Type: The type is an array.
Type sizeof: 490
Field name: None
Field Type: A range type, that is, an integer type with bounds.
Field Type sizeof: 8
Field Type range: (0L, 489L)

[INFO -- 2018-12-03 19:32:22]
Fault Injection Successful after 1.16412997246s
[INFO -- 2018-12-03 19:32:24]
event type: exit
[INFO -- 2018-12-03 19:32:24]
exit code: 0
