[INFO -- 2018-10-15 17:23:56]
Starting flip_value script
version: 1.1
[INFO -- 2018-10-15 17:23:56]
Initialization strings:
[INFO -- 2018-10-15 17:23:56]
(1) file /home/latansini/Desktop/trabalhoftf/carol-fi/sample-code/inverse_nn/inversek2j_nn.out
[INFO -- 2018-10-15 17:23:56]
(2) set args /home/latansini/Desktop/trabalhoftf/carol-fi/sample-code/inverse_nn/input_250k /home/latansini/Desktop/trabalhoftf/carol-fi/sample-code/inverse_nn/output_falha.data
[INFO -- 2018-10-15 17:23:56]
initSignal:2
[INFO -- 2018-10-15 17:23:56]
endSignal:4
[INFO -- 2018-10-15 17:23:56]
faultModel:1
[INFO -- 2018-10-15 17:23:59]
Backtrace BEGIN:
#0  0x00007ffff701140b in __GI___strtoul_internal (nptr=nptr@entry=0x7fffffffccd0 "3", endptr=endptr@entry=0x7fffffffcf00, base=10, group=group@entry=0) at ../stdlib/strtol.c:97
#1  0x00007ffff7029f02 in _IO_vfscanf_internal (s=s@entry=0x608610, format=<optimized out>, argptr=argptr@entry=0x7fffffffd0d8, errp=errp@entry=0x0) at vfscanf.c:1827
#2  0x00007ffff7032162 in __isoc99_fscanf (stream=0x608610, format=<optimized out>) at isoc99_fscanf.c:34
#3  0x00007ffff7bcf187 in fann_create_from_fd () from /usr/local/lib/libfann.so.2
#4  0x00007ffff7bcf608 in fann_create_from_file () from /usr/local/lib/libfann.so.2
#5  0x000000000040199e in inversek2j(float, float, float*, float*) ()
#6  0x0000000000401631 in main ()

92	../stdlib/strtol.c: Arquivo ou diretório não encontrado.

Backtrace END
Fliping value of field: __value
Fliping value of field name: __wch
Memory content before bitflip:0x000x000x000x00
Fault Model: Double bit-flip
base address to flip value: 0x7fffffffcef4
address max offset: 4
Memory content after  bitflip:0x000x240x000x00
frame name: _IO_vfscanf_internal
symbol name: state
symbol filename: vfscanf.c
symbol line: 252
value: {__count = 0, __value = {__wch = 9216, __wchb = "\000$\000"}}
value address: 0x7fffffffcef0
Type: The type is a structure.
Type sizeof: 8
Field name: __count
Field Type: The type is an integer type.
Field Type sizeof: 4
Field name: __value
Field Type: The type is a union.
Field Type sizeof: 4

[INFO -- 2018-10-15 17:23:59]
Fault Injection Successful after 3.026735544204712s
[INFO -- 2018-10-15 17:24:06]
event type: exit
[INFO -- 2018-10-15 17:24:06]
exit code: 0
