[INFO -- 2018-10-12 05:02:05]
sending 5 signals using command: 'killall -2 fft_nn.out' after 21.8303091189s
[INFO -- 2018-10-12 05:02:05]
sending 5 signals using command: 'killall -2 fft_nn.out' after 22.4219823069s
[INFO -- 2018-10-12 05:02:07]
sending 5 signals using command: 'killall -2 fft_nn.out' after 23.6907150763s
[INFO -- 2018-10-12 05:02:07]
Starting GDB script
[INFO -- 2018-10-12 05:02:07]
initSignal:0.0
[INFO -- 2018-10-12 05:02:07]
endSignal:5.0
[INFO -- 2018-10-12 05:02:08]
sending 5 signals using command: 'killall -2 fft_nn.out' after 1.19283356167s
[INFO -- 2018-10-12 05:02:11]
sending 5 signals using command: 'killall -2 fft_nn.out' after 3.8944988569s
[INFO -- 2018-10-12 05:02:12]
sending 5 signals using command: 'killall -2 fft_nn.out' after 4.90830139885s
[INFO -- 2018-10-12 05:02:28]
Execution finished before waitTime
