[INFO -- 2018-10-11 18:47:57]
sending 5 signals using command: 'killall -2 fft_nn.out' after 23.2920110479s
[INFO -- 2018-10-11 18:47:59]
sending 5 signals using command: 'killall -2 fft_nn.out' after 24.7100741346s
[INFO -- 2018-10-11 18:47:59]
sending 5 signals using command: 'killall -2 fft_nn.out' after 24.8557260845s
[INFO -- 2018-10-11 18:47:59]
Starting GDB script
[INFO -- 2018-10-11 18:47:59]
initSignal:0.0
[INFO -- 2018-10-11 18:47:59]
endSignal:5.0
[INFO -- 2018-10-11 18:47:59]
sending 5 signals using command: 'killall -2 fft_nn.out' after 0.365044980156s
[INFO -- 2018-10-11 18:48:02]
sending 5 signals using command: 'killall -2 fft_nn.out' after 2.97833578326s
[INFO -- 2018-10-11 18:48:03]
sending 5 signals using command: 'killall -2 fft_nn.out' after 3.93389349848s
[INFO -- 2018-10-11 18:48:20]
Execution finished before waitTime
