[INFO -- 2018-12-04 01:36:02]
Starting flip_value script
version: 1.1
[INFO -- 2018-12-04 01:36:02]
Initialization strings:
[INFO -- 2018-12-04 01:36:02]
(1) file /home/latansini/carol-fi/carol-fi/codes/nnfulldup/nn-knl-files/nn
[INFO -- 2018-12-04 01:36:02]
(2) set args /home/latansini/carol-fi/carol-fi/codes/nnfulldup/nn-knl-files/filelist 20 5 5 /home/latansini/carol-fi/carol-fi/codes/nnfulldup/nn-knl-files/out20_5_5
[INFO -- 2018-12-04 01:36:02]
initSignal:0
[INFO -- 2018-12-04 01:36:02]
endSignal:2
[INFO -- 2018-12-04 01:36:02]
faultModel:2
[INFO -- 2018-12-04 01:36:03]
Backtrace BEGIN:
#0  0x00007ffff78d4e49 in ?? () from /usr/lib/x86_64-linux-gnu/libgomp.so.1
#1  0x00007ffff78d3ae9 in ?? () from /usr/lib/x86_64-linux-gnu/libgomp.so.1
#2  0x0000000000400f98 in nn_wrapper (filename=0x7fffffffe7d7 "/home/latansini/carol-fi/carol-fi/codes/nnfulldup/nn-knl-files/filelist", k=20, target_lat=5, target_long=5) at nn.c:97
#3  0x000000000040148d in main (argc=6, argv=0x7fffffffe568) at nn.c:195

168			fclose(logfile);
169		}
170	
171		if(file!= NULL){
172	    		fclose(file);
173		}
174	}
175	
176	int main(int argc, char* argv[]) {
177	    int    k=0;

Backtrace END
Memory content before bitflip:0xed0xe40x060x000x000x000x000x00
Fault Model: Random bit-flip
base address to flip value: 0x7fffffffe410
address max offset: 8
Memory content after  bitflip:0x990x200xe30xdf0xa90x0b0x9a0xfb
frame name: nn_wrapper
symbol name: rec_sum
symbol filename: nn.c
symbol line: 33
value: -316927999542615911
value address: 0x7fffffffe410
Type: The type is an integer type.
Type sizeof: 8

[INFO -- 2018-12-04 01:36:03]
Fault Injection Successful after 1.52392292023s
[INFO -- 2018-12-04 01:36:05]
event type: exit
[INFO -- 2018-12-04 01:36:05]
exit code: 0
