[INFO -- 2018-10-12 03:01:53]
Starting flip_value script
version: 1.1
[INFO -- 2018-10-12 03:01:53]
Initialization strings:
[INFO -- 2018-10-12 03:01:53]
(1) file /tmp/fft_nn/fft_nn.out
[INFO -- 2018-10-12 03:01:53]
(2) set args 32768 /tmp/fft_nn/output_falha.data
[INFO -- 2018-10-12 03:01:53]
initSignal:15
[INFO -- 2018-10-12 03:01:53]
endSignal:20
[INFO -- 2018-10-12 03:01:53]
faultModel:3
[INFO -- 2018-10-12 03:02:09]
Backtrace BEGIN:
#0  str_to_mpn (str=0x7fffffffd011 "32617e-01", str@entry=0x7fffffffd000 "2.99609392881393432617e-01", digcnt=6, digcnt@entry=21, n=n@entry=0x7fffffffcf20, nsize=nsize@entry=0x7fffffffcef0, exponent=exponent@entry=0x7fffffffcf00, decimal_len=decimal_len@entry=1, thousands=thousands@entry=0x0, decimal=<optimized out>) at strtod_l.c:399
#1  0x00007ffff7012c2b in __GI_____strtof_l_internal (nptr=<optimized out>, endptr=<optimized out>, group=<optimized out>, loc=<optimized out>) at strtod_l.c:1427
#2  0x00007ffff7011d60 in __GI___strtof_internal (nptr=<optimized out>, endptr=<optimized out>, group=<optimized out>) at strtod.c:54
#3  0x00007ffff702b948 in _IO_vfscanf_internal (s=s@entry=0x6062c0, format=<optimized out>, argptr=argptr@entry=0x7fffffffd408, errp=errp@entry=0x0) at vfscanf.c:2365
#4  0x00007ffff7032162 in __isoc99_fscanf (stream=0x6062c0, format=<optimized out>) at isoc99_fscanf.c:34
#5  0x00007ffff7bcf187 in fann_create_from_fd () from /usr/local/lib/libfann.so.2
#6  0x00007ffff7bcf608 in fann_create_from_file () from /usr/local/lib/libfann.so.2
#7  0x00000000004019b7 in radix2DitCooleyTykeyFft(int, int*, Complex*, Complex*) ()
#8  0x0000000000401631 in main ()

394	strtod_l.c: Arquivo ou diretório não encontrado.

Backtrace END
Fliping array at pos: 8
Memory content before bitflip:0x61
Fault Model: Zero bit-flip
base address to flip value: 0x7ffff715cc08  
address max offset: 1
Memory content after  bitflip:0x00
frame name: _IO_vfscanf_internal
symbol name: __PRETTY_FUNCTION__
symbol filename: vfscanf.c
symbol line: 0
value: "_IO_vfsc\000nf_internal"
value address: 0x7ffff715cc00 <__PRETTY_FUNCTION__.11925>
Type: The type is an array.
Type sizeof: 21
Field name: None
Field Type: A range type, that is, an integer type with bounds.
Field Type sizeof: 8
Field Type range: (0, 20)

[INFO -- 2018-10-12 03:02:09]
Fault Injection Successful after 16.208521127700806s
[INFO -- 2018-10-12 03:02:13]
event type: exit
[INFO -- 2018-10-12 03:02:13]
exit code: 0
