[INFO -- 2018-10-18 12:38:50]
Starting flip_value script
version: 1.1
[INFO -- 2018-10-18 12:38:50]
Initialization strings:
[INFO -- 2018-10-18 12:38:50]
(1) file /home/latansini/Desktop/trabalhoftf/carol-fi/sample-code/knn/nn-knl-files/nn
[INFO -- 2018-10-18 12:38:50]
(2) set args /home/latansini/Desktop/trabalhoftf/carol-fi/sample-code/knn/nn-knl-files/filelist 100 25 25 /home/latansini/Desktop/trabalhoftf/carol-fi/sample-code/knn/nn-knl-files/out100_25_25
[INFO -- 2018-10-18 12:38:50]
initSignal:5
[INFO -- 2018-10-18 12:38:50]
endSignal:7
[INFO -- 2018-10-18 12:38:50]
faultModel:2
[EXCEPTION -- 2018-10-18 12:38:55]
pythonException: invalid frame
[EXCEPTION -- 2018-10-18 12:38:55]
pythonException: invalid frame
[INFO -- 2018-10-18 12:38:55]
Backtrace BEGIN:
#0  0x00007ffff78bddf3 in ?? () from /usr/lib/x86_64-linux-gnu/libgomp.so.1
#1  0x00007ffff78bcaf9 in ?? () from /usr/lib/x86_64-linux-gnu/libgomp.so.1
#2  0x0000000000401198 in main (argc=6, argv=0x7fffffffd7e8) at nn.c:115

20	* This program finds the k-nearest neighbors
21	* Usage:	./nn <filelist> <num> <target latitude> <target longitude> <out filename>
22	*			filelist: File with the filenames to the records
23	*			num: Number of nearest neighbors to find
24	*			target lat: Latitude coordinate for distance calculations
25	*			target long: Longitude coordinate for distance calculations
26	* The filelist and data are generated by hurricane_gen.c
27	* REC_WINDOW has been arbitrarily assigned; A larger value would allow more work for the threads
28	*/
29	int main(int argc, char* argv[]) {

Backtrace END
Fliping array at pos: 421
Memory content before bitflip:0x33
Fault Model: Random bit-flip
base address to flip value: 0x7fffffffd695 
address max offset: 1
Memory content after  bitflip:0x9c
frame name: main
symbol name: sandbox
symbol filename: nn.c
symbol line: 32
value: "1961  2 20  0 18 WILLIAM    14.4 108.2  162  825\n1975  2 28  0  8 CHRIS      32.4 195.5  122   10\n1955  8 17  6 25 LESLIE     39.0 255.8   67  685\n1964  4  4  0 24 ISAAC      44.3  42.8   55  805\n2001"...
value address: 0x7fffffffd4f0
Type: The type is an array.
Type sizeof: 490
Field name: None
Field Type: A range type, that is, an integer type with bounds.
Field Type sizeof: 8
Field Type range: (0, 489)

[INFO -- 2018-10-18 12:38:55]
Fault Injection Successful after 5.7657599449157715s
[INFO -- 2018-10-18 12:39:02]
event type: exit
[INFO -- 2018-10-18 12:39:02]
exit code: 0
