[INFO -- 2018-12-03 07:25:02]
Starting flip_value script
version: 1.1
[INFO -- 2018-12-03 07:25:02]
Initialization strings:
[INFO -- 2018-12-03 07:25:02]
(1) file /home/latansini/carol-fi/carol-fi/codes/nnfulldup/nn-knl-files/nn
[INFO -- 2018-12-03 07:25:02]
(2) set args /home/latansini/carol-fi/carol-fi/codes/nnfulldup/nn-knl-files/filelist 20 5 5 /home/latansini/carol-fi/carol-fi/codes/nnfulldup/nn-knl-files/out20_5_5
[INFO -- 2018-12-03 07:25:02]
initSignal:0
[INFO -- 2018-12-03 07:25:02]
endSignal:2
[INFO -- 2018-12-03 07:25:02]
faultModel:1
[EXCEPTION -- 2018-12-03 07:25:03]
gdbException: Attempt to dereference a generic pointer.
[EXCEPTION -- 2018-12-03 07:25:04]
pythonException: invalid frame
[EXCEPTION -- 2018-12-03 07:25:04]
pythonException: invalid frame
[EXCEPTION -- 2018-12-03 07:25:04]
pythonException: invalid frame
[EXCEPTION -- 2018-12-03 07:25:04]
gdbException: A syntax error in expression, near `...'.
[EXCEPTION -- 2018-12-03 07:25:04]
pythonException: invalid frame
[EXCEPTION -- 2018-12-03 07:25:04]
pythonException: invalid frame
[EXCEPTION -- 2018-12-03 07:25:04]
pythonException: invalid frame
[EXCEPTION -- 2018-12-03 07:25:04]
pythonException: invalid frame
[EXCEPTION -- 2018-12-03 07:25:04]
pythonException: invalid frame
[EXCEPTION -- 2018-12-03 07:25:04]
pythonException: invalid frame
[EXCEPTION -- 2018-12-03 07:25:04]
pythonException: invalid frame
[INFO -- 2018-12-03 07:25:04]
Backtrace BEGIN:
#0  0x00007ffff78d4c9e in ?? () from /usr/lib/x86_64-linux-gnu/libgomp.so.1
#1  0x00007ffff78d26f0 in ?? () from /usr/lib/x86_64-linux-gnu/libgomp.so.1
#2  0x00007ffff76b0064 in start_thread (arg=0x7ffff42f6700) at pthread_create.c:309
#3  0x00007ffff73e562d in clone () at ../sysdeps/unix/sysv/linux/x86_64/clone.S:111

69	in dl-debug.c

Backtrace END
Fliping a bit of the pointer
Memory content before bitflip:0x680xe50xff0xff0xff0x7f0x000x00
Fault Model: Double bit-flip
base address to flip value: 0x7fffffffe440
address max offset: 8
Memory content after  bitflip:0x680xe50xff0xff0xff0x7f0x000x06
frame name: main
symbol name: argv
symbol filename: nn.c
symbol line: 176
value: 0x7fffffffe568
value address: 0x7fffffffe440
Type: The type is a pointer.
Type sizeof: 8

[INFO -- 2018-12-03 07:25:04]
Fault Injection Successful after 2.59967589378s
[INFO -- 2018-12-03 07:25:05]
event type: exit
[INFO -- 2018-12-03 07:25:05]
exit code: 0
