[INFO -- 2018-10-19 10:29:44]
Starting flip_value script
version: 1.1
[INFO -- 2018-10-19 10:29:44]
Initialization strings:
[INFO -- 2018-10-19 10:29:44]
(1) file /home/latansini/Desktop/trabalhoftf/carol-fi/sample-code/knn/nn-knl-files/nn
[INFO -- 2018-10-19 10:29:44]
(2) set args /home/latansini/Desktop/trabalhoftf/carol-fi/sample-code/knn/nn-knl-files/filelist 15 25 25 /home/latansini/Desktop/trabalhoftf/carol-fi/sample-code/knn/nn-knl-files/out15_25_25
[INFO -- 2018-10-19 10:29:44]
initSignal:4
[INFO -- 2018-10-19 10:29:44]
endSignal:5
[INFO -- 2018-10-19 10:29:44]
faultModel:4
[EXCEPTION -- 2018-10-19 10:29:48]
pythonException: invalid frame
[INFO -- 2018-10-19 10:29:48]
Backtrace BEGIN:
#0  0x00007ffff78bddf3 in ?? () from /usr/lib/x86_64-linux-gnu/libgomp.so.1
#1  0x00007ffff78bcaf9 in ?? () from /usr/lib/x86_64-linux-gnu/libgomp.so.1
#2  0x0000000000401198 in main (argc=6, argv=0x7fffffffd8b8) at nn.c:115

20	* This program finds the k-nearest neighbors
21	* Usage:	./nn <filelist> <num> <target latitude> <target longitude> <out filename>
22	*			filelist: File with the filenames to the records
23	*			num: Number of nearest neighbors to find
24	*			target lat: Latitude coordinate for distance calculations
25	*			target long: Longitude coordinate for distance calculations
26	* The filelist and data are generated by hurricane_gen.c
27	* REC_WINDOW has been arbitrarily assigned; A larger value would allow more work for the threads
28	*/
29	int main(int argc, char* argv[]) {

Backtrace END
Fliping a bit of the value pointed by a pointer
Memory content before bitflip:0xd10x530x230x42
Fault Model: LSB bit-flip
base address to flip value: 0x603880
address max offset: 4
Memory content after  bitflip:0xd10x530x230x43
frame name: main
symbol name: z
symbol filename: nn.c
symbol line: 80
value: 0x603880
value address: 0x7fffffffd538
Type: The type is a pointer.
Type sizeof: 8

[INFO -- 2018-10-19 10:29:48]
Fault Injection Successful after 4.113373517990112s
[INFO -- 2018-10-19 10:29:49]
event type: exit
[INFO -- 2018-10-19 10:29:49]
exit code: 0
