[INFO -- 2018-10-18 21:34:52]
Starting flip_value script
version: 1.1
[INFO -- 2018-10-18 21:34:52]
Initialization strings:
[INFO -- 2018-10-18 21:34:52]
(1) file /home/latansini/Desktop/trabalhoftf/carol-fi/sample-code/knn/nn-knl-files/nn
[INFO -- 2018-10-18 21:34:52]
(2) set args /home/latansini/Desktop/trabalhoftf/carol-fi/sample-code/knn/nn-knl-files/filelist 15 25 25 /home/latansini/Desktop/trabalhoftf/carol-fi/sample-code/knn/nn-knl-files/out15_25_25
[INFO -- 2018-10-18 21:34:52]
initSignal:4
[INFO -- 2018-10-18 21:34:52]
endSignal:5
[INFO -- 2018-10-18 21:34:52]
faultModel:4
[EXCEPTION -- 2018-10-18 21:34:56]
pythonException: invalid frame
[EXCEPTION -- 2018-10-18 21:34:56]
pythonException: invalid frame
[EXCEPTION -- 2018-10-18 21:34:56]
gdbException: A syntax error in expression, near `...'.
[EXCEPTION -- 2018-10-18 21:34:56]
pythonException: invalid frame
[INFO -- 2018-10-18 21:34:56]
Backtrace BEGIN:
#0  0x00007ffff78bddf3 in ?? () from /usr/lib/x86_64-linux-gnu/libgomp.so.1
#1  0x00007ffff78bcaf9 in ?? () from /usr/lib/x86_64-linux-gnu/libgomp.so.1
#2  0x0000000000401198 in main (argc=6, argv=0x7fffffffd8b8) at nn.c:115

30	    FILE   *flist,*fp;
31	    int    i=0,j=0, k=0, rec_count=0, done=0;
32	    char   sandbox[REC_LENGTH * REC_WINDOW], *rec_iter,*rec_iter2, dbname[64];
33	    struct neighbor *neighbors = NULL;
34	    float target_lat, target_long, tmp_lat=0, tmp_long=0;
35	    char * gold_filename;
36	    long rec_sum = 0;
37	
38	    if(argc < 6) {
39	        fprintf(stderr, "Invalid set of arguments:\n");

Backtrace END
Fliping array at pos: 357
Memory content before bitflip:0x20
Fault Model: LSB bit-flip
base address to flip value: 0x7fffffffd725 
address max offset: 1
Memory content after  bitflip:0x22
frame name: main
symbol name: sandbox
symbol filename: nn.c
symbol line: 32
value: "1965  5  8  0 27 PATTY      10.8  61.8  127  225\n1989  8  7 18 17 CHRIS      19.1 304.3  114  148\n1992 11  7 12 12 HELENE     62.7 344.3   20  878\n1961 10 23  6 15 HELENE     16.4 327.7  103  527\n1959"...
value address: 0x7fffffffd5c0
Type: The type is an array.
Type sizeof: 490
Field name: None
Field Type: A range type, that is, an integer type with bounds.
Field Type sizeof: 8
Field Type range: (0, 489)

[INFO -- 2018-10-18 21:34:56]
Fault Injection Successful after 4.22572660446167s
[INFO -- 2018-10-18 21:34:57]
event type: exit
[INFO -- 2018-10-18 21:34:57]
exit code: 0
