[INFO -- 2018-10-19 02:44:57]
Starting flip_value script
version: 1.1
[INFO -- 2018-10-19 02:44:57]
Initialization strings:
[INFO -- 2018-10-19 02:44:57]
(1) file /home/latansini/Desktop/trabalhoftf/carol-fi/sample-code/knn/nn-knl-files/nn
[INFO -- 2018-10-19 02:44:57]
(2) set args /home/latansini/Desktop/trabalhoftf/carol-fi/sample-code/knn/nn-knl-files/filelist 15 25 25 /home/latansini/Desktop/trabalhoftf/carol-fi/sample-code/knn/nn-knl-files/out15_25_25
[INFO -- 2018-10-19 02:44:57]
initSignal:2
[INFO -- 2018-10-19 02:44:57]
endSignal:3
[INFO -- 2018-10-19 02:44:57]
faultModel:2
[INFO -- 2018-10-19 02:44:59]
Backtrace BEGIN:
#0  0x00007ffff78bbf84 in ?? () from /usr/lib/x86_64-linux-gnu/libgomp.so.1
#1  0x0000000000401184 in main (argc=6, argv=0x7fffffffd8b8) at nn.c:115

20	* This program finds the k-nearest neighbors
21	* Usage:	./nn <filelist> <num> <target latitude> <target longitude> <out filename>
22	*			filelist: File with the filenames to the records
23	*			num: Number of nearest neighbors to find
24	*			target lat: Latitude coordinate for distance calculations
25	*			target long: Longitude coordinate for distance calculations
26	* The filelist and data are generated by hurricane_gen.c
27	* REC_WINDOW has been arbitrarily assigned; A larger value would allow more work for the threads
28	*/
29	int main(int argc, char* argv[]) {

Backtrace END
Fliping array at pos: 460
Memory content before bitflip:0x4e
Fault Model: Random bit-flip
base address to flip value: 0x7fffffffd78c 
address max offset: 1
Memory content after  bitflip:0xf3
frame name: main
symbol name: sandbox
symbol filename: nn.c
symbol line: 32
value: "2003  8 24 18 12 WILLIAM    69.6  44.7   48  651\n1960  6 13  0 27 ISAAC      36.7  35.9   48  730\n1969  9 12 12 26 NADINE     27.5  59.3   59  167\n1996 11  7  0 14 MICHAEL    27.2 295.3   45  831\n1960"...
value address: 0x7fffffffd5c0
Type: The type is an array.
Type sizeof: 490
Field name: None
Field Type: A range type, that is, an integer type with bounds.
Field Type sizeof: 8
Field Type range: (0, 489)

[INFO -- 2018-10-19 02:44:59]
Fault Injection Successful after 2.483243227005005s
[INFO -- 2018-10-19 02:45:02]
event type: exit
[INFO -- 2018-10-19 02:45:02]
exit code: 0
