[INFO -- 2018-12-09 17:25:29]
Starting flip_value script
version: 1.1
[INFO -- 2018-12-09 17:25:29]
Initialization strings:
[INFO -- 2018-12-09 17:25:29]
(1) file /home/melkor/ETAPA2/dup_nn/nn-knl-files/nn
[INFO -- 2018-12-09 17:25:29]
(2) set args /home/melkor/ETAPA2/dup_nn/nn-knl-files/filelist 20 5 5 /home/melkor/ETAPA2/dup_nn/nn-knl-files/out20_5_5
[INFO -- 2018-12-09 17:25:29]
initSignal:0
[INFO -- 2018-12-09 17:25:29]
endSignal:1
[INFO -- 2018-12-09 17:25:29]
faultModel:1
[EXCEPTION -- 2018-12-09 17:25:29]
pythonException: invalid frame
[EXCEPTION -- 2018-12-09 17:25:29]
pythonException: invalid frame
[EXCEPTION -- 2018-12-09 17:25:29]
pythonException: invalid frame
[INFO -- 2018-12-09 17:25:29]
Backtrace BEGIN:
#0  0x00007ffff78210d3 in ?? () from /usr/lib/x86_64-linux-gnu/libgomp.so.1
#1  0x00007ffff781fda9 in ?? () from /usr/lib/x86_64-linux-gnu/libgomp.so.1
#2  0x00005555555555ed in main (argc=6, argv=0x7fffffffded8) at nn.c:196

68	      fclose(logfile);
69	    }
70		
71		
72		if(file != NULL){	// isso aqui tava dando segfault
73			fclose(file);
74		}
75		
76	}
77	

Backtrace END
Fliping array at pos: 357
Memory content before bitflip:0x31
Fault Model: Double bit-flip
base address to flip value: 0x7fffffffdd55 
address max offset: 1
Memory content after  bitflip:0x75
frame name: main
symbol name: sandbox
symbol filename: nn.c
symbol line: 85
value: "1970  3  2  6 18 WILLIAM    20.7 288.1  128  787\n1993  6  8 18 22 PATTY      43.2 155.0   18  161\n2002  4 17 18 14 DEBBY      41.5 288.6  110  459\n1962  2  7  0 10 ISAAC      22.5  67.4   49   46\n1960"...
value address: 0x7fffffffdbf0
Type: The type is an array.
Type sizeof: 490
Field name: None
Field Type: A range type, that is, an integer type with bounds.
Field Type sizeof: 8
Field Type range: (0, 489)

[INFO -- 2018-12-09 17:25:29]
Fault Injection Successful after 0.5290098190307617s
[INFO -- 2018-12-09 17:25:30]
event type: exit
[INFO -- 2018-12-09 17:25:30]
exit code: 0
