[INFO -- 2018-10-06 09:58:19]
Starting flip_value script
version: 1.1
[INFO -- 2018-10-06 09:58:19]
Initialization strings:
[INFO -- 2018-10-06 09:58:19]
(1) file /tmp/fft_nn/fft_nn.out
[INFO -- 2018-10-06 09:58:19]
(2) set args 32768 /tmp/fft_nn/output_falha.data
[INFO -- 2018-10-06 09:58:19]
initSignal:5
[INFO -- 2018-10-06 09:58:19]
endSignal:10
[INFO -- 2018-10-06 09:58:19]
faultModel:1
[EXCEPTION -- 2018-10-06 09:58:25]
gdbException: Tentativo de desreferenciar um ponteiro genérico.
[INFO -- 2018-10-06 09:58:25]
Backtrace BEGIN:
#0  str_to_mpn (str=0x7fffffffd4d4 "60e-01", str@entry=0x7fffffffd4c0 "1.93684831261634826660e-01", digcnt=2, digcnt@entry=20, n=n@entry=0x7fffffffd3e0, nsize=nsize@entry=0x7fffffffd3b0, exponent=exponent@entry=0x7fffffffd3c0, decimal_len=decimal_len@entry=1, thousands=thousands@entry=0x0, decimal=<optimized out>) at strtod_l.c:399
#1  0x00007ffff7012c2b in __GI_____strtof_l_internal (nptr=<optimized out>, endptr=<optimized out>, group=<optimized out>, loc=<optimized out>) at strtod_l.c:1427
#2  0x00007ffff7011d60 in __GI___strtof_internal (nptr=<optimized out>, endptr=<optimized out>, group=<optimized out>) at strtod.c:54
#3  0x00007ffff702b948 in _IO_vfscanf_internal (s=s@entry=0x6062c0, format=<optimized out>, argptr=argptr@entry=0x7fffffffd8c8, errp=errp@entry=0x0) at vfscanf.c:2365
#4  0x00007ffff7032162 in __isoc99_fscanf (stream=0x6062c0, format=<optimized out>) at isoc99_fscanf.c:34
#5  0x00007ffff7bcf187 in fann_create_from_fd () from /usr/local/lib/libfann.so.2
#6  0x00007ffff7bcf608 in fann_create_from_file () from /usr/local/lib/libfann.so.2
#7  0x00000000004019b7 in radix2DitCooleyTykeyFft(int, int*, Complex*, Complex*) ()
#8  0x0000000000401631 in main ()

394	strtod_l.c: Arquivo ou diretório não encontrado.

Backtrace END
Fliping array at pos: 3
Memory content before bitflip:0x040x000x000x000x000x000x000x00
Fault Model: Double bit-flip
base address to flip value: 0x7fffffffd3f8
address max offset: 8
Memory content after  bitflip:0x040x000x000x000x000x000x000x28
frame name: __GI_____strtof_l_internal
symbol name: num
symbol filename: strtod_l.c
symbol line: 485
value: {7766279631452241920, 5, 68, 2882303761517117444, 18865251664, 6812, 6812, 6812, 188, 188}
value address: 0x7fffffffd3e0
Type: The type is an array.
Type sizeof: 80
Field name: None
Field Type: A range type, that is, an integer type with bounds.
Field Type sizeof: 8
Field Type range: (0, 9)

[INFO -- 2018-10-06 09:58:25]
Fault Injection Successful after 6.631522178649902s
[INFO -- 2018-10-06 09:58:38]
event type: exit
[INFO -- 2018-10-06 09:58:38]
exit code: 0
