[INFO -- 2018-11-30 18:55:04]
Starting flip_value script
version: 1.1
[INFO -- 2018-11-30 18:55:04]
Initialization strings:
[INFO -- 2018-11-30 18:55:04]
(1) file /home/lignati/carol-fi/codes/inversefulldup/inversek2j.nn.out
[INFO -- 2018-11-30 18:55:04]
(2) set args /home/lignati/carol-fi/codes/inversefulldup/input_250k /home/lignati/carol-fi/codes/inversefulldup/output_falha.data
[INFO -- 2018-11-30 18:55:04]
initSignal:0
[INFO -- 2018-11-30 18:55:04]
endSignal:25
[INFO -- 2018-11-30 18:55:04]
faultModel:0
[INFO -- 2018-11-30 18:55:04]
Backtrace BEGIN:
#0  __GI__dl_debug_state () at dl-debug.c:74
#1  0x00007ffff7dde483 in dl_main (phdr=<optimized out>, phdr@entry=0x400040, phnum=<optimized out>, phnum@entry=9, user_entry=user_entry@entry=0x7fffffffd5d8, auxv=<optimized out>) at rtld.c:2338
#2  0x00007ffff7df15f5 in _dl_sysdep_start (start_argptr=start_argptr@entry=0x7fffffffd6c0, dl_main=dl_main@entry=0x7ffff7ddc260 <dl_main>) at ../elf/dl-sysdep.c:249
#3  0x00007ffff7ddbbb8 in _dl_start_final (arg=0x7fffffffd6c0) at rtld.c:347
#4  _dl_start (arg=0x7fffffffd6c0) at rtld.c:573
#5  0x00007ffff7ddb268 in _start () from /lib64/ld-linux-x86-64.so.2
#6  0x0000000000000003 in ?? ()
#7  0x00007fffffffdad2 in ?? ()
#8  0x00007fffffffdb10 in ?? ()
#9  0x00007fffffffdb47 in ?? ()
#10 0x0000000000000000 in ?? ()

69	dl-debug.c: No such file or directory.

Backtrace END
Fliping value of field: r_brk
Memory content before bitflip:0x100xaa0xde0xf70xff0x7f0x000x00
Fault Model: Single bit-flip
base address to flip value: 0x7ffff7ffe1b0 
address max offset: 8
Memory content after  bitflip:0x100xaa0xce0xf70xff0x7f0x000x00
frame name: __GI__dl_debug_state
symbol name: _r_debug
symbol filename: dl-debug.c
symbol line: 37
value: {r_version = 1, r_map = 0x7ffff7ffe1c8, r_brk = 140737350904336, r_state = RT_CONSISTENT, r_ldbase = 140737351884800}
value address: 0x7ffff7ffe1a0 <_r_debug>
Type: The type is a structure.
Type sizeof: 40
Field name: r_version
Field Type: The type is an integer type.
Field Type sizeof: 4
Field name: r_map
Field Type: The type is a pointer.
Field Type sizeof: 8
Field name: r_brk
Field Type: The type is an integer type.
Field Type sizeof: 8
Field name: r_state
Field Type: The type is an enum.
Field Type sizeof: 4
Field name: r_ldbase
Field Type: The type is an integer type.
Field Type sizeof: 8

[INFO -- 2018-11-30 18:55:04]
Fault Injection Successful after 0.36446642875671387s
[INFO -- 2018-11-30 18:55:29]
event type: exit
[INFO -- 2018-11-30 18:55:29]
exit code: 0
