[INFO -- 2018-10-19 07:25:03]
Starting flip_value script
version: 1.1
[INFO -- 2018-10-19 07:25:03]
Initialization strings:
[INFO -- 2018-10-19 07:25:03]
(1) file /home/latansini/Desktop/trabalhoftf/carol-fi/sample-code/knn/nn-knl-files/nn
[INFO -- 2018-10-19 07:25:03]
(2) set args /home/latansini/Desktop/trabalhoftf/carol-fi/sample-code/knn/nn-knl-files/filelist 15 25 25 /home/latansini/Desktop/trabalhoftf/carol-fi/sample-code/knn/nn-knl-files/out15_25_25
[INFO -- 2018-10-19 07:25:03]
initSignal:2
[INFO -- 2018-10-19 07:25:03]
endSignal:3
[INFO -- 2018-10-19 07:25:03]
faultModel:2
[EXCEPTION -- 2018-10-19 07:25:05]
pythonException: invalid frame
[EXCEPTION -- 2018-10-19 07:25:05]
pythonException: invalid frame
[EXCEPTION -- 2018-10-19 07:25:05]
pythonException: invalid frame
[INFO -- 2018-10-19 07:25:05]
Backtrace BEGIN:
#0  __memcpy_sse2 () at ../sysdeps/x86_64/multiarch/../memcpy.S:197
#1  0x00007ffff7337323 in __GI__IO_file_xsgetn (fp=0x603640, data=<optimized out>, n=490) at fileops.c:1387
#2  0x00007ffff732c86f in __GI__IO_fread (buf=<optimized out>, size=49, count=10, fp=0x603640) at iofread.c:42
#3  0x0000000000401027 in main (argc=6, argv=0x7fffffffd8b8) at nn.c:85

192	../sysdeps/x86_64/multiarch/../memcpy.S: Arquivo ou diretório não encontrado.

Backtrace END
Memory content before bitflip:0x000x000xc80x41
Fault Model: Random bit-flip
base address to flip value: 0x7fffffffd508
address max offset: 4
Memory content after  bitflip:0xc50x3f0xae0x49
frame name: main
symbol name: target_lat
symbol filename: nn.c
symbol line: 34
value: 1427448,62
value address: 0x7fffffffd508
Type: A floating point type.
Type sizeof: 4

[INFO -- 2018-10-19 07:25:05]
Fault Injection Successful after 2.114457607269287s
[INFO -- 2018-10-19 07:25:08]
event type: exit
[INFO -- 2018-10-19 07:25:08]
exit code: 0
