[INFO -- 2018-10-08 16:39:17]
Starting flip_value script
version: 1.1
[INFO -- 2018-10-08 16:39:17]
Initialization strings:
[INFO -- 2018-10-08 16:39:17]
(1) file /tmp/fft_nn/fft_nn.out
[INFO -- 2018-10-08 16:39:17]
(2) set args 32768 /tmp/fft_nn/output_falha.data
[INFO -- 2018-10-08 16:39:17]
initSignal:10
[INFO -- 2018-10-08 16:39:17]
endSignal:15
[INFO -- 2018-10-08 16:39:17]
faultModel:2
[INFO -- 2018-10-08 16:39:28]
Backtrace BEGIN:
#0  _IO_vfscanf_internal (s=s@entry=0x6062c0, format=<optimized out>, argptr=argptr@entry=0x7fffffffd408, errp=errp@entry=0x0) at vfscanf.c:2119
#1  0x00007ffff7032162 in __isoc99_fscanf (stream=0x6062c0, format=<optimized out>) at isoc99_fscanf.c:34
#2  0x00007ffff7bceae9 in fann_create_from_fd () from /usr/local/lib/libfann.so.2
#3  0x00007ffff7bcf608 in fann_create_from_file () from /usr/local/lib/libfann.so.2
#4  0x00000000004019b7 in radix2DitCooleyTykeyFft(int, int*, Complex*, Complex*) ()
#5  0x0000000000401631 in main ()

2114	vfscanf.c: Arquivo ou diretório não encontrado.

Backtrace END
Memory content before bitflip:0x65
Fault Model: Random bit-flip
base address to flip value: 0x7fffffffd160 
address max offset: 1
Memory content after  bitflip:0xbf
frame name: _IO_vfscanf_internal
symbol name: not_in
symbol filename: vfscanf.c
symbol line: 234
value: -65 '\277'
value address: 0x7fffffffd160 "\277\327\377\377\377\177"
Type: The type is an integer type.
Type sizeof: 1

[INFO -- 2018-10-08 16:39:28]
Fault Injection Successful after 11.818696022033691s
[INFO -- 2018-10-08 16:39:38]
event type: exit
[INFO -- 2018-10-08 16:39:38]
exit code: 0
