[INFO -- 2018-12-02 05:35:11]
Starting flip_value script
version: 1.1
[INFO -- 2018-12-02 05:35:11]
Initialization strings:
[INFO -- 2018-12-02 05:35:11]
(1) file /home/latansini/Desktop/CAROL-FI/etapa2/carol-fi/codes/fftfulldup/fft_nn.out
[INFO -- 2018-12-02 05:35:11]
(2) set args 32768 /home/latansini/Desktop/CAROL-FI/etapa2/carol-fi/codes/fftfulldup/output.data
[INFO -- 2018-12-02 05:35:11]
initSignal:0
[INFO -- 2018-12-02 05:35:11]
endSignal:40
[INFO -- 2018-12-02 05:35:11]
faultModel:1
[INFO -- 2018-12-02 05:35:45]
Backtrace BEGIN:
#0  0x00007ffff6fac871 in _IO_vfscanf_internal (s=s@entry=0x618f00, format=<optimized out>, argptr=argptr@entry=0x7fffffffd2a8, errp=errp@entry=0x0) at vfscanf.c:2115
#1  0x00007ffff6fb5162 in __isoc99_fscanf (stream=0x618f00, format=<optimized out>) at isoc99_fscanf.c:34
#2  0x00007ffff7bcf187 in fann_create_from_fd () from /usr/local/lib/libfann.so.2
#3  0x00007ffff7bcf608 in fann_create_from_file () from /usr/local/lib/libfann.so.2
#4  0x0000000000401de7 in radix2DitCooleyTykeyFft(int, int*, Complex*, Complex*) ()
#5  0x0000000000401879 in main ()

2110	vfscanf.c: Arquivo ou diretório não encontrado.

Backtrace END
Fliping a bit of the pointer
Memory content before bitflip:0xa10xce0xff0xff0xff0x7f0x000x00
Fault Model: Double bit-flip
base address to flip value: 0x7fffffffd0d0
address max offset: 8
Memory content after  bitflip:0xa10xce0xff0xff0xff0x7f0x300x00
frame name: _IO_vfscanf_internal
symbol name: tw
symbol filename: vfscanf.c
symbol line: 271
value: 0x7fffffffcea1 ".86917537714385986328e-02"
value address: 0x7fffffffd0d0
Type: The type is a pointer.
Type sizeof: 8

[INFO -- 2018-12-02 05:35:45]
Fault Injection Successful after 34.09053039550781s
[INFO -- 2018-12-02 05:35:50]
event type: exit
[INFO -- 2018-12-02 05:35:50]
exit code: 0
