[INFO -- 2018-10-10 10:29:23]
Starting flip_value script
version: 1.1
[INFO -- 2018-10-10 10:29:23]
Initialization strings:
[INFO -- 2018-10-10 10:29:23]
(1) file /tmp/fft_nn/fft_nn.out
[INFO -- 2018-10-10 10:29:23]
(2) set args 32768 /tmp/fft_nn/output_falha.data
[INFO -- 2018-10-10 10:29:23]
initSignal:5
[INFO -- 2018-10-10 10:29:23]
endSignal:10
[INFO -- 2018-10-10 10:29:23]
faultModel:1
[INFO -- 2018-10-10 10:29:29]
Backtrace BEGIN:
#0  0x00007ffff70291e7 in _IO_vfscanf_internal (s=s@entry=0x6062c0, format=<optimized out>, argptr=argptr@entry=0x7fffffffd408, errp=errp@entry=0x0) at vfscanf.c:1729
#1  0x00007ffff7032162 in __isoc99_fscanf (stream=0x6062c0, format=<optimized out>) at isoc99_fscanf.c:34
#2  0x00007ffff7bcf0eb in fann_create_from_fd () from /usr/local/lib/libfann.so.2
#3  0x00007ffff7bcf608 in fann_create_from_file () from /usr/local/lib/libfann.so.2
#4  0x00000000004019b7 in radix2DitCooleyTykeyFft(int, int*, Complex*, Complex*) ()
#5  0x0000000000401631 in main ()

1724	vfscanf.c: Arquivo ou diretório não encontrado.

Backtrace END
Memory content before bitflip:0x000x000x000x00
Fault Model: Double bit-flip
base address to flip value: 0x7fffffffd1d0
address max offset: 4
Memory content after  bitflip:0x000x090x000x00
frame name: _IO_vfscanf_internal
symbol name: flags
symbol filename: vfscanf.c
symbol line: 222
value: 2304
value address: 0x7fffffffd1d0
Type: The type is an integer type.
Type sizeof: 4

[INFO -- 2018-10-10 10:29:29]
Fault Injection Successful after 6.061583518981934s
[INFO -- 2018-10-10 10:29:44]
event type: exit
[INFO -- 2018-10-10 10:29:44]
exit code: 0
