[INFO -- 2018-10-10 16:48:57]
Starting flip_value script
version: 1.1
[INFO -- 2018-10-10 16:48:57]
Initialization strings:
[INFO -- 2018-10-10 16:48:57]
(1) file /tmp/fft_nn/fft_nn.out
[INFO -- 2018-10-10 16:48:57]
(2) set args 32768 /tmp/fft_nn/output_falha.data
[INFO -- 2018-10-10 16:48:57]
initSignal:15
[INFO -- 2018-10-10 16:48:57]
endSignal:20
[INFO -- 2018-10-10 16:48:57]
faultModel:3
[INFO -- 2018-10-10 16:49:13]
Backtrace BEGIN:
#0  __memcpy_sse2 () at ../sysdeps/x86_64/multiarch/../memcpy.S:104
#1  0x00007ffff70143de in __GI_____strtof_l_internal (nptr=<optimized out>, endptr=<optimized out>, group=<optimized out>, loc=<optimized out>) at strtod_l.c:1424
#2  0x00007ffff7011d60 in __GI___strtof_internal (nptr=<optimized out>, endptr=<optimized out>, group=<optimized out>) at strtod.c:54
#3  0x00007ffff702b948 in _IO_vfscanf_internal (s=s@entry=0x6062c0, format=<optimized out>, argptr=argptr@entry=0x7fffffffd408, errp=errp@entry=0x0) at vfscanf.c:2365
#4  0x00007ffff7032162 in __isoc99_fscanf (stream=0x6062c0, format=<optimized out>) at isoc99_fscanf.c:34
#5  0x00007ffff7bcf187 in fann_create_from_fd () from /usr/local/lib/libfann.so.2
#6  0x00007ffff7bcf608 in fann_create_from_file () from /usr/local/lib/libfann.so.2
#7  0x00000000004019b7 in radix2DitCooleyTykeyFft(int, int*, Complex*, Complex*) ()
#8  0x0000000000401631 in main ()

99	../sysdeps/x86_64/multiarch/../memcpy.S: Arquivo ou diretório não encontrado.

Backtrace END
Fliping a bit of the value pointed by a pointer
Memory content before bitflip:0x2e
Fault Model: Zero bit-flip
base address to flip value: 0x7fffffffd001 
address max offset: 1
Memory content after  bitflip:0x00
frame name: __GI_____strtof_l_internal
symbol name: startp
symbol filename: strtod_l.c
symbol line: 504
value: 0x7fffffffd001 ""
value address: 0x7fffffffcea8
Type: The type is a pointer.
Type sizeof: 8

[INFO -- 2018-10-10 16:49:13]
Fault Injection Successful after 16.541847944259644s
[INFO -- 2018-10-10 16:49:16]
event type: exit
[INFO -- 2018-10-10 16:49:16]
exit code: 0
