[INFO -- 2018-12-01 05:21:55]
Starting flip_value script
version: 1.1
[INFO -- 2018-12-01 05:21:55]
Initialization strings:
[INFO -- 2018-12-01 05:21:55]
(1) file /home/lignati/carol-fi/codes/inversefulldup/inversek2j.nn.out
[INFO -- 2018-12-01 05:21:55]
(2) set args /home/lignati/carol-fi/codes/inversefulldup/input_250k /home/lignati/carol-fi/codes/inversefulldup/output_falha.data
[INFO -- 2018-12-01 05:21:55]
initSignal:0
[INFO -- 2018-12-01 05:21:55]
endSignal:25
[INFO -- 2018-12-01 05:21:55]
faultModel:2
[EXCEPTION -- 2018-12-01 05:21:58]
gdbException: No symbol "None" in current context.
[INFO -- 2018-12-01 05:21:58]
Backtrace BEGIN:
#0  str_to_mpn (str=str@entry=0x7fffffffcb31 ".100000", digcnt=digcnt@entry=1, n=n@entry=0x7fffffffca50, nsize=nsize@entry=0x7fffffffca20, exponent=exponent@entry=0x7fffffffca30, decimal_len=decimal_len@entry=1, thousands=thousands@entry=0x0, decimal=<optimized out>) at strtod_l.c:388
#1  0x00007ffff7013c2b in __GI_____strtof_l_internal (nptr=<optimized out>, endptr=<optimized out>, group=<optimized out>, loc=<optimized out>) at strtod_l.c:1427
#2  0x00007ffff7012d60 in __GI___strtof_internal (nptr=<optimized out>, endptr=<optimized out>, group=<optimized out>) at strtod.c:54
#3  0x00007ffff702c948 in _IO_vfscanf_internal (s=s@entry=0x6085c0, format=<optimized out>, argptr=argptr@entry=0x7fffffffcf38, errp=errp@entry=0x0) at vfscanf.c:2365
#4  0x00007ffff7033162 in __isoc99_fscanf (stream=0x6085c0, format=<optimized out>) at isoc99_fscanf.c:34
#5  0x00007ffff7bc944f in fann_create_from_fd () from /usr/local/lib/libfann.so.2
#6  0x00007ffff7bc8073 in fann_create_from_file () from /usr/local/lib/libfann.so.2
#7  0x0000000000402061 in inversek2j(float, float, float*, float*) ()
#8  0x000000000040179a in main ()

383	in strtod_l.c

Backtrace END
Memory content before bitflip:0x000x000x000x00
Fault Model: Random bit-flip
base address to flip value: 0x7fffffffc9b0
address max offset: 4
Memory content after  bitflip:0x690xb80x330x55
frame name: __GI_____strtof_l_internal
symbol name: negative
symbol filename: strtod_l.c
symbol line: 484
value: 1429452905
value address: 0x7fffffffc9b0
Type: The type is an integer type.
Type sizeof: 4

[INFO -- 2018-12-01 05:21:58]
Fault Injection Successful after 3.651329517364502s
[INFO -- 2018-12-01 05:22:20]
event type: exit
[INFO -- 2018-12-01 05:22:20]
exit code: 0
