[INFO -- 2018-10-18 20:49:58]
Starting flip_value script
version: 1.1
[INFO -- 2018-10-18 20:49:58]
Initialization strings:
[INFO -- 2018-10-18 20:49:58]
(1) file /home/latansini/Desktop/trabalhoftf/carol-fi/sample-code/knn/nn-knl-files/nn
[INFO -- 2018-10-18 20:49:58]
(2) set args /home/latansini/Desktop/trabalhoftf/carol-fi/sample-code/knn/nn-knl-files/filelist 15 25 25 /home/latansini/Desktop/trabalhoftf/carol-fi/sample-code/knn/nn-knl-files/out15_25_25
[INFO -- 2018-10-18 20:49:58]
initSignal:3
[INFO -- 2018-10-18 20:49:58]
endSignal:4
[INFO -- 2018-10-18 20:49:58]
faultModel:3
[EXCEPTION -- 2018-10-18 20:50:01]
pythonException: invalid frame
[EXCEPTION -- 2018-10-18 20:50:01]
pythonException: invalid frame
[EXCEPTION -- 2018-10-18 20:50:01]
pythonException: invalid frame
[INFO -- 2018-10-18 20:50:01]
Backtrace BEGIN:
#0  __mpn_lshift () at ../sysdeps/x86_64/lshift.S:59
#1  0x00007ffff72ffab8 in __GI_____strtod_l_internal (nptr=<optimized out>, endptr=<optimized out>, group=<optimized out>, loc=<optimized out>) at strtod_l.c:1450
#2  0x000000000040150f in main._omp_fn.0 () at nn.c:118
#3  0x0000000000401193 in main (argc=6, argv=0x7fffffffd8b8) at nn.c:115

54	../sysdeps/x86_64/lshift.S: Arquivo ou diretório não encontrado.

Backtrace END
Fliping array at pos: 466
Memory content before bitflip:0x20
Fault Model: Zero bit-flip
base address to flip value: 0x7fffffffd792 
address max offset: 1
Memory content after  bitflip:0x00
frame name: main
symbol name: sandbox
symbol filename: nn.c
symbol line: 32
value: "1977  9  3  0 10 HELENE     61.9 308.2   98  887\n1971  5  6  6  1 MICHAEL    45.0 247.9   37  687\n1956  5 14 12 20 NADINE     15.3 149.1   70  171\n1954 12  8  0  2 RAFAEL     22.4  17.4  114  432\n1993"...
value address: 0x7fffffffd5c0
Type: The type is an array.
Type sizeof: 490
Field name: None
Field Type: A range type, that is, an integer type with bounds.
Field Type sizeof: 8
Field Type range: (0, 489)

[INFO -- 2018-10-18 20:50:01]
Fault Injection Successful after 3.3259828090667725s
[INFO -- 2018-10-18 20:50:03]
event type: exit
[INFO -- 2018-10-18 20:50:03]
exit code: 0
